2025-08-21 00:32:20,432 - INFO - [scripts.adrule.logic.url_checker] - URL 유효성 검증 성공: https://www.law.go.kr/admRulAstSc.do?menuId=391&subMenuId=397&tabMenuId=441&cptOfiCd=1492000
2025-08-21 00:32:20,920 - INFO - [scripts.adrule.logic.list_scraper] - 목록 페이지로 이동 중: https://www.law.go.kr/admRulAstSc.do?menuId=391&subMenuId=397&tabMenuId=441&cptOfiCd=1492000
2025-08-21 00:32:22,454 - INFO - [scripts.adrule.logic.list_scraper] - 총 9 페이지를 확인했습니다.
2025-08-21 00:32:22,454 - INFO - [scripts.adrule.logic.list_scraper] - 사용자 설정에 따라 최대 1 페이지만 크롤링합니다.
2025-08-21 00:32:22,454 - INFO - [scripts.adrule.logic.list_scraper] - --- 1 / 1 페이지 처리 중 ---
2025-08-21 00:32:22,492 - INFO - [scripts.adrule.logic.list_scraper] -   - 발견:  2025년도 건설업 월평균보수
2025-08-21 00:32:22,496 - INFO - [scripts.adrule.logic.list_scraper] -   - 발견:  2025년도 사업종류별 산재보험료율
2025-08-21 00:32:22,499 - INFO - [scripts.adrule.logic.list_scraper] -   - 발견:  2025년 적용 최저임금 고시
2025-08-21 00:32:22,504 - INFO - [scripts.adrule.logic.list_scraper] -   - 발견:  2026년 적용 최저임금 고시
2025-08-21 00:32:22,508 - INFO - [scripts.adrule.logic.list_scraper] -   - 발견:  2026년 적용 최저임금안 고시
2025-08-21 00:32:22,512 - INFO - [scripts.adrule.logic.list_scraper] -   - 발견:  가사근로자 사회보험료 지원에 관한 고시
2025-08-21 00:32:22,516 - INFO - [scripts.adrule.logic.list_scraper] -   - 발견:  가설공사 표준안전 작업지침
2025-08-21 00:32:22,519 - INFO - [scripts.adrule.logic.list_scraper] -   - 발견:  가스누출감지경보기 설치에 관한 기술상의 지침
2025-08-21 00:32:22,522 - INFO - [scripts.adrule.logic.list_scraper] -   - 발견:  감전재해 예방을 위한 기술상의 지침
2025-08-21 00:32:22,527 - INFO - [scripts.adrule.logic.list_scraper] -   - 발견:  개별연장급여 수급요건 중 학업 중인 사람에 대한 고시
2025-08-21 00:32:22,531 - INFO - [scripts.adrule.logic.list_scraper] -   - 발견:  개별연장급여 지급을 위한 임금 및 재산기준 고시
2025-08-21 00:32:22,534 - INFO - [scripts.adrule.logic.list_scraper] -   - 발견:  개인형퇴직연금제도로의 이전 예외사유 해당금액 고시
2025-08-21 00:32:22,538 - INFO - [scripts.adrule.logic.list_scraper] -   - 발견:  건설공사 안전보건대장의 작성 등에 관한 고시
2025-08-21 00:32:22,541 - INFO - [scripts.adrule.logic.list_scraper] -   - 발견:  건설공사의 노무비율
2025-08-21 00:32:22,544 - INFO - [scripts.adrule.logic.list_scraper] -   - 발견:  건설근로자고용개선전문위원회 운영규정
2025-08-21 00:32:22,548 - INFO - [scripts.adrule.logic.list_scraper] -   - 발견:  건설업 산업안전보건관리비 계상 및 사용기준
2025-08-21 00:32:22,552 - INFO - [scripts.adrule.logic.list_scraper] -   - 발견:  건설업에서 근로자 수 확인이 곤란한 장애인 고용의무 사업주의 공사실적액
2025-08-21 00:32:22,557 - INFO - [scripts.adrule.logic.list_scraper] -   - 발견:  건설업 유해·위험방지계획서 중 지도사가 평가·확인 할 수 있는 대상 건설공사의 범위 및 지도사의 요건
2025-08-21 00:32:22,561 - INFO - [scripts.adrule.logic.list_scraper] -   - 발견:  건설업자가 아닌 자가 시공하는 건설공사의 총공사금액 산정방법에 관한 규정
2025-08-21 00:32:22,564 - INFO - [scripts.adrule.logic.list_scraper] -   - 발견:  건설업체의 산업재해예방활동 실적 평가기준
2025-08-21 00:32:22,567 - INFO - [scripts.adrule.logic.list_scraper] -   - 발견:  고기압 작업에 관한 기준
2025-08-21 00:32:22,571 - INFO - [scripts.adrule.logic.list_scraper] -   - 발견:  고 김용균 사망사고 진상규명과 재발방지를 위한 석탄화력발전소 특별노동안전조사위원회 설치 및 운영에 관한 규정
2025-08-21 00:32:22,574 - INFO - [scripts.adrule.logic.list_scraper] -   - 발견:  고령자 고용안정지원금 지급 규정
2025-08-21 00:32:22,578 - INFO - [scripts.adrule.logic.list_scraper] -   - 발견:  고령자고용연장지원금액 등
2025-08-21 00:32:22,583 - INFO - [scripts.adrule.logic.list_scraper] -   - 발견:  고령자인재은행 및 중견전문인력 고용지원센터 운영규정
2025-08-21 00:32:22,586 - INFO - [scripts.adrule.logic.list_scraper] -   - 발견:  고용노동관계법 위반자에 대한 과태료 부과·징수 업무에 관한 예규
2025-08-21 00:32:22,589 - INFO - [scripts.adrule.logic.list_scraper] -   - 발견:  고용노동관 업무처리지침
2025-08-21 00:32:22,592 - INFO - [scripts.adrule.logic.list_scraper] -   - 발견:  고용노동부 2030 자문단 설치 및 운영에 관한 규정
2025-08-21 00:32:22,602 - INFO - [scripts.adrule.logic.list_scraper] -   - 발견:  고용노동부 갈등관리 운영규정
2025-08-21 00:32:22,606 - INFO - [scripts.adrule.logic.list_scraper] -   - 발견:  고용노동부 감사규정
2025-08-21 00:32:22,609 - INFO - [scripts.adrule.logic.list_scraper] -   - 발견:  고용노동부 개인정보 보호지침
2025-08-21 00:32:22,613 - INFO - [scripts.adrule.logic.list_scraper] -   - 발견:  고용노동부고객상담센터 기본운영규정
2025-08-21 00:32:22,617 - INFO - [scripts.adrule.logic.list_scraper] -   - 발견:  고용노동부고객상담센터 위임전결규정
2025-08-21 00:32:22,621 - INFO - [scripts.adrule.logic.list_scraper] -   - 발견:  고용노동부 고객지원실 운영규정
2025-08-21 00:32:22,624 - INFO - [scripts.adrule.logic.list_scraper] -   - 발견:  고용노동부 고용장려금 운영에 관한 규정
2025-08-21 00:32:22,629 - INFO - [scripts.adrule.logic.list_scraper] -   - 발견:  고용노동부 공무원의 국제기구 파견에 관한 지침
2025-08-21 00:32:22,632 - INFO - [scripts.adrule.logic.list_scraper] -   - 발견:  고용노동부 공무원 정원배정표
2025-08-21 00:32:22,637 - INFO - [scripts.adrule.logic.list_scraper] -   - 발견:  고용노동부 공무원 행동강령
2025-08-21 00:32:22,640 - INFO - [scripts.adrule.logic.list_scraper] -   - 발견:  고용노동부 공무직근로자 운영규정
2025-08-21 00:32:22,644 - INFO - [scripts.adrule.logic.list_scraper] -   - 발견:  고용노동부 공사감독 업무규정
2025-08-21 00:32:22,651 - INFO - [scripts.adrule.logic.list_scraper] -   - 발견:  고용노동부 공직자의 이해충돌 방지제도 운영지침
2025-08-21 00:32:22,654 - INFO - [scripts.adrule.logic.list_scraper] -   - 발견:  고용노동부 관사의 운영 및 관리규정
2025-08-21 00:32:22,658 - INFO - [scripts.adrule.logic.list_scraper] -   - 발견:  고용노동부 국가정보자료관리세부시행규칙
2025-08-21 00:32:22,664 - INFO - [scripts.adrule.logic.list_scraper] -   - 발견:  고용노동부 국제고용노동정책에 관한 규정
2025-08-21 00:32:22,668 - INFO - [scripts.adrule.logic.list_scraper] -   - 발견:  고용노동부 규제심사위원회 운영규정
2025-08-21 00:32:22,672 - INFO - [scripts.adrule.logic.list_scraper] -   - 발견:  고용노동부 기간제근로자 운영규정
2025-08-21 00:32:22,693 - INFO - [__main__] - 총 46개의 URL을 './bin/../data/raw/adrule/1492000/urls.jsonl' 파일에 저장했습니다.
2025-08-21 00:32:22,880 - INFO - [__main__] - 상세 페이지 스크레이퍼 실행: https://www.law.go.kr/admRulInfoP.do?admRulSeq=2100000252102
2025-08-21 00:32:23,228 - INFO - [scripts.adrule.logic.scraper] - 페이지로 이동 중: https://www.law.go.kr/admRulInfoP.do?admRulSeq=2100000252102
2025-08-21 00:32:24,676 - INFO - [scripts.adrule.logic.scraper] - 로딩 마스크가 나타나기를 기다리는 중...
2025-08-21 00:32:24,693 - INFO - [scripts.adrule.logic.scraper] - 로딩 마스크가 사라지기를 기다리는 중...
2025-08-21 00:32:24,877 - INFO - [scripts.adrule.logic.scraper] - 페이지 최종 렌더링을 잠시 대기합니다...
2025-08-21 00:32:25,881 - INFO - [scripts.adrule.logic.scraper] - 페이지 HTML 컨텐츠를 가져오는 중...
2025-08-21 00:32:25,896 - INFO - [scripts.adrule.logic.scraper] - 데이터 파싱 중...
2025-08-21 00:32:25,926 - WARNING - [scripts.adrule.logic.scraper] - URL에서 문서 ID(lsiSeq, lsId)를 찾을 수 없습니다. 제목 기반으로 ID를 생성합니다. URL: https://www.law.go.kr/admRulInfoP.do?admRulSeq=2100000252102
2025-08-21 00:32:25,929 - INFO - [scripts.adrule.logic.scraper] - '/Users/woong/Roeum/roeum-crawler/data/raw/adrul/1492000' 폴더를 생성했습니다.
2025-08-21 00:32:25,930 - INFO - [scripts.adrule.logic.scraper] - 데이터 1건을 '/Users/woong/Roeum/roeum-crawler/data/raw/adrul/1492000/2025년도 건설업 월평균보수_document.jsonl' 파일로 성공적으로 저장했습니다.
2025-08-21 00:32:25,930 - WARNING - [scripts.adrule.logic.scraper] - 페이지에서 청크(조문) 데이터를 찾지 못했습니다.
2025-08-21 00:32:25,954 - INFO - [__main__] - 상세 페이지 스크레이퍼 완료: 2025년도 건설업 월평균보수
2025-08-21 00:32:27,174 - INFO - [__main__] - 상세 페이지 스크레이퍼 실행: https://www.law.go.kr/admRulInfoP.do?admRulSeq=2100000251996
2025-08-21 00:32:27,529 - INFO - [scripts.adrule.logic.scraper] - 페이지로 이동 중: https://www.law.go.kr/admRulInfoP.do?admRulSeq=2100000251996
2025-08-21 00:32:28,140 - INFO - [scripts.adrule.logic.scraper] - 로딩 마스크가 나타나기를 기다리는 중...
2025-08-21 00:32:28,158 - INFO - [scripts.adrule.logic.scraper] - 로딩 마스크가 사라지기를 기다리는 중...
2025-08-21 00:32:28,955 - INFO - [scripts.adrule.logic.scraper] - 페이지 최종 렌더링을 잠시 대기합니다...
2025-08-21 00:32:29,960 - INFO - [scripts.adrule.logic.scraper] - 페이지 HTML 컨텐츠를 가져오는 중...
2025-08-21 00:32:29,977 - INFO - [scripts.adrule.logic.scraper] - 데이터 파싱 중...
2025-08-21 00:32:30,008 - WARNING - [scripts.adrule.logic.scraper] - URL에서 문서 ID(lsiSeq, lsId)를 찾을 수 없습니다. 제목 기반으로 ID를 생성합니다. URL: https://www.law.go.kr/admRulInfoP.do?admRulSeq=2100000251996
2025-08-21 00:32:30,010 - INFO - [scripts.adrule.logic.scraper] - 데이터 1건을 '/Users/woong/Roeum/roeum-crawler/data/raw/adrul/1492000/2025년도 사업종류별 산재보험료율_document.jsonl' 파일로 성공적으로 저장했습니다.
2025-08-21 00:32:30,010 - WARNING - [scripts.adrule.logic.scraper] - 페이지에서 청크(조문) 데이터를 찾지 못했습니다.
2025-08-21 00:32:30,034 - INFO - [__main__] - 상세 페이지 스크레이퍼 완료: 2025년도 사업종류별 산재보험료율
2025-08-21 00:32:31,250 - INFO - [__main__] - 상세 페이지 스크레이퍼 실행: https://www.law.go.kr/admRulInfoP.do?admRulSeq=2100000245668
2025-08-21 00:32:31,595 - INFO - [scripts.adrule.logic.scraper] - 페이지로 이동 중: https://www.law.go.kr/admRulInfoP.do?admRulSeq=2100000245668
2025-08-21 00:32:32,218 - INFO - [scripts.adrule.logic.scraper] - 로딩 마스크가 나타나기를 기다리는 중...
2025-08-21 00:32:32,238 - INFO - [scripts.adrule.logic.scraper] - 로딩 마스크가 사라지기를 기다리는 중...
2025-08-21 00:32:32,317 - INFO - [scripts.adrule.logic.scraper] - 페이지 최종 렌더링을 잠시 대기합니다...
2025-08-21 00:32:33,319 - INFO - [scripts.adrule.logic.scraper] - 페이지 HTML 컨텐츠를 가져오는 중...
2025-08-21 00:32:33,330 - INFO - [scripts.adrule.logic.scraper] - 데이터 파싱 중...
2025-08-21 00:32:33,353 - WARNING - [scripts.adrule.logic.scraper] - URL에서 문서 ID(lsiSeq, lsId)를 찾을 수 없습니다. 제목 기반으로 ID를 생성합니다. URL: https://www.law.go.kr/admRulInfoP.do?admRulSeq=2100000245668
2025-08-21 00:32:33,356 - INFO - [scripts.adrule.logic.scraper] - 데이터 1건을 '/Users/woong/Roeum/roeum-crawler/data/raw/adrul/1492000/2025년 적용 최저임금 고시_document.jsonl' 파일로 성공적으로 저장했습니다.
2025-08-21 00:32:33,356 - WARNING - [scripts.adrule.logic.scraper] - 페이지에서 청크(조문) 데이터를 찾지 못했습니다.
2025-08-21 00:32:33,381 - INFO - [__main__] - 상세 페이지 스크레이퍼 완료: 2025년 적용 최저임금 고시
2025-08-21 00:32:34,726 - INFO - [__main__] - 상세 페이지 스크레이퍼 실행: https://www.law.go.kr/admRulInfoP.do?admRulSeq=2100000262710
2025-08-21 00:32:35,202 - INFO - [scripts.adrule.logic.scraper] - 페이지로 이동 중: https://www.law.go.kr/admRulInfoP.do?admRulSeq=2100000262710
2025-08-21 00:32:35,972 - INFO - [scripts.adrule.logic.scraper] - 로딩 마스크가 나타나기를 기다리는 중...
2025-08-21 00:32:36,019 - INFO - [scripts.adrule.logic.scraper] - 로딩 마스크가 사라지기를 기다리는 중...
2025-08-21 00:32:36,107 - INFO - [scripts.adrule.logic.scraper] - 페이지 최종 렌더링을 잠시 대기합니다...
2025-08-21 00:32:37,120 - INFO - [scripts.adrule.logic.scraper] - 페이지 HTML 컨텐츠를 가져오는 중...
2025-08-21 00:32:37,142 - INFO - [scripts.adrule.logic.scraper] - 데이터 파싱 중...
2025-08-21 00:32:37,174 - WARNING - [scripts.adrule.logic.scraper] - URL에서 문서 ID(lsiSeq, lsId)를 찾을 수 없습니다. 제목 기반으로 ID를 생성합니다. URL: https://www.law.go.kr/admRulInfoP.do?admRulSeq=2100000262710
2025-08-21 00:32:37,176 - INFO - [scripts.adrule.logic.scraper] - 데이터 1건을 '/Users/woong/Roeum/roeum-crawler/data/raw/adrul/1492000/2026년 적용 최저임금 고시_document.jsonl' 파일로 성공적으로 저장했습니다.
2025-08-21 00:32:37,176 - WARNING - [scripts.adrule.logic.scraper] - 페이지에서 청크(조문) 데이터를 찾지 못했습니다.
2025-08-21 00:32:37,206 - INFO - [__main__] - 상세 페이지 스크레이퍼 완료: 2026년 적용 최저임금 고시
2025-08-21 00:32:38,432 - INFO - [__main__] - 상세 페이지 스크레이퍼 실행: https://www.law.go.kr/admRulInfoP.do?admRulSeq=2100000261888
2025-08-21 00:32:38,788 - INFO - [scripts.adrule.logic.scraper] - 페이지로 이동 중: https://www.law.go.kr/admRulInfoP.do?admRulSeq=2100000261888
2025-08-21 00:32:39,773 - INFO - [scripts.adrule.logic.scraper] - 로딩 마스크가 나타나기를 기다리는 중...
2025-08-21 00:32:39,793 - INFO - [scripts.adrule.logic.scraper] - 로딩 마스크가 사라지기를 기다리는 중...
2025-08-21 00:32:39,974 - INFO - [scripts.adrule.logic.scraper] - 페이지 최종 렌더링을 잠시 대기합니다...
2025-08-21 00:32:40,976 - INFO - [scripts.adrule.logic.scraper] - 페이지 HTML 컨텐츠를 가져오는 중...
2025-08-21 00:32:40,988 - INFO - [scripts.adrule.logic.scraper] - 데이터 파싱 중...
2025-08-21 00:32:41,018 - WARNING - [scripts.adrule.logic.scraper] - URL에서 문서 ID(lsiSeq, lsId)를 찾을 수 없습니다. 제목 기반으로 ID를 생성합니다. URL: https://www.law.go.kr/admRulInfoP.do?admRulSeq=2100000261888
2025-08-21 00:32:41,021 - INFO - [scripts.adrule.logic.scraper] - 데이터 1건을 '/Users/woong/Roeum/roeum-crawler/data/raw/adrule/1492000/2026년 적용 최저임금안 고시_document.jsonl' 파일로 성공적으로 저장했습니다.
2025-08-21 00:32:41,021 - WARNING - [scripts.adrule.logic.scraper] - 페이지에서 청크(조문) 데이터를 찾지 못했습니다.
2025-08-21 00:32:41,051 - INFO - [__main__] - 상세 페이지 스크레이퍼 완료: 2026년 적용 최저임금안 고시
2025-08-21 00:32:42,280 - INFO - [__main__] - 상세 페이지 스크레이퍼 실행: https://www.law.go.kr/admRulInfoP.do?admRulSeq=2100000254236
2025-08-21 00:32:42,634 - INFO - [scripts.adrule.logic.scraper] - 페이지로 이동 중: https://www.law.go.kr/admRulInfoP.do?admRulSeq=2100000254236
2025-08-21 00:32:43,239 - INFO - [scripts.adrule.logic.scraper] - 로딩 마스크가 나타나기를 기다리는 중...
2025-08-21 00:32:43,260 - INFO - [scripts.adrule.logic.scraper] - 로딩 마스크가 사라지기를 기다리는 중...
2025-08-21 00:32:44,052 - INFO - [scripts.adrule.logic.scraper] - 페이지 최종 렌더링을 잠시 대기합니다...
2025-08-21 00:32:45,057 - INFO - [scripts.adrule.logic.scraper] - 페이지 HTML 컨텐츠를 가져오는 중...
2025-08-21 00:32:45,076 - INFO - [scripts.adrule.logic.scraper] - 데이터 파싱 중...
2025-08-21 00:32:45,116 - WARNING - [scripts.adrule.logic.scraper] - URL에서 문서 ID(lsiSeq, lsId)를 찾을 수 없습니다. 제목 기반으로 ID를 생성합니다. URL: https://www.law.go.kr/admRulInfoP.do?admRulSeq=2100000254236
2025-08-21 00:32:45,124 - INFO - [scripts.adrule.logic.scraper] - 데이터 1건을 '/Users/woong/Roeum/roeum-crawler/data/raw/adrule/1492000/가사근로자 사회보험료 지원에 관한 고시_document.jsonl' 파일로 성공적으로 저장했습니다.
2025-08-21 00:32:45,124 - INFO - [scripts.adrule.logic.scraper] - 데이터 7건을 '/Users/woong/Roeum/roeum-crawler/data/raw/adrule/1492000/가사근로자 사회보험료 지원에 관한 고시_chunks.jsonl' 파일로 성공적으로 저장했습니다.
2025-08-21 00:32:45,150 - INFO - [__main__] - 상세 페이지 스크레이퍼 완료: 가사근로자 사회보험료 지원에 관한 고시
2025-08-21 00:32:46,373 - INFO - [__main__] - 상세 페이지 스크레이퍼 실행: https://www.law.go.kr/admRulInfoP.do?admRulSeq=2100000186031
2025-08-21 00:32:46,745 - INFO - [scripts.adrule.logic.scraper] - 페이지로 이동 중: https://www.law.go.kr/admRulInfoP.do?admRulSeq=2100000186031
2025-08-21 00:32:47,297 - INFO - [scripts.adrule.logic.scraper] - 로딩 마스크가 나타나기를 기다리는 중...
2025-08-21 00:32:47,319 - INFO - [scripts.adrule.logic.scraper] - 로딩 마스크가 사라지기를 기다리는 중...
2025-08-21 00:32:47,503 - INFO - [scripts.adrule.logic.scraper] - 페이지 최종 렌더링을 잠시 대기합니다...
2025-08-21 00:32:48,506 - INFO - [scripts.adrule.logic.scraper] - 페이지 HTML 컨텐츠를 가져오는 중...
2025-08-21 00:32:48,526 - INFO - [scripts.adrule.logic.scraper] - 데이터 파싱 중...
2025-08-21 00:32:48,573 - WARNING - [scripts.adrule.logic.scraper] - URL에서 문서 ID(lsiSeq, lsId)를 찾을 수 없습니다. 제목 기반으로 ID를 생성합니다. URL: https://www.law.go.kr/admRulInfoP.do?admRulSeq=2100000186031
2025-08-21 00:32:48,606 - INFO - [scripts.adrule.logic.scraper] - 데이터 1건을 '/Users/woong/Roeum/roeum-crawler/data/raw/adrule/1492000/가설공사 표준안전 작업지침_document.jsonl' 파일로 성공적으로 저장했습니다.
2025-08-21 00:32:48,607 - INFO - [scripts.adrule.logic.scraper] - 데이터 29건을 '/Users/woong/Roeum/roeum-crawler/data/raw/adrule/1492000/가설공사 표준안전 작업지침_chunks.jsonl' 파일로 성공적으로 저장했습니다.
2025-08-21 00:32:48,627 - INFO - [__main__] - 상세 페이지 스크레이퍼 완료: 가설공사 표준안전 작업지침
2025-08-21 00:32:49,839 - INFO - [__main__] - 상세 페이지 스크레이퍼 실행: https://www.law.go.kr/admRulInfoP.do?admRulSeq=2100000186062
2025-08-21 00:32:50,212 - INFO - [scripts.adrule.logic.scraper] - 페이지로 이동 중: https://www.law.go.kr/admRulInfoP.do?admRulSeq=2100000186062
2025-08-21 00:32:50,833 - INFO - [scripts.adrule.logic.scraper] - 로딩 마스크가 나타나기를 기다리는 중...
2025-08-21 00:32:50,854 - INFO - [scripts.adrule.logic.scraper] - 로딩 마스크가 사라지기를 기다리는 중...
2025-08-21 00:32:51,039 - INFO - [scripts.adrule.logic.scraper] - 페이지 최종 렌더링을 잠시 대기합니다...
2025-08-21 00:32:52,042 - INFO - [scripts.adrule.logic.scraper] - 페이지 HTML 컨텐츠를 가져오는 중...
2025-08-21 00:32:52,058 - INFO - [scripts.adrule.logic.scraper] - 데이터 파싱 중...
2025-08-21 00:32:52,098 - WARNING - [scripts.adrule.logic.scraper] - URL에서 문서 ID(lsiSeq, lsId)를 찾을 수 없습니다. 제목 기반으로 ID를 생성합니다. URL: https://www.law.go.kr/admRulInfoP.do?admRulSeq=2100000186062
2025-08-21 00:32:52,108 - INFO - [scripts.adrule.logic.scraper] - 데이터 1건을 '/Users/woong/Roeum/roeum-crawler/data/raw/adrule/1492000/가스누출감지경보기 설치에 관한 기술상의 지침_document.jsonl' 파일로 성공적으로 저장했습니다.
2025-08-21 00:32:52,109 - INFO - [scripts.adrule.logic.scraper] - 데이터 10건을 '/Users/woong/Roeum/roeum-crawler/data/raw/adrule/1492000/가스누출감지경보기 설치에 관한 기술상의 지침_chunks.jsonl' 파일로 성공적으로 저장했습니다.
2025-08-21 00:32:52,135 - INFO - [__main__] - 상세 페이지 스크레이퍼 완료: 가스누출감지경보기 설치에 관한 기술상의 지침
2025-08-21 00:32:53,353 - INFO - [__main__] - 상세 페이지 스크레이퍼 실행: https://www.law.go.kr/admRulInfoP.do?admRulSeq=2100000186120
2025-08-21 00:32:53,705 - INFO - [scripts.adrule.logic.scraper] - 페이지로 이동 중: https://www.law.go.kr/admRulInfoP.do?admRulSeq=2100000186120
2025-08-21 00:32:54,319 - INFO - [scripts.adrule.logic.scraper] - 로딩 마스크가 나타나기를 기다리는 중...
2025-08-21 00:32:54,339 - INFO - [scripts.adrule.logic.scraper] - 로딩 마스크가 사라지기를 기다리는 중...
2025-08-21 00:32:54,520 - INFO - [scripts.adrule.logic.scraper] - 페이지 최종 렌더링을 잠시 대기합니다...
2025-08-21 00:32:55,522 - INFO - [scripts.adrule.logic.scraper] - 페이지 HTML 컨텐츠를 가져오는 중...
2025-08-21 00:32:55,536 - INFO - [scripts.adrule.logic.scraper] - 데이터 파싱 중...
2025-08-21 00:32:55,574 - WARNING - [scripts.adrule.logic.scraper] - URL에서 문서 ID(lsiSeq, lsId)를 찾을 수 없습니다. 제목 기반으로 ID를 생성합니다. URL: https://www.law.go.kr/admRulInfoP.do?admRulSeq=2100000186120
2025-08-21 00:32:55,587 - INFO - [scripts.adrule.logic.scraper] - 데이터 1건을 '/Users/woong/Roeum/roeum-crawler/data/raw/adrule/1492000/감전재해 예방을 위한 기술상의 지침_document.jsonl' 파일로 성공적으로 저장했습니다.
2025-08-21 00:32:55,587 - INFO - [scripts.adrule.logic.scraper] - 데이터 12건을 '/Users/woong/Roeum/roeum-crawler/data/raw/adrule/1492000/감전재해 예방을 위한 기술상의 지침_chunks.jsonl' 파일로 성공적으로 저장했습니다.
2025-08-21 00:32:55,609 - INFO - [__main__] - 상세 페이지 스크레이퍼 완료: 감전재해 예방을 위한 기술상의 지침
2025-08-21 00:32:56,826 - INFO - [__main__] - 상세 페이지 스크레이퍼 실행: https://www.law.go.kr/admRulInfoP.do?admRulSeq=2100000217661
2025-08-21 00:32:57,185 - INFO - [scripts.adrule.logic.scraper] - 페이지로 이동 중: https://www.law.go.kr/admRulInfoP.do?admRulSeq=2100000217661
2025-08-21 00:32:57,776 - INFO - [scripts.adrule.logic.scraper] - 로딩 마스크가 나타나기를 기다리는 중...
2025-08-21 00:32:57,797 - INFO - [scripts.adrule.logic.scraper] - 로딩 마스크가 사라지기를 기다리는 중...
2025-08-21 00:32:57,982 - INFO - [scripts.adrule.logic.scraper] - 페이지 최종 렌더링을 잠시 대기합니다...
2025-08-21 00:32:58,985 - INFO - [scripts.adrule.logic.scraper] - 페이지 HTML 컨텐츠를 가져오는 중...
2025-08-21 00:32:58,996 - INFO - [scripts.adrule.logic.scraper] - 데이터 파싱 중...
2025-08-21 00:32:59,026 - WARNING - [scripts.adrule.logic.scraper] - URL에서 문서 ID(lsiSeq, lsId)를 찾을 수 없습니다. 제목 기반으로 ID를 생성합니다. URL: https://www.law.go.kr/admRulInfoP.do?admRulSeq=2100000217661
2025-08-21 00:32:59,028 - INFO - [scripts.adrule.logic.scraper] - 데이터 1건을 '/Users/woong/Roeum/roeum-crawler/data/raw/adrule/1492000/개별연장급여 수급요건 중 학업 중인 사람에 대한 고시_document.jsonl' 파일로 성공적으로 저장했습니다.
2025-08-21 00:32:59,028 - WARNING - [scripts.adrule.logic.scraper] - 페이지에서 청크(조문) 데이터를 찾지 못했습니다.
2025-08-21 00:32:59,058 - INFO - [__main__] - 상세 페이지 스크레이퍼 완료: 개별연장급여 수급요건 중 학업 중인 사람에 대한 고시
2025-08-21 00:33:00,284 - INFO - [__main__] - 상세 페이지 스크레이퍼 실행: https://www.law.go.kr/admRulInfoP.do?admRulSeq=2100000217662
2025-08-21 00:33:00,643 - INFO - [scripts.adrule.logic.scraper] - 페이지로 이동 중: https://www.law.go.kr/admRulInfoP.do?admRulSeq=2100000217662
2025-08-21 00:33:01,137 - INFO - [scripts.adrule.logic.scraper] - 로딩 마스크가 나타나기를 기다리는 중...
2025-08-21 00:33:01,157 - INFO - [scripts.adrule.logic.scraper] - 로딩 마스크가 사라지기를 기다리는 중...
2025-08-21 00:33:01,236 - INFO - [scripts.adrule.logic.scraper] - 페이지 최종 렌더링을 잠시 대기합니다...
2025-08-21 00:33:02,239 - INFO - [scripts.adrule.logic.scraper] - 페이지 HTML 컨텐츠를 가져오는 중...
2025-08-21 00:33:02,255 - INFO - [scripts.adrule.logic.scraper] - 데이터 파싱 중...
2025-08-21 00:33:02,285 - WARNING - [scripts.adrule.logic.scraper] - URL에서 문서 ID(lsiSeq, lsId)를 찾을 수 없습니다. 제목 기반으로 ID를 생성합니다. URL: https://www.law.go.kr/admRulInfoP.do?admRulSeq=2100000217662
2025-08-21 00:33:02,288 - INFO - [scripts.adrule.logic.scraper] - 데이터 1건을 '/Users/woong/Roeum/roeum-crawler/data/raw/adrule/1492000/개별연장급여 지급을 위한 임금 및 재산기준 고시_document.jsonl' 파일로 성공적으로 저장했습니다.
2025-08-21 00:33:02,288 - WARNING - [scripts.adrule.logic.scraper] - 페이지에서 청크(조문) 데이터를 찾지 못했습니다.
2025-08-21 00:33:02,313 - INFO - [__main__] - 상세 페이지 스크레이퍼 완료: 개별연장급여 지급을 위한 임금 및 재산기준 고시
2025-08-21 00:33:03,534 - INFO - [__main__] - 상세 페이지 스크레이퍼 실행: https://www.law.go.kr/admRulInfoP.do?admRulSeq=2200000043197
2025-08-21 00:33:03,902 - INFO - [scripts.adrule.logic.scraper] - 페이지로 이동 중: https://www.law.go.kr/admRulInfoP.do?admRulSeq=2200000043197
2025-08-21 00:33:04,661 - INFO - [scripts.adrule.logic.scraper] - 로딩 마스크가 나타나기를 기다리는 중...
2025-08-21 00:33:04,683 - INFO - [scripts.adrule.logic.scraper] - 로딩 마스크가 사라지기를 기다리는 중...
2025-08-21 00:33:04,869 - INFO - [scripts.adrule.logic.scraper] - 페이지 최종 렌더링을 잠시 대기합니다...
2025-08-21 00:33:05,873 - INFO - [scripts.adrule.logic.scraper] - 페이지 HTML 컨텐츠를 가져오는 중...
2025-08-21 00:33:05,886 - INFO - [scripts.adrule.logic.scraper] - 데이터 파싱 중...
2025-08-21 00:33:05,915 - WARNING - [scripts.adrule.logic.scraper] - URL에서 문서 ID(lsiSeq, lsId)를 찾을 수 없습니다. 제목 기반으로 ID를 생성합니다. URL: https://www.law.go.kr/admRulInfoP.do?admRulSeq=2200000043197
2025-08-21 00:33:05,917 - INFO - [scripts.adrule.logic.scraper] - 데이터 1건을 '/Users/woong/Roeum/roeum-crawler/data/raw/adrule/1492000/개인형퇴직연금제도로의 이전 예외사유 해당금액 고시_document.jsonl' 파일로 성공적으로 저장했습니다.
2025-08-21 00:33:05,917 - WARNING - [scripts.adrule.logic.scraper] - 페이지에서 청크(조문) 데이터를 찾지 못했습니다.
2025-08-21 00:33:05,941 - INFO - [__main__] - 상세 페이지 스크레이퍼 완료: 개인형퇴직연금제도로의 이전 예외사유 해당금액 고시
2025-08-21 00:33:07,161 - INFO - [__main__] - 상세 페이지 스크레이퍼 실행: https://www.law.go.kr/admRulInfoP.do?admRulSeq=2100000243390
2025-08-21 00:33:07,527 - INFO - [scripts.adrule.logic.scraper] - 페이지로 이동 중: https://www.law.go.kr/admRulInfoP.do?admRulSeq=2100000243390
2025-08-21 00:33:08,115 - INFO - [scripts.adrule.logic.scraper] - 로딩 마스크가 나타나기를 기다리는 중...
2025-08-21 00:33:08,135 - INFO - [scripts.adrule.logic.scraper] - 로딩 마스크가 사라지기를 기다리는 중...
2025-08-21 00:33:08,319 - INFO - [scripts.adrule.logic.scraper] - 페이지 최종 렌더링을 잠시 대기합니다...
2025-08-21 00:33:09,321 - INFO - [scripts.adrule.logic.scraper] - 페이지 HTML 컨텐츠를 가져오는 중...
2025-08-21 00:33:09,335 - INFO - [scripts.adrule.logic.scraper] - 데이터 파싱 중...
2025-08-21 00:33:09,372 - WARNING - [scripts.adrule.logic.scraper] - URL에서 문서 ID(lsiSeq, lsId)를 찾을 수 없습니다. 제목 기반으로 ID를 생성합니다. URL: https://www.law.go.kr/admRulInfoP.do?admRulSeq=2100000243390
2025-08-21 00:33:09,383 - INFO - [scripts.adrule.logic.scraper] - 데이터 1건을 '/Users/woong/Roeum/roeum-crawler/data/raw/adrule/1492000/건설공사 안전보건대장의 작성 등에 관한 고시_document.jsonl' 파일로 성공적으로 저장했습니다.
2025-08-21 00:33:09,383 - INFO - [scripts.adrule.logic.scraper] - 데이터 9건을 '/Users/woong/Roeum/roeum-crawler/data/raw/adrule/1492000/건설공사 안전보건대장의 작성 등에 관한 고시_chunks.jsonl' 파일로 성공적으로 저장했습니다.
2025-08-21 00:33:09,406 - INFO - [__main__] - 상세 페이지 스크레이퍼 완료: 건설공사 안전보건대장의 작성 등에 관한 고시
