2025-08-17 15:29:50,863 - INFO - [scripts.law.url_checker] - URL 유효성 검증 성공: https://www.law.go.kr/LSW/lsAstSc.do?tabMenuId=437&cptOfiCd=1492000
2025-08-17 15:29:51,385 - INFO - [scripts.law.list_scraper] - 목록 페이지로 이동 중: https://www.law.go.kr/LSW/lsAstSc.do?tabMenuId=437&cptOfiCd=1492000
2025-08-17 15:29:53,771 - INFO - [scripts.law.list_scraper] - 총 4 페이지를 확인했습니다.
2025-08-17 15:29:53,771 - INFO - [scripts.law.list_scraper] - 사용자 설정에 따라 최대 2 페이지만 크롤링합니다.
2025-08-17 15:29:53,771 - INFO - [scripts.law.list_scraper] - --- 1 / 2 페이지 처리 중 ---
2025-08-17 15:29:53,810 - INFO - [scripts.law.list_scraper] -   - 발견: 가사근로자의 고용개선 등에 관한 법률
2025-08-17 15:29:53,813 - INFO - [scripts.law.list_scraper] -   - 발견: 가사근로자의 고용개선 등에 관한 법률 시행령
2025-08-17 15:29:53,817 - INFO - [scripts.law.list_scraper] -   - 발견: 가사근로자의 고용개선 등에 관한 법률 시행규칙
2025-08-17 15:29:53,822 - INFO - [scripts.law.list_scraper] -   - 발견: 건설근로자의 고용개선 등에 관한 법률
2025-08-17 15:29:53,827 - INFO - [scripts.law.list_scraper] -   - 발견: 건설근로자의 고용개선 등에 관한 법률 시행령
2025-08-17 15:29:53,831 - INFO - [scripts.law.list_scraper] -   - 발견: 건설근로자의 고용개선 등에 관한 법률 시행규칙
2025-08-17 15:29:53,836 - INFO - [scripts.law.list_scraper] -   - 발견: 경제사회노동위원회법
2025-08-17 15:29:53,839 - INFO - [scripts.law.list_scraper] -   - 발견: 경제사회노동위원회법 시행령
2025-08-17 15:29:53,844 - INFO - [scripts.law.list_scraper] -   - 발견: 고용노동부 소관 비상대비에 관한 법률 시행규칙
2025-08-17 15:29:53,848 - INFO - [scripts.law.list_scraper] -   - 발견: 고용노동부 소관 비영리법인의 설립 및 감독에 관한 규칙
2025-08-17 15:29:53,851 - INFO - [scripts.law.list_scraper] -   - 발견: 고용노동부와 그 소속기관 직제
2025-08-17 15:29:53,855 - INFO - [scripts.law.list_scraper] -   - 발견: 고용노동부와 그 소속기관 직제 시행규칙
2025-08-17 15:29:53,860 - INFO - [scripts.law.list_scraper] -   - 발견: 고용보험 및 산업재해보상보험의 보험료징수 등에 관한 법률
2025-08-17 15:29:53,863 - INFO - [scripts.law.list_scraper] -   - 발견: 고용보험 및 산업재해보상보험의 보험료징수 등에 관한 법률 시행령
2025-08-17 15:29:53,867 - INFO - [scripts.law.list_scraper] -   - 발견: 고용보험 및 산업재해보상보험의 보험료징수 등에 관한 법률 시행규칙
2025-08-17 15:29:53,871 - INFO - [scripts.law.list_scraper] -   - 발견: 고용보험법
2025-08-17 15:29:53,874 - INFO - [scripts.law.list_scraper] -   - 발견: 고용보험법 시행령
2025-08-17 15:29:53,878 - INFO - [scripts.law.list_scraper] -   - 발견: 고용보험법 시행규칙
2025-08-17 15:29:53,882 - INFO - [scripts.law.list_scraper] -   - 발견: 고용보험ㆍ산업재해보상보험의 보험관계 성립신고 등의 촉진을 위한 특별조치법
2025-08-17 15:29:53,886 - INFO - [scripts.law.list_scraper] -   - 발견: 고용상 연령차별금지 및 고령자고용촉진에 관한 법률
2025-08-17 15:29:53,889 - INFO - [scripts.law.list_scraper] -   - 발견: 고용상 연령차별금지 및 고령자고용촉진에 관한 법률 시행령
2025-08-17 15:29:53,893 - INFO - [scripts.law.list_scraper] -   - 발견: 고용상 연령차별금지 및 고령자고용촉진에 관한 법률 시행규칙
2025-08-17 15:29:53,896 - INFO - [scripts.law.list_scraper] -   - 발견: 고용정책 기본법
2025-08-17 15:29:53,900 - INFO - [scripts.law.list_scraper] -   - 발견: 고용정책 기본법 시행령
2025-08-17 15:29:53,904 - INFO - [scripts.law.list_scraper] -   - 발견: 고용정책 기본법 시행규칙
2025-08-17 15:29:53,908 - INFO - [scripts.law.list_scraper] -   - 발견: 공무원의 노동조합 설립 및 운영 등에 관한 법률
2025-08-17 15:29:53,912 - INFO - [scripts.law.list_scraper] -   - 발견: 공무원의 노동조합 설립 및 운영 등에 관한 법률 시행령
2025-08-17 15:29:53,916 - INFO - [scripts.law.list_scraper] -   - 발견: 공무원의 노동조합 설립 및 운영 등에 관한 법률 시행규칙
2025-08-17 15:29:53,919 - INFO - [scripts.law.list_scraper] -   - 발견: 공인노무사법
2025-08-17 15:29:53,925 - INFO - [scripts.law.list_scraper] -   - 발견: 공인노무사법 시행령
2025-08-17 15:29:53,928 - INFO - [scripts.law.list_scraper] -   - 발견: 공인노무사법 시행규칙
2025-08-17 15:29:53,931 - INFO - [scripts.law.list_scraper] -   - 발견: 공휴일에 관한 법률
2025-08-17 15:29:53,935 - INFO - [scripts.law.list_scraper] -   - 발견: 교원의 노동조합 설립 및 운영 등에 관한 법률
2025-08-17 15:29:53,939 - INFO - [scripts.law.list_scraper] -   - 발견: 교원의 노동조합 설립 및 운영 등에 관한 법률 시행령
2025-08-17 15:29:53,943 - INFO - [scripts.law.list_scraper] -   - 발견: 교원의 노동조합 설립 및 운영 등에 관한 법률 시행규칙
2025-08-17 15:29:53,947 - INFO - [scripts.law.list_scraper] -   - 발견: 구직자 취업촉진 및 생활안정지원에 관한 법률
2025-08-17 15:29:53,951 - INFO - [scripts.law.list_scraper] -   - 발견: 구직자 취업촉진 및 생활안정지원에 관한 법률 시행령
2025-08-17 15:29:53,955 - INFO - [scripts.law.list_scraper] -   - 발견: 구직자 취업촉진 및 생활안정지원에 관한 법률 시행규칙
2025-08-17 15:29:53,962 - INFO - [scripts.law.list_scraper] -   - 발견: 국가기술자격법
2025-08-17 15:29:53,966 - INFO - [scripts.law.list_scraper] -   - 발견: 국가기술자격법 시행령
2025-08-17 15:29:53,970 - INFO - [scripts.law.list_scraper] -   - 발견: 국가기술자격법 시행령
2025-08-17 15:29:53,973 - INFO - [scripts.law.list_scraper] -   - 발견: 국가기술자격법 시행령
2025-08-17 15:29:53,976 - INFO - [scripts.law.list_scraper] -   - 발견: 국가기술자격법 시행규칙
2025-08-17 15:29:53,981 - INFO - [scripts.law.list_scraper] -   - 발견: 국가기술자격법 시행규칙
2025-08-17 15:29:53,985 - INFO - [scripts.law.list_scraper] -   - 발견: 국가기술자격법 시행규칙
2025-08-17 15:29:53,990 - INFO - [scripts.law.list_scraper] -   - 발견: 국민 평생 직업능력 개발법
2025-08-17 15:29:53,994 - INFO - [scripts.law.list_scraper] -   - 발견: 국민 평생 직업능력 개발법 시행령
2025-08-17 15:29:53,997 - INFO - [scripts.law.list_scraper] -   - 발견: 국민 평생 직업능력 개발법 시행규칙
2025-08-17 15:29:54,001 - INFO - [scripts.law.list_scraper] -   - 발견: 국민 평생 직업능력 개발법 시행규칙
2025-08-17 15:29:54,005 - INFO - [scripts.law.list_scraper] -   - 발견: 근로감독관규정
2025-08-17 15:29:54,005 - INFO - [scripts.law.list_scraper] - --- 2 / 2 페이지 처리 중 ---
2025-08-17 15:29:54,005 - INFO - [scripts.law.list_scraper] - 2 페이지로 이동합니다...
2025-08-17 15:29:54,390 - INFO - [scripts.law.list_scraper] - 페이지 이동 완료.
2025-08-17 15:29:54,430 - INFO - [scripts.law.list_scraper] -   - 발견: 근로감독관증 규칙
2025-08-17 15:29:54,435 - INFO - [scripts.law.list_scraper] -   - 발견: 근로기준법
2025-08-17 15:29:54,446 - INFO - [scripts.law.list_scraper] -   - 발견: 근로기준법
2025-08-17 15:29:54,451 - INFO - [scripts.law.list_scraper] -   - 발견: 근로기준법 시행령
2025-08-17 15:29:54,455 - INFO - [scripts.law.list_scraper] -   - 발견: 근로기준법 시행령
2025-08-17 15:29:54,460 - INFO - [scripts.law.list_scraper] -   - 발견: 근로기준법 시행규칙
2025-08-17 15:29:54,464 - INFO - [scripts.law.list_scraper] -   - 발견: 근로복지기본법
2025-08-17 15:29:54,469 - INFO - [scripts.law.list_scraper] -   - 발견: 근로복지기본법 시행령
2025-08-17 15:29:54,474 - INFO - [scripts.law.list_scraper] -   - 발견: 근로복지기본법 시행규칙
2025-08-17 15:29:54,477 - INFO - [scripts.law.list_scraper] -   - 발견: 근로자의 날 제정에 관한 법률
2025-08-17 15:29:54,482 - INFO - [scripts.law.list_scraper] -   - 발견: 근로자참여 및 협력증진에 관한 법률
2025-08-17 15:29:54,486 - INFO - [scripts.law.list_scraper] -   - 발견: 근로자참여 및 협력증진에 관한 법률 시행령
2025-08-17 15:29:54,489 - INFO - [scripts.law.list_scraper] -   - 발견: 근로자참여 및 협력증진에 관한 법률 시행규칙
2025-08-17 15:29:54,492 - INFO - [scripts.law.list_scraper] -   - 발견: 근로자퇴직급여 보장법
2025-08-17 15:29:54,496 - INFO - [scripts.law.list_scraper] -   - 발견: 근로자퇴직급여 보장법 시행령
2025-08-17 15:29:54,500 - INFO - [scripts.law.list_scraper] -   - 발견: 근로자퇴직급여 보장법 시행규칙
2025-08-17 15:29:54,503 - INFO - [scripts.law.list_scraper] -   - 발견: 기간제 및 단시간근로자 보호 등에 관한 법률
2025-08-17 15:29:54,508 - INFO - [scripts.law.list_scraper] -   - 발견: 기간제 및 단시간근로자 보호 등에 관한 법률 시행령
2025-08-17 15:29:54,511 - INFO - [scripts.law.list_scraper] -   - 발견: 기간제 및 단시간근로자 보호 등에 관한 법률 시행규칙
2025-08-17 15:29:54,515 - INFO - [scripts.law.list_scraper] -   - 발견: 남녀고용평등과 일ㆍ가정 양립 지원에 관한 법률
2025-08-17 15:29:54,519 - INFO - [scripts.law.list_scraper] -   - 발견: 남녀고용평등과 일ㆍ가정 양립 지원에 관한 법률 시행령
2025-08-17 15:29:54,522 - INFO - [scripts.law.list_scraper] -   - 발견: 남녀고용평등과 일ㆍ가정 양립 지원에 관한 법률 시행규칙
2025-08-17 15:29:54,525 - INFO - [scripts.law.list_scraper] -   - 발견: 노동위원회법
2025-08-17 15:29:54,529 - INFO - [scripts.law.list_scraper] -   - 발견: 노동위원회법 시행령
2025-08-17 15:29:54,533 - INFO - [scripts.law.list_scraper] -   - 발견: 노동위원회법 시행규칙
2025-08-17 15:29:54,536 - INFO - [scripts.law.list_scraper] -   - 발견: 노동조합 및 노동관계조정법
2025-08-17 15:29:54,540 - INFO - [scripts.law.list_scraper] -   - 발견: 노동조합 및 노동관계조정법 시행령
2025-08-17 15:29:54,544 - INFO - [scripts.law.list_scraper] -   - 발견: 노동조합 및 노동관계조정법 시행규칙
2025-08-17 15:29:54,547 - INFO - [scripts.law.list_scraper] -   - 발견: 노사관계 발전 지원에 관한 법률
2025-08-17 15:29:54,551 - INFO - [scripts.law.list_scraper] -   - 발견: 노사관계 발전 지원에 관한 법률 시행령
2025-08-17 15:29:54,555 - INFO - [scripts.law.list_scraper] -   - 발견: 사회적기업 육성법
2025-08-17 15:29:54,558 - INFO - [scripts.law.list_scraper] -   - 발견: 사회적기업 육성법 시행령
2025-08-17 15:29:54,561 - INFO - [scripts.law.list_scraper] -   - 발견: 사회적기업 육성법 시행규칙
2025-08-17 15:29:54,565 - INFO - [scripts.law.list_scraper] -   - 발견: 산업안전보건기준에 관한 규칙
2025-08-17 15:29:54,569 - INFO - [scripts.law.list_scraper] -   - 발견: 산업안전보건법
2025-08-17 15:29:54,572 - INFO - [scripts.law.list_scraper] -   - 발견: 산업안전보건법 시행령
2025-08-17 15:29:54,576 - INFO - [scripts.law.list_scraper] -   - 발견: 산업안전보건법 시행령
2025-08-17 15:29:54,580 - INFO - [scripts.law.list_scraper] -   - 발견: 산업안전보건법 시행규칙
2025-08-17 15:29:54,583 - INFO - [scripts.law.list_scraper] -   - 발견: 산업안전보건법 시행규칙
2025-08-17 15:29:54,588 - INFO - [scripts.law.list_scraper] -   - 발견: 산업안전보건법 시행규칙
2025-08-17 15:29:54,592 - INFO - [scripts.law.list_scraper] -   - 발견: 산업재해보상보험법
2025-08-17 15:29:54,595 - INFO - [scripts.law.list_scraper] -   - 발견: 산업재해보상보험법 시행령
2025-08-17 15:29:54,600 - INFO - [scripts.law.list_scraper] -   - 발견: 산업재해보상보험법 시행규칙
2025-08-17 15:29:54,604 - INFO - [scripts.law.list_scraper] -   - 발견: 산업전환에 따른 고용안정 지원 등에 관한 법률
2025-08-17 15:29:54,608 - INFO - [scripts.law.list_scraper] -   - 발견: 산업전환에 따른 고용안정 지원 등에 관한 법률 시행령
2025-08-17 15:29:54,612 - INFO - [scripts.law.list_scraper] -   - 발견: 산업현장 일학습병행 지원에 관한 법률
2025-08-17 15:29:54,615 - INFO - [scripts.law.list_scraper] -   - 발견: 산업현장 일학습병행 지원에 관한 법률 시행령
2025-08-17 15:29:54,618 - INFO - [scripts.law.list_scraper] -   - 발견: 산업현장 일학습병행 지원에 관한 법률 시행규칙
2025-08-17 15:29:54,622 - INFO - [scripts.law.list_scraper] -   - 발견: 숙련기술장려법
2025-08-17 15:29:54,626 - INFO - [scripts.law.list_scraper] -   - 발견: 숙련기술장려법 시행령
2025-08-17 15:29:55,203 - INFO - [scripts.law.scraper] - 페이지로 이동 중: https://www.law.go.kr/LSW/lsInfoP.do?lsiSeq=232959&efYd=20220616
2025-08-17 15:29:56,733 - INFO - [scripts.law.scraper] - 로딩 마스크가 나타나기를 기다리는 중...
2025-08-17 15:29:56,754 - INFO - [scripts.law.scraper] - 로딩 마스크가 사라지기를 기다리는 중...
2025-08-17 15:29:56,952 - INFO - [scripts.law.scraper] - 페이지 최종 렌더링을 잠시 대기합니다...
2025-08-17 15:29:57,955 - INFO - [scripts.law.scraper] - 페이지 HTML 컨텐츠를 가져오는 중...
2025-08-17 15:29:57,983 - INFO - [scripts.law.scraper] - 데이터 파싱 중...
2025-08-17 15:29:58,066 - INFO - [scripts.law.scraper] - 데이터 1건을 '/Users/woong/Roeum/roeum-crawler/data/raw/1492000/가사근로자의 고용개선 등에 관한 법률_document.jsonl' 파일로 성공적으로 저장했습니다.
2025-08-17 15:29:58,066 - INFO - [scripts.law.scraper] - 데이터 28건을 '/Users/woong/Roeum/roeum-crawler/data/raw/1492000/가사근로자의 고용개선 등에 관한 법률_chunks.jsonl' 파일로 성공적으로 저장했습니다.
2025-08-17 15:29:59,665 - INFO - [scripts.law.scraper] - 페이지로 이동 중: https://www.law.go.kr/LSW/lsInfoP.do?lsiSeq=267779&efYd=20241231
2025-08-17 15:30:01,155 - INFO - [scripts.law.scraper] - 로딩 마스크가 나타나기를 기다리는 중...
2025-08-17 15:30:01,174 - INFO - [scripts.law.scraper] - 로딩 마스크가 사라지기를 기다리는 중...
2025-08-17 15:30:01,462 - INFO - [scripts.law.scraper] - 페이지 최종 렌더링을 잠시 대기합니다...
2025-08-17 15:30:02,465 - INFO - [scripts.law.scraper] - 페이지 HTML 컨텐츠를 가져오는 중...
2025-08-17 15:30:02,492 - INFO - [scripts.law.scraper] - 데이터 파싱 중...
2025-08-17 15:30:02,551 - INFO - [scripts.law.scraper] - 데이터 1건을 '/Users/woong/Roeum/roeum-crawler/data/raw/1492000/가사근로자의 고용개선 등에 관한 법률 시행령_document.jsonl' 파일로 성공적으로 저장했습니다.
2025-08-17 15:30:02,552 - INFO - [scripts.law.scraper] - 데이터 12건을 '/Users/woong/Roeum/roeum-crawler/data/raw/1492000/가사근로자의 고용개선 등에 관한 법률 시행령_chunks.jsonl' 파일로 성공적으로 저장했습니다.
2025-08-17 15:30:04,143 - INFO - [scripts.law.scraper] - 페이지로 이동 중: https://www.law.go.kr/LSW/lsInfoP.do?lsiSeq=243269&efYd=20220616
2025-08-17 15:30:06,206 - INFO - [scripts.law.scraper] - 로딩 마스크가 나타나기를 기다리는 중...
2025-08-17 15:30:06,261 - INFO - [scripts.law.scraper] - 로딩 마스크가 사라지기를 기다리는 중...
2025-08-17 15:30:06,465 - INFO - [scripts.law.scraper] - 페이지 최종 렌더링을 잠시 대기합니다...
2025-08-17 15:30:07,470 - INFO - [scripts.law.scraper] - 페이지 HTML 컨텐츠를 가져오는 중...
2025-08-17 15:30:07,501 - INFO - [scripts.law.scraper] - 데이터 파싱 중...
2025-08-17 15:30:07,583 - INFO - [scripts.law.scraper] - 데이터 1건을 '/Users/woong/Roeum/roeum-crawler/data/raw/1492000/가사근로자의 고용개선 등에 관한 법률 시행규칙_document.jsonl' 파일로 성공적으로 저장했습니다.
2025-08-17 15:30:07,583 - INFO - [scripts.law.scraper] - 데이터 8건을 '/Users/woong/Roeum/roeum-crawler/data/raw/1492000/가사근로자의 고용개선 등에 관한 법률 시행규칙_chunks.jsonl' 파일로 성공적으로 저장했습니다.
2025-08-17 15:30:09,180 - INFO - [scripts.law.scraper] - 페이지로 이동 중: https://www.law.go.kr/LSW/lsInfoP.do?lsiSeq=234693&efYd=20220218
2025-08-17 15:30:11,215 - INFO - [scripts.law.scraper] - 로딩 마스크가 나타나기를 기다리는 중...
2025-08-17 15:30:11,241 - INFO - [scripts.law.scraper] - 로딩 마스크가 사라지기를 기다리는 중...
2025-08-17 15:30:12,039 - INFO - [scripts.law.scraper] - 페이지 최종 렌더링을 잠시 대기합니다...
2025-08-17 15:30:13,044 - INFO - [scripts.law.scraper] - 페이지 HTML 컨텐츠를 가져오는 중...
2025-08-17 15:30:13,076 - INFO - [scripts.law.scraper] - 데이터 파싱 중...
2025-08-17 15:30:13,213 - INFO - [scripts.law.scraper] - 데이터 1건을 '/Users/woong/Roeum/roeum-crawler/data/raw/1492000/건설근로자의 고용개선 등에 관한 법률_document.jsonl' 파일로 성공적으로 저장했습니다.
2025-08-17 15:30:13,213 - INFO - [scripts.law.scraper] - 데이터 42건을 '/Users/woong/Roeum/roeum-crawler/data/raw/1492000/건설근로자의 고용개선 등에 관한 법률_chunks.jsonl' 파일로 성공적으로 저장했습니다.
2025-08-17 15:30:14,847 - INFO - [scripts.law.scraper] - 페이지로 이동 중: https://www.law.go.kr/LSW/lsInfoP.do?lsiSeq=270619&efYd=20250415
2025-08-17 15:30:16,328 - INFO - [scripts.law.scraper] - 로딩 마스크가 나타나기를 기다리는 중...
2025-08-17 15:30:16,355 - INFO - [scripts.law.scraper] - 로딩 마스크가 사라지기를 기다리는 중...
2025-08-17 15:30:17,145 - INFO - [scripts.law.scraper] - 페이지 최종 렌더링을 잠시 대기합니다...
2025-08-17 15:30:18,151 - INFO - [scripts.law.scraper] - 페이지 HTML 컨텐츠를 가져오는 중...
2025-08-17 15:30:18,185 - INFO - [scripts.law.scraper] - 데이터 파싱 중...
2025-08-17 15:30:18,298 - INFO - [scripts.law.scraper] - 데이터 1건을 '/Users/woong/Roeum/roeum-crawler/data/raw/1492000/건설근로자의 고용개선 등에 관한 법률 시행령_document.jsonl' 파일로 성공적으로 저장했습니다.
2025-08-17 15:30:18,298 - INFO - [scripts.law.scraper] - 데이터 35건을 '/Users/woong/Roeum/roeum-crawler/data/raw/1492000/건설근로자의 고용개선 등에 관한 법률 시행령_chunks.jsonl' 파일로 성공적으로 저장했습니다.
2025-08-17 15:30:19,911 - INFO - [scripts.law.scraper] - 페이지로 이동 중: https://www.law.go.kr/LSW/lsInfoP.do?lsiSeq=265105&efYd=20240828
2025-08-17 15:30:21,379 - INFO - [scripts.law.scraper] - 로딩 마스크가 나타나기를 기다리는 중...
2025-08-17 15:30:21,407 - INFO - [scripts.law.scraper] - 로딩 마스크가 사라지기를 기다리는 중...
2025-08-17 15:30:22,700 - INFO - [scripts.law.scraper] - 페이지 최종 렌더링을 잠시 대기합니다...
2025-08-17 15:30:23,703 - INFO - [scripts.law.scraper] - 페이지 HTML 컨텐츠를 가져오는 중...
2025-08-17 15:30:23,736 - INFO - [scripts.law.scraper] - 데이터 파싱 중...
2025-08-17 15:30:23,835 - INFO - [scripts.law.scraper] - 데이터 1건을 '/Users/woong/Roeum/roeum-crawler/data/raw/1492000/건설근로자의 고용개선 등에 관한 법률 시행규칙_document.jsonl' 파일로 성공적으로 저장했습니다.
2025-08-17 15:30:23,836 - INFO - [scripts.law.scraper] - 데이터 27건을 '/Users/woong/Roeum/roeum-crawler/data/raw/1492000/건설근로자의 고용개선 등에 관한 법률 시행규칙_chunks.jsonl' 파일로 성공적으로 저장했습니다.
2025-08-17 15:30:25,424 - INFO - [scripts.law.scraper] - 페이지로 이동 중: https://www.law.go.kr/LSW/lsInfoP.do?lsiSeq=228177&efYd=20210706
2025-08-17 15:30:27,548 - INFO - [scripts.law.scraper] - 로딩 마스크가 나타나기를 기다리는 중...
2025-08-17 15:30:27,569 - INFO - [scripts.law.scraper] - 로딩 마스크가 사라지기를 기다리는 중...
2025-08-17 15:30:27,754 - INFO - [scripts.law.scraper] - 페이지 최종 렌더링을 잠시 대기합니다...
2025-08-17 15:30:28,756 - INFO - [scripts.law.scraper] - 페이지 HTML 컨텐츠를 가져오는 중...
2025-08-17 15:30:28,781 - INFO - [scripts.law.scraper] - 데이터 파싱 중...
2025-08-17 15:30:28,838 - INFO - [scripts.law.scraper] - 데이터 1건을 '/Users/woong/Roeum/roeum-crawler/data/raw/1492000/경제사회노동위원회법_document.jsonl' 파일로 성공적으로 저장했습니다.
2025-08-17 15:30:28,838 - INFO - [scripts.law.scraper] - 데이터 20건을 '/Users/woong/Roeum/roeum-crawler/data/raw/1492000/경제사회노동위원회법_chunks.jsonl' 파일로 성공적으로 저장했습니다.
2025-08-17 15:30:30,452 - INFO - [scripts.law.scraper] - 페이지로 이동 중: https://www.law.go.kr/LSW/lsInfoP.do?lsiSeq=204361&efYd=20180913
2025-08-17 15:30:32,500 - INFO - [scripts.law.scraper] - 로딩 마스크가 나타나기를 기다리는 중...
2025-08-17 15:30:32,532 - INFO - [scripts.law.scraper] - 로딩 마스크가 사라지기를 기다리는 중...
2025-08-17 15:30:32,716 - INFO - [scripts.law.scraper] - 페이지 최종 렌더링을 잠시 대기합니다...
2025-08-17 15:30:33,719 - INFO - [scripts.law.scraper] - 페이지 HTML 컨텐츠를 가져오는 중...
2025-08-17 15:30:33,731 - INFO - [scripts.law.scraper] - 데이터 파싱 중...
2025-08-17 15:30:33,791 - INFO - [scripts.law.scraper] - 데이터 1건을 '/Users/woong/Roeum/roeum-crawler/data/raw/1492000/경제사회노동위원회법 시행령_document.jsonl' 파일로 성공적으로 저장했습니다.
2025-08-17 15:30:33,791 - INFO - [scripts.law.scraper] - 데이터 17건을 '/Users/woong/Roeum/roeum-crawler/data/raw/1492000/경제사회노동위원회법 시행령_chunks.jsonl' 파일로 성공적으로 저장했습니다.
2025-08-17 15:30:35,386 - INFO - [scripts.law.scraper] - 페이지로 이동 중: https://www.law.go.kr/LSW/lsInfoP.do?lsiSeq=246209&efYd=20221216
2025-08-17 15:30:37,465 - INFO - [scripts.law.scraper] - 로딩 마스크가 나타나기를 기다리는 중...
2025-08-17 15:30:37,487 - INFO - [scripts.law.scraper] - 로딩 마스크가 사라지기를 기다리는 중...
2025-08-17 15:30:37,669 - INFO - [scripts.law.scraper] - 페이지 최종 렌더링을 잠시 대기합니다...
2025-08-17 15:30:38,672 - INFO - [scripts.law.scraper] - 페이지 HTML 컨텐츠를 가져오는 중...
2025-08-17 15:30:38,694 - INFO - [scripts.law.scraper] - 데이터 파싱 중...
2025-08-17 15:30:38,740 - INFO - [scripts.law.scraper] - 데이터 1건을 '/Users/woong/Roeum/roeum-crawler/data/raw/1492000/고용노동부 소관 비상대비에 관한 법률 시행규칙_document.jsonl' 파일로 성공적으로 저장했습니다.
2025-08-17 15:30:38,740 - INFO - [scripts.law.scraper] - 데이터 4건을 '/Users/woong/Roeum/roeum-crawler/data/raw/1492000/고용노동부 소관 비상대비에 관한 법률 시행규칙_chunks.jsonl' 파일로 성공적으로 저장했습니다.
2025-08-17 15:30:40,332 - INFO - [scripts.law.scraper] - 페이지로 이동 중: https://www.law.go.kr/LSW/lsInfoP.do?lsiSeq=193534&efYd=20170419
2025-08-17 15:30:41,873 - INFO - [scripts.law.scraper] - 로딩 마스크가 나타나기를 기다리는 중...
2025-08-17 15:30:41,894 - INFO - [scripts.law.scraper] - 로딩 마스크가 사라지기를 기다리는 중...
2025-08-17 15:30:42,191 - INFO - [scripts.law.scraper] - 페이지 최종 렌더링을 잠시 대기합니다...
2025-08-17 15:30:43,194 - INFO - [scripts.law.scraper] - 페이지 HTML 컨텐츠를 가져오는 중...
2025-08-17 15:30:43,220 - INFO - [scripts.law.scraper] - 데이터 파싱 중...
2025-08-17 15:30:43,289 - INFO - [scripts.law.scraper] - 데이터 1건을 '/Users/woong/Roeum/roeum-crawler/data/raw/1492000/고용노동부 소관 비영리법인의 설립 및 감독에 관한 규칙_document.jsonl' 파일로 성공적으로 저장했습니다.
2025-08-17 15:30:43,290 - INFO - [scripts.law.scraper] - 데이터 13건을 '/Users/woong/Roeum/roeum-crawler/data/raw/1492000/고용노동부 소관 비영리법인의 설립 및 감독에 관한 규칙_chunks.jsonl' 파일로 성공적으로 저장했습니다.
2025-08-17 15:30:44,882 - INFO - [scripts.law.scraper] - 페이지로 이동 중: https://www.law.go.kr/LSW/lsInfoP.do?lsiSeq=271125&efYd=20250520
2025-08-17 15:30:46,489 - INFO - [scripts.law.scraper] - 로딩 마스크가 나타나기를 기다리는 중...
2025-08-17 15:30:46,509 - INFO - [scripts.law.scraper] - 로딩 마스크가 사라지기를 기다리는 중...
2025-08-17 15:30:47,308 - INFO - [scripts.law.scraper] - 페이지 최종 렌더링을 잠시 대기합니다...
2025-08-17 15:30:48,311 - INFO - [scripts.law.scraper] - 페이지 HTML 컨텐츠를 가져오는 중...
2025-08-17 15:30:48,360 - INFO - [scripts.law.scraper] - 데이터 파싱 중...
2025-08-17 15:30:48,502 - INFO - [scripts.law.scraper] - 데이터 1건을 '/Users/woong/Roeum/roeum-crawler/data/raw/1492000/고용노동부와 그 소속기관 직제_document.jsonl' 파일로 성공적으로 저장했습니다.
2025-08-17 15:30:48,503 - INFO - [scripts.law.scraper] - 데이터 50건을 '/Users/woong/Roeum/roeum-crawler/data/raw/1492000/고용노동부와 그 소속기관 직제_chunks.jsonl' 파일로 성공적으로 저장했습니다.
2025-08-17 15:30:50,086 - INFO - [scripts.law.scraper] - 페이지로 이동 중: https://www.law.go.kr/LSW/lsInfoP.do?lsiSeq=271223&efYd=20250602
2025-08-17 15:30:52,166 - INFO - [scripts.law.scraper] - 로딩 마스크가 나타나기를 기다리는 중...
2025-08-17 15:30:52,185 - INFO - [scripts.law.scraper] - 로딩 마스크가 사라지기를 기다리는 중...
2025-08-17 15:30:53,998 - INFO - [scripts.law.scraper] - 페이지 최종 렌더링을 잠시 대기합니다...
2025-08-17 15:30:55,002 - INFO - [scripts.law.scraper] - 페이지 HTML 컨텐츠를 가져오는 중...
2025-08-17 15:30:55,061 - INFO - [scripts.law.scraper] - 데이터 파싱 중...
2025-08-17 15:30:55,270 - INFO - [scripts.law.scraper] - 데이터 1건을 '/Users/woong/Roeum/roeum-crawler/data/raw/1492000/고용노동부와 그 소속기관 직제 시행규칙_document.jsonl' 파일로 성공적으로 저장했습니다.
2025-08-17 15:30:55,270 - INFO - [scripts.law.scraper] - 데이터 39건을 '/Users/woong/Roeum/roeum-crawler/data/raw/1492000/고용노동부와 그 소속기관 직제 시행규칙_chunks.jsonl' 파일로 성공적으로 저장했습니다.
2025-08-17 15:30:56,921 - INFO - [scripts.law.scraper] - 페이지로 이동 중: https://www.law.go.kr/LSW/lsInfoP.do?lsiSeq=247481&efYd=20240101
2025-08-17 15:30:58,489 - INFO - [scripts.law.scraper] - 로딩 마스크가 나타나기를 기다리는 중...
2025-08-17 15:30:58,529 - INFO - [scripts.law.scraper] - 로딩 마스크가 사라지기를 기다리는 중...
2025-08-17 15:30:59,328 - INFO - [scripts.law.scraper] - 페이지 최종 렌더링을 잠시 대기합니다...
2025-08-17 15:31:00,332 - INFO - [scripts.law.scraper] - 페이지 HTML 컨텐츠를 가져오는 중...
2025-08-17 15:31:00,388 - INFO - [scripts.law.scraper] - 데이터 파싱 중...
2025-08-17 15:31:00,594 - INFO - [scripts.law.scraper] - 데이터 1건을 '/Users/woong/Roeum/roeum-crawler/data/raw/1492000/고용보험 및 산업재해보상보험의 보험료징수 등에 관한 법률_document.jsonl' 파일로 성공적으로 저장했습니다.
2025-08-17 15:31:00,595 - INFO - [scripts.law.scraper] - 데이터 95건을 '/Users/woong/Roeum/roeum-crawler/data/raw/1492000/고용보험 및 산업재해보상보험의 보험료징수 등에 관한 법률_chunks.jsonl' 파일로 성공적으로 저장했습니다.
2025-08-17 15:31:02,198 - INFO - [scripts.law.scraper] - 페이지로 이동 중: https://www.law.go.kr/LSW/lsInfoP.do?lsiSeq=271473&efYd=20250602
2025-08-17 15:31:03,596 - INFO - [scripts.law.scraper] - 로딩 마스크가 나타나기를 기다리는 중...
2025-08-17 15:31:03,620 - INFO - [scripts.law.scraper] - 로딩 마스크가 사라지기를 기다리는 중...
2025-08-17 15:31:04,924 - INFO - [scripts.law.scraper] - 페이지 최종 렌더링을 잠시 대기합니다...
2025-08-17 15:31:05,928 - INFO - [scripts.law.scraper] - 페이지 HTML 컨텐츠를 가져오는 중...
2025-08-17 15:31:05,967 - INFO - [scripts.law.scraper] - 데이터 파싱 중...
2025-08-17 15:31:06,233 - INFO - [scripts.law.scraper] - 데이터 1건을 '/Users/woong/Roeum/roeum-crawler/data/raw/1492000/고용보험 및 산업재해보상보험의 보험료징수 등에 관한 법률 시행령_document.jsonl' 파일로 성공적으로 저장했습니다.
2025-08-17 15:31:06,234 - INFO - [scripts.law.scraper] - 데이터 112건을 '/Users/woong/Roeum/roeum-crawler/data/raw/1492000/고용보험 및 산업재해보상보험의 보험료징수 등에 관한 법률 시행령_chunks.jsonl' 파일로 성공적으로 저장했습니다.
2025-08-17 15:31:07,885 - INFO - [scripts.law.scraper] - 페이지로 이동 중: https://www.law.go.kr/LSW/lsInfoP.do?lsiSeq=272679&efYd=20250701
2025-08-17 15:31:09,398 - INFO - [scripts.law.scraper] - 로딩 마스크가 나타나기를 기다리는 중...
2025-08-17 15:31:09,418 - INFO - [scripts.law.scraper] - 로딩 마스크가 사라지기를 기다리는 중...
2025-08-17 15:31:11,732 - INFO - [scripts.law.scraper] - 페이지 최종 렌더링을 잠시 대기합니다...
2025-08-17 15:31:12,737 - INFO - [scripts.law.scraper] - 페이지 HTML 컨텐츠를 가져오는 중...
2025-08-17 15:31:12,816 - INFO - [scripts.law.scraper] - 데이터 파싱 중...
2025-08-17 15:31:13,156 - INFO - [scripts.law.scraper] - 데이터 1건을 '/Users/woong/Roeum/roeum-crawler/data/raw/1492000/고용보험 및 산업재해보상보험의 보험료징수 등에 관한 법률 시행규칙_document.jsonl' 파일로 성공적으로 저장했습니다.
2025-08-17 15:31:13,157 - INFO - [scripts.law.scraper] - 데이터 88건을 '/Users/woong/Roeum/roeum-crawler/data/raw/1492000/고용보험 및 산업재해보상보험의 보험료징수 등에 관한 법률 시행규칙_chunks.jsonl' 파일로 성공적으로 저장했습니다.
2025-08-17 15:31:14,786 - INFO - [scripts.law.scraper] - 페이지로 이동 중: https://www.law.go.kr/LSW/lsInfoP.do?lsiSeq=265957&efYd=20250223
2025-08-17 15:31:16,260 - INFO - [scripts.law.scraper] - 로딩 마스크가 나타나기를 기다리는 중...
2025-08-17 15:31:16,282 - INFO - [scripts.law.scraper] - 로딩 마스크가 사라지기를 기다리는 중...
2025-08-17 15:31:17,600 - INFO - [scripts.law.scraper] - 페이지 최종 렌더링을 잠시 대기합니다...
2025-08-17 15:31:18,603 - INFO - [scripts.law.scraper] - 페이지 HTML 컨텐츠를 가져오는 중...
2025-08-17 15:31:18,665 - INFO - [scripts.law.scraper] - 데이터 파싱 중...
2025-08-17 15:31:18,929 - INFO - [scripts.law.scraper] - 데이터 1건을 '/Users/woong/Roeum/roeum-crawler/data/raw/1492000/고용보험법_document.jsonl' 파일로 성공적으로 저장했습니다.
2025-08-17 15:31:18,931 - INFO - [scripts.law.scraper] - 데이터 147건을 '/Users/woong/Roeum/roeum-crawler/data/raw/1492000/고용보험법_chunks.jsonl' 파일로 성공적으로 저장했습니다.
2025-08-17 15:31:20,525 - INFO - [scripts.law.scraper] - 페이지로 이동 중: https://www.law.go.kr/LSW/lsInfoP.do?lsiSeq=273039&efYd=20250805
2025-08-17 15:31:22,829 - INFO - [scripts.law.scraper] - 로딩 마스크가 나타나기를 기다리는 중...
2025-08-17 15:31:22,852 - INFO - [scripts.law.scraper] - 로딩 마스크가 사라지기를 기다리는 중...
2025-08-17 15:31:26,529 - INFO - [scripts.law.scraper] - 페이지 최종 렌더링을 잠시 대기합니다...
2025-08-17 15:31:27,532 - INFO - [scripts.law.scraper] - 페이지 HTML 컨텐츠를 가져오는 중...
2025-08-17 15:31:27,621 - INFO - [scripts.law.scraper] - 데이터 파싱 중...
2025-08-17 15:31:28,073 - INFO - [scripts.law.scraper] - 데이터 1건을 '/Users/woong/Roeum/roeum-crawler/data/raw/1492000/고용보험법 시행령_document.jsonl' 파일로 성공적으로 저장했습니다.
2025-08-17 15:31:28,075 - INFO - [scripts.law.scraper] - 데이터 208건을 '/Users/woong/Roeum/roeum-crawler/data/raw/1492000/고용보험법 시행령_chunks.jsonl' 파일로 성공적으로 저장했습니다.
2025-08-17 15:31:29,700 - INFO - [scripts.law.scraper] - 페이지로 이동 중: https://www.law.go.kr/LSW/lsInfoP.do?lsiSeq=272635&efYd=20250701
2025-08-17 15:31:30,877 - INFO - [scripts.law.scraper] - 로딩 마스크가 나타나기를 기다리는 중...
2025-08-17 15:31:30,897 - INFO - [scripts.law.scraper] - 로딩 마스크가 사라지기를 기다리는 중...
2025-08-17 15:31:32,991 - INFO - [scripts.law.scraper] - 페이지 최종 렌더링을 잠시 대기합니다...
2025-08-17 15:31:33,995 - INFO - [scripts.law.scraper] - 페이지 HTML 컨텐츠를 가져오는 중...
2025-08-17 15:31:34,105 - INFO - [scripts.law.scraper] - 데이터 파싱 중...
2025-08-17 15:31:34,768 - INFO - [scripts.law.scraper] - 데이터 1건을 '/Users/woong/Roeum/roeum-crawler/data/raw/1492000/고용보험법 시행규칙_document.jsonl' 파일로 성공적으로 저장했습니다.
2025-08-17 15:31:34,770 - INFO - [scripts.law.scraper] - 데이터 197건을 '/Users/woong/Roeum/roeum-crawler/data/raw/1492000/고용보험법 시행규칙_chunks.jsonl' 파일로 성공적으로 저장했습니다.
2025-08-17 15:31:36,360 - INFO - [scripts.law.scraper] - 페이지로 이동 중: https://www.law.go.kr/LSW/lsInfoP.do?lsiSeq=91137&efYd=20090107
2025-08-17 15:31:37,581 - INFO - [scripts.law.scraper] - 로딩 마스크가 나타나기를 기다리는 중...
2025-08-17 15:31:37,600 - INFO - [scripts.law.scraper] - 로딩 마스크가 사라지기를 기다리는 중...
2025-08-17 15:31:37,681 - INFO - [scripts.law.scraper] - 페이지 최종 렌더링을 잠시 대기합니다...
2025-08-17 15:31:38,685 - INFO - [scripts.law.scraper] - 페이지 HTML 컨텐츠를 가져오는 중...
2025-08-17 15:31:38,708 - INFO - [scripts.law.scraper] - 데이터 파싱 중...
2025-08-17 15:31:38,755 - INFO - [scripts.law.scraper] - 데이터 1건을 '/Users/woong/Roeum/roeum-crawler/data/raw/1492000/고용보험ㆍ산업재해보상보험의 보험관계 성립신고 등의 촉진을 위한 특별조치법_document.jsonl' 파일로 성공적으로 저장했습니다.
2025-08-17 15:31:38,756 - INFO - [scripts.law.scraper] - 데이터 9건을 '/Users/woong/Roeum/roeum-crawler/data/raw/1492000/고용보험ㆍ산업재해보상보험의 보험관계 성립신고 등의 촉진을 위한 특별조치법_chunks.jsonl' 파일로 성공적으로 저장했습니다.
2025-08-17 15:31:40,346 - INFO - [scripts.law.scraper] - 페이지로 이동 중: https://www.law.go.kr/LSW/lsInfoP.do?lsiSeq=243057&efYd=20220610
2025-08-17 15:31:42,385 - INFO - [scripts.law.scraper] - 로딩 마스크가 나타나기를 기다리는 중...
2025-08-17 15:31:42,412 - INFO - [scripts.law.scraper] - 로딩 마스크가 사라지기를 기다리는 중...
2025-08-17 15:31:42,668 - INFO - [scripts.law.scraper] - 페이지 최종 렌더링을 잠시 대기합니다...
2025-08-17 15:31:43,671 - INFO - [scripts.law.scraper] - 페이지 HTML 컨텐츠를 가져오는 중...
2025-08-17 15:31:43,703 - INFO - [scripts.law.scraper] - 데이터 파싱 중...
2025-08-17 15:31:43,807 - INFO - [scripts.law.scraper] - 데이터 1건을 '/Users/woong/Roeum/roeum-crawler/data/raw/1492000/고용상 연령차별금지 및 고령자고용촉진에 관한 법률_document.jsonl' 파일로 성공적으로 저장했습니다.
2025-08-17 15:31:43,808 - INFO - [scripts.law.scraper] - 데이터 41건을 '/Users/woong/Roeum/roeum-crawler/data/raw/1492000/고용상 연령차별금지 및 고령자고용촉진에 관한 법률_chunks.jsonl' 파일로 성공적으로 저장했습니다.
2025-08-17 15:31:45,389 - INFO - [scripts.law.scraper] - 페이지로 이동 중: https://www.law.go.kr/LSW/lsInfoP.do?lsiSeq=267181&efYd=20250101
2025-08-17 15:31:47,206 - INFO - [scripts.law.scraper] - 로딩 마스크가 나타나기를 기다리는 중...
2025-08-17 15:31:47,227 - INFO - [scripts.law.scraper] - 로딩 마스크가 사라지기를 기다리는 중...
2025-08-17 15:31:47,356 - INFO - [scripts.law.scraper] - 페이지 최종 렌더링을 잠시 대기합니다...
2025-08-17 15:31:48,359 - INFO - [scripts.law.scraper] - 페이지 HTML 컨텐츠를 가져오는 중...
2025-08-17 15:31:48,389 - INFO - [scripts.law.scraper] - 데이터 파싱 중...
2025-08-17 15:31:48,472 - INFO - [scripts.law.scraper] - 데이터 1건을 '/Users/woong/Roeum/roeum-crawler/data/raw/1492000/고용상 연령차별금지 및 고령자고용촉진에 관한 법률 시행령_document.jsonl' 파일로 성공적으로 저장했습니다.
2025-08-17 15:31:48,472 - INFO - [scripts.law.scraper] - 데이터 22건을 '/Users/woong/Roeum/roeum-crawler/data/raw/1492000/고용상 연령차별금지 및 고령자고용촉진에 관한 법률 시행령_chunks.jsonl' 파일로 성공적으로 저장했습니다.
2025-08-17 15:31:50,062 - INFO - [scripts.law.scraper] - 페이지로 이동 중: https://www.law.go.kr/LSW/lsInfoP.do?lsiSeq=243713&efYd=20220701
2025-08-17 15:31:51,395 - INFO - [scripts.law.scraper] - 로딩 마스크가 나타나기를 기다리는 중...
2025-08-17 15:31:51,420 - INFO - [scripts.law.scraper] - 로딩 마스크가 사라지기를 기다리는 중...
2025-08-17 15:31:51,625 - INFO - [scripts.law.scraper] - 페이지 최종 렌더링을 잠시 대기합니다...
2025-08-17 15:31:52,628 - INFO - [scripts.law.scraper] - 페이지 HTML 컨텐츠를 가져오는 중...
2025-08-17 15:31:52,658 - INFO - [scripts.law.scraper] - 데이터 파싱 중...
2025-08-17 15:31:52,745 - INFO - [scripts.law.scraper] - 데이터 1건을 '/Users/woong/Roeum/roeum-crawler/data/raw/1492000/고용상 연령차별금지 및 고령자고용촉진에 관한 법률 시행규칙_document.jsonl' 파일로 성공적으로 저장했습니다.
2025-08-17 15:31:52,745 - INFO - [scripts.law.scraper] - 데이터 15건을 '/Users/woong/Roeum/roeum-crawler/data/raw/1492000/고용상 연령차별금지 및 고령자고용촉진에 관한 법률 시행규칙_chunks.jsonl' 파일로 성공적으로 저장했습니다.
2025-08-17 15:31:54,365 - INFO - [scripts.law.scraper] - 페이지로 이동 중: https://www.law.go.kr/LSW/lsInfoP.do?lsiSeq=258087&efYd=20240109
2025-08-17 15:31:55,642 - INFO - [scripts.law.scraper] - 로딩 마스크가 나타나기를 기다리는 중...
2025-08-17 15:31:55,664 - INFO - [scripts.law.scraper] - 로딩 마스크가 사라지기를 기다리는 중...
2025-08-17 15:31:56,461 - INFO - [scripts.law.scraper] - 페이지 최종 렌더링을 잠시 대기합니다...
2025-08-17 15:31:57,465 - INFO - [scripts.law.scraper] - 페이지 HTML 컨텐츠를 가져오는 중...
2025-08-17 15:31:57,501 - INFO - [scripts.law.scraper] - 데이터 파싱 중...
2025-08-17 15:31:57,612 - INFO - [scripts.law.scraper] - 데이터 1건을 '/Users/woong/Roeum/roeum-crawler/data/raw/1492000/고용정책 기본법_document.jsonl' 파일로 성공적으로 저장했습니다.
2025-08-17 15:31:57,613 - INFO - [scripts.law.scraper] - 데이터 51건을 '/Users/woong/Roeum/roeum-crawler/data/raw/1492000/고용정책 기본법_chunks.jsonl' 파일로 성공적으로 저장했습니다.
2025-08-17 15:31:59,197 - INFO - [scripts.law.scraper] - 페이지로 이동 중: https://www.law.go.kr/LSW/lsInfoP.do?lsiSeq=270057&efYd=20250325
2025-08-17 15:32:01,622 - INFO - [scripts.law.scraper] - 로딩 마스크가 나타나기를 기다리는 중...
2025-08-17 15:32:01,648 - INFO - [scripts.law.scraper] - 로딩 마스크가 사라지기를 기다리는 중...
2025-08-17 15:32:02,042 - INFO - [scripts.law.scraper] - 페이지 최종 렌더링을 잠시 대기합니다...
2025-08-17 15:32:03,045 - INFO - [scripts.law.scraper] - 페이지 HTML 컨텐츠를 가져오는 중...
2025-08-17 15:32:03,081 - INFO - [scripts.law.scraper] - 데이터 파싱 중...
2025-08-17 15:32:03,200 - INFO - [scripts.law.scraper] - 데이터 1건을 '/Users/woong/Roeum/roeum-crawler/data/raw/1492000/고용정책 기본법 시행령_document.jsonl' 파일로 성공적으로 저장했습니다.
2025-08-17 15:32:03,201 - INFO - [scripts.law.scraper] - 데이터 53건을 '/Users/woong/Roeum/roeum-crawler/data/raw/1492000/고용정책 기본법 시행령_chunks.jsonl' 파일로 성공적으로 저장했습니다.
2025-08-17 15:32:04,768 - INFO - [scripts.law.scraper] - 페이지로 이동 중: https://www.law.go.kr/LSW/lsInfoP.do?lsiSeq=256495&efYd=20231205
2025-08-17 15:32:05,915 - INFO - [scripts.law.scraper] - 로딩 마스크가 나타나기를 기다리는 중...
2025-08-17 15:32:05,934 - INFO - [scripts.law.scraper] - 로딩 마스크가 사라지기를 기다리는 중...
2025-08-17 15:32:06,034 - INFO - [scripts.law.scraper] - 페이지 최종 렌더링을 잠시 대기합니다...
2025-08-17 15:32:07,036 - INFO - [scripts.law.scraper] - 페이지 HTML 컨텐츠를 가져오는 중...
2025-08-17 15:32:07,060 - INFO - [scripts.law.scraper] - 데이터 파싱 중...
2025-08-17 15:32:07,113 - INFO - [scripts.law.scraper] - 데이터 1건을 '/Users/woong/Roeum/roeum-crawler/data/raw/1492000/고용정책 기본법 시행규칙_document.jsonl' 파일로 성공적으로 저장했습니다.
2025-08-17 15:32:07,114 - INFO - [scripts.law.scraper] - 데이터 7건을 '/Users/woong/Roeum/roeum-crawler/data/raw/1492000/고용정책 기본법 시행규칙_chunks.jsonl' 파일로 성공적으로 저장했습니다.
2025-08-17 15:32:08,708 - INFO - [scripts.law.scraper] - 페이지로 이동 중: https://www.law.go.kr/LSW/lsInfoP.do?lsiSeq=243037&efYd=20231211
2025-08-17 15:32:10,017 - INFO - [scripts.law.scraper] - 로딩 마스크가 나타나기를 기다리는 중...
2025-08-17 15:32:10,039 - INFO - [scripts.law.scraper] - 로딩 마스크가 사라지기를 기다리는 중...
2025-08-17 15:32:10,266 - INFO - [scripts.law.scraper] - 페이지 최종 렌더링을 잠시 대기합니다...
2025-08-17 15:32:11,269 - INFO - [scripts.law.scraper] - 페이지 HTML 컨텐츠를 가져오는 중...
2025-08-17 15:32:11,298 - INFO - [scripts.law.scraper] - 데이터 파싱 중...
2025-08-17 15:32:11,373 - INFO - [scripts.law.scraper] - 데이터 1건을 '/Users/woong/Roeum/roeum-crawler/data/raw/1492000/공무원의 노동조합 설립 및 운영 등에 관한 법률_document.jsonl' 파일로 성공적으로 저장했습니다.
2025-08-17 15:32:11,374 - INFO - [scripts.law.scraper] - 데이터 20건을 '/Users/woong/Roeum/roeum-crawler/data/raw/1492000/공무원의 노동조합 설립 및 운영 등에 관한 법률_chunks.jsonl' 파일로 성공적으로 저장했습니다.
2025-08-17 15:32:12,959 - INFO - [scripts.law.scraper] - 페이지로 이동 중: https://www.law.go.kr/LSW/lsInfoP.do?lsiSeq=256437&efYd=20231211
2025-08-17 15:32:14,448 - INFO - [scripts.law.scraper] - 로딩 마스크가 나타나기를 기다리는 중...
2025-08-17 15:32:14,472 - INFO - [scripts.law.scraper] - 로딩 마스크가 사라지기를 기다리는 중...
2025-08-17 15:32:15,271 - INFO - [scripts.law.scraper] - 페이지 최종 렌더링을 잠시 대기합니다...
2025-08-17 15:32:16,278 - INFO - [scripts.law.scraper] - 페이지 HTML 컨텐츠를 가져오는 중...
2025-08-17 15:32:16,306 - INFO - [scripts.law.scraper] - 데이터 파싱 중...
2025-08-17 15:32:16,382 - INFO - [scripts.law.scraper] - 데이터 1건을 '/Users/woong/Roeum/roeum-crawler/data/raw/1492000/공무원의 노동조합 설립 및 운영 등에 관한 법률 시행령_document.jsonl' 파일로 성공적으로 저장했습니다.
2025-08-17 15:32:16,383 - INFO - [scripts.law.scraper] - 데이터 22건을 '/Users/woong/Roeum/roeum-crawler/data/raw/1492000/공무원의 노동조합 설립 및 운영 등에 관한 법률 시행령_chunks.jsonl' 파일로 성공적으로 저장했습니다.
2025-08-17 15:32:17,983 - INFO - [scripts.law.scraper] - 페이지로 이동 중: https://www.law.go.kr/LSW/lsInfoP.do?lsiSeq=257903&efYd=20240101
2025-08-17 15:32:19,255 - INFO - [scripts.law.scraper] - 로딩 마스크가 나타나기를 기다리는 중...
2025-08-17 15:32:19,279 - INFO - [scripts.law.scraper] - 로딩 마스크가 사라지기를 기다리는 중...
2025-08-17 15:32:19,463 - INFO - [scripts.law.scraper] - 페이지 최종 렌더링을 잠시 대기합니다...
2025-08-17 15:32:20,467 - INFO - [scripts.law.scraper] - 페이지 HTML 컨텐츠를 가져오는 중...
2025-08-17 15:32:20,499 - INFO - [scripts.law.scraper] - 데이터 파싱 중...
2025-08-17 15:32:20,577 - INFO - [scripts.law.scraper] - 데이터 1건을 '/Users/woong/Roeum/roeum-crawler/data/raw/1492000/공무원의 노동조합 설립 및 운영 등에 관한 법률 시행규칙_document.jsonl' 파일로 성공적으로 저장했습니다.
2025-08-17 15:32:20,577 - INFO - [scripts.law.scraper] - 데이터 6건을 '/Users/woong/Roeum/roeum-crawler/data/raw/1492000/공무원의 노동조합 설립 및 운영 등에 관한 법률 시행규칙_chunks.jsonl' 파일로 성공적으로 저장했습니다.
2025-08-17 15:32:22,158 - INFO - [scripts.law.scraper] - 페이지로 이동 중: https://www.law.go.kr/LSW/lsInfoP.do?lsiSeq=243059&efYd=20221211
2025-08-17 15:32:23,445 - INFO - [scripts.law.scraper] - 로딩 마스크가 나타나기를 기다리는 중...
2025-08-17 15:32:23,464 - INFO - [scripts.law.scraper] - 로딩 마스크가 사라지기를 기다리는 중...
2025-08-17 15:32:23,680 - INFO - [scripts.law.scraper] - 페이지 최종 렌더링을 잠시 대기합니다...
2025-08-17 15:32:24,684 - INFO - [scripts.law.scraper] - 페이지 HTML 컨텐츠를 가져오는 중...
2025-08-17 15:32:24,719 - INFO - [scripts.law.scraper] - 데이터 파싱 중...
2025-08-17 15:32:24,840 - INFO - [scripts.law.scraper] - 데이터 1건을 '/Users/woong/Roeum/roeum-crawler/data/raw/1492000/공인노무사법_document.jsonl' 파일로 성공적으로 저장했습니다.
2025-08-17 15:32:24,841 - INFO - [scripts.law.scraper] - 데이터 56건을 '/Users/woong/Roeum/roeum-crawler/data/raw/1492000/공인노무사법_chunks.jsonl' 파일로 성공적으로 저장했습니다.
2025-08-17 15:32:26,435 - INFO - [scripts.law.scraper] - 페이지로 이동 중: https://www.law.go.kr/LSW/lsInfoP.do?lsiSeq=265549&efYd=20240926
2025-08-17 15:32:27,575 - INFO - [scripts.law.scraper] - 로딩 마스크가 나타나기를 기다리는 중...
2025-08-17 15:32:27,595 - INFO - [scripts.law.scraper] - 로딩 마스크가 사라지기를 기다리는 중...
2025-08-17 15:32:27,979 - INFO - [scripts.law.scraper] - 페이지 최종 렌더링을 잠시 대기합니다...
2025-08-17 15:32:28,984 - INFO - [scripts.law.scraper] - 페이지 HTML 컨텐츠를 가져오는 중...
2025-08-17 15:32:29,029 - INFO - [scripts.law.scraper] - 데이터 파싱 중...
2025-08-17 15:32:29,161 - INFO - [scripts.law.scraper] - 데이터 1건을 '/Users/woong/Roeum/roeum-crawler/data/raw/1492000/공인노무사법 시행령_document.jsonl' 파일로 성공적으로 저장했습니다.
2025-08-17 15:32:29,162 - INFO - [scripts.law.scraper] - 데이터 56건을 '/Users/woong/Roeum/roeum-crawler/data/raw/1492000/공인노무사법 시행령_chunks.jsonl' 파일로 성공적으로 저장했습니다.
2025-08-17 15:32:30,757 - INFO - [scripts.law.scraper] - 페이지로 이동 중: https://www.law.go.kr/LSW/lsInfoP.do?lsiSeq=247371&efYd=20221230
2025-08-17 15:32:32,017 - INFO - [scripts.law.scraper] - 로딩 마스크가 나타나기를 기다리는 중...
2025-08-17 15:32:32,039 - INFO - [scripts.law.scraper] - 로딩 마스크가 사라지기를 기다리는 중...
2025-08-17 15:32:32,830 - INFO - [scripts.law.scraper] - 페이지 최종 렌더링을 잠시 대기합니다...
2025-08-17 15:32:33,833 - INFO - [scripts.law.scraper] - 페이지 HTML 컨텐츠를 가져오는 중...
2025-08-17 15:32:33,879 - INFO - [scripts.law.scraper] - 데이터 파싱 중...
2025-08-17 15:32:34,020 - INFO - [scripts.law.scraper] - 데이터 1건을 '/Users/woong/Roeum/roeum-crawler/data/raw/1492000/공인노무사법 시행규칙_document.jsonl' 파일로 성공적으로 저장했습니다.
2025-08-17 15:32:34,021 - INFO - [scripts.law.scraper] - 데이터 39건을 '/Users/woong/Roeum/roeum-crawler/data/raw/1492000/공인노무사법 시행규칙_chunks.jsonl' 파일로 성공적으로 저장했습니다.
2025-08-17 15:32:35,625 - INFO - [scripts.law.scraper] - 페이지로 이동 중: https://www.law.go.kr/LSW/lsInfoP.do?lsiSeq=233829&efYd=20220101
2025-08-17 15:32:36,834 - INFO - [scripts.law.scraper] - 로딩 마스크가 나타나기를 기다리는 중...
2025-08-17 15:32:36,868 - INFO - [scripts.law.scraper] - 로딩 마스크가 사라지기를 기다리는 중...
2025-08-17 15:32:36,872 - INFO - [scripts.law.scraper] - 페이지 최종 렌더링을 잠시 대기합니다...
2025-08-17 15:32:37,876 - INFO - [scripts.law.scraper] - 페이지 HTML 컨텐츠를 가져오는 중...
2025-08-17 15:32:37,898 - INFO - [scripts.law.scraper] - 데이터 파싱 중...
2025-08-17 15:32:37,940 - INFO - [scripts.law.scraper] - 데이터 1건을 '/Users/woong/Roeum/roeum-crawler/data/raw/1492000/공휴일에 관한 법률_document.jsonl' 파일로 성공적으로 저장했습니다.
2025-08-17 15:32:37,940 - INFO - [scripts.law.scraper] - 데이터 4건을 '/Users/woong/Roeum/roeum-crawler/data/raw/1492000/공휴일에 관한 법률_chunks.jsonl' 파일로 성공적으로 저장했습니다.
2025-08-17 15:32:39,535 - INFO - [scripts.law.scraper] - 페이지로 이동 중: https://www.law.go.kr/LSW/lsInfoP.do?lsiSeq=243039&efYd=20231211
2025-08-17 15:32:41,158 - INFO - [scripts.law.scraper] - 로딩 마스크가 나타나기를 기다리는 중...
2025-08-17 15:32:41,184 - INFO - [scripts.law.scraper] - 로딩 마스크가 사라지기를 기다리는 중...
2025-08-17 15:32:41,375 - INFO - [scripts.law.scraper] - 페이지 최종 렌더링을 잠시 대기합니다...
2025-08-17 15:32:42,379 - INFO - [scripts.law.scraper] - 페이지 HTML 컨텐츠를 가져오는 중...
2025-08-17 15:32:42,406 - INFO - [scripts.law.scraper] - 데이터 파싱 중...
2025-08-17 15:32:42,483 - INFO - [scripts.law.scraper] - 데이터 1건을 '/Users/woong/Roeum/roeum-crawler/data/raw/1492000/교원의 노동조합 설립 및 운영 등에 관한 법률_document.jsonl' 파일로 성공적으로 저장했습니다.
2025-08-17 15:32:42,483 - INFO - [scripts.law.scraper] - 데이터 18건을 '/Users/woong/Roeum/roeum-crawler/data/raw/1492000/교원의 노동조합 설립 및 운영 등에 관한 법률_chunks.jsonl' 파일로 성공적으로 저장했습니다.
2025-08-17 15:32:44,066 - INFO - [scripts.law.scraper] - 페이지로 이동 중: https://www.law.go.kr/LSW/lsInfoP.do?lsiSeq=256439&efYd=20231211
2025-08-17 15:32:45,522 - INFO - [scripts.law.scraper] - 로딩 마스크가 나타나기를 기다리는 중...
2025-08-17 15:32:45,547 - INFO - [scripts.law.scraper] - 로딩 마스크가 사라지기를 기다리는 중...
2025-08-17 15:32:45,751 - INFO - [scripts.law.scraper] - 페이지 최종 렌더링을 잠시 대기합니다...
2025-08-17 15:32:46,753 - INFO - [scripts.law.scraper] - 페이지 HTML 컨텐츠를 가져오는 중...
2025-08-17 15:32:46,780 - INFO - [scripts.law.scraper] - 데이터 파싱 중...
2025-08-17 15:32:46,856 - INFO - [scripts.law.scraper] - 데이터 1건을 '/Users/woong/Roeum/roeum-crawler/data/raw/1492000/교원의 노동조합 설립 및 운영 등에 관한 법률 시행령_document.jsonl' 파일로 성공적으로 저장했습니다.
2025-08-17 15:32:46,856 - INFO - [scripts.law.scraper] - 데이터 18건을 '/Users/woong/Roeum/roeum-crawler/data/raw/1492000/교원의 노동조합 설립 및 운영 등에 관한 법률 시행령_chunks.jsonl' 파일로 성공적으로 저장했습니다.
2025-08-17 15:32:48,457 - INFO - [scripts.law.scraper] - 페이지로 이동 중: https://www.law.go.kr/LSW/lsInfoP.do?lsiSeq=233793&efYd=20210706
2025-08-17 15:32:49,605 - INFO - [scripts.law.scraper] - 로딩 마스크가 나타나기를 기다리는 중...
2025-08-17 15:32:49,627 - INFO - [scripts.law.scraper] - 로딩 마스크가 사라지기를 기다리는 중...
2025-08-17 15:32:50,419 - INFO - [scripts.law.scraper] - 페이지 최종 렌더링을 잠시 대기합니다...
2025-08-17 15:32:51,421 - INFO - [scripts.law.scraper] - 페이지 HTML 컨텐츠를 가져오는 중...
2025-08-17 15:32:51,443 - INFO - [scripts.law.scraper] - 데이터 파싱 중...
2025-08-17 15:32:51,489 - INFO - [scripts.law.scraper] - 데이터 1건을 '/Users/woong/Roeum/roeum-crawler/data/raw/1492000/교원의 노동조합 설립 및 운영 등에 관한 법률 시행규칙_document.jsonl' 파일로 성공적으로 저장했습니다.
2025-08-17 15:32:51,489 - INFO - [scripts.law.scraper] - 데이터 3건을 '/Users/woong/Roeum/roeum-crawler/data/raw/1492000/교원의 노동조합 설립 및 운영 등에 관한 법률 시행규칙_chunks.jsonl' 파일로 성공적으로 저장했습니다.
2025-08-17 15:32:53,074 - INFO - [scripts.law.scraper] - 페이지로 이동 중: https://www.law.go.kr/LSW/lsInfoP.do?lsiSeq=253641&efYd=20240209
2025-08-17 15:32:54,369 - INFO - [scripts.law.scraper] - 로딩 마스크가 나타나기를 기다리는 중...
2025-08-17 15:32:54,391 - INFO - [scripts.law.scraper] - 로딩 마스크가 사라지기를 기다리는 중...
2025-08-17 15:32:54,677 - INFO - [scripts.law.scraper] - 페이지 최종 렌더링을 잠시 대기합니다...
2025-08-17 15:32:55,679 - INFO - [scripts.law.scraper] - 페이지 HTML 컨텐츠를 가져오는 중...
2025-08-17 15:32:55,705 - INFO - [scripts.law.scraper] - 데이터 파싱 중...
2025-08-17 15:32:55,798 - INFO - [scripts.law.scraper] - 데이터 1건을 '/Users/woong/Roeum/roeum-crawler/data/raw/1492000/구직자 취업촉진 및 생활안정지원에 관한 법률_document.jsonl' 파일로 성공적으로 저장했습니다.
2025-08-17 15:32:55,798 - INFO - [scripts.law.scraper] - 데이터 40건을 '/Users/woong/Roeum/roeum-crawler/data/raw/1492000/구직자 취업촉진 및 생활안정지원에 관한 법률_chunks.jsonl' 파일로 성공적으로 저장했습니다.
2025-08-17 15:32:57,409 - INFO - [scripts.law.scraper] - 페이지로 이동 중: https://www.law.go.kr/LSW/lsInfoP.do?lsiSeq=260081&efYd=20240209
2025-08-17 15:32:58,820 - INFO - [scripts.law.scraper] - 로딩 마스크가 나타나기를 기다리는 중...
2025-08-17 15:32:58,858 - INFO - [scripts.law.scraper] - 로딩 마스크가 사라지기를 기다리는 중...
2025-08-17 15:32:58,975 - INFO - [scripts.law.scraper] - 페이지 최종 렌더링을 잠시 대기합니다...
2025-08-17 15:32:59,978 - INFO - [scripts.law.scraper] - 페이지 HTML 컨텐츠를 가져오는 중...
2025-08-17 15:33:00,005 - INFO - [scripts.law.scraper] - 데이터 파싱 중...
2025-08-17 15:33:00,091 - INFO - [scripts.law.scraper] - 데이터 1건을 '/Users/woong/Roeum/roeum-crawler/data/raw/1492000/구직자 취업촉진 및 생활안정지원에 관한 법률 시행령_document.jsonl' 파일로 성공적으로 저장했습니다.
2025-08-17 15:33:00,091 - INFO - [scripts.law.scraper] - 데이터 18건을 '/Users/woong/Roeum/roeum-crawler/data/raw/1492000/구직자 취업촉진 및 생활안정지원에 관한 법률 시행령_chunks.jsonl' 파일로 성공적으로 저장했습니다.
2025-08-17 15:33:01,674 - INFO - [scripts.law.scraper] - 페이지로 이동 중: https://www.law.go.kr/LSW/lsInfoP.do?lsiSeq=260439&efYd=20240213
2025-08-17 15:33:03,281 - INFO - [scripts.law.scraper] - 로딩 마스크가 나타나기를 기다리는 중...
2025-08-17 15:33:03,306 - INFO - [scripts.law.scraper] - 로딩 마스크가 사라지기를 기다리는 중...
2025-08-17 15:33:03,498 - INFO - [scripts.law.scraper] - 페이지 최종 렌더링을 잠시 대기합니다...
2025-08-17 15:33:04,501 - INFO - [scripts.law.scraper] - 페이지 HTML 컨텐츠를 가져오는 중...
2025-08-17 15:33:04,532 - INFO - [scripts.law.scraper] - 데이터 파싱 중...
2025-08-17 15:33:04,625 - INFO - [scripts.law.scraper] - 데이터 1건을 '/Users/woong/Roeum/roeum-crawler/data/raw/1492000/구직자 취업촉진 및 생활안정지원에 관한 법률 시행규칙_document.jsonl' 파일로 성공적으로 저장했습니다.
2025-08-17 15:33:04,625 - INFO - [scripts.law.scraper] - 데이터 20건을 '/Users/woong/Roeum/roeum-crawler/data/raw/1492000/구직자 취업촉진 및 생활안정지원에 관한 법률 시행규칙_chunks.jsonl' 파일로 성공적으로 저장했습니다.
2025-08-17 15:33:06,256 - INFO - [scripts.law.scraper] - 페이지로 이동 중: https://www.law.go.kr/LSW/lsInfoP.do?lsiSeq=243041&efYd=20220610
2025-08-17 15:33:07,356 - INFO - [scripts.law.scraper] - 로딩 마스크가 나타나기를 기다리는 중...
2025-08-17 15:33:07,377 - INFO - [scripts.law.scraper] - 로딩 마스크가 사라지기를 기다리는 중...
2025-08-17 15:33:10,183 - INFO - [scripts.law.scraper] - 페이지 최종 렌더링을 잠시 대기합니다...
2025-08-17 15:33:11,186 - INFO - [scripts.law.scraper] - 페이지 HTML 컨텐츠를 가져오는 중...
2025-08-17 15:33:11,215 - INFO - [scripts.law.scraper] - 데이터 파싱 중...
2025-08-17 15:33:11,319 - INFO - [scripts.law.scraper] - 데이터 1건을 '/Users/woong/Roeum/roeum-crawler/data/raw/1492000/국가기술자격법_document.jsonl' 파일로 성공적으로 저장했습니다.
2025-08-17 15:33:11,320 - INFO - [scripts.law.scraper] - 데이터 42건을 '/Users/woong/Roeum/roeum-crawler/data/raw/1492000/국가기술자격법_chunks.jsonl' 파일로 성공적으로 저장했습니다.
2025-08-17 15:33:12,930 - INFO - [scripts.law.scraper] - 페이지로 이동 중: https://www.law.go.kr/LSW/lsInfoP.do?lsiSeq=263305&efYd=20240627
2025-08-17 15:33:14,266 - INFO - [scripts.law.scraper] - 로딩 마스크가 나타나기를 기다리는 중...
2025-08-17 15:33:14,298 - INFO - [scripts.law.scraper] - 로딩 마스크가 사라지기를 기다리는 중...
2025-08-17 15:33:14,652 - INFO - [scripts.law.scraper] - 페이지 최종 렌더링을 잠시 대기합니다...
2025-08-17 15:33:15,655 - INFO - [scripts.law.scraper] - 페이지 HTML 컨텐츠를 가져오는 중...
2025-08-17 15:33:15,698 - INFO - [scripts.law.scraper] - 데이터 파싱 중...
2025-08-17 15:33:15,834 - INFO - [scripts.law.scraper] - 데이터 1건을 '/Users/woong/Roeum/roeum-crawler/data/raw/1492000/국가기술자격법 시행령_document.jsonl' 파일로 성공적으로 저장했습니다.
2025-08-17 15:33:15,835 - INFO - [scripts.law.scraper] - 데이터 46건을 '/Users/woong/Roeum/roeum-crawler/data/raw/1492000/국가기술자격법 시행령_chunks.jsonl' 파일로 성공적으로 저장했습니다.
2025-08-17 15:33:17,432 - INFO - [scripts.law.scraper] - 페이지로 이동 중: https://www.law.go.kr/LSW/lsInfoP.do?lsiSeq=269697&efYd=20260101
2025-08-17 15:33:19,259 - INFO - [scripts.law.scraper] - 로딩 마스크가 나타나기를 기다리는 중...
2025-08-17 15:33:19,279 - INFO - [scripts.law.scraper] - 로딩 마스크가 사라지기를 기다리는 중...
2025-08-17 15:33:19,635 - INFO - [scripts.law.scraper] - 페이지 최종 렌더링을 잠시 대기합니다...
2025-08-17 15:33:20,639 - INFO - [scripts.law.scraper] - 페이지 HTML 컨텐츠를 가져오는 중...
2025-08-17 15:33:20,678 - INFO - [scripts.law.scraper] - 데이터 파싱 중...
2025-08-17 15:33:20,798 - INFO - [scripts.law.scraper] - 데이터 1건을 '/Users/woong/Roeum/roeum-crawler/data/raw/1492000/국가기술자격법 시행령_document.jsonl' 파일로 성공적으로 저장했습니다.
2025-08-17 15:33:20,799 - INFO - [scripts.law.scraper] - 데이터 46건을 '/Users/woong/Roeum/roeum-crawler/data/raw/1492000/국가기술자격법 시행령_chunks.jsonl' 파일로 성공적으로 저장했습니다.
2025-08-17 15:33:22,388 - INFO - [scripts.law.scraper] - 페이지로 이동 중: https://www.law.go.kr/LSW/lsInfoP.do?lsiSeq=265027&efYd=20260101
2025-08-17 15:33:23,464 - INFO - [scripts.law.scraper] - 로딩 마스크가 나타나기를 기다리는 중...
2025-08-17 15:33:23,486 - INFO - [scripts.law.scraper] - 로딩 마스크가 사라지기를 기다리는 중...
2025-08-17 15:33:23,687 - INFO - [scripts.law.scraper] - 페이지 최종 렌더링을 잠시 대기합니다...
2025-08-17 15:33:24,690 - INFO - [scripts.law.scraper] - 페이지 HTML 컨텐츠를 가져오는 중...
2025-08-17 15:33:24,728 - INFO - [scripts.law.scraper] - 데이터 파싱 중...
2025-08-17 15:33:24,848 - INFO - [scripts.law.scraper] - 데이터 1건을 '/Users/woong/Roeum/roeum-crawler/data/raw/1492000/국가기술자격법 시행령_document.jsonl' 파일로 성공적으로 저장했습니다.
2025-08-17 15:33:24,848 - INFO - [scripts.law.scraper] - 데이터 46건을 '/Users/woong/Roeum/roeum-crawler/data/raw/1492000/국가기술자격법 시행령_chunks.jsonl' 파일로 성공적으로 저장했습니다.
2025-08-17 15:33:26,423 - INFO - [scripts.law.scraper] - 페이지로 이동 중: https://www.law.go.kr/LSW/lsInfoP.do?lsiSeq=266183&efYd=20250101
2025-08-17 15:33:27,586 - INFO - [scripts.law.scraper] - 로딩 마스크가 나타나기를 기다리는 중...
2025-08-17 15:33:27,606 - INFO - [scripts.law.scraper] - 로딩 마스크가 사라지기를 기다리는 중...
2025-08-17 15:33:28,906 - INFO - [scripts.law.scraper] - 페이지 최종 렌더링을 잠시 대기합니다...
2025-08-17 15:33:29,908 - INFO - [scripts.law.scraper] - 페이지 HTML 컨텐츠를 가져오는 중...
2025-08-17 15:33:29,978 - INFO - [scripts.law.scraper] - 데이터 파싱 중...
2025-08-17 15:33:30,221 - INFO - [scripts.law.scraper] - 데이터 1건을 '/Users/woong/Roeum/roeum-crawler/data/raw/1492000/국가기술자격법 시행규칙_document.jsonl' 파일로 성공적으로 저장했습니다.
2025-08-17 15:33:30,221 - INFO - [scripts.law.scraper] - 데이터 62건을 '/Users/woong/Roeum/roeum-crawler/data/raw/1492000/국가기술자격법 시행규칙_chunks.jsonl' 파일로 성공적으로 저장했습니다.
2025-08-17 15:33:31,826 - INFO - [scripts.law.scraper] - 페이지로 이동 중: https://www.law.go.kr/LSW/lsInfoP.do?lsiSeq=266183&efYd=20260101
2025-08-17 15:33:33,134 - INFO - [scripts.law.scraper] - 로딩 마스크가 나타나기를 기다리는 중...
2025-08-17 15:33:33,153 - INFO - [scripts.law.scraper] - 로딩 마스크가 사라지기를 기다리는 중...
2025-08-17 15:33:34,453 - INFO - [scripts.law.scraper] - 페이지 최종 렌더링을 잠시 대기합니다...
2025-08-17 15:33:35,457 - INFO - [scripts.law.scraper] - 페이지 HTML 컨텐츠를 가져오는 중...
2025-08-17 15:33:35,519 - INFO - [scripts.law.scraper] - 데이터 파싱 중...
2025-08-17 15:33:35,741 - INFO - [scripts.law.scraper] - 데이터 1건을 '/Users/woong/Roeum/roeum-crawler/data/raw/1492000/국가기술자격법 시행규칙_document.jsonl' 파일로 성공적으로 저장했습니다.
2025-08-17 15:33:35,742 - INFO - [scripts.law.scraper] - 데이터 62건을 '/Users/woong/Roeum/roeum-crawler/data/raw/1492000/국가기술자격법 시행규칙_chunks.jsonl' 파일로 성공적으로 저장했습니다.
2025-08-17 15:33:37,344 - INFO - [scripts.law.scraper] - 페이지로 이동 중: https://www.law.go.kr/LSW/lsInfoP.do?lsiSeq=256115&efYd=20260101
2025-08-17 15:33:38,526 - INFO - [scripts.law.scraper] - 로딩 마스크가 나타나기를 기다리는 중...
2025-08-17 15:33:38,546 - INFO - [scripts.law.scraper] - 로딩 마스크가 사라지기를 기다리는 중...
2025-08-17 15:33:40,359 - INFO - [scripts.law.scraper] - 페이지 최종 렌더링을 잠시 대기합니다...
2025-08-17 15:33:41,363 - INFO - [scripts.law.scraper] - 페이지 HTML 컨텐츠를 가져오는 중...
2025-08-17 15:33:41,429 - INFO - [scripts.law.scraper] - 데이터 파싱 중...
2025-08-17 15:33:41,651 - INFO - [scripts.law.scraper] - 데이터 1건을 '/Users/woong/Roeum/roeum-crawler/data/raw/1492000/국가기술자격법 시행규칙_document.jsonl' 파일로 성공적으로 저장했습니다.
2025-08-17 15:33:41,651 - INFO - [scripts.law.scraper] - 데이터 62건을 '/Users/woong/Roeum/roeum-crawler/data/raw/1492000/국가기술자격법 시행규칙_chunks.jsonl' 파일로 성공적으로 저장했습니다.
2025-08-17 15:33:43,244 - INFO - [scripts.law.scraper] - 페이지로 이동 중: https://www.law.go.kr/LSW/lsInfoP.do?lsiSeq=247245&efYd=20230704
2025-08-17 15:33:44,510 - INFO - [scripts.law.scraper] - 로딩 마스크가 나타나기를 기다리는 중...
2025-08-17 15:33:44,533 - INFO - [scripts.law.scraper] - 로딩 마스크가 사라지기를 기다리는 중...
2025-08-17 15:33:44,926 - INFO - [scripts.law.scraper] - 페이지 최종 렌더링을 잠시 대기합니다...
2025-08-17 15:33:45,929 - INFO - [scripts.law.scraper] - 페이지 HTML 컨텐츠를 가져오는 중...
2025-08-17 15:33:45,970 - INFO - [scripts.law.scraper] - 데이터 파싱 중...
2025-08-17 15:33:46,150 - INFO - [scripts.law.scraper] - 데이터 1건을 '/Users/woong/Roeum/roeum-crawler/data/raw/1492000/국민 평생 직업능력 개발법_document.jsonl' 파일로 성공적으로 저장했습니다.
2025-08-17 15:33:46,151 - INFO - [scripts.law.scraper] - 데이터 86건을 '/Users/woong/Roeum/roeum-crawler/data/raw/1492000/국민 평생 직업능력 개발법_chunks.jsonl' 파일로 성공적으로 저장했습니다.
2025-08-17 15:33:47,739 - INFO - [scripts.law.scraper] - 페이지로 이동 중: https://www.law.go.kr/LSW/lsInfoP.do?lsiSeq=271475&efYd=20250602
2025-08-17 15:33:50,092 - INFO - [scripts.law.scraper] - 로딩 마스크가 나타나기를 기다리는 중...
2025-08-17 15:33:50,112 - INFO - [scripts.law.scraper] - 로딩 마스크가 사라지기를 기다리는 중...
2025-08-17 15:33:50,906 - INFO - [scripts.law.scraper] - 페이지 최종 렌더링을 잠시 대기합니다...
2025-08-17 15:33:51,910 - INFO - [scripts.law.scraper] - 페이지 HTML 컨텐츠를 가져오는 중...
2025-08-17 15:33:51,961 - INFO - [scripts.law.scraper] - 데이터 파싱 중...
2025-08-17 15:33:52,150 - INFO - [scripts.law.scraper] - 데이터 1건을 '/Users/woong/Roeum/roeum-crawler/data/raw/1492000/국민 평생 직업능력 개발법 시행령_document.jsonl' 파일로 성공적으로 저장했습니다.
2025-08-17 15:33:52,152 - INFO - [scripts.law.scraper] - 데이터 75건을 '/Users/woong/Roeum/roeum-crawler/data/raw/1492000/국민 평생 직업능력 개발법 시행령_chunks.jsonl' 파일로 성공적으로 저장했습니다.
2025-08-17 15:33:53,748 - INFO - [scripts.law.scraper] - 페이지로 이동 중: https://www.law.go.kr/LSW/lsInfoP.do?lsiSeq=271525&efYd=20250602
2025-08-17 15:33:54,880 - INFO - [scripts.law.scraper] - 로딩 마스크가 나타나기를 기다리는 중...
2025-08-17 15:33:54,903 - INFO - [scripts.law.scraper] - 로딩 마스크가 사라지기를 기다리는 중...
2025-08-17 15:33:55,700 - INFO - [scripts.law.scraper] - 페이지 최종 렌더링을 잠시 대기합니다...
2025-08-17 15:33:56,703 - INFO - [scripts.law.scraper] - 페이지 HTML 컨텐츠를 가져오는 중...
2025-08-17 15:33:56,751 - INFO - [scripts.law.scraper] - 데이터 파싱 중...
2025-08-17 15:33:56,908 - INFO - [scripts.law.scraper] - 데이터 1건을 '/Users/woong/Roeum/roeum-crawler/data/raw/1492000/국민 평생 직업능력 개발법 시행규칙_document.jsonl' 파일로 성공적으로 저장했습니다.
2025-08-17 15:33:56,909 - INFO - [scripts.law.scraper] - 데이터 45건을 '/Users/woong/Roeum/roeum-crawler/data/raw/1492000/국민 평생 직업능력 개발법 시행규칙_chunks.jsonl' 파일로 성공적으로 저장했습니다.
2025-08-17 15:33:58,579 - INFO - [scripts.law.scraper] - 페이지로 이동 중: https://www.law.go.kr/LSW/lsInfoP.do?lsiSeq=271525&efYd=20250903
2025-08-17 15:34:00,118 - INFO - [scripts.law.scraper] - 로딩 마스크가 나타나기를 기다리는 중...
2025-08-17 15:34:00,142 - INFO - [scripts.law.scraper] - 로딩 마스크가 사라지기를 기다리는 중...
2025-08-17 15:34:00,942 - INFO - [scripts.law.scraper] - 페이지 최종 렌더링을 잠시 대기합니다...
2025-08-17 15:34:01,944 - INFO - [scripts.law.scraper] - 페이지 HTML 컨텐츠를 가져오는 중...
2025-08-17 15:34:01,979 - INFO - [scripts.law.scraper] - 데이터 파싱 중...
2025-08-17 15:34:02,109 - INFO - [scripts.law.scraper] - 데이터 1건을 '/Users/woong/Roeum/roeum-crawler/data/raw/1492000/국민 평생 직업능력 개발법 시행규칙_document.jsonl' 파일로 성공적으로 저장했습니다.
2025-08-17 15:34:02,109 - INFO - [scripts.law.scraper] - 데이터 45건을 '/Users/woong/Roeum/roeum-crawler/data/raw/1492000/국민 평생 직업능력 개발법 시행규칙_chunks.jsonl' 파일로 성공적으로 저장했습니다.
2025-08-17 15:34:03,889 - INFO - [scripts.law.scraper] - 페이지로 이동 중: https://www.law.go.kr/LSW/lsInfoP.do?lsiSeq=108467&efYd=20101027
2025-08-17 15:34:05,090 - INFO - [scripts.law.scraper] - 로딩 마스크가 나타나기를 기다리는 중...
2025-08-17 15:34:05,130 - INFO - [scripts.law.scraper] - 로딩 마스크가 사라지기를 기다리는 중...
2025-08-17 15:34:05,212 - INFO - [scripts.law.scraper] - 페이지 최종 렌더링을 잠시 대기합니다...
2025-08-17 15:34:06,214 - INFO - [scripts.law.scraper] - 페이지 HTML 컨텐츠를 가져오는 중...
2025-08-17 15:34:06,233 - INFO - [scripts.law.scraper] - 데이터 파싱 중...
2025-08-17 15:34:06,283 - INFO - [scripts.law.scraper] - 데이터 1건을 '/Users/woong/Roeum/roeum-crawler/data/raw/1492000/근로감독관규정_document.jsonl' 파일로 성공적으로 저장했습니다.
2025-08-17 15:34:06,283 - INFO - [scripts.law.scraper] - 데이터 7건을 '/Users/woong/Roeum/roeum-crawler/data/raw/1492000/근로감독관규정_chunks.jsonl' 파일로 성공적으로 저장했습니다.
2025-08-17 15:34:07,883 - INFO - [scripts.law.scraper] - 페이지로 이동 중: https://www.law.go.kr/LSW/lsInfoP.do?lsiSeq=184050&efYd=20160616
2025-08-17 15:34:09,439 - INFO - [scripts.law.scraper] - 로딩 마스크가 나타나기를 기다리는 중...
2025-08-17 15:34:09,464 - INFO - [scripts.law.scraper] - 로딩 마스크가 사라지기를 기다리는 중...
2025-08-17 15:34:09,556 - INFO - [scripts.law.scraper] - 페이지 최종 렌더링을 잠시 대기합니다...
2025-08-17 15:34:10,558 - INFO - [scripts.law.scraper] - 페이지 HTML 컨텐츠를 가져오는 중...
2025-08-17 15:34:10,582 - INFO - [scripts.law.scraper] - 데이터 파싱 중...
2025-08-17 15:34:10,631 - INFO - [scripts.law.scraper] - 데이터 1건을 '/Users/woong/Roeum/roeum-crawler/data/raw/1492000/근로감독관증 규칙_document.jsonl' 파일로 성공적으로 저장했습니다.
2025-08-17 15:34:10,631 - INFO - [scripts.law.scraper] - 데이터 4건을 '/Users/woong/Roeum/roeum-crawler/data/raw/1492000/근로감독관증 규칙_chunks.jsonl' 파일로 성공적으로 저장했습니다.
2025-08-17 15:34:12,234 - INFO - [scripts.law.scraper] - 페이지로 이동 중: https://www.law.go.kr/LSW/lsInfoP.do?lsiSeq=265959&efYd=20250223
2025-08-17 15:34:13,537 - INFO - [scripts.law.scraper] - 로딩 마스크가 나타나기를 기다리는 중...
2025-08-17 15:34:13,560 - INFO - [scripts.law.scraper] - 로딩 마스크가 사라지기를 기다리는 중...
2025-08-17 15:34:14,361 - INFO - [scripts.law.scraper] - 페이지 최종 렌더링을 잠시 대기합니다...
2025-08-17 15:34:15,365 - INFO - [scripts.law.scraper] - 페이지 HTML 컨텐츠를 가져오는 중...
2025-08-17 15:34:15,424 - INFO - [scripts.law.scraper] - 데이터 파싱 중...
2025-08-17 15:34:15,635 - INFO - [scripts.law.scraper] - 데이터 1건을 '/Users/woong/Roeum/roeum-crawler/data/raw/1492000/근로기준법_document.jsonl' 파일로 성공적으로 저장했습니다.
2025-08-17 15:34:15,636 - INFO - [scripts.law.scraper] - 데이터 126건을 '/Users/woong/Roeum/roeum-crawler/data/raw/1492000/근로기준법_chunks.jsonl' 파일로 성공적으로 저장했습니다.
2025-08-17 15:34:17,243 - INFO - [scripts.law.scraper] - 페이지로 이동 중: https://www.law.go.kr/LSW/lsInfoP.do?lsiSeq=265959&efYd=20251023
2025-08-17 15:34:18,491 - INFO - [scripts.law.scraper] - 로딩 마스크가 나타나기를 기다리는 중...
2025-08-17 15:34:18,511 - INFO - [scripts.law.scraper] - 로딩 마스크가 사라지기를 기다리는 중...
2025-08-17 15:34:18,915 - INFO - [scripts.law.scraper] - 페이지 최종 렌더링을 잠시 대기합니다...
2025-08-17 15:34:19,919 - INFO - [scripts.law.scraper] - 페이지 HTML 컨텐츠를 가져오는 중...
2025-08-17 15:34:19,961 - INFO - [scripts.law.scraper] - 데이터 파싱 중...
2025-08-17 15:34:20,143 - INFO - [scripts.law.scraper] - 데이터 1건을 '/Users/woong/Roeum/roeum-crawler/data/raw/1492000/근로기준법_document.jsonl' 파일로 성공적으로 저장했습니다.
2025-08-17 15:34:20,144 - INFO - [scripts.law.scraper] - 데이터 132건을 '/Users/woong/Roeum/roeum-crawler/data/raw/1492000/근로기준법_chunks.jsonl' 파일로 성공적으로 저장했습니다.
2025-08-17 15:34:21,736 - INFO - [scripts.law.scraper] - 페이지로 이동 중: https://www.law.go.kr/LSW/lsInfoP.do?lsiSeq=269073&efYd=20250223
2025-08-17 15:34:23,138 - INFO - [scripts.law.scraper] - 로딩 마스크가 나타나기를 기다리는 중...
2025-08-17 15:34:23,157 - INFO - [scripts.law.scraper] - 로딩 마스크가 사라지기를 기다리는 중...
2025-08-17 15:34:23,952 - INFO - [scripts.law.scraper] - 페이지 최종 렌더링을 잠시 대기합니다...
2025-08-17 15:34:24,955 - INFO - [scripts.law.scraper] - 페이지 HTML 컨텐츠를 가져오는 중...
2025-08-17 15:34:25,007 - INFO - [scripts.law.scraper] - 데이터 파싱 중...
2025-08-17 15:34:25,166 - INFO - [scripts.law.scraper] - 데이터 1건을 '/Users/woong/Roeum/roeum-crawler/data/raw/1492000/근로기준법 시행령_document.jsonl' 파일로 성공적으로 저장했습니다.
2025-08-17 15:34:25,167 - INFO - [scripts.law.scraper] - 데이터 73건을 '/Users/woong/Roeum/roeum-crawler/data/raw/1492000/근로기준법 시행령_chunks.jsonl' 파일로 성공적으로 저장했습니다.
2025-08-17 15:34:26,763 - INFO - [scripts.law.scraper] - 페이지로 이동 중: https://www.law.go.kr/LSW/lsInfoP.do?lsiSeq=270551&efYd=20251023
2025-08-17 15:34:28,376 - INFO - [scripts.law.scraper] - 로딩 마스크가 나타나기를 기다리는 중...
2025-08-17 15:34:28,404 - INFO - [scripts.law.scraper] - 로딩 마스크가 사라지기를 기다리는 중...
2025-08-17 15:34:29,200 - INFO - [scripts.law.scraper] - 페이지 최종 렌더링을 잠시 대기합니다...
2025-08-17 15:34:30,202 - INFO - [scripts.law.scraper] - 페이지 HTML 컨텐츠를 가져오는 중...
2025-08-17 15:34:30,242 - INFO - [scripts.law.scraper] - 데이터 파싱 중...
2025-08-17 15:34:30,382 - INFO - [scripts.law.scraper] - 데이터 1건을 '/Users/woong/Roeum/roeum-crawler/data/raw/1492000/근로기준법 시행령_document.jsonl' 파일로 성공적으로 저장했습니다.
2025-08-17 15:34:30,382 - INFO - [scripts.law.scraper] - 데이터 80건을 '/Users/woong/Roeum/roeum-crawler/data/raw/1492000/근로기준법 시행령_chunks.jsonl' 파일로 성공적으로 저장했습니다.
2025-08-17 15:34:31,973 - INFO - [scripts.law.scraper] - 페이지로 이동 중: https://www.law.go.kr/LSW/lsInfoP.do?lsiSeq=269393&efYd=20250223
2025-08-17 15:34:33,979 - INFO - [scripts.law.scraper] - 로딩 마스크가 나타나기를 기다리는 중...
2025-08-17 15:34:33,999 - INFO - [scripts.law.scraper] - 로딩 마스크가 사라지기를 기다리는 중...
2025-08-17 15:34:35,295 - INFO - [scripts.law.scraper] - 페이지 최종 렌더링을 잠시 대기합니다...
2025-08-17 15:34:36,300 - INFO - [scripts.law.scraper] - 페이지 HTML 컨텐츠를 가져오는 중...
2025-08-17 15:34:36,339 - INFO - [scripts.law.scraper] - 데이터 파싱 중...
2025-08-17 15:34:36,448 - INFO - [scripts.law.scraper] - 데이터 1건을 '/Users/woong/Roeum/roeum-crawler/data/raw/1492000/근로기준법 시행규칙_document.jsonl' 파일로 성공적으로 저장했습니다.
2025-08-17 15:34:36,449 - INFO - [scripts.law.scraper] - 데이터 23건을 '/Users/woong/Roeum/roeum-crawler/data/raw/1492000/근로기준법 시행규칙_chunks.jsonl' 파일로 성공적으로 저장했습니다.
2025-08-17 15:34:38,031 - INFO - [scripts.law.scraper] - 페이지로 이동 중: https://www.law.go.kr/LSW/lsInfoP.do?lsiSeq=243061&efYd=20230611
2025-08-17 15:34:39,313 - INFO - [scripts.law.scraper] - 로딩 마스크가 나타나기를 기다리는 중...
2025-08-17 15:34:39,334 - INFO - [scripts.law.scraper] - 로딩 마스크가 사라지기를 기다리는 중...
2025-08-17 15:34:40,127 - INFO - [scripts.law.scraper] - 페이지 최종 렌더링을 잠시 대기합니다...
2025-08-17 15:34:41,131 - INFO - [scripts.law.scraper] - 페이지 HTML 컨텐츠를 가져오는 중...
2025-08-17 15:34:41,176 - INFO - [scripts.law.scraper] - 데이터 파싱 중...
2025-08-17 15:34:41,354 - INFO - [scripts.law.scraper] - 데이터 1건을 '/Users/woong/Roeum/roeum-crawler/data/raw/1492000/근로복지기본법_document.jsonl' 파일로 성공적으로 저장했습니다.
2025-08-17 15:34:41,355 - INFO - [scripts.law.scraper] - 데이터 120건을 '/Users/woong/Roeum/roeum-crawler/data/raw/1492000/근로복지기본법_chunks.jsonl' 파일로 성공적으로 저장했습니다.
2025-08-17 15:34:42,947 - INFO - [scripts.law.scraper] - 페이지로 이동 중: https://www.law.go.kr/LSW/lsInfoP.do?lsiSeq=270527&efYd=20250408
2025-08-17 15:34:44,289 - INFO - [scripts.law.scraper] - 로딩 마스크가 나타나기를 기다리는 중...
2025-08-17 15:34:44,316 - INFO - [scripts.law.scraper] - 로딩 마스크가 사라지기를 기다리는 중...
2025-08-17 15:34:44,643 - INFO - [scripts.law.scraper] - 페이지 최종 렌더링을 잠시 대기합니다...
2025-08-17 15:34:45,646 - INFO - [scripts.law.scraper] - 페이지 HTML 컨텐츠를 가져오는 중...
2025-08-17 15:34:45,690 - INFO - [scripts.law.scraper] - 데이터 파싱 중...
2025-08-17 15:34:45,847 - INFO - [scripts.law.scraper] - 데이터 1건을 '/Users/woong/Roeum/roeum-crawler/data/raw/1492000/근로복지기본법 시행령_document.jsonl' 파일로 성공적으로 저장했습니다.
2025-08-17 15:34:45,848 - INFO - [scripts.law.scraper] - 데이터 85건을 '/Users/woong/Roeum/roeum-crawler/data/raw/1492000/근로복지기본법 시행령_chunks.jsonl' 파일로 성공적으로 저장했습니다.
2025-08-17 15:34:47,426 - INFO - [scripts.law.scraper] - 페이지로 이동 중: https://www.law.go.kr/LSW/lsInfoP.do?lsiSeq=270695&efYd=20250414
2025-08-17 15:34:48,530 - INFO - [scripts.law.scraper] - 로딩 마스크가 나타나기를 기다리는 중...
2025-08-17 15:34:48,558 - INFO - [scripts.law.scraper] - 로딩 마스크가 사라지기를 기다리는 중...
2025-08-17 15:34:49,355 - INFO - [scripts.law.scraper] - 페이지 최종 렌더링을 잠시 대기합니다...
2025-08-17 15:34:50,359 - INFO - [scripts.law.scraper] - 페이지 HTML 컨텐츠를 가져오는 중...
2025-08-17 15:34:50,395 - INFO - [scripts.law.scraper] - 데이터 파싱 중...
2025-08-17 15:34:50,500 - INFO - [scripts.law.scraper] - 데이터 1건을 '/Users/woong/Roeum/roeum-crawler/data/raw/1492000/근로복지기본법 시행규칙_document.jsonl' 파일로 성공적으로 저장했습니다.
2025-08-17 15:34:50,501 - INFO - [scripts.law.scraper] - 데이터 37건을 '/Users/woong/Roeum/roeum-crawler/data/raw/1492000/근로복지기본법 시행규칙_chunks.jsonl' 파일로 성공적으로 저장했습니다.
2025-08-17 15:34:52,082 - INFO - [scripts.law.scraper] - 페이지로 이동 중: https://www.law.go.kr/LSW/lsInfoP.do?lsiSeq=180480&efYd=20160127
2025-08-17 15:34:54,146 - INFO - [scripts.law.scraper] - 로딩 마스크가 나타나기를 기다리는 중...
2025-08-17 15:34:54,166 - INFO - [scripts.law.scraper] - 로딩 마스크가 사라지기를 기다리는 중...
2025-08-17 15:34:54,246 - INFO - [scripts.law.scraper] - 페이지 최종 렌더링을 잠시 대기합니다...
2025-08-17 15:34:55,251 - INFO - [scripts.law.scraper] - 페이지 HTML 컨텐츠를 가져오는 중...
2025-08-17 15:34:55,276 - INFO - [scripts.law.scraper] - 데이터 파싱 중...
2025-08-17 15:34:55,315 - INFO - [scripts.law.scraper] - 데이터 1건을 '/Users/woong/Roeum/roeum-crawler/data/raw/1492000/근로자의 날 제정에 관한 법률_document.jsonl' 파일로 성공적으로 저장했습니다.
2025-08-17 15:34:55,315 - WARNING - [scripts.law.scraper] - 페이지에서 청크(조문) 데이터를 찾지 못했습니다.
2025-08-17 15:34:56,899 - INFO - [scripts.law.scraper] - 페이지로 이동 중: https://www.law.go.kr/LSW/lsInfoP.do?lsiSeq=243063&efYd=20221211
2025-08-17 15:34:58,417 - INFO - [scripts.law.scraper] - 로딩 마스크가 나타나기를 기다리는 중...
2025-08-17 15:34:58,442 - INFO - [scripts.law.scraper] - 로딩 마스크가 사라지기를 기다리는 중...
2025-08-17 15:34:58,678 - INFO - [scripts.law.scraper] - 페이지 최종 렌더링을 잠시 대기합니다...
2025-08-17 15:34:59,681 - INFO - [scripts.law.scraper] - 페이지 HTML 컨텐츠를 가져오는 중...
2025-08-17 15:34:59,711 - INFO - [scripts.law.scraper] - 데이터 파싱 중...
2025-08-17 15:34:59,801 - INFO - [scripts.law.scraper] - 데이터 1건을 '/Users/woong/Roeum/roeum-crawler/data/raw/1492000/근로자참여 및 협력증진에 관한 법률_document.jsonl' 파일로 성공적으로 저장했습니다.
2025-08-17 15:34:59,801 - INFO - [scripts.law.scraper] - 데이터 34건을 '/Users/woong/Roeum/roeum-crawler/data/raw/1492000/근로자참여 및 협력증진에 관한 법률_chunks.jsonl' 파일로 성공적으로 저장했습니다.
2025-08-17 15:35:01,390 - INFO - [scripts.law.scraper] - 페이지로 이동 중: https://www.law.go.kr/LSW/lsInfoP.do?lsiSeq=245235&efYd=20221211
2025-08-17 15:35:02,792 - INFO - [scripts.law.scraper] - 로딩 마스크가 나타나기를 기다리는 중...
2025-08-17 15:35:02,812 - INFO - [scripts.law.scraper] - 로딩 마스크가 사라지기를 기다리는 중...
2025-08-17 15:35:02,892 - INFO - [scripts.law.scraper] - 페이지 최종 렌더링을 잠시 대기합니다...
2025-08-17 15:35:03,895 - INFO - [scripts.law.scraper] - 페이지 HTML 컨텐츠를 가져오는 중...
2025-08-17 15:35:03,919 - INFO - [scripts.law.scraper] - 데이터 파싱 중...
2025-08-17 15:35:03,976 - INFO - [scripts.law.scraper] - 데이터 1건을 '/Users/woong/Roeum/roeum-crawler/data/raw/1492000/근로자참여 및 협력증진에 관한 법률 시행령_document.jsonl' 파일로 성공적으로 저장했습니다.
2025-08-17 15:35:03,976 - INFO - [scripts.law.scraper] - 데이터 11건을 '/Users/woong/Roeum/roeum-crawler/data/raw/1492000/근로자참여 및 협력증진에 관한 법률 시행령_chunks.jsonl' 파일로 성공적으로 저장했습니다.
2025-08-17 15:35:05,575 - INFO - [scripts.law.scraper] - 페이지로 이동 중: https://www.law.go.kr/LSW/lsInfoP.do?lsiSeq=251789&efYd=20230608
2025-08-17 15:35:07,209 - INFO - [scripts.law.scraper] - 로딩 마스크가 나타나기를 기다리는 중...
2025-08-17 15:35:07,231 - INFO - [scripts.law.scraper] - 로딩 마스크가 사라지기를 기다리는 중...
2025-08-17 15:35:07,446 - INFO - [scripts.law.scraper] - 페이지 최종 렌더링을 잠시 대기합니다...
2025-08-17 15:35:08,450 - INFO - [scripts.law.scraper] - 페이지 HTML 컨텐츠를 가져오는 중...
2025-08-17 15:35:08,474 - INFO - [scripts.law.scraper] - 데이터 파싱 중...
2025-08-17 15:35:08,530 - INFO - [scripts.law.scraper] - 데이터 1건을 '/Users/woong/Roeum/roeum-crawler/data/raw/1492000/근로자참여 및 협력증진에 관한 법률 시행규칙_document.jsonl' 파일로 성공적으로 저장했습니다.
2025-08-17 15:35:08,530 - INFO - [scripts.law.scraper] - 데이터 8건을 '/Users/woong/Roeum/roeum-crawler/data/raw/1492000/근로자참여 및 협력증진에 관한 법률 시행규칙_chunks.jsonl' 파일로 성공적으로 저장했습니다.
2025-08-17 15:35:10,124 - INFO - [scripts.law.scraper] - 페이지로 이동 중: https://www.law.go.kr/LSW/lsInfoP.do?lsiSeq=239311&efYd=20220712
2025-08-17 15:35:11,994 - INFO - [scripts.law.scraper] - 로딩 마스크가 나타나기를 기다리는 중...
2025-08-17 15:35:12,017 - INFO - [scripts.law.scraper] - 로딩 마스크가 사라지기를 기다리는 중...
2025-08-17 15:35:12,817 - INFO - [scripts.law.scraper] - 페이지 최종 렌더링을 잠시 대기합니다...
2025-08-17 15:35:13,821 - INFO - [scripts.law.scraper] - 페이지 HTML 컨텐츠를 가져오는 중...
2025-08-17 15:35:13,861 - INFO - [scripts.law.scraper] - 데이터 파싱 중...
2025-08-17 15:35:13,993 - INFO - [scripts.law.scraper] - 데이터 1건을 '/Users/woong/Roeum/roeum-crawler/data/raw/1492000/근로자퇴직급여 보장법_document.jsonl' 파일로 성공적으로 저장했습니다.
2025-08-17 15:35:13,994 - INFO - [scripts.law.scraper] - 데이터 68건을 '/Users/woong/Roeum/roeum-crawler/data/raw/1492000/근로자퇴직급여 보장법_chunks.jsonl' 파일로 성공적으로 저장했습니다.
2025-08-17 15:35:15,612 - INFO - [scripts.law.scraper] - 페이지로 이동 중: https://www.law.go.kr/LSW/lsInfoP.do?lsiSeq=262801&efYd=20240528
2025-08-17 15:35:17,078 - INFO - [scripts.law.scraper] - 로딩 마스크가 나타나기를 기다리는 중...
2025-08-17 15:35:17,098 - INFO - [scripts.law.scraper] - 로딩 마스크가 사라지기를 기다리는 중...
2025-08-17 15:35:17,959 - INFO - [scripts.law.scraper] - 페이지 최종 렌더링을 잠시 대기합니다...
2025-08-17 15:35:18,960 - INFO - [scripts.law.scraper] - 페이지 HTML 컨텐츠를 가져오는 중...
2025-08-17 15:35:19,003 - INFO - [scripts.law.scraper] - 데이터 파싱 중...
2025-08-17 15:35:19,184 - INFO - [scripts.law.scraper] - 데이터 1건을 '/Users/woong/Roeum/roeum-crawler/data/raw/1492000/근로자퇴직급여 보장법 시행령_document.jsonl' 파일로 성공적으로 저장했습니다.
2025-08-17 15:35:19,185 - INFO - [scripts.law.scraper] - 데이터 79건을 '/Users/woong/Roeum/roeum-crawler/data/raw/1492000/근로자퇴직급여 보장법 시행령_chunks.jsonl' 파일로 성공적으로 저장했습니다.
2025-08-17 15:35:20,775 - INFO - [scripts.law.scraper] - 페이지로 이동 중: https://www.law.go.kr/LSW/lsInfoP.do?lsiSeq=243903&efYd=20220712
2025-08-17 15:35:22,693 - INFO - [scripts.law.scraper] - 로딩 마스크가 나타나기를 기다리는 중...
2025-08-17 15:35:22,715 - INFO - [scripts.law.scraper] - 로딩 마스크가 사라지기를 기다리는 중...
2025-08-17 15:35:23,506 - INFO - [scripts.law.scraper] - 페이지 최종 렌더링을 잠시 대기합니다...
2025-08-17 15:35:24,510 - INFO - [scripts.law.scraper] - 페이지 HTML 컨텐츠를 가져오는 중...
2025-08-17 15:35:24,535 - INFO - [scripts.law.scraper] - 데이터 파싱 중...
2025-08-17 15:35:24,616 - INFO - [scripts.law.scraper] - 데이터 1건을 '/Users/woong/Roeum/roeum-crawler/data/raw/1492000/근로자퇴직급여 보장법 시행규칙_document.jsonl' 파일로 성공적으로 저장했습니다.
2025-08-17 15:35:24,616 - INFO - [scripts.law.scraper] - 데이터 19건을 '/Users/woong/Roeum/roeum-crawler/data/raw/1492000/근로자퇴직급여 보장법 시행규칙_chunks.jsonl' 파일로 성공적으로 저장했습니다.
2025-08-17 15:35:26,228 - INFO - [scripts.law.scraper] - 페이지로 이동 중: https://www.law.go.kr/LSW/lsInfoP.do?lsiSeq=232201&efYd=20210518
2025-08-17 15:35:28,719 - INFO - [scripts.law.scraper] - 로딩 마스크가 나타나기를 기다리는 중...
2025-08-17 15:35:28,744 - INFO - [scripts.law.scraper] - 로딩 마스크가 사라지기를 기다리는 중...
2025-08-17 15:35:28,973 - INFO - [scripts.law.scraper] - 페이지 최종 렌더링을 잠시 대기합니다...
2025-08-17 15:35:29,975 - INFO - [scripts.law.scraper] - 페이지 HTML 컨텐츠를 가져오는 중...
2025-08-17 15:35:30,007 - INFO - [scripts.law.scraper] - 데이터 파싱 중...
2025-08-17 15:35:30,093 - INFO - [scripts.law.scraper] - 데이터 1건을 '/Users/woong/Roeum/roeum-crawler/data/raw/1492000/기간제 및 단시간근로자 보호 등에 관한 법률_document.jsonl' 파일로 성공적으로 저장했습니다.
2025-08-17 15:35:30,093 - INFO - [scripts.law.scraper] - 데이터 26건을 '/Users/woong/Roeum/roeum-crawler/data/raw/1492000/기간제 및 단시간근로자 보호 등에 관한 법률_chunks.jsonl' 파일로 성공적으로 저장했습니다.
2025-08-17 15:35:31,684 - INFO - [scripts.law.scraper] - 페이지로 이동 중: https://www.law.go.kr/LSW/lsInfoP.do?lsiSeq=230833&efYd=20210408
2025-08-17 15:35:33,534 - INFO - [scripts.law.scraper] - 로딩 마스크가 나타나기를 기다리는 중...
2025-08-17 15:35:33,560 - INFO - [scripts.law.scraper] - 로딩 마스크가 사라지기를 기다리는 중...
2025-08-17 15:35:33,688 - INFO - [scripts.law.scraper] - 페이지 최종 렌더링을 잠시 대기합니다...
2025-08-17 15:35:34,690 - INFO - [scripts.law.scraper] - 페이지 HTML 컨텐츠를 가져오는 중...
2025-08-17 15:35:34,718 - INFO - [scripts.law.scraper] - 데이터 파싱 중...
2025-08-17 15:35:34,788 - INFO - [scripts.law.scraper] - 데이터 1건을 '/Users/woong/Roeum/roeum-crawler/data/raw/1492000/기간제 및 단시간근로자 보호 등에 관한 법률 시행령_document.jsonl' 파일로 성공적으로 저장했습니다.
2025-08-17 15:35:34,788 - INFO - [scripts.law.scraper] - 데이터 7건을 '/Users/woong/Roeum/roeum-crawler/data/raw/1492000/기간제 및 단시간근로자 보호 등에 관한 법률 시행령_chunks.jsonl' 파일로 성공적으로 저장했습니다.
2025-08-17 15:35:36,378 - INFO - [scripts.law.scraper] - 페이지로 이동 중: https://www.law.go.kr/LSW/lsInfoP.do?lsiSeq=79595&efYd=20070701
2025-08-17 15:35:37,963 - INFO - [scripts.law.scraper] - 로딩 마스크가 나타나기를 기다리는 중...
2025-08-17 15:35:37,982 - INFO - [scripts.law.scraper] - 로딩 마스크가 사라지기를 기다리는 중...
2025-08-17 15:35:38,183 - INFO - [scripts.law.scraper] - 페이지 최종 렌더링을 잠시 대기합니다...
2025-08-17 15:35:39,186 - INFO - [scripts.law.scraper] - 페이지 HTML 컨텐츠를 가져오는 중...
2025-08-17 15:35:39,208 - INFO - [scripts.law.scraper] - 데이터 파싱 중...
2025-08-17 15:35:39,248 - INFO - [scripts.law.scraper] - 데이터 1건을 '/Users/woong/Roeum/roeum-crawler/data/raw/1492000/기간제 및 단시간근로자 보호 등에 관한 법률 시행규칙_document.jsonl' 파일로 성공적으로 저장했습니다.
2025-08-17 15:35:39,248 - INFO - [scripts.law.scraper] - 데이터 2건을 '/Users/woong/Roeum/roeum-crawler/data/raw/1492000/기간제 및 단시간근로자 보호 등에 관한 법률 시행규칙_chunks.jsonl' 파일로 성공적으로 저장했습니다.
2025-08-17 15:35:40,838 - INFO - [scripts.law.scraper] - 페이지로 이동 중: https://www.law.go.kr/LSW/lsInfoP.do?lsiSeq=265999&efYd=20250223
2025-08-17 15:35:42,434 - INFO - [scripts.law.scraper] - 로딩 마스크가 나타나기를 기다리는 중...
2025-08-17 15:35:42,457 - INFO - [scripts.law.scraper] - 로딩 마스크가 사라지기를 기다리는 중...
2025-08-17 15:35:43,258 - INFO - [scripts.law.scraper] - 페이지 최종 렌더링을 잠시 대기합니다...
2025-08-17 15:35:44,260 - INFO - [scripts.law.scraper] - 페이지 HTML 컨텐츠를 가져오는 중...
2025-08-17 15:35:44,292 - INFO - [scripts.law.scraper] - 데이터 파싱 중...
2025-08-17 15:35:44,444 - INFO - [scripts.law.scraper] - 데이터 1건을 '/Users/woong/Roeum/roeum-crawler/data/raw/1492000/남녀고용평등과 일ㆍ가정 양립 지원에 관한 법률_document.jsonl' 파일로 성공적으로 저장했습니다.
2025-08-17 15:35:44,445 - INFO - [scripts.law.scraper] - 데이터 71건을 '/Users/woong/Roeum/roeum-crawler/data/raw/1492000/남녀고용평등과 일ㆍ가정 양립 지원에 관한 법률_chunks.jsonl' 파일로 성공적으로 저장했습니다.
2025-08-17 15:35:46,034 - INFO - [scripts.law.scraper] - 페이지로 이동 중: https://www.law.go.kr/LSW/lsInfoP.do?lsiSeq=269071&efYd=20250223
2025-08-17 15:35:48,001 - INFO - [scripts.law.scraper] - 로딩 마스크가 나타나기를 기다리는 중...
2025-08-17 15:35:48,023 - INFO - [scripts.law.scraper] - 로딩 마스크가 사라지기를 기다리는 중...
2025-08-17 15:35:48,819 - INFO - [scripts.law.scraper] - 페이지 최종 렌더링을 잠시 대기합니다...
2025-08-17 15:35:49,824 - INFO - [scripts.law.scraper] - 페이지 HTML 컨텐츠를 가져오는 중...
2025-08-17 15:35:49,862 - INFO - [scripts.law.scraper] - 데이터 파싱 중...
2025-08-17 15:35:49,972 - INFO - [scripts.law.scraper] - 데이터 1건을 '/Users/woong/Roeum/roeum-crawler/data/raw/1492000/남녀고용평등과 일ㆍ가정 양립 지원에 관한 법률 시행령_document.jsonl' 파일로 성공적으로 저장했습니다.
2025-08-17 15:35:49,973 - INFO - [scripts.law.scraper] - 데이터 39건을 '/Users/woong/Roeum/roeum-crawler/data/raw/1492000/남녀고용평등과 일ㆍ가정 양립 지원에 관한 법률 시행령_chunks.jsonl' 파일로 성공적으로 저장했습니다.
2025-08-17 15:35:51,562 - INFO - [scripts.law.scraper] - 페이지로 이동 중: https://www.law.go.kr/LSW/lsInfoP.do?lsiSeq=269395&efYd=20250223
2025-08-17 15:35:54,666 - INFO - [scripts.law.scraper] - 로딩 마스크가 나타나기를 기다리는 중...
2025-08-17 15:35:54,690 - INFO - [scripts.law.scraper] - 로딩 마스크가 사라지기를 기다리는 중...
2025-08-17 15:35:55,489 - INFO - [scripts.law.scraper] - 페이지 최종 렌더링을 잠시 대기합니다...
2025-08-17 15:35:56,494 - INFO - [scripts.law.scraper] - 페이지 HTML 컨텐츠를 가져오는 중...
2025-08-17 15:35:56,528 - INFO - [scripts.law.scraper] - 데이터 파싱 중...
2025-08-17 15:35:56,629 - INFO - [scripts.law.scraper] - 데이터 1건을 '/Users/woong/Roeum/roeum-crawler/data/raw/1492000/남녀고용평등과 일ㆍ가정 양립 지원에 관한 법률 시행규칙_document.jsonl' 파일로 성공적으로 저장했습니다.
2025-08-17 15:35:56,629 - INFO - [scripts.law.scraper] - 데이터 23건을 '/Users/woong/Roeum/roeum-crawler/data/raw/1492000/남녀고용평등과 일ㆍ가정 양립 지원에 관한 법률 시행규칙_chunks.jsonl' 파일로 성공적으로 저장했습니다.
2025-08-17 15:35:58,228 - INFO - [scripts.law.scraper] - 페이지로 이동 중: https://www.law.go.kr/LSW/lsInfoP.do?lsiSeq=232203&efYd=20220519
2025-08-17 15:36:00,264 - INFO - [scripts.law.scraper] - 로딩 마스크가 나타나기를 기다리는 중...
2025-08-17 15:36:00,289 - INFO - [scripts.law.scraper] - 로딩 마스크가 사라지기를 기다리는 중...
2025-08-17 15:36:00,505 - INFO - [scripts.law.scraper] - 페이지 최종 렌더링을 잠시 대기합니다...
2025-08-17 15:36:01,509 - INFO - [scripts.law.scraper] - 페이지 HTML 컨텐츠를 가져오는 중...
2025-08-17 15:36:01,542 - INFO - [scripts.law.scraper] - 데이터 파싱 중...
2025-08-17 15:36:01,645 - INFO - [scripts.law.scraper] - 데이터 1건을 '/Users/woong/Roeum/roeum-crawler/data/raw/1492000/노동위원회법_document.jsonl' 파일로 성공적으로 저장했습니다.
2025-08-17 15:36:01,646 - INFO - [scripts.law.scraper] - 데이터 45건을 '/Users/woong/Roeum/roeum-crawler/data/raw/1492000/노동위원회법_chunks.jsonl' 파일로 성공적으로 저장했습니다.
2025-08-17 15:36:03,226 - INFO - [scripts.law.scraper] - 페이지로 이동 중: https://www.law.go.kr/LSW/lsInfoP.do?lsiSeq=267225&efYd=20241227
2025-08-17 15:36:04,743 - INFO - [scripts.law.scraper] - 로딩 마스크가 나타나기를 기다리는 중...
2025-08-17 15:36:04,765 - INFO - [scripts.law.scraper] - 로딩 마스크가 사라지기를 기다리는 중...
2025-08-17 15:36:04,949 - INFO - [scripts.law.scraper] - 페이지 최종 렌더링을 잠시 대기합니다...
2025-08-17 15:36:05,952 - INFO - [scripts.law.scraper] - 페이지 HTML 컨텐츠를 가져오는 중...
2025-08-17 15:36:05,968 - INFO - [scripts.law.scraper] - 데이터 파싱 중...
2025-08-17 15:36:06,042 - INFO - [scripts.law.scraper] - 데이터 1건을 '/Users/woong/Roeum/roeum-crawler/data/raw/1492000/노동위원회법 시행령_document.jsonl' 파일로 성공적으로 저장했습니다.
2025-08-17 15:36:06,042 - INFO - [scripts.law.scraper] - 데이터 17건을 '/Users/woong/Roeum/roeum-crawler/data/raw/1492000/노동위원회법 시행령_chunks.jsonl' 파일로 성공적으로 저장했습니다.
2025-08-17 15:36:07,620 - INFO - [scripts.law.scraper] - 페이지로 이동 중: https://www.law.go.kr/LSW/lsInfoP.do?lsiSeq=173125&efYd=20150721
2025-08-17 15:36:09,348 - INFO - [scripts.law.scraper] - 로딩 마스크가 나타나기를 기다리는 중...
2025-08-17 15:36:09,369 - INFO - [scripts.law.scraper] - 로딩 마스크가 사라지기를 기다리는 중...
2025-08-17 15:36:09,469 - INFO - [scripts.law.scraper] - 페이지 최종 렌더링을 잠시 대기합니다...
2025-08-17 15:36:10,473 - INFO - [scripts.law.scraper] - 페이지 HTML 컨텐츠를 가져오는 중...
2025-08-17 15:36:10,498 - INFO - [scripts.law.scraper] - 데이터 파싱 중...
2025-08-17 15:36:10,551 - INFO - [scripts.law.scraper] - 데이터 1건을 '/Users/woong/Roeum/roeum-crawler/data/raw/1492000/노동위원회법 시행규칙_document.jsonl' 파일로 성공적으로 저장했습니다.
2025-08-17 15:36:10,552 - INFO - [scripts.law.scraper] - 데이터 7건을 '/Users/woong/Roeum/roeum-crawler/data/raw/1492000/노동위원회법 시행규칙_chunks.jsonl' 파일로 성공적으로 저장했습니다.
2025-08-17 15:36:12,117 - INFO - [scripts.law.scraper] - 페이지로 이동 중: https://www.law.go.kr/LSW/lsInfoP.do?lsiSeq=228175&efYd=20210706
2025-08-17 15:36:13,615 - INFO - [scripts.law.scraper] - 로딩 마스크가 나타나기를 기다리는 중...
2025-08-17 15:36:13,640 - INFO - [scripts.law.scraper] - 로딩 마스크가 사라지기를 기다리는 중...
2025-08-17 15:36:14,437 - INFO - [scripts.law.scraper] - 페이지 최종 렌더링을 잠시 대기합니다...
2025-08-17 15:36:15,442 - INFO - [scripts.law.scraper] - 페이지 HTML 컨텐츠를 가져오는 중...
2025-08-17 15:36:15,507 - INFO - [scripts.law.scraper] - 데이터 파싱 중...
2025-08-17 15:36:15,658 - INFO - [scripts.law.scraper] - 데이터 1건을 '/Users/woong/Roeum/roeum-crawler/data/raw/1492000/노동조합 및 노동관계조정법_document.jsonl' 파일로 성공적으로 저장했습니다.
2025-08-17 15:36:15,658 - INFO - [scripts.law.scraper] - 데이터 107건을 '/Users/woong/Roeum/roeum-crawler/data/raw/1492000/노동조합 및 노동관계조정법_chunks.jsonl' 파일로 성공적으로 저장했습니다.
2025-08-17 15:36:17,260 - INFO - [scripts.law.scraper] - 페이지로 이동 중: https://www.law.go.kr/LSW/lsInfoP.do?lsiSeq=273063&efYd=20250807
2025-08-17 15:36:18,971 - INFO - [scripts.law.scraper] - 로딩 마스크가 나타나기를 기다리는 중...
2025-08-17 15:36:18,993 - INFO - [scripts.law.scraper] - 로딩 마스크가 사라지기를 기다리는 중...
2025-08-17 15:36:19,381 - INFO - [scripts.law.scraper] - 페이지 최종 렌더링을 잠시 대기합니다...
2025-08-17 15:36:20,384 - INFO - [scripts.law.scraper] - 페이지 HTML 컨텐츠를 가져오는 중...
2025-08-17 15:36:20,418 - INFO - [scripts.law.scraper] - 데이터 파싱 중...
2025-08-17 15:36:20,533 - INFO - [scripts.law.scraper] - 데이터 1건을 '/Users/woong/Roeum/roeum-crawler/data/raw/1492000/노동조합 및 노동관계조정법 시행령_document.jsonl' 파일로 성공적으로 저장했습니다.
2025-08-17 15:36:20,534 - INFO - [scripts.law.scraper] - 데이터 57건을 '/Users/woong/Roeum/roeum-crawler/data/raw/1492000/노동조합 및 노동관계조정법 시행령_chunks.jsonl' 파일로 성공적으로 저장했습니다.
2025-08-17 15:36:22,115 - INFO - [scripts.law.scraper] - 페이지로 이동 중: https://www.law.go.kr/LSW/lsInfoP.do?lsiSeq=257893&efYd=20240101
2025-08-17 15:36:23,451 - INFO - [scripts.law.scraper] - 로딩 마스크가 나타나기를 기다리는 중...
2025-08-17 15:36:23,472 - INFO - [scripts.law.scraper] - 로딩 마스크가 사라지기를 기다리는 중...
2025-08-17 15:36:23,799 - INFO - [scripts.law.scraper] - 페이지 최종 렌더링을 잠시 대기합니다...
2025-08-17 15:36:24,802 - INFO - [scripts.law.scraper] - 페이지 HTML 컨텐츠를 가져오는 중...
2025-08-17 15:36:24,844 - INFO - [scripts.law.scraper] - 데이터 파싱 중...
2025-08-17 15:36:24,969 - INFO - [scripts.law.scraper] - 데이터 1건을 '/Users/woong/Roeum/roeum-crawler/data/raw/1492000/노동조합 및 노동관계조정법 시행규칙_document.jsonl' 파일로 성공적으로 저장했습니다.
2025-08-17 15:36:24,970 - INFO - [scripts.law.scraper] - 데이터 31건을 '/Users/woong/Roeum/roeum-crawler/data/raw/1492000/노동조합 및 노동관계조정법 시행규칙_chunks.jsonl' 파일로 성공적으로 저장했습니다.
2025-08-17 15:36:26,570 - INFO - [scripts.law.scraper] - 페이지로 이동 중: https://www.law.go.kr/LSW/lsInfoP.do?lsiSeq=180465&efYd=20160127
2025-08-17 15:36:27,782 - INFO - [scripts.law.scraper] - 로딩 마스크가 나타나기를 기다리는 중...
2025-08-17 15:36:27,802 - INFO - [scripts.law.scraper] - 로딩 마스크가 사라지기를 기다리는 중...
2025-08-17 15:36:27,986 - INFO - [scripts.law.scraper] - 페이지 최종 렌더링을 잠시 대기합니다...
2025-08-17 15:36:28,988 - INFO - [scripts.law.scraper] - 페이지 HTML 컨텐츠를 가져오는 중...
2025-08-17 15:36:29,012 - INFO - [scripts.law.scraper] - 데이터 파싱 중...
2025-08-17 15:36:29,062 - INFO - [scripts.law.scraper] - 데이터 1건을 '/Users/woong/Roeum/roeum-crawler/data/raw/1492000/노사관계 발전 지원에 관한 법률_document.jsonl' 파일로 성공적으로 저장했습니다.
2025-08-17 15:36:29,062 - INFO - [scripts.law.scraper] - 데이터 10건을 '/Users/woong/Roeum/roeum-crawler/data/raw/1492000/노사관계 발전 지원에 관한 법률_chunks.jsonl' 파일로 성공적으로 저장했습니다.
2025-08-17 15:36:30,655 - INFO - [scripts.law.scraper] - 페이지로 이동 중: https://www.law.go.kr/LSW/lsInfoP.do?lsiSeq=209662&efYd=20190702
2025-08-17 15:36:31,894 - INFO - [scripts.law.scraper] - 로딩 마스크가 나타나기를 기다리는 중...
2025-08-17 15:36:31,917 - INFO - [scripts.law.scraper] - 로딩 마스크가 사라지기를 기다리는 중...
2025-08-17 15:36:31,996 - INFO - [scripts.law.scraper] - 페이지 최종 렌더링을 잠시 대기합니다...
2025-08-17 15:36:33,000 - INFO - [scripts.law.scraper] - 페이지 HTML 컨텐츠를 가져오는 중...
2025-08-17 15:36:33,025 - INFO - [scripts.law.scraper] - 데이터 파싱 중...
2025-08-17 15:36:33,078 - INFO - [scripts.law.scraper] - 데이터 1건을 '/Users/woong/Roeum/roeum-crawler/data/raw/1492000/노사관계 발전 지원에 관한 법률 시행령_document.jsonl' 파일로 성공적으로 저장했습니다.
2025-08-17 15:36:33,079 - INFO - [scripts.law.scraper] - 데이터 10건을 '/Users/woong/Roeum/roeum-crawler/data/raw/1492000/노사관계 발전 지원에 관한 법률 시행령_chunks.jsonl' 파일로 성공적으로 저장했습니다.
2025-08-17 15:36:34,690 - INFO - [scripts.law.scraper] - 페이지로 이동 중: https://www.law.go.kr/LSW/lsInfoP.do?lsiSeq=122694&efYd=20120802
2025-08-17 15:36:35,841 - INFO - [scripts.law.scraper] - 로딩 마스크가 나타나기를 기다리는 중...
2025-08-17 15:36:35,868 - INFO - [scripts.law.scraper] - 로딩 마스크가 사라지기를 기다리는 중...
2025-08-17 15:36:36,005 - INFO - [scripts.law.scraper] - 페이지 최종 렌더링을 잠시 대기합니다...
2025-08-17 15:36:37,009 - INFO - [scripts.law.scraper] - 페이지 HTML 컨텐츠를 가져오는 중...
2025-08-17 15:36:37,037 - INFO - [scripts.law.scraper] - 데이터 파싱 중...
2025-08-17 15:36:37,115 - INFO - [scripts.law.scraper] - 데이터 1건을 '/Users/woong/Roeum/roeum-crawler/data/raw/1492000/사회적기업 육성법_document.jsonl' 파일로 성공적으로 저장했습니다.
2025-08-17 15:36:37,116 - INFO - [scripts.law.scraper] - 데이터 26건을 '/Users/woong/Roeum/roeum-crawler/data/raw/1492000/사회적기업 육성법_chunks.jsonl' 파일로 성공적으로 저장했습니다.
2025-08-17 15:36:38,690 - INFO - [scripts.law.scraper] - 페이지로 이동 중: https://www.law.go.kr/LSW/lsInfoP.do?lsiSeq=262289&efYd=20240517
2025-08-17 15:36:40,097 - INFO - [scripts.law.scraper] - 로딩 마스크가 나타나기를 기다리는 중...
2025-08-17 15:36:40,118 - INFO - [scripts.law.scraper] - 로딩 마스크가 사라지기를 기다리는 중...
2025-08-17 15:36:40,303 - INFO - [scripts.law.scraper] - 페이지 최종 렌더링을 잠시 대기합니다...
2025-08-17 15:36:41,304 - INFO - [scripts.law.scraper] - 페이지 HTML 컨텐츠를 가져오는 중...
2025-08-17 15:36:41,330 - INFO - [scripts.law.scraper] - 데이터 파싱 중...
2025-08-17 15:36:41,415 - INFO - [scripts.law.scraper] - 데이터 1건을 '/Users/woong/Roeum/roeum-crawler/data/raw/1492000/사회적기업 육성법 시행령_document.jsonl' 파일로 성공적으로 저장했습니다.
2025-08-17 15:36:41,416 - INFO - [scripts.law.scraper] - 데이터 24건을 '/Users/woong/Roeum/roeum-crawler/data/raw/1492000/사회적기업 육성법 시행령_chunks.jsonl' 파일로 성공적으로 저장했습니다.
2025-08-17 15:36:43,012 - INFO - [scripts.law.scraper] - 페이지로 이동 중: https://www.law.go.kr/LSW/lsInfoP.do?lsiSeq=212633&efYd=20191220
2025-08-17 15:36:44,108 - INFO - [scripts.law.scraper] - 로딩 마스크가 나타나기를 기다리는 중...
2025-08-17 15:36:44,127 - INFO - [scripts.law.scraper] - 로딩 마스크가 사라지기를 기다리는 중...
2025-08-17 15:36:44,319 - INFO - [scripts.law.scraper] - 페이지 최종 렌더링을 잠시 대기합니다...
2025-08-17 15:36:45,322 - INFO - [scripts.law.scraper] - 페이지 HTML 컨텐츠를 가져오는 중...
2025-08-17 15:36:45,354 - INFO - [scripts.law.scraper] - 데이터 파싱 중...
2025-08-17 15:36:45,436 - INFO - [scripts.law.scraper] - 데이터 1건을 '/Users/woong/Roeum/roeum-crawler/data/raw/1492000/사회적기업 육성법 시행규칙_document.jsonl' 파일로 성공적으로 저장했습니다.
2025-08-17 15:36:45,436 - INFO - [scripts.law.scraper] - 데이터 19건을 '/Users/woong/Roeum/roeum-crawler/data/raw/1492000/사회적기업 육성법 시행규칙_chunks.jsonl' 파일로 성공적으로 저장했습니다.
2025-08-17 15:36:47,013 - INFO - [scripts.law.scraper] - 페이지로 이동 중: https://www.law.go.kr/LSW/lsInfoP.do?lsiSeq=272927&efYd=20250717
2025-08-17 15:36:48,341 - INFO - [scripts.law.scraper] - 로딩 마스크가 나타나기를 기다리는 중...
2025-08-17 15:36:48,368 - INFO - [scripts.law.scraper] - 로딩 마스크가 사라지기를 기다리는 중...
2025-08-17 15:36:50,206 - INFO - [scripts.law.scraper] - 페이지 최종 렌더링을 잠시 대기합니다...
2025-08-17 15:36:51,210 - INFO - [scripts.law.scraper] - 페이지 HTML 컨텐츠를 가져오는 중...
2025-08-17 15:36:51,310 - INFO - [scripts.law.scraper] - 데이터 파싱 중...
2025-08-17 15:36:52,168 - INFO - [scripts.law.scraper] - 데이터 1건을 '/Users/woong/Roeum/roeum-crawler/data/raw/1492000/산업안전보건기준에 관한 규칙_document.jsonl' 파일로 성공적으로 저장했습니다.
2025-08-17 15:36:52,173 - INFO - [scripts.law.scraper] - 데이터 690건을 '/Users/woong/Roeum/roeum-crawler/data/raw/1492000/산업안전보건기준에 관한 규칙_chunks.jsonl' 파일로 성공적으로 저장했습니다.
2025-08-17 15:36:53,795 - INFO - [scripts.law.scraper] - 페이지로 이동 중: https://www.law.go.kr/LSW/lsInfoP.do?lsiSeq=268551&efYd=20250722
2025-08-17 15:36:54,958 - INFO - [scripts.law.scraper] - 로딩 마스크가 나타나기를 기다리는 중...
2025-08-17 15:36:54,977 - INFO - [scripts.law.scraper] - 로딩 마스크가 사라지기를 기다리는 중...
2025-08-17 15:36:55,775 - INFO - [scripts.law.scraper] - 페이지 최종 렌더링을 잠시 대기합니다...
2025-08-17 15:36:56,780 - INFO - [scripts.law.scraper] - 페이지 HTML 컨텐츠를 가져오는 중...
2025-08-17 15:36:56,844 - INFO - [scripts.law.scraper] - 데이터 파싱 중...
2025-08-17 15:36:57,119 - INFO - [scripts.law.scraper] - 데이터 1건을 '/Users/woong/Roeum/roeum-crawler/data/raw/1492000/산업안전보건법_document.jsonl' 파일로 성공적으로 저장했습니다.
2025-08-17 15:36:57,121 - INFO - [scripts.law.scraper] - 데이터 181건을 '/Users/woong/Roeum/roeum-crawler/data/raw/1492000/산업안전보건법_chunks.jsonl' 파일로 성공적으로 저장했습니다.
2025-08-17 15:36:58,706 - INFO - [scripts.law.scraper] - 페이지로 이동 중: https://www.law.go.kr/LSW/lsInfoP.do?lsiSeq=272499&efYd=20250621
2025-08-17 15:36:59,717 - INFO - [scripts.law.scraper] - 로딩 마스크가 나타나기를 기다리는 중...
2025-08-17 15:36:59,739 - INFO - [scripts.law.scraper] - 로딩 마스크가 사라지기를 기다리는 중...
2025-08-17 15:37:00,534 - INFO - [scripts.law.scraper] - 페이지 최종 렌더링을 잠시 대기합니다...
2025-08-17 15:37:01,537 - INFO - [scripts.law.scraper] - 페이지 HTML 컨텐츠를 가져오는 중...
2025-08-17 15:37:01,605 - INFO - [scripts.law.scraper] - 데이터 파싱 중...
2025-08-17 15:37:01,939 - INFO - [scripts.law.scraper] - 데이터 1건을 '/Users/woong/Roeum/roeum-crawler/data/raw/1492000/산업안전보건법 시행령_document.jsonl' 파일로 성공적으로 저장했습니다.
2025-08-17 15:37:01,940 - INFO - [scripts.law.scraper] - 데이터 124건을 '/Users/woong/Roeum/roeum-crawler/data/raw/1492000/산업안전보건법 시행령_chunks.jsonl' 파일로 성공적으로 저장했습니다.
2025-08-17 15:37:03,570 - INFO - [scripts.law.scraper] - 페이지로 이동 중: https://www.law.go.kr/LSW/lsInfoP.do?lsiSeq=263363&efYd=20260626
2025-08-17 15:37:04,956 - INFO - [scripts.law.scraper] - 로딩 마스크가 나타나기를 기다리는 중...
2025-08-17 15:37:04,987 - INFO - [scripts.law.scraper] - 로딩 마스크가 사라지기를 기다리는 중...
2025-08-17 15:37:05,789 - INFO - [scripts.law.scraper] - 페이지 최종 렌더링을 잠시 대기합니다...
2025-08-17 15:37:06,794 - INFO - [scripts.law.scraper] - 페이지 HTML 컨텐츠를 가져오는 중...
2025-08-17 15:37:06,850 - INFO - [scripts.law.scraper] - 데이터 파싱 중...
2025-08-17 15:37:07,066 - INFO - [scripts.law.scraper] - 데이터 1건을 '/Users/woong/Roeum/roeum-crawler/data/raw/1492000/산업안전보건법 시행령_document.jsonl' 파일로 성공적으로 저장했습니다.
2025-08-17 15:37:07,067 - INFO - [scripts.law.scraper] - 데이터 124건을 '/Users/woong/Roeum/roeum-crawler/data/raw/1492000/산업안전보건법 시행령_chunks.jsonl' 파일로 성공적으로 저장했습니다.
2025-08-17 15:37:08,663 - INFO - [scripts.law.scraper] - 페이지로 이동 중: https://www.law.go.kr/LSW/lsInfoP.do?lsiSeq=271485&efYd=20250601
2025-08-17 15:37:09,695 - INFO - [scripts.law.scraper] - 로딩 마스크가 나타나기를 기다리는 중...
2025-08-17 15:37:09,716 - INFO - [scripts.law.scraper] - 로딩 마스크가 사라지기를 기다리는 중...
2025-08-17 15:37:11,881 - INFO - [scripts.law.scraper] - 페이지 최종 렌더링을 잠시 대기합니다...
2025-08-17 15:37:12,884 - INFO - [scripts.law.scraper] - 페이지 HTML 컨텐츠를 가져오는 중...
2025-08-17 15:37:12,995 - INFO - [scripts.law.scraper] - 데이터 파싱 중...
2025-08-17 15:37:13,606 - INFO - [scripts.law.scraper] - 데이터 1건을 '/Users/woong/Roeum/roeum-crawler/data/raw/1492000/산업안전보건법 시행규칙_document.jsonl' 파일로 성공적으로 저장했습니다.
2025-08-17 15:37:13,608 - INFO - [scripts.law.scraper] - 데이터 246건을 '/Users/woong/Roeum/roeum-crawler/data/raw/1492000/산업안전보건법 시행규칙_chunks.jsonl' 파일로 성공적으로 저장했습니다.
2025-08-17 15:37:15,217 - INFO - [scripts.law.scraper] - 페이지로 이동 중: https://www.law.go.kr/LSW/lsInfoP.do?lsiSeq=271485&efYd=20260101
2025-08-17 15:37:16,348 - INFO - [scripts.law.scraper] - 로딩 마스크가 나타나기를 기다리는 중...
2025-08-17 15:37:16,368 - INFO - [scripts.law.scraper] - 로딩 마스크가 사라지기를 기다리는 중...
2025-08-17 15:37:17,672 - INFO - [scripts.law.scraper] - 페이지 최종 렌더링을 잠시 대기합니다...
2025-08-17 15:37:18,675 - INFO - [scripts.law.scraper] - 페이지 HTML 컨텐츠를 가져오는 중...
2025-08-17 15:37:18,770 - INFO - [scripts.law.scraper] - 데이터 파싱 중...
2025-08-17 15:37:19,239 - INFO - [scripts.law.scraper] - 데이터 1건을 '/Users/woong/Roeum/roeum-crawler/data/raw/1492000/산업안전보건법 시행규칙_document.jsonl' 파일로 성공적으로 저장했습니다.
2025-08-17 15:37:19,241 - INFO - [scripts.law.scraper] - 데이터 246건을 '/Users/woong/Roeum/roeum-crawler/data/raw/1492000/산업안전보건법 시행규칙_chunks.jsonl' 파일로 성공적으로 저장했습니다.
2025-08-17 15:37:20,844 - INFO - [scripts.law.scraper] - 페이지로 이동 중: https://www.law.go.kr/LSW/lsInfoP.do?lsiSeq=263749&efYd=20260626
2025-08-17 15:37:22,689 - INFO - [scripts.law.scraper] - 로딩 마스크가 나타나기를 기다리는 중...
2025-08-17 15:37:22,711 - INFO - [scripts.law.scraper] - 로딩 마스크가 사라지기를 기다리는 중...
2025-08-17 15:37:25,031 - INFO - [scripts.law.scraper] - 페이지 최종 렌더링을 잠시 대기합니다...
2025-08-17 15:37:26,034 - INFO - [scripts.law.scraper] - 페이지 HTML 컨텐츠를 가져오는 중...
2025-08-17 15:37:26,128 - INFO - [scripts.law.scraper] - 데이터 파싱 중...
2025-08-17 15:37:26,596 - INFO - [scripts.law.scraper] - 데이터 1건을 '/Users/woong/Roeum/roeum-crawler/data/raw/1492000/산업안전보건법 시행규칙_document.jsonl' 파일로 성공적으로 저장했습니다.
2025-08-17 15:37:26,599 - INFO - [scripts.law.scraper] - 데이터 246건을 '/Users/woong/Roeum/roeum-crawler/data/raw/1492000/산업안전보건법 시행규칙_chunks.jsonl' 파일로 성공적으로 저장했습니다.
2025-08-17 15:37:28,210 - INFO - [scripts.law.scraper] - 페이지로 이동 중: https://www.law.go.kr/LSW/lsInfoP.do?lsiSeq=265977&efYd=20250101
2025-08-17 15:37:29,604 - INFO - [scripts.law.scraper] - 로딩 마스크가 나타나기를 기다리는 중...
2025-08-17 15:37:29,625 - INFO - [scripts.law.scraper] - 로딩 마스크가 사라지기를 기다리는 중...
2025-08-17 15:37:30,446 - INFO - [scripts.law.scraper] - 페이지 최종 렌더링을 잠시 대기합니다...
2025-08-17 15:37:31,449 - INFO - [scripts.law.scraper] - 페이지 HTML 컨텐츠를 가져오는 중...
2025-08-17 15:37:31,512 - INFO - [scripts.law.scraper] - 데이터 파싱 중...
2025-08-17 15:37:31,778 - INFO - [scripts.law.scraper] - 데이터 1건을 '/Users/woong/Roeum/roeum-crawler/data/raw/1492000/산업재해보상보험법_document.jsonl' 파일로 성공적으로 저장했습니다.
2025-08-17 15:37:31,779 - INFO - [scripts.law.scraper] - 데이터 161건을 '/Users/woong/Roeum/roeum-crawler/data/raw/1492000/산업재해보상보험법_chunks.jsonl' 파일로 성공적으로 저장했습니다.
2025-08-17 15:37:33,370 - INFO - [scripts.law.scraper] - 페이지로 이동 중: https://www.law.go.kr/LSW/lsInfoP.do?lsiSeq=272501&efYd=20250621
2025-08-17 15:37:34,675 - INFO - [scripts.law.scraper] - 로딩 마스크가 나타나기를 기다리는 중...
2025-08-17 15:37:34,697 - INFO - [scripts.law.scraper] - 로딩 마스크가 사라지기를 기다리는 중...
2025-08-17 15:37:35,530 - INFO - [scripts.law.scraper] - 페이지 최종 렌더링을 잠시 대기합니다...
2025-08-17 15:37:36,533 - INFO - [scripts.law.scraper] - 페이지 HTML 컨텐츠를 가져오는 중...
2025-08-17 15:37:36,600 - INFO - [scripts.law.scraper] - 데이터 파싱 중...
2025-08-17 15:37:36,892 - INFO - [scripts.law.scraper] - 데이터 1건을 '/Users/woong/Roeum/roeum-crawler/data/raw/1492000/산업재해보상보험법 시행령_document.jsonl' 파일로 성공적으로 저장했습니다.
2025-08-17 15:37:36,893 - INFO - [scripts.law.scraper] - 데이터 159건을 '/Users/woong/Roeum/roeum-crawler/data/raw/1492000/산업재해보상보험법 시행령_chunks.jsonl' 파일로 성공적으로 저장했습니다.
2025-08-17 15:37:38,499 - INFO - [scripts.law.scraper] - 페이지로 이동 중: https://www.law.go.kr/LSW/lsInfoP.do?lsiSeq=272427&efYd=20250621
2025-08-17 15:37:39,717 - INFO - [scripts.law.scraper] - 로딩 마스크가 나타나기를 기다리는 중...
2025-08-17 15:37:39,739 - INFO - [scripts.law.scraper] - 로딩 마스크가 사라지기를 기다리는 중...
2025-08-17 15:37:41,035 - INFO - [scripts.law.scraper] - 페이지 최종 렌더링을 잠시 대기합니다...
2025-08-17 15:37:42,038 - INFO - [scripts.law.scraper] - 페이지 HTML 컨텐츠를 가져오는 중...
2025-08-17 15:37:42,084 - INFO - [scripts.law.scraper] - 데이터 파싱 중...
2025-08-17 15:37:42,259 - INFO - [scripts.law.scraper] - 데이터 1건을 '/Users/woong/Roeum/roeum-crawler/data/raw/1492000/산업재해보상보험법 시행규칙_document.jsonl' 파일로 성공적으로 저장했습니다.
2025-08-17 15:37:42,260 - INFO - [scripts.law.scraper] - 데이터 95건을 '/Users/woong/Roeum/roeum-crawler/data/raw/1492000/산업재해보상보험법 시행규칙_chunks.jsonl' 파일로 성공적으로 저장했습니다.
2025-08-17 15:37:43,851 - INFO - [scripts.law.scraper] - 페이지로 이동 중: https://www.law.go.kr/LSW/lsInfoP.do?lsiSeq=255401&efYd=20240425
2025-08-17 15:37:45,646 - INFO - [scripts.law.scraper] - 로딩 마스크가 나타나기를 기다리는 중...
2025-08-17 15:37:45,664 - INFO - [scripts.law.scraper] - 로딩 마스크가 사라지기를 기다리는 중...
2025-08-17 15:37:45,847 - INFO - [scripts.law.scraper] - 페이지 최종 렌더링을 잠시 대기합니다...
2025-08-17 15:37:46,851 - INFO - [scripts.law.scraper] - 페이지 HTML 컨텐츠를 가져오는 중...
2025-08-17 15:37:46,874 - INFO - [scripts.law.scraper] - 데이터 파싱 중...
2025-08-17 15:37:46,930 - INFO - [scripts.law.scraper] - 데이터 1건을 '/Users/woong/Roeum/roeum-crawler/data/raw/1492000/산업전환에 따른 고용안정 지원 등에 관한 법률_document.jsonl' 파일로 성공적으로 저장했습니다.
2025-08-17 15:37:46,931 - INFO - [scripts.law.scraper] - 데이터 17건을 '/Users/woong/Roeum/roeum-crawler/data/raw/1492000/산업전환에 따른 고용안정 지원 등에 관한 법률_chunks.jsonl' 파일로 성공적으로 저장했습니다.
2025-08-17 15:37:48,527 - INFO - [scripts.law.scraper] - 페이지로 이동 중: https://www.law.go.kr/LSW/lsInfoP.do?lsiSeq=261767&efYd=20240425
2025-08-17 15:37:49,632 - INFO - [scripts.law.scraper] - 로딩 마스크가 나타나기를 기다리는 중...
2025-08-17 15:37:49,654 - INFO - [scripts.law.scraper] - 로딩 마스크가 사라지기를 기다리는 중...
2025-08-17 15:37:49,942 - INFO - [scripts.law.scraper] - 페이지 최종 렌더링을 잠시 대기합니다...
2025-08-17 15:37:50,945 - INFO - [scripts.law.scraper] - 페이지 HTML 컨텐츠를 가져오는 중...
2025-08-17 15:37:50,967 - INFO - [scripts.law.scraper] - 데이터 파싱 중...
2025-08-17 15:37:51,022 - INFO - [scripts.law.scraper] - 데이터 1건을 '/Users/woong/Roeum/roeum-crawler/data/raw/1492000/산업전환에 따른 고용안정 지원 등에 관한 법률 시행령_document.jsonl' 파일로 성공적으로 저장했습니다.
2025-08-17 15:37:51,023 - INFO - [scripts.law.scraper] - 데이터 6건을 '/Users/woong/Roeum/roeum-crawler/data/raw/1492000/산업전환에 따른 고용안정 지원 등에 관한 법률 시행령_chunks.jsonl' 파일로 성공적으로 저장했습니다.
2025-08-17 15:37:52,603 - INFO - [scripts.law.scraper] - 페이지로 이동 중: https://www.law.go.kr/LSW/lsInfoP.do?lsiSeq=234773&efYd=20220218
2025-08-17 15:37:53,907 - INFO - [scripts.law.scraper] - 로딩 마스크가 나타나기를 기다리는 중...
2025-08-17 15:37:53,928 - INFO - [scripts.law.scraper] - 로딩 마스크가 사라지기를 기다리는 중...
2025-08-17 15:37:54,212 - INFO - [scripts.law.scraper] - 페이지 최종 렌더링을 잠시 대기합니다...
2025-08-17 15:37:55,215 - INFO - [scripts.law.scraper] - 페이지 HTML 컨텐츠를 가져오는 중...
2025-08-17 15:37:55,246 - INFO - [scripts.law.scraper] - 데이터 파싱 중...
2025-08-17 15:37:55,337 - INFO - [scripts.law.scraper] - 데이터 1건을 '/Users/woong/Roeum/roeum-crawler/data/raw/1492000/산업현장 일학습병행 지원에 관한 법률_document.jsonl' 파일로 성공적으로 저장했습니다.
2025-08-17 15:37:55,338 - INFO - [scripts.law.scraper] - 데이터 42건을 '/Users/woong/Roeum/roeum-crawler/data/raw/1492000/산업현장 일학습병행 지원에 관한 법률_chunks.jsonl' 파일로 성공적으로 저장했습니다.
2025-08-17 15:37:56,933 - INFO - [scripts.law.scraper] - 페이지로 이동 중: https://www.law.go.kr/LSW/lsInfoP.do?lsiSeq=271499&efYd=20250602
2025-08-17 15:37:58,518 - INFO - [scripts.law.scraper] - 로딩 마스크가 나타나기를 기다리는 중...
2025-08-17 15:37:58,548 - INFO - [scripts.law.scraper] - 로딩 마스크가 사라지기를 기다리는 중...
2025-08-17 15:37:58,782 - INFO - [scripts.law.scraper] - 페이지 최종 렌더링을 잠시 대기합니다...
2025-08-17 15:37:59,786 - INFO - [scripts.law.scraper] - 페이지 HTML 컨텐츠를 가져오는 중...
2025-08-17 15:37:59,814 - INFO - [scripts.law.scraper] - 데이터 파싱 중...
2025-08-17 15:37:59,892 - INFO - [scripts.law.scraper] - 데이터 1건을 '/Users/woong/Roeum/roeum-crawler/data/raw/1492000/산업현장 일학습병행 지원에 관한 법률 시행령_document.jsonl' 파일로 성공적으로 저장했습니다.
2025-08-17 15:37:59,892 - INFO - [scripts.law.scraper] - 데이터 19건을 '/Users/woong/Roeum/roeum-crawler/data/raw/1492000/산업현장 일학습병행 지원에 관한 법률 시행령_chunks.jsonl' 파일로 성공적으로 저장했습니다.
2025-08-17 15:38:01,507 - INFO - [scripts.law.scraper] - 페이지로 이동 중: https://www.law.go.kr/LSW/lsInfoP.do?lsiSeq=221271&efYd=20200828
2025-08-17 15:38:03,171 - INFO - [scripts.law.scraper] - 로딩 마스크가 나타나기를 기다리는 중...
2025-08-17 15:38:03,191 - INFO - [scripts.law.scraper] - 로딩 마스크가 사라지기를 기다리는 중...
2025-08-17 15:38:03,377 - INFO - [scripts.law.scraper] - 페이지 최종 렌더링을 잠시 대기합니다...
2025-08-17 15:38:04,379 - INFO - [scripts.law.scraper] - 페이지 HTML 컨텐츠를 가져오는 중...
2025-08-17 15:38:04,395 - INFO - [scripts.law.scraper] - 데이터 파싱 중...
2025-08-17 15:38:04,470 - INFO - [scripts.law.scraper] - 데이터 1건을 '/Users/woong/Roeum/roeum-crawler/data/raw/1492000/산업현장 일학습병행 지원에 관한 법률 시행규칙_document.jsonl' 파일로 성공적으로 저장했습니다.
2025-08-17 15:38:04,471 - INFO - [scripts.law.scraper] - 데이터 13건을 '/Users/woong/Roeum/roeum-crawler/data/raw/1492000/산업현장 일학습병행 지원에 관한 법률 시행규칙_chunks.jsonl' 파일로 성공적으로 저장했습니다.
2025-08-17 15:38:06,086 - INFO - [scripts.law.scraper] - 페이지로 이동 중: https://www.law.go.kr/LSW/lsInfoP.do?lsiSeq=252725&efYd=20230718
2025-08-17 15:38:07,364 - INFO - [scripts.law.scraper] - 로딩 마스크가 나타나기를 기다리는 중...
2025-08-17 15:38:07,383 - INFO - [scripts.law.scraper] - 로딩 마스크가 사라지기를 기다리는 중...
2025-08-17 15:38:07,595 - INFO - [scripts.law.scraper] - 페이지 최종 렌더링을 잠시 대기합니다...
2025-08-17 15:38:08,599 - INFO - [scripts.law.scraper] - 페이지 HTML 컨텐츠를 가져오는 중...
2025-08-17 15:38:08,627 - INFO - [scripts.law.scraper] - 데이터 파싱 중...
2025-08-17 15:38:08,710 - INFO - [scripts.law.scraper] - 데이터 1건을 '/Users/woong/Roeum/roeum-crawler/data/raw/1492000/숙련기술장려법_document.jsonl' 파일로 성공적으로 저장했습니다.
2025-08-17 15:38:08,710 - INFO - [scripts.law.scraper] - 데이터 29건을 '/Users/woong/Roeum/roeum-crawler/data/raw/1492000/숙련기술장려법_chunks.jsonl' 파일로 성공적으로 저장했습니다.
2025-08-17 15:38:10,296 - INFO - [scripts.law.scraper] - 페이지로 이동 중: https://www.law.go.kr/LSW/lsInfoP.do?lsiSeq=230605&efYd=20210401
2025-08-17 15:38:11,571 - INFO - [scripts.law.scraper] - 로딩 마스크가 나타나기를 기다리는 중...
2025-08-17 15:38:11,597 - INFO - [scripts.law.scraper] - 로딩 마스크가 사라지기를 기다리는 중...
2025-08-17 15:38:11,883 - INFO - [scripts.law.scraper] - 페이지 최종 렌더링을 잠시 대기합니다...
2025-08-17 15:38:12,887 - INFO - [scripts.law.scraper] - 페이지 HTML 컨텐츠를 가져오는 중...
2025-08-17 15:38:12,919 - INFO - [scripts.law.scraper] - 데이터 파싱 중...
2025-08-17 15:38:13,021 - INFO - [scripts.law.scraper] - 데이터 1건을 '/Users/woong/Roeum/roeum-crawler/data/raw/1492000/숙련기술장려법 시행령_document.jsonl' 파일로 성공적으로 저장했습니다.
2025-08-17 15:38:13,022 - INFO - [scripts.law.scraper] - 데이터 37건을 '/Users/woong/Roeum/roeum-crawler/data/raw/1492000/숙련기술장려법 시행령_chunks.jsonl' 파일로 성공적으로 저장했습니다.
