2025-08-17 16:35:31,824 - INFO - [__main__] - 총 378개의 URL을 './bin/../data/raw/1270000/urls.jsonl' 파일에 저장했습니다.
2025-08-17 16:35:32,014 - INFO - [__main__] - 상세 페이지 스크레이퍼 실행: https://www.law.go.kr/LSW/lsInfoP.do?lsiSeq=235549&efYd=20220701
2025-08-17 16:35:34,706 - INFO - [__main__] - 상세 페이지 스크레이퍼 완료: 5ㆍ18민주화운동 등에 관한 특별법
2025-08-17 16:35:35,925 - INFO - [__main__] - 상세 페이지 스크레이퍼 실행: https://www.law.go.kr/LSW/lsInfoP.do?lsiSeq=188538&efYd=20170328
2025-08-17 16:35:38,754 - INFO - [__main__] - 상세 페이지 스크레이퍼 완료: 가등기담보 등에 관한 법률
2025-08-17 16:35:39,960 - INFO - [__main__] - 상세 페이지 스크레이퍼 실행: https://www.law.go.kr/LSW/lsInfoP.do?lsiSeq=249997&efYd=20231019
2025-08-17 16:35:43,714 - INFO - [__main__] - 상세 페이지 스크레이퍼 완료: 가사소송법
2025-08-17 16:35:44,943 - INFO - [__main__] - 상세 페이지 스크레이퍼 실행: https://www.law.go.kr/LSW/lsInfoP.do?lsiSeq=243607&efYd=20220701
2025-08-17 16:35:47,811 - INFO - [__main__] - 상세 페이지 스크레이퍼 완료: 가석방자관리규정
2025-08-17 16:35:49,039 - INFO - [__main__] - 상세 페이지 스크레이퍼 실행: https://www.law.go.kr/LSW/lsInfoP.do?lsiSeq=245971&efYd=20230614
2025-08-17 16:35:52,642 - INFO - [__main__] - 상세 페이지 스크레이퍼 완료: 가정폭력범죄의 처벌 등에 관한 특례법
2025-08-17 16:35:53,869 - INFO - [__main__] - 상세 페이지 스크레이퍼 실행: https://www.law.go.kr/LSW/lsInfoP.do?lsiSeq=172201&efYd=20160101
2025-08-17 16:35:56,730 - INFO - [__main__] - 상세 페이지 스크레이퍼 완료: 가정폭력범죄의 처벌 등에 관한 특례법 시행령
2025-08-17 16:35:57,948 - INFO - [__main__] - 상세 페이지 스크레이퍼 실행: https://www.law.go.kr/LSW/lsInfoP.do?lsiSeq=257203&efYd=20241227
2025-08-17 16:36:01,665 - INFO - [__main__] - 상세 페이지 스크레이퍼 완료: 가족관계의 등록 등에 관한 법률
2025-08-17 16:36:02,886 - INFO - [__main__] - 상세 페이지 스크레이퍼 실행: https://www.law.go.kr/LSW/lsInfoP.do?lsiSeq=116110&efYd=20110819
2025-08-17 16:36:05,708 - INFO - [__main__] - 상세 페이지 스크레이퍼 완료: 거절증서령
2025-08-17 16:36:06,935 - INFO - [__main__] - 상세 페이지 스크레이퍼 실행: https://www.law.go.kr/LSW/lsInfoP.do?lsiSeq=214711&efYd=20200220
2025-08-17 16:36:09,760 - INFO - [__main__] - 상세 페이지 스크레이퍼 완료: 검사복무평정규칙
2025-08-17 16:36:10,971 - INFO - [__main__] - 상세 페이지 스크레이퍼 실행: https://www.law.go.kr/LSW/lsInfoP.do?lsiSeq=91924&efYd=20090312
2025-08-17 16:36:14,176 - INFO - [__main__] - 상세 페이지 스크레이퍼 완료: 검사 선서에 관한 규정
2025-08-17 16:36:15,396 - INFO - [__main__] - 상세 페이지 스크레이퍼 실행: https://www.law.go.kr/LSW/lsInfoP.do?lsiSeq=255305&efYd=20231101
2025-08-17 16:36:18,852 - INFO - [__main__] - 상세 페이지 스크레이퍼 완료: 검사와 사법경찰관의 상호협력과 일반적 수사준칙에 관한 규정
2025-08-17 16:36:20,078 - INFO - [__main__] - 상세 페이지 스크레이퍼 실행: https://www.law.go.kr/LSW/lsInfoP.do?lsiSeq=270213&efYd=20250321
2025-08-17 16:36:23,107 - INFO - [__main__] - 상세 페이지 스크레이퍼 완료: 검사의 국선변호사 선정 등에 관한 규칙
2025-08-17 16:36:24,333 - INFO - [__main__] - 상세 페이지 스크레이퍼 실행: https://www.law.go.kr/LSW/lsInfoP.do?lsiSeq=240197&efYd=20220207
2025-08-17 16:36:27,110 - INFO - [__main__] - 상세 페이지 스크레이퍼 완료: 검사의 법복에 관한 규칙
2025-08-17 16:36:28,312 - INFO - [__main__] - 상세 페이지 스크레이퍼 실행: https://www.law.go.kr/LSW/lsInfoP.do?lsiSeq=121947&efYd=20120117
2025-08-17 16:36:31,179 - INFO - [__main__] - 상세 페이지 스크레이퍼 완료: 검사의 보수에 관한 법률
2025-08-17 16:36:32,398 - INFO - [__main__] - 상세 페이지 스크레이퍼 실행: https://www.law.go.kr/LSW/lsInfoP.do?lsiSeq=271317&efYd=20250527
2025-08-17 16:36:36,294 - INFO - [__main__] - 상세 페이지 스크레이퍼 완료: 검사의 보수에 관한 법률 시행령
2025-08-17 16:36:37,511 - INFO - [__main__] - 상세 페이지 스크레이퍼 실행: https://www.law.go.kr/LSW/lsInfoP.do?lsiSeq=263971&efYd=20241019
2025-08-17 16:36:40,824 - INFO - [__main__] - 상세 페이지 스크레이퍼 완료: 검사의 수사개시 범죄 범위에 관한 규정
2025-08-17 16:36:42,047 - INFO - [__main__] - 상세 페이지 스크레이퍼 실행: https://www.law.go.kr/LSW/lsInfoP.do?lsiSeq=125247&efYd=20120507
2025-08-17 16:36:45,691 - INFO - [__main__] - 상세 페이지 스크레이퍼 완료: 검사의 직무를 대리하는 사법연수생에 대한 실비 지급 규정
2025-08-17 16:36:46,905 - INFO - [__main__] - 상세 페이지 스크레이퍼 실행: https://www.law.go.kr/LSW/lsInfoP.do?lsiSeq=227147&efYd=20210105
2025-08-17 16:36:49,784 - INFO - [__main__] - 상세 페이지 스크레이퍼 완료: 검사인사규정
2025-08-17 16:36:51,004 - INFO - [__main__] - 상세 페이지 스크레이퍼 실행: https://www.law.go.kr/LSW/lsInfoP.do?lsiSeq=125246&efYd=20120507
2025-08-17 16:36:54,059 - INFO - [__main__] - 상세 페이지 스크레이퍼 완료: 검사적격심사위원회 규정
2025-08-17 16:36:55,275 - INFO - [__main__] - 상세 페이지 스크레이퍼 실행: https://www.law.go.kr/LSW/lsInfoP.do?lsiSeq=166367&efYd=20141231
2025-08-17 16:36:58,078 - INFO - [__main__] - 상세 페이지 스크레이퍼 완료: 검사정원법
2025-08-17 16:36:59,316 - INFO - [__main__] - 상세 페이지 스크레이퍼 실행: https://www.law.go.kr/LSW/lsInfoP.do?lsiSeq=269201&efYd=20250225
2025-08-17 16:37:02,363 - INFO - [__main__] - 상세 페이지 스크레이퍼 완료: 검사정원법 시행령
2025-08-17 16:37:03,577 - INFO - [__main__] - 상세 페이지 스크레이퍼 실행: https://www.law.go.kr/LSW/lsInfoP.do?lsiSeq=236767&efYd=20211116
2025-08-17 16:37:06,363 - INFO - [__main__] - 상세 페이지 스크레이퍼 완료: 검사직무대리 운영규정
2025-08-17 16:37:07,585 - INFO - [__main__] - 상세 페이지 스크레이퍼 실행: https://www.law.go.kr/LSW/lsInfoP.do?lsiSeq=271559&efYd=20250610
2025-08-17 16:37:11,098 - INFO - [__main__] - 상세 페이지 스크레이퍼 완료: 검사징계법
2025-08-17 16:37:12,314 - INFO - [__main__] - 상세 페이지 스크레이퍼 실행: https://www.law.go.kr/LSW/lsInfoP.do?lsiSeq=240199&efYd=20220207
2025-08-17 16:37:15,434 - INFO - [__main__] - 상세 페이지 스크레이퍼 완료: 검찰근무 규칙
2025-08-17 16:37:16,658 - INFO - [__main__] - 상세 페이지 스크레이퍼 실행: https://www.law.go.kr/LSW/lsInfoP.do?lsiSeq=243695&efYd=20220705
2025-08-17 16:37:19,517 - INFO - [__main__] - 상세 페이지 스크레이퍼 완료: 검찰 및 특별사법경찰관리 등의 개인정보 처리에 관한 규정
2025-08-17 16:37:20,766 - INFO - [__main__] - 상세 페이지 스크레이퍼 실행: https://www.law.go.kr/LSW/lsInfoP.do?lsiSeq=240201&efYd=20220207
2025-08-17 16:37:23,852 - INFO - [__main__] - 상세 페이지 스크레이퍼 완료: 검찰보고사무규칙
2025-08-17 16:37:25,072 - INFO - [__main__] - 상세 페이지 스크레이퍼 실행: https://www.law.go.kr/LSW/lsInfoP.do?lsiSeq=265295&efYd=20240911
2025-08-17 16:37:28,283 - INFO - [__main__] - 상세 페이지 스크레이퍼 완료: 검찰보존사무규칙
2025-08-17 16:37:29,502 - INFO - [__main__] - 상세 페이지 스크레이퍼 실행: https://www.law.go.kr/LSW/lsInfoP.do?lsiSeq=271613&efYd=20250604
2025-08-17 16:37:36,282 - INFO - [__main__] - 상세 페이지 스크레이퍼 완료: 검찰사건사무규칙
2025-08-17 16:37:37,557 - INFO - [__main__] - 상세 페이지 스크레이퍼 실행: https://www.law.go.kr/LSW/lsInfoP.do?lsiSeq=262687&efYd=20240517
2025-08-17 16:37:41,112 - INFO - [__main__] - 상세 페이지 스크레이퍼 완료: 검찰압수물사무규칙
2025-08-17 16:37:42,336 - INFO - [__main__] - 상세 페이지 스크레이퍼 실행: https://www.law.go.kr/LSW/lsInfoP.do?lsiSeq=119751&efYd=20120101
2025-08-17 16:37:45,136 - INFO - [__main__] - 상세 페이지 스크레이퍼 완료: 검찰인사위원회규정
2025-08-17 16:37:46,361 - INFO - [__main__] - 상세 페이지 스크레이퍼 실행: https://www.law.go.kr/LSW/lsInfoP.do?lsiSeq=267881&efYd=20241231
2025-08-17 16:37:49,157 - INFO - [__main__] - 상세 페이지 스크레이퍼 완료: 검찰청 관인 관리 규칙
2025-08-17 16:37:50,377 - INFO - [__main__] - 상세 페이지 스크레이퍼 실행: https://www.law.go.kr/LSW/lsInfoP.do?lsiSeq=242095&efYd=20220910
2025-08-17 16:37:53,704 - INFO - [__main__] - 상세 페이지 스크레이퍼 완료: 검찰청법
2025-08-17 16:37:54,938 - INFO - [__main__] - 상세 페이지 스크레이퍼 실행: https://www.law.go.kr/LSW/lsInfoP.do?lsiSeq=269321&efYd=20250225
2025-08-17 16:37:58,629 - INFO - [__main__] - 상세 페이지 스크레이퍼 완료: 검찰청 사무기구에 관한 규정
2025-08-17 16:37:59,875 - INFO - [__main__] - 상세 페이지 스크레이퍼 실행: https://www.law.go.kr/LSW/lsInfoP.do?lsiSeq=129203&efYd=20121015
2025-08-17 16:38:02,658 - INFO - [__main__] - 상세 페이지 스크레이퍼 완료: 검찰총장후보추천위원회 운영규정
2025-08-17 16:38:03,894 - INFO - [__main__] - 상세 페이지 스크레이퍼 실행: https://www.law.go.kr/LSW/lsInfoP.do?lsiSeq=183520&efYd=20161130
2025-08-17 16:38:07,042 - INFO - [__main__] - 상세 페이지 스크레이퍼 완료: 경비교도대 폐지에 따른 보상 등에 관한 법률
2025-08-17 16:38:08,261 - INFO - [__main__] - 상세 페이지 스크레이퍼 실행: https://www.law.go.kr/LSW/lsInfoP.do?lsiSeq=261779&efYd=20240416
2025-08-17 16:38:11,090 - INFO - [__main__] - 상세 페이지 스크레이퍼 완료: 경비교도대 폐지에 따른 보상 등에 관한 법률 시행령
2025-08-17 16:38:12,318 - INFO - [__main__] - 상세 페이지 스크레이퍼 실행: https://www.law.go.kr/LSW/lsInfoP.do?lsiSeq=116822&efYd=20110909
2025-08-17 16:38:15,044 - INFO - [__main__] - 상세 페이지 스크레이퍼 완료: 고등검찰청 검사의 지방검찰청 소재지에서의 사무처리에 관한 규칙
2025-08-17 16:38:16,326 - INFO - [__main__] - 상세 페이지 스크레이퍼 실행: https://www.law.go.kr/LSW/lsInfoP.do?lsiSeq=242099&efYd=20220910
2025-08-17 16:38:19,532 - INFO - [__main__] - 상세 페이지 스크레이퍼 완료: 공군 20전투비행단 이예람 중사 사망 사건 관련 군 내 성폭력 및 2차 피해 등의 진상규명을 위한 특별검사 임명 등에 관한 법률
2025-08-17 16:38:20,752 - INFO - [__main__] - 상세 페이지 스크레이퍼 실행: https://www.law.go.kr/LSW/lsInfoP.do?lsiSeq=215973&efYd=20210325
2025-08-17 16:38:23,866 - INFO - [__main__] - 상세 페이지 스크레이퍼 완료: 공무원범죄에 관한 몰수 특례법
2025-08-17 16:38:25,078 - INFO - [__main__] - 상세 페이지 스크레이퍼 실행: https://www.law.go.kr/LSW/lsInfoP.do?lsiSeq=249557&efYd=20230605
2025-08-17 16:38:28,277 - INFO - [__main__] - 상세 페이지 스크레이퍼 완료: 공문서에 대한 아포스티유 및 본부영사확인서 발급에 관한 규정
2025-08-17 16:38:29,500 - INFO - [__main__] - 상세 페이지 스크레이퍼 실행: https://www.law.go.kr/LSW/lsInfoP.do?lsiSeq=250645&efYd=20230605
2025-08-17 16:38:32,684 - INFO - [__main__] - 상세 페이지 스크레이퍼 완료: 공문서에 대한 아포스티유 및 본부영사확인서 발급에 관한 규정 시행규칙
2025-08-17 16:38:33,913 - INFO - [__main__] - 상세 페이지 스크레이퍼 실행: https://www.law.go.kr/LSW/lsInfoP.do?lsiSeq=35068&efYd=19690823
2025-08-17 16:38:37,287 - INFO - [__main__] - 상세 페이지 스크레이퍼 완료: 공소보류자관찰규칙
2025-08-17 16:38:38,505 - INFO - [__main__] - 상세 페이지 스크레이퍼 실행: https://www.law.go.kr/LSW/lsInfoP.do?lsiSeq=182009&efYd=20160329
2025-08-17 16:38:42,180 - INFO - [__main__] - 상세 페이지 스크레이퍼 완료: 공익법무관에 관한 법률
2025-08-17 16:38:43,401 - INFO - [__main__] - 상세 페이지 스크레이퍼 실행: https://www.law.go.kr/LSW/lsInfoP.do?lsiSeq=271437&efYd=20250602
2025-08-17 16:38:46,374 - INFO - [__main__] - 상세 페이지 스크레이퍼 완료: 공익법무관에 관한 법률 시행령
2025-08-17 16:38:47,597 - INFO - [__main__] - 상세 페이지 스크레이퍼 실행: https://www.law.go.kr/LSW/lsInfoP.do?lsiSeq=182360&efYd=20160331
2025-08-17 16:38:51,180 - INFO - [__main__] - 상세 페이지 스크레이퍼 완료: 공익법무관에 관한 법률 시행규칙
2025-08-17 16:38:52,395 - INFO - [__main__] - 상세 페이지 스크레이퍼 실행: https://www.law.go.kr/LSW/lsInfoP.do?lsiSeq=199494&efYd=20171212
2025-08-17 16:38:55,790 - INFO - [__main__] - 상세 페이지 스크레이퍼 완료: 공익법인의 설립ㆍ운영에 관한 법률
2025-08-17 16:38:57,040 - INFO - [__main__] - 상세 페이지 스크레이퍼 실행: https://www.law.go.kr/LSW/lsInfoP.do?lsiSeq=227221&efYd=20210105
2025-08-17 16:39:00,575 - INFO - [__main__] - 상세 페이지 스크레이퍼 완료: 공익법인의 설립ㆍ운영에 관한 법률 시행령
2025-08-17 16:39:01,795 - INFO - [__main__] - 상세 페이지 스크레이퍼 실행: https://www.law.go.kr/LSW/lsInfoP.do?lsiSeq=198547&efYd=20181101
2025-08-17 16:39:04,903 - INFO - [__main__] - 상세 페이지 스크레이퍼 완료: 공익신탁법
2025-08-17 16:39:06,128 - INFO - [__main__] - 상세 페이지 스크레이퍼 실행: https://www.law.go.kr/LSW/lsInfoP.do?lsiSeq=169302&efYd=20150319
2025-08-17 16:39:09,142 - INFO - [__main__] - 상세 페이지 스크레이퍼 완료: 공익신탁법 시행령
2025-08-17 16:39:10,357 - INFO - [__main__] - 상세 페이지 스크레이퍼 실행: https://www.law.go.kr/LSW/lsInfoP.do?lsiSeq=265379&efYd=20250131
2025-08-17 16:39:13,367 - INFO - [__main__] - 상세 페이지 스크레이퍼 완료: 공장 및 광업재단 저당법
2025-08-17 16:39:14,592 - INFO - [__main__] - 상세 페이지 스크레이퍼 실행: https://www.law.go.kr/LSW/lsInfoP.do?lsiSeq=240209&efYd=20220207
2025-08-17 16:39:17,800 - INFO - [__main__] - 상세 페이지 스크레이퍼 완료: 공증사무 이의신청사건의 처리에 관한 규칙
2025-08-17 16:39:19,016 - INFO - [__main__] - 상세 페이지 스크레이퍼 실행: https://www.law.go.kr/LSW/lsInfoP.do?lsiSeq=229213&efYd=20210201
2025-08-17 16:39:21,823 - INFO - [__main__] - 상세 페이지 스크레이퍼 완료: 공증 서류의 보존에 관한 규칙
2025-08-17 16:39:23,046 - INFO - [__main__] - 상세 페이지 스크레이퍼 실행: https://www.law.go.kr/LSW/lsInfoP.do?lsiSeq=240211&efYd=20220207
2025-08-17 16:39:27,224 - INFO - [__main__] - 상세 페이지 스크레이퍼 완료: 공증서식의 사용 등에 관한 규칙
2025-08-17 16:39:28,448 - INFO - [__main__] - 상세 페이지 스크레이퍼 실행: https://www.law.go.kr/LSW/lsInfoP.do?lsiSeq=199495&efYd=20180620
2025-08-17 16:39:31,783 - INFO - [__main__] - 상세 페이지 스크레이퍼 완료: 공증인법
2025-08-17 16:39:33,012 - INFO - [__main__] - 상세 페이지 스크레이퍼 실행: https://www.law.go.kr/LSW/lsInfoP.do?lsiSeq=252063&efYd=20230627
2025-08-17 16:39:36,648 - INFO - [__main__] - 상세 페이지 스크레이퍼 완료: 공증인법 시행령
2025-08-17 16:39:37,868 - INFO - [__main__] - 상세 페이지 스크레이퍼 실행: https://www.law.go.kr/LSW/lsInfoP.do?lsiSeq=102646&efYd=20100207
2025-08-17 16:39:41,308 - INFO - [__main__] - 상세 페이지 스크레이퍼 완료: 공증인 수수료 규칙
2025-08-17 16:39:42,591 - INFO - [__main__] - 상세 페이지 스크레이퍼 실행: https://www.law.go.kr/LSW/lsInfoP.do?lsiSeq=102647&efYd=20100207
2025-08-17 16:39:45,423 - INFO - [__main__] - 상세 페이지 스크레이퍼 완료: 공증인의 정원 및 신원보증금에 관한 규칙
2025-08-17 16:39:46,637 - INFO - [__main__] - 상세 페이지 스크레이퍼 실행: https://www.law.go.kr/LSW/lsInfoP.do?lsiSeq=265771&efYd=20250117
2025-08-17 16:39:49,721 - INFO - [__main__] - 상세 페이지 스크레이퍼 완료: 공탁법
2025-08-17 16:39:50,944 - INFO - [__main__] - 상세 페이지 스크레이퍼 실행: https://www.law.go.kr/LSW/lsInfoP.do?lsiSeq=270769&efYd=20250422
2025-08-17 16:39:55,655 - INFO - [__main__] - 상세 페이지 스크레이퍼 완료: 교도관직무규칙
2025-08-17 16:39:56,894 - INFO - [__main__] - 상세 페이지 스크레이퍼 실행: https://www.law.go.kr/LSW/lsInfoP.do?lsiSeq=138747&efYd=20130405
2025-08-17 16:40:01,116 - INFO - [__main__] - 상세 페이지 스크레이퍼 완료: 교도작업의 운영 및 특별회계에 관한 법률
2025-08-17 16:40:02,333 - INFO - [__main__] - 상세 페이지 스크레이퍼 실행: https://www.law.go.kr/LSW/lsInfoP.do?lsiSeq=106754&efYd=20101022
2025-08-17 16:40:05,107 - INFO - [__main__] - 상세 페이지 스크레이퍼 완료: 교도작업의 운영 및 특별회계에 관한 법률 시행령
2025-08-17 16:40:06,328 - INFO - [__main__] - 상세 페이지 스크레이퍼 실행: https://www.law.go.kr/LSW/lsInfoP.do?lsiSeq=176754&efYd=20151125
2025-08-17 16:40:09,333 - INFO - [__main__] - 상세 페이지 스크레이퍼 완료: 교도작업의 운영 및 특별회계에 관한 법률 시행규칙
2025-08-17 16:40:10,552 - INFO - [__main__] - 상세 페이지 스크레이퍼 실행: https://www.law.go.kr/LSW/lsInfoP.do?lsiSeq=258001&efYd=20240103
2025-08-17 16:40:13,934 - INFO - [__main__] - 상세 페이지 스크레이퍼 완료: 교정공무원 복제규칙
2025-08-17 16:40:15,164 - INFO - [__main__] - 상세 페이지 스크레이퍼 실행: https://www.law.go.kr/LSW/lsInfoP.do?lsiSeq=222423&efYd=20201020
2025-08-17 16:40:18,286 - INFO - [__main__] - 상세 페이지 스크레이퍼 완료: 교정공제회법
2025-08-17 16:40:19,515 - INFO - [__main__] - 상세 페이지 스크레이퍼 실행: https://www.law.go.kr/LSW/lsInfoP.do?lsiSeq=217433&efYd=20200901
2025-08-17 16:40:23,039 - INFO - [__main__] - 상세 페이지 스크레이퍼 완료: 교정직공무원 승진임용 규정
2025-08-17 16:40:24,268 - INFO - [__main__] - 상세 페이지 스크레이퍼 실행: https://www.law.go.kr/LSW/lsInfoP.do?lsiSeq=176755&efYd=20151125
2025-08-17 16:40:27,187 - INFO - [__main__] - 상세 페이지 스크레이퍼 완료: 교정직공무원 임용시험의 체력검사에 관한 규칙
2025-08-17 16:40:28,395 - INFO - [__main__] - 상세 페이지 스크레이퍼 실행: https://www.law.go.kr/LSW/lsInfoP.do?lsiSeq=268077&efYd=20250604
2025-08-17 16:40:31,143 - INFO - [__main__] - 상세 페이지 스크레이퍼 완료: 교통사고처리 특례법
2025-08-17 16:40:32,361 - INFO - [__main__] - 상세 페이지 스크레이퍼 실행: https://www.law.go.kr/LSW/lsInfoP.do?lsiSeq=227259&efYd=20210105
2025-08-17 16:40:45,057 - INFO - [__main__] - 상세 페이지 스크레이퍼 완료: 교통사고처리 특례법 시행령
2025-08-17 16:40:46,323 - INFO - [__main__] - 상세 페이지 스크레이퍼 실행: https://www.law.go.kr/LSW/lsInfoP.do?lsiSeq=91382&efYd=20090130
2025-08-17 16:40:49,317 - INFO - [__main__] - 상세 페이지 스크레이퍼 완료: 국가를 당사자로 하는 소송에 관한 법률
2025-08-17 16:40:50,551 - INFO - [__main__] - 상세 페이지 스크레이퍼 실행: https://www.law.go.kr/LSW/lsInfoP.do?lsiSeq=227271&efYd=20210105
2025-08-17 16:40:53,482 - INFO - [__main__] - 상세 페이지 스크레이퍼 완료: 국가를 당사자로 하는 소송에 관한 법률 시행령
2025-08-17 16:40:54,666 - INFO - [__main__] - 상세 페이지 스크레이퍼 실행: https://www.law.go.kr/LSW/lsInfoP.do?lsiSeq=240257&efYd=20220207
2025-08-17 16:40:57,910 - INFO - [__main__] - 상세 페이지 스크레이퍼 완료: 국가를 당사자로 하는 소송에 관한 법률 시행규칙
2025-08-17 16:40:59,159 - INFO - [__main__] - 상세 페이지 스크레이퍼 실행: https://www.law.go.kr/LSW/lsInfoP.do?lsiSeq=267149&efYd=20241216
2025-08-17 16:41:12,627 - INFO - [__main__] - 상세 페이지 스크레이퍼 완료: 국가를 당사자로 하는 소송의 수행자에 대한 포상금 지급 규칙
2025-08-17 16:41:13,945 - INFO - [__main__] - 상세 페이지 스크레이퍼 실행: https://www.law.go.kr/LSW/lsInfoP.do?lsiSeq=268079&efYd=20250107
2025-08-17 16:41:17,415 - INFO - [__main__] - 상세 페이지 스크레이퍼 완료: 국가배상법
2025-08-17 16:41:18,647 - INFO - [__main__] - 상세 페이지 스크레이퍼 실행: https://www.law.go.kr/LSW/lsInfoP.do?lsiSeq=255765&efYd=20240118
2025-08-17 16:41:22,611 - INFO - [__main__] - 상세 페이지 스크레이퍼 완료: 국가배상법 시행령
2025-08-17 16:41:23,849 - INFO - [__main__] - 상세 페이지 스크레이퍼 실행: https://www.law.go.kr/LSW/lsInfoP.do?lsiSeq=240259&efYd=20220207
2025-08-17 16:41:27,021 - INFO - [__main__] - 상세 페이지 스크레이퍼 완료: 국가배상법 시행규칙
2025-08-17 16:41:28,264 - INFO - [__main__] - 상세 페이지 스크레이퍼 실행: https://www.law.go.kr/LSW/lsInfoP.do?lsiSeq=179033&efYd=20170707
2025-08-17 16:41:30,953 - INFO - [__main__] - 상세 페이지 스크레이퍼 완료: 국가보안법
2025-08-17 16:41:32,175 - INFO - [__main__] - 상세 페이지 스크레이퍼 실행: https://www.law.go.kr/LSW/lsInfoP.do?lsiSeq=249605&efYd=20230605
2025-08-17 16:41:35,625 - INFO - [__main__] - 상세 페이지 스크레이퍼 완료: 국가보안유공자 상금지급 등에 관한 규정
2025-08-17 16:41:36,846 - INFO - [__main__] - 상세 페이지 스크레이퍼 실행: https://www.law.go.kr/LSW/lsInfoP.do?lsiSeq=37067&efYd=19810729
2025-08-17 16:41:43,044 - INFO - [__main__] - 상세 페이지 스크레이퍼 완료: 국가보안유공자상금지급등에관한규정제8조단서의규정에의한무기지정규칙
2025-08-17 16:41:44,274 - INFO - [__main__] - 상세 페이지 스크레이퍼 실행: https://www.law.go.kr/LSW/lsInfoP.do?lsiSeq=96889&efYd=20091021
2025-08-17 16:41:57,009 - INFO - [__main__] - 상세 페이지 스크레이퍼 완료: 국가에 귀속하는 상속재산 이전에 관한 법률
2025-08-17 16:41:58,327 - INFO - [__main__] - 상세 페이지 스크레이퍼 실행: https://www.law.go.kr/LSW/lsInfoP.do?lsiSeq=112289&efYd=20111013
2025-08-17 16:42:01,414 - INFO - [__main__] - 상세 페이지 스크레이퍼 완료: 국ㆍ공유 부동산의 등기 촉탁에 관한 법률
2025-08-17 16:42:02,635 - INFO - [__main__] - 상세 페이지 스크레이퍼 실행: https://www.law.go.kr/LSW/lsInfoP.do?lsiSeq=103962&efYd=20100331
2025-08-17 16:42:05,574 - INFO - [__main__] - 상세 페이지 스크레이퍼 완료: 국내재산 도피 방지법
2025-08-17 16:42:06,798 - INFO - [__main__] - 상세 페이지 스크레이퍼 실행: https://www.law.go.kr/LSW/lsInfoP.do?lsiSeq=117325&efYd=20110929
2025-08-17 16:42:10,451 - INFO - [__main__] - 상세 페이지 스크레이퍼 완료: 국내재산 도피 방지법 시행령
2025-08-17 16:42:11,805 - INFO - [__main__] - 상세 페이지 스크레이퍼 실행: https://www.law.go.kr/LSW/lsInfoP.do?lsiSeq=195047&efYd=20170726
2025-08-17 16:42:15,037 - INFO - [__main__] - 상세 페이지 스크레이퍼 완료: 국민의 형사재판 참여에 관한 법률
2025-08-17 16:42:16,257 - INFO - [__main__] - 상세 페이지 스크레이퍼 실행: https://www.law.go.kr/LSW/lsInfoP.do?lsiSeq=244609&efYd=20221001
2025-08-17 16:42:19,190 - INFO - [__main__] - 상세 페이지 스크레이퍼 완료: 국적법
2025-08-17 16:42:20,410 - INFO - [__main__] - 상세 페이지 스크레이퍼 실행: https://www.law.go.kr/LSW/lsInfoP.do?lsiSeq=246165&efYd=20221220
2025-08-17 16:42:23,360 - INFO - [__main__] - 상세 페이지 스크레이퍼 완료: 국적법 시행령
2025-08-17 16:42:24,585 - INFO - [__main__] - 상세 페이지 스크레이퍼 실행: https://www.law.go.kr/LSW/lsInfoP.do?lsiSeq=262177&efYd=20240429
2025-08-17 16:42:27,390 - INFO - [__main__] - 상세 페이지 스크레이퍼 완료: 국적법 시행규칙
2025-08-17 16:42:28,618 - INFO - [__main__] - 상세 페이지 스크레이퍼 실행: https://www.law.go.kr/LSW/lsInfoP.do?lsiSeq=136693&efYd=20130323
2025-08-17 16:42:31,665 - INFO - [__main__] - 상세 페이지 스크레이퍼 완료: 국제민사사법공조법
2025-08-17 16:42:32,886 - INFO - [__main__] - 상세 페이지 스크레이퍼 실행: https://www.law.go.kr/LSW/lsInfoP.do?lsiSeq=238791&efYd=20220705
2025-08-17 16:42:36,019 - INFO - [__main__] - 상세 페이지 스크레이퍼 완료: 국제사법
2025-08-17 16:42:37,236 - INFO - [__main__] - 상세 페이지 스크레이퍼 실행: https://www.law.go.kr/LSW/lsInfoP.do?lsiSeq=235999&efYd=20220109
2025-08-17 16:42:40,154 - INFO - [__main__] - 상세 페이지 스크레이퍼 완료: 국제상거래에 있어서 외국공무원에 대한 뇌물방지법
2025-08-17 16:42:41,380 - INFO - [__main__] - 상세 페이지 스크레이퍼 실행: https://www.law.go.kr/LSW/lsInfoP.do?lsiSeq=136675&efYd=20130323
2025-08-17 16:42:44,563 - INFO - [__main__] - 상세 페이지 스크레이퍼 완료: 국제수형자이송법
2025-08-17 16:42:45,783 - INFO - [__main__] - 상세 페이지 스크레이퍼 실행: https://www.law.go.kr/LSW/lsInfoP.do?lsiSeq=228083&efYd=20210105
2025-08-17 16:42:49,701 - INFO - [__main__] - 상세 페이지 스크레이퍼 완료: 국제형사사법 공조법
2025-08-17 16:42:50,923 - INFO - [__main__] - 상세 페이지 스크레이퍼 실행: https://www.law.go.kr/LSW/lsInfoP.do?lsiSeq=112303&efYd=20110412
2025-08-17 16:42:54,418 - INFO - [__main__] - 상세 페이지 스크레이퍼 완료: 국제형사재판소 관할 범죄의 처벌 등에 관한 법률
2025-08-17 16:42:55,636 - INFO - [__main__] - 상세 페이지 스크레이퍼 실행: https://www.law.go.kr/LSW/lsInfoP.do?lsiSeq=179005&efYd=20160106
2025-08-17 16:42:58,524 - INFO - [__main__] - 상세 페이지 스크레이퍼 완료: 군용물 등 범죄에 관한 특별조치법
2025-08-17 16:42:59,747 - INFO - [__main__] - 상세 페이지 스크레이퍼 실행: https://www.law.go.kr/LSW/lsInfoP.do?lsiSeq=271633&efYd=20250610
2025-08-17 16:43:02,533 - INFO - [__main__] - 상세 페이지 스크레이퍼 완료: 김건희와 명태균ㆍ건진법사 관련 국정농단 및 불법 선거 개입 사건 등 진상규명을 위한 특별검사 임명 등에 관한 법률
2025-08-17 16:43:03,749 - INFO - [__main__] - 상세 페이지 스크레이퍼 실행: https://www.law.go.kr/LSW/lsInfoP.do?lsiSeq=188376&efYd=20161220
2025-08-17 16:43:06,901 - INFO - [__main__] - 상세 페이지 스크레이퍼 완료: 난민법
2025-08-17 16:43:08,155 - INFO - [__main__] - 상세 페이지 스크레이퍼 실행: https://www.law.go.kr/LSW/lsInfoP.do?lsiSeq=266723&efYd=20241203
2025-08-17 16:43:11,987 - INFO - [__main__] - 상세 페이지 스크레이퍼 완료: 난민법 시행령
2025-08-17 16:43:13,203 - INFO - [__main__] - 상세 페이지 스크레이퍼 실행: https://www.law.go.kr/LSW/lsInfoP.do?lsiSeq=266929&efYd=20241203
2025-08-17 16:43:17,417 - INFO - [__main__] - 상세 페이지 스크레이퍼 완료: 난민법 시행규칙
2025-08-17 16:43:18,646 - INFO - [__main__] - 상세 페이지 스크레이퍼 실행: https://www.law.go.kr/LSW/lsInfoP.do?lsiSeq=179505&efYd=20160119
2025-08-17 16:43:21,714 - INFO - [__main__] - 상세 페이지 스크레이퍼 완료: 남북 주민 사이의 가족관계와 상속 등에 관한 특례법
2025-08-17 16:43:22,930 - INFO - [__main__] - 상세 페이지 스크레이퍼 실행: https://www.law.go.kr/LSW/lsInfoP.do?lsiSeq=125251&efYd=20120511
2025-08-17 16:43:26,952 - INFO - [__main__] - 상세 페이지 스크레이퍼 완료: 남북 주민 사이의 가족관계와 상속 등에 관한 특례법 시행령
2025-08-17 16:43:28,191 - INFO - [__main__] - 상세 페이지 스크레이퍼 실행: https://www.law.go.kr/LSW/lsInfoP.do?lsiSeq=234635&efYd=20210806
2025-08-17 16:43:31,248 - INFO - [__main__] - 상세 페이지 스크레이퍼 완료: 남북 주민 사이의 가족관계와 상속 등에 관한 특례법 시행규칙
2025-08-17 16:43:32,471 - INFO - [__main__] - 상세 페이지 스크레이퍼 실행: https://www.law.go.kr/LSW/lsInfoP.do?lsiSeq=196436&efYd=20170801
2025-08-17 16:43:35,617 - INFO - [__main__] - 상세 페이지 스크레이퍼 완료: 대검찰청 검사급 이상 검사의 보직범위에 관한 규정
2025-08-17 16:43:36,839 - INFO - [__main__] - 상세 페이지 스크레이퍼 실행: https://www.law.go.kr/LSW/lsInfoP.do?lsiSeq=231969&efYd=20220301
2025-08-17 16:43:40,021 - INFO - [__main__] - 상세 페이지 스크레이퍼 완료: 대검찰청의 위치와 각급 검찰청의 명칭 및 위치에 관한 규정
2025-08-17 16:43:41,237 - INFO - [__main__] - 상세 페이지 스크레이퍼 실행: https://www.law.go.kr/LSW/lsInfoP.do?lsiSeq=91501&efYd=20090130
2025-08-17 16:43:44,543 - INFO - [__main__] - 상세 페이지 스크레이퍼 완료: 대한민국과 아메리카합중국 간의 상호방위조약 제4조에 의한 시설과 구역 및 대한민국에서의 합중국 군대의 지위에 관한 협정의 시행에 관한 민사특별법
2025-08-17 16:43:45,778 - INFO - [__main__] - 상세 페이지 스크레이퍼 실행: https://www.law.go.kr/LSW/lsInfoP.do?lsiSeq=112382&efYd=20110414
2025-08-17 16:43:49,099 - INFO - [__main__] - 상세 페이지 스크레이퍼 완료: 대한민국과 아메리카합중국 간의 상호방위조약 제4조에 의한 시설과 구역 및 대한민국에서의 합중국 군대의 지위에 관한 협정의 시행에 관한 형사특별법
2025-08-17 16:43:50,313 - INFO - [__main__] - 상세 페이지 스크레이퍼 실행: https://www.law.go.kr/LSW/lsInfoP.do?lsiSeq=193039&efYd=20170330
2025-08-17 16:43:53,590 - INFO - [__main__] - 상세 페이지 스크레이퍼 완료: 대한민국과 아메리카합중국 간의 상호방위조약 제4조에 의한 시설과 구역 및 대한민국에서의 합중국 군대의 지위에 관한 협정의 시행에 관한 민사특별법 시행규칙
2025-08-17 16:43:54,810 - INFO - [__main__] - 상세 페이지 스크레이퍼 실행: https://www.law.go.kr/LSW/lsInfoP.do?lsiSeq=192768&efYd=20170330
2025-08-17 16:43:58,021 - INFO - [__main__] - 상세 페이지 스크레이퍼 완료: 대한민국과아메리카합중국간의상호방위조약제4조에의한시설과구역및대한민국에서의합중국군대의지위에관한협정의시행에관한민사특별법시행령
2025-08-17 16:43:59,422 - INFO - [__main__] - 상세 페이지 스크레이퍼 실행: https://www.law.go.kr/LSW/lsInfoP.do?lsiSeq=142443&efYd=20130730
2025-08-17 16:44:03,110 - INFO - [__main__] - 상세 페이지 스크레이퍼 완료: 대한민국재향교정동우회법
2025-08-17 16:44:04,333 - INFO - [__main__] - 상세 페이지 스크레이퍼 실행: https://www.law.go.kr/LSW/lsInfoP.do?lsiSeq=222425&efYd=20220421
2025-08-17 16:44:07,687 - INFO - [__main__] - 상세 페이지 스크레이퍼 완료: 동산ㆍ채권 등의 담보에 관한 법률
2025-08-17 16:44:08,902 - INFO - [__main__] - 상세 페이지 스크레이퍼 실행: https://www.law.go.kr/LSW/lsInfoP.do?lsiSeq=108405&efYd=20120611
2025-08-17 16:44:12,076 - INFO - [__main__] - 상세 페이지 스크레이퍼 완료: 동산ㆍ채권 등의 담보에 관한 법률 시행령
2025-08-17 16:44:13,331 - INFO - [__main__] - 상세 페이지 스크레이퍼 실행: https://www.law.go.kr/LSW/lsInfoP.do?lsiSeq=203628&efYd=20180529
2025-08-17 16:44:16,516 - INFO - [__main__] - 상세 페이지 스크레이퍼 완료: 드루킹의 인터넷상 불법 댓글 조작 사건과 관련된 진상규명을 위한 특별검사의 임명 등에 관한 법률
2025-08-17 16:44:17,813 - INFO - [__main__] - 상세 페이지 스크레이퍼 실행: https://www.law.go.kr/LSW/lsInfoP.do?lsiSeq=197503&efYd=20170919
2025-08-17 16:44:20,984 - INFO - [__main__] - 상세 페이지 스크레이퍼 완료: 등기특별회계법
2025-08-17 16:44:22,295 - INFO - [__main__] - 상세 페이지 스크레이퍼 실행: https://www.law.go.kr/LSW/lsInfoP.do?lsiSeq=213449&efYd=20200121
2025-08-17 16:44:25,622 - INFO - [__main__] - 상세 페이지 스크레이퍼 완료: 디엔에이신원확인정보의 이용 및 보호에 관한 법률
2025-08-17 16:44:26,849 - INFO - [__main__] - 상세 페이지 스크레이퍼 실행: https://www.law.go.kr/LSW/lsInfoP.do?lsiSeq=243617&efYd=20220701
2025-08-17 16:44:30,449 - INFO - [__main__] - 상세 페이지 스크레이퍼 완료: 디엔에이신원확인정보의 이용 및 보호에 관한 법률 시행령
2025-08-17 16:44:31,721 - INFO - [__main__] - 상세 페이지 스크레이퍼 실행: https://www.law.go.kr/LSW/lsInfoP.do?lsiSeq=269401&efYd=20250224
2025-08-17 16:44:35,084 - INFO - [__main__] - 상세 페이지 스크레이퍼 완료: 마약류보상금 지급규칙
2025-08-17 16:44:36,294 - INFO - [__main__] - 상세 페이지 스크레이퍼 실행: https://www.law.go.kr/LSW/lsInfoP.do?lsiSeq=228085&efYd=20210105
2025-08-17 16:44:39,400 - INFO - [__main__] - 상세 페이지 스크레이퍼 완료: 마약류 불법거래 방지에 관한 특례법
2025-08-17 16:44:40,639 - INFO - [__main__] - 상세 페이지 스크레이퍼 실행: https://www.law.go.kr/LSW/lsInfoP.do?lsiSeq=115683&efYd=20110803
2025-08-17 16:44:43,359 - INFO - [__main__] - 상세 페이지 스크레이퍼 완료: 마약류 불법거래 방지에 관한 특례법 시행령
2025-08-17 16:44:44,612 - INFO - [__main__] - 상세 페이지 스크레이퍼 실행: https://www.law.go.kr/LSW/lsInfoP.do?lsiSeq=205811&efYd=20181218
2025-08-17 16:44:47,729 - INFO - [__main__] - 상세 페이지 스크레이퍼 완료: 몰수금품 등 처리에 관한 임시특례법
2025-08-17 16:44:48,955 - INFO - [__main__] - 상세 페이지 스크레이퍼 실행: https://www.law.go.kr/LSW/lsInfoP.do?lsiSeq=243619&efYd=20220701
2025-08-17 16:44:52,430 - INFO - [__main__] - 상세 페이지 스크레이퍼 완료: 몰수금품등처리에관한임시특례법시행령
2025-08-17 16:44:53,651 - INFO - [__main__] - 상세 페이지 스크레이퍼 실행: https://www.law.go.kr/LSW/lsInfoP.do?lsiSeq=265307&efYd=20250131
2025-08-17 16:45:02,008 - INFO - [__main__] - 상세 페이지 스크레이퍼 완료: 민법
2025-08-17 16:45:03,276 - INFO - [__main__] - 상세 페이지 스크레이퍼 실행: https://www.law.go.kr/LSW/lsInfoP.do?lsiSeq=265307&efYd=20260101
2025-08-17 16:45:09,682 - INFO - [__main__] - 상세 페이지 스크레이퍼 완료: 민법
2025-08-17 16:45:10,938 - INFO - [__main__] - 상세 페이지 스크레이퍼 실행: https://www.law.go.kr/LSW/lsInfoP.do?lsiSeq=20194&efYd=19840901
2025-08-17 16:45:24,437 - INFO - [__main__] - 상세 페이지 스크레이퍼 완료: 민법제312조의2단서의시행에관한규정
2025-08-17 16:45:25,708 - INFO - [__main__] - 상세 페이지 스크레이퍼 실행: https://www.law.go.kr/LSW/lsInfoP.do?lsiSeq=253321&efYd=20250203
2025-08-17 16:45:28,735 - INFO - [__main__] - 상세 페이지 스크레이퍼 완료: 민사소송 등에서의 전자문서 이용 등에 관한 법률
2025-08-17 16:45:29,972 - INFO - [__main__] - 상세 페이지 스크레이퍼 실행: https://www.law.go.kr/LSW/lsInfoP.do?lsiSeq=258671&efYd=20250301
2025-08-17 16:45:32,992 - INFO - [__main__] - 상세 페이지 스크레이퍼 완료: 민사소송 등 인지법
2025-08-17 16:45:34,212 - INFO - [__main__] - 상세 페이지 스크레이퍼 실행: https://www.law.go.kr/LSW/lsInfoP.do?lsiSeq=252393&efYd=20250712
2025-08-17 16:45:38,620 - INFO - [__main__] - 상세 페이지 스크레이퍼 완료: 민사소송법
2025-08-17 16:45:39,866 - INFO - [__main__] - 상세 페이지 스크레이퍼 실행: https://www.law.go.kr/LSW/lsInfoP.do?lsiSeq=130808&efYd=20131219
2025-08-17 16:45:43,265 - INFO - [__main__] - 상세 페이지 스크레이퍼 완료: 민사소송비용법
2025-08-17 16:45:44,483 - INFO - [__main__] - 상세 페이지 스크레이퍼 실행: https://www.law.go.kr/LSW/lsInfoP.do?lsiSeq=213779&efYd=20200305
2025-08-17 16:45:47,588 - INFO - [__main__] - 상세 페이지 스크레이퍼 완료: 민사조정법
2025-08-17 16:45:48,806 - INFO - [__main__] - 상세 페이지 스크레이퍼 실행: https://www.law.go.kr/LSW/lsInfoP.do?lsiSeq=265351&efYd=20250131
2025-08-17 16:45:52,685 - INFO - [__main__] - 상세 페이지 스크레이퍼 완료: 민사집행법
2025-08-17 16:45:53,912 - INFO - [__main__] - 상세 페이지 스크레이퍼 실행: https://www.law.go.kr/LSW/lsInfoP.do?lsiSeq=268837&efYd=20260201
2025-08-17 16:45:58,059 - INFO - [__main__] - 상세 페이지 스크레이퍼 완료: 민사집행법
2025-08-17 16:45:59,287 - INFO - [__main__] - 상세 페이지 스크레이퍼 실행: https://www.law.go.kr/LSW/lsInfoP.do?lsiSeq=207952&efYd=20190401
2025-08-17 16:46:02,792 - INFO - [__main__] - 상세 페이지 스크레이퍼 완료: 민사집행법 시행령
2025-08-17 16:46:04,009 - INFO - [__main__] - 상세 페이지 스크레이퍼 실행: https://www.law.go.kr/LSW/lsInfoP.do?lsiSeq=222429&efYd=20210421
2025-08-17 16:46:07,519 - INFO - [__main__] - 상세 페이지 스크레이퍼 완료: 민영교도소 등의 설치ㆍ운영에 관한 법률
2025-08-17 16:46:08,740 - INFO - [__main__] - 상세 페이지 스크레이퍼 실행: https://www.law.go.kr/LSW/lsInfoP.do?lsiSeq=271285&efYd=20250527
2025-08-17 16:46:11,586 - INFO - [__main__] - 상세 페이지 스크레이퍼 완료: 민영교도소 등의 설치ㆍ운영에 관한 법률 시행령
2025-08-17 16:46:12,795 - INFO - [__main__] - 상세 페이지 스크레이퍼 실행: https://www.law.go.kr/LSW/lsInfoP.do?lsiSeq=271415&efYd=20250527
2025-08-17 16:46:15,554 - INFO - [__main__] - 상세 페이지 스크레이퍼 완료: 민영교도소 등의 설치ㆍ운영에 관한 법률 시행규칙
2025-08-17 16:46:16,777 - INFO - [__main__] - 상세 페이지 스크레이퍼 실행: https://www.law.go.kr/LSW/lsInfoP.do?lsiSeq=214319&efYd=20200519
2025-08-17 16:46:19,841 - INFO - [__main__] - 상세 페이지 스크레이퍼 완료: 밀항단속법
2025-08-17 16:46:21,075 - INFO - [__main__] - 상세 페이지 스크레이퍼 실행: https://www.law.go.kr/LSW/lsInfoP.do?lsiSeq=246571&efYd=20221227
2025-08-17 16:46:24,355 - INFO - [__main__] - 상세 페이지 스크레이퍼 완료: 박근혜 정부의 최순실 등 민간인에 의한 국정농단 의혹 사건 규명을 위한 특별검사의 임명 등에 관한 법률
2025-08-17 16:46:25,578 - INFO - [__main__] - 상세 페이지 스크레이퍼 실행: https://www.law.go.kr/LSW/lsInfoP.do?lsiSeq=192674&efYd=20170321
2025-08-17 16:46:41,085 - INFO - [__main__] - 상세 페이지 스크레이퍼 완료: 배타적경제수역에서의외국인어업제한위반선박등에대한사법절차에관한규칙
2025-08-17 16:46:42,356 - INFO - [__main__] - 상세 페이지 스크레이퍼 실행: https://www.law.go.kr/LSW/lsInfoP.do?lsiSeq=103863&efYd=20100324
2025-08-17 16:46:45,819 - INFO - [__main__] - 상세 페이지 스크레이퍼 완료: 벌금 등 임시조치법
2025-08-17 16:46:47,049 - INFO - [__main__] - 상세 페이지 스크레이퍼 실행: https://www.law.go.kr/LSW/lsInfoP.do?lsiSeq=92106&efYd=20090926
2025-08-17 16:46:50,082 - INFO - [__main__] - 상세 페이지 스크레이퍼 완료: 벌금 미납자의 사회봉사 집행에 관한 특례법
2025-08-17 16:46:51,305 - INFO - [__main__] - 상세 페이지 스크레이퍼 실행: https://www.law.go.kr/LSW/lsInfoP.do?lsiSeq=213153&efYd=20200107
2025-08-17 16:46:54,191 - INFO - [__main__] - 상세 페이지 스크레이퍼 완료: 벌금 미납자의 사회봉사 집행에 관한 특례법 시행령
2025-08-17 16:46:55,416 - INFO - [__main__] - 상세 페이지 스크레이퍼 실행: https://www.law.go.kr/LSW/lsInfoP.do?lsiSeq=95035&efYd=20090926
2025-08-17 16:46:58,860 - INFO - [__main__] - 상세 페이지 스크레이퍼 완료: 벌금 미납자의 사회봉사 집행에 관한 특례법 시행규칙
2025-08-17 16:47:00,091 - INFO - [__main__] - 상세 페이지 스크레이퍼 실행: https://www.law.go.kr/LSW/lsInfoP.do?lsiSeq=238751&efYd=20220104
2025-08-17 16:47:02,968 - INFO - [__main__] - 상세 페이지 스크레이퍼 완료: 범죄수익은닉의 규제 및 처벌 등에 관한 법률
2025-08-17 16:47:04,185 - INFO - [__main__] - 상세 페이지 스크레이퍼 실행: https://www.law.go.kr/LSW/lsInfoP.do?lsiSeq=229499&efYd=20210217
2025-08-17 16:47:07,746 - INFO - [__main__] - 상세 페이지 스크레이퍼 완료: 범죄수익은닉의 규제 및 처벌 등에 관한 법률 시행령
2025-08-17 16:47:08,968 - INFO - [__main__] - 상세 페이지 스크레이퍼 실행: https://www.law.go.kr/LSW/lsInfoP.do?lsiSeq=228087&efYd=20210105
2025-08-17 16:47:12,574 - INFO - [__main__] - 상세 페이지 스크레이퍼 완료: 범죄인 인도법
2025-08-17 16:47:13,791 - INFO - [__main__] - 상세 페이지 스크레이퍼 실행: https://www.law.go.kr/LSW/lsInfoP.do?lsiSeq=238025&efYd=20211221
2025-08-17 16:47:16,527 - INFO - [__main__] - 상세 페이지 스크레이퍼 완료: 범죄피해자보호기금법
2025-08-17 16:47:17,747 - INFO - [__main__] - 상세 페이지 스크레이퍼 실행: https://www.law.go.kr/LSW/lsInfoP.do?lsiSeq=222553&efYd=20210101
2025-08-17 16:47:20,915 - INFO - [__main__] - 상세 페이지 스크레이퍼 완료: 범죄피해자보호기금법 시행령
2025-08-17 16:47:22,131 - INFO - [__main__] - 상세 페이지 스크레이퍼 실행: https://www.law.go.kr/LSW/lsInfoP.do?lsiSeq=265339&efYd=20250321
2025-08-17 16:47:25,299 - INFO - [__main__] - 상세 페이지 스크레이퍼 완료: 범죄피해자 보호법
2025-08-17 16:47:26,523 - INFO - [__main__] - 상세 페이지 스크레이퍼 실행: https://www.law.go.kr/LSW/lsInfoP.do?lsiSeq=272495&efYd=20250621
2025-08-17 16:47:29,644 - INFO - [__main__] - 상세 페이지 스크레이퍼 완료: 범죄피해자 보호법 시행령
2025-08-17 16:47:30,865 - INFO - [__main__] - 상세 페이지 스크레이퍼 실행: https://www.law.go.kr/LSW/lsInfoP.do?lsiSeq=270027&efYd=20250321
2025-08-17 16:47:33,740 - INFO - [__main__] - 상세 페이지 스크레이퍼 완료: 범죄피해자 보호법 시행규칙
2025-08-17 16:47:34,964 - INFO - [__main__] - 상세 페이지 스크레이퍼 실행: https://www.law.go.kr/LSW/lsInfoP.do?lsiSeq=121952&efYd=20120418
2025-08-17 16:47:37,773 - INFO - [__main__] - 상세 페이지 스크레이퍼 완료: 법관의 보수에 관한 법률
2025-08-17 16:47:38,988 - INFO - [__main__] - 상세 페이지 스크레이퍼 실행: https://www.law.go.kr/LSW/lsInfoP.do?lsiSeq=86411&efYd=20080629
2025-08-17 16:47:41,852 - INFO - [__main__] - 상세 페이지 스크레이퍼 완료: 법교육지원법
2025-08-17 16:47:43,067 - INFO - [__main__] - 상세 페이지 스크레이퍼 실행: https://www.law.go.kr/LSW/lsInfoP.do?lsiSeq=227085&efYd=20210105
2025-08-17 16:47:46,109 - INFO - [__main__] - 상세 페이지 스크레이퍼 완료: 법교육지원법 시행령
2025-08-17 16:47:47,323 - INFO - [__main__] - 상세 페이지 스크레이퍼 실행: https://www.law.go.kr/LSW/lsInfoP.do?lsiSeq=239375&efYd=20230112
2025-08-17 16:47:50,505 - INFO - [__main__] - 상세 페이지 스크레이퍼 완료: 법률구조법
2025-08-17 16:47:51,719 - INFO - [__main__] - 상세 페이지 스크레이퍼 실행: https://www.law.go.kr/LSW/lsInfoP.do?lsiSeq=242387&efYd=20220818
2025-08-17 16:47:54,990 - INFO - [__main__] - 상세 페이지 스크레이퍼 완료: 법률구조법 시행령
2025-08-17 16:47:56,236 - INFO - [__main__] - 상세 페이지 스크레이퍼 실행: https://www.law.go.kr/LSW/lsInfoP.do?lsiSeq=250191&efYd=20230417
2025-08-17 16:47:59,483 - INFO - [__main__] - 상세 페이지 스크레이퍼 완료: 법률구조법 시행규칙
2025-08-17 16:48:00,700 - INFO - [__main__] - 상세 페이지 스크레이퍼 실행: https://www.law.go.kr/LSW/lsInfoP.do?lsiSeq=222287&efYd=20201007
2025-08-17 16:48:03,640 - INFO - [__main__] - 상세 페이지 스크레이퍼 완료: 법률 제16908호 검찰청법 일부개정법률 및 법률 제16924호 형사소송법 일부개정법률의 시행일에 관한 규정
2025-08-17 16:48:04,864 - INFO - [__main__] - 상세 페이지 스크레이퍼 실행: https://www.law.go.kr/LSW/lsInfoP.do?lsiSeq=217629&efYd=20200428
2025-08-17 16:48:07,855 - INFO - [__main__] - 상세 페이지 스크레이퍼 완료: 법무부감찰위원회 규정
2025-08-17 16:48:09,072 - INFO - [__main__] - 상세 페이지 스크레이퍼 실행: https://www.law.go.kr/LSW/lsInfoP.do?lsiSeq=193053&efYd=20170330
2025-08-17 16:48:12,128 - INFO - [__main__] - 상세 페이지 스크레이퍼 완료: 법무부 소관 비영리법인의 설립 및 감독에 관한 규칙
2025-08-17 16:48:13,350 - INFO - [__main__] - 상세 페이지 스크레이퍼 실행: https://www.law.go.kr/LSW/lsInfoP.do?lsiSeq=271623&efYd=20250610
2025-08-17 16:48:16,979 - INFO - [__main__] - 상세 페이지 스크레이퍼 완료: 법무부와 그 소속기관 직제
2025-08-17 16:48:18,202 - INFO - [__main__] - 상세 페이지 스크레이퍼 실행: https://www.law.go.kr/LSW/lsInfoP.do?lsiSeq=272637&efYd=20250701
2025-08-17 16:48:21,841 - INFO - [__main__] - 상세 페이지 스크레이퍼 완료: 법무부와 그 소속기관 직제 시행규칙
2025-08-17 16:48:23,073 - INFO - [__main__] - 상세 페이지 스크레이퍼 실행: https://www.law.go.kr/LSW/lsInfoP.do?lsiSeq=257211&efYd=20241227
2025-08-17 16:48:27,784 - INFO - [__main__] - 상세 페이지 스크레이퍼 완료: 법무사법
2025-08-17 16:48:29,022 - INFO - [__main__] - 상세 페이지 스크레이퍼 실행: https://www.law.go.kr/LSW/lsInfoP.do?lsiSeq=240099&efYd=20220203
2025-08-17 16:48:32,281 - INFO - [__main__] - 상세 페이지 스크레이퍼 완료: 법무자문위원회규정
2025-08-17 16:48:33,513 - INFO - [__main__] - 상세 페이지 스크레이퍼 실행: https://www.law.go.kr/LSW/lsInfoP.do?lsiSeq=240013&efYd=20220203
2025-08-17 16:48:36,487 - INFO - [__main__] - 상세 페이지 스크레이퍼 완료: 법무자문위원회 운영규칙
2025-08-17 16:48:37,718 - INFO - [__main__] - 상세 페이지 스크레이퍼 실행: https://www.law.go.kr/LSW/lsInfoP.do?lsiSeq=246561&efYd=20230101
2025-08-17 16:48:40,566 - INFO - [__main__] - 상세 페이지 스크레이퍼 완료: 법인 아닌 사단ㆍ재단 및 외국인의 부동산등기용 등록번호 부여절차에 관한 규정
2025-08-17 16:48:41,794 - INFO - [__main__] - 상세 페이지 스크레이퍼 실행: https://www.law.go.kr/LSW/lsInfoP.do?lsiSeq=247035&efYd=20221227
2025-08-17 16:48:44,892 - INFO - [__main__] - 상세 페이지 스크레이퍼 완료: 법인 아닌 사단ㆍ재단 및 외국인의 부동산등기용 등록번호 부여절차에 관한 규정 시행규칙
2025-08-17 16:48:46,139 - INFO - [__main__] - 상세 페이지 스크레이퍼 실행: https://www.law.go.kr/LSW/lsInfoP.do?lsiSeq=265341&efYd=20250131
2025-08-17 16:48:48,979 - INFO - [__main__] - 상세 페이지 스크레이퍼 완료: 법인의 등기사항 등에 관한 특례법
2025-08-17 16:48:50,197 - INFO - [__main__] - 상세 페이지 스크레이퍼 실행: https://www.law.go.kr/LSW/lsInfoP.do?lsiSeq=228089&efYd=20210105
2025-08-17 16:48:53,847 - INFO - [__main__] - 상세 페이지 스크레이퍼 완료: 변호사법
2025-08-17 16:48:55,130 - INFO - [__main__] - 상세 페이지 스크레이퍼 실행: https://www.law.go.kr/LSW/lsInfoP.do?lsiSeq=220609&efYd=20200805
2025-08-17 16:48:58,334 - INFO - [__main__] - 상세 페이지 스크레이퍼 완료: 변호사ㆍ법무사의 자격이 있는 보증인의 보수에 관한 규칙
2025-08-17 16:48:59,588 - INFO - [__main__] - 상세 페이지 스크레이퍼 실행: https://www.law.go.kr/LSW/lsInfoP.do?lsiSeq=268373&efYd=20250131
2025-08-17 16:49:02,911 - INFO - [__main__] - 상세 페이지 스크레이퍼 완료: 변호사법 시행령
2025-08-17 16:49:04,148 - INFO - [__main__] - 상세 페이지 스크레이퍼 실행: https://www.law.go.kr/LSW/lsInfoP.do?lsiSeq=246573&efYd=20221227
2025-08-17 16:49:07,248 - INFO - [__main__] - 상세 페이지 스크레이퍼 완료: 변호사시험법
2025-08-17 16:49:08,480 - INFO - [__main__] - 상세 페이지 스크레이퍼 실행: https://www.law.go.kr/LSW/lsInfoP.do?lsiSeq=256763&efYd=20231212
2025-08-17 16:49:11,395 - INFO - [__main__] - 상세 페이지 스크레이퍼 완료: 변호사시험법 시행령
2025-08-17 16:49:12,623 - INFO - [__main__] - 상세 페이지 스크레이퍼 실행: https://www.law.go.kr/LSW/lsInfoP.do?lsiSeq=256853&efYd=20231212
2025-08-17 16:49:15,303 - INFO - [__main__] - 상세 페이지 스크레이퍼 완료: 변호사시험법 시행규칙
2025-08-17 16:49:16,520 - INFO - [__main__] - 상세 페이지 스크레이퍼 실행: https://www.law.go.kr/LSW/lsInfoP.do?lsiSeq=259917&efYd=20250807
2025-08-17 16:49:20,055 - INFO - [__main__] - 상세 페이지 스크레이퍼 완료: 보건범죄 단속에 관한 특별조치법
2025-08-17 16:49:21,277 - INFO - [__main__] - 상세 페이지 스크레이퍼 실행: https://www.law.go.kr/LSW/lsInfoP.do?lsiSeq=213847&efYd=20200805
2025-08-17 16:49:24,482 - INFO - [__main__] - 상세 페이지 스크레이퍼 완료: 보안관찰법
2025-08-17 16:49:25,681 - INFO - [__main__] - 상세 페이지 스크레이퍼 실행: https://www.law.go.kr/LSW/lsInfoP.do?lsiSeq=227509&efYd=20210105
2025-08-17 16:49:28,805 - INFO - [__main__] - 상세 페이지 스크레이퍼 완료: 보안관찰법 시행령
2025-08-17 16:49:30,046 - INFO - [__main__] - 상세 페이지 스크레이퍼 실행: https://www.law.go.kr/LSW/lsInfoP.do?lsiSeq=240269&efYd=20220207
2025-08-17 16:49:34,183 - INFO - [__main__] - 상세 페이지 스크레이퍼 완료: 보안관찰법 시행규칙
2025-08-17 16:49:35,408 - INFO - [__main__] - 상세 페이지 스크레이퍼 실행: https://www.law.go.kr/LSW/lsInfoP.do?lsiSeq=251943&efYd=20231221
2025-08-17 16:49:38,547 - INFO - [__main__] - 상세 페이지 스크레이퍼 완료: 보증인 보호를 위한 특별법
2025-08-17 16:49:39,769 - INFO - [__main__] - 상세 페이지 스크레이퍼 실행: https://www.law.go.kr/LSW/lsInfoP.do?lsiSeq=234017&efYd=20220121
2025-08-17 16:49:42,980 - INFO - [__main__] - 상세 페이지 스크레이퍼 완료: 보호관찰 등에 관한 법률
2025-08-17 16:49:44,204 - INFO - [__main__] - 상세 페이지 스크레이퍼 실행: https://www.law.go.kr/LSW/lsInfoP.do?lsiSeq=247017&efYd=20221227
2025-08-17 16:49:47,795 - INFO - [__main__] - 상세 페이지 스크레이퍼 완료: 보호관찰 등에 관한 법률 시행령
2025-08-17 16:49:49,074 - INFO - [__main__] - 상세 페이지 스크레이퍼 실행: https://www.law.go.kr/LSW/lsInfoP.do?lsiSeq=248585&efYd=20230307
2025-08-17 16:49:53,176 - INFO - [__main__] - 상세 페이지 스크레이퍼 완료: 보호관찰 등에 관한 법률 시행규칙
2025-08-17 16:49:54,402 - INFO - [__main__] - 상세 페이지 스크레이퍼 실행: https://www.law.go.kr/LSW/lsInfoP.do?lsiSeq=234763&efYd=20220218
2025-08-17 16:49:58,605 - INFO - [__main__] - 상세 페이지 스크레이퍼 완료: 보호소년 등의 처우에 관한 법률
2025-08-17 16:49:59,841 - INFO - [__main__] - 상세 페이지 스크레이퍼 실행: https://www.law.go.kr/LSW/lsInfoP.do?lsiSeq=243833&efYd=20220712
2025-08-17 16:50:03,102 - INFO - [__main__] - 상세 페이지 스크레이퍼 완료: 보호소년 등의 처우에 관한 법률 시행령
2025-08-17 16:50:04,327 - INFO - [__main__] - 상세 페이지 스크레이퍼 실행: https://www.law.go.kr/LSW/lsInfoP.do?lsiSeq=246359&efYd=20221219
2025-08-17 16:50:08,195 - INFO - [__main__] - 상세 페이지 스크레이퍼 완료: 보호소년 등의 처우에 관한 법률 시행규칙
2025-08-17 16:50:09,444 - INFO - [__main__] - 상세 페이지 스크레이퍼 실행: https://www.law.go.kr/LSW/lsInfoP.do?lsiSeq=265377&efYd=20250131
2025-08-17 16:50:13,657 - INFO - [__main__] - 상세 페이지 스크레이퍼 완료: 부동산등기법
2025-08-17 16:50:14,948 - INFO - [__main__] - 상세 페이지 스크레이퍼 실행: https://www.law.go.kr/LSW/lsInfoP.do?lsiSeq=238263&efYd=20220101
2025-08-17 16:50:17,678 - INFO - [__main__] - 상세 페이지 스크레이퍼 완료: 부동산등기 특별조치법
2025-08-17 16:50:18,901 - INFO - [__main__] - 상세 페이지 스크레이퍼 실행: https://www.law.go.kr/LSW/lsInfoP.do?lsiSeq=215759&efYd=20200324
2025-08-17 16:50:22,016 - INFO - [__main__] - 상세 페이지 스크레이퍼 완료: 부동산 실권리자명의 등기에 관한 법률
2025-08-17 16:50:23,239 - INFO - [__main__] - 상세 페이지 스크레이퍼 실행: https://www.law.go.kr/LSW/lsInfoP.do?lsiSeq=262411&efYd=20240517
2025-08-17 16:50:26,066 - INFO - [__main__] - 상세 페이지 스크레이퍼 완료: 부동산 실권리자명의 등기에 관한 법률 시행령
2025-08-17 16:50:27,268 - INFO - [__main__] - 상세 페이지 스크레이퍼 실행: https://www.law.go.kr/LSW/lsInfoP.do?lsiSeq=193041&efYd=20170330
2025-08-17 16:50:31,011 - INFO - [__main__] - 상세 페이지 스크레이퍼 완료: 부동산 실권리자명의 등기에 관한 법률 시행규칙
2025-08-17 16:50:32,234 - INFO - [__main__] - 상세 페이지 스크레이퍼 실행: https://www.law.go.kr/LSW/lsInfoP.do?lsiSeq=108530&efYd=20101102
2025-08-17 16:50:35,548 - INFO - [__main__] - 상세 페이지 스크레이퍼 완료: 부재선고등에관한특별조치법시행령
2025-08-17 16:50:36,766 - INFO - [__main__] - 상세 페이지 스크레이퍼 실행: https://www.law.go.kr/LSW/lsInfoP.do?lsiSeq=97990&efYd=20091229
2025-08-17 16:50:39,843 - INFO - [__main__] - 상세 페이지 스크레이퍼 완료: 부재선고에 관한 특별조치법
2025-08-17 16:50:41,060 - INFO - [__main__] - 상세 페이지 스크레이퍼 실행: https://www.law.go.kr/LSW/lsInfoP.do?lsiSeq=103869&efYd=20100324
2025-08-17 16:50:44,130 - INFO - [__main__] - 상세 페이지 스크레이퍼 완료: 부정수표 단속법
2025-08-17 16:50:45,349 - INFO - [__main__] - 상세 페이지 스크레이퍼 실행: https://www.law.go.kr/LSW/lsInfoP.do?lsiSeq=119410&efYd=20111213
2025-08-17 16:50:48,253 - INFO - [__main__] - 상세 페이지 스크레이퍼 완료: 부정수표 단속법 시행령
2025-08-17 16:50:49,503 - INFO - [__main__] - 상세 페이지 스크레이퍼 실행: https://www.law.go.kr/LSW/lsInfoP.do?lsiSeq=232297&efYd=20220519
2025-08-17 16:50:52,678 - INFO - [__main__] - 상세 페이지 스크레이퍼 완료: 부패재산의 몰수 및 회복에 관한 특례법
2025-08-17 16:50:53,894 - INFO - [__main__] - 상세 페이지 스크레이퍼 실행: https://www.law.go.kr/LSW/lsInfoP.do?lsiSeq=222899&efYd=20201124
2025-08-17 16:50:56,808 - INFO - [__main__] - 상세 페이지 스크레이퍼 완료: 부패재산의 몰수 및 회복에 관한 특례법 시행령
2025-08-17 16:50:58,089 - INFO - [__main__] - 상세 페이지 스크레이퍼 실행: https://www.law.go.kr/LSW/lsInfoP.do?lsiSeq=223127&efYd=20201124
2025-08-17 16:51:01,220 - INFO - [__main__] - 상세 페이지 스크레이퍼 완료: 부패재산의 몰수 및 회복에 관한 특례법 시행규칙
2025-08-17 16:51:02,443 - INFO - [__main__] - 상세 페이지 스크레이퍼 실행: https://www.law.go.kr/LSW/lsInfoP.do?lsiSeq=209076&efYd=20190621
2025-08-17 16:51:05,450 - INFO - [__main__] - 상세 페이지 스크레이퍼 완료: 북한인권기록보존소 운영규칙
2025-08-17 16:51:06,673 - INFO - [__main__] - 상세 페이지 스크레이퍼 실행: https://www.law.go.kr/LSW/lsInfoP.do?lsiSeq=232299&efYd=20220519
2025-08-17 16:51:09,794 - INFO - [__main__] - 상세 페이지 스크레이퍼 완료: 불법정치자금 등의 몰수에 관한 특례법
2025-08-17 16:51:11,235 - INFO - [__main__] - 상세 페이지 스크레이퍼 실행: https://www.law.go.kr/LSW/lsInfoP.do?lsiSeq=265395&efYd=20250131
2025-08-17 16:51:15,608 - INFO - [__main__] - 상세 페이지 스크레이퍼 완료: 비송사건절차법
2025-08-17 16:51:16,851 - INFO - [__main__] - 상세 페이지 스크레이퍼 실행: https://www.law.go.kr/LSW/lsInfoP.do?lsiSeq=149553&efYd=20140107
2025-08-17 16:51:19,750 - INFO - [__main__] - 상세 페이지 스크레이퍼 완료: 비영리법인의 임원 처벌에 관한 법률
2025-08-17 16:51:20,982 - INFO - [__main__] - 상세 페이지 스크레이퍼 실행: https://www.law.go.kr/LSW/lsInfoP.do?lsiSeq=230277&efYd=20210315
2025-08-17 16:51:23,885 - INFO - [__main__] - 상세 페이지 스크레이퍼 완료: 사건기록 열람ㆍ등사의 방법 및 수수료 등에 관한 규칙
2025-08-17 16:51:25,158 - INFO - [__main__] - 상세 페이지 스크레이퍼 실행: https://www.law.go.kr/LSW/lsInfoP.do?lsiSeq=235557&efYd=20220701
2025-08-17 16:51:28,664 - INFO - [__main__] - 상세 페이지 스크레이퍼 완료: 사면법
2025-08-17 16:51:29,968 - INFO - [__main__] - 상세 페이지 스크레이퍼 실행: https://www.law.go.kr/LSW/lsInfoP.do?lsiSeq=86357&efYd=20080327
2025-08-17 16:51:43,816 - INFO - [__main__] - 상세 페이지 스크레이퍼 완료: 사면법 시행규칙
2025-08-17 16:51:45,147 - INFO - [__main__] - 상세 페이지 스크레이퍼 실행: https://www.law.go.kr/LSW/lsInfoP.do?lsiSeq=269903&efYd=20250318
2025-08-17 16:51:49,412 - INFO - [__main__] - 상세 페이지 스크레이퍼 완료: 사법경찰관리의 직무를 수행할 자와 그 직무범위에 관한 법률
2025-08-17 16:51:50,697 - INFO - [__main__] - 상세 페이지 스크레이퍼 실행: https://www.law.go.kr/LSW/lsInfoP.do?lsiSeq=240275&efYd=20220207
2025-08-17 16:51:53,854 - INFO - [__main__] - 상세 페이지 스크레이퍼 완료: 상가건물 임대차계약서상의 확정일자 부여 및 임대차 정보제공에 관한 규칙
2025-08-17 16:51:55,077 - INFO - [__main__] - 상세 페이지 스크레이퍼 실행: https://www.law.go.kr/LSW/lsInfoP.do?lsiSeq=238797&efYd=20220104
2025-08-17 16:51:58,254 - INFO - [__main__] - 상세 페이지 스크레이퍼 완료: 상가건물 임대차보호법
2025-08-17 16:51:59,487 - INFO - [__main__] - 상세 페이지 스크레이퍼 실행: https://www.law.go.kr/LSW/lsInfoP.do?lsiSeq=267689&efYd=20250301
2025-08-17 16:52:03,188 - INFO - [__main__] - 상세 페이지 스크레이퍼 완료: 상가건물 임대차보호법 시행령
2025-08-17 16:52:04,420 - INFO - [__main__] - 상세 페이지 스크레이퍼 실행: https://www.law.go.kr/LSW/lsInfoP.do?lsiSeq=97050&efYd=20091102
2025-08-17 16:52:07,522 - INFO - [__main__] - 상세 페이지 스크레이퍼 완료: 상고심절차에 관한 특례법
2025-08-17 16:52:08,755 - INFO - [__main__] - 상세 페이지 스크레이퍼 실행: https://www.law.go.kr/LSW/lsInfoP.do?lsiSeq=272919&efYd=20250722
2025-08-17 16:52:18,101 - INFO - [__main__] - 상세 페이지 스크레이퍼 완료: 상법
2025-08-17 16:52:19,673 - INFO - [__main__] - 상세 페이지 스크레이퍼 실행: https://www.law.go.kr/LSW/lsInfoP.do?lsiSeq=272919&efYd=20260723
2025-08-17 16:52:27,580 - INFO - [__main__] - 상세 페이지 스크레이퍼 완료: 상법
2025-08-17 16:52:28,916 - INFO - [__main__] - 상세 페이지 스크레이퍼 실행: https://www.law.go.kr/LSW/lsInfoP.do?lsiSeq=272919&efYd=20270101
2025-08-17 16:52:35,033 - INFO - [__main__] - 상세 페이지 스크레이퍼 완료: 상법
2025-08-17 16:52:36,352 - INFO - [__main__] - 상세 페이지 스크레이퍼 실행: https://www.law.go.kr/LSW/lsInfoP.do?lsiSeq=268379&efYd=20250131
2025-08-17 16:52:39,916 - INFO - [__main__] - 상세 페이지 스크레이퍼 완료: 상법 시행령
2025-08-17 16:52:41,134 - INFO - [__main__] - 상세 페이지 스크레이퍼 실행: https://www.law.go.kr/LSW/lsInfoP.do?lsiSeq=106831&efYd=20100723
2025-08-17 16:52:43,953 - INFO - [__main__] - 상세 페이지 스크레이퍼 완료: 상법시행법
2025-08-17 16:52:45,186 - INFO - [__main__] - 상세 페이지 스크레이퍼 실행: https://www.law.go.kr/LSW/lsInfoP.do?lsiSeq=223775&efYd=20201210
2025-08-17 16:52:49,088 - INFO - [__main__] - 상세 페이지 스크레이퍼 완료: 상법의 전자선하증권 규정의 시행에 관한 규정
2025-08-17 16:52:50,334 - INFO - [__main__] - 상세 페이지 스크레이퍼 실행: https://www.law.go.kr/LSW/lsInfoP.do?lsiSeq=265393&efYd=20250131
2025-08-17 16:52:54,345 - INFO - [__main__] - 상세 페이지 스크레이퍼 완료: 상업등기법
2025-08-17 16:52:55,654 - INFO - [__main__] - 상세 페이지 스크레이퍼 실행: https://www.law.go.kr/LSW/lsInfoP.do?lsiSeq=231891&efYd=20210402
2025-08-17 16:52:59,099 - INFO - [__main__] - 상세 페이지 스크레이퍼 완료: 선거범죄 신고포상금 지급에 관한 규칙
2025-08-17 16:53:00,339 - INFO - [__main__] - 상세 페이지 스크레이퍼 실행: https://www.law.go.kr/LSW/lsInfoP.do?lsiSeq=265383&efYd=20250131
2025-08-17 16:53:03,163 - INFO - [__main__] - 상세 페이지 스크레이퍼 완료: 선박등기법
2025-08-17 16:53:04,380 - INFO - [__main__] - 상세 페이지 스크레이퍼 실행: https://www.law.go.kr/LSW/lsInfoP.do?lsiSeq=230155&efYd=20210316
2025-08-17 16:53:08,271 - INFO - [__main__] - 상세 페이지 스크레이퍼 완료: 선박 및 해상구조물에 대한 위해행위의 처벌 등에 관한 법률
2025-08-17 16:53:09,505 - INFO - [__main__] - 상세 페이지 스크레이퍼 실행: https://www.law.go.kr/LSW/lsInfoP.do?lsiSeq=97989&efYd=20091229
2025-08-17 16:53:13,120 - INFO - [__main__] - 상세 페이지 스크레이퍼 완료: 선박소유자 등의 책임제한절차에 관한 법률
2025-08-17 16:53:14,359 - INFO - [__main__] - 상세 페이지 스크레이퍼 실행: https://www.law.go.kr/LSW/lsInfoP.do?lsiSeq=257487&efYd=20240101
2025-08-17 16:53:17,482 - INFO - [__main__] - 상세 페이지 스크레이퍼 완료: 성매매알선 등 행위의 처벌에 관한 법률
2025-08-17 16:53:18,714 - INFO - [__main__] - 상세 페이지 스크레이퍼 실행: https://www.law.go.kr/LSW/lsInfoP.do?lsiSeq=207953&efYd=20190305
2025-08-17 16:53:22,015 - INFO - [__main__] - 상세 페이지 스크레이퍼 완료: 성매매알선 등 행위의 처벌에 관한 법률 시행령
2025-08-17 16:53:23,244 - INFO - [__main__] - 상세 페이지 스크레이퍼 실행: https://www.law.go.kr/LSW/lsInfoP.do?lsiSeq=264529&efYd=20240730
2025-08-17 16:53:26,198 - INFO - [__main__] - 상세 페이지 스크레이퍼 완료: 성매매알선 등 행위의 처벌에 관한 법률 시행규칙
2025-08-17 16:53:27,403 - INFO - [__main__] - 상세 페이지 스크레이퍼 실행: https://www.law.go.kr/LSW/lsInfoP.do?lsiSeq=267313&efYd=20250621
2025-08-17 16:53:31,472 - INFO - [__main__] - 상세 페이지 스크레이퍼 완료: 성폭력범죄의 처벌 등에 관한 특례법
2025-08-17 16:53:32,709 - INFO - [__main__] - 상세 페이지 스크레이퍼 실행: https://www.law.go.kr/LSW/lsInfoP.do?lsiSeq=271287&efYd=20250621
2025-08-17 16:53:35,613 - INFO - [__main__] - 상세 페이지 스크레이퍼 완료: 성폭력범죄의 처벌 등에 관한 특례법 시행령
2025-08-17 16:53:36,860 - INFO - [__main__] - 상세 페이지 스크레이퍼 실행: https://www.law.go.kr/LSW/lsInfoP.do?lsiSeq=243759&efYd=20220705
2025-08-17 16:53:39,754 - INFO - [__main__] - 상세 페이지 스크레이퍼 완료: 성폭력범죄의 처벌 등에 관한 특례법 시행규칙
2025-08-17 16:53:41,255 - INFO - [__main__] - 상세 페이지 스크레이퍼 실행: https://www.law.go.kr/LSW/lsInfoP.do?lsiSeq=213803&efYd=20200204
2025-08-17 16:53:44,605 - INFO - [__main__] - 상세 페이지 스크레이퍼 완료: 성폭력범죄자의 성충동 약물치료에 관한 법률
2025-08-17 16:53:45,842 - INFO - [__main__] - 상세 페이지 스크레이퍼 실행: https://www.law.go.kr/LSW/lsInfoP.do?lsiSeq=200459&efYd=20180101
2025-08-17 16:53:49,349 - INFO - [__main__] - 상세 페이지 스크레이퍼 완료: 성폭력범죄자의 성충동 약물치료에 관한 법률 시행령
2025-08-17 16:53:50,593 - INFO - [__main__] - 상세 페이지 스크레이퍼 실행: https://www.law.go.kr/LSW/lsInfoP.do?lsiSeq=243761&efYd=20220705
2025-08-17 16:53:54,164 - INFO - [__main__] - 상세 페이지 스크레이퍼 완료: 성폭력범죄자의 성충동 약물치료에 관한 법률 시행규칙
2025-08-17 16:53:55,536 - INFO - [__main__] - 상세 페이지 스크레이퍼 실행: https://www.law.go.kr/LSW/lsInfoP.do?lsiSeq=222435&efYd=20210421
2025-08-17 16:53:58,781 - INFO - [__main__] - 상세 페이지 스크레이퍼 완료: 소년법
2025-08-17 16:54:00,008 - INFO - [__main__] - 상세 페이지 스크레이퍼 실행: https://www.law.go.kr/LSW/lsInfoP.do?lsiSeq=240279&efYd=20220207
2025-08-17 16:54:03,067 - INFO - [__main__] - 상세 페이지 스크레이퍼 완료: 소년원 및 소년분류심사원 공무원 복제규칙
2025-08-17 16:54:04,287 - INFO - [__main__] - 상세 페이지 스크레이퍼 실행: https://www.law.go.kr/LSW/lsInfoP.do?lsiSeq=240281&efYd=20220207
2025-08-17 16:54:07,256 - INFO - [__main__] - 상세 페이지 스크레이퍼 완료: 소년원 및 소년분류심사원 급여규칙
2025-08-17 16:54:08,479 - INFO - [__main__] - 상세 페이지 스크레이퍼 실행: https://www.law.go.kr/LSW/lsInfoP.do?lsiSeq=258675&efYd=20240417
2025-08-17 16:54:11,436 - INFO - [__main__] - 상세 페이지 스크레이퍼 완료: 소송촉진 등에 관한 특례법
2025-08-17 16:54:12,668 - INFO - [__main__] - 상세 페이지 스크레이퍼 실행: https://www.law.go.kr/LSW/lsInfoP.do?lsiSeq=208701&efYd=20190601
2025-08-17 16:54:15,444 - INFO - [__main__] - 상세 페이지 스크레이퍼 완료: 소송촉진 등에 관한 특례법 제3조제1항 본문의 법정이율에 관한 규정
2025-08-17 16:54:16,661 - INFO - [__main__] - 상세 페이지 스크레이퍼 실행: https://www.law.go.kr/LSW/lsInfoP.do?lsiSeq=249281&efYd=20230328
2025-08-17 16:54:19,343 - INFO - [__main__] - 상세 페이지 스크레이퍼 완료: 소액사건심판법
2025-08-17 16:54:20,565 - INFO - [__main__] - 상세 페이지 스크레이퍼 실행: https://www.law.go.kr/LSW/lsInfoP.do?lsiSeq=213805&efYd=20200805
2025-08-17 16:54:24,317 - INFO - [__main__] - 상세 페이지 스크레이퍼 완료: 수복지역내소유자미복구토지의복구등록과보존등기등에관한특별조치법
2025-08-17 16:54:25,533 - INFO - [__main__] - 상세 페이지 스크레이퍼 실행: https://www.law.go.kr/LSW/lsInfoP.do?lsiSeq=227627&efYd=20210105
2025-08-17 16:54:28,612 - INFO - [__main__] - 상세 페이지 스크레이퍼 완료: 수복지역내소유자미복구토지의복구등록과보존등기등에관한특별조치법시행령
2025-08-17 16:54:29,843 - INFO - [__main__] - 상세 페이지 스크레이퍼 실행: https://www.law.go.kr/LSW/lsInfoP.do?lsiSeq=103946&efYd=20100331
2025-08-17 16:54:32,971 - INFO - [__main__] - 상세 페이지 스크레이퍼 완료: 수표법
2025-08-17 16:54:34,190 - INFO - [__main__] - 상세 페이지 스크레이퍼 실행: https://www.law.go.kr/LSW/lsInfoP.do?lsiSeq=187295&efYd=20161201
2025-08-17 16:54:36,913 - INFO - [__main__] - 상세 페이지 스크레이퍼 완료: 수표법 적용 시 은행과 동일시되는 사람 또는 시설의 지정에 관한 규정
2025-08-17 16:54:38,134 - INFO - [__main__] - 상세 페이지 스크레이퍼 실행: https://www.law.go.kr/LSW/lsInfoP.do?lsiSeq=227647&efYd=20210105
2025-08-17 16:54:41,364 - INFO - [__main__] - 상세 페이지 스크레이퍼 완료: 수형자 등 호송 규정
2025-08-17 16:54:42,569 - INFO - [__main__] - 상세 페이지 스크레이퍼 실행: https://www.law.go.kr/LSW/lsInfoP.do?lsiSeq=271557&efYd=20250610
2025-08-17 16:54:45,742 - INFO - [__main__] - 상세 페이지 스크레이퍼 완료: 순직 해병 수사 방해 및 사건 은폐 등의 진상규명을 위한 특별검사의 임명 등에 관한 법률
2025-08-17 16:54:46,961 - INFO - [__main__] - 상세 페이지 스크레이퍼 실행: https://www.law.go.kr/LSW/lsInfoP.do?lsiSeq=252483&efYd=20240112
2025-08-17 16:54:49,933 - INFO - [__main__] - 상세 페이지 스크레이퍼 완료: 스토킹범죄의 처벌 등에 관한 법률
2025-08-17 16:54:51,150 - INFO - [__main__] - 상세 페이지 스크레이퍼 실행: https://www.law.go.kr/LSW/lsInfoP.do?lsiSeq=233711&efYd=20211021
2025-08-17 16:54:54,098 - INFO - [__main__] - 상세 페이지 스크레이퍼 완료: 스토킹범죄의 처벌 등에 관한 법률 시행령
2025-08-17 16:54:55,320 - INFO - [__main__] - 상세 페이지 스크레이퍼 실행: https://www.law.go.kr/LSW/lsInfoP.do?lsiSeq=91383&efYd=20090130
2025-08-17 16:54:58,958 - INFO - [__main__] - 상세 페이지 스크레이퍼 완료: 신원보증법
2025-08-17 16:55:00,183 - INFO - [__main__] - 상세 페이지 스크레이퍼 실행: https://www.law.go.kr/LSW/lsInfoP.do?lsiSeq=198564&efYd=20181101
2025-08-17 16:55:03,722 - INFO - [__main__] - 상세 페이지 스크레이퍼 완료: 신탁법
2025-08-17 16:55:04,947 - INFO - [__main__] - 상세 페이지 스크레이퍼 실행: https://www.law.go.kr/LSW/lsInfoP.do?lsiSeq=223781&efYd=20201210
2025-08-17 16:55:07,599 - INFO - [__main__] - 상세 페이지 스크레이퍼 완료: 신탁법 시행령
2025-08-17 16:55:08,814 - INFO - [__main__] - 상세 페이지 스크레이퍼 실행: https://www.law.go.kr/LSW/lsInfoP.do?lsiSeq=93181&efYd=20090508
2025-08-17 16:55:12,219 - INFO - [__main__] - 상세 페이지 스크레이퍼 완료: 실화책임에 관한 법률
2025-08-17 16:55:13,462 - INFO - [__main__] - 상세 페이지 스크레이퍼 실행: https://www.law.go.kr/LSW/lsInfoP.do?lsiSeq=252713&efYd=20250719
2025-08-17 16:55:16,717 - INFO - [__main__] - 상세 페이지 스크레이퍼 완료: 아동학대범죄의 처벌 등에 관한 특례법
2025-08-17 16:55:17,948 - INFO - [__main__] - 상세 페이지 스크레이퍼 실행: https://www.law.go.kr/LSW/lsInfoP.do?lsiSeq=272471&efYd=20250621
2025-08-17 16:55:20,942 - INFO - [__main__] - 상세 페이지 스크레이퍼 완료: 아동학대범죄의 처벌 등에 관한 특례법 시행령
2025-08-17 16:55:22,167 - INFO - [__main__] - 상세 페이지 스크레이퍼 실행: https://www.law.go.kr/LSW/lsInfoP.do?lsiSeq=272541&efYd=20250621
2025-08-17 16:55:25,328 - INFO - [__main__] - 상세 페이지 스크레이퍼 완료: 아동학대범죄의 처벌 등에 관한 특례법 시행규칙
2025-08-17 16:55:26,552 - INFO - [__main__] - 상세 페이지 스크레이퍼 실행: https://www.law.go.kr/LSW/lsInfoP.do?lsiSeq=113742&efYd=20110531
2025-08-17 16:55:29,927 - INFO - [__main__] - 상세 페이지 스크레이퍼 완료: 어음교환소 지정에 관한 규칙
2025-08-17 16:55:31,153 - INFO - [__main__] - 상세 페이지 스크레이퍼 실행: https://www.law.go.kr/LSW/lsInfoP.do?lsiSeq=103947&efYd=20100331
2025-08-17 16:55:34,106 - INFO - [__main__] - 상세 페이지 스크레이퍼 완료: 어음법
2025-08-17 16:55:35,391 - INFO - [__main__] - 상세 페이지 스크레이퍼 실행: https://www.law.go.kr/LSW/lsInfoP.do?lsiSeq=228425&efYd=20210101
2025-08-17 16:55:48,303 - INFO - [__main__] - 상세 페이지 스크레이퍼 완료: 영장심의위원회 규칙
2025-08-17 16:55:49,578 - INFO - [__main__] - 상세 페이지 스크레이퍼 실행: https://www.law.go.kr/LSW/lsInfoP.do?lsiSeq=199499&efYd=20171212
2025-08-17 16:55:53,573 - INFO - [__main__] - 상세 페이지 스크레이퍼 완료: 외국법자문사법
2025-08-17 16:55:54,783 - INFO - [__main__] - 상세 페이지 스크레이퍼 실행: https://www.law.go.kr/LSW/lsInfoP.do?lsiSeq=268397&efYd=20250131
2025-08-17 16:55:57,592 - INFO - [__main__] - 상세 페이지 스크레이퍼 완료: 외국법자문사법 시행령
2025-08-17 16:55:58,826 - INFO - [__main__] - 상세 페이지 스크레이퍼 실행: https://www.law.go.kr/LSW/lsInfoP.do?lsiSeq=184394&efYd=20160628
2025-08-17 16:56:01,860 - INFO - [__main__] - 상세 페이지 스크레이퍼 완료: 외국법자문사법 시행규칙
2025-08-17 16:56:03,075 - INFO - [__main__] - 상세 페이지 스크레이퍼 실행: https://www.law.go.kr/LSW/lsInfoP.do?lsiSeq=245861&efYd=20230306
2025-08-17 16:56:06,304 - INFO - [__main__] - 상세 페이지 스크레이퍼 완료: 외국인보호규칙
2025-08-17 16:56:07,533 - INFO - [__main__] - 상세 페이지 스크레이퍼 실행: https://www.law.go.kr/LSW/lsInfoP.do?lsiSeq=105295&efYd=20100520
2025-08-17 16:56:20,275 - INFO - [__main__] - 상세 페이지 스크레이퍼 완료: 외국인의 서명날인에 관한 법률
2025-08-17 16:56:21,541 - INFO - [__main__] - 상세 페이지 스크레이퍼 실행: https://www.law.go.kr/LSW/lsInfoP.do?lsiSeq=149564&efYd=20140107
2025-08-17 16:56:24,326 - INFO - [__main__] - 상세 페이지 스크레이퍼 완료: 유실물법
2025-08-17 16:56:25,541 - INFO - [__main__] - 상세 페이지 스크레이퍼 실행: https://www.law.go.kr/LSW/lsInfoP.do?lsiSeq=241139&efYd=20220308
2025-08-17 16:56:28,547 - INFO - [__main__] - 상세 페이지 스크레이퍼 완료: 유실물법 시행령
2025-08-17 16:56:29,769 - INFO - [__main__] - 상세 페이지 스크레이퍼 실행: https://www.law.go.kr/LSW/lsInfoP.do?lsiSeq=271631&efYd=20250610
2025-08-17 16:56:33,563 - INFO - [__main__] - 상세 페이지 스크레이퍼 완료: 윤석열 전 대통령 등에 의한 내란ㆍ외환 행위의 진상규명을 위한 특별검사 임명 등에 관한 법률
2025-08-17 16:56:34,782 - INFO - [__main__] - 상세 페이지 스크레이퍼 실행: https://www.law.go.kr/LSW/lsInfoP.do?lsiSeq=268667&efYd=20250722
2025-08-17 16:56:37,544 - INFO - [__main__] - 상세 페이지 스크레이퍼 완료: 이자제한법
2025-08-17 16:56:38,762 - INFO - [__main__] - 상세 페이지 스크레이퍼 실행: https://www.law.go.kr/LSW/lsInfoP.do?lsiSeq=230727&efYd=20210707
2025-08-17 16:56:41,518 - INFO - [__main__] - 상세 페이지 스크레이퍼 완료: 이자제한법 제2조제1항의 최고이자율에 관한 규정
2025-08-17 16:56:42,790 - INFO - [__main__] - 상세 페이지 스크레이퍼 실행: https://www.law.go.kr/LSW/lsInfoP.do?lsiSeq=232785&efYd=20210609
2025-08-17 16:56:45,841 - INFO - [__main__] - 상세 페이지 스크레이퍼 완료: 인권보호수사규칙
2025-08-17 16:56:47,067 - INFO - [__main__] - 상세 페이지 스크레이퍼 실행: https://www.law.go.kr/LSW/lsInfoP.do?lsiSeq=243767&efYd=20220705
2025-08-17 16:56:50,253 - INFO - [__main__] - 상세 페이지 스크레이퍼 완료: 인권침해 사건 조사ㆍ처리 및 구금ㆍ보호시설의 실태조사에 관한 규칙
2025-08-17 16:56:51,470 - INFO - [__main__] - 상세 페이지 스크레이퍼 실행: https://www.law.go.kr/LSW/lsInfoP.do?lsiSeq=198482&efYd=20171031
2025-08-17 16:56:54,218 - INFO - [__main__] - 상세 페이지 스크레이퍼 완료: 인신보호법
2025-08-17 16:56:55,439 - INFO - [__main__] - 상세 페이지 스크레이퍼 실행: https://www.law.go.kr/LSW/lsInfoP.do?lsiSeq=130810&efYd=20131219
2025-08-17 16:56:58,865 - INFO - [__main__] - 상세 페이지 스크레이퍼 완료: 인지 첩부·첨부 및 공탁 제공에 관한 특례법
2025-08-17 16:57:00,106 - INFO - [__main__] - 상세 페이지 스크레이퍼 실행: https://www.law.go.kr/LSW/lsInfoP.do?lsiSeq=265385&efYd=20250131
2025-08-17 16:57:02,868 - INFO - [__main__] - 상세 페이지 스크레이퍼 완료: 입목에 관한 법률
2025-08-17 16:57:04,106 - INFO - [__main__] - 상세 페이지 스크레이퍼 실행: https://www.law.go.kr/LSW/lsInfoP.do?lsiSeq=126151&efYd=20120811
2025-08-17 16:57:07,313 - INFO - [__main__] - 상세 페이지 스크레이퍼 완료: 입목에 관한 법률 시행령
2025-08-17 16:57:08,665 - INFO - [__main__] - 상세 페이지 스크레이퍼 실행: https://www.law.go.kr/LSW/lsInfoP.do?lsiSeq=243145&efYd=20230611
2025-08-17 16:57:22,448 - INFO - [__main__] - 상세 페이지 스크레이퍼 완료: 자동차 등 특정동산 저당법
2025-08-17 16:57:23,722 - INFO - [__main__] - 상세 페이지 스크레이퍼 실행: https://www.law.go.kr/LSW/lsInfoP.do?lsiSeq=251373&efYd=20230611
2025-08-17 16:57:37,445 - INFO - [__main__] - 상세 페이지 스크레이퍼 완료: 자동차 등 특정동산 저당법 시행령
2025-08-17 16:57:38,784 - INFO - [__main__] - 상세 페이지 스크레이퍼 실행: https://www.law.go.kr/LSW/lsInfoP.do?lsiSeq=254181&efYd=20230821
2025-08-17 16:57:43,323 - INFO - [__main__] - 상세 페이지 스크레이퍼 완료: 자유형등에 관한 검찰집행사무규칙
2025-08-17 16:57:44,594 - INFO - [__main__] - 상세 페이지 스크레이퍼 실행: https://www.law.go.kr/LSW/lsInfoP.do?lsiSeq=254183&efYd=20230821
2025-08-17 16:57:48,341 - INFO - [__main__] - 상세 페이지 스크레이퍼 완료: 재산형 등에 관한 검찰 집행사무규칙
2025-08-17 16:57:49,581 - INFO - [__main__] - 상세 페이지 스크레이퍼 실행: https://www.law.go.kr/LSW/lsInfoP.do?lsiSeq=273187&efYd=20250812
2025-08-17 16:57:52,705 - INFO - [__main__] - 상세 페이지 스크레이퍼 완료: 재외국민등록법 시행령
2025-08-17 16:57:53,931 - INFO - [__main__] - 상세 페이지 스크레이퍼 실행: https://www.law.go.kr/LSW/lsInfoP.do?lsiSeq=273299&efYd=20250812
2025-08-17 16:57:57,298 - INFO - [__main__] - 상세 페이지 스크레이퍼 완료: 재외국민등록법 시행규칙
2025-08-17 16:57:58,559 - INFO - [__main__] - 상세 페이지 스크레이퍼 실행: https://www.law.go.kr/LSW/lsInfoP.do?lsiSeq=167953&efYd=20150701
2025-08-17 16:58:01,501 - INFO - [__main__] - 상세 페이지 스크레이퍼 완료: 재외국민의 가족관계등록 창설, 가족관계등록부 정정 및 가족관계등록부 정리에 관한 특례법
2025-08-17 16:58:02,721 - INFO - [__main__] - 상세 페이지 스크레이퍼 실행: https://www.law.go.kr/LSW/lsInfoP.do?lsiSeq=268553&efYd=20250722
2025-08-17 16:58:05,737 - INFO - [__main__] - 상세 페이지 스크레이퍼 완료: 재외동포의 출입국과 법적 지위에 관한 법률
2025-08-17 16:58:07,005 - INFO - [__main__] - 상세 페이지 스크레이퍼 실행: https://www.law.go.kr/LSW/lsInfoP.do?lsiSeq=256767&efYd=20231214
2025-08-17 16:58:10,382 - INFO - [__main__] - 상세 페이지 스크레이퍼 완료: 재외동포의 출입국과 법적 지위에 관한 법률 시행령
2025-08-17 16:58:11,662 - INFO - [__main__] - 상세 페이지 스크레이퍼 실행: https://www.law.go.kr/LSW/lsInfoP.do?lsiSeq=267499&efYd=20250201
2025-08-17 16:58:15,328 - INFO - [__main__] - 상세 페이지 스크레이퍼 완료: 재외동포의 출입국과 법적 지위에 관한 법률 시행규칙
2025-08-17 16:58:16,592 - INFO - [__main__] - 상세 페이지 스크레이퍼 실행: https://www.law.go.kr/LSW/lsInfoP.do?lsiSeq=268701&efYd=20250131
2025-08-17 16:58:19,928 - INFO - [__main__] - 상세 페이지 스크레이퍼 완료: 재한외국인 처우 기본법
2025-08-17 16:58:21,177 - INFO - [__main__] - 상세 페이지 스크레이퍼 실행: https://www.law.go.kr/LSW/lsInfoP.do?lsiSeq=261747&efYd=20240425
2025-08-17 16:58:24,278 - INFO - [__main__] - 상세 페이지 스크레이퍼 완료: 재한외국인 처우 기본법 시행령
2025-08-17 16:58:25,585 - INFO - [__main__] - 상세 페이지 스크레이퍼 실행: https://www.law.go.kr/LSW/lsInfoP.do?lsiSeq=202862&efYd=20180321
2025-08-17 16:58:28,824 - INFO - [__main__] - 상세 페이지 스크레이퍼 완료: 전문수사자문위원 운영규칙
2025-08-17 16:58:30,050 - INFO - [__main__] - 상세 페이지 스크레이퍼 실행: https://www.law.go.kr/LSW/lsInfoP.do?lsiSeq=236053&efYd=20221020
2025-08-17 16:58:34,059 - INFO - [__main__] - 상세 페이지 스크레이퍼 완료: 전자문서 및 전자거래 기본법
2025-08-17 16:58:35,304 - INFO - [__main__] - 상세 페이지 스크레이퍼 실행: https://www.law.go.kr/LSW/lsInfoP.do?lsiSeq=256703&efYd=20231212
2025-08-17 16:58:38,631 - INFO - [__main__] - 상세 페이지 스크레이퍼 완료: 전자문서 및 전자거래 기본법 시행령
2025-08-17 16:58:39,867 - INFO - [__main__] - 상세 페이지 스크레이퍼 실행: https://www.law.go.kr/LSW/lsInfoP.do?lsiSeq=224723&efYd=20201222
2025-08-17 16:58:43,941 - INFO - [__main__] - 상세 페이지 스크레이퍼 완료: 전자문서 및 전자거래 기본법 시행규칙
2025-08-17 16:58:45,169 - INFO - [__main__] - 상세 페이지 스크레이퍼 실행: https://www.law.go.kr/LSW/lsInfoP.do?lsiSeq=218913&efYd=20201210
2025-08-17 16:58:48,811 - INFO - [__main__] - 상세 페이지 스크레이퍼 완료: 전자어음의 발행 및 유통에 관한 법률
2025-08-17 16:58:50,031 - INFO - [__main__] - 상세 페이지 스크레이퍼 실행: https://www.law.go.kr/LSW/lsInfoP.do?lsiSeq=240183&efYd=20220509
2025-08-17 16:58:53,033 - INFO - [__main__] - 상세 페이지 스크레이퍼 완료: 전자어음의 발행 및 유통에 관한 법률 시행령
2025-08-17 16:58:54,271 - INFO - [__main__] - 상세 페이지 스크레이퍼 실행: https://www.law.go.kr/LSW/lsInfoP.do?lsiSeq=193042&efYd=20170330
2025-08-17 16:58:57,188 - INFO - [__main__] - 상세 페이지 스크레이퍼 완료: 전자어음의 발행 및 유통에 관한 법률 시행규칙
2025-08-17 16:58:58,438 - INFO - [__main__] - 상세 페이지 스크레이퍼 실행: https://www.law.go.kr/LSW/lsInfoP.do?lsiSeq=258649&efYd=20240717
2025-08-17 16:59:02,817 - INFO - [__main__] - 상세 페이지 스크레이퍼 완료: 전자장치 부착 등에 관한 법률
2025-08-17 16:59:04,438 - INFO - [__main__] - 상세 페이지 스크레이퍼 실행: https://www.law.go.kr/LSW/lsInfoP.do?lsiSeq=263217&efYd=20240717
2025-08-17 16:59:08,356 - INFO - [__main__] - 상세 페이지 스크레이퍼 완료: 전자장치 부착 등에 관한 법률 시행령
2025-08-17 16:59:10,182 - INFO - [__main__] - 상세 페이지 스크레이퍼 실행: https://www.law.go.kr/LSW/lsInfoP.do?lsiSeq=258615&efYd=20240112
2025-08-17 16:59:15,967 - INFO - [__main__] - 상세 페이지 스크레이퍼 완료: 전자장치 부착 등에 관한 법률 시행규칙
2025-08-17 16:59:18,453 - INFO - [__main__] - 상세 페이지 스크레이퍼 실행: https://www.law.go.kr/LSW/lsInfoP.do?lsiSeq=218979&efYd=20200609
2025-08-17 16:59:23,473 - INFO - [__main__] - 상세 페이지 스크레이퍼 완료: 정부법무공단법
2025-08-17 16:59:24,863 - INFO - [__main__] - 상세 페이지 스크레이퍼 실행: https://www.law.go.kr/LSW/lsInfoP.do?lsiSeq=231585&efYd=20210420
2025-08-17 16:59:38,706 - INFO - [__main__] - 상세 페이지 스크레이퍼 완료: 정부법무공단법 시행령
2025-08-17 16:59:40,145 - INFO - [__main__] - 상세 페이지 스크레이퍼 실행: https://www.law.go.kr/LSW/lsInfoP.do?lsiSeq=193381&efYd=20180419
2025-08-17 16:59:53,866 - INFO - [__main__] - 상세 페이지 스크레이퍼 완료: 제조물 책임법
2025-08-17 16:59:55,254 - INFO - [__main__] - 상세 페이지 스크레이퍼 실행: https://www.law.go.kr/LSW/lsInfoP.do?lsiSeq=79204&efYd=20070525
2025-08-17 16:59:58,926 - INFO - [__main__] - 상세 페이지 스크레이퍼 완료: 제주특별자치도 설치 및 국제자유도시 조성을 위한 특별법 제363조제5항에 따른 범칙금 양정기준에 관한 규칙
2025-08-17 17:00:00,177 - INFO - [__main__] - 상세 페이지 스크레이퍼 실행: https://www.law.go.kr/LSW/lsInfoP.do?lsiSeq=267561&efYd=20241231
2025-08-17 17:00:03,597 - INFO - [__main__] - 상세 페이지 스크레이퍼 완료: 주식ㆍ사채 등의 전자등록에 관한 법률
2025-08-17 17:00:04,858 - INFO - [__main__] - 상세 페이지 스크레이퍼 실행: https://www.law.go.kr/LSW/lsInfoP.do?lsiSeq=252119&efYd=20230701
2025-08-17 17:00:09,445 - INFO - [__main__] - 상세 페이지 스크레이퍼 완료: 주식ㆍ사채 등의 전자등록에 관한 법률 시행령
2025-08-17 17:00:10,676 - INFO - [__main__] - 상세 페이지 스크레이퍼 실행: https://www.law.go.kr/LSW/lsInfoP.do?lsiSeq=240291&efYd=20220207
2025-08-17 17:00:23,816 - INFO - [__main__] - 상세 페이지 스크레이퍼 완료: 주택임대차계약증서상의 확정일자 부여 및 임대차 정보제공에 관한 규칙
2025-08-17 17:00:25,241 - INFO - [__main__] - 상세 페이지 스크레이퍼 실행: https://www.law.go.kr/LSW/lsInfoP.do?lsiSeq=249999&efYd=20230719
2025-08-17 17:00:28,793 - INFO - [__main__] - 상세 페이지 스크레이퍼 완료: 주택임대차보호법
2025-08-17 17:00:30,032 - INFO - [__main__] - 상세 페이지 스크레이퍼 실행: https://www.law.go.kr/LSW/lsInfoP.do?lsiSeq=267649&efYd=20250301
2025-08-17 17:00:33,876 - INFO - [__main__] - 상세 페이지 스크레이퍼 완료: 주택임대차보호법 시행령
2025-08-17 17:00:35,102 - INFO - [__main__] - 상세 페이지 스크레이퍼 실행: https://www.law.go.kr/LSW/lsInfoP.do?lsiSeq=228817&efYd=20220127
2025-08-17 17:00:38,517 - INFO - [__main__] - 상세 페이지 스크레이퍼 완료: 중대재해 처벌 등에 관한 법률
2025-08-17 17:00:39,763 - INFO - [__main__] - 상세 페이지 스크레이퍼 실행: https://www.law.go.kr/LSW/lsInfoP.do?lsiSeq=273081&efYd=20250807
2025-08-17 17:00:42,905 - INFO - [__main__] - 상세 페이지 스크레이퍼 완료: 중대재해 처벌 등에 관한 법률 시행령
2025-08-17 17:00:44,141 - INFO - [__main__] - 상세 페이지 스크레이퍼 실행: https://www.law.go.kr/LSW/lsInfoP.do?lsiSeq=213809&efYd=20200204
2025-08-17 17:00:47,774 - INFO - [__main__] - 상세 페이지 스크레이퍼 완료: 중재법
2025-08-17 17:00:48,984 - INFO - [__main__] - 상세 페이지 스크레이퍼 실행: https://www.law.go.kr/LSW/lsInfoP.do?lsiSeq=188534&efYd=20170628
2025-08-17 17:01:02,427 - INFO - [__main__] - 상세 페이지 스크레이퍼 완료: 중재산업 진흥에 관한 법률
2025-08-17 17:01:03,717 - INFO - [__main__] - 상세 페이지 스크레이퍼 실행: https://www.law.go.kr/LSW/lsInfoP.do?lsiSeq=194499&efYd=20170628
2025-08-17 17:01:17,070 - INFO - [__main__] - 상세 페이지 스크레이퍼 완료: 중재산업 진흥에 관한 법률 시행령
2025-08-17 17:01:18,360 - INFO - [__main__] - 상세 페이지 스크레이퍼 실행: https://www.law.go.kr/LSW/lsInfoP.do?lsiSeq=195051&efYd=20170726
2025-08-17 17:01:32,086 - INFO - [__main__] - 상세 페이지 스크레이퍼 완료: 즉결심판에 관한 절차법
2025-08-17 17:01:33,414 - INFO - [__main__] - 상세 페이지 스크레이퍼 실행: https://www.law.go.kr/LSW/lsInfoP.do?lsiSeq=140592&efYd=20130829
2025-08-17 17:01:37,422 - INFO - [__main__] - 상세 페이지 스크레이퍼 완료: 증권관련 집단소송법
2025-08-17 17:01:39,536 - INFO - [__main__] - 상세 페이지 스크레이퍼 실행: https://www.law.go.kr/LSW/lsInfoP.do?lsiSeq=73737&efYd=20060424
2025-08-17 17:01:53,976 - INFO - [__main__] - 상세 페이지 스크레이퍼 완료: 지문을채취할형사피의자의범위에관한규칙
2025-08-17 17:01:55,338 - INFO - [__main__] - 상세 페이지 스크레이퍼 실행: https://www.law.go.kr/LSW/lsInfoP.do?lsiSeq=240293&efYd=20220207
2025-08-17 17:01:59,661 - INFO - [__main__] - 상세 페이지 스크레이퍼 완료: 지정공증인의 사무처리 등에 관한 규칙
2025-08-17 17:02:00,983 - INFO - [__main__] - 상세 페이지 스크레이퍼 실행: https://www.law.go.kr/LSW/lsInfoP.do?lsiSeq=261699&efYd=20240401
2025-08-17 17:02:04,194 - INFO - [__main__] - 상세 페이지 스크레이퍼 완료: 진술조력인의 선정 등에 관한 규칙
2025-08-17 17:02:05,431 - INFO - [__main__] - 상세 페이지 스크레이퍼 실행: https://www.law.go.kr/LSW/lsInfoP.do?lsiSeq=224847&efYd=20210101
2025-08-17 17:02:09,790 - INFO - [__main__] - 상세 페이지 스크레이퍼 완료: 질서위반행위규제법
2025-08-17 17:02:11,215 - INFO - [__main__] - 상세 페이지 스크레이퍼 실행: https://www.law.go.kr/LSW/lsInfoP.do?lsiSeq=228847&efYd=20210205
2025-08-17 17:02:14,942 - INFO - [__main__] - 상세 페이지 스크레이퍼 완료: 질서위반행위규제법 시행령
2025-08-17 17:02:16,263 - INFO - [__main__] - 상세 페이지 스크레이퍼 실행: https://www.law.go.kr/LSW/lsInfoP.do?lsiSeq=249285&efYd=20230929
2025-08-17 17:02:20,026 - INFO - [__main__] - 상세 페이지 스크레이퍼 완료: 집합건물의 소유 및 관리에 관한 법률
2025-08-17 17:02:21,259 - INFO - [__main__] - 상세 페이지 스크레이퍼 실행: https://www.law.go.kr/LSW/lsInfoP.do?lsiSeq=254889&efYd=20230929
2025-08-17 17:02:24,336 - INFO - [__main__] - 상세 페이지 스크레이퍼 완료: 집합건물의 소유 및 관리에 관한 법률 시행령
2025-08-17 17:02:25,652 - INFO - [__main__] - 상세 페이지 스크레이퍼 실행: https://www.law.go.kr/LSW/lsInfoP.do?lsiSeq=222441&efYd=20210421
2025-08-17 17:02:38,954 - INFO - [__main__] - 상세 페이지 스크레이퍼 완료: 집행관법
2025-08-17 17:02:40,274 - INFO - [__main__] - 상세 페이지 스크레이퍼 실행: https://www.law.go.kr/LSW/lsInfoP.do?lsiSeq=268669&efYd=20250722
2025-08-17 17:02:44,098 - INFO - [__main__] - 상세 페이지 스크레이퍼 완료: 채권의 공정한 추심에 관한 법률
2025-08-17 17:02:45,584 - INFO - [__main__] - 상세 페이지 스크레이퍼 실행: https://www.law.go.kr/LSW/lsInfoP.do?lsiSeq=164242&efYd=20141121
2025-08-17 17:02:59,765 - INFO - [__main__] - 상세 페이지 스크레이퍼 완료: 채권의 공정한 추심에 관한 법률 시행령
2025-08-17 17:03:01,096 - INFO - [__main__] - 상세 페이지 스크레이퍼 실행: https://www.law.go.kr/LSW/lsInfoP.do?lsiSeq=267359&efYd=20250621
2025-08-17 17:03:07,923 - INFO - [__main__] - 상세 페이지 스크레이퍼 완료: 채무자 회생 및 파산에 관한 법률
2025-08-17 17:03:09,229 - INFO - [__main__] - 상세 페이지 스크레이퍼 실행: https://www.law.go.kr/LSW/lsInfoP.do?lsiSeq=267359&efYd=20260301
2025-08-17 17:03:16,180 - INFO - [__main__] - 상세 페이지 스크레이퍼 완료: 채무자 회생 및 파산에 관한 법률
2025-08-17 17:03:17,492 - INFO - [__main__] - 상세 페이지 스크레이퍼 실행: https://www.law.go.kr/LSW/lsInfoP.do?lsiSeq=260185&efYd=99990101
2025-08-17 17:03:23,670 - INFO - [__main__] - 상세 페이지 스크레이퍼 완료: 채무자 회생 및 파산에 관한 법률
2025-08-17 17:03:25,288 - INFO - [__main__] - 상세 페이지 스크레이퍼 실행: https://www.law.go.kr/LSW/lsInfoP.do?lsiSeq=263089&efYd=20240611
2025-08-17 17:03:28,482 - INFO - [__main__] - 상세 페이지 스크레이퍼 완료: 채무자 회생 및 파산에 관한 법률 시행령
2025-08-17 17:03:29,738 - INFO - [__main__] - 상세 페이지 스크레이퍼 실행: https://www.law.go.kr/LSW/lsInfoP.do?lsiSeq=210145&efYd=20191121
2025-08-17 17:03:42,416 - INFO - [__main__] - 상세 페이지 스크레이퍼 완료: 축사의 부동산등기에 관한 특례법
2025-08-17 17:03:43,761 - INFO - [__main__] - 상세 페이지 스크레이퍼 실행: https://www.law.go.kr/LSW/lsInfoP.do?lsiSeq=245863&efYd=20230306
2025-08-17 17:03:47,653 - INFO - [__main__] - 상세 페이지 스크레이퍼 완료: 출국대기실 운영 규칙
2025-08-17 17:03:48,861 - INFO - [__main__] - 상세 페이지 스크레이퍼 실행: https://www.law.go.kr/LSW/lsInfoP.do?lsiSeq=232775&efYd=20210607
2025-08-17 17:03:52,141 - INFO - [__main__] - 상세 페이지 스크레이퍼 완료: 출입국관리공무원 복제규칙
2025-08-17 17:03:53,364 - INFO - [__main__] - 상세 페이지 스크레이퍼 실행: https://www.law.go.kr/LSW/lsInfoP.do?lsiSeq=268557&efYd=20250722
2025-08-17 17:03:59,408 - INFO - [__main__] - 상세 페이지 스크레이퍼 완료: 출입국관리법
2025-08-17 17:04:00,652 - INFO - [__main__] - 상세 페이지 스크레이퍼 실행: https://www.law.go.kr/LSW/lsInfoP.do?lsiSeq=269943&efYd=20251023
2025-08-17 17:04:04,518 - INFO - [__main__] - 상세 페이지 스크레이퍼 완료: 출입국관리법
2025-08-17 17:04:05,849 - INFO - [__main__] - 상세 페이지 스크레이퍼 실행: https://www.law.go.kr/LSW/lsInfoP.do?lsiSeq=272921&efYd=20260123
2025-08-17 17:04:11,194 - INFO - [__main__] - 상세 페이지 스크레이퍼 완료: 출입국관리법
2025-08-17 17:04:12,508 - INFO - [__main__] - 상세 페이지 스크레이퍼 실행: https://www.law.go.kr/LSW/lsInfoP.do?lsiSeq=271319&efYd=20250601
2025-08-17 17:04:16,629 - INFO - [__main__] - 상세 페이지 스크레이퍼 완료: 출입국관리법 시행령
2025-08-17 17:04:17,858 - INFO - [__main__] - 상세 페이지 스크레이퍼 실행: https://www.law.go.kr/LSW/lsInfoP.do?lsiSeq=271511&efYd=20250621
2025-08-17 17:04:24,159 - INFO - [__main__] - 상세 페이지 스크레이퍼 완료: 출입국관리법 시행규칙
2025-08-17 17:04:25,429 - INFO - [__main__] - 상세 페이지 스크레이퍼 실행: https://www.law.go.kr/LSW/lsInfoP.do?lsiSeq=271511&efYd=20251023
2025-08-17 17:04:32,999 - INFO - [__main__] - 상세 페이지 스크레이퍼 완료: 출입국관리법 시행규칙
2025-08-17 17:04:34,542 - INFO - [__main__] - 상세 페이지 스크레이퍼 실행: https://www.law.go.kr/LSW/lsInfoP.do?lsiSeq=238757&efYd=20220705
2025-08-17 17:04:38,234 - INFO - [__main__] - 상세 페이지 스크레이퍼 완료: 치료감호 등에 관한 법률
2025-08-17 17:04:39,477 - INFO - [__main__] - 상세 페이지 스크레이퍼 실행: https://www.law.go.kr/LSW/lsInfoP.do?lsiSeq=230805&efYd=20210421
2025-08-17 17:04:42,407 - INFO - [__main__] - 상세 페이지 스크레이퍼 완료: 치료감호 등에 관한 법률 시행령
2025-08-17 17:04:43,633 - INFO - [__main__] - 상세 페이지 스크레이퍼 실행: https://www.law.go.kr/LSW/lsInfoP.do?lsiSeq=262771&efYd=20240521
2025-08-17 17:04:47,596 - INFO - [__main__] - 상세 페이지 스크레이퍼 완료: 치료감호 등에 관한 법률 시행규칙
2025-08-17 17:04:48,856 - INFO - [__main__] - 상세 페이지 스크레이퍼 실행: https://www.law.go.kr/LSW/lsInfoP.do?lsiSeq=113181&efYd=20110519
2025-08-17 17:04:51,872 - INFO - [__main__] - 상세 페이지 스크레이퍼 완료: 친일반민족행위자 재산의 국가귀속에 관한 특별법
2025-08-17 17:04:53,096 - INFO - [__main__] - 상세 페이지 스크레이퍼 실행: https://www.law.go.kr/LSW/lsInfoP.do?lsiSeq=249607&efYd=20230605
2025-08-17 17:04:56,102 - INFO - [__main__] - 상세 페이지 스크레이퍼 완료: 친일반민족행위자 재산의 국가귀속에 관한 특별법 시행령
2025-08-17 17:04:57,369 - INFO - [__main__] - 상세 페이지 스크레이퍼 실행: https://www.law.go.kr/LSW/lsInfoP.do?lsiSeq=268703&efYd=20250801
2025-08-17 17:05:01,236 - INFO - [__main__] - 상세 페이지 스크레이퍼 완료: 통신비밀보호법
2025-08-17 17:05:02,475 - INFO - [__main__] - 상세 페이지 스크레이퍼 실행: https://www.law.go.kr/LSW/lsInfoP.do?lsiSeq=272943&efYd=20250801
2025-08-17 17:05:06,045 - INFO - [__main__] - 상세 페이지 스크레이퍼 완료: 통신비밀보호법 시행령
2025-08-17 17:05:07,265 - INFO - [__main__] - 상세 페이지 스크레이퍼 실행: https://www.law.go.kr/LSW/lsInfoP.do?lsiSeq=152098&efYd=20140619
2025-08-17 17:05:10,368 - INFO - [__main__] - 상세 페이지 스크레이퍼 완료: 특별감찰관법
2025-08-17 17:05:11,583 - INFO - [__main__] - 상세 페이지 스크레이퍼 실행: https://www.law.go.kr/LSW/lsInfoP.do?lsiSeq=155665&efYd=20140619
2025-08-17 17:05:14,660 - INFO - [__main__] - 상세 페이지 스크레이퍼 완료: 특별감찰관법 시행령
2025-08-17 17:05:15,896 - INFO - [__main__] - 상세 페이지 스크레이퍼 실행: https://www.law.go.kr/LSW/lsInfoP.do?lsiSeq=242101&efYd=20220910
2025-08-17 17:05:19,070 - INFO - [__main__] - 상세 페이지 스크레이퍼 완료: 특별검사의 임명 등에 관한 법률
2025-08-17 17:05:20,276 - INFO - [__main__] - 상세 페이지 스크레이퍼 실행: https://www.law.go.kr/LSW/lsInfoP.do?lsiSeq=155664&efYd=20140619
2025-08-17 17:05:23,202 - INFO - [__main__] - 상세 페이지 스크레이퍼 완료: 특별검사의 임명 등에 관한 법률 시행령
2025-08-17 17:05:24,431 - INFO - [__main__] - 상세 페이지 스크레이퍼 실행: https://www.law.go.kr/LSW/lsInfoP.do?lsiSeq=229287&efYd=20210203
2025-08-17 17:05:29,469 - INFO - [__main__] - 상세 페이지 스크레이퍼 완료: 특별사법경찰관리에 대한 검사의 수사지휘 및 특별사법경찰관리의 수사준칙에 관한 규칙
2025-08-17 17:05:30,769 - INFO - [__main__] - 상세 페이지 스크레이퍼 실행: https://www.law.go.kr/LSW/lsInfoP.do?lsiSeq=255435&efYd=20240125
2025-08-17 17:05:33,966 - INFO - [__main__] - 상세 페이지 스크레이퍼 완료: 특정강력범죄의 처벌에 관한 특례법
2025-08-17 17:05:35,183 - INFO - [__main__] - 상세 페이지 스크레이퍼 실행: https://www.law.go.kr/LSW/lsInfoP.do?lsiSeq=199773&efYd=20180320
2025-08-17 17:05:38,527 - INFO - [__main__] - 상세 페이지 스크레이퍼 완료: 특정경제범죄 가중처벌 등에 관한 법률
2025-08-17 17:05:39,877 - INFO - [__main__] - 상세 페이지 스크레이퍼 실행: https://www.law.go.kr/LSW/lsInfoP.do?lsiSeq=267275&efYd=20241227
2025-08-17 17:05:43,168 - INFO - [__main__] - 상세 페이지 스크레이퍼 완료: 특정경제범죄 가중처벌 등에 관한 법률 시행령
2025-08-17 17:05:44,590 - INFO - [__main__] - 상세 페이지 스크레이퍼 실행: https://www.law.go.kr/LSW/lsInfoP.do?lsiSeq=252787&efYd=20240719
2025-08-17 17:05:48,496 - INFO - [__main__] - 상세 페이지 스크레이퍼 완료: 특정 금융거래정보의 보고 및 이용 등에 관한 법률
2025-08-17 17:05:49,751 - INFO - [__main__] - 상세 페이지 스크레이퍼 실행: https://www.law.go.kr/LSW/lsInfoP.do?lsiSeq=261379&efYd=20240719
2025-08-17 17:05:54,087 - INFO - [__main__] - 상세 페이지 스크레이퍼 완료: 특정 금융거래정보의 보고 및 이용 등에 관한 법률 시행령
2025-08-17 17:05:55,353 - INFO - [__main__] - 상세 페이지 스크레이퍼 실행: https://www.law.go.kr/LSW/lsInfoP.do?lsiSeq=270397&efYd=20250702
2025-08-17 17:05:58,384 - INFO - [__main__] - 상세 페이지 스크레이퍼 완료: 특정범죄 가중처벌 등에 관한 법률
2025-08-17 17:05:59,624 - INFO - [__main__] - 상세 페이지 스크레이퍼 실행: https://www.law.go.kr/LSW/lsInfoP.do?lsiSeq=235005&efYd=20210910
2025-08-17 17:06:02,917 - INFO - [__main__] - 상세 페이지 스크레이퍼 완료: 특정범죄 가중처벌 등에 관한 법률 시행령
2025-08-17 17:06:04,133 - INFO - [__main__] - 상세 페이지 스크레이퍼 실행: https://www.law.go.kr/LSW/lsInfoP.do?lsiSeq=188381&efYd=20161220
2025-08-17 17:06:17,185 - INFO - [__main__] - 상세 페이지 스크레이퍼 완료: 특정범죄신고자 등 보호법
2025-08-17 17:06:18,474 - INFO - [__main__] - 상세 페이지 스크레이퍼 실행: https://www.law.go.kr/LSW/lsInfoP.do?lsiSeq=225685&efYd=20210101
2025-08-17 17:06:21,912 - INFO - [__main__] - 상세 페이지 스크레이퍼 완료: 특정범죄신고자등보호법시행령
2025-08-17 17:06:23,241 - INFO - [__main__] - 상세 페이지 스크레이퍼 실행: https://www.law.go.kr/LSW/lsInfoP.do?lsiSeq=264531&efYd=20240730
2025-08-17 17:06:27,139 - INFO - [__main__] - 상세 페이지 스크레이퍼 완료: 특정범죄신고자 등 보호법 시행규칙
2025-08-17 17:06:28,370 - INFO - [__main__] - 상세 페이지 스크레이퍼 실행: https://www.law.go.kr/LSW/lsInfoP.do?lsiSeq=255431&efYd=20240125
2025-08-17 17:06:31,368 - INFO - [__main__] - 상세 페이지 스크레이퍼 완료: 특정중대범죄 피의자 등 신상정보 공개에 관한 법률
2025-08-17 17:06:32,609 - INFO - [__main__] - 상세 페이지 스크레이퍼 실행: https://www.law.go.kr/LSW/lsInfoP.do?lsiSeq=259309&efYd=20240125
2025-08-17 17:06:36,221 - INFO - [__main__] - 상세 페이지 스크레이퍼 완료: 특정중대범죄 피의자 등 신상정보 공개에 관한 법률 시행령
2025-08-17 17:06:37,447 - INFO - [__main__] - 상세 페이지 스크레이퍼 실행: https://www.law.go.kr/LSW/lsInfoP.do?lsiSeq=31205&efYd=19521004
2025-08-17 17:06:40,975 - INFO - [__main__] - 상세 페이지 스크레이퍼 완료: 포획심판소및고등포획심판소개설에관한건
2025-08-17 17:06:42,207 - INFO - [__main__] - 상세 페이지 스크레이퍼 실행: https://www.law.go.kr/LSW/lsInfoP.do?lsiSeq=178989&efYd=20160106
2025-08-17 17:06:45,226 - INFO - [__main__] - 상세 페이지 스크레이퍼 완료: 폭력행위 등 처벌에 관한 법률
2025-08-17 17:06:46,442 - INFO - [__main__] - 상세 페이지 스크레이퍼 실행: https://www.law.go.kr/LSW/lsInfoP.do?lsiSeq=199508&efYd=20171212
2025-08-17 17:06:49,768 - INFO - [__main__] - 상세 페이지 스크레이퍼 완료: 한국법학원 육성법
2025-08-17 17:06:50,991 - INFO - [__main__] - 상세 페이지 스크레이퍼 실행: https://www.law.go.kr/LSW/lsInfoP.do?lsiSeq=192356&efYd=20170315
2025-08-17 17:07:03,994 - INFO - [__main__] - 상세 페이지 스크레이퍼 완료: 한국법학원 육성법 시행령
2025-08-17 17:07:05,278 - INFO - [__main__] - 상세 페이지 스크레이퍼 실행: https://www.law.go.kr/LSW/lsInfoP.do?lsiSeq=195052&efYd=20170726
2025-08-17 17:07:08,528 - INFO - [__main__] - 상세 페이지 스크레이퍼 완료: 행정소송법
2025-08-17 17:07:09,800 - INFO - [__main__] - 상세 페이지 스크레이퍼 실행: https://www.law.go.kr/LSW/lsInfoP.do?lsiSeq=235565&efYd=20220701
2025-08-17 17:07:12,933 - INFO - [__main__] - 상세 페이지 스크레이퍼 완료: 헌정질서 파괴범죄의 공소시효 등에 관한 특례법
2025-08-17 17:07:14,164 - INFO - [__main__] - 상세 페이지 스크레이퍼 실행: https://www.law.go.kr/LSW/lsInfoP.do?lsiSeq=130656&efYd=20130301
2025-08-17 17:07:17,093 - INFO - [__main__] - 상세 페이지 스크레이퍼 완료: 헤이그 국제아동탈취협약 이행에 관한 법률
2025-08-17 17:07:18,312 - INFO - [__main__] - 상세 페이지 스크레이퍼 실행: https://www.law.go.kr/LSW/lsInfoP.do?lsiSeq=132928&efYd=20130301
2025-08-17 17:07:21,362 - INFO - [__main__] - 상세 페이지 스크레이퍼 완료: 헤이그 국제아동탈취협약 이행에 관한 법률 시행규칙
2025-08-17 17:07:22,591 - INFO - [__main__] - 상세 페이지 스크레이퍼 실행: https://www.law.go.kr/LSW/lsInfoP.do?lsiSeq=270563&efYd=20250408
2025-08-17 17:07:27,002 - INFO - [__main__] - 상세 페이지 스크레이퍼 완료: 형법
2025-08-17 17:07:28,259 - INFO - [__main__] - 상세 페이지 스크레이퍼 실행: https://www.law.go.kr/LSW/lsInfoP.do?lsiSeq=257507&efYd=20231229
2025-08-17 17:07:31,248 - INFO - [__main__] - 상세 페이지 스크레이퍼 완료: 형사보상 및 명예회복에 관한 법률
2025-08-17 17:07:32,484 - INFO - [__main__] - 상세 페이지 스크레이퍼 실행: https://www.law.go.kr/LSW/lsInfoP.do?lsiSeq=117324&efYd=20111124
2025-08-17 17:07:36,007 - INFO - [__main__] - 상세 페이지 스크레이퍼 완료: 형사보상 및 명예회복에 관한 법률 시행령
2025-08-17 17:07:37,254 - INFO - [__main__] - 상세 페이지 스크레이퍼 실행: https://www.law.go.kr/LSW/lsInfoP.do?lsiSeq=236225&efYd=20241020
2025-08-17 17:07:50,272 - INFO - [__main__] - 상세 페이지 스크레이퍼 완료: 형사사법절차에서의 전자문서 이용 등에 관한 법률
2025-08-17 17:07:51,546 - INFO - [__main__] - 상세 페이지 스크레이퍼 실행: https://www.law.go.kr/LSW/lsInfoP.do?lsiSeq=271391&efYd=20250602
2025-08-17 17:07:54,679 - INFO - [__main__] - 상세 페이지 스크레이퍼 완료: 형사사법절차에서의 전자문서 이용 등에 관한 법률 시행령
2025-08-17 17:07:55,913 - INFO - [__main__] - 상세 페이지 스크레이퍼 실행: https://www.law.go.kr/LSW/lsInfoP.do?lsiSeq=238257&efYd=20211228
2025-08-17 17:08:09,351 - INFO - [__main__] - 상세 페이지 스크레이퍼 완료: 형사사법절차 전자화 촉진법
2025-08-17 17:08:10,717 - INFO - [__main__] - 상세 페이지 스크레이퍼 실행: https://www.law.go.kr/LSW/lsInfoP.do?lsiSeq=241529&efYd=20220405
2025-08-17 17:08:25,084 - INFO - [__main__] - 상세 페이지 스크레이퍼 완료: 형사사법절차 전자화 촉진법 시행령
2025-08-17 17:08:26,380 - INFO - [__main__] - 상세 페이지 스크레이퍼 실행: https://www.law.go.kr/LSW/lsInfoP.do?lsiSeq=265773&efYd=20250117
2025-08-17 17:08:31,361 - INFO - [__main__] - 상세 페이지 스크레이퍼 완료: 형사소송법
2025-08-17 17:08:32,752 - INFO - [__main__] - 상세 페이지 스크레이퍼 실행: https://www.law.go.kr/LSW/lsInfoP.do?lsiSeq=269945&efYd=20250919
2025-08-17 17:08:37,256 - INFO - [__main__] - 상세 페이지 스크레이퍼 완료: 형사소송법
2025-08-17 17:08:38,486 - INFO - [__main__] - 상세 페이지 스크레이퍼 실행: https://www.law.go.kr/LSW/lsInfoP.do?lsiSeq=122990&efYd=20120210
2025-08-17 17:08:41,422 - INFO - [__main__] - 상세 페이지 스크레이퍼 완료: 형사소송비용 등에 관한 법률
2025-08-17 17:08:42,632 - INFO - [__main__] - 상세 페이지 스크레이퍼 실행: https://www.law.go.kr/LSW/lsInfoP.do?lsiSeq=252635&efYd=20230706
2025-08-17 17:08:45,601 - INFO - [__main__] - 상세 페이지 스크레이퍼 완료: 형의 실효 등에 관한 법률
2025-08-17 17:08:46,826 - INFO - [__main__] - 상세 페이지 스크레이퍼 실행: https://www.law.go.kr/LSW/lsInfoP.do?lsiSeq=261599&efYd=20240402
2025-08-17 17:08:49,850 - INFO - [__main__] - 상세 페이지 스크레이퍼 완료: 형의 실효 등에 관한 법률 시행령
2025-08-17 17:08:51,064 - INFO - [__main__] - 상세 페이지 스크레이퍼 실행: https://www.law.go.kr/LSW/lsInfoP.do?lsiSeq=246593&efYd=20221227
2025-08-17 17:08:54,843 - INFO - [__main__] - 상세 페이지 스크레이퍼 완료: 형의 집행 및 수용자의 처우에 관한 법률
2025-08-17 17:08:56,078 - INFO - [__main__] - 상세 페이지 스크레이퍼 실행: https://www.law.go.kr/LSW/lsInfoP.do?lsiSeq=220647&efYd=20200805
2025-08-17 17:08:59,747 - INFO - [__main__] - 상세 페이지 스크레이퍼 완료: 형의 집행 및 수용자의 처우에 관한 법률 시행령
2025-08-17 17:09:01,012 - INFO - [__main__] - 상세 페이지 스크레이퍼 실행: https://www.law.go.kr/LSW/lsInfoP.do?lsiSeq=260541&efYd=20240208
2025-08-17 17:09:05,601 - INFO - [__main__] - 상세 페이지 스크레이퍼 완료: 형의 집행 및 수용자의 처우에 관한 법률 시행규칙
2025-08-17 17:09:06,835 - INFO - [__main__] - 상세 페이지 스크레이퍼 실행: https://www.law.go.kr/LSW/lsInfoP.do?lsiSeq=243627&efYd=20220701
2025-08-17 17:09:10,506 - INFO - [__main__] - 상세 페이지 스크레이퍼 완료: 형집행정지자관찰규정
2025-08-17 17:09:11,759 - INFO - [__main__] - 상세 페이지 스크레이퍼 실행: https://www.law.go.kr/LSW/lsInfoP.do?lsiSeq=91380&efYd=20090130
2025-08-17 17:09:14,944 - INFO - [__main__] - 상세 페이지 스크레이퍼 완료: 혼인신고특례법
2025-08-17 17:09:16,258 - INFO - [__main__] - 상세 페이지 스크레이퍼 실행: https://www.law.go.kr/LSW/lsInfoP.do?lsiSeq=187752&efYd=20161129
2025-08-17 17:09:19,294 - INFO - [__main__] - 상세 페이지 스크레이퍼 완료: 혼인신고특례법시행령
2025-08-17 17:09:20,516 - INFO - [__main__] - 상세 페이지 스크레이퍼 실행: https://www.law.go.kr/LSW/lsInfoP.do?lsiSeq=120210&efYd=20120101
2025-08-17 17:09:34,491 - INFO - [__main__] - 상세 페이지 스크레이퍼 완료: 확정일자부 및 일자인 조제에 관한 규정
2025-08-17 17:09:35,769 - INFO - [__main__] - 상세 페이지 스크레이퍼 실행: https://www.law.go.kr/LSW/lsInfoP.do?lsiSeq=198486&efYd=20190101
2025-08-17 17:09:38,817 - INFO - [__main__] - 상세 페이지 스크레이퍼 완료: 후견등기에 관한 법률
2025-08-17 17:09:40,838 - INFO - [__main__] - './bin/../data/final/1270000/all_documents.jsonl' 파일을 CSV로 변환 시작...
2025-08-17 17:09:40,844 - INFO - [__main__] - ✅ 변환 완료! './bin/../data/final/1270000/for_notion_documents.csv' 파일이 생성되었습니다.
2025-08-17 17:09:41,098 - INFO - [__main__] - './bin/../data/final/1270000/all_chunks.jsonl' 파일을 CSV로 변환 시작...
2025-08-17 17:09:41,337 - INFO - [__main__] - ✅ 변환 완료! './bin/../data/final/1270000/for_notion_chunks.csv' 파일이 생성되었습니다.
