2025-08-24 00:39:39,448 - INFO - [scripts.adrule.logic.url_checker] - URL 유효성 검증 성공: https://www.law.go.kr/admRulAstSc.do?menuId=391&subMenuId=397&tabMenuId=441&cptOfiCd=1492000
2025-08-24 00:39:39,957 - INFO - [scripts.adrule.logic.list_scraper] - 목록 페이지로 이동 중: https://www.law.go.kr/admRulAstSc.do?menuId=391&subMenuId=397&tabMenuId=441&cptOfiCd=1492000
2025-08-24 00:39:41,273 - INFO - [scripts.adrule.logic.list_scraper] - 총 9 페이지를 확인했습니다.
2025-08-24 00:39:41,273 - INFO - [scripts.adrule.logic.list_scraper] - 사용자 설정에 따라 최대 1 페이지만 크롤링합니다.
2025-08-24 00:39:41,273 - INFO - [scripts.adrule.logic.list_scraper] - --- 1 / 1 페이지 처리 중 ---
2025-08-24 00:39:41,310 - INFO - [scripts.adrule.logic.list_scraper] -   - 발견:  2025년도 건설업 월평균보수
2025-08-24 00:39:41,314 - INFO - [scripts.adrule.logic.list_scraper] -   - 발견:  2025년도 사업종류별 산재보험료율
2025-08-24 00:39:41,317 - INFO - [scripts.adrule.logic.list_scraper] -   - 발견:  2025년 적용 최저임금 고시
2025-08-24 00:39:41,321 - INFO - [scripts.adrule.logic.list_scraper] -   - 발견:  2026년 적용 최저임금 고시
2025-08-24 00:39:41,325 - INFO - [scripts.adrule.logic.list_scraper] -   - 발견:  2026년 적용 최저임금안 고시
2025-08-24 00:39:41,329 - INFO - [scripts.adrule.logic.list_scraper] -   - 발견:  가사근로자 사회보험료 지원에 관한 고시
2025-08-24 00:39:41,333 - INFO - [scripts.adrule.logic.list_scraper] -   - 발견:  가설공사 표준안전 작업지침
2025-08-24 00:39:41,337 - INFO - [scripts.adrule.logic.list_scraper] -   - 발견:  가스누출감지경보기 설치에 관한 기술상의 지침
2025-08-24 00:39:41,340 - INFO - [scripts.adrule.logic.list_scraper] -   - 발견:  감전재해 예방을 위한 기술상의 지침
2025-08-24 00:39:41,344 - INFO - [scripts.adrule.logic.list_scraper] -   - 발견:  개별연장급여 수급요건 중 학업 중인 사람에 대한 고시
2025-08-24 00:39:41,348 - INFO - [scripts.adrule.logic.list_scraper] -   - 발견:  개별연장급여 지급을 위한 임금 및 재산기준 고시
2025-08-24 00:39:41,351 - INFO - [scripts.adrule.logic.list_scraper] -   - 발견:  개인형퇴직연금제도로의 이전 예외사유 해당금액 고시
2025-08-24 00:39:41,355 - INFO - [scripts.adrule.logic.list_scraper] -   - 발견:  건설공사 안전보건대장의 작성 등에 관한 고시
2025-08-24 00:39:41,359 - INFO - [scripts.adrule.logic.list_scraper] -   - 발견:  건설공사의 노무비율
2025-08-24 00:39:41,362 - INFO - [scripts.adrule.logic.list_scraper] -   - 발견:  건설근로자고용개선전문위원회 운영규정
2025-08-24 00:39:41,366 - INFO - [scripts.adrule.logic.list_scraper] -   - 발견:  건설업 산업안전보건관리비 계상 및 사용기준
2025-08-24 00:39:41,369 - INFO - [scripts.adrule.logic.list_scraper] -   - 발견:  건설업에서 근로자 수 확인이 곤란한 장애인 고용의무 사업주의 공사실적액
2025-08-24 00:39:41,373 - INFO - [scripts.adrule.logic.list_scraper] -   - 발견:  건설업 유해·위험방지계획서 중 지도사가 평가·확인 할 수 있는 대상 건설공사의 범위 및 지도사의 요건
2025-08-24 00:39:41,377 - INFO - [scripts.adrule.logic.list_scraper] -   - 발견:  건설업자가 아닌 자가 시공하는 건설공사의 총공사금액 산정방법에 관한 규정
2025-08-24 00:39:41,380 - INFO - [scripts.adrule.logic.list_scraper] -   - 발견:  건설업체의 산업재해예방활동 실적 평가기준
2025-08-24 00:39:41,383 - INFO - [scripts.adrule.logic.list_scraper] -   - 발견:  고기압 작업에 관한 기준
2025-08-24 00:39:41,388 - INFO - [scripts.adrule.logic.list_scraper] -   - 발견:  고 김용균 사망사고 진상규명과 재발방지를 위한 석탄화력발전소 특별노동안전조사위원회 설치 및 운영에 관한 규정
2025-08-24 00:39:41,391 - INFO - [scripts.adrule.logic.list_scraper] -   - 발견:  고령자 고용안정지원금 지급 규정
2025-08-24 00:39:41,395 - INFO - [scripts.adrule.logic.list_scraper] -   - 발견:  고령자고용연장지원금액 등
2025-08-24 00:39:41,398 - INFO - [scripts.adrule.logic.list_scraper] -   - 발견:  고령자인재은행 및 중견전문인력 고용지원센터 운영규정
2025-08-24 00:39:41,402 - INFO - [scripts.adrule.logic.list_scraper] -   - 발견:  고용노동관계법 위반자에 대한 과태료 부과·징수 업무에 관한 예규
2025-08-24 00:39:41,405 - INFO - [scripts.adrule.logic.list_scraper] -   - 발견:  고용노동관 업무처리지침
2025-08-24 00:39:41,409 - INFO - [scripts.adrule.logic.list_scraper] -   - 발견:  고용노동부 2030 자문단 설치 및 운영에 관한 규정
2025-08-24 00:39:41,421 - INFO - [scripts.adrule.logic.list_scraper] -   - 발견:  고용노동부 갈등관리 운영규정
2025-08-24 00:39:41,425 - INFO - [scripts.adrule.logic.list_scraper] -   - 발견:  고용노동부 감사규정
2025-08-24 00:39:41,429 - INFO - [scripts.adrule.logic.list_scraper] -   - 발견:  고용노동부 개인정보 보호지침
2025-08-24 00:39:41,434 - INFO - [scripts.adrule.logic.list_scraper] -   - 발견:  고용노동부고객상담센터 기본운영규정
2025-08-24 00:39:41,437 - INFO - [scripts.adrule.logic.list_scraper] -   - 발견:  고용노동부고객상담센터 위임전결규정
2025-08-24 00:39:41,441 - INFO - [scripts.adrule.logic.list_scraper] -   - 발견:  고용노동부 고객지원실 운영규정
2025-08-24 00:39:41,445 - INFO - [scripts.adrule.logic.list_scraper] -   - 발견:  고용노동부 고용장려금 운영에 관한 규정
2025-08-24 00:39:41,450 - INFO - [scripts.adrule.logic.list_scraper] -   - 발견:  고용노동부 공무원의 국제기구 파견에 관한 지침
2025-08-24 00:39:41,455 - INFO - [scripts.adrule.logic.list_scraper] -   - 발견:  고용노동부 공무원 정원배정표
2025-08-24 00:39:41,459 - INFO - [scripts.adrule.logic.list_scraper] -   - 발견:  고용노동부 공무원 행동강령
2025-08-24 00:39:41,463 - INFO - [scripts.adrule.logic.list_scraper] -   - 발견:  고용노동부 공무직근로자 운영규정
2025-08-24 00:39:41,467 - INFO - [scripts.adrule.logic.list_scraper] -   - 발견:  고용노동부 공사감독 업무규정
2025-08-24 00:39:41,473 - INFO - [scripts.adrule.logic.list_scraper] -   - 발견:  고용노동부 공직자의 이해충돌 방지제도 운영지침
2025-08-24 00:39:41,476 - INFO - [scripts.adrule.logic.list_scraper] -   - 발견:  고용노동부 관사의 운영 및 관리규정
2025-08-24 00:39:41,480 - INFO - [scripts.adrule.logic.list_scraper] -   - 발견:  고용노동부 국가정보자료관리세부시행규칙
2025-08-24 00:39:41,487 - INFO - [scripts.adrule.logic.list_scraper] -   - 발견:  고용노동부 국제고용노동정책에 관한 규정
2025-08-24 00:39:41,490 - INFO - [scripts.adrule.logic.list_scraper] -   - 발견:  고용노동부 규제심사위원회 운영규정
2025-08-24 00:39:41,493 - INFO - [scripts.adrule.logic.list_scraper] -   - 발견:  고용노동부 기간제근로자 운영규정
2025-08-24 00:39:41,515 - INFO - [__main__] - 총 46개의 URL을 './bin/../data/raw/adrule/1492000/urls.jsonl' 파일에 저장했습니다.
2025-08-24 00:39:42,090 - INFO - [__main__] - 상세 페이지 스크레이퍼 실행: https://www.law.go.kr/admRulInfoP.do?admRulSeq=2100000252102
2025-08-24 00:39:42,465 - INFO - [scripts.adrule.logic.scraper] - 페이지로 이동 중: https://www.law.go.kr/admRulInfoP.do?admRulSeq=2100000252102
2025-08-24 00:39:43,135 - INFO - [scripts.adrule.logic.scraper] - 로딩 마스크가 나타나기를 기다리는 중...
2025-08-24 00:39:43,155 - INFO - [scripts.adrule.logic.scraper] - 로딩 마스크가 사라지기를 기다리는 중...
2025-08-24 00:39:43,235 - INFO - [scripts.adrule.logic.scraper] - 페이지 최종 렌더링을 잠시 대기합니다...
2025-08-24 00:39:44,238 - INFO - [scripts.adrule.logic.scraper] - 페이지 HTML 컨텐츠를 가져오는 중...
2025-08-24 00:39:44,254 - INFO - [scripts.adrule.logic.scraper] - 데이터 파싱 중...
2025-08-24 00:39:44,296 - INFO - [scripts.adrule.logic.scraper] - 유형 2: 텍스트 기반 비정형 구조 감지
2025-08-24 00:39:44,301 - INFO - [scripts.adrule.logic.scraper] - 데이터 1건을 '/Users/woong/Roeum/roeum-crawler/data/raw/adrule/1492000/2025년도 건설업 월평균보수_document.jsonl' 파일로 성공적으로 저장했습니다.
2025-08-24 00:39:44,301 - INFO - [scripts.adrule.logic.scraper] - 데이터 2건을 '/Users/woong/Roeum/roeum-crawler/data/raw/adrule/1492000/2025년도 건설업 월평균보수_chunks.jsonl' 파일로 성공적으로 저장했습니다.
2025-08-24 00:39:44,325 - INFO - [__main__] - 상세 페이지 스크레이퍼 완료: 2025년도 건설업 월평균보수
2025-08-24 00:39:45,791 - INFO - [__main__] - 상세 페이지 스크레이퍼 실행: https://www.law.go.kr/admRulInfoP.do?admRulSeq=2100000251996
2025-08-24 00:39:46,150 - INFO - [scripts.adrule.logic.scraper] - 페이지로 이동 중: https://www.law.go.kr/admRulInfoP.do?admRulSeq=2100000251996
2025-08-24 00:39:46,709 - INFO - [scripts.adrule.logic.scraper] - 로딩 마스크가 나타나기를 기다리는 중...
2025-08-24 00:39:46,730 - INFO - [scripts.adrule.logic.scraper] - 로딩 마스크가 사라지기를 기다리는 중...
2025-08-24 00:39:46,810 - INFO - [scripts.adrule.logic.scraper] - 페이지 최종 렌더링을 잠시 대기합니다...
2025-08-24 00:39:47,813 - INFO - [scripts.adrule.logic.scraper] - 페이지 HTML 컨텐츠를 가져오는 중...
2025-08-24 00:39:47,829 - INFO - [scripts.adrule.logic.scraper] - 데이터 파싱 중...
2025-08-24 00:39:47,875 - INFO - [scripts.adrule.logic.scraper] - 유형 2: 텍스트 기반 비정형 구조 감지
2025-08-24 00:39:47,880 - INFO - [scripts.adrule.logic.scraper] - 데이터 1건을 '/Users/woong/Roeum/roeum-crawler/data/raw/adrule/1492000/2025년도 사업종류별 산재보험료율_document.jsonl' 파일로 성공적으로 저장했습니다.
2025-08-24 00:39:47,880 - INFO - [scripts.adrule.logic.scraper] - 데이터 2건을 '/Users/woong/Roeum/roeum-crawler/data/raw/adrule/1492000/2025년도 사업종류별 산재보험료율_chunks.jsonl' 파일로 성공적으로 저장했습니다.
2025-08-24 00:39:47,904 - INFO - [__main__] - 상세 페이지 스크레이퍼 완료: 2025년도 사업종류별 산재보험료율
2025-08-24 00:39:49,373 - INFO - [__main__] - 상세 페이지 스크레이퍼 실행: https://www.law.go.kr/admRulInfoP.do?admRulSeq=2100000245668
2025-08-24 00:39:49,723 - INFO - [scripts.adrule.logic.scraper] - 페이지로 이동 중: https://www.law.go.kr/admRulInfoP.do?admRulSeq=2100000245668
2025-08-24 00:39:50,399 - INFO - [scripts.adrule.logic.scraper] - 로딩 마스크가 나타나기를 기다리는 중...
2025-08-24 00:39:50,420 - INFO - [scripts.adrule.logic.scraper] - 로딩 마스크가 사라지기를 기다리는 중...
2025-08-24 00:39:50,501 - INFO - [scripts.adrule.logic.scraper] - 페이지 최종 렌더링을 잠시 대기합니다...
2025-08-24 00:39:51,505 - INFO - [scripts.adrule.logic.scraper] - 페이지 HTML 컨텐츠를 가져오는 중...
2025-08-24 00:39:51,519 - INFO - [scripts.adrule.logic.scraper] - 데이터 파싱 중...
2025-08-24 00:39:51,566 - INFO - [scripts.adrule.logic.scraper] - 유형 3: PDF 뷰어(iframe) 구조 감지 (OCR 실행)
2025-08-24 00:39:51,578 - INFO - [scripts.adrule.logic.scraper] - 1개의 PDF 페이지 이미지 발견
2025-08-24 00:39:51,583 - INFO - [scripts.adrule.logic.scraper] - 이미지 OCR 시작: blob:https://www.law.go.kr/af3f6240-7837-46ce-ad89-305fd04c5441
2025-08-24 00:39:51,584 - ERROR - [scripts.adrule.logic.scraper] - 이미지 OCR 처리 중 오류 발생: No connection adapters were found for 'blob:https://www.law.go.kr/af3f6240-7837-46ce-ad89-305fd04c5441'
2025-08-24 00:39:51,585 - INFO - [scripts.adrule.logic.scraper] - 데이터 1건을 '/Users/woong/Roeum/roeum-crawler/data/raw/adrule/1492000/2025년 적용 최저임금 고시_document.jsonl' 파일로 성공적으로 저장했습니다.
2025-08-24 00:39:51,585 - INFO - [scripts.adrule.logic.scraper] - 데이터 1건을 '/Users/woong/Roeum/roeum-crawler/data/raw/adrule/1492000/2025년 적용 최저임금 고시_chunks.jsonl' 파일로 성공적으로 저장했습니다.
2025-08-24 00:39:51,614 - INFO - [__main__] - 상세 페이지 스크레이퍼 완료: 2025년 적용 최저임금 고시
2025-08-24 00:39:53,083 - INFO - [__main__] - 상세 페이지 스크레이퍼 실행: https://www.law.go.kr/admRulInfoP.do?admRulSeq=2100000262710
2025-08-24 00:39:53,451 - INFO - [scripts.adrule.logic.scraper] - 페이지로 이동 중: https://www.law.go.kr/admRulInfoP.do?admRulSeq=2100000262710
2025-08-24 00:39:54,485 - INFO - [scripts.adrule.logic.scraper] - 로딩 마스크가 나타나기를 기다리는 중...
2025-08-24 00:39:54,507 - INFO - [scripts.adrule.logic.scraper] - 로딩 마스크가 사라지기를 기다리는 중...
2025-08-24 00:39:54,689 - INFO - [scripts.adrule.logic.scraper] - 페이지 최종 렌더링을 잠시 대기합니다...
2025-08-24 00:39:55,692 - INFO - [scripts.adrule.logic.scraper] - 페이지 HTML 컨텐츠를 가져오는 중...
2025-08-24 00:39:55,707 - INFO - [scripts.adrule.logic.scraper] - 데이터 파싱 중...
2025-08-24 00:39:55,752 - INFO - [scripts.adrule.logic.scraper] - 유형 3: PDF 뷰어(iframe) 구조 감지 (OCR 실행)
2025-08-24 00:39:55,763 - INFO - [scripts.adrule.logic.scraper] - 1개의 PDF 페이지 이미지 발견
2025-08-24 00:39:55,768 - INFO - [scripts.adrule.logic.scraper] - 이미지 OCR 시작: blob:https://www.law.go.kr/85b0d7bb-fa8d-4385-abeb-dff62b546114
2025-08-24 00:39:55,769 - ERROR - [scripts.adrule.logic.scraper] - 이미지 OCR 처리 중 오류 발생: No connection adapters were found for 'blob:https://www.law.go.kr/85b0d7bb-fa8d-4385-abeb-dff62b546114'
2025-08-24 00:39:55,770 - INFO - [scripts.adrule.logic.scraper] - 데이터 1건을 '/Users/woong/Roeum/roeum-crawler/data/raw/adrule/1492000/2026년 적용 최저임금 고시_document.jsonl' 파일로 성공적으로 저장했습니다.
2025-08-24 00:39:55,770 - INFO - [scripts.adrule.logic.scraper] - 데이터 1건을 '/Users/woong/Roeum/roeum-crawler/data/raw/adrule/1492000/2026년 적용 최저임금 고시_chunks.jsonl' 파일로 성공적으로 저장했습니다.
2025-08-24 00:39:55,797 - INFO - [__main__] - 상세 페이지 스크레이퍼 완료: 2026년 적용 최저임금 고시
2025-08-24 00:39:57,270 - INFO - [__main__] - 상세 페이지 스크레이퍼 실행: https://www.law.go.kr/admRulInfoP.do?admRulSeq=2100000261888
2025-08-24 00:39:57,625 - INFO - [scripts.adrule.logic.scraper] - 페이지로 이동 중: https://www.law.go.kr/admRulInfoP.do?admRulSeq=2100000261888
2025-08-24 00:39:58,199 - INFO - [scripts.adrule.logic.scraper] - 로딩 마스크가 나타나기를 기다리는 중...
2025-08-24 00:39:58,221 - INFO - [scripts.adrule.logic.scraper] - 로딩 마스크가 사라지기를 기다리는 중...
2025-08-24 00:39:58,309 - INFO - [scripts.adrule.logic.scraper] - 페이지 최종 렌더링을 잠시 대기합니다...
2025-08-24 00:39:59,311 - INFO - [scripts.adrule.logic.scraper] - 페이지 HTML 컨텐츠를 가져오는 중...
2025-08-24 00:39:59,324 - INFO - [scripts.adrule.logic.scraper] - 데이터 파싱 중...
2025-08-24 00:39:59,371 - INFO - [scripts.adrule.logic.scraper] - 유형 3: PDF 뷰어(iframe) 구조 감지 (OCR 실행)
2025-08-24 00:39:59,383 - INFO - [scripts.adrule.logic.scraper] - 1개의 PDF 페이지 이미지 발견
2025-08-24 00:39:59,388 - INFO - [scripts.adrule.logic.scraper] - 이미지 OCR 시작: blob:https://www.law.go.kr/57ec72f4-c0b6-45bf-b465-45f386e3e12f
2025-08-24 00:39:59,389 - ERROR - [scripts.adrule.logic.scraper] - 이미지 OCR 처리 중 오류 발생: No connection adapters were found for 'blob:https://www.law.go.kr/57ec72f4-c0b6-45bf-b465-45f386e3e12f'
2025-08-24 00:39:59,390 - INFO - [scripts.adrule.logic.scraper] - 데이터 1건을 '/Users/woong/Roeum/roeum-crawler/data/raw/adrule/1492000/2026년 적용 최저임금안 고시_document.jsonl' 파일로 성공적으로 저장했습니다.
2025-08-24 00:39:59,390 - INFO - [scripts.adrule.logic.scraper] - 데이터 1건을 '/Users/woong/Roeum/roeum-crawler/data/raw/adrule/1492000/2026년 적용 최저임금안 고시_chunks.jsonl' 파일로 성공적으로 저장했습니다.
2025-08-24 00:39:59,413 - INFO - [__main__] - 상세 페이지 스크레이퍼 완료: 2026년 적용 최저임금안 고시
2025-08-24 00:40:00,898 - INFO - [__main__] - 상세 페이지 스크레이퍼 실행: https://www.law.go.kr/admRulInfoP.do?admRulSeq=2100000254236
2025-08-24 00:40:01,270 - INFO - [scripts.adrule.logic.scraper] - 페이지로 이동 중: https://www.law.go.kr/admRulInfoP.do?admRulSeq=2100000254236
2025-08-24 00:40:01,905 - INFO - [scripts.adrule.logic.scraper] - 로딩 마스크가 나타나기를 기다리는 중...
2025-08-24 00:40:01,935 - INFO - [scripts.adrule.logic.scraper] - 로딩 마스크가 사라지기를 기다리는 중...
2025-08-24 00:40:02,014 - INFO - [scripts.adrule.logic.scraper] - 페이지 최종 렌더링을 잠시 대기합니다...
2025-08-24 00:40:03,017 - INFO - [scripts.adrule.logic.scraper] - 페이지 HTML 컨텐츠를 가져오는 중...
2025-08-24 00:40:03,035 - INFO - [scripts.adrule.logic.scraper] - 데이터 파싱 중...
2025-08-24 00:40:03,088 - INFO - [scripts.adrule.logic.scraper] - 유형 1: 정형화된 법령 구조 감지
2025-08-24 00:40:03,101 - INFO - [scripts.adrule.logic.scraper] - 데이터 1건을 '/Users/woong/Roeum/roeum-crawler/data/raw/adrule/1492000/가사근로자 사회보험료 지원에 관한 고시_document.jsonl' 파일로 성공적으로 저장했습니다.
2025-08-24 00:40:03,101 - INFO - [scripts.adrule.logic.scraper] - 데이터 7건을 '/Users/woong/Roeum/roeum-crawler/data/raw/adrule/1492000/가사근로자 사회보험료 지원에 관한 고시_chunks.jsonl' 파일로 성공적으로 저장했습니다.
2025-08-24 00:40:03,127 - INFO - [__main__] - 상세 페이지 스크레이퍼 완료: 가사근로자 사회보험료 지원에 관한 고시
2025-08-24 00:40:04,592 - INFO - [__main__] - 상세 페이지 스크레이퍼 실행: https://www.law.go.kr/admRulInfoP.do?admRulSeq=2100000186031
2025-08-24 00:40:04,993 - INFO - [scripts.adrule.logic.scraper] - 페이지로 이동 중: https://www.law.go.kr/admRulInfoP.do?admRulSeq=2100000186031
2025-08-24 00:40:05,650 - INFO - [scripts.adrule.logic.scraper] - 로딩 마스크가 나타나기를 기다리는 중...
2025-08-24 00:40:05,671 - INFO - [scripts.adrule.logic.scraper] - 로딩 마스크가 사라지기를 기다리는 중...
2025-08-24 00:40:05,758 - INFO - [scripts.adrule.logic.scraper] - 페이지 최종 렌더링을 잠시 대기합니다...
2025-08-24 00:40:06,762 - INFO - [scripts.adrule.logic.scraper] - 페이지 HTML 컨텐츠를 가져오는 중...
2025-08-24 00:40:06,783 - INFO - [scripts.adrule.logic.scraper] - 데이터 파싱 중...
2025-08-24 00:40:06,848 - INFO - [scripts.adrule.logic.scraper] - 유형 1: 정형화된 법령 구조 감지
2025-08-24 00:40:06,895 - INFO - [scripts.adrule.logic.scraper] - 데이터 1건을 '/Users/woong/Roeum/roeum-crawler/data/raw/adrule/1492000/가설공사 표준안전 작업지침_document.jsonl' 파일로 성공적으로 저장했습니다.
2025-08-24 00:40:06,895 - INFO - [scripts.adrule.logic.scraper] - 데이터 29건을 '/Users/woong/Roeum/roeum-crawler/data/raw/adrule/1492000/가설공사 표준안전 작업지침_chunks.jsonl' 파일로 성공적으로 저장했습니다.
2025-08-24 00:40:06,915 - INFO - [__main__] - 상세 페이지 스크레이퍼 완료: 가설공사 표준안전 작업지침
2025-08-24 00:40:08,376 - INFO - [__main__] - 상세 페이지 스크레이퍼 실행: https://www.law.go.kr/admRulInfoP.do?admRulSeq=2100000186062
2025-08-24 00:40:08,722 - INFO - [scripts.adrule.logic.scraper] - 페이지로 이동 중: https://www.law.go.kr/admRulInfoP.do?admRulSeq=2100000186062
2025-08-24 00:40:09,601 - INFO - [scripts.adrule.logic.scraper] - 로딩 마스크가 나타나기를 기다리는 중...
2025-08-24 00:40:09,649 - INFO - [scripts.adrule.logic.scraper] - 로딩 마스크가 사라지기를 기다리는 중...
2025-08-24 00:40:09,738 - INFO - [scripts.adrule.logic.scraper] - 페이지 최종 렌더링을 잠시 대기합니다...
2025-08-24 00:40:10,742 - INFO - [scripts.adrule.logic.scraper] - 페이지 HTML 컨텐츠를 가져오는 중...
2025-08-24 00:40:10,760 - INFO - [scripts.adrule.logic.scraper] - 데이터 파싱 중...
2025-08-24 00:40:10,806 - INFO - [scripts.adrule.logic.scraper] - 유형 1: 정형화된 법령 구조 감지
2025-08-24 00:40:10,816 - INFO - [scripts.adrule.logic.scraper] - 데이터 1건을 '/Users/woong/Roeum/roeum-crawler/data/raw/adrule/1492000/가스누출감지경보기 설치에 관한 기술상의 지침_document.jsonl' 파일로 성공적으로 저장했습니다.
2025-08-24 00:40:10,817 - INFO - [scripts.adrule.logic.scraper] - 데이터 10건을 '/Users/woong/Roeum/roeum-crawler/data/raw/adrule/1492000/가스누출감지경보기 설치에 관한 기술상의 지침_chunks.jsonl' 파일로 성공적으로 저장했습니다.
2025-08-24 00:40:10,861 - INFO - [__main__] - 상세 페이지 스크레이퍼 완료: 가스누출감지경보기 설치에 관한 기술상의 지침
2025-08-24 00:40:12,723 - INFO - [__main__] - 상세 페이지 스크레이퍼 실행: https://www.law.go.kr/admRulInfoP.do?admRulSeq=2100000186120
2025-08-24 00:40:13,209 - INFO - [scripts.adrule.logic.scraper] - 페이지로 이동 중: https://www.law.go.kr/admRulInfoP.do?admRulSeq=2100000186120
2025-08-24 00:40:13,762 - INFO - [scripts.adrule.logic.scraper] - 로딩 마스크가 나타나기를 기다리는 중...
2025-08-24 00:40:13,827 - INFO - [scripts.adrule.logic.scraper] - 로딩 마스크가 사라지기를 기다리는 중...
2025-08-24 00:40:13,866 - INFO - [scripts.adrule.logic.scraper] - 페이지 최종 렌더링을 잠시 대기합니다...
2025-08-24 00:40:14,870 - INFO - [scripts.adrule.logic.scraper] - 페이지 HTML 컨텐츠를 가져오는 중...
2025-08-24 00:40:14,887 - INFO - [scripts.adrule.logic.scraper] - 데이터 파싱 중...
2025-08-24 00:40:14,935 - INFO - [scripts.adrule.logic.scraper] - 유형 1: 정형화된 법령 구조 감지
2025-08-24 00:40:14,950 - INFO - [scripts.adrule.logic.scraper] - 데이터 1건을 '/Users/woong/Roeum/roeum-crawler/data/raw/adrule/1492000/감전재해 예방을 위한 기술상의 지침_document.jsonl' 파일로 성공적으로 저장했습니다.
2025-08-24 00:40:14,951 - INFO - [scripts.adrule.logic.scraper] - 데이터 12건을 '/Users/woong/Roeum/roeum-crawler/data/raw/adrule/1492000/감전재해 예방을 위한 기술상의 지침_chunks.jsonl' 파일로 성공적으로 저장했습니다.
2025-08-24 00:40:14,990 - INFO - [__main__] - 상세 페이지 스크레이퍼 완료: 감전재해 예방을 위한 기술상의 지침
2025-08-24 00:40:16,553 - INFO - [__main__] - 상세 페이지 스크레이퍼 실행: https://www.law.go.kr/admRulInfoP.do?admRulSeq=2100000217661
2025-08-24 00:40:16,933 - INFO - [scripts.adrule.logic.scraper] - 페이지로 이동 중: https://www.law.go.kr/admRulInfoP.do?admRulSeq=2100000217661
2025-08-24 00:40:17,573 - INFO - [scripts.adrule.logic.scraper] - 로딩 마스크가 나타나기를 기다리는 중...
2025-08-24 00:40:17,593 - INFO - [scripts.adrule.logic.scraper] - 로딩 마스크가 사라지기를 기다리는 중...
2025-08-24 00:40:17,779 - INFO - [scripts.adrule.logic.scraper] - 페이지 최종 렌더링을 잠시 대기합니다...
2025-08-24 00:40:18,782 - INFO - [scripts.adrule.logic.scraper] - 페이지 HTML 컨텐츠를 가져오는 중...
2025-08-24 00:40:18,796 - INFO - [scripts.adrule.logic.scraper] - 데이터 파싱 중...
2025-08-24 00:40:18,841 - INFO - [scripts.adrule.logic.scraper] - 유형 2: 텍스트 기반 비정형 구조 감지
2025-08-24 00:40:18,845 - INFO - [scripts.adrule.logic.scraper] - 데이터 1건을 '/Users/woong/Roeum/roeum-crawler/data/raw/adrule/1492000/개별연장급여 수급요건 중 학업 중인 사람에 대한 고시_document.jsonl' 파일로 성공적으로 저장했습니다.
2025-08-24 00:40:18,845 - INFO - [scripts.adrule.logic.scraper] - 데이터 2건을 '/Users/woong/Roeum/roeum-crawler/data/raw/adrule/1492000/개별연장급여 수급요건 중 학업 중인 사람에 대한 고시_chunks.jsonl' 파일로 성공적으로 저장했습니다.
2025-08-24 00:40:18,867 - INFO - [__main__] - 상세 페이지 스크레이퍼 완료: 개별연장급여 수급요건 중 학업 중인 사람에 대한 고시
2025-08-24 00:40:20,340 - INFO - [__main__] - 상세 페이지 스크레이퍼 실행: https://www.law.go.kr/admRulInfoP.do?admRulSeq=2100000217662
2025-08-24 00:40:20,694 - INFO - [scripts.adrule.logic.scraper] - 페이지로 이동 중: https://www.law.go.kr/admRulInfoP.do?admRulSeq=2100000217662
2025-08-24 00:40:21,216 - INFO - [scripts.adrule.logic.scraper] - 로딩 마스크가 나타나기를 기다리는 중...
2025-08-24 00:40:21,237 - INFO - [scripts.adrule.logic.scraper] - 로딩 마스크가 사라지기를 기다리는 중...
2025-08-24 00:40:21,318 - INFO - [scripts.adrule.logic.scraper] - 페이지 최종 렌더링을 잠시 대기합니다...
2025-08-24 00:40:22,322 - INFO - [scripts.adrule.logic.scraper] - 페이지 HTML 컨텐츠를 가져오는 중...
2025-08-24 00:40:22,337 - INFO - [scripts.adrule.logic.scraper] - 데이터 파싱 중...
2025-08-24 00:40:22,383 - INFO - [scripts.adrule.logic.scraper] - 유형 2: 텍스트 기반 비정형 구조 감지
2025-08-24 00:40:22,387 - INFO - [scripts.adrule.logic.scraper] - 데이터 1건을 '/Users/woong/Roeum/roeum-crawler/data/raw/adrule/1492000/개별연장급여 지급을 위한 임금 및 재산기준 고시_document.jsonl' 파일로 성공적으로 저장했습니다.
2025-08-24 00:40:22,387 - INFO - [scripts.adrule.logic.scraper] - 데이터 2건을 '/Users/woong/Roeum/roeum-crawler/data/raw/adrule/1492000/개별연장급여 지급을 위한 임금 및 재산기준 고시_chunks.jsonl' 파일로 성공적으로 저장했습니다.
2025-08-24 00:40:22,409 - INFO - [__main__] - 상세 페이지 스크레이퍼 완료: 개별연장급여 지급을 위한 임금 및 재산기준 고시
2025-08-24 00:40:23,883 - INFO - [__main__] - 상세 페이지 스크레이퍼 실행: https://www.law.go.kr/admRulInfoP.do?admRulSeq=2200000043197
2025-08-24 00:40:24,268 - INFO - [scripts.adrule.logic.scraper] - 페이지로 이동 중: https://www.law.go.kr/admRulInfoP.do?admRulSeq=2200000043197
2025-08-24 00:40:24,814 - INFO - [scripts.adrule.logic.scraper] - 로딩 마스크가 나타나기를 기다리는 중...
2025-08-24 00:40:24,834 - INFO - [scripts.adrule.logic.scraper] - 로딩 마스크가 사라지기를 기다리는 중...
2025-08-24 00:40:25,024 - INFO - [scripts.adrule.logic.scraper] - 페이지 최종 렌더링을 잠시 대기합니다...
2025-08-24 00:40:26,032 - INFO - [scripts.adrule.logic.scraper] - 페이지 HTML 컨텐츠를 가져오는 중...
2025-08-24 00:40:26,046 - INFO - [scripts.adrule.logic.scraper] - 데이터 파싱 중...
2025-08-24 00:40:26,091 - INFO - [scripts.adrule.logic.scraper] - 유형 2: 텍스트 기반 비정형 구조 감지
2025-08-24 00:40:26,096 - INFO - [scripts.adrule.logic.scraper] - 데이터 1건을 '/Users/woong/Roeum/roeum-crawler/data/raw/adrule/1492000/개인형퇴직연금제도로의 이전 예외사유 해당금액 고시_document.jsonl' 파일로 성공적으로 저장했습니다.
2025-08-24 00:40:26,096 - INFO - [scripts.adrule.logic.scraper] - 데이터 2건을 '/Users/woong/Roeum/roeum-crawler/data/raw/adrule/1492000/개인형퇴직연금제도로의 이전 예외사유 해당금액 고시_chunks.jsonl' 파일로 성공적으로 저장했습니다.
2025-08-24 00:40:26,125 - INFO - [__main__] - 상세 페이지 스크레이퍼 완료: 개인형퇴직연금제도로의 이전 예외사유 해당금액 고시
2025-08-24 00:40:27,589 - INFO - [__main__] - 상세 페이지 스크레이퍼 실행: https://www.law.go.kr/admRulInfoP.do?admRulSeq=2100000243390
2025-08-24 00:40:27,947 - INFO - [scripts.adrule.logic.scraper] - 페이지로 이동 중: https://www.law.go.kr/admRulInfoP.do?admRulSeq=2100000243390
2025-08-24 00:40:28,503 - INFO - [scripts.adrule.logic.scraper] - 로딩 마스크가 나타나기를 기다리는 중...
2025-08-24 00:40:28,524 - INFO - [scripts.adrule.logic.scraper] - 로딩 마스크가 사라지기를 기다리는 중...
2025-08-24 00:40:28,604 - INFO - [scripts.adrule.logic.scraper] - 페이지 최종 렌더링을 잠시 대기합니다...
2025-08-24 00:40:29,606 - INFO - [scripts.adrule.logic.scraper] - 페이지 HTML 컨텐츠를 가져오는 중...
2025-08-24 00:40:29,622 - INFO - [scripts.adrule.logic.scraper] - 데이터 파싱 중...
2025-08-24 00:40:29,670 - INFO - [scripts.adrule.logic.scraper] - 유형 1: 정형화된 법령 구조 감지
2025-08-24 00:40:29,681 - INFO - [scripts.adrule.logic.scraper] - 데이터 1건을 '/Users/woong/Roeum/roeum-crawler/data/raw/adrule/1492000/건설공사 안전보건대장의 작성 등에 관한 고시_document.jsonl' 파일로 성공적으로 저장했습니다.
2025-08-24 00:40:29,682 - INFO - [scripts.adrule.logic.scraper] - 데이터 9건을 '/Users/woong/Roeum/roeum-crawler/data/raw/adrule/1492000/건설공사 안전보건대장의 작성 등에 관한 고시_chunks.jsonl' 파일로 성공적으로 저장했습니다.
2025-08-24 00:40:29,774 - INFO - [__main__] - 상세 페이지 스크레이퍼 완료: 건설공사 안전보건대장의 작성 등에 관한 고시
2025-08-24 00:40:31,271 - INFO - [__main__] - 상세 페이지 스크레이퍼 실행: https://www.law.go.kr/admRulInfoP.do?admRulSeq=2100000252112
2025-08-24 00:40:31,670 - INFO - [scripts.adrule.logic.scraper] - 페이지로 이동 중: https://www.law.go.kr/admRulInfoP.do?admRulSeq=2100000252112
2025-08-24 00:40:32,206 - INFO - [scripts.adrule.logic.scraper] - 로딩 마스크가 나타나기를 기다리는 중...
2025-08-24 00:40:32,233 - INFO - [scripts.adrule.logic.scraper] - 로딩 마스크가 사라지기를 기다리는 중...
2025-08-24 00:40:32,313 - INFO - [scripts.adrule.logic.scraper] - 페이지 최종 렌더링을 잠시 대기합니다...
2025-08-24 00:40:33,316 - INFO - [scripts.adrule.logic.scraper] - 페이지 HTML 컨텐츠를 가져오는 중...
2025-08-24 00:40:33,327 - INFO - [scripts.adrule.logic.scraper] - 데이터 파싱 중...
2025-08-24 00:40:33,369 - INFO - [scripts.adrule.logic.scraper] - 유형 2: 텍스트 기반 비정형 구조 감지
2025-08-24 00:40:33,374 - INFO - [scripts.adrule.logic.scraper] - 데이터 1건을 '/Users/woong/Roeum/roeum-crawler/data/raw/adrule/1492000/건설공사의 노무비율_document.jsonl' 파일로 성공적으로 저장했습니다.
2025-08-24 00:40:33,374 - INFO - [scripts.adrule.logic.scraper] - 데이터 2건을 '/Users/woong/Roeum/roeum-crawler/data/raw/adrule/1492000/건설공사의 노무비율_chunks.jsonl' 파일로 성공적으로 저장했습니다.
2025-08-24 00:40:33,406 - INFO - [__main__] - 상세 페이지 스크레이퍼 완료: 건설공사의 노무비율
2025-08-24 00:40:34,907 - INFO - [__main__] - 상세 페이지 스크레이퍼 실행: https://www.law.go.kr/admRulInfoP.do?admRulSeq=2100000025542
2025-08-24 00:40:35,276 - INFO - [scripts.adrule.logic.scraper] - 페이지로 이동 중: https://www.law.go.kr/admRulInfoP.do?admRulSeq=2100000025542
2025-08-24 00:40:35,912 - INFO - [scripts.adrule.logic.scraper] - 로딩 마스크가 나타나기를 기다리는 중...
2025-08-24 00:40:35,933 - INFO - [scripts.adrule.logic.scraper] - 로딩 마스크가 사라지기를 기다리는 중...
2025-08-24 00:40:36,117 - INFO - [scripts.adrule.logic.scraper] - 페이지 최종 렌더링을 잠시 대기합니다...
2025-08-24 00:40:37,122 - INFO - [scripts.adrule.logic.scraper] - 페이지 HTML 컨텐츠를 가져오는 중...
2025-08-24 00:40:37,139 - INFO - [scripts.adrule.logic.scraper] - 데이터 파싱 중...
2025-08-24 00:40:37,193 - INFO - [scripts.adrule.logic.scraper] - 유형 1: 정형화된 법령 구조 감지
2025-08-24 00:40:37,204 - INFO - [scripts.adrule.logic.scraper] - 데이터 1건을 '/Users/woong/Roeum/roeum-crawler/data/raw/adrule/1492000/건설근로자고용개선전문위원회 운영규정_document.jsonl' 파일로 성공적으로 저장했습니다.
2025-08-24 00:40:37,204 - INFO - [scripts.adrule.logic.scraper] - 데이터 14건을 '/Users/woong/Roeum/roeum-crawler/data/raw/adrule/1492000/건설근로자고용개선전문위원회 운영규정_chunks.jsonl' 파일로 성공적으로 저장했습니다.
2025-08-24 00:40:37,227 - INFO - [__main__] - 상세 페이지 스크레이퍼 완료: 건설근로자고용개선전문위원회 운영규정
2025-08-24 00:40:38,674 - INFO - [__main__] - 상세 페이지 스크레이퍼 실행: https://www.law.go.kr/admRulInfoP.do?admRulSeq=2100000254546
2025-08-24 00:40:39,051 - INFO - [scripts.adrule.logic.scraper] - 페이지로 이동 중: https://www.law.go.kr/admRulInfoP.do?admRulSeq=2100000254546
2025-08-24 00:40:39,664 - INFO - [scripts.adrule.logic.scraper] - 로딩 마스크가 나타나기를 기다리는 중...
2025-08-24 00:40:39,686 - INFO - [scripts.adrule.logic.scraper] - 로딩 마스크가 사라지기를 기다리는 중...
2025-08-24 00:40:39,790 - INFO - [scripts.adrule.logic.scraper] - 페이지 최종 렌더링을 잠시 대기합니다...
2025-08-24 00:40:40,792 - INFO - [scripts.adrule.logic.scraper] - 페이지 HTML 컨텐츠를 가져오는 중...
2025-08-24 00:40:40,820 - INFO - [scripts.adrule.logic.scraper] - 데이터 파싱 중...
2025-08-24 00:40:40,897 - INFO - [scripts.adrule.logic.scraper] - 유형 1: 정형화된 법령 구조 감지
2025-08-24 00:40:40,946 - INFO - [scripts.adrule.logic.scraper] - 데이터 1건을 '/Users/woong/Roeum/roeum-crawler/data/raw/adrule/1492000/건설업 산업안전보건관리비 계상 및 사용기준_document.jsonl' 파일로 성공적으로 저장했습니다.
2025-08-24 00:40:40,946 - INFO - [scripts.adrule.logic.scraper] - 데이터 12건을 '/Users/woong/Roeum/roeum-crawler/data/raw/adrule/1492000/건설업 산업안전보건관리비 계상 및 사용기준_chunks.jsonl' 파일로 성공적으로 저장했습니다.
2025-08-24 00:40:40,967 - INFO - [__main__] - 상세 페이지 스크레이퍼 완료: 건설업 산업안전보건관리비 계상 및 사용기준
2025-08-24 00:40:42,434 - INFO - [__main__] - 상세 페이지 스크레이퍼 실행: https://www.law.go.kr/admRulInfoP.do?admRulSeq=2100000253016
2025-08-24 00:40:42,791 - INFO - [scripts.adrule.logic.scraper] - 페이지로 이동 중: https://www.law.go.kr/admRulInfoP.do?admRulSeq=2100000253016
2025-08-24 00:40:43,407 - INFO - [scripts.adrule.logic.scraper] - 로딩 마스크가 나타나기를 기다리는 중...
2025-08-24 00:40:43,430 - INFO - [scripts.adrule.logic.scraper] - 로딩 마스크가 사라지기를 기다리는 중...
2025-08-24 00:40:43,614 - INFO - [scripts.adrule.logic.scraper] - 페이지 최종 렌더링을 잠시 대기합니다...
2025-08-24 00:40:44,618 - INFO - [scripts.adrule.logic.scraper] - 페이지 HTML 컨텐츠를 가져오는 중...
2025-08-24 00:40:44,634 - INFO - [scripts.adrule.logic.scraper] - 데이터 파싱 중...
2025-08-24 00:40:44,681 - INFO - [scripts.adrule.logic.scraper] - 유형 2: 텍스트 기반 비정형 구조 감지
2025-08-24 00:40:44,687 - INFO - [scripts.adrule.logic.scraper] - 데이터 1건을 '/Users/woong/Roeum/roeum-crawler/data/raw/adrule/1492000/건설업에서 근로자 수 확인이 곤란한 장애인 고용의무 사업주의 공사실적액_document.jsonl' 파일로 성공적으로 저장했습니다.
2025-08-24 00:40:44,688 - INFO - [scripts.adrule.logic.scraper] - 데이터 1건을 '/Users/woong/Roeum/roeum-crawler/data/raw/adrule/1492000/건설업에서 근로자 수 확인이 곤란한 장애인 고용의무 사업주의 공사실적액_chunks.jsonl' 파일로 성공적으로 저장했습니다.
2025-08-24 00:40:44,708 - INFO - [__main__] - 상세 페이지 스크레이퍼 완료: 건설업에서 근로자 수 확인이 곤란한 장애인 고용의무 사업주의 공사실적액
2025-08-24 00:40:46,170 - INFO - [__main__] - 상세 페이지 스크레이퍼 실행: https://www.law.go.kr/admRulInfoP.do?admRulSeq=2100000186089
2025-08-24 00:40:46,530 - INFO - [scripts.adrule.logic.scraper] - 페이지로 이동 중: https://www.law.go.kr/admRulInfoP.do?admRulSeq=2100000186089
2025-08-24 00:40:47,071 - INFO - [scripts.adrule.logic.scraper] - 로딩 마스크가 나타나기를 기다리는 중...
2025-08-24 00:40:47,091 - INFO - [scripts.adrule.logic.scraper] - 로딩 마스크가 사라지기를 기다리는 중...
2025-08-24 00:40:47,172 - INFO - [scripts.adrule.logic.scraper] - 페이지 최종 렌더링을 잠시 대기합니다...
2025-08-24 00:40:48,174 - INFO - [scripts.adrule.logic.scraper] - 페이지 HTML 컨텐츠를 가져오는 중...
2025-08-24 00:40:48,189 - INFO - [scripts.adrule.logic.scraper] - 데이터 파싱 중...
2025-08-24 00:40:48,235 - INFO - [scripts.adrule.logic.scraper] - 유형 2: 텍스트 기반 비정형 구조 감지
2025-08-24 00:40:48,240 - INFO - [scripts.adrule.logic.scraper] - 데이터 1건을 '/Users/woong/Roeum/roeum-crawler/data/raw/adrule/1492000/건설업 유해·위험방지계획서 중 지도사가 평가·확인 할 수 있는 대상 건설공사의 범위 및 지도사의 요건_document.jsonl' 파일로 성공적으로 저장했습니다.
2025-08-24 00:40:48,240 - INFO - [scripts.adrule.logic.scraper] - 데이터 1건을 '/Users/woong/Roeum/roeum-crawler/data/raw/adrule/1492000/건설업 유해·위험방지계획서 중 지도사가 평가·확인 할 수 있는 대상 건설공사의 범위 및 지도사의 요건_chunks.jsonl' 파일로 성공적으로 저장했습니다.
2025-08-24 00:40:48,263 - INFO - [__main__] - 상세 페이지 스크레이퍼 완료: 건설업 유해·위험방지계획서 중 지도사가 평가·확인 할 수 있는 대상 건설공사의 범위 및 지도사의 요건
2025-08-24 00:40:49,733 - INFO - [__main__] - 상세 페이지 스크레이퍼 실행: https://www.law.go.kr/admRulInfoP.do?admRulSeq=2100000217765
2025-08-24 00:40:50,089 - INFO - [scripts.adrule.logic.scraper] - 페이지로 이동 중: https://www.law.go.kr/admRulInfoP.do?admRulSeq=2100000217765
2025-08-24 00:40:50,686 - INFO - [scripts.adrule.logic.scraper] - 로딩 마스크가 나타나기를 기다리는 중...
2025-08-24 00:40:50,708 - INFO - [scripts.adrule.logic.scraper] - 로딩 마스크가 사라지기를 기다리는 중...
2025-08-24 00:40:50,797 - INFO - [scripts.adrule.logic.scraper] - 페이지 최종 렌더링을 잠시 대기합니다...
2025-08-24 00:40:51,800 - INFO - [scripts.adrule.logic.scraper] - 페이지 HTML 컨텐츠를 가져오는 중...
2025-08-24 00:40:51,817 - INFO - [scripts.adrule.logic.scraper] - 데이터 파싱 중...
2025-08-24 00:40:51,873 - INFO - [scripts.adrule.logic.scraper] - 유형 1: 정형화된 법령 구조 감지
2025-08-24 00:40:51,885 - INFO - [scripts.adrule.logic.scraper] - 데이터 1건을 '/Users/woong/Roeum/roeum-crawler/data/raw/adrule/1492000/건설업자가 아닌 자가 시공하는 건설공사의 총공사금액 산정방법에 관한 규정_document.jsonl' 파일로 성공적으로 저장했습니다.
2025-08-24 00:40:51,886 - INFO - [scripts.adrule.logic.scraper] - 데이터 7건을 '/Users/woong/Roeum/roeum-crawler/data/raw/adrule/1492000/건설업자가 아닌 자가 시공하는 건설공사의 총공사금액 산정방법에 관한 규정_chunks.jsonl' 파일로 성공적으로 저장했습니다.
2025-08-24 00:40:51,908 - INFO - [__main__] - 상세 페이지 스크레이퍼 완료: 건설업자가 아닌 자가 시공하는 건설공사의 총공사금액 산정방법에 관한 규정
2025-08-24 00:40:53,378 - INFO - [__main__] - 상세 페이지 스크레이퍼 실행: https://www.law.go.kr/admRulInfoP.do?admRulSeq=2100000228660
2025-08-24 00:40:53,730 - INFO - [scripts.adrule.logic.scraper] - 페이지로 이동 중: https://www.law.go.kr/admRulInfoP.do?admRulSeq=2100000228660
2025-08-24 00:40:54,745 - INFO - [scripts.adrule.logic.scraper] - 로딩 마스크가 나타나기를 기다리는 중...
2025-08-24 00:40:54,767 - INFO - [scripts.adrule.logic.scraper] - 로딩 마스크가 사라지기를 기다리는 중...
2025-08-24 00:40:54,947 - INFO - [scripts.adrule.logic.scraper] - 페이지 최종 렌더링을 잠시 대기합니다...
2025-08-24 00:40:55,950 - INFO - [scripts.adrule.logic.scraper] - 페이지 HTML 컨텐츠를 가져오는 중...
2025-08-24 00:40:55,969 - INFO - [scripts.adrule.logic.scraper] - 데이터 파싱 중...
2025-08-24 00:40:56,028 - INFO - [scripts.adrule.logic.scraper] - 유형 1: 정형화된 법령 구조 감지
2025-08-24 00:40:56,043 - INFO - [scripts.adrule.logic.scraper] - 데이터 1건을 '/Users/woong/Roeum/roeum-crawler/data/raw/adrule/1492000/건설업체의 산업재해예방활동 실적 평가기준_document.jsonl' 파일로 성공적으로 저장했습니다.
2025-08-24 00:40:56,044 - INFO - [scripts.adrule.logic.scraper] - 데이터 14건을 '/Users/woong/Roeum/roeum-crawler/data/raw/adrule/1492000/건설업체의 산업재해예방활동 실적 평가기준_chunks.jsonl' 파일로 성공적으로 저장했습니다.
2025-08-24 00:40:56,067 - INFO - [__main__] - 상세 페이지 스크레이퍼 완료: 건설업체의 산업재해예방활동 실적 평가기준
2025-08-24 00:40:57,537 - INFO - [__main__] - 상세 페이지 스크레이퍼 실행: https://www.law.go.kr/admRulInfoP.do?admRulSeq=2100000186106
2025-08-24 00:40:57,887 - INFO - [scripts.adrule.logic.scraper] - 페이지로 이동 중: https://www.law.go.kr/admRulInfoP.do?admRulSeq=2100000186106
2025-08-24 00:40:58,452 - INFO - [scripts.adrule.logic.scraper] - 로딩 마스크가 나타나기를 기다리는 중...
2025-08-24 00:40:58,472 - INFO - [scripts.adrule.logic.scraper] - 로딩 마스크가 사라지기를 기다리는 중...
2025-08-24 00:40:58,552 - INFO - [scripts.adrule.logic.scraper] - 페이지 최종 렌더링을 잠시 대기합니다...
2025-08-24 00:40:59,556 - INFO - [scripts.adrule.logic.scraper] - 페이지 HTML 컨텐츠를 가져오는 중...
2025-08-24 00:40:59,580 - INFO - [scripts.adrule.logic.scraper] - 데이터 파싱 중...
2025-08-24 00:40:59,637 - INFO - [scripts.adrule.logic.scraper] - 유형 1: 정형화된 법령 구조 감지
2025-08-24 00:40:59,653 - INFO - [scripts.adrule.logic.scraper] - 데이터 1건을 '/Users/woong/Roeum/roeum-crawler/data/raw/adrule/1492000/고기압 작업에 관한 기준_document.jsonl' 파일로 성공적으로 저장했습니다.
2025-08-24 00:40:59,653 - INFO - [scripts.adrule.logic.scraper] - 데이터 11건을 '/Users/woong/Roeum/roeum-crawler/data/raw/adrule/1492000/고기압 작업에 관한 기준_chunks.jsonl' 파일로 성공적으로 저장했습니다.
2025-08-24 00:40:59,674 - INFO - [__main__] - 상세 페이지 스크레이퍼 완료: 고기압 작업에 관한 기준
2025-08-24 00:41:01,160 - INFO - [__main__] - 상세 페이지 스크레이퍼 실행: https://www.law.go.kr/admRulInfoP.do?admRulSeq=2200000076692
2025-08-24 00:41:01,519 - INFO - [scripts.adrule.logic.scraper] - 페이지로 이동 중: https://www.law.go.kr/admRulInfoP.do?admRulSeq=2200000076692
2025-08-24 00:41:02,063 - INFO - [scripts.adrule.logic.scraper] - 로딩 마스크가 나타나기를 기다리는 중...
2025-08-24 00:41:02,084 - INFO - [scripts.adrule.logic.scraper] - 로딩 마스크가 사라지기를 기다리는 중...
2025-08-24 00:41:02,164 - INFO - [scripts.adrule.logic.scraper] - 페이지 최종 렌더링을 잠시 대기합니다...
2025-08-24 00:41:03,168 - INFO - [scripts.adrule.logic.scraper] - 페이지 HTML 컨텐츠를 가져오는 중...
2025-08-24 00:41:03,190 - INFO - [scripts.adrule.logic.scraper] - 데이터 파싱 중...
2025-08-24 00:41:03,279 - INFO - [scripts.adrule.logic.scraper] - 유형 1: 정형화된 법령 구조 감지
2025-08-24 00:41:03,288 - INFO - [scripts.adrule.logic.scraper] - 데이터 1건을 '/Users/woong/Roeum/roeum-crawler/data/raw/adrule/1492000/고 김용균 사망사고 진상규명과 재발방지를 위한 석탄화력발전소 특별노동안전조사위원회 설치 및 운영에 관한 규정_document.jsonl' 파일로 성공적으로 저장했습니다.
2025-08-24 00:41:03,289 - INFO - [scripts.adrule.logic.scraper] - 데이터 14건을 '/Users/woong/Roeum/roeum-crawler/data/raw/adrule/1492000/고 김용균 사망사고 진상규명과 재발방지를 위한 석탄화력발전소 특별노동안전조사위원회 설치 및 운영에 관한 규정_chunks.jsonl' 파일로 성공적으로 저장했습니다.
2025-08-24 00:41:03,319 - INFO - [__main__] - 상세 페이지 스크레이퍼 완료: 고 김용균 사망사고 진상규명과 재발방지를 위한 석탄화력발전소 특별노동안전조사위원회 설치 및 운영에 관한 규정
2025-08-24 00:41:04,798 - INFO - [__main__] - 상세 페이지 스크레이퍼 실행: https://www.law.go.kr/admRulInfoP.do?admRulSeq=2100000253946
2025-08-24 00:41:05,152 - INFO - [scripts.adrule.logic.scraper] - 페이지로 이동 중: https://www.law.go.kr/admRulInfoP.do?admRulSeq=2100000253946
2025-08-24 00:41:05,697 - INFO - [scripts.adrule.logic.scraper] - 로딩 마스크가 나타나기를 기다리는 중...
2025-08-24 00:41:05,717 - INFO - [scripts.adrule.logic.scraper] - 로딩 마스크가 사라지기를 기다리는 중...
2025-08-24 00:41:05,797 - INFO - [scripts.adrule.logic.scraper] - 페이지 최종 렌더링을 잠시 대기합니다...
2025-08-24 00:41:06,801 - INFO - [scripts.adrule.logic.scraper] - 페이지 HTML 컨텐츠를 가져오는 중...
2025-08-24 00:41:06,820 - INFO - [scripts.adrule.logic.scraper] - 데이터 파싱 중...
2025-08-24 00:41:06,876 - INFO - [scripts.adrule.logic.scraper] - 유형 1: 정형화된 법령 구조 감지
2025-08-24 00:41:06,893 - INFO - [scripts.adrule.logic.scraper] - 데이터 1건을 '/Users/woong/Roeum/roeum-crawler/data/raw/adrule/1492000/고령자 고용안정지원금 지급 규정_document.jsonl' 파일로 성공적으로 저장했습니다.
2025-08-24 00:41:06,893 - INFO - [scripts.adrule.logic.scraper] - 데이터 15건을 '/Users/woong/Roeum/roeum-crawler/data/raw/adrule/1492000/고령자 고용안정지원금 지급 규정_chunks.jsonl' 파일로 성공적으로 저장했습니다.
2025-08-24 00:41:06,915 - INFO - [__main__] - 상세 페이지 스크레이퍼 완료: 고령자 고용안정지원금 지급 규정
2025-08-24 00:41:08,389 - INFO - [__main__] - 상세 페이지 스크레이퍼 실행: https://www.law.go.kr/admRulInfoP.do?admRulSeq=2000000018010
2025-08-24 00:41:08,753 - INFO - [scripts.adrule.logic.scraper] - 페이지로 이동 중: https://www.law.go.kr/admRulInfoP.do?admRulSeq=2000000018010
2025-08-24 00:41:09,321 - INFO - [scripts.adrule.logic.scraper] - 로딩 마스크가 나타나기를 기다리는 중...
2025-08-24 00:41:09,340 - INFO - [scripts.adrule.logic.scraper] - 로딩 마스크가 사라지기를 기다리는 중...
2025-08-24 00:41:09,422 - INFO - [scripts.adrule.logic.scraper] - 페이지 최종 렌더링을 잠시 대기합니다...
2025-08-24 00:41:10,425 - INFO - [scripts.adrule.logic.scraper] - 페이지 HTML 컨텐츠를 가져오는 중...
2025-08-24 00:41:10,436 - INFO - [scripts.adrule.logic.scraper] - 데이터 파싱 중...
2025-08-24 00:41:10,476 - INFO - [scripts.adrule.logic.scraper] - 유형 2: 텍스트 기반 비정형 구조 감지
2025-08-24 00:41:10,481 - INFO - [scripts.adrule.logic.scraper] - 데이터 1건을 '/Users/woong/Roeum/roeum-crawler/data/raw/adrule/1492000/고령자고용연장지원금액 등_document.jsonl' 파일로 성공적으로 저장했습니다.
2025-08-24 00:41:10,481 - INFO - [scripts.adrule.logic.scraper] - 데이터 1건을 '/Users/woong/Roeum/roeum-crawler/data/raw/adrule/1492000/고령자고용연장지원금액 등_chunks.jsonl' 파일로 성공적으로 저장했습니다.
2025-08-24 00:41:10,502 - INFO - [__main__] - 상세 페이지 스크레이퍼 완료: 고령자고용연장지원금액 등
2025-08-24 00:41:11,968 - INFO - [__main__] - 상세 페이지 스크레이퍼 실행: https://www.law.go.kr/admRulInfoP.do?admRulSeq=2100000216935
2025-08-24 00:41:12,342 - INFO - [scripts.adrule.logic.scraper] - 페이지로 이동 중: https://www.law.go.kr/admRulInfoP.do?admRulSeq=2100000216935
2025-08-24 00:41:12,947 - INFO - [scripts.adrule.logic.scraper] - 로딩 마스크가 나타나기를 기다리는 중...
2025-08-24 00:41:12,974 - INFO - [scripts.adrule.logic.scraper] - 로딩 마스크가 사라지기를 기다리는 중...
