2025-08-17 17:54:58,631 - INFO - [__main__] - 총 60개의 URL을 './bin/../data/raw/1760000/urls.jsonl' 파일에 저장했습니다.
2025-08-17 17:54:59,032 - INFO - [__main__] - 상세 페이지 스크레이퍼 실행: https://www.law.go.kr/LSW/lsInfoP.do?lsiSeq=204611&efYd=20180921
2025-08-17 17:55:02,661 - INFO - [__main__] - 상세 페이지 스크레이퍼 완료: 1980년해직공무원의보상등에관한특별조치법시행령
2025-08-17 17:55:03,926 - INFO - [__main__] - 상세 페이지 스크레이퍼 실행: https://www.law.go.kr/LSW/lsInfoP.do?lsiSeq=267775&efYd=20241231
2025-08-17 17:55:06,975 - INFO - [__main__] - 상세 페이지 스크레이퍼 완료: 개방형 직위 및 공모 직위의 운영 등에 관한 규정
2025-08-17 17:55:08,402 - INFO - [__main__] - 상세 페이지 스크레이퍼 실행: https://www.law.go.kr/LSW/lsInfoP.do?lsiSeq=263095&efYd=20240604
2025-08-17 17:55:13,371 - INFO - [__main__] - 상세 페이지 스크레이퍼 완료: 고위공무원단 인사규정
2025-08-17 17:55:14,651 - INFO - [__main__] - 상세 페이지 스크레이퍼 실행: https://www.law.go.kr/LSW/lsInfoP.do?lsiSeq=267293&efYd=20241224
2025-08-17 17:55:18,755 - INFO - [__main__] - 상세 페이지 스크레이퍼 완료: 공무원고충처리규정
2025-08-17 17:55:20,004 - INFO - [__main__] - 상세 페이지 스크레이퍼 실행: https://www.law.go.kr/LSW/lsInfoP.do?lsiSeq=228479&efYd=20210413
2025-08-17 17:55:22,732 - INFO - [__main__] - 상세 페이지 스크레이퍼 완료: 공무원 노동조합 관련 해직공무원등의 복직 등에 관한 특별법
2025-08-17 17:55:23,949 - INFO - [__main__] - 상세 페이지 스크레이퍼 실행: https://www.law.go.kr/LSW/lsInfoP.do?lsiSeq=231539&efYd=20210413
2025-08-17 17:55:27,131 - INFO - [__main__] - 상세 페이지 스크레이퍼 완료: 공무원 노동조합 관련 해직공무원등의 복직 등에 관한 특별법 시행령
2025-08-17 17:55:28,356 - INFO - [__main__] - 상세 페이지 스크레이퍼 실행: https://www.law.go.kr/LSW/lsInfoP.do?lsiSeq=269195&efYd=20250301
2025-08-17 17:55:32,239 - INFO - [__main__] - 상세 페이지 스크레이퍼 완료: 공무원보수규정
2025-08-17 17:55:33,501 - INFO - [__main__] - 상세 페이지 스크레이퍼 실행: https://www.law.go.kr/LSW/lsInfoP.do?lsiSeq=267201&efYd=20241224
2025-08-17 17:55:37,301 - INFO - [__main__] - 상세 페이지 스크레이퍼 완료: 공무원 성과평가 등에 관한 규정
2025-08-17 17:55:38,556 - INFO - [__main__] - 상세 페이지 스크레이퍼 실행: https://www.law.go.kr/LSW/lsInfoP.do?lsiSeq=273057&efYd=20250807
2025-08-17 17:55:42,405 - INFO - [__main__] - 상세 페이지 스크레이퍼 완료: 공무원수당 등에 관한 규정
2025-08-17 17:55:43,638 - INFO - [__main__] - 상세 페이지 스크레이퍼 실행: https://www.law.go.kr/LSW/lsInfoP.do?lsiSeq=263513&efYd=20240702
2025-08-17 17:55:47,386 - INFO - [__main__] - 상세 페이지 스크레이퍼 완료: 공무원 여비 규정
2025-08-17 17:55:48,614 - INFO - [__main__] - 상세 페이지 스크레이퍼 실행: https://www.law.go.kr/LSW/lsInfoP.do?lsiSeq=268107&efYd=20250708
2025-08-17 17:55:52,583 - INFO - [__main__] - 상세 페이지 스크레이퍼 완료: 공무원연금법
2025-08-17 17:55:53,805 - INFO - [__main__] - 상세 페이지 스크레이퍼 실행: https://www.law.go.kr/LSW/lsInfoP.do?lsiSeq=273305&efYd=20251115
2025-08-17 17:55:58,071 - INFO - [__main__] - 상세 페이지 스크레이퍼 완료: 공무원연금법
2025-08-17 17:55:59,296 - INFO - [__main__] - 상세 페이지 스크레이퍼 실행: https://www.law.go.kr/LSW/lsInfoP.do?lsiSeq=272643&efYd=20250708
2025-08-17 17:56:02,952 - INFO - [__main__] - 상세 페이지 스크레이퍼 완료: 공무원연금법 시행령
2025-08-17 17:56:04,226 - INFO - [__main__] - 상세 페이지 스크레이퍼 실행: https://www.law.go.kr/LSW/lsInfoP.do?lsiSeq=272643&efYd=20260101
2025-08-17 17:56:08,369 - INFO - [__main__] - 상세 페이지 스크레이퍼 완료: 공무원연금법 시행령
2025-08-17 17:56:09,684 - INFO - [__main__] - 상세 페이지 스크레이퍼 실행: https://www.law.go.kr/LSW/lsInfoP.do?lsiSeq=204700&efYd=20180921
2025-08-17 17:56:13,064 - INFO - [__main__] - 상세 페이지 스크레이퍼 완료: 공무원연금법 시행규칙
2025-08-17 17:56:14,320 - INFO - [__main__] - 상세 페이지 스크레이퍼 실행: https://www.law.go.kr/LSW/lsInfoP.do?lsiSeq=272703&efYd=20250708
2025-08-17 17:56:17,373 - INFO - [__main__] - 상세 페이지 스크레이퍼 완료: 공무원의 구분 변경에 따른 전직임용 등에 관한 특례규정
2025-08-17 17:56:18,779 - INFO - [__main__] - 상세 페이지 스크레이퍼 실행: https://www.law.go.kr/LSW/lsInfoP.do?lsiSeq=256831&efYd=20240101
2025-08-17 17:56:21,958 - INFO - [__main__] - 상세 페이지 스크레이퍼 완료: 공무원 인사기록ㆍ통계 및 인사사무 처리 규정
2025-08-17 17:56:23,214 - INFO - [__main__] - 상세 페이지 스크레이퍼 실행: https://www.law.go.kr/LSW/lsInfoP.do?lsiSeq=272705&efYd=20250708
2025-08-17 17:56:26,383 - INFO - [__main__] - 상세 페이지 스크레이퍼 완료: 공무원 인사 운영에 관한 특례규정
2025-08-17 17:56:27,728 - INFO - [__main__] - 상세 페이지 스크레이퍼 실행: https://www.law.go.kr/LSW/lsInfoP.do?lsiSeq=245371&efYd=20221115
2025-08-17 17:56:30,925 - INFO - [__main__] - 상세 페이지 스크레이퍼 완료: 공무원 인재개발법
2025-08-17 17:56:32,147 - INFO - [__main__] - 상세 페이지 스크레이퍼 실행: https://www.law.go.kr/LSW/lsInfoP.do?lsiSeq=247167&efYd=20230103
2025-08-17 17:56:35,742 - INFO - [__main__] - 상세 페이지 스크레이퍼 완료: 공무원 인재개발법 시행령
2025-08-17 17:56:36,979 - INFO - [__main__] - 상세 페이지 스크레이퍼 실행: https://www.law.go.kr/LSW/lsInfoP.do?lsiSeq=272699&efYd=20250708
2025-08-17 17:56:42,023 - INFO - [__main__] - 상세 페이지 스크레이퍼 완료: 공무원임용령
2025-08-17 17:56:43,253 - INFO - [__main__] - 상세 페이지 스크레이퍼 실행: https://www.law.go.kr/LSW/lsInfoP.do?lsiSeq=266979&efYd=20250701
2025-08-17 17:56:47,309 - INFO - [__main__] - 상세 페이지 스크레이퍼 완료: 공무원임용시험령
2025-08-17 17:56:48,537 - INFO - [__main__] - 상세 페이지 스크레이퍼 실행: https://www.law.go.kr/LSW/lsInfoP.do?lsiSeq=271459&efYd=20270101
2025-08-17 17:56:52,306 - INFO - [__main__] - 상세 페이지 스크레이퍼 완료: 공무원임용시험령
2025-08-17 17:56:53,534 - INFO - [__main__] - 상세 페이지 스크레이퍼 실행: https://www.law.go.kr/LSW/lsInfoP.do?lsiSeq=266979&efYd=20270101
2025-08-17 17:56:57,293 - INFO - [__main__] - 상세 페이지 스크레이퍼 완료: 공무원임용시험령
2025-08-17 17:56:58,585 - INFO - [__main__] - 상세 페이지 스크레이퍼 실행: https://www.law.go.kr/LSW/lsInfoP.do?lsiSeq=259901&efYd=20250807
2025-08-17 17:57:02,015 - INFO - [__main__] - 상세 페이지 스크레이퍼 완료: 공무원 재해보상법
2025-08-17 17:57:03,472 - INFO - [__main__] - 상세 페이지 스크레이퍼 실행: https://www.law.go.kr/LSW/lsInfoP.do?lsiSeq=272695&efYd=20250708
2025-08-17 17:57:06,791 - INFO - [__main__] - 상세 페이지 스크레이퍼 완료: 공무원 재해보상법 시행령
2025-08-17 17:57:08,015 - INFO - [__main__] - 상세 페이지 스크레이퍼 실행: https://www.law.go.kr/LSW/lsInfoP.do?lsiSeq=270211&efYd=20250320
2025-08-17 17:57:11,494 - INFO - [__main__] - 상세 페이지 스크레이퍼 완료: 공무원 재해보상법 시행규칙
2025-08-17 17:57:12,721 - INFO - [__main__] - 상세 페이지 스크레이퍼 실행: https://www.law.go.kr/LSW/lsInfoP.do?lsiSeq=272555&efYd=20250701
2025-08-17 17:57:16,674 - INFO - [__main__] - 상세 페이지 스크레이퍼 완료: 공무원 징계령
2025-08-17 17:57:17,895 - INFO - [__main__] - 상세 페이지 스크레이퍼 실행: https://www.law.go.kr/LSW/lsInfoP.do?lsiSeq=267073&efYd=20241211
2025-08-17 17:57:21,299 - INFO - [__main__] - 상세 페이지 스크레이퍼 완료: 공무원 징계령 시행규칙
2025-08-17 17:57:22,521 - INFO - [__main__] - 상세 페이지 스크레이퍼 실행: https://www.law.go.kr/LSW/lsInfoP.do?lsiSeq=266777&efYd=20241227
2025-08-17 17:57:25,563 - INFO - [__main__] - 상세 페이지 스크레이퍼 완료: 공무원 채용 신체검사 규정
2025-08-17 17:57:26,784 - INFO - [__main__] - 상세 페이지 스크레이퍼 실행: https://www.law.go.kr/LSW/lsInfoP.do?lsiSeq=268229&efYd=20250109
2025-08-17 17:57:39,698 - INFO - [__main__] - 상세 페이지 스크레이퍼 완료: 공무원 특수지근무수당 지급대상 지역 및 기관과 그 등급별 구분에 관한 규칙
2025-08-17 17:57:41,114 - INFO - [__main__] - 상세 페이지 스크레이퍼 실행: https://www.law.go.kr/LSW/lsInfoP.do?lsiSeq=227215&efYd=20210105
2025-08-17 17:57:44,463 - INFO - [__main__] - 상세 페이지 스크레이퍼 완료: 공무원 후생복지에 관한 규정
2025-08-17 17:57:45,672 - INFO - [__main__] - 상세 페이지 스크레이퍼 실행: https://www.law.go.kr/LSW/lsInfoP.do?lsiSeq=252733&efYd=20240719
2025-08-17 17:57:49,350 - INFO - [__main__] - 상세 페이지 스크레이퍼 완료: 공직자윤리법
2025-08-17 17:57:50,577 - INFO - [__main__] - 상세 페이지 스크레이퍼 실행: https://www.law.go.kr/LSW/lsInfoP.do?lsiSeq=273343&efYd=20260101
2025-08-17 17:57:54,399 - INFO - [__main__] - 상세 페이지 스크레이퍼 완료: 공직자윤리법
2025-08-17 17:57:55,624 - INFO - [__main__] - 상세 페이지 스크레이퍼 실행: https://www.law.go.kr/LSW/lsInfoP.do?lsiSeq=263369&efYd=20240627
2025-08-17 17:57:59,633 - INFO - [__main__] - 상세 페이지 스크레이퍼 완료: 공직자윤리법 시행령
2025-08-17 17:58:00,860 - INFO - [__main__] - 상세 페이지 스크레이퍼 실행: https://www.law.go.kr/LSW/lsInfoP.do?lsiSeq=263441&efYd=20240627
2025-08-17 17:58:04,603 - INFO - [__main__] - 상세 페이지 스크레이퍼 완료: 공직자윤리법 시행규칙
2025-08-17 17:58:05,827 - INFO - [__main__] - 상세 페이지 스크레이퍼 실행: https://www.law.go.kr/LSW/lsInfoP.do?lsiSeq=271625&efYd=20250610
2025-08-17 17:58:09,154 - INFO - [__main__] - 상세 페이지 스크레이퍼 완료: 공직후보자 등에 관한 정보의 수집 및 관리에 관한 규정
2025-08-17 17:58:10,377 - INFO - [__main__] - 상세 페이지 스크레이퍼 실행: https://www.law.go.kr/LSW/lsInfoP.do?lsiSeq=233829&efYd=20220101
2025-08-17 17:58:13,549 - INFO - [__main__] - 상세 페이지 스크레이퍼 완료: 공휴일에 관한 법률
2025-08-17 17:58:14,766 - INFO - [__main__] - 상세 페이지 스크레이퍼 실행: https://www.law.go.kr/LSW/lsInfoP.do?lsiSeq=250657&efYd=20230504
2025-08-17 17:58:18,123 - INFO - [__main__] - 상세 페이지 스크레이퍼 완료: 관공서의 공휴일에 관한 규정
2025-08-17 17:58:19,345 - INFO - [__main__] - 상세 페이지 스크레이퍼 실행: https://www.law.go.kr/LSW/lsInfoP.do?lsiSeq=271465&efYd=20250602
2025-08-17 17:58:22,862 - INFO - [__main__] - 상세 페이지 스크레이퍼 완료: 국가공무원 명예퇴직수당 등 지급 규정
2025-08-17 17:58:24,078 - INFO - [__main__] - 상세 페이지 스크레이퍼 실행: https://www.law.go.kr/LSW/lsInfoP.do?lsiSeq=267601&efYd=20250701
2025-08-17 17:58:28,871 - INFO - [__main__] - 상세 페이지 스크레이퍼 완료: 국가공무원법
2025-08-17 17:58:30,102 - INFO - [__main__] - 상세 페이지 스크레이퍼 실행: https://www.law.go.kr/LSW/lsInfoP.do?lsiSeq=52789&efYd=20020710
2025-08-17 17:58:33,404 - INFO - [__main__] - 상세 페이지 스크레이퍼 완료: 국가공무원법제3조제3항의공무원의범위에관한규정
2025-08-17 17:58:34,639 - INFO - [__main__] - 상세 페이지 스크레이퍼 실행: https://www.law.go.kr/LSW/lsInfoP.do?lsiSeq=272807&efYd=20250722
2025-08-17 17:58:38,619 - INFO - [__main__] - 상세 페이지 스크레이퍼 완료: 국가공무원 복무규정
2025-08-17 17:58:39,837 - INFO - [__main__] - 상세 페이지 스크레이퍼 실행: https://www.law.go.kr/LSW/lsInfoP.do?lsiSeq=268627&efYd=20250116
2025-08-17 17:58:43,357 - INFO - [__main__] - 상세 페이지 스크레이퍼 완료: 국가공무원 복무규칙
2025-08-17 17:58:44,578 - INFO - [__main__] - 상세 페이지 스크레이퍼 실행: https://www.law.go.kr/LSW/lsInfoP.do?lsiSeq=256829&efYd=20240101
2025-08-17 17:58:47,852 - INFO - [__main__] - 상세 페이지 스크레이퍼 완료: 디지털인사관리규정
2025-08-17 17:58:49,076 - INFO - [__main__] - 상세 페이지 스크레이퍼 실행: https://www.law.go.kr/LSW/lsInfoP.do?lsiSeq=257265&efYd=20240101
2025-08-17 17:58:52,865 - INFO - [__main__] - 상세 페이지 스크레이퍼 완료: 별정직공무원 인사규정
2025-08-17 17:58:54,085 - INFO - [__main__] - 상세 페이지 스크레이퍼 실행: https://www.law.go.kr/LSW/lsInfoP.do?lsiSeq=272811&efYd=20250722
2025-08-17 17:58:57,631 - INFO - [__main__] - 상세 페이지 스크레이퍼 완료: 성희롱ㆍ성폭력 근절을 위한 공무원 인사관리규정
2025-08-17 17:58:58,856 - INFO - [__main__] - 상세 페이지 스크레이퍼 실행: https://www.law.go.kr/LSW/lsInfoP.do?lsiSeq=267203&efYd=20241224
2025-08-17 17:59:02,494 - INFO - [__main__] - 상세 페이지 스크레이퍼 완료: 소청절차규정
2025-08-17 17:59:03,709 - INFO - [__main__] - 상세 페이지 스크레이퍼 실행: https://www.law.go.kr/LSW/lsInfoP.do?lsiSeq=272715&efYd=20250708
2025-08-17 17:59:07,377 - INFO - [__main__] - 상세 페이지 스크레이퍼 완료: 연구직 및 지도직공무원의 임용 등에 관한 규정
2025-08-17 17:59:08,610 - INFO - [__main__] - 상세 페이지 스크레이퍼 실행: https://www.law.go.kr/LSW/lsInfoP.do?lsiSeq=220069&efYd=20200730
2025-08-17 17:59:11,757 - INFO - [__main__] - 상세 페이지 스크레이퍼 완료: 인사 감사 규정
2025-08-17 17:59:12,988 - INFO - [__main__] - 상세 페이지 스크레이퍼 실행: https://www.law.go.kr/LSW/lsInfoP.do?lsiSeq=171962&efYd=20150612
2025-08-17 17:59:15,879 - INFO - [__main__] - 상세 페이지 스크레이퍼 완료: 인사혁신처 소관 비영리법인의 설립 및 감독에 관한 규칙
2025-08-17 17:59:17,103 - INFO - [__main__] - 상세 페이지 스크레이퍼 실행: https://www.law.go.kr/LSW/lsInfoP.do?lsiSeq=269299&efYd=20250225
2025-08-17 17:59:19,978 - INFO - [__main__] - 상세 페이지 스크레이퍼 완료: 인사혁신처와 그 소속기관 직제
2025-08-17 17:59:21,196 - INFO - [__main__] - 상세 페이지 스크레이퍼 실행: https://www.law.go.kr/LSW/lsInfoP.do?lsiSeq=269423&efYd=20250225
2025-08-17 17:59:24,883 - INFO - [__main__] - 상세 페이지 스크레이퍼 완료: 인사혁신처와 그 소속기관 직제 시행규칙
2025-08-17 17:59:26,109 - INFO - [__main__] - 상세 페이지 스크레이퍼 실행: https://www.law.go.kr/LSW/lsInfoP.do?lsiSeq=212127&efYd=20200611
2025-08-17 17:59:28,973 - INFO - [__main__] - 상세 페이지 스크레이퍼 완료: 임용결격공무원 등에 대한 퇴직보상금지급 등에 관한 특례법
2025-08-17 17:59:30,162 - INFO - [__main__] - 상세 페이지 스크레이퍼 실행: https://www.law.go.kr/LSW/lsInfoP.do?lsiSeq=204627&efYd=20180921
2025-08-17 17:59:33,594 - INFO - [__main__] - 상세 페이지 스크레이퍼 완료: 임용결격공무원 등에 대한 퇴직보상금지급 등에 관한 특례법 시행령
2025-08-17 17:59:34,829 - INFO - [__main__] - 상세 페이지 스크레이퍼 실행: https://www.law.go.kr/LSW/lsInfoP.do?lsiSeq=272707&efYd=20250708
2025-08-17 17:59:37,736 - INFO - [__main__] - 상세 페이지 스크레이퍼 완료: 적극행정 운영규정
2025-08-17 17:59:38,966 - INFO - [__main__] - 상세 페이지 스크레이퍼 실행: https://www.law.go.kr/LSW/lsInfoP.do?lsiSeq=272709&efYd=20250708
2025-08-17 17:59:42,261 - INFO - [__main__] - 상세 페이지 스크레이퍼 완료: 전문경력관 규정
2025-08-17 17:59:43,480 - INFO - [__main__] - 상세 페이지 스크레이퍼 실행: https://www.law.go.kr/LSW/lsInfoP.do?lsiSeq=272711&efYd=20250708
2025-08-17 17:59:46,858 - INFO - [__main__] - 상세 페이지 스크레이퍼 완료: 전문직공무원 인사규정
2025-08-17 17:59:48,077 - INFO - [__main__] - 상세 페이지 스크레이퍼 실행: https://www.law.go.kr/LSW/lsInfoP.do?lsiSeq=246975&efYd=20221227
2025-08-17 17:59:51,094 - INFO - [__main__] - 상세 페이지 스크레이퍼 완료: 직무대리규정
2025-08-17 17:59:52,317 - INFO - [__main__] - 상세 페이지 스크레이퍼 실행: https://www.law.go.kr/LSW/lsInfoP.do?lsiSeq=195841&efYd=20170726
2025-08-17 17:59:55,104 - INFO - [__main__] - 상세 페이지 스크레이퍼 완료: 직무분석규정
2025-08-17 17:59:56,851 - INFO - [__main__] - './bin/../data/final/1760000/all_documents.jsonl' 파일을 CSV로 변환 시작...
2025-08-17 17:59:56,855 - INFO - [__main__] - ✅ 변환 완료! './bin/../data/final/1760000/for_notion_documents.csv' 파일이 생성되었습니다.
2025-08-17 17:59:57,092 - INFO - [__main__] - './bin/../data/final/1760000/all_chunks.jsonl' 파일을 CSV로 변환 시작...
2025-08-17 17:59:57,130 - INFO - [__main__] - ✅ 변환 완료! './bin/../data/final/1760000/for_notion_chunks.csv' 파일이 생성되었습니다.
