2025-08-24 00:17:23,468 - ERROR - [scripts.adrule.logic.scraper] - 스크레이핑 중 에러 발생: 'str' object has no attribute 'select'
Traceback (most recent call last):
  File "/Users/woong/Roeum/roeum-crawler/scripts/adrule/logic/scraper.py", line 236, in scrape_and_save
    chunks = await parse_law_html(page, doc_id, doc_title, url)
             ^^^^^^^^^^^^^^^^^^^^^^^^^^^^^^^^^^^^^^^^^^^^^^^^^^
  File "/Users/woong/Roeum/roeum-crawler/scripts/adrule/logic/scraper.py", line 179, in parse_law_html
    return _parse_structured_content(content_html, doc_id, url, doc_title)
           ^^^^^^^^^^^^^^^^^^^^^^^^^^^^^^^^^^^^^^^^^^^^^^^^^^^^^^^^^^^^^^^
  File "/Users/woong/Roeum/roeum-crawler/scripts/adrule/logic/scraper.py", line 47, in _parse_structured_content
    for pgroup_div in content_div.select('div.pgroup'):
                      ^^^^^^^^^^^^^^^^^^
AttributeError: 'str' object has no attribute 'select'
2025-08-24 00:17:27,250 - ERROR - [scripts.adrule.logic.scraper] - 스크레이핑 중 에러 발생: 'str' object has no attribute 'select'
Traceback (most recent call last):
  File "/Users/woong/Roeum/roeum-crawler/scripts/adrule/logic/scraper.py", line 236, in scrape_and_save
    chunks = await parse_law_html(page, doc_id, doc_title, url)
             ^^^^^^^^^^^^^^^^^^^^^^^^^^^^^^^^^^^^^^^^^^^^^^^^^^
  File "/Users/woong/Roeum/roeum-crawler/scripts/adrule/logic/scraper.py", line 179, in parse_law_html
    return _parse_structured_content(content_html, doc_id, url, doc_title)
           ^^^^^^^^^^^^^^^^^^^^^^^^^^^^^^^^^^^^^^^^^^^^^^^^^^^^^^^^^^^^^^^
  File "/Users/woong/Roeum/roeum-crawler/scripts/adrule/logic/scraper.py", line 47, in _parse_structured_content
    for pgroup_div in content_div.select('div.pgroup'):
                      ^^^^^^^^^^^^^^^^^^
AttributeError: 'str' object has no attribute 'select'
2025-08-24 00:17:30,903 - ERROR - [scripts.adrule.logic.scraper] - 이미지 OCR 처리 중 오류 발생: No connection adapters were found for 'blob:https://www.law.go.kr/2f7e012b-322c-43d9-8740-7e4400aea3c7'
2025-08-24 00:17:34,507 - ERROR - [scripts.adrule.logic.scraper] - 이미지 OCR 처리 중 오류 발생: No connection adapters were found for 'blob:https://www.law.go.kr/3223de49-d895-425f-a667-31aee0e1e0b3'
