2025-08-17 16:34:39,056 - INFO - [__main__] - 총 378개의 URL을 './bin/../data/raw/1270000/urls.jsonl' 파일에 저장했습니다.
2025-08-17 16:34:39,281 - INFO - [__main__] - 상세 페이지 스크레이퍼 실행: 
2025-08-17 16:34:39,281 - INFO - [__main__] - 상세 페이지 스크레이퍼 실행: 
2025-08-17 16:34:39,282 - INFO - [__main__] - 상세 페이지 스크레이퍼 실행: 
2025-08-17 16:34:39,282 - INFO - [__main__] - 상세 페이지 스크레이퍼 실행: 
2025-08-17 16:34:39,288 - INFO - [__main__] - 상세 페이지 스크레이퍼 실행: 
2025-08-17 16:34:40,381 - INFO - [__main__] - 상세 페이지 스크레이퍼 완료: 
2025-08-17 16:34:40,427 - INFO - [__main__] - 상세 페이지 스크레이퍼 완료: 
2025-08-17 16:34:40,427 - INFO - [__main__] - 상세 페이지 스크레이퍼 완료: 
2025-08-17 16:34:40,428 - INFO - [__main__] - 상세 페이지 스크레이퍼 완료: 
2025-08-17 16:34:40,432 - INFO - [__main__] - 상세 페이지 스크레이퍼 실행: 
2025-08-17 16:34:40,652 - INFO - [__main__] - 상세 페이지 스크레이퍼 실행: 
2025-08-17 16:34:40,659 - INFO - [__main__] - 상세 페이지 스크레이퍼 실행: 
2025-08-17 16:34:40,666 - INFO - [__main__] - 상세 페이지 스크레이퍼 실행: 
2025-08-17 16:34:40,668 - INFO - [__main__] - 상세 페이지 스크레이퍼 실행: 
2025-08-17 16:34:41,321 - INFO - [__main__] - 상세 페이지 스크레이퍼 완료: 
2025-08-17 16:34:41,437 - INFO - [__main__] - 상세 페이지 스크레이퍼 완료: 
2025-08-17 16:34:41,449 - INFO - [__main__] - 상세 페이지 스크레이퍼 완료: 
2025-08-17 16:34:41,451 - INFO - [__main__] - 상세 페이지 스크레이퍼 완료: 
2025-08-17 16:34:41,460 - INFO - [__main__] - 상세 페이지 스크레이퍼 완료: 
2025-08-17 16:34:41,633 - INFO - [__main__] - 상세 페이지 스크레이퍼 실행: 
2025-08-17 16:34:41,692 - INFO - [__main__] - 상세 페이지 스크레이퍼 실행: 
2025-08-17 16:34:41,692 - INFO - [__main__] - 상세 페이지 스크레이퍼 실행: 
2025-08-17 16:34:41,699 - INFO - [__main__] - 상세 페이지 스크레이퍼 실행: 
2025-08-17 16:34:41,729 - INFO - [__main__] - 상세 페이지 스크레이퍼 실행: 
2025-08-17 16:34:42,477 - INFO - [__main__] - 상세 페이지 스크레이퍼 완료: 
2025-08-17 16:34:42,480 - INFO - [__main__] - 상세 페이지 스크레이퍼 완료: 
2025-08-17 16:34:42,481 - INFO - [__main__] - 상세 페이지 스크레이퍼 완료: 
2025-08-17 16:34:42,518 - INFO - [__main__] - 상세 페이지 스크레이퍼 완료: 
2025-08-17 16:34:42,548 - INFO - [__main__] - 상세 페이지 스크레이퍼 완료: 
2025-08-17 16:34:42,756 - INFO - [__main__] - 상세 페이지 스크레이퍼 실행: 
2025-08-17 16:34:42,759 - INFO - [__main__] - 상세 페이지 스크레이퍼 실행: 
2025-08-17 16:34:42,761 - INFO - [__main__] - 상세 페이지 스크레이퍼 실행: 
2025-08-17 16:34:42,769 - INFO - [__main__] - 상세 페이지 스크레이퍼 실행: 
2025-08-17 16:34:42,811 - INFO - [__main__] - 상세 페이지 스크레이퍼 실행: 
2025-08-17 16:34:43,582 - INFO - [__main__] - 상세 페이지 스크레이퍼 완료: 
2025-08-17 16:34:43,584 - INFO - [__main__] - 상세 페이지 스크레이퍼 완료: 
2025-08-17 16:34:43,586 - INFO - [__main__] - 상세 페이지 스크레이퍼 완료: 
2025-08-17 16:34:43,602 - INFO - [__main__] - 상세 페이지 스크레이퍼 완료: 
2025-08-17 16:34:43,606 - INFO - [__main__] - 상세 페이지 스크레이퍼 완료: 
2025-08-17 16:34:43,834 - INFO - [__main__] - 상세 페이지 스크레이퍼 실행: 
2025-08-17 16:34:43,841 - INFO - [__main__] - 상세 페이지 스크레이퍼 실행: 
2025-08-17 16:34:43,847 - INFO - [__main__] - 상세 페이지 스크레이퍼 실행: 
2025-08-17 16:34:43,852 - INFO - [__main__] - 상세 페이지 스크레이퍼 실행: 
2025-08-17 16:34:43,852 - INFO - [__main__] - 상세 페이지 스크레이퍼 실행: 
2025-08-17 16:34:44,652 - INFO - [__main__] - 상세 페이지 스크레이퍼 완료: 
2025-08-17 16:34:44,652 - INFO - [__main__] - 상세 페이지 스크레이퍼 완료: 
2025-08-17 16:34:44,652 - INFO - [__main__] - 상세 페이지 스크레이퍼 완료: 
2025-08-17 16:34:44,675 - INFO - [__main__] - 상세 페이지 스크레이퍼 완료: 
2025-08-17 16:34:44,677 - INFO - [__main__] - 상세 페이지 스크레이퍼 완료: 
2025-08-17 16:34:44,900 - INFO - [__main__] - 상세 페이지 스크레이퍼 실행: 
2025-08-17 16:34:44,913 - INFO - [__main__] - 상세 페이지 스크레이퍼 실행: 
2025-08-17 16:34:44,917 - INFO - [__main__] - 상세 페이지 스크레이퍼 실행: 
2025-08-17 16:34:44,927 - INFO - [__main__] - 상세 페이지 스크레이퍼 실행: 
2025-08-17 16:34:44,934 - INFO - [__main__] - 상세 페이지 스크레이퍼 실행: 
2025-08-17 16:34:45,705 - INFO - [__main__] - 상세 페이지 스크레이퍼 완료: 
2025-08-17 16:34:45,731 - INFO - [__main__] - 상세 페이지 스크레이퍼 완료: 
2025-08-17 16:34:45,733 - INFO - [__main__] - 상세 페이지 스크레이퍼 완료: 
2025-08-17 16:34:45,736 - INFO - [__main__] - 상세 페이지 스크레이퍼 완료: 
2025-08-17 16:34:45,766 - INFO - [__main__] - 상세 페이지 스크레이퍼 완료: 
2025-08-17 16:34:45,973 - INFO - [__main__] - 상세 페이지 스크레이퍼 실행: 
2025-08-17 16:34:45,973 - INFO - [__main__] - 상세 페이지 스크레이퍼 실행: 
2025-08-17 16:34:45,984 - INFO - [__main__] - 상세 페이지 스크레이퍼 실행: 
2025-08-17 16:34:46,011 - INFO - [__main__] - 상세 페이지 스크레이퍼 실행: 
2025-08-17 16:34:46,018 - INFO - [__main__] - 상세 페이지 스크레이퍼 실행: 
2025-08-17 16:34:46,805 - INFO - [__main__] - './bin/../data/final/1270000/all_documents.jsonl' 파일을 CSV로 변환 시작...
2025-08-17 16:34:46,805 - WARNING - [__main__] - 입력 파일 './bin/../data/final/1270000/all_documents.jsonl'에 데이터가 없어 변환을 건너뜁니다.
2025-08-17 16:34:47,040 - INFO - [__main__] - './bin/../data/final/1270000/all_chunks.jsonl' 파일을 CSV로 변환 시작...
2025-08-17 16:34:47,040 - WARNING - [__main__] - 입력 파일 './bin/../data/final/1270000/all_chunks.jsonl'에 데이터가 없어 변환을 건너뜁니다.
