2025-08-24 14:18:20,642 - INFO - [__main__] - 페이지로 이동 중: https://www.law.go.kr/admRulInfoP.do?admRulSeq=2100000245668
2025-08-24 14:18:21,433 - INFO - [__main__] - 로딩 마스크가 나타나기를 기다리는 중...
2025-08-24 14:18:21,455 - INFO - [__main__] - 로딩 마스크가 사라지기를 기다리는 중...
2025-08-24 14:18:21,639 - INFO - [__main__] - 페이지 최종 렌더링을 잠시 대기합니다...
2025-08-24 14:18:22,643 - INFO - [__main__] - 페이지 HTML 컨텐츠를 가져오는 중...
2025-08-24 14:18:22,658 - INFO - [__main__] - 데이터 파싱 중...
2025-08-24 14:18:22,669 - INFO - [__main__] - 디버그용 HTML 소스 저장됨: /Users/woong/Roeum/roeum-crawler/debug/최저임금고시_2025/최저임금고시_2025_page_source.html
2025-08-24 14:18:22,715 - INFO - [__main__] - 유형 3: PDF 뷰어(iframe) 구조 감지 (OCR 실행)
2025-08-24 14:18:22,715 - INFO - [__main__] - Viewport 크기를 A4 비율로 변경: 2480x3508
2025-08-24 14:18:23,726 - INFO - [__main__] - 전체 화면 버튼을 클릭합니다.
2025-08-24 14:18:23,824 - INFO - [__main__] - 전체 화면 로딩을 대기합니다.
2025-08-24 14:18:26,842 - INFO - [__main__] - 1개의 PDF 페이지 컨테이너 발견
2025-08-24 14:18:27,177 - INFO - [__main__] - OCR용 스크린샷 저장됨: /Users/woong/Roeum/roeum-crawler/debug/최저임금고시_2025_ocr_image_1.png
2025-08-24 14:18:27,177 - INFO - [__main__] - 메모리 내 이미지 OCR 시작...
2025-08-24 14:18:28,132 - INFO - [__main__] - 메모리 내 이미지 OCR 시작...
2025-08-24 14:18:29,043 - INFO - [__main__] - 메모리 내 이미지 OCR 성공
2025-08-24 14:18:29,044 - INFO - [__main__] - 디버그용 OCR Raw 텍스트 저장됨: /Users/woong/Roeum/roeum-crawler/debug/최저임금고시_2025/최저임금고시_2025_raw_ocr.txt
2025-08-24 14:18:29,044 - INFO - [__main__] - 원래 Viewport 크기로 복원
2025-08-24 14:18:29,050 - INFO - [__main__] - 'data/output' 폴더를 생성했습니다.
2025-08-24 14:18:29,051 - INFO - [__main__] - 데이터 1건을 'data/output/최저임금고시_2025_document.jsonl' 파일로 성공적으로 저장했습니다.
2025-08-24 14:18:29,051 - INFO - [__main__] - 데이터 1건을 'data/output/최저임금고시_2025_chunks.jsonl' 파일로 성공적으로 저장했습니다.
