2025-08-21 23:26:25,841 - INFO - [scripts.adrule.logic.url_checker] - URL 유효성 검증 성공: https://www.law.go.kr/admRulAstSc.do?menuId=391&subMenuId=397&tabMenuId=441&cptOfiCd=1492000
2025-08-21 23:26:26,355 - INFO - [scripts.adrule.logic.list_scraper] - 목록 페이지로 이동 중: https://www.law.go.kr/admRulAstSc.do?menuId=391&subMenuId=397&tabMenuId=441&cptOfiCd=1492000
2025-08-21 23:26:27,719 - INFO - [scripts.adrule.logic.list_scraper] - 총 9 페이지를 확인했습니다.
2025-08-21 23:26:27,720 - INFO - [scripts.adrule.logic.list_scraper] - 사용자 설정에 따라 최대 1 페이지만 크롤링합니다.
2025-08-21 23:26:27,720 - INFO - [scripts.adrule.logic.list_scraper] - --- 1 / 1 페이지 처리 중 ---
2025-08-21 23:26:27,755 - INFO - [scripts.adrule.logic.list_scraper] -   - 발견:  2025년도 건설업 월평균보수
2025-08-21 23:26:27,759 - INFO - [scripts.adrule.logic.list_scraper] -   - 발견:  2025년도 사업종류별 산재보험료율
2025-08-21 23:26:27,763 - INFO - [scripts.adrule.logic.list_scraper] -   - 발견:  2025년 적용 최저임금 고시
2025-08-21 23:26:27,767 - INFO - [scripts.adrule.logic.list_scraper] -   - 발견:  2026년 적용 최저임금 고시
2025-08-21 23:26:27,771 - INFO - [scripts.adrule.logic.list_scraper] -   - 발견:  2026년 적용 최저임금안 고시
2025-08-21 23:26:27,775 - INFO - [scripts.adrule.logic.list_scraper] -   - 발견:  가사근로자 사회보험료 지원에 관한 고시
2025-08-21 23:26:27,778 - INFO - [scripts.adrule.logic.list_scraper] -   - 발견:  가설공사 표준안전 작업지침
2025-08-21 23:26:27,782 - INFO - [scripts.adrule.logic.list_scraper] -   - 발견:  가스누출감지경보기 설치에 관한 기술상의 지침
2025-08-21 23:26:27,786 - INFO - [scripts.adrule.logic.list_scraper] -   - 발견:  감전재해 예방을 위한 기술상의 지침
2025-08-21 23:26:27,789 - INFO - [scripts.adrule.logic.list_scraper] -   - 발견:  개별연장급여 수급요건 중 학업 중인 사람에 대한 고시
2025-08-21 23:26:27,793 - INFO - [scripts.adrule.logic.list_scraper] -   - 발견:  개별연장급여 지급을 위한 임금 및 재산기준 고시
2025-08-21 23:26:27,797 - INFO - [scripts.adrule.logic.list_scraper] -   - 발견:  개인형퇴직연금제도로의 이전 예외사유 해당금액 고시
2025-08-21 23:26:27,800 - INFO - [scripts.adrule.logic.list_scraper] -   - 발견:  건설공사 안전보건대장의 작성 등에 관한 고시
2025-08-21 23:26:27,804 - INFO - [scripts.adrule.logic.list_scraper] -   - 발견:  건설공사의 노무비율
2025-08-21 23:26:27,809 - INFO - [scripts.adrule.logic.list_scraper] -   - 발견:  건설근로자고용개선전문위원회 운영규정
2025-08-21 23:26:27,813 - INFO - [scripts.adrule.logic.list_scraper] -   - 발견:  건설업 산업안전보건관리비 계상 및 사용기준
2025-08-21 23:26:27,818 - INFO - [scripts.adrule.logic.list_scraper] -   - 발견:  건설업에서 근로자 수 확인이 곤란한 장애인 고용의무 사업주의 공사실적액
2025-08-21 23:26:27,821 - INFO - [scripts.adrule.logic.list_scraper] -   - 발견:  건설업 유해·위험방지계획서 중 지도사가 평가·확인 할 수 있는 대상 건설공사의 범위 및 지도사의 요건
2025-08-21 23:26:27,825 - INFO - [scripts.adrule.logic.list_scraper] -   - 발견:  건설업자가 아닌 자가 시공하는 건설공사의 총공사금액 산정방법에 관한 규정
2025-08-21 23:26:27,828 - INFO - [scripts.adrule.logic.list_scraper] -   - 발견:  건설업체의 산업재해예방활동 실적 평가기준
2025-08-21 23:26:27,832 - INFO - [scripts.adrule.logic.list_scraper] -   - 발견:  고기압 작업에 관한 기준
2025-08-21 23:26:27,835 - INFO - [scripts.adrule.logic.list_scraper] -   - 발견:  고 김용균 사망사고 진상규명과 재발방지를 위한 석탄화력발전소 특별노동안전조사위원회 설치 및 운영에 관한 규정
2025-08-21 23:26:27,839 - INFO - [scripts.adrule.logic.list_scraper] -   - 발견:  고령자 고용안정지원금 지급 규정
2025-08-21 23:26:27,842 - INFO - [scripts.adrule.logic.list_scraper] -   - 발견:  고령자고용연장지원금액 등
2025-08-21 23:26:27,845 - INFO - [scripts.adrule.logic.list_scraper] -   - 발견:  고령자인재은행 및 중견전문인력 고용지원센터 운영규정
2025-08-21 23:26:27,849 - INFO - [scripts.adrule.logic.list_scraper] -   - 발견:  고용노동관계법 위반자에 대한 과태료 부과·징수 업무에 관한 예규
2025-08-21 23:26:27,853 - INFO - [scripts.adrule.logic.list_scraper] -   - 발견:  고용노동관 업무처리지침
2025-08-21 23:26:27,856 - INFO - [scripts.adrule.logic.list_scraper] -   - 발견:  고용노동부 2030 자문단 설치 및 운영에 관한 규정
2025-08-21 23:26:27,866 - INFO - [scripts.adrule.logic.list_scraper] -   - 발견:  고용노동부 갈등관리 운영규정
2025-08-21 23:26:27,869 - INFO - [scripts.adrule.logic.list_scraper] -   - 발견:  고용노동부 감사규정
2025-08-21 23:26:27,872 - INFO - [scripts.adrule.logic.list_scraper] -   - 발견:  고용노동부 개인정보 보호지침
2025-08-21 23:26:27,876 - INFO - [scripts.adrule.logic.list_scraper] -   - 발견:  고용노동부고객상담센터 기본운영규정
2025-08-21 23:26:27,879 - INFO - [scripts.adrule.logic.list_scraper] -   - 발견:  고용노동부고객상담센터 위임전결규정
2025-08-21 23:26:27,883 - INFO - [scripts.adrule.logic.list_scraper] -   - 발견:  고용노동부 고객지원실 운영규정
2025-08-21 23:26:27,887 - INFO - [scripts.adrule.logic.list_scraper] -   - 발견:  고용노동부 고용장려금 운영에 관한 규정
2025-08-21 23:26:27,890 - INFO - [scripts.adrule.logic.list_scraper] -   - 발견:  고용노동부 공무원의 국제기구 파견에 관한 지침
2025-08-21 23:26:27,895 - INFO - [scripts.adrule.logic.list_scraper] -   - 발견:  고용노동부 공무원 정원배정표
2025-08-21 23:26:27,899 - INFO - [scripts.adrule.logic.list_scraper] -   - 발견:  고용노동부 공무원 행동강령
2025-08-21 23:26:27,902 - INFO - [scripts.adrule.logic.list_scraper] -   - 발견:  고용노동부 공무직근로자 운영규정
2025-08-21 23:26:27,906 - INFO - [scripts.adrule.logic.list_scraper] -   - 발견:  고용노동부 공사감독 업무규정
2025-08-21 23:26:27,912 - INFO - [scripts.adrule.logic.list_scraper] -   - 발견:  고용노동부 공직자의 이해충돌 방지제도 운영지침
2025-08-21 23:26:27,915 - INFO - [scripts.adrule.logic.list_scraper] -   - 발견:  고용노동부 관사의 운영 및 관리규정
2025-08-21 23:26:27,919 - INFO - [scripts.adrule.logic.list_scraper] -   - 발견:  고용노동부 국가정보자료관리세부시행규칙
2025-08-21 23:26:27,925 - INFO - [scripts.adrule.logic.list_scraper] -   - 발견:  고용노동부 국제고용노동정책에 관한 규정
2025-08-21 23:26:27,929 - INFO - [scripts.adrule.logic.list_scraper] -   - 발견:  고용노동부 규제심사위원회 운영규정
2025-08-21 23:26:27,932 - INFO - [scripts.adrule.logic.list_scraper] -   - 발견:  고용노동부 기간제근로자 운영규정
2025-08-21 23:26:27,956 - INFO - [__main__] - 총 46개의 URL을 './bin/../data/raw/adrule/1492000/urls.jsonl' 파일에 저장했습니다.
2025-08-21 23:26:28,141 - INFO - [__main__] - 상세 페이지 스크레이퍼 실행: https://www.law.go.kr/admRulInfoP.do?admRulSeq=2100000252102
2025-08-21 23:26:28,488 - INFO - [scripts.adrule.logic.scraper] - 페이지로 이동 중: https://www.law.go.kr/admRulInfoP.do?admRulSeq=2100000252102
2025-08-21 23:26:29,169 - INFO - [scripts.adrule.logic.scraper] - 로딩 마스크가 나타나기를 기다리는 중...
2025-08-21 23:26:29,190 - INFO - [scripts.adrule.logic.scraper] - 로딩 마스크가 사라지기를 기다리는 중...
2025-08-21 23:26:29,373 - INFO - [scripts.adrule.logic.scraper] - 페이지 최종 렌더링을 잠시 대기합니다...
2025-08-21 23:26:30,376 - INFO - [scripts.adrule.logic.scraper] - 페이지 HTML 컨텐츠를 가져오는 중...
2025-08-21 23:26:30,388 - INFO - [scripts.adrule.logic.scraper] - 데이터 파싱 중...
2025-08-21 23:26:30,420 - INFO - [scripts.adrule.logic.scraper] - 비정형적인 고시/공고 구조('제N조' 제목 미발견)를 감지했습니다.
2025-08-21 23:26:30,421 - INFO - [scripts.adrule.logic.scraper] - 데이터 1건을 '/Users/woong/Roeum/roeum-crawler/data/raw/adrule/1492000/2025년도 건설업 월평균보수_document.jsonl' 파일로 성공적으로 저장했습니다.
2025-08-21 23:26:30,421 - INFO - [scripts.adrule.logic.scraper] - 데이터 2건을 '/Users/woong/Roeum/roeum-crawler/data/raw/adrule/1492000/2025년도 건설업 월평균보수_chunks.jsonl' 파일로 성공적으로 저장했습니다.
2025-08-21 23:26:30,447 - INFO - [__main__] - 상세 페이지 스크레이퍼 완료: 2025년도 건설업 월평균보수
2025-08-21 23:26:31,661 - INFO - [__main__] - 상세 페이지 스크레이퍼 실행: https://www.law.go.kr/admRulInfoP.do?admRulSeq=2100000251996
2025-08-21 23:26:32,006 - INFO - [scripts.adrule.logic.scraper] - 페이지로 이동 중: https://www.law.go.kr/admRulInfoP.do?admRulSeq=2100000251996
2025-08-21 23:26:32,571 - INFO - [scripts.adrule.logic.scraper] - 로딩 마스크가 나타나기를 기다리는 중...
2025-08-21 23:26:32,591 - INFO - [scripts.adrule.logic.scraper] - 로딩 마스크가 사라지기를 기다리는 중...
2025-08-21 23:26:32,622 - INFO - [scripts.adrule.logic.scraper] - 페이지 최종 렌더링을 잠시 대기합니다...
2025-08-21 23:26:33,626 - INFO - [scripts.adrule.logic.scraper] - 페이지 HTML 컨텐츠를 가져오는 중...
2025-08-21 23:26:33,640 - INFO - [scripts.adrule.logic.scraper] - 데이터 파싱 중...
2025-08-21 23:26:33,671 - INFO - [scripts.adrule.logic.scraper] - 비정형적인 고시/공고 구조('제N조' 제목 미발견)를 감지했습니다.
2025-08-21 23:26:33,672 - INFO - [scripts.adrule.logic.scraper] - 데이터 1건을 '/Users/woong/Roeum/roeum-crawler/data/raw/adrule/1492000/2025년도 사업종류별 산재보험료율_document.jsonl' 파일로 성공적으로 저장했습니다.
2025-08-21 23:26:33,672 - INFO - [scripts.adrule.logic.scraper] - 데이터 2건을 '/Users/woong/Roeum/roeum-crawler/data/raw/adrule/1492000/2025년도 사업종류별 산재보험료율_chunks.jsonl' 파일로 성공적으로 저장했습니다.
2025-08-21 23:26:33,698 - INFO - [__main__] - 상세 페이지 스크레이퍼 완료: 2025년도 사업종류별 산재보험료율
2025-08-21 23:26:34,921 - INFO - [__main__] - 상세 페이지 스크레이퍼 실행: https://www.law.go.kr/admRulInfoP.do?admRulSeq=2100000245668
2025-08-21 23:26:35,282 - INFO - [scripts.adrule.logic.scraper] - 페이지로 이동 중: https://www.law.go.kr/admRulInfoP.do?admRulSeq=2100000245668
2025-08-21 23:26:35,951 - INFO - [scripts.adrule.logic.scraper] - 로딩 마스크가 나타나기를 기다리는 중...
2025-08-21 23:26:35,975 - INFO - [scripts.adrule.logic.scraper] - 로딩 마스크가 사라지기를 기다리는 중...
2025-08-21 23:26:36,159 - INFO - [scripts.adrule.logic.scraper] - 페이지 최종 렌더링을 잠시 대기합니다...
2025-08-21 23:26:37,161 - INFO - [scripts.adrule.logic.scraper] - 페이지 HTML 컨텐츠를 가져오는 중...
2025-08-21 23:26:37,174 - INFO - [scripts.adrule.logic.scraper] - 데이터 파싱 중...
2025-08-21 23:26:37,220 - INFO - [scripts.adrule.logic.scraper] - 비정형적인 고시/공고 구조('제N조' 제목 미발견)를 감지했습니다.
2025-08-21 23:26:37,223 - INFO - [scripts.adrule.logic.scraper] - 데이터 1건을 '/Users/woong/Roeum/roeum-crawler/data/raw/adrule/1492000/2025년 적용 최저임금 고시_document.jsonl' 파일로 성공적으로 저장했습니다.
2025-08-21 23:26:37,223 - INFO - [scripts.adrule.logic.scraper] - 데이터 1건을 '/Users/woong/Roeum/roeum-crawler/data/raw/adrule/1492000/2025년 적용 최저임금 고시_chunks.jsonl' 파일로 성공적으로 저장했습니다.
2025-08-21 23:26:37,283 - INFO - [__main__] - 상세 페이지 스크레이퍼 완료: 2025년 적용 최저임금 고시
2025-08-21 23:26:38,505 - INFO - [__main__] - 상세 페이지 스크레이퍼 실행: https://www.law.go.kr/admRulInfoP.do?admRulSeq=2100000262710
2025-08-21 23:26:38,864 - INFO - [scripts.adrule.logic.scraper] - 페이지로 이동 중: https://www.law.go.kr/admRulInfoP.do?admRulSeq=2100000262710
2025-08-21 23:26:39,483 - INFO - [scripts.adrule.logic.scraper] - 로딩 마스크가 나타나기를 기다리는 중...
2025-08-21 23:26:39,503 - INFO - [scripts.adrule.logic.scraper] - 로딩 마스크가 사라지기를 기다리는 중...
2025-08-21 23:26:39,587 - INFO - [scripts.adrule.logic.scraper] - 페이지 최종 렌더링을 잠시 대기합니다...
2025-08-21 23:26:40,604 - INFO - [scripts.adrule.logic.scraper] - 페이지 HTML 컨텐츠를 가져오는 중...
2025-08-21 23:26:40,656 - INFO - [scripts.adrule.logic.scraper] - 데이터 파싱 중...
2025-08-21 23:26:40,713 - INFO - [scripts.adrule.logic.scraper] - 비정형적인 고시/공고 구조('제N조' 제목 미발견)를 감지했습니다.
2025-08-21 23:26:40,715 - INFO - [scripts.adrule.logic.scraper] - 데이터 1건을 '/Users/woong/Roeum/roeum-crawler/data/raw/adrule/1492000/2026년 적용 최저임금 고시_document.jsonl' 파일로 성공적으로 저장했습니다.
2025-08-21 23:26:40,715 - INFO - [scripts.adrule.logic.scraper] - 데이터 1건을 '/Users/woong/Roeum/roeum-crawler/data/raw/adrule/1492000/2026년 적용 최저임금 고시_chunks.jsonl' 파일로 성공적으로 저장했습니다.
2025-08-21 23:26:40,775 - INFO - [__main__] - 상세 페이지 스크레이퍼 완료: 2026년 적용 최저임금 고시
2025-08-21 23:26:42,077 - INFO - [__main__] - 상세 페이지 스크레이퍼 실행: https://www.law.go.kr/admRulInfoP.do?admRulSeq=2100000261888
2025-08-21 23:26:42,503 - INFO - [scripts.adrule.logic.scraper] - 페이지로 이동 중: https://www.law.go.kr/admRulInfoP.do?admRulSeq=2100000261888
2025-08-21 23:26:43,099 - INFO - [scripts.adrule.logic.scraper] - 로딩 마스크가 나타나기를 기다리는 중...
2025-08-21 23:26:43,120 - INFO - [scripts.adrule.logic.scraper] - 로딩 마스크가 사라지기를 기다리는 중...
2025-08-21 23:26:43,204 - INFO - [scripts.adrule.logic.scraper] - 페이지 최종 렌더링을 잠시 대기합니다...
2025-08-21 23:26:44,207 - INFO - [scripts.adrule.logic.scraper] - 페이지 HTML 컨텐츠를 가져오는 중...
2025-08-21 23:26:44,224 - INFO - [scripts.adrule.logic.scraper] - 데이터 파싱 중...
2025-08-21 23:26:44,260 - INFO - [scripts.adrule.logic.scraper] - 비정형적인 고시/공고 구조('제N조' 제목 미발견)를 감지했습니다.
2025-08-21 23:26:44,261 - INFO - [scripts.adrule.logic.scraper] - 데이터 1건을 '/Users/woong/Roeum/roeum-crawler/data/raw/adrule/1492000/2026년 적용 최저임금안 고시_document.jsonl' 파일로 성공적으로 저장했습니다.
2025-08-21 23:26:44,262 - INFO - [scripts.adrule.logic.scraper] - 데이터 1건을 '/Users/woong/Roeum/roeum-crawler/data/raw/adrule/1492000/2026년 적용 최저임금안 고시_chunks.jsonl' 파일로 성공적으로 저장했습니다.
2025-08-21 23:26:44,293 - INFO - [__main__] - 상세 페이지 스크레이퍼 완료: 2026년 적용 최저임금안 고시
2025-08-21 23:26:45,506 - INFO - [__main__] - 상세 페이지 스크레이퍼 실행: https://www.law.go.kr/admRulInfoP.do?admRulSeq=2100000254236
2025-08-21 23:26:45,864 - INFO - [scripts.adrule.logic.scraper] - 페이지로 이동 중: https://www.law.go.kr/admRulInfoP.do?admRulSeq=2100000254236
2025-08-21 23:26:46,411 - INFO - [scripts.adrule.logic.scraper] - 로딩 마스크가 나타나기를 기다리는 중...
2025-08-21 23:26:46,432 - INFO - [scripts.adrule.logic.scraper] - 로딩 마스크가 사라지기를 기다리는 중...
2025-08-21 23:26:46,525 - INFO - [scripts.adrule.logic.scraper] - 페이지 최종 렌더링을 잠시 대기합니다...
2025-08-21 23:26:47,528 - INFO - [scripts.adrule.logic.scraper] - 페이지 HTML 컨텐츠를 가져오는 중...
2025-08-21 23:26:47,545 - INFO - [scripts.adrule.logic.scraper] - 데이터 파싱 중...
2025-08-21 23:26:47,588 - INFO - [scripts.adrule.logic.scraper] - 정형화된 법령 구조('제N조' 제목 발견)를 감지했습니다.
2025-08-21 23:26:47,595 - INFO - [scripts.adrule.logic.scraper] - 데이터 1건을 '/Users/woong/Roeum/roeum-crawler/data/raw/adrule/1492000/가사근로자 사회보험료 지원에 관한 고시_document.jsonl' 파일로 성공적으로 저장했습니다.
2025-08-21 23:26:47,595 - INFO - [scripts.adrule.logic.scraper] - 데이터 7건을 '/Users/woong/Roeum/roeum-crawler/data/raw/adrule/1492000/가사근로자 사회보험료 지원에 관한 고시_chunks.jsonl' 파일로 성공적으로 저장했습니다.
2025-08-21 23:26:47,623 - INFO - [__main__] - 상세 페이지 스크레이퍼 완료: 가사근로자 사회보험료 지원에 관한 고시
2025-08-21 23:26:48,845 - INFO - [__main__] - 상세 페이지 스크레이퍼 실행: https://www.law.go.kr/admRulInfoP.do?admRulSeq=2100000186031
2025-08-21 23:26:49,199 - INFO - [scripts.adrule.logic.scraper] - 페이지로 이동 중: https://www.law.go.kr/admRulInfoP.do?admRulSeq=2100000186031
2025-08-21 23:26:49,853 - INFO - [scripts.adrule.logic.scraper] - 로딩 마스크가 나타나기를 기다리는 중...
2025-08-21 23:26:49,881 - INFO - [scripts.adrule.logic.scraper] - 로딩 마스크가 사라지기를 기다리는 중...
2025-08-21 23:26:49,975 - INFO - [scripts.adrule.logic.scraper] - 페이지 최종 렌더링을 잠시 대기합니다...
2025-08-21 23:26:50,979 - INFO - [scripts.adrule.logic.scraper] - 페이지 HTML 컨텐츠를 가져오는 중...
2025-08-21 23:26:51,001 - INFO - [scripts.adrule.logic.scraper] - 데이터 파싱 중...
2025-08-21 23:26:51,050 - INFO - [scripts.adrule.logic.scraper] - 정형화된 법령 구조('제N조' 제목 발견)를 감지했습니다.
2025-08-21 23:26:51,083 - INFO - [scripts.adrule.logic.scraper] - 데이터 1건을 '/Users/woong/Roeum/roeum-crawler/data/raw/adrule/1492000/가설공사 표준안전 작업지침_document.jsonl' 파일로 성공적으로 저장했습니다.
2025-08-21 23:26:51,084 - INFO - [scripts.adrule.logic.scraper] - 데이터 29건을 '/Users/woong/Roeum/roeum-crawler/data/raw/adrule/1492000/가설공사 표준안전 작업지침_chunks.jsonl' 파일로 성공적으로 저장했습니다.
2025-08-21 23:26:51,110 - INFO - [__main__] - 상세 페이지 스크레이퍼 완료: 가설공사 표준안전 작업지침
2025-08-21 23:26:52,377 - INFO - [__main__] - 상세 페이지 스크레이퍼 실행: https://www.law.go.kr/admRulInfoP.do?admRulSeq=2100000186062
2025-08-21 23:26:52,819 - INFO - [scripts.adrule.logic.scraper] - 페이지로 이동 중: https://www.law.go.kr/admRulInfoP.do?admRulSeq=2100000186062
2025-08-21 23:26:53,370 - INFO - [scripts.adrule.logic.scraper] - 로딩 마스크가 나타나기를 기다리는 중...
2025-08-21 23:26:53,392 - INFO - [scripts.adrule.logic.scraper] - 로딩 마스크가 사라지기를 기다리는 중...
2025-08-21 23:26:53,433 - INFO - [scripts.adrule.logic.scraper] - 페이지 최종 렌더링을 잠시 대기합니다...
2025-08-21 23:26:54,435 - INFO - [scripts.adrule.logic.scraper] - 페이지 HTML 컨텐츠를 가져오는 중...
2025-08-21 23:26:54,453 - INFO - [scripts.adrule.logic.scraper] - 데이터 파싱 중...
2025-08-21 23:26:54,493 - INFO - [scripts.adrule.logic.scraper] - 정형화된 법령 구조('제N조' 제목 발견)를 감지했습니다.
2025-08-21 23:26:54,502 - INFO - [scripts.adrule.logic.scraper] - 데이터 1건을 '/Users/woong/Roeum/roeum-crawler/data/raw/adrule/1492000/가스누출감지경보기 설치에 관한 기술상의 지침_document.jsonl' 파일로 성공적으로 저장했습니다.
2025-08-21 23:26:54,503 - INFO - [scripts.adrule.logic.scraper] - 데이터 10건을 '/Users/woong/Roeum/roeum-crawler/data/raw/adrule/1492000/가스누출감지경보기 설치에 관한 기술상의 지침_chunks.jsonl' 파일로 성공적으로 저장했습니다.
2025-08-21 23:26:54,528 - INFO - [__main__] - 상세 페이지 스크레이퍼 완료: 가스누출감지경보기 설치에 관한 기술상의 지침
2025-08-21 23:26:55,776 - INFO - [__main__] - 상세 페이지 스크레이퍼 실행: https://www.law.go.kr/admRulInfoP.do?admRulSeq=2100000186120
2025-08-21 23:26:56,193 - INFO - [scripts.adrule.logic.scraper] - 페이지로 이동 중: https://www.law.go.kr/admRulInfoP.do?admRulSeq=2100000186120
2025-08-21 23:26:56,956 - INFO - [scripts.adrule.logic.scraper] - 로딩 마스크가 나타나기를 기다리는 중...
2025-08-21 23:27:06,971 - WARNING - [scripts.adrule.logic.scraper] - 로딩 마스크가 감지되지 않았습니다. 페이지 로드가 완료된 것으로 간주하고 계속 진행합니다.
2025-08-21 23:27:06,971 - INFO - [scripts.adrule.logic.scraper] - 페이지 최종 렌더링을 잠시 대기합니다...
2025-08-21 23:27:07,978 - INFO - [scripts.adrule.logic.scraper] - 페이지 HTML 컨텐츠를 가져오는 중...
2025-08-21 23:27:07,993 - INFO - [scripts.adrule.logic.scraper] - 데이터 파싱 중...
2025-08-21 23:27:08,020 - INFO - [scripts.adrule.logic.scraper] - 정형화된 법령 구조('제N조' 제목 발견)를 감지했습니다.
2025-08-21 23:27:08,029 - INFO - [scripts.adrule.logic.scraper] - 데이터 1건을 '/Users/woong/Roeum/roeum-crawler/data/raw/adrule/1492000/감전재해 예방을 위한 기술상의 지침_document.jsonl' 파일로 성공적으로 저장했습니다.
2025-08-21 23:27:08,030 - INFO - [scripts.adrule.logic.scraper] - 데이터 12건을 '/Users/woong/Roeum/roeum-crawler/data/raw/adrule/1492000/감전재해 예방을 위한 기술상의 지침_chunks.jsonl' 파일로 성공적으로 저장했습니다.
2025-08-21 23:27:08,068 - INFO - [__main__] - 상세 페이지 스크레이퍼 완료: 감전재해 예방을 위한 기술상의 지침
2025-08-21 23:27:09,344 - INFO - [__main__] - 상세 페이지 스크레이퍼 실행: https://www.law.go.kr/admRulInfoP.do?admRulSeq=2100000217661
2025-08-21 23:27:09,757 - INFO - [scripts.adrule.logic.scraper] - 페이지로 이동 중: https://www.law.go.kr/admRulInfoP.do?admRulSeq=2100000217661
2025-08-21 23:27:10,265 - INFO - [scripts.adrule.logic.scraper] - 로딩 마스크가 나타나기를 기다리는 중...
2025-08-21 23:27:10,287 - INFO - [scripts.adrule.logic.scraper] - 로딩 마스크가 사라지기를 기다리는 중...
2025-08-21 23:27:10,366 - INFO - [scripts.adrule.logic.scraper] - 페이지 최종 렌더링을 잠시 대기합니다...
2025-08-21 23:27:11,368 - INFO - [scripts.adrule.logic.scraper] - 페이지 HTML 컨텐츠를 가져오는 중...
2025-08-21 23:27:11,373 - INFO - [scripts.adrule.logic.scraper] - 데이터 파싱 중...
2025-08-21 23:27:11,392 - INFO - [scripts.adrule.logic.scraper] - 비정형적인 고시/공고 구조('제N조' 제목 미발견)를 감지했습니다.
2025-08-21 23:27:11,393 - INFO - [scripts.adrule.logic.scraper] - 데이터 1건을 '/Users/woong/Roeum/roeum-crawler/data/raw/adrule/1492000/개별연장급여 수급요건 중 학업 중인 사람에 대한 고시_document.jsonl' 파일로 성공적으로 저장했습니다.
2025-08-21 23:27:11,393 - INFO - [scripts.adrule.logic.scraper] - 데이터 4건을 '/Users/woong/Roeum/roeum-crawler/data/raw/adrule/1492000/개별연장급여 수급요건 중 학업 중인 사람에 대한 고시_chunks.jsonl' 파일로 성공적으로 저장했습니다.
2025-08-21 23:27:11,419 - INFO - [__main__] - 상세 페이지 스크레이퍼 완료: 개별연장급여 수급요건 중 학업 중인 사람에 대한 고시
2025-08-21 23:27:13,342 - INFO - [__main__] - 상세 페이지 스크레이퍼 실행: https://www.law.go.kr/admRulInfoP.do?admRulSeq=2100000217662
2025-08-21 23:27:14,033 - INFO - [scripts.adrule.logic.scraper] - 페이지로 이동 중: https://www.law.go.kr/admRulInfoP.do?admRulSeq=2100000217662
2025-08-21 23:27:14,579 - INFO - [scripts.adrule.logic.scraper] - 로딩 마스크가 나타나기를 기다리는 중...
2025-08-21 23:27:14,609 - INFO - [scripts.adrule.logic.scraper] - 로딩 마스크가 사라지기를 기다리는 중...
2025-08-21 23:27:14,636 - INFO - [scripts.adrule.logic.scraper] - 페이지 최종 렌더링을 잠시 대기합니다...
2025-08-21 23:27:15,639 - INFO - [scripts.adrule.logic.scraper] - 페이지 HTML 컨텐츠를 가져오는 중...
2025-08-21 23:27:15,654 - INFO - [scripts.adrule.logic.scraper] - 데이터 파싱 중...
2025-08-21 23:27:15,688 - INFO - [scripts.adrule.logic.scraper] - 비정형적인 고시/공고 구조('제N조' 제목 미발견)를 감지했습니다.
2025-08-21 23:27:15,690 - INFO - [scripts.adrule.logic.scraper] - 데이터 1건을 '/Users/woong/Roeum/roeum-crawler/data/raw/adrule/1492000/개별연장급여 지급을 위한 임금 및 재산기준 고시_document.jsonl' 파일로 성공적으로 저장했습니다.
2025-08-21 23:27:15,691 - INFO - [scripts.adrule.logic.scraper] - 데이터 6건을 '/Users/woong/Roeum/roeum-crawler/data/raw/adrule/1492000/개별연장급여 지급을 위한 임금 및 재산기준 고시_chunks.jsonl' 파일로 성공적으로 저장했습니다.
2025-08-21 23:27:15,745 - INFO - [__main__] - 상세 페이지 스크레이퍼 완료: 개별연장급여 지급을 위한 임금 및 재산기준 고시
2025-08-21 23:27:16,974 - INFO - [__main__] - 상세 페이지 스크레이퍼 실행: https://www.law.go.kr/admRulInfoP.do?admRulSeq=2200000043197
2025-08-21 23:27:17,336 - INFO - [scripts.adrule.logic.scraper] - 페이지로 이동 중: https://www.law.go.kr/admRulInfoP.do?admRulSeq=2200000043197
2025-08-21 23:27:17,852 - INFO - [scripts.adrule.logic.scraper] - 로딩 마스크가 나타나기를 기다리는 중...
2025-08-21 23:27:17,871 - INFO - [scripts.adrule.logic.scraper] - 로딩 마스크가 사라지기를 기다리는 중...
2025-08-21 23:27:17,954 - INFO - [scripts.adrule.logic.scraper] - 페이지 최종 렌더링을 잠시 대기합니다...
2025-08-21 23:27:18,959 - INFO - [scripts.adrule.logic.scraper] - 페이지 HTML 컨텐츠를 가져오는 중...
2025-08-21 23:27:18,984 - INFO - [scripts.adrule.logic.scraper] - 데이터 파싱 중...
2025-08-21 23:27:19,013 - INFO - [scripts.adrule.logic.scraper] - 비정형적인 고시/공고 구조('제N조' 제목 미발견)를 감지했습니다.
2025-08-21 23:27:19,014 - INFO - [scripts.adrule.logic.scraper] - 데이터 1건을 '/Users/woong/Roeum/roeum-crawler/data/raw/adrule/1492000/개인형퇴직연금제도로의 이전 예외사유 해당금액 고시_document.jsonl' 파일로 성공적으로 저장했습니다.
2025-08-21 23:27:19,014 - INFO - [scripts.adrule.logic.scraper] - 데이터 5건을 '/Users/woong/Roeum/roeum-crawler/data/raw/adrule/1492000/개인형퇴직연금제도로의 이전 예외사유 해당금액 고시_chunks.jsonl' 파일로 성공적으로 저장했습니다.
2025-08-21 23:27:19,046 - INFO - [__main__] - 상세 페이지 스크레이퍼 완료: 개인형퇴직연금제도로의 이전 예외사유 해당금액 고시
2025-08-21 23:27:20,461 - INFO - [__main__] - 상세 페이지 스크레이퍼 실행: https://www.law.go.kr/admRulInfoP.do?admRulSeq=2100000243390
2025-08-21 23:27:21,381 - INFO - [scripts.adrule.logic.scraper] - 페이지로 이동 중: https://www.law.go.kr/admRulInfoP.do?admRulSeq=2100000243390
2025-08-21 23:27:21,935 - INFO - [scripts.adrule.logic.scraper] - 로딩 마스크가 나타나기를 기다리는 중...
2025-08-21 23:27:21,955 - INFO - [scripts.adrule.logic.scraper] - 로딩 마스크가 사라지기를 기다리는 중...
2025-08-21 23:27:22,036 - INFO - [scripts.adrule.logic.scraper] - 페이지 최종 렌더링을 잠시 대기합니다...
2025-08-21 23:27:23,040 - INFO - [scripts.adrule.logic.scraper] - 페이지 HTML 컨텐츠를 가져오는 중...
2025-08-21 23:27:23,062 - INFO - [scripts.adrule.logic.scraper] - 데이터 파싱 중...
2025-08-21 23:27:23,101 - INFO - [scripts.adrule.logic.scraper] - 정형화된 법령 구조('제N조' 제목 발견)를 감지했습니다.
2025-08-21 23:27:23,111 - INFO - [scripts.adrule.logic.scraper] - 데이터 1건을 '/Users/woong/Roeum/roeum-crawler/data/raw/adrule/1492000/건설공사 안전보건대장의 작성 등에 관한 고시_document.jsonl' 파일로 성공적으로 저장했습니다.
2025-08-21 23:27:23,111 - INFO - [scripts.adrule.logic.scraper] - 데이터 9건을 '/Users/woong/Roeum/roeum-crawler/data/raw/adrule/1492000/건설공사 안전보건대장의 작성 등에 관한 고시_chunks.jsonl' 파일로 성공적으로 저장했습니다.
2025-08-21 23:27:23,135 - INFO - [__main__] - 상세 페이지 스크레이퍼 완료: 건설공사 안전보건대장의 작성 등에 관한 고시
2025-08-21 23:27:24,354 - INFO - [__main__] - 상세 페이지 스크레이퍼 실행: https://www.law.go.kr/admRulInfoP.do?admRulSeq=2100000252112
2025-08-21 23:27:24,728 - INFO - [scripts.adrule.logic.scraper] - 페이지로 이동 중: https://www.law.go.kr/admRulInfoP.do?admRulSeq=2100000252112
2025-08-21 23:27:25,391 - INFO - [scripts.adrule.logic.scraper] - 로딩 마스크가 나타나기를 기다리는 중...
2025-08-21 23:27:25,412 - INFO - [scripts.adrule.logic.scraper] - 로딩 마스크가 사라지기를 기다리는 중...
2025-08-21 23:27:25,742 - INFO - [scripts.adrule.logic.scraper] - 페이지 최종 렌더링을 잠시 대기합니다...
2025-08-21 23:27:26,752 - INFO - [scripts.adrule.logic.scraper] - 페이지 HTML 컨텐츠를 가져오는 중...
2025-08-21 23:27:26,765 - INFO - [scripts.adrule.logic.scraper] - 데이터 파싱 중...
2025-08-21 23:27:26,798 - INFO - [scripts.adrule.logic.scraper] - 비정형적인 고시/공고 구조('제N조' 제목 미발견)를 감지했습니다.
2025-08-21 23:27:26,800 - INFO - [scripts.adrule.logic.scraper] - 데이터 1건을 '/Users/woong/Roeum/roeum-crawler/data/raw/adrule/1492000/건설공사의 노무비율_document.jsonl' 파일로 성공적으로 저장했습니다.
2025-08-21 23:27:26,801 - INFO - [scripts.adrule.logic.scraper] - 데이터 2건을 '/Users/woong/Roeum/roeum-crawler/data/raw/adrule/1492000/건설공사의 노무비율_chunks.jsonl' 파일로 성공적으로 저장했습니다.
2025-08-21 23:27:26,836 - INFO - [__main__] - 상세 페이지 스크레이퍼 완료: 건설공사의 노무비율
2025-08-21 23:27:28,053 - INFO - [__main__] - 상세 페이지 스크레이퍼 실행: https://www.law.go.kr/admRulInfoP.do?admRulSeq=2100000025542
2025-08-21 23:27:28,430 - INFO - [scripts.adrule.logic.scraper] - 페이지로 이동 중: https://www.law.go.kr/admRulInfoP.do?admRulSeq=2100000025542
2025-08-21 23:27:28,977 - INFO - [scripts.adrule.logic.scraper] - 로딩 마스크가 나타나기를 기다리는 중...
2025-08-21 23:27:28,999 - INFO - [scripts.adrule.logic.scraper] - 로딩 마스크가 사라지기를 기다리는 중...
2025-08-21 23:27:29,079 - INFO - [scripts.adrule.logic.scraper] - 페이지 최종 렌더링을 잠시 대기합니다...
2025-08-21 23:27:30,097 - INFO - [scripts.adrule.logic.scraper] - 페이지 HTML 컨텐츠를 가져오는 중...
2025-08-21 23:27:30,104 - INFO - [scripts.adrule.logic.scraper] - 데이터 파싱 중...
2025-08-21 23:27:30,133 - INFO - [scripts.adrule.logic.scraper] - 정형화된 법령 구조('제N조' 제목 발견)를 감지했습니다.
2025-08-21 23:27:30,146 - INFO - [scripts.adrule.logic.scraper] - 데이터 1건을 '/Users/woong/Roeum/roeum-crawler/data/raw/adrule/1492000/건설근로자고용개선전문위원회 운영규정_document.jsonl' 파일로 성공적으로 저장했습니다.
2025-08-21 23:27:30,147 - INFO - [scripts.adrule.logic.scraper] - 데이터 14건을 '/Users/woong/Roeum/roeum-crawler/data/raw/adrule/1492000/건설근로자고용개선전문위원회 운영규정_chunks.jsonl' 파일로 성공적으로 저장했습니다.
2025-08-21 23:27:30,172 - INFO - [__main__] - 상세 페이지 스크레이퍼 완료: 건설근로자고용개선전문위원회 운영규정
2025-08-21 23:27:31,397 - INFO - [__main__] - 상세 페이지 스크레이퍼 실행: https://www.law.go.kr/admRulInfoP.do?admRulSeq=2100000254546
2025-08-21 23:27:31,763 - INFO - [scripts.adrule.logic.scraper] - 페이지로 이동 중: https://www.law.go.kr/admRulInfoP.do?admRulSeq=2100000254546
2025-08-21 23:27:32,315 - INFO - [scripts.adrule.logic.scraper] - 로딩 마스크가 나타나기를 기다리는 중...
2025-08-21 23:27:32,336 - INFO - [scripts.adrule.logic.scraper] - 로딩 마스크가 사라지기를 기다리는 중...
2025-08-21 23:27:32,421 - INFO - [scripts.adrule.logic.scraper] - 페이지 최종 렌더링을 잠시 대기합니다...
2025-08-21 23:27:33,423 - INFO - [scripts.adrule.logic.scraper] - 페이지 HTML 컨텐츠를 가져오는 중...
2025-08-21 23:27:33,443 - INFO - [scripts.adrule.logic.scraper] - 데이터 파싱 중...
2025-08-21 23:27:33,485 - INFO - [scripts.adrule.logic.scraper] - 정형화된 법령 구조('제N조' 제목 발견)를 감지했습니다.
2025-08-21 23:27:33,517 - INFO - [scripts.adrule.logic.scraper] - 데이터 1건을 '/Users/woong/Roeum/roeum-crawler/data/raw/adrule/1492000/건설업 산업안전보건관리비 계상 및 사용기준_document.jsonl' 파일로 성공적으로 저장했습니다.
2025-08-21 23:27:33,522 - INFO - [scripts.adrule.logic.scraper] - 데이터 12건을 '/Users/woong/Roeum/roeum-crawler/data/raw/adrule/1492000/건설업 산업안전보건관리비 계상 및 사용기준_chunks.jsonl' 파일로 성공적으로 저장했습니다.
2025-08-21 23:27:33,605 - INFO - [__main__] - 상세 페이지 스크레이퍼 완료: 건설업 산업안전보건관리비 계상 및 사용기준
2025-08-21 23:27:34,821 - INFO - [__main__] - 상세 페이지 스크레이퍼 실행: https://www.law.go.kr/admRulInfoP.do?admRulSeq=2100000253016
2025-08-21 23:27:35,195 - INFO - [scripts.adrule.logic.scraper] - 페이지로 이동 중: https://www.law.go.kr/admRulInfoP.do?admRulSeq=2100000253016
2025-08-21 23:27:35,783 - INFO - [scripts.adrule.logic.scraper] - 로딩 마스크가 나타나기를 기다리는 중...
2025-08-21 23:27:35,803 - INFO - [scripts.adrule.logic.scraper] - 로딩 마스크가 사라지기를 기다리는 중...
2025-08-21 23:27:35,882 - INFO - [scripts.adrule.logic.scraper] - 페이지 최종 렌더링을 잠시 대기합니다...
2025-08-21 23:27:36,885 - INFO - [scripts.adrule.logic.scraper] - 페이지 HTML 컨텐츠를 가져오는 중...
2025-08-21 23:27:36,898 - INFO - [scripts.adrule.logic.scraper] - 데이터 파싱 중...
2025-08-21 23:27:36,933 - INFO - [scripts.adrule.logic.scraper] - 비정형적인 고시/공고 구조('제N조' 제목 미발견)를 감지했습니다.
2025-08-21 23:27:36,934 - INFO - [scripts.adrule.logic.scraper] - 데이터 1건을 '/Users/woong/Roeum/roeum-crawler/data/raw/adrule/1492000/건설업에서 근로자 수 확인이 곤란한 장애인 고용의무 사업주의 공사실적액_document.jsonl' 파일로 성공적으로 저장했습니다.
2025-08-21 23:27:36,934 - INFO - [scripts.adrule.logic.scraper] - 데이터 4건을 '/Users/woong/Roeum/roeum-crawler/data/raw/adrule/1492000/건설업에서 근로자 수 확인이 곤란한 장애인 고용의무 사업주의 공사실적액_chunks.jsonl' 파일로 성공적으로 저장했습니다.
2025-08-21 23:27:36,967 - INFO - [__main__] - 상세 페이지 스크레이퍼 완료: 건설업에서 근로자 수 확인이 곤란한 장애인 고용의무 사업주의 공사실적액
2025-08-21 23:27:38,276 - INFO - [__main__] - 상세 페이지 스크레이퍼 실행: https://www.law.go.kr/admRulInfoP.do?admRulSeq=2100000186089
2025-08-21 23:27:38,736 - INFO - [scripts.adrule.logic.scraper] - 페이지로 이동 중: https://www.law.go.kr/admRulInfoP.do?admRulSeq=2100000186089
2025-08-21 23:27:39,387 - INFO - [scripts.adrule.logic.scraper] - 로딩 마스크가 나타나기를 기다리는 중...
2025-08-21 23:27:39,408 - INFO - [scripts.adrule.logic.scraper] - 로딩 마스크가 사라지기를 기다리는 중...
2025-08-21 23:27:39,493 - INFO - [scripts.adrule.logic.scraper] - 페이지 최종 렌더링을 잠시 대기합니다...
2025-08-21 23:27:40,496 - INFO - [scripts.adrule.logic.scraper] - 페이지 HTML 컨텐츠를 가져오는 중...
2025-08-21 23:27:40,505 - INFO - [scripts.adrule.logic.scraper] - 데이터 파싱 중...
2025-08-21 23:27:40,526 - INFO - [scripts.adrule.logic.scraper] - 비정형적인 고시/공고 구조('제N조' 제목 미발견)를 감지했습니다.
2025-08-21 23:27:40,527 - INFO - [scripts.adrule.logic.scraper] - 데이터 1건을 '/Users/woong/Roeum/roeum-crawler/data/raw/adrule/1492000/건설업 유해·위험방지계획서 중 지도사가 평가·확인 할 수 있는 대상 건설공사의 범위 및 지도사의 요건_document.jsonl' 파일로 성공적으로 저장했습니다.
2025-08-21 23:27:40,527 - INFO - [scripts.adrule.logic.scraper] - 데이터 2건을 '/Users/woong/Roeum/roeum-crawler/data/raw/adrule/1492000/건설업 유해·위험방지계획서 중 지도사가 평가·확인 할 수 있는 대상 건설공사의 범위 및 지도사의 요건_chunks.jsonl' 파일로 성공적으로 저장했습니다.
2025-08-21 23:27:40,562 - INFO - [__main__] - 상세 페이지 스크레이퍼 완료: 건설업 유해·위험방지계획서 중 지도사가 평가·확인 할 수 있는 대상 건설공사의 범위 및 지도사의 요건
2025-08-21 23:27:41,800 - INFO - [__main__] - 상세 페이지 스크레이퍼 실행: https://www.law.go.kr/admRulInfoP.do?admRulSeq=2100000217765
2025-08-21 23:27:42,206 - INFO - [scripts.adrule.logic.scraper] - 페이지로 이동 중: https://www.law.go.kr/admRulInfoP.do?admRulSeq=2100000217765
2025-08-21 23:27:42,792 - INFO - [scripts.adrule.logic.scraper] - 로딩 마스크가 나타나기를 기다리는 중...
2025-08-21 23:27:42,821 - INFO - [scripts.adrule.logic.scraper] - 로딩 마스크가 사라지기를 기다리는 중...
2025-08-21 23:27:42,901 - INFO - [scripts.adrule.logic.scraper] - 페이지 최종 렌더링을 잠시 대기합니다...
2025-08-21 23:27:43,904 - INFO - [scripts.adrule.logic.scraper] - 페이지 HTML 컨텐츠를 가져오는 중...
2025-08-21 23:27:43,921 - INFO - [scripts.adrule.logic.scraper] - 데이터 파싱 중...
2025-08-21 23:27:43,945 - INFO - [scripts.adrule.logic.scraper] - 정형화된 법령 구조('제N조' 제목 발견)를 감지했습니다.
2025-08-21 23:27:43,952 - INFO - [scripts.adrule.logic.scraper] - 데이터 1건을 '/Users/woong/Roeum/roeum-crawler/data/raw/adrule/1492000/건설업자가 아닌 자가 시공하는 건설공사의 총공사금액 산정방법에 관한 규정_document.jsonl' 파일로 성공적으로 저장했습니다.
2025-08-21 23:27:43,952 - INFO - [scripts.adrule.logic.scraper] - 데이터 7건을 '/Users/woong/Roeum/roeum-crawler/data/raw/adrule/1492000/건설업자가 아닌 자가 시공하는 건설공사의 총공사금액 산정방법에 관한 규정_chunks.jsonl' 파일로 성공적으로 저장했습니다.
2025-08-21 23:27:43,997 - INFO - [__main__] - 상세 페이지 스크레이퍼 완료: 건설업자가 아닌 자가 시공하는 건설공사의 총공사금액 산정방법에 관한 규정
2025-08-21 23:27:45,228 - INFO - [__main__] - 상세 페이지 스크레이퍼 실행: https://www.law.go.kr/admRulInfoP.do?admRulSeq=2100000228660
2025-08-21 23:27:45,635 - INFO - [scripts.adrule.logic.scraper] - 페이지로 이동 중: https://www.law.go.kr/admRulInfoP.do?admRulSeq=2100000228660
2025-08-21 23:27:46,215 - INFO - [scripts.adrule.logic.scraper] - 로딩 마스크가 나타나기를 기다리는 중...
2025-08-21 23:27:46,237 - INFO - [scripts.adrule.logic.scraper] - 로딩 마스크가 사라지기를 기다리는 중...
2025-08-21 23:27:46,322 - INFO - [scripts.adrule.logic.scraper] - 페이지 최종 렌더링을 잠시 대기합니다...
2025-08-21 23:27:47,325 - INFO - [scripts.adrule.logic.scraper] - 페이지 HTML 컨텐츠를 가져오는 중...
2025-08-21 23:27:47,336 - INFO - [scripts.adrule.logic.scraper] - 데이터 파싱 중...
2025-08-21 23:27:47,365 - INFO - [scripts.adrule.logic.scraper] - 정형화된 법령 구조('제N조' 제목 발견)를 감지했습니다.
2025-08-21 23:27:47,376 - INFO - [scripts.adrule.logic.scraper] - 데이터 1건을 '/Users/woong/Roeum/roeum-crawler/data/raw/adrule/1492000/건설업체의 산업재해예방활동 실적 평가기준_document.jsonl' 파일로 성공적으로 저장했습니다.
2025-08-21 23:27:47,376 - INFO - [scripts.adrule.logic.scraper] - 데이터 14건을 '/Users/woong/Roeum/roeum-crawler/data/raw/adrule/1492000/건설업체의 산업재해예방활동 실적 평가기준_chunks.jsonl' 파일로 성공적으로 저장했습니다.
2025-08-21 23:27:47,401 - INFO - [__main__] - 상세 페이지 스크레이퍼 완료: 건설업체의 산업재해예방활동 실적 평가기준
2025-08-21 23:27:48,627 - INFO - [__main__] - 상세 페이지 스크레이퍼 실행: https://www.law.go.kr/admRulInfoP.do?admRulSeq=2100000186106
2025-08-21 23:27:49,000 - INFO - [scripts.adrule.logic.scraper] - 페이지로 이동 중: https://www.law.go.kr/admRulInfoP.do?admRulSeq=2100000186106
2025-08-21 23:27:49,515 - INFO - [scripts.adrule.logic.scraper] - 로딩 마스크가 나타나기를 기다리는 중...
2025-08-21 23:27:49,536 - INFO - [scripts.adrule.logic.scraper] - 로딩 마스크가 사라지기를 기다리는 중...
2025-08-21 23:27:49,626 - INFO - [scripts.adrule.logic.scraper] - 페이지 최종 렌더링을 잠시 대기합니다...
2025-08-21 23:27:50,629 - INFO - [scripts.adrule.logic.scraper] - 페이지 HTML 컨텐츠를 가져오는 중...
2025-08-21 23:27:50,652 - INFO - [scripts.adrule.logic.scraper] - 데이터 파싱 중...
2025-08-21 23:27:50,697 - INFO - [scripts.adrule.logic.scraper] - 정형화된 법령 구조('제N조' 제목 발견)를 감지했습니다.
2025-08-21 23:27:50,708 - INFO - [scripts.adrule.logic.scraper] - 데이터 1건을 '/Users/woong/Roeum/roeum-crawler/data/raw/adrule/1492000/고기압 작업에 관한 기준_document.jsonl' 파일로 성공적으로 저장했습니다.
2025-08-21 23:27:50,709 - INFO - [scripts.adrule.logic.scraper] - 데이터 11건을 '/Users/woong/Roeum/roeum-crawler/data/raw/adrule/1492000/고기압 작업에 관한 기준_chunks.jsonl' 파일로 성공적으로 저장했습니다.
2025-08-21 23:27:50,732 - INFO - [__main__] - 상세 페이지 스크레이퍼 완료: 고기압 작업에 관한 기준
2025-08-21 23:27:51,950 - INFO - [__main__] - 상세 페이지 스크레이퍼 실행: https://www.law.go.kr/admRulInfoP.do?admRulSeq=2200000076692
2025-08-21 23:27:52,325 - INFO - [scripts.adrule.logic.scraper] - 페이지로 이동 중: https://www.law.go.kr/admRulInfoP.do?admRulSeq=2200000076692
2025-08-21 23:27:52,963 - INFO - [scripts.adrule.logic.scraper] - 로딩 마스크가 나타나기를 기다리는 중...
2025-08-21 23:27:52,986 - INFO - [scripts.adrule.logic.scraper] - 로딩 마스크가 사라지기를 기다리는 중...
2025-08-21 23:27:53,167 - INFO - [scripts.adrule.logic.scraper] - 페이지 최종 렌더링을 잠시 대기합니다...
2025-08-21 23:27:54,170 - INFO - [scripts.adrule.logic.scraper] - 페이지 HTML 컨텐츠를 가져오는 중...
2025-08-21 23:27:54,184 - INFO - [scripts.adrule.logic.scraper] - 데이터 파싱 중...
2025-08-21 23:27:54,223 - INFO - [scripts.adrule.logic.scraper] - 정형화된 법령 구조('제N조' 제목 발견)를 감지했습니다.
2025-08-21 23:27:54,234 - INFO - [scripts.adrule.logic.scraper] - 데이터 1건을 '/Users/woong/Roeum/roeum-crawler/data/raw/adrule/1492000/고 김용균 사망사고 진상규명과 재발방지를 위한 석탄화력발전소 특별노동안전조사위원회 설치 및 운영에 관한 규정_document.jsonl' 파일로 성공적으로 저장했습니다.
2025-08-21 23:27:54,235 - INFO - [scripts.adrule.logic.scraper] - 데이터 14건을 '/Users/woong/Roeum/roeum-crawler/data/raw/adrule/1492000/고 김용균 사망사고 진상규명과 재발방지를 위한 석탄화력발전소 특별노동안전조사위원회 설치 및 운영에 관한 규정_chunks.jsonl' 파일로 성공적으로 저장했습니다.
2025-08-21 23:27:54,258 - INFO - [__main__] - 상세 페이지 스크레이퍼 완료: 고 김용균 사망사고 진상규명과 재발방지를 위한 석탄화력발전소 특별노동안전조사위원회 설치 및 운영에 관한 규정
2025-08-21 23:27:55,479 - INFO - [__main__] - 상세 페이지 스크레이퍼 실행: https://www.law.go.kr/admRulInfoP.do?admRulSeq=2100000253946
2025-08-21 23:27:55,859 - INFO - [scripts.adrule.logic.scraper] - 페이지로 이동 중: https://www.law.go.kr/admRulInfoP.do?admRulSeq=2100000253946
2025-08-21 23:27:56,429 - INFO - [scripts.adrule.logic.scraper] - 로딩 마스크가 나타나기를 기다리는 중...
2025-08-21 23:27:56,450 - INFO - [scripts.adrule.logic.scraper] - 로딩 마스크가 사라지기를 기다리는 중...
2025-08-21 23:27:56,531 - INFO - [scripts.adrule.logic.scraper] - 페이지 최종 렌더링을 잠시 대기합니다...
2025-08-21 23:27:57,532 - INFO - [scripts.adrule.logic.scraper] - 페이지 HTML 컨텐츠를 가져오는 중...
2025-08-21 23:27:57,540 - INFO - [scripts.adrule.logic.scraper] - 데이터 파싱 중...
2025-08-21 23:27:57,574 - INFO - [scripts.adrule.logic.scraper] - 정형화된 법령 구조('제N조' 제목 발견)를 감지했습니다.
2025-08-21 23:27:57,586 - INFO - [scripts.adrule.logic.scraper] - 데이터 1건을 '/Users/woong/Roeum/roeum-crawler/data/raw/adrule/1492000/고령자 고용안정지원금 지급 규정_document.jsonl' 파일로 성공적으로 저장했습니다.
2025-08-21 23:27:57,587 - INFO - [scripts.adrule.logic.scraper] - 데이터 15건을 '/Users/woong/Roeum/roeum-crawler/data/raw/adrule/1492000/고령자 고용안정지원금 지급 규정_chunks.jsonl' 파일로 성공적으로 저장했습니다.
2025-08-21 23:27:57,614 - INFO - [__main__] - 상세 페이지 스크레이퍼 완료: 고령자 고용안정지원금 지급 규정
2025-08-21 23:27:58,842 - INFO - [__main__] - 상세 페이지 스크레이퍼 실행: https://www.law.go.kr/admRulInfoP.do?admRulSeq=2000000018010
2025-08-21 23:27:59,229 - INFO - [scripts.adrule.logic.scraper] - 페이지로 이동 중: https://www.law.go.kr/admRulInfoP.do?admRulSeq=2000000018010
2025-08-21 23:27:59,828 - INFO - [scripts.adrule.logic.scraper] - 로딩 마스크가 나타나기를 기다리는 중...
2025-08-21 23:27:59,848 - INFO - [scripts.adrule.logic.scraper] - 로딩 마스크가 사라지기를 기다리는 중...
2025-08-21 23:28:00,032 - INFO - [scripts.adrule.logic.scraper] - 페이지 최종 렌더링을 잠시 대기합니다...
2025-08-21 23:28:01,037 - INFO - [scripts.adrule.logic.scraper] - 페이지 HTML 컨텐츠를 가져오는 중...
2025-08-21 23:28:01,057 - INFO - [scripts.adrule.logic.scraper] - 데이터 파싱 중...
2025-08-21 23:28:01,086 - INFO - [scripts.adrule.logic.scraper] - 비정형적인 고시/공고 구조('제N조' 제목 미발견)를 감지했습니다.
2025-08-21 23:28:01,088 - INFO - [scripts.adrule.logic.scraper] - 데이터 1건을 '/Users/woong/Roeum/roeum-crawler/data/raw/adrule/1492000/고령자고용연장지원금액 등_document.jsonl' 파일로 성공적으로 저장했습니다.
2025-08-21 23:28:01,088 - INFO - [scripts.adrule.logic.scraper] - 데이터 2건을 '/Users/woong/Roeum/roeum-crawler/data/raw/adrule/1492000/고령자고용연장지원금액 등_chunks.jsonl' 파일로 성공적으로 저장했습니다.
2025-08-21 23:28:01,112 - INFO - [__main__] - 상세 페이지 스크레이퍼 완료: 고령자고용연장지원금액 등
2025-08-21 23:28:02,350 - INFO - [__main__] - 상세 페이지 스크레이퍼 실행: https://www.law.go.kr/admRulInfoP.do?admRulSeq=2100000216935
2025-08-21 23:28:02,776 - INFO - [scripts.adrule.logic.scraper] - 페이지로 이동 중: https://www.law.go.kr/admRulInfoP.do?admRulSeq=2100000216935
2025-08-21 23:28:03,416 - INFO - [scripts.adrule.logic.scraper] - 로딩 마스크가 나타나기를 기다리는 중...
2025-08-21 23:28:03,437 - INFO - [scripts.adrule.logic.scraper] - 로딩 마스크가 사라지기를 기다리는 중...
2025-08-21 23:28:04,233 - INFO - [scripts.adrule.logic.scraper] - 페이지 최종 렌더링을 잠시 대기합니다...
2025-08-21 23:28:05,238 - INFO - [scripts.adrule.logic.scraper] - 페이지 HTML 컨텐츠를 가져오는 중...
2025-08-21 23:28:05,261 - INFO - [scripts.adrule.logic.scraper] - 데이터 파싱 중...
2025-08-21 23:28:05,311 - INFO - [scripts.adrule.logic.scraper] - 정형화된 법령 구조('제N조' 제목 발견)를 감지했습니다.
2025-08-21 23:28:05,338 - INFO - [scripts.adrule.logic.scraper] - 데이터 1건을 '/Users/woong/Roeum/roeum-crawler/data/raw/adrule/1492000/고령자인재은행 및 중견전문인력 고용지원센터 운영규정_document.jsonl' 파일로 성공적으로 저장했습니다.
2025-08-21 23:28:05,338 - INFO - [scripts.adrule.logic.scraper] - 데이터 27건을 '/Users/woong/Roeum/roeum-crawler/data/raw/adrule/1492000/고령자인재은행 및 중견전문인력 고용지원센터 운영규정_chunks.jsonl' 파일로 성공적으로 저장했습니다.
2025-08-21 23:28:05,360 - INFO - [__main__] - 상세 페이지 스크레이퍼 완료: 고령자인재은행 및 중견전문인력 고용지원센터 운영규정
2025-08-21 23:28:06,579 - INFO - [__main__] - 상세 페이지 스크레이퍼 실행: https://www.law.go.kr/admRulInfoP.do?admRulSeq=2100000261300
2025-08-21 23:28:06,935 - INFO - [scripts.adrule.logic.scraper] - 페이지로 이동 중: https://www.law.go.kr/admRulInfoP.do?admRulSeq=2100000261300
2025-08-21 23:28:07,476 - INFO - [scripts.adrule.logic.scraper] - 로딩 마스크가 나타나기를 기다리는 중...
2025-08-21 23:28:07,497 - INFO - [scripts.adrule.logic.scraper] - 로딩 마스크가 사라지기를 기다리는 중...
2025-08-21 23:28:07,606 - INFO - [scripts.adrule.logic.scraper] - 페이지 최종 렌더링을 잠시 대기합니다...
2025-08-21 23:28:08,609 - INFO - [scripts.adrule.logic.scraper] - 페이지 HTML 컨텐츠를 가져오는 중...
2025-08-21 23:28:08,631 - INFO - [scripts.adrule.logic.scraper] - 데이터 파싱 중...
2025-08-21 23:28:08,686 - INFO - [scripts.adrule.logic.scraper] - 정형화된 법령 구조('제N조' 제목 발견)를 감지했습니다.
2025-08-21 23:28:08,710 - INFO - [scripts.adrule.logic.scraper] - 데이터 1건을 '/Users/woong/Roeum/roeum-crawler/data/raw/adrule/1492000/고용노동관계법 위반자에 대한 과태료 부과·징수 업무에 관한 예규_document.jsonl' 파일로 성공적으로 저장했습니다.
2025-08-21 23:28:08,711 - INFO - [scripts.adrule.logic.scraper] - 데이터 21건을 '/Users/woong/Roeum/roeum-crawler/data/raw/adrule/1492000/고용노동관계법 위반자에 대한 과태료 부과·징수 업무에 관한 예규_chunks.jsonl' 파일로 성공적으로 저장했습니다.
2025-08-21 23:28:08,745 - INFO - [__main__] - 상세 페이지 스크레이퍼 완료: 고용노동관계법 위반자에 대한 과태료 부과·징수 업무에 관한 예규
2025-08-21 23:28:10,000 - INFO - [__main__] - 상세 페이지 스크레이퍼 실행: https://www.law.go.kr/admRulInfoP.do?admRulSeq=2000000017617
2025-08-21 23:28:10,606 - INFO - [scripts.adrule.logic.scraper] - 페이지로 이동 중: https://www.law.go.kr/admRulInfoP.do?admRulSeq=2000000017617
2025-08-21 23:28:11,280 - INFO - [scripts.adrule.logic.scraper] - 로딩 마스크가 나타나기를 기다리는 중...
2025-08-21 23:28:11,301 - INFO - [scripts.adrule.logic.scraper] - 로딩 마스크가 사라지기를 기다리는 중...
2025-08-21 23:28:11,483 - INFO - [scripts.adrule.logic.scraper] - 페이지 최종 렌더링을 잠시 대기합니다...
2025-08-21 23:28:12,489 - INFO - [scripts.adrule.logic.scraper] - 페이지 HTML 컨텐츠를 가져오는 중...
2025-08-21 23:28:12,505 - INFO - [scripts.adrule.logic.scraper] - 데이터 파싱 중...
2025-08-21 23:28:12,579 - INFO - [scripts.adrule.logic.scraper] - 정형화된 법령 구조('제N조' 제목 발견)를 감지했습니다.
2025-08-21 23:28:12,621 - INFO - [scripts.adrule.logic.scraper] - 데이터 1건을 '/Users/woong/Roeum/roeum-crawler/data/raw/adrule/1492000/고용노동관 업무처리지침_document.jsonl' 파일로 성공적으로 저장했습니다.
2025-08-21 23:28:12,621 - INFO - [scripts.adrule.logic.scraper] - 데이터 22건을 '/Users/woong/Roeum/roeum-crawler/data/raw/adrule/1492000/고용노동관 업무처리지침_chunks.jsonl' 파일로 성공적으로 저장했습니다.
2025-08-21 23:28:12,670 - INFO - [__main__] - 상세 페이지 스크레이퍼 완료: 고용노동관 업무처리지침
2025-08-21 23:28:13,915 - INFO - [__main__] - 상세 페이지 스크레이퍼 실행: https://www.law.go.kr/admRulInfoP.do?admRulSeq=2100000215557
2025-08-21 23:28:14,291 - INFO - [scripts.adrule.logic.scraper] - 페이지로 이동 중: https://www.law.go.kr/admRulInfoP.do?admRulSeq=2100000215557
2025-08-21 23:28:14,847 - INFO - [scripts.adrule.logic.scraper] - 로딩 마스크가 나타나기를 기다리는 중...
2025-08-21 23:28:14,870 - INFO - [scripts.adrule.logic.scraper] - 로딩 마스크가 사라지기를 기다리는 중...
2025-08-21 23:28:14,907 - INFO - [scripts.adrule.logic.scraper] - 페이지 최종 렌더링을 잠시 대기합니다...
2025-08-21 23:28:15,910 - INFO - [scripts.adrule.logic.scraper] - 페이지 HTML 컨텐츠를 가져오는 중...
2025-08-21 23:28:15,924 - INFO - [scripts.adrule.logic.scraper] - 데이터 파싱 중...
2025-08-21 23:28:15,964 - INFO - [scripts.adrule.logic.scraper] - 정형화된 법령 구조('제N조' 제목 발견)를 감지했습니다.
2025-08-21 23:28:15,974 - INFO - [scripts.adrule.logic.scraper] - 데이터 1건을 '/Users/woong/Roeum/roeum-crawler/data/raw/adrule/1492000/고용노동부 2030 자문단 설치 및 운영에 관한 규정_document.jsonl' 파일로 성공적으로 저장했습니다.
2025-08-21 23:28:15,975 - INFO - [scripts.adrule.logic.scraper] - 데이터 12건을 '/Users/woong/Roeum/roeum-crawler/data/raw/adrule/1492000/고용노동부 2030 자문단 설치 및 운영에 관한 규정_chunks.jsonl' 파일로 성공적으로 저장했습니다.
2025-08-21 23:28:16,008 - INFO - [__main__] - 상세 페이지 스크레이퍼 완료: 고용노동부 2030 자문단 설치 및 운영에 관한 규정
2025-08-21 23:28:17,231 - INFO - [__main__] - 상세 페이지 스크레이퍼 실행: https://www.law.go.kr/admRulInfoP.do?admRulSeq=2100000182989
2025-08-21 23:28:17,601 - INFO - [scripts.adrule.logic.scraper] - 페이지로 이동 중: https://www.law.go.kr/admRulInfoP.do?admRulSeq=2100000182989
2025-08-21 23:28:18,198 - INFO - [scripts.adrule.logic.scraper] - 로딩 마스크가 나타나기를 기다리는 중...
2025-08-21 23:28:18,218 - INFO - [scripts.adrule.logic.scraper] - 로딩 마스크가 사라지기를 기다리는 중...
2025-08-21 23:28:18,315 - INFO - [scripts.adrule.logic.scraper] - 페이지 최종 렌더링을 잠시 대기합니다...
2025-08-21 23:28:19,319 - INFO - [scripts.adrule.logic.scraper] - 페이지 HTML 컨텐츠를 가져오는 중...
2025-08-21 23:28:19,342 - INFO - [scripts.adrule.logic.scraper] - 데이터 파싱 중...
2025-08-21 23:28:19,389 - INFO - [scripts.adrule.logic.scraper] - 정형화된 법령 구조('제N조' 제목 발견)를 감지했습니다.
2025-08-21 23:28:19,404 - INFO - [scripts.adrule.logic.scraper] - 데이터 1건을 '/Users/woong/Roeum/roeum-crawler/data/raw/adrule/1492000/고용노동부 갈등관리 운영규정_document.jsonl' 파일로 성공적으로 저장했습니다.
2025-08-21 23:28:19,405 - INFO - [scripts.adrule.logic.scraper] - 데이터 16건을 '/Users/woong/Roeum/roeum-crawler/data/raw/adrule/1492000/고용노동부 갈등관리 운영규정_chunks.jsonl' 파일로 성공적으로 저장했습니다.
2025-08-21 23:28:19,432 - INFO - [__main__] - 상세 페이지 스크레이퍼 완료: 고용노동부 갈등관리 운영규정
2025-08-21 23:28:20,670 - INFO - [__main__] - 상세 페이지 스크레이퍼 실행: https://www.law.go.kr/admRulInfoP.do?admRulSeq=2100000252674
2025-08-21 23:28:21,055 - INFO - [scripts.adrule.logic.scraper] - 페이지로 이동 중: https://www.law.go.kr/admRulInfoP.do?admRulSeq=2100000252674
2025-08-21 23:28:21,595 - INFO - [scripts.adrule.logic.scraper] - 로딩 마스크가 나타나기를 기다리는 중...
2025-08-21 23:28:21,615 - INFO - [scripts.adrule.logic.scraper] - 로딩 마스크가 사라지기를 기다리는 중...
2025-08-21 23:28:21,796 - INFO - [scripts.adrule.logic.scraper] - 페이지 최종 렌더링을 잠시 대기합니다...
2025-08-21 23:28:22,799 - INFO - [scripts.adrule.logic.scraper] - 페이지 HTML 컨텐츠를 가져오는 중...
2025-08-21 23:28:22,826 - INFO - [scripts.adrule.logic.scraper] - 데이터 파싱 중...
2025-08-21 23:28:22,903 - INFO - [scripts.adrule.logic.scraper] - 정형화된 법령 구조('제N조' 제목 발견)를 감지했습니다.
2025-08-21 23:28:22,938 - INFO - [scripts.adrule.logic.scraper] - 데이터 1건을 '/Users/woong/Roeum/roeum-crawler/data/raw/adrule/1492000/고용노동부 감사규정_document.jsonl' 파일로 성공적으로 저장했습니다.
2025-08-21 23:28:22,939 - INFO - [scripts.adrule.logic.scraper] - 데이터 49건을 '/Users/woong/Roeum/roeum-crawler/data/raw/adrule/1492000/고용노동부 감사규정_chunks.jsonl' 파일로 성공적으로 저장했습니다.
2025-08-21 23:28:22,967 - INFO - [__main__] - 상세 페이지 스크레이퍼 완료: 고용노동부 감사규정
2025-08-21 23:28:24,190 - INFO - [__main__] - 상세 페이지 스크레이퍼 실행: https://www.law.go.kr/admRulInfoP.do?admRulSeq=2100000239678
2025-08-21 23:28:24,549 - INFO - [scripts.adrule.logic.scraper] - 페이지로 이동 중: https://www.law.go.kr/admRulInfoP.do?admRulSeq=2100000239678
2025-08-21 23:28:25,207 - INFO - [scripts.adrule.logic.scraper] - 로딩 마스크가 나타나기를 기다리는 중...
2025-08-21 23:28:25,229 - INFO - [scripts.adrule.logic.scraper] - 로딩 마스크가 사라지기를 기다리는 중...
2025-08-21 23:28:26,024 - INFO - [scripts.adrule.logic.scraper] - 페이지 최종 렌더링을 잠시 대기합니다...
2025-08-21 23:28:27,029 - INFO - [scripts.adrule.logic.scraper] - 페이지 HTML 컨텐츠를 가져오는 중...
2025-08-21 23:28:27,060 - INFO - [scripts.adrule.logic.scraper] - 데이터 파싱 중...
2025-08-21 23:28:27,367 - INFO - [scripts.adrule.logic.scraper] - 정형화된 법령 구조('제N조' 제목 발견)를 감지했습니다.
2025-08-21 23:28:27,593 - INFO - [scripts.adrule.logic.scraper] - 데이터 1건을 '/Users/woong/Roeum/roeum-crawler/data/raw/adrule/1492000/고용노동부 개인정보 보호지침_document.jsonl' 파일로 성공적으로 저장했습니다.
2025-08-21 23:28:27,603 - INFO - [scripts.adrule.logic.scraper] - 데이터 69건을 '/Users/woong/Roeum/roeum-crawler/data/raw/adrule/1492000/고용노동부 개인정보 보호지침_chunks.jsonl' 파일로 성공적으로 저장했습니다.
2025-08-21 23:28:27,694 - INFO - [__main__] - 상세 페이지 스크레이퍼 완료: 고용노동부 개인정보 보호지침
2025-08-21 23:28:29,231 - INFO - [__main__] - 상세 페이지 스크레이퍼 실행: https://www.law.go.kr/admRulInfoP.do?admRulSeq=2100000250460
2025-08-21 23:28:30,310 - INFO - [scripts.adrule.logic.scraper] - 페이지로 이동 중: https://www.law.go.kr/admRulInfoP.do?admRulSeq=2100000250460
2025-08-21 23:28:31,091 - INFO - [scripts.adrule.logic.scraper] - 로딩 마스크가 나타나기를 기다리는 중...
2025-08-21 23:28:31,112 - INFO - [scripts.adrule.logic.scraper] - 로딩 마스크가 사라지기를 기다리는 중...
2025-08-21 23:28:31,317 - INFO - [scripts.adrule.logic.scraper] - 페이지 최종 렌더링을 잠시 대기합니다...
2025-08-21 23:28:32,321 - INFO - [scripts.adrule.logic.scraper] - 페이지 HTML 컨텐츠를 가져오는 중...
2025-08-21 23:28:32,339 - INFO - [scripts.adrule.logic.scraper] - 데이터 파싱 중...
2025-08-21 23:28:32,405 - INFO - [scripts.adrule.logic.scraper] - 정형화된 법령 구조('제N조' 제목 발견)를 감지했습니다.
2025-08-21 23:28:32,436 - INFO - [scripts.adrule.logic.scraper] - 데이터 1건을 '/Users/woong/Roeum/roeum-crawler/data/raw/adrule/1492000/고용노동부고객상담센터 기본운영규정_document.jsonl' 파일로 성공적으로 저장했습니다.
2025-08-21 23:28:32,437 - INFO - [scripts.adrule.logic.scraper] - 데이터 57건을 '/Users/woong/Roeum/roeum-crawler/data/raw/adrule/1492000/고용노동부고객상담센터 기본운영규정_chunks.jsonl' 파일로 성공적으로 저장했습니다.
2025-08-21 23:28:32,464 - INFO - [__main__] - 상세 페이지 스크레이퍼 완료: 고용노동부고객상담센터 기본운영규정
2025-08-21 23:28:33,694 - INFO - [__main__] - 상세 페이지 스크레이퍼 실행: https://www.law.go.kr/admRulInfoP.do?admRulSeq=2100000210067
2025-08-21 23:28:34,066 - INFO - [scripts.adrule.logic.scraper] - 페이지로 이동 중: https://www.law.go.kr/admRulInfoP.do?admRulSeq=2100000210067
2025-08-21 23:28:34,619 - INFO - [scripts.adrule.logic.scraper] - 로딩 마스크가 나타나기를 기다리는 중...
2025-08-21 23:28:34,643 - INFO - [scripts.adrule.logic.scraper] - 로딩 마스크가 사라지기를 기다리는 중...
2025-08-21 23:28:34,728 - INFO - [scripts.adrule.logic.scraper] - 페이지 최종 렌더링을 잠시 대기합니다...
2025-08-21 23:28:35,731 - INFO - [scripts.adrule.logic.scraper] - 페이지 HTML 컨텐츠를 가져오는 중...
2025-08-21 23:28:35,743 - INFO - [scripts.adrule.logic.scraper] - 데이터 파싱 중...
2025-08-21 23:28:35,786 - INFO - [scripts.adrule.logic.scraper] - 정형화된 법령 구조('제N조' 제목 발견)를 감지했습니다.
2025-08-21 23:28:35,795 - INFO - [scripts.adrule.logic.scraper] - 데이터 1건을 '/Users/woong/Roeum/roeum-crawler/data/raw/adrule/1492000/고용노동부고객상담센터 위임전결규정_document.jsonl' 파일로 성공적으로 저장했습니다.
2025-08-21 23:28:35,795 - INFO - [scripts.adrule.logic.scraper] - 데이터 10건을 '/Users/woong/Roeum/roeum-crawler/data/raw/adrule/1492000/고용노동부고객상담센터 위임전결규정_chunks.jsonl' 파일로 성공적으로 저장했습니다.
2025-08-21 23:28:35,828 - INFO - [__main__] - 상세 페이지 스크레이퍼 완료: 고용노동부고객상담센터 위임전결규정
2025-08-21 23:28:37,051 - INFO - [__main__] - 상세 페이지 스크레이퍼 실행: https://www.law.go.kr/admRulInfoP.do?admRulSeq=2100000222744
2025-08-21 23:28:37,480 - INFO - [scripts.adrule.logic.scraper] - 페이지로 이동 중: https://www.law.go.kr/admRulInfoP.do?admRulSeq=2100000222744
2025-08-21 23:28:38,058 - INFO - [scripts.adrule.logic.scraper] - 로딩 마스크가 나타나기를 기다리는 중...
2025-08-21 23:28:38,080 - INFO - [scripts.adrule.logic.scraper] - 로딩 마스크가 사라지기를 기다리는 중...
2025-08-21 23:28:38,159 - INFO - [scripts.adrule.logic.scraper] - 페이지 최종 렌더링을 잠시 대기합니다...
2025-08-21 23:28:39,161 - INFO - [scripts.adrule.logic.scraper] - 페이지 HTML 컨텐츠를 가져오는 중...
2025-08-21 23:28:39,177 - INFO - [scripts.adrule.logic.scraper] - 데이터 파싱 중...
2025-08-21 23:28:39,216 - INFO - [scripts.adrule.logic.scraper] - 정형화된 법령 구조('제N조' 제목 발견)를 감지했습니다.
2025-08-21 23:28:39,234 - INFO - [scripts.adrule.logic.scraper] - 데이터 1건을 '/Users/woong/Roeum/roeum-crawler/data/raw/adrule/1492000/고용노동부 고객지원실 운영규정_document.jsonl' 파일로 성공적으로 저장했습니다.
2025-08-21 23:28:39,234 - INFO - [scripts.adrule.logic.scraper] - 데이터 18건을 '/Users/woong/Roeum/roeum-crawler/data/raw/adrule/1492000/고용노동부 고객지원실 운영규정_chunks.jsonl' 파일로 성공적으로 저장했습니다.
2025-08-21 23:28:39,259 - INFO - [__main__] - 상세 페이지 스크레이퍼 완료: 고용노동부 고객지원실 운영규정
2025-08-21 23:28:40,477 - INFO - [__main__] - 상세 페이지 스크레이퍼 실행: https://www.law.go.kr/admRulInfoP.do?admRulSeq=2100000211064
2025-08-21 23:28:40,894 - INFO - [scripts.adrule.logic.scraper] - 페이지로 이동 중: https://www.law.go.kr/admRulInfoP.do?admRulSeq=2100000211064
2025-08-21 23:28:41,542 - INFO - [scripts.adrule.logic.scraper] - 로딩 마스크가 나타나기를 기다리는 중...
2025-08-21 23:28:41,574 - INFO - [scripts.adrule.logic.scraper] - 로딩 마스크가 사라지기를 기다리는 중...
2025-08-21 23:28:41,760 - INFO - [scripts.adrule.logic.scraper] - 페이지 최종 렌더링을 잠시 대기합니다...
2025-08-21 23:28:42,765 - INFO - [scripts.adrule.logic.scraper] - 페이지 HTML 컨텐츠를 가져오는 중...
2025-08-21 23:28:42,773 - INFO - [scripts.adrule.logic.scraper] - 데이터 파싱 중...
2025-08-21 23:28:42,802 - INFO - [scripts.adrule.logic.scraper] - 정형화된 법령 구조('제N조' 제목 발견)를 감지했습니다.
2025-08-21 23:28:42,814 - INFO - [scripts.adrule.logic.scraper] - 데이터 1건을 '/Users/woong/Roeum/roeum-crawler/data/raw/adrule/1492000/고용노동부 고용장려금 운영에 관한 규정_document.jsonl' 파일로 성공적으로 저장했습니다.
2025-08-21 23:28:42,814 - INFO - [scripts.adrule.logic.scraper] - 데이터 16건을 '/Users/woong/Roeum/roeum-crawler/data/raw/adrule/1492000/고용노동부 고용장려금 운영에 관한 규정_chunks.jsonl' 파일로 성공적으로 저장했습니다.
2025-08-21 23:28:42,843 - INFO - [__main__] - 상세 페이지 스크레이퍼 완료: 고용노동부 고용장려금 운영에 관한 규정
2025-08-21 23:28:44,080 - INFO - [__main__] - 상세 페이지 스크레이퍼 실행: https://www.law.go.kr/admRulInfoP.do?admRulSeq=2000000017616
2025-08-21 23:28:44,469 - INFO - [scripts.adrule.logic.scraper] - 페이지로 이동 중: https://www.law.go.kr/admRulInfoP.do?admRulSeq=2000000017616
2025-08-21 23:28:45,165 - INFO - [scripts.adrule.logic.scraper] - 로딩 마스크가 나타나기를 기다리는 중...
2025-08-21 23:28:45,189 - INFO - [scripts.adrule.logic.scraper] - 로딩 마스크가 사라지기를 기다리는 중...
2025-08-21 23:28:45,377 - INFO - [scripts.adrule.logic.scraper] - 페이지 최종 렌더링을 잠시 대기합니다...
2025-08-21 23:28:46,381 - INFO - [scripts.adrule.logic.scraper] - 페이지 HTML 컨텐츠를 가져오는 중...
2025-08-21 23:28:46,394 - INFO - [scripts.adrule.logic.scraper] - 데이터 파싱 중...
2025-08-21 23:28:46,430 - INFO - [scripts.adrule.logic.scraper] - 정형화된 법령 구조('제N조' 제목 발견)를 감지했습니다.
2025-08-21 23:28:46,435 - INFO - [scripts.adrule.logic.scraper] - 데이터 1건을 '/Users/woong/Roeum/roeum-crawler/data/raw/adrule/1492000/고용노동부 공무원의 국제기구 파견에 관한 지침_document.jsonl' 파일로 성공적으로 저장했습니다.
2025-08-21 23:28:46,435 - INFO - [scripts.adrule.logic.scraper] - 데이터 5건을 '/Users/woong/Roeum/roeum-crawler/data/raw/adrule/1492000/고용노동부 공무원의 국제기구 파견에 관한 지침_chunks.jsonl' 파일로 성공적으로 저장했습니다.
2025-08-21 23:28:46,460 - INFO - [__main__] - 상세 페이지 스크레이퍼 완료: 고용노동부 공무원의 국제기구 파견에 관한 지침
2025-08-21 23:28:47,679 - INFO - [__main__] - 상세 페이지 스크레이퍼 실행: https://www.law.go.kr/admRulInfoP.do?admRulSeq=2100000259170
2025-08-21 23:28:48,045 - INFO - [scripts.adrule.logic.scraper] - 페이지로 이동 중: https://www.law.go.kr/admRulInfoP.do?admRulSeq=2100000259170
2025-08-21 23:28:48,629 - INFO - [scripts.adrule.logic.scraper] - 로딩 마스크가 나타나기를 기다리는 중...
2025-08-21 23:28:48,650 - INFO - [scripts.adrule.logic.scraper] - 로딩 마스크가 사라지기를 기다리는 중...
2025-08-21 23:28:48,736 - INFO - [scripts.adrule.logic.scraper] - 페이지 최종 렌더링을 잠시 대기합니다...
2025-08-21 23:28:49,739 - INFO - [scripts.adrule.logic.scraper] - 페이지 HTML 컨텐츠를 가져오는 중...
2025-08-21 23:28:49,760 - INFO - [scripts.adrule.logic.scraper] - 데이터 파싱 중...
2025-08-21 23:28:49,825 - INFO - [scripts.adrule.logic.scraper] - 정형화된 법령 구조('제N조' 제목 발견)를 감지했습니다.
2025-08-21 23:28:49,835 - INFO - [scripts.adrule.logic.scraper] - 데이터 1건을 '/Users/woong/Roeum/roeum-crawler/data/raw/adrule/1492000/고용노동부 공무원 정원배정표_document.jsonl' 파일로 성공적으로 저장했습니다.
2025-08-21 23:28:49,835 - INFO - [scripts.adrule.logic.scraper] - 데이터 6건을 '/Users/woong/Roeum/roeum-crawler/data/raw/adrule/1492000/고용노동부 공무원 정원배정표_chunks.jsonl' 파일로 성공적으로 저장했습니다.
2025-08-21 23:28:49,856 - INFO - [__main__] - 상세 페이지 스크레이퍼 완료: 고용노동부 공무원 정원배정표
2025-08-21 23:28:51,068 - INFO - [__main__] - 상세 페이지 스크레이퍼 실행: https://www.law.go.kr/admRulInfoP.do?admRulSeq=2100000237204
2025-08-21 23:28:51,429 - INFO - [scripts.adrule.logic.scraper] - 페이지로 이동 중: https://www.law.go.kr/admRulInfoP.do?admRulSeq=2100000237204
2025-08-21 23:28:51,978 - INFO - [scripts.adrule.logic.scraper] - 로딩 마스크가 나타나기를 기다리는 중...
2025-08-21 23:28:51,999 - INFO - [scripts.adrule.logic.scraper] - 로딩 마스크가 사라지기를 기다리는 중...
2025-08-21 23:28:52,116 - INFO - [scripts.adrule.logic.scraper] - 페이지 최종 렌더링을 잠시 대기합니다...
2025-08-21 23:28:53,120 - INFO - [scripts.adrule.logic.scraper] - 페이지 HTML 컨텐츠를 가져오는 중...
2025-08-21 23:28:53,146 - INFO - [scripts.adrule.logic.scraper] - 데이터 파싱 중...
2025-08-21 23:28:53,217 - INFO - [scripts.adrule.logic.scraper] - 정형화된 법령 구조('제N조' 제목 발견)를 감지했습니다.
2025-08-21 23:28:53,243 - INFO - [scripts.adrule.logic.scraper] - 데이터 1건을 '/Users/woong/Roeum/roeum-crawler/data/raw/adrule/1492000/고용노동부 공무원 행동강령_document.jsonl' 파일로 성공적으로 저장했습니다.
2025-08-21 23:28:53,244 - INFO - [scripts.adrule.logic.scraper] - 데이터 41건을 '/Users/woong/Roeum/roeum-crawler/data/raw/adrule/1492000/고용노동부 공무원 행동강령_chunks.jsonl' 파일로 성공적으로 저장했습니다.
2025-08-21 23:28:53,265 - INFO - [__main__] - 상세 페이지 스크레이퍼 완료: 고용노동부 공무원 행동강령
2025-08-21 23:28:54,481 - INFO - [__main__] - 상세 페이지 스크레이퍼 실행: https://www.law.go.kr/admRulInfoP.do?admRulSeq=2100000217135
2025-08-21 23:28:54,827 - INFO - [scripts.adrule.logic.scraper] - 페이지로 이동 중: https://www.law.go.kr/admRulInfoP.do?admRulSeq=2100000217135
2025-08-21 23:28:55,356 - INFO - [scripts.adrule.logic.scraper] - 로딩 마스크가 나타나기를 기다리는 중...
2025-08-21 23:28:55,376 - INFO - [scripts.adrule.logic.scraper] - 로딩 마스크가 사라지기를 기다리는 중...
2025-08-21 23:28:55,620 - INFO - [scripts.adrule.logic.scraper] - 페이지 최종 렌더링을 잠시 대기합니다...
2025-08-21 23:28:56,624 - INFO - [scripts.adrule.logic.scraper] - 페이지 HTML 컨텐츠를 가져오는 중...
2025-08-21 23:28:56,657 - INFO - [scripts.adrule.logic.scraper] - 데이터 파싱 중...
2025-08-21 23:28:56,744 - INFO - [scripts.adrule.logic.scraper] - 정형화된 법령 구조('제N조' 제목 발견)를 감지했습니다.
2025-08-21 23:28:56,795 - INFO - [scripts.adrule.logic.scraper] - 데이터 1건을 '/Users/woong/Roeum/roeum-crawler/data/raw/adrule/1492000/고용노동부 공무직근로자 운영규정_document.jsonl' 파일로 성공적으로 저장했습니다.
2025-08-21 23:28:56,796 - INFO - [scripts.adrule.logic.scraper] - 데이터 92건을 '/Users/woong/Roeum/roeum-crawler/data/raw/adrule/1492000/고용노동부 공무직근로자 운영규정_chunks.jsonl' 파일로 성공적으로 저장했습니다.
2025-08-21 23:28:56,817 - INFO - [__main__] - 상세 페이지 스크레이퍼 완료: 고용노동부 공무직근로자 운영규정
2025-08-21 23:28:58,064 - INFO - [__main__] - 상세 페이지 스크레이퍼 실행: https://www.law.go.kr/admRulInfoP.do?admRulSeq=2100000234738
2025-08-21 23:28:58,537 - INFO - [scripts.adrule.logic.scraper] - 페이지로 이동 중: https://www.law.go.kr/admRulInfoP.do?admRulSeq=2100000234738
2025-08-21 23:28:59,456 - INFO - [scripts.adrule.logic.scraper] - 로딩 마스크가 나타나기를 기다리는 중...
2025-08-21 23:28:59,482 - INFO - [scripts.adrule.logic.scraper] - 로딩 마스크가 사라지기를 기다리는 중...
2025-08-21 23:28:59,672 - INFO - [scripts.adrule.logic.scraper] - 페이지 최종 렌더링을 잠시 대기합니다...
2025-08-21 23:29:00,683 - INFO - [scripts.adrule.logic.scraper] - 페이지 HTML 컨텐츠를 가져오는 중...
2025-08-21 23:29:00,770 - INFO - [scripts.adrule.logic.scraper] - 데이터 파싱 중...
2025-08-21 23:29:00,809 - INFO - [scripts.adrule.logic.scraper] - 정형화된 법령 구조('제N조' 제목 발견)를 감지했습니다.
2025-08-21 23:29:00,836 - INFO - [scripts.adrule.logic.scraper] - 데이터 1건을 '/Users/woong/Roeum/roeum-crawler/data/raw/adrule/1492000/고용노동부 공사감독 업무규정_document.jsonl' 파일로 성공적으로 저장했습니다.
2025-08-21 23:29:00,837 - INFO - [scripts.adrule.logic.scraper] - 데이터 19건을 '/Users/woong/Roeum/roeum-crawler/data/raw/adrule/1492000/고용노동부 공사감독 업무규정_chunks.jsonl' 파일로 성공적으로 저장했습니다.
2025-08-21 23:29:00,877 - INFO - [__main__] - 상세 페이지 스크레이퍼 완료: 고용노동부 공사감독 업무규정
2025-08-21 23:29:02,383 - INFO - [__main__] - 상세 페이지 스크레이퍼 실행: https://www.law.go.kr/admRulInfoP.do?admRulSeq=2100000211590
2025-08-21 23:29:02,966 - INFO - [scripts.adrule.logic.scraper] - 페이지로 이동 중: https://www.law.go.kr/admRulInfoP.do?admRulSeq=2100000211590
2025-08-21 23:29:03,525 - INFO - [scripts.adrule.logic.scraper] - 로딩 마스크가 나타나기를 기다리는 중...
2025-08-21 23:29:03,546 - INFO - [scripts.adrule.logic.scraper] - 로딩 마스크가 사라지기를 기다리는 중...
2025-08-21 23:29:03,654 - INFO - [scripts.adrule.logic.scraper] - 페이지 최종 렌더링을 잠시 대기합니다...
2025-08-21 23:29:04,660 - INFO - [scripts.adrule.logic.scraper] - 페이지 HTML 컨텐츠를 가져오는 중...
2025-08-21 23:29:04,680 - INFO - [scripts.adrule.logic.scraper] - 데이터 파싱 중...
2025-08-21 23:29:04,732 - INFO - [scripts.adrule.logic.scraper] - 정형화된 법령 구조('제N조' 제목 발견)를 감지했습니다.
2025-08-21 23:29:04,743 - INFO - [scripts.adrule.logic.scraper] - 데이터 1건을 '/Users/woong/Roeum/roeum-crawler/data/raw/adrule/1492000/고용노동부 공직자의 이해충돌 방지제도 운영지침_document.jsonl' 파일로 성공적으로 저장했습니다.
2025-08-21 23:29:04,744 - INFO - [scripts.adrule.logic.scraper] - 데이터 19건을 '/Users/woong/Roeum/roeum-crawler/data/raw/adrule/1492000/고용노동부 공직자의 이해충돌 방지제도 운영지침_chunks.jsonl' 파일로 성공적으로 저장했습니다.
2025-08-21 23:29:04,770 - INFO - [__main__] - 상세 페이지 스크레이퍼 완료: 고용노동부 공직자의 이해충돌 방지제도 운영지침
2025-08-21 23:29:06,093 - INFO - [__main__] - 상세 페이지 스크레이퍼 실행: https://www.law.go.kr/admRulInfoP.do?admRulSeq=2100000234750
2025-08-21 23:29:06,483 - INFO - [scripts.adrule.logic.scraper] - 페이지로 이동 중: https://www.law.go.kr/admRulInfoP.do?admRulSeq=2100000234750
2025-08-21 23:29:07,094 - INFO - [scripts.adrule.logic.scraper] - 로딩 마스크가 나타나기를 기다리는 중...
2025-08-21 23:29:07,130 - INFO - [scripts.adrule.logic.scraper] - 로딩 마스크가 사라지기를 기다리는 중...
2025-08-21 23:29:07,212 - INFO - [scripts.adrule.logic.scraper] - 페이지 최종 렌더링을 잠시 대기합니다...
2025-08-21 23:29:08,215 - INFO - [scripts.adrule.logic.scraper] - 페이지 HTML 컨텐츠를 가져오는 중...
2025-08-21 23:29:08,228 - INFO - [scripts.adrule.logic.scraper] - 데이터 파싱 중...
2025-08-21 23:29:08,269 - INFO - [scripts.adrule.logic.scraper] - 정형화된 법령 구조('제N조' 제목 발견)를 감지했습니다.
2025-08-21 23:29:08,289 - INFO - [scripts.adrule.logic.scraper] - 데이터 1건을 '/Users/woong/Roeum/roeum-crawler/data/raw/adrule/1492000/고용노동부 관사의 운영 및 관리규정_document.jsonl' 파일로 성공적으로 저장했습니다.
2025-08-21 23:29:08,289 - INFO - [scripts.adrule.logic.scraper] - 데이터 20건을 '/Users/woong/Roeum/roeum-crawler/data/raw/adrule/1492000/고용노동부 관사의 운영 및 관리규정_chunks.jsonl' 파일로 성공적으로 저장했습니다.
2025-08-21 23:29:08,317 - INFO - [__main__] - 상세 페이지 스크레이퍼 완료: 고용노동부 관사의 운영 및 관리규정
2025-08-21 23:29:09,543 - INFO - [__main__] - 상세 페이지 스크레이퍼 실행: https://www.law.go.kr/admRulInfoP.do?admRulSeq=2100000217173
2025-08-21 23:29:09,948 - INFO - [scripts.adrule.logic.scraper] - 페이지로 이동 중: https://www.law.go.kr/admRulInfoP.do?admRulSeq=2100000217173
2025-08-21 23:29:10,650 - INFO - [scripts.adrule.logic.scraper] - 로딩 마스크가 나타나기를 기다리는 중...
2025-08-21 23:29:10,677 - INFO - [scripts.adrule.logic.scraper] - 로딩 마스크가 사라지기를 기다리는 중...
2025-08-21 23:29:10,865 - INFO - [scripts.adrule.logic.scraper] - 페이지 최종 렌더링을 잠시 대기합니다...
2025-08-21 23:29:11,869 - INFO - [scripts.adrule.logic.scraper] - 페이지 HTML 컨텐츠를 가져오는 중...
2025-08-21 23:29:11,882 - INFO - [scripts.adrule.logic.scraper] - 데이터 파싱 중...
2025-08-21 23:29:11,920 - INFO - [scripts.adrule.logic.scraper] - 정형화된 법령 구조('제N조' 제목 발견)를 감지했습니다.
2025-08-21 23:29:11,937 - INFO - [scripts.adrule.logic.scraper] - 데이터 1건을 '/Users/woong/Roeum/roeum-crawler/data/raw/adrule/1492000/고용노동부 국가정보자료관리세부시행규칙_document.jsonl' 파일로 성공적으로 저장했습니다.
2025-08-21 23:29:11,937 - INFO - [scripts.adrule.logic.scraper] - 데이터 16건을 '/Users/woong/Roeum/roeum-crawler/data/raw/adrule/1492000/고용노동부 국가정보자료관리세부시행규칙_chunks.jsonl' 파일로 성공적으로 저장했습니다.
2025-08-21 23:29:11,964 - INFO - [__main__] - 상세 페이지 스크레이퍼 완료: 고용노동부 국가정보자료관리세부시행규칙
2025-08-21 23:29:13,379 - INFO - [__main__] - 상세 페이지 스크레이퍼 실행: https://www.law.go.kr/admRulInfoP.do?admRulSeq=2100000227252
2025-08-21 23:29:14,114 - INFO - [scripts.adrule.logic.scraper] - 페이지로 이동 중: https://www.law.go.kr/admRulInfoP.do?admRulSeq=2100000227252
2025-08-21 23:29:14,715 - INFO - [scripts.adrule.logic.scraper] - 로딩 마스크가 나타나기를 기다리는 중...
2025-08-21 23:29:14,740 - INFO - [scripts.adrule.logic.scraper] - 로딩 마스크가 사라지기를 기다리는 중...
2025-08-21 23:29:14,825 - INFO - [scripts.adrule.logic.scraper] - 페이지 최종 렌더링을 잠시 대기합니다...
2025-08-21 23:29:15,828 - INFO - [scripts.adrule.logic.scraper] - 페이지 HTML 컨텐츠를 가져오는 중...
2025-08-21 23:29:15,841 - INFO - [scripts.adrule.logic.scraper] - 데이터 파싱 중...
2025-08-21 23:29:15,887 - INFO - [scripts.adrule.logic.scraper] - 정형화된 법령 구조('제N조' 제목 발견)를 감지했습니다.
2025-08-21 23:29:15,895 - INFO - [scripts.adrule.logic.scraper] - 데이터 1건을 '/Users/woong/Roeum/roeum-crawler/data/raw/adrule/1492000/고용노동부 국제고용노동정책에 관한 규정_document.jsonl' 파일로 성공적으로 저장했습니다.
2025-08-21 23:29:15,896 - INFO - [scripts.adrule.logic.scraper] - 데이터 8건을 '/Users/woong/Roeum/roeum-crawler/data/raw/adrule/1492000/고용노동부 국제고용노동정책에 관한 규정_chunks.jsonl' 파일로 성공적으로 저장했습니다.
2025-08-21 23:29:15,921 - INFO - [__main__] - 상세 페이지 스크레이퍼 완료: 고용노동부 국제고용노동정책에 관한 규정
2025-08-21 23:29:17,185 - INFO - [__main__] - 상세 페이지 스크레이퍼 실행: https://www.law.go.kr/admRulInfoP.do?admRulSeq=2100000241896
2025-08-21 23:29:17,589 - INFO - [scripts.adrule.logic.scraper] - 페이지로 이동 중: https://www.law.go.kr/admRulInfoP.do?admRulSeq=2100000241896
2025-08-21 23:29:18,238 - INFO - [scripts.adrule.logic.scraper] - 로딩 마스크가 나타나기를 기다리는 중...
2025-08-21 23:29:18,263 - INFO - [scripts.adrule.logic.scraper] - 로딩 마스크가 사라지기를 기다리는 중...
2025-08-21 23:29:18,356 - INFO - [scripts.adrule.logic.scraper] - 페이지 최종 렌더링을 잠시 대기합니다...
2025-08-21 23:29:19,358 - INFO - [scripts.adrule.logic.scraper] - 페이지 HTML 컨텐츠를 가져오는 중...
2025-08-21 23:29:19,369 - INFO - [scripts.adrule.logic.scraper] - 데이터 파싱 중...
2025-08-21 23:29:19,407 - INFO - [scripts.adrule.logic.scraper] - 정형화된 법령 구조('제N조' 제목 발견)를 감지했습니다.
2025-08-21 23:29:19,417 - INFO - [scripts.adrule.logic.scraper] - 데이터 1건을 '/Users/woong/Roeum/roeum-crawler/data/raw/adrule/1492000/고용노동부 규제심사위원회 운영규정_document.jsonl' 파일로 성공적으로 저장했습니다.
2025-08-21 23:29:19,417 - INFO - [scripts.adrule.logic.scraper] - 데이터 9건을 '/Users/woong/Roeum/roeum-crawler/data/raw/adrule/1492000/고용노동부 규제심사위원회 운영규정_chunks.jsonl' 파일로 성공적으로 저장했습니다.
2025-08-21 23:29:19,442 - INFO - [__main__] - 상세 페이지 스크레이퍼 완료: 고용노동부 규제심사위원회 운영규정
2025-08-21 23:29:20,706 - INFO - [__main__] - 상세 페이지 스크레이퍼 실행: https://www.law.go.kr/admRulInfoP.do?admRulSeq=2100000196292
2025-08-21 23:29:21,112 - INFO - [scripts.adrule.logic.scraper] - 페이지로 이동 중: https://www.law.go.kr/admRulInfoP.do?admRulSeq=2100000196292
2025-08-21 23:29:21,736 - INFO - [scripts.adrule.logic.scraper] - 로딩 마스크가 나타나기를 기다리는 중...
2025-08-21 23:29:21,758 - INFO - [scripts.adrule.logic.scraper] - 로딩 마스크가 사라지기를 기다리는 중...
2025-08-21 23:29:21,948 - INFO - [scripts.adrule.logic.scraper] - 페이지 최종 렌더링을 잠시 대기합니다...
2025-08-21 23:29:22,953 - INFO - [scripts.adrule.logic.scraper] - 페이지 HTML 컨텐츠를 가져오는 중...
2025-08-21 23:29:22,979 - INFO - [scripts.adrule.logic.scraper] - 데이터 파싱 중...
2025-08-21 23:29:23,049 - INFO - [scripts.adrule.logic.scraper] - 정형화된 법령 구조('제N조' 제목 발견)를 감지했습니다.
2025-08-21 23:29:23,075 - INFO - [scripts.adrule.logic.scraper] - 데이터 1건을 '/Users/woong/Roeum/roeum-crawler/data/raw/adrule/1492000/고용노동부 기간제근로자 운영규정_document.jsonl' 파일로 성공적으로 저장했습니다.
2025-08-21 23:29:23,075 - INFO - [scripts.adrule.logic.scraper] - 데이터 38건을 '/Users/woong/Roeum/roeum-crawler/data/raw/adrule/1492000/고용노동부 기간제근로자 운영규정_chunks.jsonl' 파일로 성공적으로 저장했습니다.
2025-08-21 23:29:23,100 - INFO - [__main__] - 상세 페이지 스크레이퍼 완료: 고용노동부 기간제근로자 운영규정
