2025-08-17 15:06:13,385 - INFO - [__main__] - 총 154개의 URL을 './bin/../data/raw/1492000/urls.jsonl' 파일에 저장했습니다.
2025-08-17 15:06:13,574 - INFO - [__main__] - 상세 페이지 스크레이퍼 실행: https://www.law.go.kr/LSW/lsInfoP.do?lsiSeq=232959&efYd=20220616
2025-08-17 15:06:26,523 - INFO - [__main__] - 상세 페이지 스크레이퍼 완료: 가사근로자의 고용개선 등에 관한 법률
2025-08-17 15:06:27,781 - INFO - [__main__] - 상세 페이지 스크레이퍼 실행: https://www.law.go.kr/LSW/lsInfoP.do?lsiSeq=267779&efYd=20241231
2025-08-17 15:06:31,447 - INFO - [__main__] - 상세 페이지 스크레이퍼 완료: 가사근로자의 고용개선 등에 관한 법률 시행령
2025-08-17 15:06:32,667 - INFO - [__main__] - 상세 페이지 스크레이퍼 실행: https://www.law.go.kr/LSW/lsInfoP.do?lsiSeq=243269&efYd=20220616
2025-08-17 15:06:35,702 - INFO - [__main__] - 상세 페이지 스크레이퍼 완료: 가사근로자의 고용개선 등에 관한 법률 시행규칙
2025-08-17 15:06:36,931 - INFO - [__main__] - 상세 페이지 스크레이퍼 실행: https://www.law.go.kr/LSW/lsInfoP.do?lsiSeq=234693&efYd=20220218
2025-08-17 15:06:40,574 - INFO - [__main__] - 상세 페이지 스크레이퍼 완료: 건설근로자의 고용개선 등에 관한 법률
2025-08-17 15:06:41,799 - INFO - [__main__] - 상세 페이지 스크레이퍼 실행: https://www.law.go.kr/LSW/lsInfoP.do?lsiSeq=270619&efYd=20250415
2025-08-17 15:06:55,108 - INFO - [__main__] - 상세 페이지 스크레이퍼 완료: 건설근로자의 고용개선 등에 관한 법률 시행령
2025-08-17 15:06:56,373 - INFO - [__main__] - 상세 페이지 스크레이퍼 실행: https://www.law.go.kr/LSW/lsInfoP.do?lsiSeq=265105&efYd=20240828
2025-08-17 15:06:59,800 - INFO - [__main__] - 상세 페이지 스크레이퍼 완료: 건설근로자의 고용개선 등에 관한 법률 시행규칙
2025-08-17 15:07:01,022 - INFO - [__main__] - 상세 페이지 스크레이퍼 실행: https://www.law.go.kr/LSW/lsInfoP.do?lsiSeq=228177&efYd=20210706
2025-08-17 15:07:04,488 - INFO - [__main__] - 상세 페이지 스크레이퍼 완료: 경제사회노동위원회법
2025-08-17 15:07:05,713 - INFO - [__main__] - 상세 페이지 스크레이퍼 실행: https://www.law.go.kr/LSW/lsInfoP.do?lsiSeq=204361&efYd=20180913
2025-08-17 15:07:08,918 - INFO - [__main__] - 상세 페이지 스크레이퍼 완료: 경제사회노동위원회법 시행령
2025-08-17 15:07:10,135 - INFO - [__main__] - 상세 페이지 스크레이퍼 실행: https://www.law.go.kr/LSW/lsInfoP.do?lsiSeq=246209&efYd=20221216
2025-08-17 15:07:13,620 - INFO - [__main__] - 상세 페이지 스크레이퍼 완료: 고용노동부 소관 비상대비에 관한 법률 시행규칙
2025-08-17 15:07:14,977 - INFO - [__main__] - 상세 페이지 스크레이퍼 실행: https://www.law.go.kr/LSW/lsInfoP.do?lsiSeq=193534&efYd=20170419
2025-08-17 15:07:18,153 - INFO - [__main__] - 상세 페이지 스크레이퍼 완료: 고용노동부 소관 비영리법인의 설립 및 감독에 관한 규칙
2025-08-17 15:07:19,383 - INFO - [__main__] - 상세 페이지 스크레이퍼 실행: https://www.law.go.kr/LSW/lsInfoP.do?lsiSeq=271125&efYd=20250520
2025-08-17 15:07:23,590 - INFO - [__main__] - 상세 페이지 스크레이퍼 완료: 고용노동부와 그 소속기관 직제
2025-08-17 15:07:24,817 - INFO - [__main__] - 상세 페이지 스크레이퍼 실행: https://www.law.go.kr/LSW/lsInfoP.do?lsiSeq=271223&efYd=20250602
2025-08-17 15:07:29,748 - INFO - [__main__] - 상세 페이지 스크레이퍼 완료: 고용노동부와 그 소속기관 직제 시행규칙
2025-08-17 15:07:30,974 - INFO - [__main__] - 상세 페이지 스크레이퍼 실행: https://www.law.go.kr/LSW/lsInfoP.do?lsiSeq=247481&efYd=20240101
2025-08-17 15:07:34,865 - INFO - [__main__] - 상세 페이지 스크레이퍼 완료: 고용보험 및 산업재해보상보험의 보험료징수 등에 관한 법률
2025-08-17 15:07:36,084 - INFO - [__main__] - 상세 페이지 스크레이퍼 실행: https://www.law.go.kr/LSW/lsInfoP.do?lsiSeq=271473&efYd=20250602
2025-08-17 15:07:40,329 - INFO - [__main__] - 상세 페이지 스크레이퍼 완료: 고용보험 및 산업재해보상보험의 보험료징수 등에 관한 법률 시행령
2025-08-17 15:07:41,558 - INFO - [__main__] - 상세 페이지 스크레이퍼 실행: https://www.law.go.kr/LSW/lsInfoP.do?lsiSeq=272679&efYd=20250701
2025-08-17 15:07:48,431 - INFO - [__main__] - 상세 페이지 스크레이퍼 완료: 고용보험 및 산업재해보상보험의 보험료징수 등에 관한 법률 시행규칙
2025-08-17 15:07:49,669 - INFO - [__main__] - 상세 페이지 스크레이퍼 실행: https://www.law.go.kr/LSW/lsInfoP.do?lsiSeq=265957&efYd=20250223
2025-08-17 15:07:53,636 - INFO - [__main__] - 상세 페이지 스크레이퍼 완료: 고용보험법
2025-08-17 15:07:54,872 - INFO - [__main__] - 상세 페이지 스크레이퍼 실행: https://www.law.go.kr/LSW/lsInfoP.do?lsiSeq=273039&efYd=20250805
2025-08-17 15:07:58,872 - INFO - [__main__] - 상세 페이지 스크레이퍼 완료: 고용보험법 시행령
2025-08-17 15:08:00,126 - INFO - [__main__] - 상세 페이지 스크레이퍼 실행: https://www.law.go.kr/LSW/lsInfoP.do?lsiSeq=272635&efYd=20250701
2025-08-17 15:08:07,609 - INFO - [__main__] - 상세 페이지 스크레이퍼 완료: 고용보험법 시행규칙
2025-08-17 15:08:08,864 - INFO - [__main__] - 상세 페이지 스크레이퍼 실행: https://www.law.go.kr/LSW/lsInfoP.do?lsiSeq=91137&efYd=20090107
2025-08-17 15:08:12,492 - INFO - [__main__] - 상세 페이지 스크레이퍼 완료: 고용보험ㆍ산업재해보상보험의 보험관계 성립신고 등의 촉진을 위한 특별조치법
2025-08-17 15:08:13,725 - INFO - [__main__] - 상세 페이지 스크레이퍼 실행: https://www.law.go.kr/LSW/lsInfoP.do?lsiSeq=243057&efYd=20220610
2025-08-17 15:08:18,806 - INFO - [__main__] - 상세 페이지 스크레이퍼 완료: 고용상 연령차별금지 및 고령자고용촉진에 관한 법률
2025-08-17 15:08:20,022 - INFO - [__main__] - 상세 페이지 스크레이퍼 실행: https://www.law.go.kr/LSW/lsInfoP.do?lsiSeq=267181&efYd=20250101
2025-08-17 15:08:22,913 - INFO - [__main__] - 상세 페이지 스크레이퍼 완료: 고용상 연령차별금지 및 고령자고용촉진에 관한 법률 시행령
2025-08-17 15:08:24,124 - INFO - [__main__] - 상세 페이지 스크레이퍼 실행: https://www.law.go.kr/LSW/lsInfoP.do?lsiSeq=243713&efYd=20220701
2025-08-17 15:08:27,262 - INFO - [__main__] - 상세 페이지 스크레이퍼 완료: 고용상 연령차별금지 및 고령자고용촉진에 관한 법률 시행규칙
2025-08-17 15:08:28,481 - INFO - [__main__] - 상세 페이지 스크레이퍼 실행: https://www.law.go.kr/LSW/lsInfoP.do?lsiSeq=258087&efYd=20240109
2025-08-17 15:08:32,008 - INFO - [__main__] - 상세 페이지 스크레이퍼 완료: 고용정책 기본법
2025-08-17 15:08:33,220 - INFO - [__main__] - 상세 페이지 스크레이퍼 실행: https://www.law.go.kr/LSW/lsInfoP.do?lsiSeq=270057&efYd=20250325
2025-08-17 15:08:36,389 - INFO - [__main__] - 상세 페이지 스크레이퍼 완료: 고용정책 기본법 시행령
2025-08-17 15:08:37,614 - INFO - [__main__] - 상세 페이지 스크레이퍼 실행: https://www.law.go.kr/LSW/lsInfoP.do?lsiSeq=256495&efYd=20231205
2025-08-17 15:08:41,759 - INFO - [__main__] - 상세 페이지 스크레이퍼 완료: 고용정책 기본법 시행규칙
2025-08-17 15:08:42,974 - INFO - [__main__] - 상세 페이지 스크레이퍼 실행: https://www.law.go.kr/LSW/lsInfoP.do?lsiSeq=243037&efYd=20231211
2025-08-17 15:08:46,517 - INFO - [__main__] - 상세 페이지 스크레이퍼 완료: 공무원의 노동조합 설립 및 운영 등에 관한 법률
2025-08-17 15:08:47,746 - INFO - [__main__] - 상세 페이지 스크레이퍼 실행: https://www.law.go.kr/LSW/lsInfoP.do?lsiSeq=256437&efYd=20231211
2025-08-17 15:08:51,478 - INFO - [__main__] - 상세 페이지 스크레이퍼 완료: 공무원의 노동조합 설립 및 운영 등에 관한 법률 시행령
2025-08-17 15:08:52,698 - INFO - [__main__] - 상세 페이지 스크레이퍼 실행: https://www.law.go.kr/LSW/lsInfoP.do?lsiSeq=257903&efYd=20240101
2025-08-17 15:08:56,052 - INFO - [__main__] - 상세 페이지 스크레이퍼 완료: 공무원의 노동조합 설립 및 운영 등에 관한 법률 시행규칙
2025-08-17 15:08:57,360 - INFO - [__main__] - 상세 페이지 스크레이퍼 실행: https://www.law.go.kr/LSW/lsInfoP.do?lsiSeq=243059&efYd=20221211
2025-08-17 15:09:10,852 - INFO - [__main__] - 상세 페이지 스크레이퍼 완료: 공인노무사법
2025-08-17 15:09:12,167 - INFO - [__main__] - 상세 페이지 스크레이퍼 실행: https://www.law.go.kr/LSW/lsInfoP.do?lsiSeq=265549&efYd=20240926
2025-08-17 15:09:15,448 - INFO - [__main__] - 상세 페이지 스크레이퍼 완료: 공인노무사법 시행령
2025-08-17 15:09:16,671 - INFO - [__main__] - 상세 페이지 스크레이퍼 실행: https://www.law.go.kr/LSW/lsInfoP.do?lsiSeq=247371&efYd=20221230
2025-08-17 15:09:20,670 - INFO - [__main__] - 상세 페이지 스크레이퍼 완료: 공인노무사법 시행규칙
2025-08-17 15:09:21,897 - INFO - [__main__] - 상세 페이지 스크레이퍼 실행: https://www.law.go.kr/LSW/lsInfoP.do?lsiSeq=233829&efYd=20220101
2025-08-17 15:09:24,876 - INFO - [__main__] - 상세 페이지 스크레이퍼 완료: 공휴일에 관한 법률
2025-08-17 15:09:26,184 - INFO - [__main__] - 상세 페이지 스크레이퍼 실행: https://www.law.go.kr/LSW/lsInfoP.do?lsiSeq=243039&efYd=20231211
2025-08-17 15:09:30,001 - INFO - [__main__] - 상세 페이지 스크레이퍼 완료: 교원의 노동조합 설립 및 운영 등에 관한 법률
2025-08-17 15:09:31,233 - INFO - [__main__] - 상세 페이지 스크레이퍼 실행: https://www.law.go.kr/LSW/lsInfoP.do?lsiSeq=256439&efYd=20231211
2025-08-17 15:09:35,401 - INFO - [__main__] - 상세 페이지 스크레이퍼 완료: 교원의 노동조합 설립 및 운영 등에 관한 법률 시행령
2025-08-17 15:09:36,664 - INFO - [__main__] - 상세 페이지 스크레이퍼 실행: https://www.law.go.kr/LSW/lsInfoP.do?lsiSeq=233793&efYd=20210706
2025-08-17 15:09:39,714 - INFO - [__main__] - 상세 페이지 스크레이퍼 완료: 교원의 노동조합 설립 및 운영 등에 관한 법률 시행규칙
2025-08-17 15:09:40,926 - INFO - [__main__] - 상세 페이지 스크레이퍼 실행: https://www.law.go.kr/LSW/lsInfoP.do?lsiSeq=253641&efYd=20240209
2025-08-17 15:09:43,173 - INFO - [__main__] - 상세 페이지 스크레이퍼 실행: https://www.law.go.kr/LSW/lsInfoP.do?lsiSeq=260081&efYd=20240209
