2025-08-23 23:40:37,639 - INFO - [scripts.adrule.logic.url_checker] - URL 유효성 검증 성공: https://www.law.go.kr/admRulAstSc.do?menuId=391&subMenuId=397&tabMenuId=441&cptOfiCd=1492000
2025-08-23 23:40:38,236 - INFO - [scripts.adrule.logic.list_scraper] - 목록 페이지로 이동 중: https://www.law.go.kr/admRulAstSc.do?menuId=391&subMenuId=397&tabMenuId=441&cptOfiCd=1492000
2025-08-23 23:40:39,496 - INFO - [scripts.adrule.logic.list_scraper] - 총 9 페이지를 확인했습니다.
2025-08-23 23:40:39,496 - INFO - [scripts.adrule.logic.list_scraper] - 사용자 설정에 따라 최대 1 페이지만 크롤링합니다.
2025-08-23 23:40:39,496 - INFO - [scripts.adrule.logic.list_scraper] - --- 1 / 1 페이지 처리 중 ---
2025-08-23 23:40:39,536 - INFO - [scripts.adrule.logic.list_scraper] -   - 발견:  2025년도 건설업 월평균보수
2025-08-23 23:40:39,541 - INFO - [scripts.adrule.logic.list_scraper] -   - 발견:  2025년도 사업종류별 산재보험료율
2025-08-23 23:40:39,545 - INFO - [scripts.adrule.logic.list_scraper] -   - 발견:  2025년 적용 최저임금 고시
2025-08-23 23:40:39,550 - INFO - [scripts.adrule.logic.list_scraper] -   - 발견:  2026년 적용 최저임금 고시
2025-08-23 23:40:39,555 - INFO - [scripts.adrule.logic.list_scraper] -   - 발견:  2026년 적용 최저임금안 고시
2025-08-23 23:40:39,560 - INFO - [scripts.adrule.logic.list_scraper] -   - 발견:  가사근로자 사회보험료 지원에 관한 고시
2025-08-23 23:40:39,565 - INFO - [scripts.adrule.logic.list_scraper] -   - 발견:  가설공사 표준안전 작업지침
2025-08-23 23:40:39,569 - INFO - [scripts.adrule.logic.list_scraper] -   - 발견:  가스누출감지경보기 설치에 관한 기술상의 지침
2025-08-23 23:40:39,574 - INFO - [scripts.adrule.logic.list_scraper] -   - 발견:  감전재해 예방을 위한 기술상의 지침
2025-08-23 23:40:39,578 - INFO - [scripts.adrule.logic.list_scraper] -   - 발견:  개별연장급여 수급요건 중 학업 중인 사람에 대한 고시
2025-08-23 23:40:39,583 - INFO - [scripts.adrule.logic.list_scraper] -   - 발견:  개별연장급여 지급을 위한 임금 및 재산기준 고시
2025-08-23 23:40:39,588 - INFO - [scripts.adrule.logic.list_scraper] -   - 발견:  개인형퇴직연금제도로의 이전 예외사유 해당금액 고시
2025-08-23 23:40:39,593 - INFO - [scripts.adrule.logic.list_scraper] -   - 발견:  건설공사 안전보건대장의 작성 등에 관한 고시
2025-08-23 23:40:39,598 - INFO - [scripts.adrule.logic.list_scraper] -   - 발견:  건설공사의 노무비율
2025-08-23 23:40:39,601 - INFO - [scripts.adrule.logic.list_scraper] -   - 발견:  건설근로자고용개선전문위원회 운영규정
2025-08-23 23:40:39,605 - INFO - [scripts.adrule.logic.list_scraper] -   - 발견:  건설업 산업안전보건관리비 계상 및 사용기준
2025-08-23 23:40:39,609 - INFO - [scripts.adrule.logic.list_scraper] -   - 발견:  건설업에서 근로자 수 확인이 곤란한 장애인 고용의무 사업주의 공사실적액
2025-08-23 23:40:39,614 - INFO - [scripts.adrule.logic.list_scraper] -   - 발견:  건설업 유해·위험방지계획서 중 지도사가 평가·확인 할 수 있는 대상 건설공사의 범위 및 지도사의 요건
2025-08-23 23:40:39,618 - INFO - [scripts.adrule.logic.list_scraper] -   - 발견:  건설업자가 아닌 자가 시공하는 건설공사의 총공사금액 산정방법에 관한 규정
2025-08-23 23:40:39,623 - INFO - [scripts.adrule.logic.list_scraper] -   - 발견:  건설업체의 산업재해예방활동 실적 평가기준
2025-08-23 23:40:39,627 - INFO - [scripts.adrule.logic.list_scraper] -   - 발견:  고기압 작업에 관한 기준
2025-08-23 23:40:39,632 - INFO - [scripts.adrule.logic.list_scraper] -   - 발견:  고 김용균 사망사고 진상규명과 재발방지를 위한 석탄화력발전소 특별노동안전조사위원회 설치 및 운영에 관한 규정
2025-08-23 23:40:39,635 - INFO - [scripts.adrule.logic.list_scraper] -   - 발견:  고령자 고용안정지원금 지급 규정
2025-08-23 23:40:39,639 - INFO - [scripts.adrule.logic.list_scraper] -   - 발견:  고령자고용연장지원금액 등
2025-08-23 23:40:39,643 - INFO - [scripts.adrule.logic.list_scraper] -   - 발견:  고령자인재은행 및 중견전문인력 고용지원센터 운영규정
2025-08-23 23:40:39,648 - INFO - [scripts.adrule.logic.list_scraper] -   - 발견:  고용노동관계법 위반자에 대한 과태료 부과·징수 업무에 관한 예규
2025-08-23 23:40:39,652 - INFO - [scripts.adrule.logic.list_scraper] -   - 발견:  고용노동관 업무처리지침
2025-08-23 23:40:39,656 - INFO - [scripts.adrule.logic.list_scraper] -   - 발견:  고용노동부 2030 자문단 설치 및 운영에 관한 규정
2025-08-23 23:40:39,670 - INFO - [scripts.adrule.logic.list_scraper] -   - 발견:  고용노동부 갈등관리 운영규정
2025-08-23 23:40:39,673 - INFO - [scripts.adrule.logic.list_scraper] -   - 발견:  고용노동부 감사규정
2025-08-23 23:40:39,677 - INFO - [scripts.adrule.logic.list_scraper] -   - 발견:  고용노동부 개인정보 보호지침
2025-08-23 23:40:39,681 - INFO - [scripts.adrule.logic.list_scraper] -   - 발견:  고용노동부고객상담센터 기본운영규정
2025-08-23 23:40:39,685 - INFO - [scripts.adrule.logic.list_scraper] -   - 발견:  고용노동부고객상담센터 위임전결규정
2025-08-23 23:40:39,689 - INFO - [scripts.adrule.logic.list_scraper] -   - 발견:  고용노동부 고객지원실 운영규정
2025-08-23 23:40:39,692 - INFO - [scripts.adrule.logic.list_scraper] -   - 발견:  고용노동부 고용장려금 운영에 관한 규정
2025-08-23 23:40:39,698 - INFO - [scripts.adrule.logic.list_scraper] -   - 발견:  고용노동부 공무원의 국제기구 파견에 관한 지침
2025-08-23 23:40:39,703 - INFO - [scripts.adrule.logic.list_scraper] -   - 발견:  고용노동부 공무원 정원배정표
2025-08-23 23:40:39,707 - INFO - [scripts.adrule.logic.list_scraper] -   - 발견:  고용노동부 공무원 행동강령
2025-08-23 23:40:39,711 - INFO - [scripts.adrule.logic.list_scraper] -   - 발견:  고용노동부 공무직근로자 운영규정
2025-08-23 23:40:39,715 - INFO - [scripts.adrule.logic.list_scraper] -   - 발견:  고용노동부 공사감독 업무규정
2025-08-23 23:40:39,724 - INFO - [scripts.adrule.logic.list_scraper] -   - 발견:  고용노동부 공직자의 이해충돌 방지제도 운영지침
2025-08-23 23:40:39,727 - INFO - [scripts.adrule.logic.list_scraper] -   - 발견:  고용노동부 관사의 운영 및 관리규정
2025-08-23 23:40:39,732 - INFO - [scripts.adrule.logic.list_scraper] -   - 발견:  고용노동부 국가정보자료관리세부시행규칙
2025-08-23 23:40:39,740 - INFO - [scripts.adrule.logic.list_scraper] -   - 발견:  고용노동부 국제고용노동정책에 관한 규정
2025-08-23 23:40:39,745 - INFO - [scripts.adrule.logic.list_scraper] -   - 발견:  고용노동부 규제심사위원회 운영규정
2025-08-23 23:40:39,749 - INFO - [scripts.adrule.logic.list_scraper] -   - 발견:  고용노동부 기간제근로자 운영규정
2025-08-23 23:40:39,774 - INFO - [__main__] - 총 46개의 URL을 './bin/../data/raw/adrule/1492000/urls.jsonl' 파일에 저장했습니다.
2025-08-23 23:40:40,329 - INFO - [__main__] - 상세 페이지 스크레이퍼 실행: https://www.law.go.kr/admRulInfoP.do?admRulSeq=2100000252102
2025-08-23 23:40:40,685 - INFO - [scripts.adrule.logic.scraper] - 페이지로 이동 중: https://www.law.go.kr/admRulInfoP.do?admRulSeq=2100000252102
2025-08-23 23:40:41,215 - INFO - [scripts.adrule.logic.scraper] - 로딩 마스크가 나타나기를 기다리는 중...
2025-08-23 23:40:41,236 - INFO - [scripts.adrule.logic.scraper] - 로딩 마스크가 사라지기를 기다리는 중...
2025-08-23 23:40:41,316 - INFO - [scripts.adrule.logic.scraper] - 페이지 최종 렌더링을 잠시 대기합니다...
2025-08-23 23:40:42,319 - INFO - [scripts.adrule.logic.scraper] - 페이지 HTML 컨텐츠를 가져오는 중...
2025-08-23 23:40:42,327 - INFO - [scripts.adrule.logic.scraper] - 데이터 파싱 중...
2025-08-23 23:40:42,349 - INFO - [scripts.adrule.logic.scraper] - 유형 2: 텍스트 기반 비정형 구조 감지
2025-08-23 23:40:42,349 - INFO - [scripts.adrule.logic.scraper] - 데이터 1건을 '/Users/woong/Roeum/roeum-crawler/data/raw/adrule/1492000/2025년도 건설업 월평균보수_document.jsonl' 파일로 성공적으로 저장했습니다.
2025-08-23 23:40:42,350 - INFO - [scripts.adrule.logic.scraper] - 데이터 2건을 '/Users/woong/Roeum/roeum-crawler/data/raw/adrule/1492000/2025년도 건설업 월평균보수_chunks.jsonl' 파일로 성공적으로 저장했습니다.
2025-08-23 23:40:42,372 - INFO - [__main__] - 상세 페이지 스크레이퍼 완료: 2025년도 건설업 월평균보수
2025-08-23 23:40:43,822 - INFO - [__main__] - 상세 페이지 스크레이퍼 실행: https://www.law.go.kr/admRulInfoP.do?admRulSeq=2100000251996
2025-08-23 23:40:44,176 - INFO - [scripts.adrule.logic.scraper] - 페이지로 이동 중: https://www.law.go.kr/admRulInfoP.do?admRulSeq=2100000251996
2025-08-23 23:40:44,711 - INFO - [scripts.adrule.logic.scraper] - 로딩 마스크가 나타나기를 기다리는 중...
2025-08-23 23:40:44,731 - INFO - [scripts.adrule.logic.scraper] - 로딩 마스크가 사라지기를 기다리는 중...
2025-08-23 23:40:44,914 - INFO - [scripts.adrule.logic.scraper] - 페이지 최종 렌더링을 잠시 대기합니다...
2025-08-23 23:40:45,917 - INFO - [scripts.adrule.logic.scraper] - 페이지 HTML 컨텐츠를 가져오는 중...
2025-08-23 23:40:45,927 - INFO - [scripts.adrule.logic.scraper] - 데이터 파싱 중...
2025-08-23 23:40:45,954 - INFO - [scripts.adrule.logic.scraper] - 유형 2: 텍스트 기반 비정형 구조 감지
2025-08-23 23:40:45,955 - INFO - [scripts.adrule.logic.scraper] - 데이터 1건을 '/Users/woong/Roeum/roeum-crawler/data/raw/adrule/1492000/2025년도 사업종류별 산재보험료율_document.jsonl' 파일로 성공적으로 저장했습니다.
2025-08-23 23:40:45,955 - INFO - [scripts.adrule.logic.scraper] - 데이터 2건을 '/Users/woong/Roeum/roeum-crawler/data/raw/adrule/1492000/2025년도 사업종류별 산재보험료율_chunks.jsonl' 파일로 성공적으로 저장했습니다.
2025-08-23 23:40:45,978 - INFO - [__main__] - 상세 페이지 스크레이퍼 완료: 2025년도 사업종류별 산재보험료율
2025-08-23 23:40:47,459 - INFO - [__main__] - 상세 페이지 스크레이퍼 실행: https://www.law.go.kr/admRulInfoP.do?admRulSeq=2100000245668
2025-08-23 23:40:47,815 - INFO - [scripts.adrule.logic.scraper] - 페이지로 이동 중: https://www.law.go.kr/admRulInfoP.do?admRulSeq=2100000245668
2025-08-23 23:40:48,400 - INFO - [scripts.adrule.logic.scraper] - 로딩 마스크가 나타나기를 기다리는 중...
2025-08-23 23:40:48,420 - INFO - [scripts.adrule.logic.scraper] - 로딩 마스크가 사라지기를 기다리는 중...
2025-08-23 23:40:48,500 - INFO - [scripts.adrule.logic.scraper] - 페이지 최종 렌더링을 잠시 대기합니다...
2025-08-23 23:40:49,504 - INFO - [scripts.adrule.logic.scraper] - 페이지 HTML 컨텐츠를 가져오는 중...
2025-08-23 23:40:49,521 - INFO - [scripts.adrule.logic.scraper] - 데이터 파싱 중...
2025-08-23 23:40:49,553 - INFO - [scripts.adrule.logic.scraper] - 유형 2: 텍스트 기반 비정형 구조 감지
2025-08-23 23:40:49,554 - INFO - [scripts.adrule.logic.scraper] - 데이터 1건을 '/Users/woong/Roeum/roeum-crawler/data/raw/adrule/1492000/2025년 적용 최저임금 고시_document.jsonl' 파일로 성공적으로 저장했습니다.
2025-08-23 23:40:49,554 - INFO - [scripts.adrule.logic.scraper] - 데이터 1건을 '/Users/woong/Roeum/roeum-crawler/data/raw/adrule/1492000/2025년 적용 최저임금 고시_chunks.jsonl' 파일로 성공적으로 저장했습니다.
2025-08-23 23:40:49,582 - INFO - [__main__] - 상세 페이지 스크레이퍼 완료: 2025년 적용 최저임금 고시
2025-08-23 23:40:51,066 - INFO - [__main__] - 상세 페이지 스크레이퍼 실행: https://www.law.go.kr/admRulInfoP.do?admRulSeq=2100000262710
2025-08-23 23:40:51,423 - INFO - [scripts.adrule.logic.scraper] - 페이지로 이동 중: https://www.law.go.kr/admRulInfoP.do?admRulSeq=2100000262710
2025-08-23 23:40:52,027 - INFO - [scripts.adrule.logic.scraper] - 로딩 마스크가 나타나기를 기다리는 중...
2025-08-23 23:40:52,048 - INFO - [scripts.adrule.logic.scraper] - 로딩 마스크가 사라지기를 기다리는 중...
2025-08-23 23:40:52,231 - INFO - [scripts.adrule.logic.scraper] - 페이지 최종 렌더링을 잠시 대기합니다...
2025-08-23 23:40:53,234 - INFO - [scripts.adrule.logic.scraper] - 페이지 HTML 컨텐츠를 가져오는 중...
2025-08-23 23:40:53,251 - INFO - [scripts.adrule.logic.scraper] - 데이터 파싱 중...
2025-08-23 23:40:53,283 - INFO - [scripts.adrule.logic.scraper] - 유형 2: 텍스트 기반 비정형 구조 감지
2025-08-23 23:40:53,285 - INFO - [scripts.adrule.logic.scraper] - 데이터 1건을 '/Users/woong/Roeum/roeum-crawler/data/raw/adrule/1492000/2026년 적용 최저임금 고시_document.jsonl' 파일로 성공적으로 저장했습니다.
2025-08-23 23:40:53,285 - INFO - [scripts.adrule.logic.scraper] - 데이터 1건을 '/Users/woong/Roeum/roeum-crawler/data/raw/adrule/1492000/2026년 적용 최저임금 고시_chunks.jsonl' 파일로 성공적으로 저장했습니다.
2025-08-23 23:40:53,313 - INFO - [__main__] - 상세 페이지 스크레이퍼 완료: 2026년 적용 최저임금 고시
2025-08-23 23:40:54,792 - INFO - [__main__] - 상세 페이지 스크레이퍼 실행: https://www.law.go.kr/admRulInfoP.do?admRulSeq=2100000261888
2025-08-23 23:40:55,143 - INFO - [scripts.adrule.logic.scraper] - 페이지로 이동 중: https://www.law.go.kr/admRulInfoP.do?admRulSeq=2100000261888
2025-08-23 23:40:55,738 - INFO - [scripts.adrule.logic.scraper] - 로딩 마스크가 나타나기를 기다리는 중...
2025-08-23 23:40:55,759 - INFO - [scripts.adrule.logic.scraper] - 로딩 마스크가 사라지기를 기다리는 중...
2025-08-23 23:40:55,837 - INFO - [scripts.adrule.logic.scraper] - 페이지 최종 렌더링을 잠시 대기합니다...
2025-08-23 23:40:56,840 - INFO - [scripts.adrule.logic.scraper] - 페이지 HTML 컨텐츠를 가져오는 중...
2025-08-23 23:40:56,856 - INFO - [scripts.adrule.logic.scraper] - 데이터 파싱 중...
2025-08-23 23:40:56,888 - INFO - [scripts.adrule.logic.scraper] - 유형 2: 텍스트 기반 비정형 구조 감지
2025-08-23 23:40:56,889 - INFO - [scripts.adrule.logic.scraper] - 데이터 1건을 '/Users/woong/Roeum/roeum-crawler/data/raw/adrule/1492000/2026년 적용 최저임금안 고시_document.jsonl' 파일로 성공적으로 저장했습니다.
2025-08-23 23:40:56,889 - INFO - [scripts.adrule.logic.scraper] - 데이터 1건을 '/Users/woong/Roeum/roeum-crawler/data/raw/adrule/1492000/2026년 적용 최저임금안 고시_chunks.jsonl' 파일로 성공적으로 저장했습니다.
2025-08-23 23:40:56,917 - INFO - [__main__] - 상세 페이지 스크레이퍼 완료: 2026년 적용 최저임금안 고시
2025-08-23 23:40:58,382 - INFO - [__main__] - 상세 페이지 스크레이퍼 실행: https://www.law.go.kr/admRulInfoP.do?admRulSeq=2100000254236
2025-08-23 23:40:58,733 - INFO - [scripts.adrule.logic.scraper] - 페이지로 이동 중: https://www.law.go.kr/admRulInfoP.do?admRulSeq=2100000254236
2025-08-23 23:40:59,356 - INFO - [scripts.adrule.logic.scraper] - 로딩 마스크가 나타나기를 기다리는 중...
2025-08-23 23:40:59,378 - INFO - [scripts.adrule.logic.scraper] - 로딩 마스크가 사라지기를 기다리는 중...
2025-08-23 23:40:59,568 - INFO - [scripts.adrule.logic.scraper] - 페이지 최종 렌더링을 잠시 대기합니다...
2025-08-23 23:41:00,572 - INFO - [scripts.adrule.logic.scraper] - 페이지 HTML 컨텐츠를 가져오는 중...
2025-08-23 23:41:00,592 - INFO - [scripts.adrule.logic.scraper] - 데이터 파싱 중...
2025-08-23 23:41:00,634 - INFO - [scripts.adrule.logic.scraper] - 유형 1: 정형화된 법령 구조 감지
2025-08-23 23:41:00,641 - INFO - [scripts.adrule.logic.scraper] - 데이터 1건을 '/Users/woong/Roeum/roeum-crawler/data/raw/adrule/1492000/가사근로자 사회보험료 지원에 관한 고시_document.jsonl' 파일로 성공적으로 저장했습니다.
2025-08-23 23:41:00,642 - INFO - [scripts.adrule.logic.scraper] - 데이터 7건을 '/Users/woong/Roeum/roeum-crawler/data/raw/adrule/1492000/가사근로자 사회보험료 지원에 관한 고시_chunks.jsonl' 파일로 성공적으로 저장했습니다.
2025-08-23 23:41:00,665 - INFO - [__main__] - 상세 페이지 스크레이퍼 완료: 가사근로자 사회보험료 지원에 관한 고시
2025-08-23 23:41:02,105 - INFO - [__main__] - 상세 페이지 스크레이퍼 실행: https://www.law.go.kr/admRulInfoP.do?admRulSeq=2100000186031
2025-08-23 23:41:02,464 - INFO - [scripts.adrule.logic.scraper] - 페이지로 이동 중: https://www.law.go.kr/admRulInfoP.do?admRulSeq=2100000186031
2025-08-23 23:41:02,973 - INFO - [scripts.adrule.logic.scraper] - 로딩 마스크가 나타나기를 기다리는 중...
2025-08-23 23:41:02,996 - INFO - [scripts.adrule.logic.scraper] - 로딩 마스크가 사라지기를 기다리는 중...
2025-08-23 23:41:03,081 - INFO - [scripts.adrule.logic.scraper] - 페이지 최종 렌더링을 잠시 대기합니다...
2025-08-23 23:41:04,084 - INFO - [scripts.adrule.logic.scraper] - 페이지 HTML 컨텐츠를 가져오는 중...
2025-08-23 23:41:04,102 - INFO - [scripts.adrule.logic.scraper] - 데이터 파싱 중...
2025-08-23 23:41:04,169 - INFO - [scripts.adrule.logic.scraper] - 유형 1: 정형화된 법령 구조 감지
2025-08-23 23:41:04,191 - INFO - [scripts.adrule.logic.scraper] - 데이터 1건을 '/Users/woong/Roeum/roeum-crawler/data/raw/adrule/1492000/가설공사 표준안전 작업지침_document.jsonl' 파일로 성공적으로 저장했습니다.
2025-08-23 23:41:04,191 - INFO - [scripts.adrule.logic.scraper] - 데이터 29건을 '/Users/woong/Roeum/roeum-crawler/data/raw/adrule/1492000/가설공사 표준안전 작업지침_chunks.jsonl' 파일로 성공적으로 저장했습니다.
2025-08-23 23:41:04,216 - INFO - [__main__] - 상세 페이지 스크레이퍼 완료: 가설공사 표준안전 작업지침
2025-08-23 23:41:05,688 - INFO - [__main__] - 상세 페이지 스크레이퍼 실행: https://www.law.go.kr/admRulInfoP.do?admRulSeq=2100000186062
2025-08-23 23:41:06,052 - INFO - [scripts.adrule.logic.scraper] - 페이지로 이동 중: https://www.law.go.kr/admRulInfoP.do?admRulSeq=2100000186062
2025-08-23 23:41:06,609 - INFO - [scripts.adrule.logic.scraper] - 로딩 마스크가 나타나기를 기다리는 중...
2025-08-23 23:41:06,628 - INFO - [scripts.adrule.logic.scraper] - 로딩 마스크가 사라지기를 기다리는 중...
2025-08-23 23:41:06,709 - INFO - [scripts.adrule.logic.scraper] - 페이지 최종 렌더링을 잠시 대기합니다...
2025-08-23 23:41:07,713 - INFO - [scripts.adrule.logic.scraper] - 페이지 HTML 컨텐츠를 가져오는 중...
2025-08-23 23:41:07,725 - INFO - [scripts.adrule.logic.scraper] - 데이터 파싱 중...
2025-08-23 23:41:07,767 - INFO - [scripts.adrule.logic.scraper] - 유형 1: 정형화된 법령 구조 감지
2025-08-23 23:41:07,776 - INFO - [scripts.adrule.logic.scraper] - 데이터 1건을 '/Users/woong/Roeum/roeum-crawler/data/raw/adrule/1492000/가스누출감지경보기 설치에 관한 기술상의 지침_document.jsonl' 파일로 성공적으로 저장했습니다.
2025-08-23 23:41:07,777 - INFO - [scripts.adrule.logic.scraper] - 데이터 10건을 '/Users/woong/Roeum/roeum-crawler/data/raw/adrule/1492000/가스누출감지경보기 설치에 관한 기술상의 지침_chunks.jsonl' 파일로 성공적으로 저장했습니다.
2025-08-23 23:41:07,799 - INFO - [__main__] - 상세 페이지 스크레이퍼 완료: 가스누출감지경보기 설치에 관한 기술상의 지침
2025-08-23 23:41:09,282 - INFO - [__main__] - 상세 페이지 스크레이퍼 실행: https://www.law.go.kr/admRulInfoP.do?admRulSeq=2100000186120
2025-08-23 23:41:10,129 - INFO - [scripts.adrule.logic.scraper] - 페이지로 이동 중: https://www.law.go.kr/admRulInfoP.do?admRulSeq=2100000186120
2025-08-23 23:41:10,787 - INFO - [scripts.adrule.logic.scraper] - 로딩 마스크가 나타나기를 기다리는 중...
2025-08-23 23:41:10,882 - INFO - [scripts.adrule.logic.scraper] - 로딩 마스크가 사라지기를 기다리는 중...
2025-08-23 23:41:10,900 - INFO - [scripts.adrule.logic.scraper] - 페이지 최종 렌더링을 잠시 대기합니다...
2025-08-23 23:41:11,906 - INFO - [scripts.adrule.logic.scraper] - 페이지 HTML 컨텐츠를 가져오는 중...
2025-08-23 23:41:11,934 - INFO - [scripts.adrule.logic.scraper] - 데이터 파싱 중...
2025-08-23 23:41:12,012 - INFO - [scripts.adrule.logic.scraper] - 유형 1: 정형화된 법령 구조 감지
2025-08-23 23:41:12,031 - INFO - [scripts.adrule.logic.scraper] - 데이터 1건을 '/Users/woong/Roeum/roeum-crawler/data/raw/adrule/1492000/감전재해 예방을 위한 기술상의 지침_document.jsonl' 파일로 성공적으로 저장했습니다.
2025-08-23 23:41:12,032 - INFO - [scripts.adrule.logic.scraper] - 데이터 12건을 '/Users/woong/Roeum/roeum-crawler/data/raw/adrule/1492000/감전재해 예방을 위한 기술상의 지침_chunks.jsonl' 파일로 성공적으로 저장했습니다.
2025-08-23 23:41:12,091 - INFO - [__main__] - 상세 페이지 스크레이퍼 완료: 감전재해 예방을 위한 기술상의 지침
2025-08-23 23:41:13,664 - INFO - [__main__] - 상세 페이지 스크레이퍼 실행: https://www.law.go.kr/admRulInfoP.do?admRulSeq=2100000217661
2025-08-23 23:41:14,093 - INFO - [scripts.adrule.logic.scraper] - 페이지로 이동 중: https://www.law.go.kr/admRulInfoP.do?admRulSeq=2100000217661
2025-08-23 23:41:14,705 - INFO - [scripts.adrule.logic.scraper] - 로딩 마스크가 나타나기를 기다리는 중...
2025-08-23 23:41:14,753 - INFO - [scripts.adrule.logic.scraper] - 로딩 마스크가 사라지기를 기다리는 중...
2025-08-23 23:41:14,874 - INFO - [scripts.adrule.logic.scraper] - 페이지 최종 렌더링을 잠시 대기합니다...
2025-08-23 23:41:15,876 - INFO - [scripts.adrule.logic.scraper] - 페이지 HTML 컨텐츠를 가져오는 중...
2025-08-23 23:41:15,890 - INFO - [scripts.adrule.logic.scraper] - 데이터 파싱 중...
2025-08-23 23:41:15,923 - INFO - [scripts.adrule.logic.scraper] - 유형 2: 텍스트 기반 비정형 구조 감지
2025-08-23 23:41:15,925 - INFO - [scripts.adrule.logic.scraper] - 데이터 1건을 '/Users/woong/Roeum/roeum-crawler/data/raw/adrule/1492000/개별연장급여 수급요건 중 학업 중인 사람에 대한 고시_document.jsonl' 파일로 성공적으로 저장했습니다.
2025-08-23 23:41:15,925 - INFO - [scripts.adrule.logic.scraper] - 데이터 2건을 '/Users/woong/Roeum/roeum-crawler/data/raw/adrule/1492000/개별연장급여 수급요건 중 학업 중인 사람에 대한 고시_chunks.jsonl' 파일로 성공적으로 저장했습니다.
2025-08-23 23:41:15,955 - INFO - [__main__] - 상세 페이지 스크레이퍼 완료: 개별연장급여 수급요건 중 학업 중인 사람에 대한 고시
2025-08-23 23:41:17,554 - INFO - [__main__] - 상세 페이지 스크레이퍼 실행: https://www.law.go.kr/admRulInfoP.do?admRulSeq=2100000217662
2025-08-23 23:41:17,946 - INFO - [scripts.adrule.logic.scraper] - 페이지로 이동 중: https://www.law.go.kr/admRulInfoP.do?admRulSeq=2100000217662
2025-08-23 23:41:18,460 - INFO - [scripts.adrule.logic.scraper] - 로딩 마스크가 나타나기를 기다리는 중...
2025-08-23 23:41:18,484 - INFO - [scripts.adrule.logic.scraper] - 로딩 마스크가 사라지기를 기다리는 중...
2025-08-23 23:41:18,564 - INFO - [scripts.adrule.logic.scraper] - 페이지 최종 렌더링을 잠시 대기합니다...
2025-08-23 23:41:19,566 - INFO - [scripts.adrule.logic.scraper] - 페이지 HTML 컨텐츠를 가져오는 중...
2025-08-23 23:41:19,610 - INFO - [scripts.adrule.logic.scraper] - 데이터 파싱 중...
2025-08-23 23:41:19,637 - INFO - [scripts.adrule.logic.scraper] - 유형 2: 텍스트 기반 비정형 구조 감지
2025-08-23 23:41:19,638 - INFO - [scripts.adrule.logic.scraper] - 데이터 1건을 '/Users/woong/Roeum/roeum-crawler/data/raw/adrule/1492000/개별연장급여 지급을 위한 임금 및 재산기준 고시_document.jsonl' 파일로 성공적으로 저장했습니다.
2025-08-23 23:41:19,638 - INFO - [scripts.adrule.logic.scraper] - 데이터 2건을 '/Users/woong/Roeum/roeum-crawler/data/raw/adrule/1492000/개별연장급여 지급을 위한 임금 및 재산기준 고시_chunks.jsonl' 파일로 성공적으로 저장했습니다.
2025-08-23 23:41:19,663 - INFO - [__main__] - 상세 페이지 스크레이퍼 완료: 개별연장급여 지급을 위한 임금 및 재산기준 고시
2025-08-23 23:41:21,177 - INFO - [__main__] - 상세 페이지 스크레이퍼 실행: https://www.law.go.kr/admRulInfoP.do?admRulSeq=2200000043197
2025-08-23 23:41:21,685 - INFO - [scripts.adrule.logic.scraper] - 페이지로 이동 중: https://www.law.go.kr/admRulInfoP.do?admRulSeq=2200000043197
2025-08-23 23:41:22,318 - INFO - [scripts.adrule.logic.scraper] - 로딩 마스크가 나타나기를 기다리는 중...
2025-08-23 23:41:22,343 - INFO - [scripts.adrule.logic.scraper] - 로딩 마스크가 사라지기를 기다리는 중...
2025-08-23 23:41:22,528 - INFO - [scripts.adrule.logic.scraper] - 페이지 최종 렌더링을 잠시 대기합니다...
2025-08-23 23:41:23,532 - INFO - [scripts.adrule.logic.scraper] - 페이지 HTML 컨텐츠를 가져오는 중...
2025-08-23 23:41:23,543 - INFO - [scripts.adrule.logic.scraper] - 데이터 파싱 중...
2025-08-23 23:41:23,570 - INFO - [scripts.adrule.logic.scraper] - 유형 2: 텍스트 기반 비정형 구조 감지
2025-08-23 23:41:23,571 - INFO - [scripts.adrule.logic.scraper] - 데이터 1건을 '/Users/woong/Roeum/roeum-crawler/data/raw/adrule/1492000/개인형퇴직연금제도로의 이전 예외사유 해당금액 고시_document.jsonl' 파일로 성공적으로 저장했습니다.
2025-08-23 23:41:23,572 - INFO - [scripts.adrule.logic.scraper] - 데이터 2건을 '/Users/woong/Roeum/roeum-crawler/data/raw/adrule/1492000/개인형퇴직연금제도로의 이전 예외사유 해당금액 고시_chunks.jsonl' 파일로 성공적으로 저장했습니다.
2025-08-23 23:41:23,600 - INFO - [__main__] - 상세 페이지 스크레이퍼 완료: 개인형퇴직연금제도로의 이전 예외사유 해당금액 고시
2025-08-23 23:41:25,792 - INFO - [__main__] - 상세 페이지 스크레이퍼 실행: https://www.law.go.kr/admRulInfoP.do?admRulSeq=2100000243390
2025-08-23 23:41:26,279 - INFO - [scripts.adrule.logic.scraper] - 페이지로 이동 중: https://www.law.go.kr/admRulInfoP.do?admRulSeq=2100000243390
2025-08-23 23:41:26,842 - INFO - [scripts.adrule.logic.scraper] - 로딩 마스크가 나타나기를 기다리는 중...
2025-08-23 23:41:26,863 - INFO - [scripts.adrule.logic.scraper] - 로딩 마스크가 사라지기를 기다리는 중...
2025-08-23 23:41:26,942 - INFO - [scripts.adrule.logic.scraper] - 페이지 최종 렌더링을 잠시 대기합니다...
2025-08-23 23:41:27,946 - INFO - [scripts.adrule.logic.scraper] - 페이지 HTML 컨텐츠를 가져오는 중...
2025-08-23 23:41:27,965 - INFO - [scripts.adrule.logic.scraper] - 데이터 파싱 중...
2025-08-23 23:41:28,011 - INFO - [scripts.adrule.logic.scraper] - 유형 1: 정형화된 법령 구조 감지
2025-08-23 23:41:28,020 - INFO - [scripts.adrule.logic.scraper] - 데이터 1건을 '/Users/woong/Roeum/roeum-crawler/data/raw/adrule/1492000/건설공사 안전보건대장의 작성 등에 관한 고시_document.jsonl' 파일로 성공적으로 저장했습니다.
2025-08-23 23:41:28,020 - INFO - [scripts.adrule.logic.scraper] - 데이터 9건을 '/Users/woong/Roeum/roeum-crawler/data/raw/adrule/1492000/건설공사 안전보건대장의 작성 등에 관한 고시_chunks.jsonl' 파일로 성공적으로 저장했습니다.
2025-08-23 23:41:28,042 - INFO - [__main__] - 상세 페이지 스크레이퍼 완료: 건설공사 안전보건대장의 작성 등에 관한 고시
2025-08-23 23:41:29,537 - INFO - [__main__] - 상세 페이지 스크레이퍼 실행: https://www.law.go.kr/admRulInfoP.do?admRulSeq=2100000252112
2025-08-23 23:41:29,905 - INFO - [scripts.adrule.logic.scraper] - 페이지로 이동 중: https://www.law.go.kr/admRulInfoP.do?admRulSeq=2100000252112
2025-08-23 23:41:30,484 - INFO - [scripts.adrule.logic.scraper] - 로딩 마스크가 나타나기를 기다리는 중...
2025-08-23 23:41:30,505 - INFO - [scripts.adrule.logic.scraper] - 로딩 마스크가 사라지기를 기다리는 중...
2025-08-23 23:41:30,690 - INFO - [scripts.adrule.logic.scraper] - 페이지 최종 렌더링을 잠시 대기합니다...
2025-08-23 23:41:31,694 - INFO - [scripts.adrule.logic.scraper] - 페이지 HTML 컨텐츠를 가져오는 중...
2025-08-23 23:41:31,709 - INFO - [scripts.adrule.logic.scraper] - 데이터 파싱 중...
2025-08-23 23:41:31,740 - INFO - [scripts.adrule.logic.scraper] - 유형 2: 텍스트 기반 비정형 구조 감지
2025-08-23 23:41:31,741 - INFO - [scripts.adrule.logic.scraper] - 데이터 1건을 '/Users/woong/Roeum/roeum-crawler/data/raw/adrule/1492000/건설공사의 노무비율_document.jsonl' 파일로 성공적으로 저장했습니다.
2025-08-23 23:41:31,741 - INFO - [scripts.adrule.logic.scraper] - 데이터 2건을 '/Users/woong/Roeum/roeum-crawler/data/raw/adrule/1492000/건설공사의 노무비율_chunks.jsonl' 파일로 성공적으로 저장했습니다.
2025-08-23 23:41:31,766 - INFO - [__main__] - 상세 페이지 스크레이퍼 완료: 건설공사의 노무비율
2025-08-23 23:41:33,235 - INFO - [__main__] - 상세 페이지 스크레이퍼 실행: https://www.law.go.kr/admRulInfoP.do?admRulSeq=2100000025542
2025-08-23 23:41:33,602 - INFO - [scripts.adrule.logic.scraper] - 페이지로 이동 중: https://www.law.go.kr/admRulInfoP.do?admRulSeq=2100000025542
2025-08-23 23:41:34,140 - INFO - [scripts.adrule.logic.scraper] - 로딩 마스크가 나타나기를 기다리는 중...
2025-08-23 23:41:34,160 - INFO - [scripts.adrule.logic.scraper] - 로딩 마스크가 사라지기를 기다리는 중...
2025-08-23 23:41:34,239 - INFO - [scripts.adrule.logic.scraper] - 페이지 최종 렌더링을 잠시 대기합니다...
2025-08-23 23:41:35,243 - INFO - [scripts.adrule.logic.scraper] - 페이지 HTML 컨텐츠를 가져오는 중...
2025-08-23 23:41:35,260 - INFO - [scripts.adrule.logic.scraper] - 데이터 파싱 중...
2025-08-23 23:41:35,306 - INFO - [scripts.adrule.logic.scraper] - 유형 1: 정형화된 법령 구조 감지
2025-08-23 23:41:35,317 - INFO - [scripts.adrule.logic.scraper] - 데이터 1건을 '/Users/woong/Roeum/roeum-crawler/data/raw/adrule/1492000/건설근로자고용개선전문위원회 운영규정_document.jsonl' 파일로 성공적으로 저장했습니다.
2025-08-23 23:41:35,317 - INFO - [scripts.adrule.logic.scraper] - 데이터 14건을 '/Users/woong/Roeum/roeum-crawler/data/raw/adrule/1492000/건설근로자고용개선전문위원회 운영규정_chunks.jsonl' 파일로 성공적으로 저장했습니다.
2025-08-23 23:41:35,343 - INFO - [__main__] - 상세 페이지 스크레이퍼 완료: 건설근로자고용개선전문위원회 운영규정
2025-08-23 23:41:36,830 - INFO - [__main__] - 상세 페이지 스크레이퍼 실행: https://www.law.go.kr/admRulInfoP.do?admRulSeq=2100000254546
2025-08-23 23:41:37,193 - INFO - [scripts.adrule.logic.scraper] - 페이지로 이동 중: https://www.law.go.kr/admRulInfoP.do?admRulSeq=2100000254546
2025-08-23 23:41:37,787 - INFO - [scripts.adrule.logic.scraper] - 로딩 마스크가 나타나기를 기다리는 중...
2025-08-23 23:41:37,809 - INFO - [scripts.adrule.logic.scraper] - 로딩 마스크가 사라지기를 기다리는 중...
2025-08-23 23:41:37,903 - INFO - [scripts.adrule.logic.scraper] - 페이지 최종 렌더링을 잠시 대기합니다...
2025-08-23 23:41:38,906 - INFO - [scripts.adrule.logic.scraper] - 페이지 HTML 컨텐츠를 가져오는 중...
2025-08-23 23:41:38,918 - INFO - [scripts.adrule.logic.scraper] - 데이터 파싱 중...
2025-08-23 23:41:38,988 - INFO - [scripts.adrule.logic.scraper] - 유형 1: 정형화된 법령 구조 감지
2025-08-23 23:41:39,007 - INFO - [scripts.adrule.logic.scraper] - 데이터 1건을 '/Users/woong/Roeum/roeum-crawler/data/raw/adrule/1492000/건설업 산업안전보건관리비 계상 및 사용기준_document.jsonl' 파일로 성공적으로 저장했습니다.
2025-08-23 23:41:39,008 - INFO - [scripts.adrule.logic.scraper] - 데이터 12건을 '/Users/woong/Roeum/roeum-crawler/data/raw/adrule/1492000/건설업 산업안전보건관리비 계상 및 사용기준_chunks.jsonl' 파일로 성공적으로 저장했습니다.
2025-08-23 23:41:39,032 - INFO - [__main__] - 상세 페이지 스크레이퍼 완료: 건설업 산업안전보건관리비 계상 및 사용기준
2025-08-23 23:41:41,028 - INFO - [__main__] - 상세 페이지 스크레이퍼 실행: https://www.law.go.kr/admRulInfoP.do?admRulSeq=2100000253016
2025-08-23 23:41:41,481 - INFO - [scripts.adrule.logic.scraper] - 페이지로 이동 중: https://www.law.go.kr/admRulInfoP.do?admRulSeq=2100000253016
2025-08-23 23:41:42,064 - INFO - [scripts.adrule.logic.scraper] - 로딩 마스크가 나타나기를 기다리는 중...
2025-08-23 23:41:42,089 - INFO - [scripts.adrule.logic.scraper] - 로딩 마스크가 사라지기를 기다리는 중...
2025-08-23 23:41:42,178 - INFO - [scripts.adrule.logic.scraper] - 페이지 최종 렌더링을 잠시 대기합니다...
2025-08-23 23:41:43,181 - INFO - [scripts.adrule.logic.scraper] - 페이지 HTML 컨텐츠를 가져오는 중...
2025-08-23 23:41:43,196 - INFO - [scripts.adrule.logic.scraper] - 데이터 파싱 중...
2025-08-23 23:41:43,233 - INFO - [scripts.adrule.logic.scraper] - 유형 2: 텍스트 기반 비정형 구조 감지
2025-08-23 23:41:43,234 - INFO - [scripts.adrule.logic.scraper] - 데이터 1건을 '/Users/woong/Roeum/roeum-crawler/data/raw/adrule/1492000/건설업에서 근로자 수 확인이 곤란한 장애인 고용의무 사업주의 공사실적액_document.jsonl' 파일로 성공적으로 저장했습니다.
2025-08-23 23:41:43,234 - INFO - [scripts.adrule.logic.scraper] - 데이터 1건을 '/Users/woong/Roeum/roeum-crawler/data/raw/adrule/1492000/건설업에서 근로자 수 확인이 곤란한 장애인 고용의무 사업주의 공사실적액_chunks.jsonl' 파일로 성공적으로 저장했습니다.
2025-08-23 23:41:43,258 - INFO - [__main__] - 상세 페이지 스크레이퍼 완료: 건설업에서 근로자 수 확인이 곤란한 장애인 고용의무 사업주의 공사실적액
2025-08-23 23:41:44,730 - INFO - [__main__] - 상세 페이지 스크레이퍼 실행: https://www.law.go.kr/admRulInfoP.do?admRulSeq=2100000186089
2025-08-23 23:41:45,083 - INFO - [scripts.adrule.logic.scraper] - 페이지로 이동 중: https://www.law.go.kr/admRulInfoP.do?admRulSeq=2100000186089
2025-08-23 23:41:45,620 - INFO - [scripts.adrule.logic.scraper] - 로딩 마스크가 나타나기를 기다리는 중...
2025-08-23 23:41:45,639 - INFO - [scripts.adrule.logic.scraper] - 로딩 마스크가 사라지기를 기다리는 중...
2025-08-23 23:41:45,719 - INFO - [scripts.adrule.logic.scraper] - 페이지 최종 렌더링을 잠시 대기합니다...
2025-08-23 23:41:46,721 - INFO - [scripts.adrule.logic.scraper] - 페이지 HTML 컨텐츠를 가져오는 중...
2025-08-23 23:41:46,736 - INFO - [scripts.adrule.logic.scraper] - 데이터 파싱 중...
2025-08-23 23:41:46,768 - INFO - [scripts.adrule.logic.scraper] - 유형 2: 텍스트 기반 비정형 구조 감지
2025-08-23 23:41:46,769 - INFO - [scripts.adrule.logic.scraper] - 데이터 1건을 '/Users/woong/Roeum/roeum-crawler/data/raw/adrule/1492000/건설업 유해·위험방지계획서 중 지도사가 평가·확인 할 수 있는 대상 건설공사의 범위 및 지도사의 요건_document.jsonl' 파일로 성공적으로 저장했습니다.
2025-08-23 23:41:46,769 - INFO - [scripts.adrule.logic.scraper] - 데이터 1건을 '/Users/woong/Roeum/roeum-crawler/data/raw/adrule/1492000/건설업 유해·위험방지계획서 중 지도사가 평가·확인 할 수 있는 대상 건설공사의 범위 및 지도사의 요건_chunks.jsonl' 파일로 성공적으로 저장했습니다.
2025-08-23 23:41:46,793 - INFO - [__main__] - 상세 페이지 스크레이퍼 완료: 건설업 유해·위험방지계획서 중 지도사가 평가·확인 할 수 있는 대상 건설공사의 범위 및 지도사의 요건
2025-08-23 23:41:48,263 - INFO - [__main__] - 상세 페이지 스크레이퍼 실행: https://www.law.go.kr/admRulInfoP.do?admRulSeq=2100000217765
2025-08-23 23:41:48,615 - INFO - [scripts.adrule.logic.scraper] - 페이지로 이동 중: https://www.law.go.kr/admRulInfoP.do?admRulSeq=2100000217765
2025-08-23 23:41:49,196 - INFO - [scripts.adrule.logic.scraper] - 로딩 마스크가 나타나기를 기다리는 중...
2025-08-23 23:41:49,216 - INFO - [scripts.adrule.logic.scraper] - 로딩 마스크가 사라지기를 기다리는 중...
2025-08-23 23:41:49,299 - INFO - [scripts.adrule.logic.scraper] - 페이지 최종 렌더링을 잠시 대기합니다...
2025-08-23 23:41:50,302 - INFO - [scripts.adrule.logic.scraper] - 페이지 HTML 컨텐츠를 가져오는 중...
2025-08-23 23:41:50,320 - INFO - [scripts.adrule.logic.scraper] - 데이터 파싱 중...
2025-08-23 23:41:50,369 - INFO - [scripts.adrule.logic.scraper] - 유형 1: 정형화된 법령 구조 감지
2025-08-23 23:41:50,377 - INFO - [scripts.adrule.logic.scraper] - 데이터 1건을 '/Users/woong/Roeum/roeum-crawler/data/raw/adrule/1492000/건설업자가 아닌 자가 시공하는 건설공사의 총공사금액 산정방법에 관한 규정_document.jsonl' 파일로 성공적으로 저장했습니다.
2025-08-23 23:41:50,377 - INFO - [scripts.adrule.logic.scraper] - 데이터 7건을 '/Users/woong/Roeum/roeum-crawler/data/raw/adrule/1492000/건설업자가 아닌 자가 시공하는 건설공사의 총공사금액 산정방법에 관한 규정_chunks.jsonl' 파일로 성공적으로 저장했습니다.
2025-08-23 23:41:50,402 - INFO - [__main__] - 상세 페이지 스크레이퍼 완료: 건설업자가 아닌 자가 시공하는 건설공사의 총공사금액 산정방법에 관한 규정
2025-08-23 23:41:51,878 - INFO - [__main__] - 상세 페이지 스크레이퍼 실행: https://www.law.go.kr/admRulInfoP.do?admRulSeq=2100000228660
2025-08-23 23:41:52,360 - INFO - [scripts.adrule.logic.scraper] - 페이지로 이동 중: https://www.law.go.kr/admRulInfoP.do?admRulSeq=2100000228660
2025-08-23 23:41:52,903 - INFO - [scripts.adrule.logic.scraper] - 로딩 마스크가 나타나기를 기다리는 중...
2025-08-23 23:41:52,924 - INFO - [scripts.adrule.logic.scraper] - 로딩 마스크가 사라지기를 기다리는 중...
2025-08-23 23:41:53,003 - INFO - [scripts.adrule.logic.scraper] - 페이지 최종 렌더링을 잠시 대기합니다...
2025-08-23 23:41:54,006 - INFO - [scripts.adrule.logic.scraper] - 페이지 HTML 컨텐츠를 가져오는 중...
2025-08-23 23:41:54,025 - INFO - [scripts.adrule.logic.scraper] - 데이터 파싱 중...
2025-08-23 23:41:54,078 - INFO - [scripts.adrule.logic.scraper] - 유형 1: 정형화된 법령 구조 감지
2025-08-23 23:41:54,090 - INFO - [scripts.adrule.logic.scraper] - 데이터 1건을 '/Users/woong/Roeum/roeum-crawler/data/raw/adrule/1492000/건설업체의 산업재해예방활동 실적 평가기준_document.jsonl' 파일로 성공적으로 저장했습니다.
2025-08-23 23:41:54,090 - INFO - [scripts.adrule.logic.scraper] - 데이터 14건을 '/Users/woong/Roeum/roeum-crawler/data/raw/adrule/1492000/건설업체의 산업재해예방활동 실적 평가기준_chunks.jsonl' 파일로 성공적으로 저장했습니다.
2025-08-23 23:41:54,112 - INFO - [__main__] - 상세 페이지 스크레이퍼 완료: 건설업체의 산업재해예방활동 실적 평가기준
2025-08-23 23:41:55,746 - INFO - [__main__] - 상세 페이지 스크레이퍼 실행: https://www.law.go.kr/admRulInfoP.do?admRulSeq=2100000186106
2025-08-23 23:41:56,206 - INFO - [scripts.adrule.logic.scraper] - 페이지로 이동 중: https://www.law.go.kr/admRulInfoP.do?admRulSeq=2100000186106
2025-08-23 23:41:56,805 - INFO - [scripts.adrule.logic.scraper] - 로딩 마스크가 나타나기를 기다리는 중...
2025-08-23 23:41:56,825 - INFO - [scripts.adrule.logic.scraper] - 로딩 마스크가 사라지기를 기다리는 중...
2025-08-23 23:41:57,007 - INFO - [scripts.adrule.logic.scraper] - 페이지 최종 렌더링을 잠시 대기합니다...
2025-08-23 23:41:58,008 - INFO - [scripts.adrule.logic.scraper] - 페이지 HTML 컨텐츠를 가져오는 중...
2025-08-23 23:41:58,028 - INFO - [scripts.adrule.logic.scraper] - 데이터 파싱 중...
2025-08-23 23:41:58,082 - INFO - [scripts.adrule.logic.scraper] - 유형 1: 정형화된 법령 구조 감지
2025-08-23 23:41:58,093 - INFO - [scripts.adrule.logic.scraper] - 데이터 1건을 '/Users/woong/Roeum/roeum-crawler/data/raw/adrule/1492000/고기압 작업에 관한 기준_document.jsonl' 파일로 성공적으로 저장했습니다.
2025-08-23 23:41:58,094 - INFO - [scripts.adrule.logic.scraper] - 데이터 11건을 '/Users/woong/Roeum/roeum-crawler/data/raw/adrule/1492000/고기압 작업에 관한 기준_chunks.jsonl' 파일로 성공적으로 저장했습니다.
2025-08-23 23:41:58,116 - INFO - [__main__] - 상세 페이지 스크레이퍼 완료: 고기압 작업에 관한 기준
2025-08-23 23:41:59,586 - INFO - [__main__] - 상세 페이지 스크레이퍼 실행: https://www.law.go.kr/admRulInfoP.do?admRulSeq=2200000076692
2025-08-23 23:41:59,942 - INFO - [scripts.adrule.logic.scraper] - 페이지로 이동 중: https://www.law.go.kr/admRulInfoP.do?admRulSeq=2200000076692
2025-08-23 23:42:00,556 - INFO - [scripts.adrule.logic.scraper] - 로딩 마스크가 나타나기를 기다리는 중...
2025-08-23 23:42:00,577 - INFO - [scripts.adrule.logic.scraper] - 로딩 마스크가 사라지기를 기다리는 중...
2025-08-23 23:42:00,758 - INFO - [scripts.adrule.logic.scraper] - 페이지 최종 렌더링을 잠시 대기합니다...
2025-08-23 23:42:01,762 - INFO - [scripts.adrule.logic.scraper] - 페이지 HTML 컨텐츠를 가져오는 중...
2025-08-23 23:42:01,780 - INFO - [scripts.adrule.logic.scraper] - 데이터 파싱 중...
2025-08-23 23:42:01,822 - INFO - [scripts.adrule.logic.scraper] - 유형 1: 정형화된 법령 구조 감지
2025-08-23 23:42:01,833 - INFO - [scripts.adrule.logic.scraper] - 데이터 1건을 '/Users/woong/Roeum/roeum-crawler/data/raw/adrule/1492000/고 김용균 사망사고 진상규명과 재발방지를 위한 석탄화력발전소 특별노동안전조사위원회 설치 및 운영에 관한 규정_document.jsonl' 파일로 성공적으로 저장했습니다.
2025-08-23 23:42:01,833 - INFO - [scripts.adrule.logic.scraper] - 데이터 14건을 '/Users/woong/Roeum/roeum-crawler/data/raw/adrule/1492000/고 김용균 사망사고 진상규명과 재발방지를 위한 석탄화력발전소 특별노동안전조사위원회 설치 및 운영에 관한 규정_chunks.jsonl' 파일로 성공적으로 저장했습니다.
2025-08-23 23:42:01,856 - INFO - [__main__] - 상세 페이지 스크레이퍼 완료: 고 김용균 사망사고 진상규명과 재발방지를 위한 석탄화력발전소 특별노동안전조사위원회 설치 및 운영에 관한 규정
2025-08-23 23:42:03,331 - INFO - [__main__] - 상세 페이지 스크레이퍼 실행: https://www.law.go.kr/admRulInfoP.do?admRulSeq=2100000253946
2025-08-23 23:42:03,821 - INFO - [scripts.adrule.logic.scraper] - 페이지로 이동 중: https://www.law.go.kr/admRulInfoP.do?admRulSeq=2100000253946
2025-08-23 23:42:04,343 - INFO - [scripts.adrule.logic.scraper] - 로딩 마스크가 나타나기를 기다리는 중...
2025-08-23 23:42:04,368 - INFO - [scripts.adrule.logic.scraper] - 로딩 마스크가 사라지기를 기다리는 중...
2025-08-23 23:42:04,453 - INFO - [scripts.adrule.logic.scraper] - 페이지 최종 렌더링을 잠시 대기합니다...
2025-08-23 23:42:05,456 - INFO - [scripts.adrule.logic.scraper] - 페이지 HTML 컨텐츠를 가져오는 중...
2025-08-23 23:42:05,478 - INFO - [scripts.adrule.logic.scraper] - 데이터 파싱 중...
2025-08-23 23:42:05,547 - INFO - [scripts.adrule.logic.scraper] - 유형 1: 정형화된 법령 구조 감지
2025-08-23 23:42:05,579 - INFO - [scripts.adrule.logic.scraper] - 데이터 1건을 '/Users/woong/Roeum/roeum-crawler/data/raw/adrule/1492000/고령자 고용안정지원금 지급 규정_document.jsonl' 파일로 성공적으로 저장했습니다.
2025-08-23 23:42:05,580 - INFO - [scripts.adrule.logic.scraper] - 데이터 15건을 '/Users/woong/Roeum/roeum-crawler/data/raw/adrule/1492000/고령자 고용안정지원금 지급 규정_chunks.jsonl' 파일로 성공적으로 저장했습니다.
2025-08-23 23:42:05,618 - INFO - [__main__] - 상세 페이지 스크레이퍼 완료: 고령자 고용안정지원금 지급 규정
2025-08-23 23:42:07,104 - INFO - [__main__] - 상세 페이지 스크레이퍼 실행: https://www.law.go.kr/admRulInfoP.do?admRulSeq=2000000018010
2025-08-23 23:42:07,522 - INFO - [scripts.adrule.logic.scraper] - 페이지로 이동 중: https://www.law.go.kr/admRulInfoP.do?admRulSeq=2000000018010
2025-08-23 23:42:08,120 - INFO - [scripts.adrule.logic.scraper] - 로딩 마스크가 나타나기를 기다리는 중...
2025-08-23 23:42:08,140 - INFO - [scripts.adrule.logic.scraper] - 로딩 마스크가 사라지기를 기다리는 중...
2025-08-23 23:42:08,322 - INFO - [scripts.adrule.logic.scraper] - 페이지 최종 렌더링을 잠시 대기합니다...
2025-08-23 23:42:09,326 - INFO - [scripts.adrule.logic.scraper] - 페이지 HTML 컨텐츠를 가져오는 중...
2025-08-23 23:42:09,342 - INFO - [scripts.adrule.logic.scraper] - 데이터 파싱 중...
2025-08-23 23:42:09,375 - INFO - [scripts.adrule.logic.scraper] - 유형 2: 텍스트 기반 비정형 구조 감지
2025-08-23 23:42:09,376 - INFO - [scripts.adrule.logic.scraper] - 데이터 1건을 '/Users/woong/Roeum/roeum-crawler/data/raw/adrule/1492000/고령자고용연장지원금액 등_document.jsonl' 파일로 성공적으로 저장했습니다.
2025-08-23 23:42:09,376 - INFO - [scripts.adrule.logic.scraper] - 데이터 1건을 '/Users/woong/Roeum/roeum-crawler/data/raw/adrule/1492000/고령자고용연장지원금액 등_chunks.jsonl' 파일로 성공적으로 저장했습니다.
2025-08-23 23:42:09,401 - INFO - [__main__] - 상세 페이지 스크레이퍼 완료: 고령자고용연장지원금액 등
2025-08-23 23:42:11,205 - INFO - [__main__] - 상세 페이지 스크레이퍼 실행: https://www.law.go.kr/admRulInfoP.do?admRulSeq=2100000216935
2025-08-23 23:42:11,629 - INFO - [scripts.adrule.logic.scraper] - 페이지로 이동 중: https://www.law.go.kr/admRulInfoP.do?admRulSeq=2100000216935
2025-08-23 23:42:12,217 - INFO - [scripts.adrule.logic.scraper] - 로딩 마스크가 나타나기를 기다리는 중...
2025-08-23 23:42:12,237 - INFO - [scripts.adrule.logic.scraper] - 로딩 마스크가 사라지기를 기다리는 중...
2025-08-23 23:42:12,420 - INFO - [scripts.adrule.logic.scraper] - 페이지 최종 렌더링을 잠시 대기합니다...
2025-08-23 23:42:13,425 - INFO - [scripts.adrule.logic.scraper] - 페이지 HTML 컨텐츠를 가져오는 중...
2025-08-23 23:42:13,446 - INFO - [scripts.adrule.logic.scraper] - 데이터 파싱 중...
2025-08-23 23:42:13,508 - INFO - [scripts.adrule.logic.scraper] - 유형 1: 정형화된 법령 구조 감지
2025-08-23 23:42:13,526 - INFO - [scripts.adrule.logic.scraper] - 데이터 1건을 '/Users/woong/Roeum/roeum-crawler/data/raw/adrule/1492000/고령자인재은행 및 중견전문인력 고용지원센터 운영규정_document.jsonl' 파일로 성공적으로 저장했습니다.
2025-08-23 23:42:13,527 - INFO - [scripts.adrule.logic.scraper] - 데이터 27건을 '/Users/woong/Roeum/roeum-crawler/data/raw/adrule/1492000/고령자인재은행 및 중견전문인력 고용지원센터 운영규정_chunks.jsonl' 파일로 성공적으로 저장했습니다.
2025-08-23 23:42:13,548 - INFO - [__main__] - 상세 페이지 스크레이퍼 완료: 고령자인재은행 및 중견전문인력 고용지원센터 운영규정
2025-08-23 23:42:15,030 - INFO - [__main__] - 상세 페이지 스크레이퍼 실행: https://www.law.go.kr/admRulInfoP.do?admRulSeq=2100000261300
2025-08-23 23:42:15,398 - INFO - [scripts.adrule.logic.scraper] - 페이지로 이동 중: https://www.law.go.kr/admRulInfoP.do?admRulSeq=2100000261300
2025-08-23 23:42:16,019 - INFO - [scripts.adrule.logic.scraper] - 로딩 마스크가 나타나기를 기다리는 중...
2025-08-23 23:42:16,038 - INFO - [scripts.adrule.logic.scraper] - 로딩 마스크가 사라지기를 기다리는 중...
2025-08-23 23:42:16,254 - INFO - [scripts.adrule.logic.scraper] - 페이지 최종 렌더링을 잠시 대기합니다...
2025-08-23 23:42:17,256 - INFO - [scripts.adrule.logic.scraper] - 페이지 HTML 컨텐츠를 가져오는 중...
2025-08-23 23:42:17,277 - INFO - [scripts.adrule.logic.scraper] - 데이터 파싱 중...
2025-08-23 23:42:17,342 - INFO - [scripts.adrule.logic.scraper] - 유형 1: 정형화된 법령 구조 감지
2025-08-23 23:42:17,367 - INFO - [scripts.adrule.logic.scraper] - 데이터 1건을 '/Users/woong/Roeum/roeum-crawler/data/raw/adrule/1492000/고용노동관계법 위반자에 대한 과태료 부과·징수 업무에 관한 예규_document.jsonl' 파일로 성공적으로 저장했습니다.
2025-08-23 23:42:17,367 - INFO - [scripts.adrule.logic.scraper] - 데이터 21건을 '/Users/woong/Roeum/roeum-crawler/data/raw/adrule/1492000/고용노동관계법 위반자에 대한 과태료 부과·징수 업무에 관한 예규_chunks.jsonl' 파일로 성공적으로 저장했습니다.
2025-08-23 23:42:17,392 - INFO - [__main__] - 상세 페이지 스크레이퍼 완료: 고용노동관계법 위반자에 대한 과태료 부과·징수 업무에 관한 예규
2025-08-23 23:42:18,867 - INFO - [__main__] - 상세 페이지 스크레이퍼 실행: https://www.law.go.kr/admRulInfoP.do?admRulSeq=2000000017617
2025-08-23 23:42:19,282 - INFO - [scripts.adrule.logic.scraper] - 페이지로 이동 중: https://www.law.go.kr/admRulInfoP.do?admRulSeq=2000000017617
2025-08-23 23:42:19,815 - INFO - [scripts.adrule.logic.scraper] - 로딩 마스크가 나타나기를 기다리는 중...
2025-08-23 23:42:19,834 - INFO - [scripts.adrule.logic.scraper] - 로딩 마스크가 사라지기를 기다리는 중...
2025-08-23 23:42:20,016 - INFO - [scripts.adrule.logic.scraper] - 페이지 최종 렌더링을 잠시 대기합니다...
2025-08-23 23:42:21,019 - INFO - [scripts.adrule.logic.scraper] - 페이지 HTML 컨텐츠를 가져오는 중...
2025-08-23 23:42:21,037 - INFO - [scripts.adrule.logic.scraper] - 데이터 파싱 중...
2025-08-23 23:42:21,088 - INFO - [scripts.adrule.logic.scraper] - 유형 1: 정형화된 법령 구조 감지
2025-08-23 23:42:21,104 - INFO - [scripts.adrule.logic.scraper] - 데이터 1건을 '/Users/woong/Roeum/roeum-crawler/data/raw/adrule/1492000/고용노동관 업무처리지침_document.jsonl' 파일로 성공적으로 저장했습니다.
2025-08-23 23:42:21,104 - INFO - [scripts.adrule.logic.scraper] - 데이터 22건을 '/Users/woong/Roeum/roeum-crawler/data/raw/adrule/1492000/고용노동관 업무처리지침_chunks.jsonl' 파일로 성공적으로 저장했습니다.
2025-08-23 23:42:21,126 - INFO - [__main__] - 상세 페이지 스크레이퍼 완료: 고용노동관 업무처리지침
2025-08-23 23:42:22,596 - INFO - [__main__] - 상세 페이지 스크레이퍼 실행: https://www.law.go.kr/admRulInfoP.do?admRulSeq=2100000215557
2025-08-23 23:42:22,976 - INFO - [scripts.adrule.logic.scraper] - 페이지로 이동 중: https://www.law.go.kr/admRulInfoP.do?admRulSeq=2100000215557
2025-08-23 23:42:23,537 - INFO - [scripts.adrule.logic.scraper] - 로딩 마스크가 나타나기를 기다리는 중...
2025-08-23 23:42:23,562 - INFO - [scripts.adrule.logic.scraper] - 로딩 마스크가 사라지기를 기다리는 중...
2025-08-23 23:42:23,659 - INFO - [scripts.adrule.logic.scraper] - 페이지 최종 렌더링을 잠시 대기합니다...
2025-08-23 23:42:24,661 - INFO - [scripts.adrule.logic.scraper] - 페이지 HTML 컨텐츠를 가져오는 중...
2025-08-23 23:42:24,671 - INFO - [scripts.adrule.logic.scraper] - 데이터 파싱 중...
2025-08-23 23:42:24,715 - INFO - [scripts.adrule.logic.scraper] - 유형 1: 정형화된 법령 구조 감지
2025-08-23 23:42:24,735 - INFO - [scripts.adrule.logic.scraper] - 데이터 1건을 '/Users/woong/Roeum/roeum-crawler/data/raw/adrule/1492000/고용노동부 2030 자문단 설치 및 운영에 관한 규정_document.jsonl' 파일로 성공적으로 저장했습니다.
2025-08-23 23:42:24,736 - INFO - [scripts.adrule.logic.scraper] - 데이터 12건을 '/Users/woong/Roeum/roeum-crawler/data/raw/adrule/1492000/고용노동부 2030 자문단 설치 및 운영에 관한 규정_chunks.jsonl' 파일로 성공적으로 저장했습니다.
2025-08-23 23:42:24,763 - INFO - [__main__] - 상세 페이지 스크레이퍼 완료: 고용노동부 2030 자문단 설치 및 운영에 관한 규정
2025-08-23 23:42:26,323 - INFO - [__main__] - 상세 페이지 스크레이퍼 실행: https://www.law.go.kr/admRulInfoP.do?admRulSeq=2100000182989
2025-08-23 23:42:26,720 - INFO - [scripts.adrule.logic.scraper] - 페이지로 이동 중: https://www.law.go.kr/admRulInfoP.do?admRulSeq=2100000182989
2025-08-23 23:42:27,482 - INFO - [scripts.adrule.logic.scraper] - 로딩 마스크가 나타나기를 기다리는 중...
2025-08-23 23:42:27,507 - INFO - [scripts.adrule.logic.scraper] - 로딩 마스크가 사라지기를 기다리는 중...
2025-08-23 23:42:27,694 - INFO - [scripts.adrule.logic.scraper] - 페이지 최종 렌더링을 잠시 대기합니다...
2025-08-23 23:42:28,696 - INFO - [scripts.adrule.logic.scraper] - 페이지 HTML 컨텐츠를 가져오는 중...
2025-08-23 23:42:28,715 - INFO - [scripts.adrule.logic.scraper] - 데이터 파싱 중...
2025-08-23 23:42:28,765 - INFO - [scripts.adrule.logic.scraper] - 유형 1: 정형화된 법령 구조 감지
2025-08-23 23:42:28,778 - INFO - [scripts.adrule.logic.scraper] - 데이터 1건을 '/Users/woong/Roeum/roeum-crawler/data/raw/adrule/1492000/고용노동부 갈등관리 운영규정_document.jsonl' 파일로 성공적으로 저장했습니다.
2025-08-23 23:42:28,779 - INFO - [scripts.adrule.logic.scraper] - 데이터 16건을 '/Users/woong/Roeum/roeum-crawler/data/raw/adrule/1492000/고용노동부 갈등관리 운영규정_chunks.jsonl' 파일로 성공적으로 저장했습니다.
2025-08-23 23:42:28,800 - INFO - [__main__] - 상세 페이지 스크레이퍼 완료: 고용노동부 갈등관리 운영규정
2025-08-23 23:42:30,296 - INFO - [__main__] - 상세 페이지 스크레이퍼 실행: https://www.law.go.kr/admRulInfoP.do?admRulSeq=2100000252674
2025-08-23 23:42:30,766 - INFO - [scripts.adrule.logic.scraper] - 페이지로 이동 중: https://www.law.go.kr/admRulInfoP.do?admRulSeq=2100000252674
2025-08-23 23:42:31,387 - INFO - [scripts.adrule.logic.scraper] - 로딩 마스크가 나타나기를 기다리는 중...
2025-08-23 23:42:31,425 - INFO - [scripts.adrule.logic.scraper] - 로딩 마스크가 사라지기를 기다리는 중...
2025-08-23 23:42:31,614 - INFO - [scripts.adrule.logic.scraper] - 페이지 최종 렌더링을 잠시 대기합니다...
2025-08-23 23:42:32,617 - INFO - [scripts.adrule.logic.scraper] - 페이지 HTML 컨텐츠를 가져오는 중...
2025-08-23 23:42:32,666 - INFO - [scripts.adrule.logic.scraper] - 데이터 파싱 중...
2025-08-23 23:42:32,860 - INFO - [scripts.adrule.logic.scraper] - 유형 1: 정형화된 법령 구조 감지
2025-08-23 23:42:32,998 - INFO - [scripts.adrule.logic.scraper] - 데이터 1건을 '/Users/woong/Roeum/roeum-crawler/data/raw/adrule/1492000/고용노동부 감사규정_document.jsonl' 파일로 성공적으로 저장했습니다.
2025-08-23 23:42:32,999 - INFO - [scripts.adrule.logic.scraper] - 데이터 49건을 '/Users/woong/Roeum/roeum-crawler/data/raw/adrule/1492000/고용노동부 감사규정_chunks.jsonl' 파일로 성공적으로 저장했습니다.
2025-08-23 23:42:33,040 - INFO - [__main__] - 상세 페이지 스크레이퍼 완료: 고용노동부 감사규정
2025-08-23 23:42:34,544 - INFO - [__main__] - 상세 페이지 스크레이퍼 실행: https://www.law.go.kr/admRulInfoP.do?admRulSeq=2100000239678
2025-08-23 23:42:34,913 - INFO - [scripts.adrule.logic.scraper] - 페이지로 이동 중: https://www.law.go.kr/admRulInfoP.do?admRulSeq=2100000239678
2025-08-23 23:42:35,469 - INFO - [scripts.adrule.logic.scraper] - 로딩 마스크가 나타나기를 기다리는 중...
2025-08-23 23:42:35,490 - INFO - [scripts.adrule.logic.scraper] - 로딩 마스크가 사라지기를 기다리는 중...
2025-08-23 23:42:35,695 - INFO - [scripts.adrule.logic.scraper] - 페이지 최종 렌더링을 잠시 대기합니다...
2025-08-23 23:42:36,698 - INFO - [scripts.adrule.logic.scraper] - 페이지 HTML 컨텐츠를 가져오는 중...
2025-08-23 23:42:36,737 - INFO - [scripts.adrule.logic.scraper] - 데이터 파싱 중...
2025-08-23 23:42:36,867 - INFO - [scripts.adrule.logic.scraper] - 유형 1: 정형화된 법령 구조 감지
2025-08-23 23:42:36,918 - INFO - [scripts.adrule.logic.scraper] - 데이터 1건을 '/Users/woong/Roeum/roeum-crawler/data/raw/adrule/1492000/고용노동부 개인정보 보호지침_document.jsonl' 파일로 성공적으로 저장했습니다.
2025-08-23 23:42:36,919 - INFO - [scripts.adrule.logic.scraper] - 데이터 69건을 '/Users/woong/Roeum/roeum-crawler/data/raw/adrule/1492000/고용노동부 개인정보 보호지침_chunks.jsonl' 파일로 성공적으로 저장했습니다.
2025-08-23 23:42:36,949 - INFO - [__main__] - 상세 페이지 스크레이퍼 완료: 고용노동부 개인정보 보호지침
2025-08-23 23:42:38,435 - INFO - [__main__] - 상세 페이지 스크레이퍼 실행: https://www.law.go.kr/admRulInfoP.do?admRulSeq=2100000250460
2025-08-23 23:42:38,827 - INFO - [scripts.adrule.logic.scraper] - 페이지로 이동 중: https://www.law.go.kr/admRulInfoP.do?admRulSeq=2100000250460
2025-08-23 23:42:39,438 - INFO - [scripts.adrule.logic.scraper] - 로딩 마스크가 나타나기를 기다리는 중...
2025-08-23 23:42:39,464 - INFO - [scripts.adrule.logic.scraper] - 로딩 마스크가 사라지기를 기다리는 중...
2025-08-23 23:42:39,659 - INFO - [scripts.adrule.logic.scraper] - 페이지 최종 렌더링을 잠시 대기합니다...
2025-08-23 23:42:40,693 - INFO - [scripts.adrule.logic.scraper] - 페이지 HTML 컨텐츠를 가져오는 중...
2025-08-23 23:42:40,747 - INFO - [scripts.adrule.logic.scraper] - 데이터 파싱 중...
2025-08-23 23:42:40,920 - INFO - [scripts.adrule.logic.scraper] - 유형 1: 정형화된 법령 구조 감지
2025-08-23 23:42:41,002 - INFO - [scripts.adrule.logic.scraper] - 데이터 1건을 '/Users/woong/Roeum/roeum-crawler/data/raw/adrule/1492000/고용노동부고객상담센터 기본운영규정_document.jsonl' 파일로 성공적으로 저장했습니다.
2025-08-23 23:42:41,003 - INFO - [scripts.adrule.logic.scraper] - 데이터 57건을 '/Users/woong/Roeum/roeum-crawler/data/raw/adrule/1492000/고용노동부고객상담센터 기본운영규정_chunks.jsonl' 파일로 성공적으로 저장했습니다.
2025-08-23 23:42:41,036 - INFO - [__main__] - 상세 페이지 스크레이퍼 완료: 고용노동부고객상담센터 기본운영규정
2025-08-23 23:42:42,717 - INFO - [__main__] - 상세 페이지 스크레이퍼 실행: https://www.law.go.kr/admRulInfoP.do?admRulSeq=2100000210067
2025-08-23 23:42:43,130 - INFO - [scripts.adrule.logic.scraper] - 페이지로 이동 중: https://www.law.go.kr/admRulInfoP.do?admRulSeq=2100000210067
2025-08-23 23:42:43,770 - INFO - [scripts.adrule.logic.scraper] - 로딩 마스크가 나타나기를 기다리는 중...
2025-08-23 23:42:43,795 - INFO - [scripts.adrule.logic.scraper] - 로딩 마스크가 사라지기를 기다리는 중...
2025-08-23 23:42:43,994 - INFO - [scripts.adrule.logic.scraper] - 페이지 최종 렌더링을 잠시 대기합니다...
2025-08-23 23:42:44,997 - INFO - [scripts.adrule.logic.scraper] - 페이지 HTML 컨텐츠를 가져오는 중...
2025-08-23 23:42:45,035 - INFO - [scripts.adrule.logic.scraper] - 데이터 파싱 중...
2025-08-23 23:42:45,095 - INFO - [scripts.adrule.logic.scraper] - 유형 1: 정형화된 법령 구조 감지
2025-08-23 23:42:45,105 - INFO - [scripts.adrule.logic.scraper] - 데이터 1건을 '/Users/woong/Roeum/roeum-crawler/data/raw/adrule/1492000/고용노동부고객상담센터 위임전결규정_document.jsonl' 파일로 성공적으로 저장했습니다.
2025-08-23 23:42:45,106 - INFO - [scripts.adrule.logic.scraper] - 데이터 10건을 '/Users/woong/Roeum/roeum-crawler/data/raw/adrule/1492000/고용노동부고객상담센터 위임전결규정_chunks.jsonl' 파일로 성공적으로 저장했습니다.
2025-08-23 23:42:45,136 - INFO - [__main__] - 상세 페이지 스크레이퍼 완료: 고용노동부고객상담센터 위임전결규정
2025-08-23 23:42:46,649 - INFO - [__main__] - 상세 페이지 스크레이퍼 실행: https://www.law.go.kr/admRulInfoP.do?admRulSeq=2100000222744
2025-08-23 23:42:47,087 - INFO - [scripts.adrule.logic.scraper] - 페이지로 이동 중: https://www.law.go.kr/admRulInfoP.do?admRulSeq=2100000222744
2025-08-23 23:42:47,642 - INFO - [scripts.adrule.logic.scraper] - 로딩 마스크가 나타나기를 기다리는 중...
2025-08-23 23:42:47,663 - INFO - [scripts.adrule.logic.scraper] - 로딩 마스크가 사라지기를 기다리는 중...
2025-08-23 23:42:47,760 - INFO - [scripts.adrule.logic.scraper] - 페이지 최종 렌더링을 잠시 대기합니다...
2025-08-23 23:42:48,764 - INFO - [scripts.adrule.logic.scraper] - 페이지 HTML 컨텐츠를 가져오는 중...
2025-08-23 23:42:48,780 - INFO - [scripts.adrule.logic.scraper] - 데이터 파싱 중...
2025-08-23 23:42:48,831 - INFO - [scripts.adrule.logic.scraper] - 유형 1: 정형화된 법령 구조 감지
2025-08-23 23:42:48,845 - INFO - [scripts.adrule.logic.scraper] - 데이터 1건을 '/Users/woong/Roeum/roeum-crawler/data/raw/adrule/1492000/고용노동부 고객지원실 운영규정_document.jsonl' 파일로 성공적으로 저장했습니다.
2025-08-23 23:42:48,845 - INFO - [scripts.adrule.logic.scraper] - 데이터 18건을 '/Users/woong/Roeum/roeum-crawler/data/raw/adrule/1492000/고용노동부 고객지원실 운영규정_chunks.jsonl' 파일로 성공적으로 저장했습니다.
2025-08-23 23:42:48,872 - INFO - [__main__] - 상세 페이지 스크레이퍼 완료: 고용노동부 고객지원실 운영규정
2025-08-23 23:42:50,406 - INFO - [__main__] - 상세 페이지 스크레이퍼 실행: https://www.law.go.kr/admRulInfoP.do?admRulSeq=2100000211064
2025-08-23 23:42:50,779 - INFO - [scripts.adrule.logic.scraper] - 페이지로 이동 중: https://www.law.go.kr/admRulInfoP.do?admRulSeq=2100000211064
2025-08-23 23:42:51,406 - INFO - [scripts.adrule.logic.scraper] - 로딩 마스크가 나타나기를 기다리는 중...
2025-08-23 23:42:51,444 - INFO - [scripts.adrule.logic.scraper] - 로딩 마스크가 사라지기를 기다리는 중...
2025-08-23 23:42:51,547 - INFO - [scripts.adrule.logic.scraper] - 페이지 최종 렌더링을 잠시 대기합니다...
2025-08-23 23:42:52,551 - INFO - [scripts.adrule.logic.scraper] - 페이지 HTML 컨텐츠를 가져오는 중...
2025-08-23 23:42:52,569 - INFO - [scripts.adrule.logic.scraper] - 데이터 파싱 중...
2025-08-23 23:42:52,616 - INFO - [scripts.adrule.logic.scraper] - 유형 1: 정형화된 법령 구조 감지
2025-08-23 23:42:52,629 - INFO - [scripts.adrule.logic.scraper] - 데이터 1건을 '/Users/woong/Roeum/roeum-crawler/data/raw/adrule/1492000/고용노동부 고용장려금 운영에 관한 규정_document.jsonl' 파일로 성공적으로 저장했습니다.
2025-08-23 23:42:52,629 - INFO - [scripts.adrule.logic.scraper] - 데이터 16건을 '/Users/woong/Roeum/roeum-crawler/data/raw/adrule/1492000/고용노동부 고용장려금 운영에 관한 규정_chunks.jsonl' 파일로 성공적으로 저장했습니다.
2025-08-23 23:42:52,651 - INFO - [__main__] - 상세 페이지 스크레이퍼 완료: 고용노동부 고용장려금 운영에 관한 규정
2025-08-23 23:42:54,119 - INFO - [__main__] - 상세 페이지 스크레이퍼 실행: https://www.law.go.kr/admRulInfoP.do?admRulSeq=2000000017616
2025-08-23 23:42:54,492 - INFO - [scripts.adrule.logic.scraper] - 페이지로 이동 중: https://www.law.go.kr/admRulInfoP.do?admRulSeq=2000000017616
2025-08-23 23:42:55,160 - INFO - [scripts.adrule.logic.scraper] - 로딩 마스크가 나타나기를 기다리는 중...
2025-08-23 23:42:55,244 - INFO - [scripts.adrule.logic.scraper] - 로딩 마스크가 사라지기를 기다리는 중...
2025-08-23 23:42:55,296 - INFO - [scripts.adrule.logic.scraper] - 페이지 최종 렌더링을 잠시 대기합니다...
2025-08-23 23:42:56,312 - INFO - [scripts.adrule.logic.scraper] - 페이지 HTML 컨텐츠를 가져오는 중...
2025-08-23 23:42:56,344 - INFO - [scripts.adrule.logic.scraper] - 데이터 파싱 중...
2025-08-23 23:42:56,404 - INFO - [scripts.adrule.logic.scraper] - 유형 1: 정형화된 법령 구조 감지
2025-08-23 23:42:56,408 - INFO - [scripts.adrule.logic.scraper] - 데이터 1건을 '/Users/woong/Roeum/roeum-crawler/data/raw/adrule/1492000/고용노동부 공무원의 국제기구 파견에 관한 지침_document.jsonl' 파일로 성공적으로 저장했습니다.
2025-08-23 23:42:56,409 - INFO - [scripts.adrule.logic.scraper] - 데이터 5건을 '/Users/woong/Roeum/roeum-crawler/data/raw/adrule/1492000/고용노동부 공무원의 국제기구 파견에 관한 지침_chunks.jsonl' 파일로 성공적으로 저장했습니다.
2025-08-23 23:42:56,488 - INFO - [__main__] - 상세 페이지 스크레이퍼 완료: 고용노동부 공무원의 국제기구 파견에 관한 지침
2025-08-23 23:42:58,022 - INFO - [__main__] - 상세 페이지 스크레이퍼 실행: https://www.law.go.kr/admRulInfoP.do?admRulSeq=2100000259170
2025-08-23 23:42:58,413 - INFO - [scripts.adrule.logic.scraper] - 페이지로 이동 중: https://www.law.go.kr/admRulInfoP.do?admRulSeq=2100000259170
2025-08-23 23:42:59,289 - INFO - [scripts.adrule.logic.scraper] - 로딩 마스크가 나타나기를 기다리는 중...
2025-08-23 23:42:59,311 - INFO - [scripts.adrule.logic.scraper] - 로딩 마스크가 사라지기를 기다리는 중...
2025-08-23 23:42:59,495 - INFO - [scripts.adrule.logic.scraper] - 페이지 최종 렌더링을 잠시 대기합니다...
2025-08-23 23:43:00,498 - INFO - [scripts.adrule.logic.scraper] - 페이지 HTML 컨텐츠를 가져오는 중...
2025-08-23 23:43:00,521 - INFO - [scripts.adrule.logic.scraper] - 데이터 파싱 중...
2025-08-23 23:43:00,594 - INFO - [scripts.adrule.logic.scraper] - 유형 1: 정형화된 법령 구조 감지
2025-08-23 23:43:00,604 - INFO - [scripts.adrule.logic.scraper] - 데이터 1건을 '/Users/woong/Roeum/roeum-crawler/data/raw/adrule/1492000/고용노동부 공무원 정원배정표_document.jsonl' 파일로 성공적으로 저장했습니다.
2025-08-23 23:43:00,604 - INFO - [scripts.adrule.logic.scraper] - 데이터 6건을 '/Users/woong/Roeum/roeum-crawler/data/raw/adrule/1492000/고용노동부 공무원 정원배정표_chunks.jsonl' 파일로 성공적으로 저장했습니다.
2025-08-23 23:43:00,625 - INFO - [__main__] - 상세 페이지 스크레이퍼 완료: 고용노동부 공무원 정원배정표
2025-08-23 23:43:02,103 - INFO - [__main__] - 상세 페이지 스크레이퍼 실행: https://www.law.go.kr/admRulInfoP.do?admRulSeq=2100000237204
2025-08-23 23:43:02,487 - INFO - [scripts.adrule.logic.scraper] - 페이지로 이동 중: https://www.law.go.kr/admRulInfoP.do?admRulSeq=2100000237204
2025-08-23 23:43:03,064 - INFO - [scripts.adrule.logic.scraper] - 로딩 마스크가 나타나기를 기다리는 중...
2025-08-23 23:43:03,084 - INFO - [scripts.adrule.logic.scraper] - 로딩 마스크가 사라지기를 기다리는 중...
2025-08-23 23:43:03,268 - INFO - [scripts.adrule.logic.scraper] - 페이지 최종 렌더링을 잠시 대기합니다...
2025-08-23 23:43:04,271 - INFO - [scripts.adrule.logic.scraper] - 페이지 HTML 컨텐츠를 가져오는 중...
2025-08-23 23:43:04,300 - INFO - [scripts.adrule.logic.scraper] - 데이터 파싱 중...
2025-08-23 23:43:04,422 - INFO - [scripts.adrule.logic.scraper] - 유형 1: 정형화된 법령 구조 감지
2025-08-23 23:43:04,451 - INFO - [scripts.adrule.logic.scraper] - 데이터 1건을 '/Users/woong/Roeum/roeum-crawler/data/raw/adrule/1492000/고용노동부 공무원 행동강령_document.jsonl' 파일로 성공적으로 저장했습니다.
2025-08-23 23:43:04,452 - INFO - [scripts.adrule.logic.scraper] - 데이터 41건을 '/Users/woong/Roeum/roeum-crawler/data/raw/adrule/1492000/고용노동부 공무원 행동강령_chunks.jsonl' 파일로 성공적으로 저장했습니다.
2025-08-23 23:43:04,477 - INFO - [__main__] - 상세 페이지 스크레이퍼 완료: 고용노동부 공무원 행동강령
2025-08-23 23:43:05,939 - INFO - [__main__] - 상세 페이지 스크레이퍼 실행: https://www.law.go.kr/admRulInfoP.do?admRulSeq=2100000217135
2025-08-23 23:43:06,296 - INFO - [scripts.adrule.logic.scraper] - 페이지로 이동 중: https://www.law.go.kr/admRulInfoP.do?admRulSeq=2100000217135
2025-08-23 23:43:06,868 - INFO - [scripts.adrule.logic.scraper] - 로딩 마스크가 나타나기를 기다리는 중...
2025-08-23 23:43:06,888 - INFO - [scripts.adrule.logic.scraper] - 로딩 마스크가 사라지기를 기다리는 중...
2025-08-23 23:43:07,105 - INFO - [scripts.adrule.logic.scraper] - 페이지 최종 렌더링을 잠시 대기합니다...
2025-08-23 23:43:08,108 - INFO - [scripts.adrule.logic.scraper] - 페이지 HTML 컨텐츠를 가져오는 중...
2025-08-23 23:43:08,140 - INFO - [scripts.adrule.logic.scraper] - 데이터 파싱 중...
2025-08-23 23:43:08,269 - INFO - [scripts.adrule.logic.scraper] - 유형 1: 정형화된 법령 구조 감지
2025-08-23 23:43:08,322 - INFO - [scripts.adrule.logic.scraper] - 데이터 1건을 '/Users/woong/Roeum/roeum-crawler/data/raw/adrule/1492000/고용노동부 공무직근로자 운영규정_document.jsonl' 파일로 성공적으로 저장했습니다.
2025-08-23 23:43:08,322 - INFO - [scripts.adrule.logic.scraper] - 데이터 92건을 '/Users/woong/Roeum/roeum-crawler/data/raw/adrule/1492000/고용노동부 공무직근로자 운영규정_chunks.jsonl' 파일로 성공적으로 저장했습니다.
2025-08-23 23:43:08,345 - INFO - [__main__] - 상세 페이지 스크레이퍼 완료: 고용노동부 공무직근로자 운영규정
2025-08-23 23:43:09,838 - INFO - [__main__] - 상세 페이지 스크레이퍼 실행: https://www.law.go.kr/admRulInfoP.do?admRulSeq=2100000234738
2025-08-23 23:43:10,346 - INFO - [scripts.adrule.logic.scraper] - 페이지로 이동 중: https://www.law.go.kr/admRulInfoP.do?admRulSeq=2100000234738
2025-08-23 23:43:10,927 - INFO - [scripts.adrule.logic.scraper] - 로딩 마스크가 나타나기를 기다리는 중...
2025-08-23 23:43:10,953 - INFO - [scripts.adrule.logic.scraper] - 로딩 마스크가 사라지기를 기다리는 중...
2025-08-23 23:43:11,145 - INFO - [scripts.adrule.logic.scraper] - 페이지 최종 렌더링을 잠시 대기합니다...
2025-08-23 23:43:12,147 - INFO - [scripts.adrule.logic.scraper] - 페이지 HTML 컨텐츠를 가져오는 중...
2025-08-23 23:43:12,159 - INFO - [scripts.adrule.logic.scraper] - 데이터 파싱 중...
2025-08-23 23:43:12,209 - INFO - [scripts.adrule.logic.scraper] - 유형 1: 정형화된 법령 구조 감지
2025-08-23 23:43:12,234 - INFO - [scripts.adrule.logic.scraper] - 데이터 1건을 '/Users/woong/Roeum/roeum-crawler/data/raw/adrule/1492000/고용노동부 공사감독 업무규정_document.jsonl' 파일로 성공적으로 저장했습니다.
2025-08-23 23:43:12,234 - INFO - [scripts.adrule.logic.scraper] - 데이터 19건을 '/Users/woong/Roeum/roeum-crawler/data/raw/adrule/1492000/고용노동부 공사감독 업무규정_chunks.jsonl' 파일로 성공적으로 저장했습니다.
2025-08-23 23:43:12,274 - INFO - [__main__] - 상세 페이지 스크레이퍼 완료: 고용노동부 공사감독 업무규정
2025-08-23 23:43:13,761 - INFO - [__main__] - 상세 페이지 스크레이퍼 실행: https://www.law.go.kr/admRulInfoP.do?admRulSeq=2100000211590
2025-08-23 23:43:14,150 - INFO - [scripts.adrule.logic.scraper] - 페이지로 이동 중: https://www.law.go.kr/admRulInfoP.do?admRulSeq=2100000211590
2025-08-23 23:43:14,752 - INFO - [scripts.adrule.logic.scraper] - 로딩 마스크가 나타나기를 기다리는 중...
2025-08-23 23:43:14,773 - INFO - [scripts.adrule.logic.scraper] - 로딩 마스크가 사라지기를 기다리는 중...
2025-08-23 23:43:14,872 - INFO - [scripts.adrule.logic.scraper] - 페이지 최종 렌더링을 잠시 대기합니다...
2025-08-23 23:43:15,874 - INFO - [scripts.adrule.logic.scraper] - 페이지 HTML 컨텐츠를 가져오는 중...
2025-08-23 23:43:15,893 - INFO - [scripts.adrule.logic.scraper] - 데이터 파싱 중...
2025-08-23 23:43:15,951 - INFO - [scripts.adrule.logic.scraper] - 유형 1: 정형화된 법령 구조 감지
2025-08-23 23:43:15,963 - INFO - [scripts.adrule.logic.scraper] - 데이터 1건을 '/Users/woong/Roeum/roeum-crawler/data/raw/adrule/1492000/고용노동부 공직자의 이해충돌 방지제도 운영지침_document.jsonl' 파일로 성공적으로 저장했습니다.
2025-08-23 23:43:15,963 - INFO - [scripts.adrule.logic.scraper] - 데이터 19건을 '/Users/woong/Roeum/roeum-crawler/data/raw/adrule/1492000/고용노동부 공직자의 이해충돌 방지제도 운영지침_chunks.jsonl' 파일로 성공적으로 저장했습니다.
2025-08-23 23:43:15,985 - INFO - [__main__] - 상세 페이지 스크레이퍼 완료: 고용노동부 공직자의 이해충돌 방지제도 운영지침
2025-08-23 23:43:17,478 - INFO - [__main__] - 상세 페이지 스크레이퍼 실행: https://www.law.go.kr/admRulInfoP.do?admRulSeq=2100000234750
2025-08-23 23:43:17,840 - INFO - [scripts.adrule.logic.scraper] - 페이지로 이동 중: https://www.law.go.kr/admRulInfoP.do?admRulSeq=2100000234750
2025-08-23 23:43:18,483 - INFO - [scripts.adrule.logic.scraper] - 로딩 마스크가 나타나기를 기다리는 중...
2025-08-23 23:43:18,503 - INFO - [scripts.adrule.logic.scraper] - 로딩 마스크가 사라지기를 기다리는 중...
2025-08-23 23:43:18,685 - INFO - [scripts.adrule.logic.scraper] - 페이지 최종 렌더링을 잠시 대기합니다...
2025-08-23 23:43:19,689 - INFO - [scripts.adrule.logic.scraper] - 페이지 HTML 컨텐츠를 가져오는 중...
2025-08-23 23:43:19,708 - INFO - [scripts.adrule.logic.scraper] - 데이터 파싱 중...
2025-08-23 23:43:19,764 - INFO - [scripts.adrule.logic.scraper] - 유형 1: 정형화된 법령 구조 감지
2025-08-23 23:43:19,778 - INFO - [scripts.adrule.logic.scraper] - 데이터 1건을 '/Users/woong/Roeum/roeum-crawler/data/raw/adrule/1492000/고용노동부 관사의 운영 및 관리규정_document.jsonl' 파일로 성공적으로 저장했습니다.
2025-08-23 23:43:19,778 - INFO - [scripts.adrule.logic.scraper] - 데이터 20건을 '/Users/woong/Roeum/roeum-crawler/data/raw/adrule/1492000/고용노동부 관사의 운영 및 관리규정_chunks.jsonl' 파일로 성공적으로 저장했습니다.
2025-08-23 23:43:19,807 - INFO - [__main__] - 상세 페이지 스크레이퍼 완료: 고용노동부 관사의 운영 및 관리규정
2025-08-23 23:43:21,623 - INFO - [__main__] - 상세 페이지 스크레이퍼 실행: https://www.law.go.kr/admRulInfoP.do?admRulSeq=2100000217173
2025-08-23 23:43:22,072 - INFO - [scripts.adrule.logic.scraper] - 페이지로 이동 중: https://www.law.go.kr/admRulInfoP.do?admRulSeq=2100000217173
2025-08-23 23:43:22,597 - INFO - [scripts.adrule.logic.scraper] - 로딩 마스크가 나타나기를 기다리는 중...
2025-08-23 23:43:22,617 - INFO - [scripts.adrule.logic.scraper] - 로딩 마스크가 사라지기를 기다리는 중...
2025-08-23 23:43:22,698 - INFO - [scripts.adrule.logic.scraper] - 페이지 최종 렌더링을 잠시 대기합니다...
2025-08-23 23:43:23,701 - INFO - [scripts.adrule.logic.scraper] - 페이지 HTML 컨텐츠를 가져오는 중...
2025-08-23 23:43:23,724 - INFO - [scripts.adrule.logic.scraper] - 데이터 파싱 중...
2025-08-23 23:43:23,777 - INFO - [scripts.adrule.logic.scraper] - 유형 1: 정형화된 법령 구조 감지
2025-08-23 23:43:23,787 - INFO - [scripts.adrule.logic.scraper] - 데이터 1건을 '/Users/woong/Roeum/roeum-crawler/data/raw/adrule/1492000/고용노동부 국가정보자료관리세부시행규칙_document.jsonl' 파일로 성공적으로 저장했습니다.
2025-08-23 23:43:23,788 - INFO - [scripts.adrule.logic.scraper] - 데이터 16건을 '/Users/woong/Roeum/roeum-crawler/data/raw/adrule/1492000/고용노동부 국가정보자료관리세부시행규칙_chunks.jsonl' 파일로 성공적으로 저장했습니다.
2025-08-23 23:43:23,809 - INFO - [__main__] - 상세 페이지 스크레이퍼 완료: 고용노동부 국가정보자료관리세부시행규칙
2025-08-23 23:43:25,347 - INFO - [__main__] - 상세 페이지 스크레이퍼 실행: https://www.law.go.kr/admRulInfoP.do?admRulSeq=2100000227252
2025-08-23 23:43:25,724 - INFO - [scripts.adrule.logic.scraper] - 페이지로 이동 중: https://www.law.go.kr/admRulInfoP.do?admRulSeq=2100000227252
2025-08-23 23:43:26,298 - INFO - [scripts.adrule.logic.scraper] - 로딩 마스크가 나타나기를 기다리는 중...
2025-08-23 23:43:26,319 - INFO - [scripts.adrule.logic.scraper] - 로딩 마스크가 사라지기를 기다리는 중...
2025-08-23 23:43:26,501 - INFO - [scripts.adrule.logic.scraper] - 페이지 최종 렌더링을 잠시 대기합니다...
2025-08-23 23:43:27,504 - INFO - [scripts.adrule.logic.scraper] - 페이지 HTML 컨텐츠를 가져오는 중...
2025-08-23 23:43:27,519 - INFO - [scripts.adrule.logic.scraper] - 데이터 파싱 중...
2025-08-23 23:43:27,562 - INFO - [scripts.adrule.logic.scraper] - 유형 1: 정형화된 법령 구조 감지
2025-08-23 23:43:27,571 - INFO - [scripts.adrule.logic.scraper] - 데이터 1건을 '/Users/woong/Roeum/roeum-crawler/data/raw/adrule/1492000/고용노동부 국제고용노동정책에 관한 규정_document.jsonl' 파일로 성공적으로 저장했습니다.
2025-08-23 23:43:27,571 - INFO - [scripts.adrule.logic.scraper] - 데이터 8건을 '/Users/woong/Roeum/roeum-crawler/data/raw/adrule/1492000/고용노동부 국제고용노동정책에 관한 규정_chunks.jsonl' 파일로 성공적으로 저장했습니다.
2025-08-23 23:43:27,600 - INFO - [__main__] - 상세 페이지 스크레이퍼 완료: 고용노동부 국제고용노동정책에 관한 규정
2025-08-23 23:43:29,062 - INFO - [__main__] - 상세 페이지 스크레이퍼 실행: https://www.law.go.kr/admRulInfoP.do?admRulSeq=2100000241896
2025-08-23 23:43:29,418 - INFO - [scripts.adrule.logic.scraper] - 페이지로 이동 중: https://www.law.go.kr/admRulInfoP.do?admRulSeq=2100000241896
2025-08-23 23:43:29,975 - INFO - [scripts.adrule.logic.scraper] - 로딩 마스크가 나타나기를 기다리는 중...
2025-08-23 23:43:30,005 - INFO - [scripts.adrule.logic.scraper] - 로딩 마스크가 사라지기를 기다리는 중...
2025-08-23 23:43:30,086 - INFO - [scripts.adrule.logic.scraper] - 페이지 최종 렌더링을 잠시 대기합니다...
2025-08-23 23:43:31,087 - INFO - [scripts.adrule.logic.scraper] - 페이지 HTML 컨텐츠를 가져오는 중...
2025-08-23 23:43:31,100 - INFO - [scripts.adrule.logic.scraper] - 데이터 파싱 중...
2025-08-23 23:43:31,140 - INFO - [scripts.adrule.logic.scraper] - 유형 1: 정형화된 법령 구조 감지
2025-08-23 23:43:31,150 - INFO - [scripts.adrule.logic.scraper] - 데이터 1건을 '/Users/woong/Roeum/roeum-crawler/data/raw/adrule/1492000/고용노동부 규제심사위원회 운영규정_document.jsonl' 파일로 성공적으로 저장했습니다.
2025-08-23 23:43:31,150 - INFO - [scripts.adrule.logic.scraper] - 데이터 9건을 '/Users/woong/Roeum/roeum-crawler/data/raw/adrule/1492000/고용노동부 규제심사위원회 운영규정_chunks.jsonl' 파일로 성공적으로 저장했습니다.
2025-08-23 23:43:31,173 - INFO - [__main__] - 상세 페이지 스크레이퍼 완료: 고용노동부 규제심사위원회 운영규정
