2025-08-22 00:28:16,065 - INFO - [scripts.adrule.logic.url_checker] - URL 유효성 검증 성공: https://www.law.go.kr/admRulAstSc.do?menuId=391&subMenuId=397&tabMenuId=441&cptOfiCd=1492000
2025-08-22 00:28:16,567 - INFO - [scripts.adrule.logic.list_scraper] - 목록 페이지로 이동 중: https://www.law.go.kr/admRulAstSc.do?menuId=391&subMenuId=397&tabMenuId=441&cptOfiCd=1492000
2025-08-22 00:28:18,070 - INFO - [scripts.adrule.logic.list_scraper] - 총 9 페이지를 확인했습니다.
2025-08-22 00:28:18,070 - INFO - [scripts.adrule.logic.list_scraper] - 사용자 설정에 따라 최대 1 페이지만 크롤링합니다.
2025-08-22 00:28:18,070 - INFO - [scripts.adrule.logic.list_scraper] - --- 1 / 1 페이지 처리 중 ---
2025-08-22 00:28:18,107 - INFO - [scripts.adrule.logic.list_scraper] -   - 발견:  2025년도 건설업 월평균보수
2025-08-22 00:28:18,111 - INFO - [scripts.adrule.logic.list_scraper] -   - 발견:  2025년도 사업종류별 산재보험료율
2025-08-22 00:28:18,115 - INFO - [scripts.adrule.logic.list_scraper] -   - 발견:  2025년 적용 최저임금 고시
2025-08-22 00:28:18,119 - INFO - [scripts.adrule.logic.list_scraper] -   - 발견:  2025년 적용 최저임금안 고시
2025-08-22 00:28:18,123 - INFO - [scripts.adrule.logic.list_scraper] -   - 발견:  2026년 적용 최저임금 고시
2025-08-22 00:28:18,127 - INFO - [scripts.adrule.logic.list_scraper] -   - 발견:  2026년 적용 최저임금안 고시
2025-08-22 00:28:18,130 - INFO - [scripts.adrule.logic.list_scraper] -   - 발견:  가사근로자 사회보험료 지원에 관한 고시
2025-08-22 00:28:18,134 - INFO - [scripts.adrule.logic.list_scraper] -   - 발견:  가설공사 표준안전 작업지침
2025-08-22 00:28:18,137 - INFO - [scripts.adrule.logic.list_scraper] -   - 발견:  가스누출감지경보기 설치에 관한 기술상의 지침
2025-08-22 00:28:18,140 - INFO - [scripts.adrule.logic.list_scraper] -   - 발견:  감전재해 예방을 위한 기술상의 지침
2025-08-22 00:28:18,144 - INFO - [scripts.adrule.logic.list_scraper] -   - 발견:  개별연장급여 수급요건 중 학업 중인 사람에 대한 고시
2025-08-22 00:28:18,148 - INFO - [scripts.adrule.logic.list_scraper] -   - 발견:  개별연장급여 지급을 위한 임금 및 재산기준 고시
2025-08-22 00:28:18,151 - INFO - [scripts.adrule.logic.list_scraper] -   - 발견:  개인형퇴직연금제도로의 이전 예외사유 해당금액 고시
2025-08-22 00:28:18,155 - INFO - [scripts.adrule.logic.list_scraper] -   - 발견:  건설공사 안전보건대장의 작성 등에 관한 고시
2025-08-22 00:28:18,160 - INFO - [scripts.adrule.logic.list_scraper] -   - 발견:  건설공사의 노무비율
2025-08-22 00:28:18,163 - INFO - [scripts.adrule.logic.list_scraper] -   - 발견:  건설근로자고용개선전문위원회 운영규정
2025-08-22 00:28:18,167 - INFO - [scripts.adrule.logic.list_scraper] -   - 발견:  건설업 산업안전보건관리비 계상 및 사용기준
2025-08-22 00:28:18,171 - INFO - [scripts.adrule.logic.list_scraper] -   - 발견:  건설업에서 근로자 수 확인이 곤란한 장애인 고용의무 사업주의 공사실적액
2025-08-22 00:28:18,174 - INFO - [scripts.adrule.logic.list_scraper] -   - 발견:  건설업 유해·위험방지계획서 중 지도사가 평가·확인 할 수 있는 대상 건설공사의 범위 및 지도사의 요건
2025-08-22 00:28:18,177 - INFO - [scripts.adrule.logic.list_scraper] -   - 발견:  건설업자가 아닌 자가 시공하는 건설공사의 총공사금액 산정방법에 관한 규정
2025-08-22 00:28:18,181 - INFO - [scripts.adrule.logic.list_scraper] -   - 발견:  건설업체의 산업재해예방활동 실적 평가기준
2025-08-22 00:28:18,184 - INFO - [scripts.adrule.logic.list_scraper] -   - 발견:  고기압 작업에 관한 기준
2025-08-22 00:28:18,187 - INFO - [scripts.adrule.logic.list_scraper] -   - 발견:  고 김용균 사망사고 진상규명과 재발방지를 위한 석탄화력발전소 특별노동안전조사위원회 설치 및 운영에 관한 규정
2025-08-22 00:28:18,191 - INFO - [scripts.adrule.logic.list_scraper] -   - 발견:  고령자 고용안정지원금 지급 규정
2025-08-22 00:28:18,194 - INFO - [scripts.adrule.logic.list_scraper] -   - 발견:  고령자고용연장지원금액 등
2025-08-22 00:28:18,197 - INFO - [scripts.adrule.logic.list_scraper] -   - 발견:  고령자인재은행 및 중견전문인력 고용지원센터 운영규정
2025-08-22 00:28:18,200 - INFO - [scripts.adrule.logic.list_scraper] -   - 발견:  고용노동관계법 위반자에 대한 과태료 부과·징수 업무에 관한 예규
2025-08-22 00:28:18,204 - INFO - [scripts.adrule.logic.list_scraper] -   - 발견:  고용노동관 업무처리지침
2025-08-22 00:28:18,207 - INFO - [scripts.adrule.logic.list_scraper] -   - 발견:  고용노동부 2030 자문단 설치 및 운영에 관한 규정
2025-08-22 00:28:18,217 - INFO - [scripts.adrule.logic.list_scraper] -   - 발견:  고용노동부 갈등관리 운영규정
2025-08-22 00:28:18,220 - INFO - [scripts.adrule.logic.list_scraper] -   - 발견:  고용노동부 감사규정
2025-08-22 00:28:18,224 - INFO - [scripts.adrule.logic.list_scraper] -   - 발견:  고용노동부 개인정보 보호지침
2025-08-22 00:28:18,227 - INFO - [scripts.adrule.logic.list_scraper] -   - 발견:  고용노동부고객상담센터 기본운영규정
2025-08-22 00:28:18,230 - INFO - [scripts.adrule.logic.list_scraper] -   - 발견:  고용노동부고객상담센터 위임전결규정
2025-08-22 00:28:18,234 - INFO - [scripts.adrule.logic.list_scraper] -   - 발견:  고용노동부 고객지원실 운영규정
2025-08-22 00:28:18,238 - INFO - [scripts.adrule.logic.list_scraper] -   - 발견:  고용노동부 고용장려금 운영에 관한 규정
2025-08-22 00:28:18,242 - INFO - [scripts.adrule.logic.list_scraper] -   - 발견:  고용노동부 공무원의 국제기구 파견에 관한 지침
2025-08-22 00:28:18,245 - INFO - [scripts.adrule.logic.list_scraper] -   - 발견:  고용노동부 공무원 정원배정표
2025-08-22 00:28:18,249 - INFO - [scripts.adrule.logic.list_scraper] -   - 발견:  고용노동부 공무원 행동강령
2025-08-22 00:28:18,252 - INFO - [scripts.adrule.logic.list_scraper] -   - 발견:  고용노동부 공무직근로자 운영규정
2025-08-22 00:28:18,256 - INFO - [scripts.adrule.logic.list_scraper] -   - 발견:  고용노동부 공사감독 업무규정
2025-08-22 00:28:18,262 - INFO - [scripts.adrule.logic.list_scraper] -   - 발견:  고용노동부 공직자의 이해충돌 방지제도 운영지침
2025-08-22 00:28:18,266 - INFO - [scripts.adrule.logic.list_scraper] -   - 발견:  고용노동부 관사의 운영 및 관리규정
2025-08-22 00:28:18,269 - INFO - [scripts.adrule.logic.list_scraper] -   - 발견:  고용노동부 국가정보자료관리세부시행규칙
2025-08-22 00:28:18,275 - INFO - [scripts.adrule.logic.list_scraper] -   - 발견:  고용노동부 국제고용노동정책에 관한 규정
2025-08-22 00:28:18,278 - INFO - [scripts.adrule.logic.list_scraper] -   - 발견:  고용노동부 규제심사위원회 운영규정
2025-08-22 00:28:18,301 - INFO - [__main__] - 총 46개의 URL을 './bin/../data/raw/adrule/1492000/urls.jsonl' 파일에 저장했습니다.
2025-08-22 00:28:18,882 - INFO - [__main__] - 상세 페이지 스크레이퍼 실행: https://www.law.go.kr/admRulInfoP.do?admRulSeq=2100000252102
2025-08-22 00:28:19,236 - INFO - [scripts.adrule.logic.scraper] - 페이지로 이동 중: https://www.law.go.kr/admRulInfoP.do?admRulSeq=2100000252102
2025-08-22 00:28:19,807 - INFO - [scripts.adrule.logic.scraper] - 로딩 마스크가 나타나기를 기다리는 중...
2025-08-22 00:28:19,825 - INFO - [scripts.adrule.logic.scraper] - 로딩 마스크가 사라지기를 기다리는 중...
2025-08-22 00:28:19,904 - INFO - [scripts.adrule.logic.scraper] - 페이지 최종 렌더링을 잠시 대기합니다...
2025-08-22 00:28:20,908 - INFO - [scripts.adrule.logic.scraper] - 페이지 HTML 컨텐츠를 가져오는 중...
2025-08-22 00:28:20,923 - INFO - [scripts.adrule.logic.scraper] - 데이터 파싱 중...
2025-08-22 00:28:20,977 - INFO - [scripts.adrule.logic.scraper] - 유형 2: 텍스트 기반 비정형 구조 감지
2025-08-22 00:28:20,979 - INFO - [scripts.adrule.logic.scraper] - 데이터 1건을 '/Users/woong/Roeum/roeum-crawler/data/raw/adrule/1492000/2025년도 건설업 월평균보수_document.jsonl' 파일로 성공적으로 저장했습니다.
2025-08-22 00:28:20,980 - INFO - [scripts.adrule.logic.scraper] - 데이터 2건을 '/Users/woong/Roeum/roeum-crawler/data/raw/adrule/1492000/2025년도 건설업 월평균보수_chunks.jsonl' 파일로 성공적으로 저장했습니다.
2025-08-22 00:28:21,045 - INFO - [__main__] - 상세 페이지 스크레이퍼 완료: 2025년도 건설업 월평균보수
2025-08-22 00:28:22,510 - INFO - [__main__] - 상세 페이지 스크레이퍼 실행: https://www.law.go.kr/admRulInfoP.do?admRulSeq=2100000251996
2025-08-22 00:28:22,878 - INFO - [scripts.adrule.logic.scraper] - 페이지로 이동 중: https://www.law.go.kr/admRulInfoP.do?admRulSeq=2100000251996
2025-08-22 00:28:23,392 - INFO - [scripts.adrule.logic.scraper] - 로딩 마스크가 나타나기를 기다리는 중...
2025-08-22 00:28:23,414 - INFO - [scripts.adrule.logic.scraper] - 로딩 마스크가 사라지기를 기다리는 중...
2025-08-22 00:28:23,445 - INFO - [scripts.adrule.logic.scraper] - 페이지 최종 렌더링을 잠시 대기합니다...
2025-08-22 00:28:24,448 - INFO - [scripts.adrule.logic.scraper] - 페이지 HTML 컨텐츠를 가져오는 중...
2025-08-22 00:28:24,463 - INFO - [scripts.adrule.logic.scraper] - 데이터 파싱 중...
2025-08-22 00:28:24,493 - INFO - [scripts.adrule.logic.scraper] - 유형 2: 텍스트 기반 비정형 구조 감지
2025-08-22 00:28:24,494 - INFO - [scripts.adrule.logic.scraper] - 데이터 1건을 '/Users/woong/Roeum/roeum-crawler/data/raw/adrule/1492000/2025년도 사업종류별 산재보험료율_document.jsonl' 파일로 성공적으로 저장했습니다.
2025-08-22 00:28:24,495 - INFO - [scripts.adrule.logic.scraper] - 데이터 2건을 '/Users/woong/Roeum/roeum-crawler/data/raw/adrule/1492000/2025년도 사업종류별 산재보험료율_chunks.jsonl' 파일로 성공적으로 저장했습니다.
2025-08-22 00:28:24,518 - INFO - [__main__] - 상세 페이지 스크레이퍼 완료: 2025년도 사업종류별 산재보험료율
2025-08-22 00:28:25,987 - INFO - [__main__] - 상세 페이지 스크레이퍼 실행: https://www.law.go.kr/admRulInfoP.do?admRulSeq=2100000245668
2025-08-22 00:28:26,337 - INFO - [scripts.adrule.logic.scraper] - 페이지로 이동 중: https://www.law.go.kr/admRulInfoP.do?admRulSeq=2100000245668
2025-08-22 00:28:27,683 - INFO - [scripts.adrule.logic.scraper] - 로딩 마스크가 나타나기를 기다리는 중...
2025-08-22 00:28:27,715 - INFO - [scripts.adrule.logic.scraper] - 로딩 마스크가 사라지기를 기다리는 중...
2025-08-22 00:28:27,799 - INFO - [scripts.adrule.logic.scraper] - 페이지 최종 렌더링을 잠시 대기합니다...
2025-08-22 00:28:28,803 - INFO - [scripts.adrule.logic.scraper] - 페이지 HTML 컨텐츠를 가져오는 중...
2025-08-22 00:28:28,821 - INFO - [scripts.adrule.logic.scraper] - 데이터 파싱 중...
2025-08-22 00:28:28,854 - INFO - [scripts.adrule.logic.scraper] - 유형 2: 텍스트 기반 비정형 구조 감지
2025-08-22 00:28:28,855 - INFO - [scripts.adrule.logic.scraper] - 데이터 1건을 '/Users/woong/Roeum/roeum-crawler/data/raw/adrule/1492000/2025년 적용 최저임금 고시_document.jsonl' 파일로 성공적으로 저장했습니다.
2025-08-22 00:28:28,855 - INFO - [scripts.adrule.logic.scraper] - 데이터 1건을 '/Users/woong/Roeum/roeum-crawler/data/raw/adrule/1492000/2025년 적용 최저임금 고시_chunks.jsonl' 파일로 성공적으로 저장했습니다.
2025-08-22 00:28:28,881 - INFO - [__main__] - 상세 페이지 스크레이퍼 완료: 2025년 적용 최저임금 고시
2025-08-22 00:28:30,350 - INFO - [__main__] - 상세 페이지 스크레이퍼 실행: https://www.law.go.kr/admRulInfoP.do?admRulSeq=2100000244478
2025-08-22 00:28:30,699 - INFO - [scripts.adrule.logic.scraper] - 페이지로 이동 중: https://www.law.go.kr/admRulInfoP.do?admRulSeq=2100000244478
2025-08-22 00:28:31,265 - INFO - [scripts.adrule.logic.scraper] - 로딩 마스크가 나타나기를 기다리는 중...
2025-08-22 00:28:31,290 - INFO - [scripts.adrule.logic.scraper] - 로딩 마스크가 사라지기를 기다리는 중...
2025-08-22 00:28:31,380 - INFO - [scripts.adrule.logic.scraper] - 페이지 최종 렌더링을 잠시 대기합니다...
2025-08-22 00:28:32,382 - INFO - [scripts.adrule.logic.scraper] - 페이지 HTML 컨텐츠를 가져오는 중...
2025-08-22 00:28:32,397 - INFO - [scripts.adrule.logic.scraper] - 데이터 파싱 중...
2025-08-22 00:28:32,439 - INFO - [scripts.adrule.logic.scraper] - 유형 2: 텍스트 기반 비정형 구조 감지
2025-08-22 00:28:32,440 - INFO - [scripts.adrule.logic.scraper] - 데이터 1건을 '/Users/woong/Roeum/roeum-crawler/data/raw/adrule/1492000/2025년 적용 최저임금안 고시_document.jsonl' 파일로 성공적으로 저장했습니다.
2025-08-22 00:28:32,440 - INFO - [scripts.adrule.logic.scraper] - 데이터 1건을 '/Users/woong/Roeum/roeum-crawler/data/raw/adrule/1492000/2025년 적용 최저임금안 고시_chunks.jsonl' 파일로 성공적으로 저장했습니다.
2025-08-22 00:28:32,468 - INFO - [__main__] - 상세 페이지 스크레이퍼 완료: 2025년 적용 최저임금안 고시
2025-08-22 00:28:33,945 - INFO - [__main__] - 상세 페이지 스크레이퍼 실행: https://www.law.go.kr/admRulInfoP.do?admRulSeq=2100000262710
2025-08-22 00:28:34,315 - INFO - [scripts.adrule.logic.scraper] - 페이지로 이동 중: https://www.law.go.kr/admRulInfoP.do?admRulSeq=2100000262710
2025-08-22 00:28:35,201 - INFO - [scripts.adrule.logic.scraper] - 로딩 마스크가 나타나기를 기다리는 중...
2025-08-22 00:28:35,223 - INFO - [scripts.adrule.logic.scraper] - 로딩 마스크가 사라지기를 기다리는 중...
2025-08-22 00:28:35,412 - INFO - [scripts.adrule.logic.scraper] - 페이지 최종 렌더링을 잠시 대기합니다...
2025-08-22 00:28:36,416 - INFO - [scripts.adrule.logic.scraper] - 페이지 HTML 컨텐츠를 가져오는 중...
2025-08-22 00:28:36,430 - INFO - [scripts.adrule.logic.scraper] - 데이터 파싱 중...
2025-08-22 00:28:36,462 - INFO - [scripts.adrule.logic.scraper] - 유형 2: 텍스트 기반 비정형 구조 감지
2025-08-22 00:28:36,463 - INFO - [scripts.adrule.logic.scraper] - 데이터 1건을 '/Users/woong/Roeum/roeum-crawler/data/raw/adrule/1492000/2026년 적용 최저임금 고시_document.jsonl' 파일로 성공적으로 저장했습니다.
2025-08-22 00:28:36,464 - INFO - [scripts.adrule.logic.scraper] - 데이터 1건을 '/Users/woong/Roeum/roeum-crawler/data/raw/adrule/1492000/2026년 적용 최저임금 고시_chunks.jsonl' 파일로 성공적으로 저장했습니다.
2025-08-22 00:28:36,490 - INFO - [__main__] - 상세 페이지 스크레이퍼 완료: 2026년 적용 최저임금 고시
2025-08-22 00:28:37,957 - INFO - [__main__] - 상세 페이지 스크레이퍼 실행: https://www.law.go.kr/admRulInfoP.do?admRulSeq=2100000261888
2025-08-22 00:28:38,302 - INFO - [scripts.adrule.logic.scraper] - 페이지로 이동 중: https://www.law.go.kr/admRulInfoP.do?admRulSeq=2100000261888
2025-08-22 00:28:38,882 - INFO - [scripts.adrule.logic.scraper] - 로딩 마스크가 나타나기를 기다리는 중...
2025-08-22 00:28:38,905 - INFO - [scripts.adrule.logic.scraper] - 로딩 마스크가 사라지기를 기다리는 중...
2025-08-22 00:28:38,983 - INFO - [scripts.adrule.logic.scraper] - 페이지 최종 렌더링을 잠시 대기합니다...
