2025-08-17 12:07:40,701 - INFO - [scripts.law.url_checker] - URL 유효성 검증 성공: https://www.law.go.kr/LSW/lsAstSc.do?tabMenuId=437&cptOfiCd=1352000
2025-08-17 12:07:41,307 - INFO - [scripts.law.list_scraper] - 목록 페이지로 이동 중: https://www.law.go.kr/LSW/lsAstSc.do?tabMenuId=437&cptOfiCd=1352000
2025-08-17 12:07:42,615 - INFO - [scripts.law.list_scraper] - 총 8 페이지를 확인했습니다.
2025-08-17 12:07:42,615 - INFO - [scripts.law.list_scraper] - 사용자 설정에 따라 최대 1 페이지만 크롤링합니다.
2025-08-17 12:07:42,615 - INFO - [scripts.law.list_scraper] - --- 1 / 1 페이지 처리 중 ---
2025-08-17 12:07:42,652 - INFO - [scripts.law.list_scraper] -   - 발견: 가족돌봄 등 위기아동ㆍ청년 지원에 관한 법률
2025-08-17 12:07:42,656 - INFO - [scripts.law.list_scraper] -   - 발견: 가족돌봄 등 위기아동ㆍ청년 지원에 관한 법률
2025-08-17 12:07:42,659 - INFO - [scripts.law.list_scraper] -   - 발견: 간호법
2025-08-17 12:07:42,663 - INFO - [scripts.law.list_scraper] -   - 발견: 간호법 시행령
2025-08-17 12:07:42,667 - INFO - [scripts.law.list_scraper] -   - 발견: 간호법 시행규칙
2025-08-17 12:07:42,670 - INFO - [scripts.law.list_scraper] -   - 발견: 감염병의 예방 및 관리에 관한 법률
2025-08-17 12:07:42,674 - INFO - [scripts.law.list_scraper] -   - 발견: 감염병의 예방 및 관리에 관한 법률
2025-08-17 12:07:42,678 - INFO - [scripts.law.list_scraper] -   - 발견: 감염병의 예방 및 관리에 관한 법률 시행령
2025-08-17 12:07:42,681 - INFO - [scripts.law.list_scraper] -   - 발견: 감염병의 예방 및 관리에 관한 법률 시행규칙
2025-08-17 12:07:42,685 - INFO - [scripts.law.list_scraper] -   - 발견: 건강검진기본법
2025-08-17 12:07:42,688 - INFO - [scripts.law.list_scraper] -   - 발견: 건강검진기본법 시행령
2025-08-17 12:07:42,690 - INFO - [scripts.law.list_scraper] -   - 발견: 건강검진기본법 시행규칙
2025-08-17 12:07:42,694 - INFO - [scripts.law.list_scraper] -   - 발견: 경제자유구역 내 외국의료기관의 개설허가절차 등에 관한 규칙
2025-08-17 12:07:42,698 - INFO - [scripts.law.list_scraper] -   - 발견: 고독사 예방 및 관리에 관한 법률
2025-08-17 12:07:42,702 - INFO - [scripts.law.list_scraper] -   - 발견: 고독사 예방 및 관리에 관한 법률 시행령
2025-08-17 12:07:42,706 - INFO - [scripts.law.list_scraper] -   - 발견: 고독사 예방 및 관리에 관한 법률 시행규칙
2025-08-17 12:07:42,712 - INFO - [scripts.law.list_scraper] -   - 발견: 고령친화산업 진흥법
2025-08-17 12:07:42,717 - INFO - [scripts.law.list_scraper] -   - 발견: 고령친화산업 진흥법 시행령
2025-08-17 12:07:42,722 - INFO - [scripts.law.list_scraper] -   - 발견: 공공보건의료에 관한 법률
2025-08-17 12:07:42,726 - INFO - [scripts.law.list_scraper] -   - 발견: 공공보건의료에 관한 법률 시행령
2025-08-17 12:07:42,731 - INFO - [scripts.law.list_scraper] -   - 발견: 공공보건의료에 관한 법률 시행규칙
2025-08-17 12:07:42,734 - INFO - [scripts.law.list_scraper] -   - 발견: 공중보건장학을 위한 특례법
2025-08-17 12:07:42,738 - INFO - [scripts.law.list_scraper] -   - 발견: 공중보건장학을 위한 특례법 시행령
2025-08-17 12:07:42,742 - INFO - [scripts.law.list_scraper] -   - 발견: 공중보건장학을 위한 특례법 시행규칙
2025-08-17 12:07:42,745 - INFO - [scripts.law.list_scraper] -   - 발견: 공중위생관리법
2025-08-17 12:07:42,748 - INFO - [scripts.law.list_scraper] -   - 발견: 공중위생관리법 시행령
2025-08-17 12:07:42,751 - INFO - [scripts.law.list_scraper] -   - 발견: 공중위생관리법 시행규칙
2025-08-17 12:07:42,754 - INFO - [scripts.law.list_scraper] -   - 발견: 구강보건법
2025-08-17 12:07:42,757 - INFO - [scripts.law.list_scraper] -   - 발견: 구강보건법 시행령
2025-08-17 12:07:42,761 - INFO - [scripts.law.list_scraper] -   - 발견: 구강보건법 시행규칙
2025-08-17 12:07:42,764 - INFO - [scripts.law.list_scraper] -   - 발견: 구급차의 기준 및 응급환자이송업의 시설 등 기준에 관한 규칙
2025-08-17 12:07:42,767 - INFO - [scripts.law.list_scraper] -   - 발견: 국가바이오위원회의 설치 및 운영에 관한 규정
2025-08-17 12:07:42,770 - INFO - [scripts.law.list_scraper] -   - 발견: 국내입양에 관한 특별법
2025-08-17 12:07:42,774 - INFO - [scripts.law.list_scraper] -   - 발견: 국내입양에 관한 특별법 시행령
2025-08-17 12:07:42,776 - INFO - [scripts.law.list_scraper] -   - 발견: 국내입양에 관한 특별법 시행규칙
2025-08-17 12:07:42,779 - INFO - [scripts.law.list_scraper] -   - 발견: 국립소록도병원 운영규칙
2025-08-17 12:07:42,783 - INFO - [scripts.law.list_scraper] -   - 발견: 국립중앙의료원의 설립 및 운영에 관한 법률
2025-08-17 12:07:42,787 - INFO - [scripts.law.list_scraper] -   - 발견: 국립중앙의료원의 설립 및 운영에 관한 법률 시행령
2025-08-17 12:07:42,791 - INFO - [scripts.law.list_scraper] -   - 발견: 국립중앙의료원의 설립 및 운영에 관한 법률 시행규칙
2025-08-17 12:07:42,795 - INFO - [scripts.law.list_scraper] -   - 발견: 국민건강보험법
2025-08-17 12:07:42,798 - INFO - [scripts.law.list_scraper] -   - 발견: 국민건강보험법 시행령
2025-08-17 12:07:42,801 - INFO - [scripts.law.list_scraper] -   - 발견: 국민건강보험법 시행규칙
2025-08-17 12:07:42,804 - INFO - [scripts.law.list_scraper] -   - 발견: 국민건강보험 요양급여의 기준에 관한 규칙
2025-08-17 12:07:42,807 - INFO - [scripts.law.list_scraper] -   - 발견: 국민건강증진법
2025-08-17 12:07:42,810 - INFO - [scripts.law.list_scraper] -   - 발견: 국민건강증진법
2025-08-17 12:07:42,815 - INFO - [scripts.law.list_scraper] -   - 발견: 국민건강증진법
2025-08-17 12:07:42,819 - INFO - [scripts.law.list_scraper] -   - 발견: 국민건강증진법
2025-08-17 12:07:42,823 - INFO - [scripts.law.list_scraper] -   - 발견: 국민건강증진법 시행령
2025-08-17 12:07:42,827 - INFO - [scripts.law.list_scraper] -   - 발견: 국민건강증진법 시행규칙
2025-08-17 12:07:42,831 - INFO - [scripts.law.list_scraper] -   - 발견: 국민기초생활 보장법
2025-08-17 12:07:43,380 - INFO - [scripts.law.scraper] - 페이지로 이동 중: https://www.law.go.kr/LSW/lsInfoP.do?lsiSeq=270215&efYd=20260326
2025-08-17 12:07:44,141 - INFO - [scripts.law.scraper] - 로딩 마스크가 나타나기를 기다리는 중...
2025-08-17 12:07:44,163 - INFO - [scripts.law.scraper] - 로딩 마스크가 사라지기를 기다리는 중...
2025-08-17 12:07:44,247 - INFO - [scripts.law.scraper] - 페이지 최종 렌더링을 잠시 대기합니다...
2025-08-17 12:07:45,251 - INFO - [scripts.law.scraper] - 페이지 HTML 컨텐츠를 가져오는 중...
2025-08-17 12:07:45,277 - INFO - [scripts.law.scraper] - 데이터 파싱 중...
2025-08-17 12:07:45,351 - INFO - [scripts.law.scraper] - 데이터 1건을 'data/raw/가족돌봄 등 위기아동ㆍ청년 지원에 관한 법률_document.jsonl' 파일로 성공적으로 저장했습니다.
2025-08-17 12:07:45,352 - INFO - [scripts.law.scraper] - 데이터 32건을 'data/raw/가족돌봄 등 위기아동ㆍ청년 지원에 관한 법률_chunks.jsonl' 파일로 성공적으로 저장했습니다.
2025-08-17 12:07:46,941 - INFO - [scripts.law.scraper] - 페이지로 이동 중: https://www.law.go.kr/LSW/lsInfoP.do?lsiSeq=270215&efYd=20270326
2025-08-17 12:07:47,549 - INFO - [scripts.law.scraper] - 로딩 마스크가 나타나기를 기다리는 중...
2025-08-17 12:07:47,569 - INFO - [scripts.law.scraper] - 로딩 마스크가 사라지기를 기다리는 중...
2025-08-17 12:07:47,781 - INFO - [scripts.law.scraper] - 페이지 최종 렌더링을 잠시 대기합니다...
2025-08-17 12:07:48,784 - INFO - [scripts.law.scraper] - 페이지 HTML 컨텐츠를 가져오는 중...
2025-08-17 12:07:48,810 - INFO - [scripts.law.scraper] - 데이터 파싱 중...
2025-08-17 12:07:48,886 - INFO - [scripts.law.scraper] - 데이터 1건을 'data/raw/가족돌봄 등 위기아동ㆍ청년 지원에 관한 법률_document.jsonl' 파일로 성공적으로 저장했습니다.
2025-08-17 12:07:48,887 - INFO - [scripts.law.scraper] - 데이터 32건을 'data/raw/가족돌봄 등 위기아동ㆍ청년 지원에 관한 법률_chunks.jsonl' 파일로 성공적으로 저장했습니다.
2025-08-17 12:07:50,490 - INFO - [scripts.law.scraper] - 페이지로 이동 중: https://www.law.go.kr/LSW/lsInfoP.do?lsiSeq=265413&efYd=20250621
2025-08-17 12:07:51,178 - INFO - [scripts.law.scraper] - 로딩 마스크가 나타나기를 기다리는 중...
2025-08-17 12:07:51,201 - INFO - [scripts.law.scraper] - 로딩 마스크가 사라지기를 기다리는 중...
2025-08-17 12:07:51,272 - INFO - [scripts.law.scraper] - 페이지 최종 렌더링을 잠시 대기합니다...
2025-08-17 12:07:52,276 - INFO - [scripts.law.scraper] - 페이지 HTML 컨텐츠를 가져오는 중...
2025-08-17 12:07:52,307 - INFO - [scripts.law.scraper] - 데이터 파싱 중...
2025-08-17 12:07:52,398 - INFO - [scripts.law.scraper] - 데이터 1건을 'data/raw/간호법_document.jsonl' 파일로 성공적으로 저장했습니다.
2025-08-17 12:07:52,398 - INFO - [scripts.law.scraper] - 데이터 47건을 'data/raw/간호법_chunks.jsonl' 파일로 성공적으로 저장했습니다.
2025-08-17 12:07:54,114 - INFO - [scripts.law.scraper] - 페이지로 이동 중: https://www.law.go.kr/LSW/lsInfoP.do?lsiSeq=272437&efYd=20250621
2025-08-17 12:07:54,823 - INFO - [scripts.law.scraper] - 로딩 마스크가 나타나기를 기다리는 중...
2025-08-17 12:07:54,848 - INFO - [scripts.law.scraper] - 로딩 마스크가 사라지기를 기다리는 중...
2025-08-17 12:07:54,943 - INFO - [scripts.law.scraper] - 페이지 최종 렌더링을 잠시 대기합니다...
2025-08-17 12:07:55,946 - INFO - [scripts.law.scraper] - 페이지 HTML 컨텐츠를 가져오는 중...
2025-08-17 12:07:55,972 - INFO - [scripts.law.scraper] - 데이터 파싱 중...
2025-08-17 12:07:56,054 - INFO - [scripts.law.scraper] - 데이터 1건을 'data/raw/간호법 시행령_document.jsonl' 파일로 성공적으로 저장했습니다.
2025-08-17 12:07:56,054 - INFO - [scripts.law.scraper] - 데이터 26건을 'data/raw/간호법 시행령_chunks.jsonl' 파일로 성공적으로 저장했습니다.
2025-08-17 12:07:57,651 - INFO - [scripts.law.scraper] - 페이지로 이동 중: https://www.law.go.kr/LSW/lsInfoP.do?lsiSeq=272543&efYd=20250621
2025-08-17 12:07:58,287 - INFO - [scripts.law.scraper] - 로딩 마스크가 나타나기를 기다리는 중...
2025-08-17 12:07:58,313 - INFO - [scripts.law.scraper] - 로딩 마스크가 사라지기를 기다리는 중...
2025-08-17 12:07:59,115 - INFO - [scripts.law.scraper] - 페이지 최종 렌더링을 잠시 대기합니다...
2025-08-17 12:08:00,120 - INFO - [scripts.law.scraper] - 페이지 HTML 컨텐츠를 가져오는 중...
2025-08-17 12:08:00,147 - INFO - [scripts.law.scraper] - 데이터 파싱 중...
2025-08-17 12:08:00,247 - INFO - [scripts.law.scraper] - 데이터 1건을 'data/raw/간호법 시행규칙_document.jsonl' 파일로 성공적으로 저장했습니다.
2025-08-17 12:08:00,248 - INFO - [scripts.law.scraper] - 데이터 29건을 'data/raw/간호법 시행규칙_chunks.jsonl' 파일로 성공적으로 저장했습니다.
2025-08-17 12:08:01,856 - INFO - [scripts.law.scraper] - 페이지로 이동 중: https://www.law.go.kr/LSW/lsInfoP.do?lsiSeq=259527&efYd=20250731
2025-08-17 12:08:02,503 - INFO - [scripts.law.scraper] - 로딩 마스크가 나타나기를 기다리는 중...
2025-08-17 12:08:02,522 - INFO - [scripts.law.scraper] - 로딩 마스크가 사라지기를 기다리는 중...
2025-08-17 12:08:03,315 - INFO - [scripts.law.scraper] - 페이지 최종 렌더링을 잠시 대기합니다...
2025-08-17 12:08:04,317 - INFO - [scripts.law.scraper] - 페이지 HTML 컨텐츠를 가져오는 중...
2025-08-17 12:08:04,377 - INFO - [scripts.law.scraper] - 데이터 파싱 중...
2025-08-17 12:08:04,646 - INFO - [scripts.law.scraper] - 데이터 1건을 'data/raw/감염병의 예방 및 관리에 관한 법률_document.jsonl' 파일로 성공적으로 저장했습니다.
2025-08-17 12:08:04,647 - INFO - [scripts.law.scraper] - 데이터 138건을 'data/raw/감염병의 예방 및 관리에 관한 법률_chunks.jsonl' 파일로 성공적으로 저장했습니다.
2025-08-17 12:08:06,212 - INFO - [scripts.law.scraper] - 페이지로 이동 중: https://www.law.go.kr/LSW/lsInfoP.do?lsiSeq=270385&efYd=20251002
2025-08-17 12:08:06,782 - INFO - [scripts.law.scraper] - 로딩 마스크가 나타나기를 기다리는 중...
2025-08-17 12:08:06,802 - INFO - [scripts.law.scraper] - 로딩 마스크가 사라지기를 기다리는 중...
2025-08-17 12:08:07,151 - INFO - [scripts.law.scraper] - 페이지 최종 렌더링을 잠시 대기합니다...
2025-08-17 12:08:08,153 - INFO - [scripts.law.scraper] - 페이지 HTML 컨텐츠를 가져오는 중...
2025-08-17 12:08:08,205 - INFO - [scripts.law.scraper] - 데이터 파싱 중...
2025-08-17 12:08:08,425 - INFO - [scripts.law.scraper] - 데이터 1건을 'data/raw/감염병의 예방 및 관리에 관한 법률_document.jsonl' 파일로 성공적으로 저장했습니다.
2025-08-17 12:08:08,427 - INFO - [scripts.law.scraper] - 데이터 138건을 'data/raw/감염병의 예방 및 관리에 관한 법률_chunks.jsonl' 파일로 성공적으로 저장했습니다.
2025-08-17 12:08:10,031 - INFO - [scripts.law.scraper] - 페이지로 이동 중: https://www.law.go.kr/LSW/lsInfoP.do?lsiSeq=271469&efYd=20250731
2025-08-17 12:08:10,609 - INFO - [scripts.law.scraper] - 로딩 마스크가 나타나기를 기다리는 중...
2025-08-17 12:08:10,630 - INFO - [scripts.law.scraper] - 로딩 마스크가 사라지기를 기다리는 중...
2025-08-17 12:08:10,849 - INFO - [scripts.law.scraper] - 페이지 최종 렌더링을 잠시 대기합니다...
2025-08-17 12:08:11,853 - INFO - [scripts.law.scraper] - 페이지 HTML 컨텐츠를 가져오는 중...
2025-08-17 12:08:11,903 - INFO - [scripts.law.scraper] - 데이터 파싱 중...
2025-08-17 12:08:12,090 - INFO - [scripts.law.scraper] - 데이터 1건을 'data/raw/감염병의 예방 및 관리에 관한 법률 시행령_document.jsonl' 파일로 성공적으로 저장했습니다.
2025-08-17 12:08:12,091 - INFO - [scripts.law.scraper] - 데이터 72건을 'data/raw/감염병의 예방 및 관리에 관한 법률 시행령_chunks.jsonl' 파일로 성공적으로 저장했습니다.
