2025-08-17 11:56:43,806 - INFO - [scripts.law.url_checker] - URL 유효성 검증 성공: https://www.law.go.kr/LSW/lsAstSc.do?tabMenuId=437&cptOfiCd=1492000
2025-08-17 11:56:44,282 - INFO - [scripts.law.list_scraper] - 목록 페이지로 이동 중: https://www.law.go.kr/LSW/lsAstSc.do?tabMenuId=437&cptOfiCd=1492000
2025-08-17 11:56:45,709 - INFO - [scripts.law.list_scraper] - 총 4 페이지를 확인했습니다.
2025-08-17 11:56:45,710 - INFO - [scripts.law.list_scraper] - 사용자 설정에 따라 최대 1 페이지만 크롤링합니다.
2025-08-17 11:56:45,711 - INFO - [scripts.law.list_scraper] - --- 1 / 1 페이지 처리 중 ---
2025-08-17 11:56:45,746 - INFO - [scripts.law.list_scraper] -   - 발견: 가사근로자의 고용개선 등에 관한 법률
2025-08-17 11:56:45,750 - INFO - [scripts.law.list_scraper] -   - 발견: 가사근로자의 고용개선 등에 관한 법률 시행령
2025-08-17 11:56:45,755 - INFO - [scripts.law.list_scraper] -   - 발견: 가사근로자의 고용개선 등에 관한 법률 시행규칙
2025-08-17 11:56:45,759 - INFO - [scripts.law.list_scraper] -   - 발견: 건설근로자의 고용개선 등에 관한 법률
2025-08-17 11:56:45,764 - INFO - [scripts.law.list_scraper] -   - 발견: 건설근로자의 고용개선 등에 관한 법률 시행령
2025-08-17 11:56:45,768 - INFO - [scripts.law.list_scraper] -   - 발견: 건설근로자의 고용개선 등에 관한 법률 시행규칙
2025-08-17 11:56:45,772 - INFO - [scripts.law.list_scraper] -   - 발견: 경제사회노동위원회법
2025-08-17 11:56:45,776 - INFO - [scripts.law.list_scraper] -   - 발견: 경제사회노동위원회법 시행령
2025-08-17 11:56:45,780 - INFO - [scripts.law.list_scraper] -   - 발견: 고용노동부 소관 비상대비에 관한 법률 시행규칙
2025-08-17 11:56:45,785 - INFO - [scripts.law.list_scraper] -   - 발견: 고용노동부 소관 비영리법인의 설립 및 감독에 관한 규칙
2025-08-17 11:56:45,788 - INFO - [scripts.law.list_scraper] -   - 발견: 고용노동부와 그 소속기관 직제
2025-08-17 11:56:45,792 - INFO - [scripts.law.list_scraper] -   - 발견: 고용노동부와 그 소속기관 직제 시행규칙
2025-08-17 11:56:45,796 - INFO - [scripts.law.list_scraper] -   - 발견: 고용보험 및 산업재해보상보험의 보험료징수 등에 관한 법률
2025-08-17 11:56:45,800 - INFO - [scripts.law.list_scraper] -   - 발견: 고용보험 및 산업재해보상보험의 보험료징수 등에 관한 법률 시행령
2025-08-17 11:56:45,804 - INFO - [scripts.law.list_scraper] -   - 발견: 고용보험 및 산업재해보상보험의 보험료징수 등에 관한 법률 시행규칙
2025-08-17 11:56:45,809 - INFO - [scripts.law.list_scraper] -   - 발견: 고용보험법
2025-08-17 11:56:45,813 - INFO - [scripts.law.list_scraper] -   - 발견: 고용보험법 시행령
2025-08-17 11:56:45,816 - INFO - [scripts.law.list_scraper] -   - 발견: 고용보험법 시행규칙
2025-08-17 11:56:45,820 - INFO - [scripts.law.list_scraper] -   - 발견: 고용보험ㆍ산업재해보상보험의 보험관계 성립신고 등의 촉진을 위한 특별조치법
2025-08-17 11:56:45,824 - INFO - [scripts.law.list_scraper] -   - 발견: 고용상 연령차별금지 및 고령자고용촉진에 관한 법률
2025-08-17 11:56:45,827 - INFO - [scripts.law.list_scraper] -   - 발견: 고용상 연령차별금지 및 고령자고용촉진에 관한 법률 시행령
2025-08-17 11:56:45,830 - INFO - [scripts.law.list_scraper] -   - 발견: 고용상 연령차별금지 및 고령자고용촉진에 관한 법률 시행규칙
2025-08-17 11:56:45,834 - INFO - [scripts.law.list_scraper] -   - 발견: 고용정책 기본법
2025-08-17 11:56:45,837 - INFO - [scripts.law.list_scraper] -   - 발견: 고용정책 기본법 시행령
2025-08-17 11:56:45,839 - INFO - [scripts.law.list_scraper] -   - 발견: 고용정책 기본법 시행규칙
2025-08-17 11:56:45,843 - INFO - [scripts.law.list_scraper] -   - 발견: 공무원의 노동조합 설립 및 운영 등에 관한 법률
2025-08-17 11:56:45,846 - INFO - [scripts.law.list_scraper] -   - 발견: 공무원의 노동조합 설립 및 운영 등에 관한 법률 시행령
2025-08-17 11:56:45,849 - INFO - [scripts.law.list_scraper] -   - 발견: 공무원의 노동조합 설립 및 운영 등에 관한 법률 시행규칙
2025-08-17 11:56:45,852 - INFO - [scripts.law.list_scraper] -   - 발견: 공인노무사법
2025-08-17 11:56:45,857 - INFO - [scripts.law.list_scraper] -   - 발견: 공인노무사법 시행령
2025-08-17 11:56:45,859 - INFO - [scripts.law.list_scraper] -   - 발견: 공인노무사법 시행규칙
2025-08-17 11:56:45,863 - INFO - [scripts.law.list_scraper] -   - 발견: 공휴일에 관한 법률
2025-08-17 11:56:45,866 - INFO - [scripts.law.list_scraper] -   - 발견: 교원의 노동조합 설립 및 운영 등에 관한 법률
2025-08-17 11:56:45,869 - INFO - [scripts.law.list_scraper] -   - 발견: 교원의 노동조합 설립 및 운영 등에 관한 법률 시행령
2025-08-17 11:56:45,872 - INFO - [scripts.law.list_scraper] -   - 발견: 교원의 노동조합 설립 및 운영 등에 관한 법률 시행규칙
2025-08-17 11:56:45,875 - INFO - [scripts.law.list_scraper] -   - 발견: 구직자 취업촉진 및 생활안정지원에 관한 법률
2025-08-17 11:56:45,879 - INFO - [scripts.law.list_scraper] -   - 발견: 구직자 취업촉진 및 생활안정지원에 관한 법률 시행령
2025-08-17 11:56:45,883 - INFO - [scripts.law.list_scraper] -   - 발견: 구직자 취업촉진 및 생활안정지원에 관한 법률 시행규칙
2025-08-17 11:56:45,887 - INFO - [scripts.law.list_scraper] -   - 발견: 국가기술자격법
2025-08-17 11:56:45,891 - INFO - [scripts.law.list_scraper] -   - 발견: 국가기술자격법 시행령
2025-08-17 11:56:45,894 - INFO - [scripts.law.list_scraper] -   - 발견: 국가기술자격법 시행령
2025-08-17 11:56:45,897 - INFO - [scripts.law.list_scraper] -   - 발견: 국가기술자격법 시행령
2025-08-17 11:56:45,901 - INFO - [scripts.law.list_scraper] -   - 발견: 국가기술자격법 시행규칙
2025-08-17 11:56:45,904 - INFO - [scripts.law.list_scraper] -   - 발견: 국가기술자격법 시행규칙
2025-08-17 11:56:45,906 - INFO - [scripts.law.list_scraper] -   - 발견: 국가기술자격법 시행규칙
2025-08-17 11:56:45,910 - INFO - [scripts.law.list_scraper] -   - 발견: 국민 평생 직업능력 개발법
2025-08-17 11:56:45,913 - INFO - [scripts.law.list_scraper] -   - 발견: 국민 평생 직업능력 개발법 시행령
2025-08-17 11:56:45,916 - INFO - [scripts.law.list_scraper] -   - 발견: 국민 평생 직업능력 개발법 시행규칙
2025-08-17 11:56:45,919 - INFO - [scripts.law.list_scraper] -   - 발견: 국민 평생 직업능력 개발법 시행규칙
2025-08-17 11:56:45,923 - INFO - [scripts.law.list_scraper] -   - 발견: 근로감독관규정
2025-08-17 11:56:45,945 - INFO - [__main__] - 총 50개의 URL을 './bin/../data/raw/urls.jsonl' 파일에 저장했습니다.
2025-08-17 11:56:46,217 - INFO - [__main__] - 상세 페이지 스크레이퍼 실행: https://www.law.go.kr/LSW/lsInfoP.do?lsiSeq=232959&efYd=20220616
2025-08-17 11:56:46,568 - INFO - [scripts.law.scraper] - 페이지로 이동 중: https://www.law.go.kr/LSW/lsInfoP.do?lsiSeq=232959&efYd=20220616
2025-08-17 11:56:47,407 - INFO - [scripts.law.scraper] - 로딩 마스크가 나타나기를 기다리는 중...
2025-08-17 11:56:47,426 - INFO - [scripts.law.scraper] - 로딩 마스크가 사라지기를 기다리는 중...
2025-08-17 11:56:48,223 - INFO - [scripts.law.scraper] - 페이지 최종 렌더링을 잠시 대기합니다...
2025-08-17 11:56:49,228 - INFO - [scripts.law.scraper] - 페이지 HTML 컨텐츠를 가져오는 중...
2025-08-17 11:56:49,258 - INFO - [scripts.law.scraper] - 데이터 파싱 중...
2025-08-17 11:56:49,336 - INFO - [scripts.law.scraper] - 데이터 1건을 'data/raw/가사근로자의 고용개선 등에 관한 법률_document.jsonl' 파일로 성공적으로 저장했습니다.
2025-08-17 11:56:49,336 - INFO - [scripts.law.scraper] - 데이터 28건을 'data/raw/가사근로자의 고용개선 등에 관한 법률_chunks.jsonl' 파일로 성공적으로 저장했습니다.
2025-08-17 11:56:49,360 - INFO - [__main__] - 상세 페이지 스크레이퍼 완료: 가사근로자의 고용개선 등에 관한 법률
2025-08-17 11:56:50,577 - INFO - [__main__] - 상세 페이지 스크레이퍼 실행: https://www.law.go.kr/LSW/lsInfoP.do?lsiSeq=267779&efYd=20241231
2025-08-17 11:56:50,920 - INFO - [scripts.law.scraper] - 페이지로 이동 중: https://www.law.go.kr/LSW/lsInfoP.do?lsiSeq=267779&efYd=20241231
2025-08-17 11:56:51,578 - INFO - [scripts.law.scraper] - 로딩 마스크가 나타나기를 기다리는 중...
2025-08-17 11:56:51,597 - INFO - [scripts.law.scraper] - 로딩 마스크가 사라지기를 기다리는 중...
2025-08-17 11:56:52,396 - INFO - [scripts.law.scraper] - 페이지 최종 렌더링을 잠시 대기합니다...
2025-08-17 11:56:53,401 - INFO - [scripts.law.scraper] - 페이지 HTML 컨텐츠를 가져오는 중...
2025-08-17 11:56:53,426 - INFO - [scripts.law.scraper] - 데이터 파싱 중...
2025-08-17 11:56:53,485 - INFO - [scripts.law.scraper] - 데이터 1건을 'data/raw/가사근로자의 고용개선 등에 관한 법률 시행령_document.jsonl' 파일로 성공적으로 저장했습니다.
2025-08-17 11:56:53,486 - INFO - [scripts.law.scraper] - 데이터 12건을 'data/raw/가사근로자의 고용개선 등에 관한 법률 시행령_chunks.jsonl' 파일로 성공적으로 저장했습니다.
2025-08-17 11:56:53,507 - INFO - [__main__] - 상세 페이지 스크레이퍼 완료: 가사근로자의 고용개선 등에 관한 법률 시행령
2025-08-17 11:56:54,725 - INFO - [__main__] - 상세 페이지 스크레이퍼 실행: https://www.law.go.kr/LSW/lsInfoP.do?lsiSeq=243269&efYd=20220616
2025-08-17 11:56:55,066 - INFO - [scripts.law.scraper] - 페이지로 이동 중: https://www.law.go.kr/LSW/lsInfoP.do?lsiSeq=243269&efYd=20220616
2025-08-17 11:56:55,634 - INFO - [scripts.law.scraper] - 로딩 마스크가 나타나기를 기다리는 중...
2025-08-17 11:56:55,654 - INFO - [scripts.law.scraper] - 로딩 마스크가 사라지기를 기다리는 중...
2025-08-17 11:56:55,689 - INFO - [scripts.law.scraper] - 페이지 최종 렌더링을 잠시 대기합니다...
2025-08-17 11:56:56,693 - INFO - [scripts.law.scraper] - 페이지 HTML 컨텐츠를 가져오는 중...
2025-08-17 11:56:56,722 - INFO - [scripts.law.scraper] - 데이터 파싱 중...
2025-08-17 11:56:56,793 - INFO - [scripts.law.scraper] - 데이터 1건을 'data/raw/가사근로자의 고용개선 등에 관한 법률 시행규칙_document.jsonl' 파일로 성공적으로 저장했습니다.
2025-08-17 11:56:56,794 - INFO - [scripts.law.scraper] - 데이터 8건을 'data/raw/가사근로자의 고용개선 등에 관한 법률 시행규칙_chunks.jsonl' 파일로 성공적으로 저장했습니다.
2025-08-17 11:56:56,814 - INFO - [__main__] - 상세 페이지 스크레이퍼 완료: 가사근로자의 고용개선 등에 관한 법률 시행규칙
2025-08-17 11:56:58,024 - INFO - [__main__] - 상세 페이지 스크레이퍼 실행: https://www.law.go.kr/LSW/lsInfoP.do?lsiSeq=234693&efYd=20220218
2025-08-17 11:56:58,371 - INFO - [scripts.law.scraper] - 페이지로 이동 중: https://www.law.go.kr/LSW/lsInfoP.do?lsiSeq=234693&efYd=20220218
2025-08-17 11:56:59,024 - INFO - [scripts.law.scraper] - 로딩 마스크가 나타나기를 기다리는 중...
2025-08-17 11:56:59,042 - INFO - [scripts.law.scraper] - 로딩 마스크가 사라지기를 기다리는 중...
2025-08-17 11:56:59,229 - INFO - [scripts.law.scraper] - 페이지 최종 렌더링을 잠시 대기합니다...
2025-08-17 11:57:00,232 - INFO - [scripts.law.scraper] - 페이지 HTML 컨텐츠를 가져오는 중...
2025-08-17 11:57:00,263 - INFO - [scripts.law.scraper] - 데이터 파싱 중...
2025-08-17 11:57:00,367 - INFO - [scripts.law.scraper] - 데이터 1건을 'data/raw/건설근로자의 고용개선 등에 관한 법률_document.jsonl' 파일로 성공적으로 저장했습니다.
2025-08-17 11:57:00,367 - INFO - [scripts.law.scraper] - 데이터 42건을 'data/raw/건설근로자의 고용개선 등에 관한 법률_chunks.jsonl' 파일로 성공적으로 저장했습니다.
2025-08-17 11:57:00,390 - INFO - [__main__] - 상세 페이지 스크레이퍼 완료: 건설근로자의 고용개선 등에 관한 법률
2025-08-17 11:57:01,611 - INFO - [__main__] - 상세 페이지 스크레이퍼 실행: https://www.law.go.kr/LSW/lsInfoP.do?lsiSeq=270619&efYd=20250415
2025-08-17 11:57:01,958 - INFO - [scripts.law.scraper] - 페이지로 이동 중: https://www.law.go.kr/LSW/lsInfoP.do?lsiSeq=270619&efYd=20250415
2025-08-17 11:57:02,531 - INFO - [scripts.law.scraper] - 로딩 마스크가 나타나기를 기다리는 중...
2025-08-17 11:57:02,551 - INFO - [scripts.law.scraper] - 로딩 마스크가 사라지기를 기다리는 중...
2025-08-17 11:57:02,673 - INFO - [scripts.law.scraper] - 페이지 최종 렌더링을 잠시 대기합니다...
2025-08-17 11:57:03,677 - INFO - [scripts.law.scraper] - 페이지 HTML 컨텐츠를 가져오는 중...
2025-08-17 11:57:03,711 - INFO - [scripts.law.scraper] - 데이터 파싱 중...
2025-08-17 11:57:03,817 - INFO - [scripts.law.scraper] - 데이터 1건을 'data/raw/건설근로자의 고용개선 등에 관한 법률 시행령_document.jsonl' 파일로 성공적으로 저장했습니다.
2025-08-17 11:57:03,817 - INFO - [scripts.law.scraper] - 데이터 35건을 'data/raw/건설근로자의 고용개선 등에 관한 법률 시행령_chunks.jsonl' 파일로 성공적으로 저장했습니다.
2025-08-17 11:57:03,839 - INFO - [__main__] - 상세 페이지 스크레이퍼 완료: 건설근로자의 고용개선 등에 관한 법률 시행령
2025-08-17 11:57:05,053 - INFO - [__main__] - 상세 페이지 스크레이퍼 실행: https://www.law.go.kr/LSW/lsInfoP.do?lsiSeq=265105&efYd=20240828
2025-08-17 11:57:05,399 - INFO - [scripts.law.scraper] - 페이지로 이동 중: https://www.law.go.kr/LSW/lsInfoP.do?lsiSeq=265105&efYd=20240828
2025-08-17 11:57:06,081 - INFO - [scripts.law.scraper] - 로딩 마스크가 나타나기를 기다리는 중...
2025-08-17 11:57:06,100 - INFO - [scripts.law.scraper] - 로딩 마스크가 사라지기를 기다리는 중...
2025-08-17 11:57:06,285 - INFO - [scripts.law.scraper] - 페이지 최종 렌더링을 잠시 대기합니다...
2025-08-17 11:57:07,289 - INFO - [scripts.law.scraper] - 페이지 HTML 컨텐츠를 가져오는 중...
2025-08-17 11:57:07,326 - INFO - [scripts.law.scraper] - 데이터 파싱 중...
2025-08-17 11:57:07,427 - INFO - [scripts.law.scraper] - 데이터 1건을 'data/raw/건설근로자의 고용개선 등에 관한 법률 시행규칙_document.jsonl' 파일로 성공적으로 저장했습니다.
2025-08-17 11:57:07,428 - INFO - [scripts.law.scraper] - 데이터 27건을 'data/raw/건설근로자의 고용개선 등에 관한 법률 시행규칙_chunks.jsonl' 파일로 성공적으로 저장했습니다.
2025-08-17 11:57:07,448 - INFO - [__main__] - 상세 페이지 스크레이퍼 완료: 건설근로자의 고용개선 등에 관한 법률 시행규칙
2025-08-17 11:57:08,664 - INFO - [__main__] - 상세 페이지 스크레이퍼 실행: https://www.law.go.kr/LSW/lsInfoP.do?lsiSeq=228177&efYd=20210706
2025-08-17 11:57:09,006 - INFO - [scripts.law.scraper] - 페이지로 이동 중: https://www.law.go.kr/LSW/lsInfoP.do?lsiSeq=228177&efYd=20210706
2025-08-17 11:57:09,609 - INFO - [scripts.law.scraper] - 로딩 마스크가 나타나기를 기다리는 중...
2025-08-17 11:57:09,627 - INFO - [scripts.law.scraper] - 로딩 마스크가 사라지기를 기다리는 중...
2025-08-17 11:57:09,716 - INFO - [scripts.law.scraper] - 페이지 최종 렌더링을 잠시 대기합니다...
2025-08-17 11:57:10,718 - INFO - [scripts.law.scraper] - 페이지 HTML 컨텐츠를 가져오는 중...
2025-08-17 11:57:10,742 - INFO - [scripts.law.scraper] - 데이터 파싱 중...
2025-08-17 11:57:10,801 - INFO - [scripts.law.scraper] - 데이터 1건을 'data/raw/경제사회노동위원회법_document.jsonl' 파일로 성공적으로 저장했습니다.
2025-08-17 11:57:10,801 - INFO - [scripts.law.scraper] - 데이터 20건을 'data/raw/경제사회노동위원회법_chunks.jsonl' 파일로 성공적으로 저장했습니다.
2025-08-17 11:57:10,823 - INFO - [__main__] - 상세 페이지 스크레이퍼 완료: 경제사회노동위원회법
2025-08-17 11:57:12,034 - INFO - [__main__] - 상세 페이지 스크레이퍼 실행: https://www.law.go.kr/LSW/lsInfoP.do?lsiSeq=204361&efYd=20180913
2025-08-17 11:57:12,373 - INFO - [scripts.law.scraper] - 페이지로 이동 중: https://www.law.go.kr/LSW/lsInfoP.do?lsiSeq=204361&efYd=20180913
2025-08-17 11:57:13,141 - INFO - [scripts.law.scraper] - 로딩 마스크가 나타나기를 기다리는 중...
2025-08-17 11:57:13,159 - INFO - [scripts.law.scraper] - 로딩 마스크가 사라지기를 기다리는 중...
2025-08-17 11:57:13,342 - INFO - [scripts.law.scraper] - 페이지 최종 렌더링을 잠시 대기합니다...
2025-08-17 11:57:14,345 - INFO - [scripts.law.scraper] - 페이지 HTML 컨텐츠를 가져오는 중...
2025-08-17 11:57:14,370 - INFO - [scripts.law.scraper] - 데이터 파싱 중...
2025-08-17 11:57:14,429 - INFO - [scripts.law.scraper] - 데이터 1건을 'data/raw/경제사회노동위원회법 시행령_document.jsonl' 파일로 성공적으로 저장했습니다.
2025-08-17 11:57:14,429 - INFO - [scripts.law.scraper] - 데이터 17건을 'data/raw/경제사회노동위원회법 시행령_chunks.jsonl' 파일로 성공적으로 저장했습니다.
2025-08-17 11:57:14,450 - INFO - [__main__] - 상세 페이지 스크레이퍼 완료: 경제사회노동위원회법 시행령
2025-08-17 11:57:15,638 - INFO - [__main__] - 상세 페이지 스크레이퍼 실행: https://www.law.go.kr/LSW/lsInfoP.do?lsiSeq=246209&efYd=20221216
2025-08-17 11:57:15,982 - INFO - [scripts.law.scraper] - 페이지로 이동 중: https://www.law.go.kr/LSW/lsInfoP.do?lsiSeq=246209&efYd=20221216
2025-08-17 11:57:16,591 - INFO - [scripts.law.scraper] - 로딩 마스크가 나타나기를 기다리는 중...
2025-08-17 11:57:16,611 - INFO - [scripts.law.scraper] - 로딩 마스크가 사라지기를 기다리는 중...
2025-08-17 11:57:16,633 - INFO - [scripts.law.scraper] - 페이지 최종 렌더링을 잠시 대기합니다...
2025-08-17 11:57:17,635 - INFO - [scripts.law.scraper] - 페이지 HTML 컨텐츠를 가져오는 중...
2025-08-17 11:57:17,657 - INFO - [scripts.law.scraper] - 데이터 파싱 중...
2025-08-17 11:57:17,702 - INFO - [scripts.law.scraper] - 데이터 1건을 'data/raw/고용노동부 소관 비상대비에 관한 법률 시행규칙_document.jsonl' 파일로 성공적으로 저장했습니다.
2025-08-17 11:57:17,703 - INFO - [scripts.law.scraper] - 데이터 4건을 'data/raw/고용노동부 소관 비상대비에 관한 법률 시행규칙_chunks.jsonl' 파일로 성공적으로 저장했습니다.
2025-08-17 11:57:17,725 - INFO - [__main__] - 상세 페이지 스크레이퍼 완료: 고용노동부 소관 비상대비에 관한 법률 시행규칙
2025-08-17 11:57:18,938 - INFO - [__main__] - 상세 페이지 스크레이퍼 실행: https://www.law.go.kr/LSW/lsInfoP.do?lsiSeq=193534&efYd=20170419
2025-08-17 11:57:19,283 - INFO - [scripts.law.scraper] - 페이지로 이동 중: https://www.law.go.kr/LSW/lsInfoP.do?lsiSeq=193534&efYd=20170419
2025-08-17 11:57:19,908 - INFO - [scripts.law.scraper] - 로딩 마스크가 나타나기를 기다리는 중...
2025-08-17 11:57:19,929 - INFO - [scripts.law.scraper] - 로딩 마스크가 사라지기를 기다리는 중...
2025-08-17 11:57:20,165 - INFO - [scripts.law.scraper] - 페이지 최종 렌더링을 잠시 대기합니다...
2025-08-17 11:57:21,167 - INFO - [scripts.law.scraper] - 페이지 HTML 컨텐츠를 가져오는 중...
2025-08-17 11:57:21,188 - INFO - [scripts.law.scraper] - 데이터 파싱 중...
2025-08-17 11:57:21,291 - INFO - [scripts.law.scraper] - 데이터 1건을 'data/raw/고용노동부 소관 비영리법인의 설립 및 감독에 관한 규칙_document.jsonl' 파일로 성공적으로 저장했습니다.
2025-08-17 11:57:21,291 - INFO - [scripts.law.scraper] - 데이터 13건을 'data/raw/고용노동부 소관 비영리법인의 설립 및 감독에 관한 규칙_chunks.jsonl' 파일로 성공적으로 저장했습니다.
2025-08-17 11:57:21,319 - INFO - [__main__] - 상세 페이지 스크레이퍼 완료: 고용노동부 소관 비영리법인의 설립 및 감독에 관한 규칙
2025-08-17 11:57:22,548 - INFO - [__main__] - 상세 페이지 스크레이퍼 실행: https://www.law.go.kr/LSW/lsInfoP.do?lsiSeq=271125&efYd=20250520
2025-08-17 11:57:22,915 - INFO - [scripts.law.scraper] - 페이지로 이동 중: https://www.law.go.kr/LSW/lsInfoP.do?lsiSeq=271125&efYd=20250520
2025-08-17 11:57:23,583 - INFO - [scripts.law.scraper] - 로딩 마스크가 나타나기를 기다리는 중...
2025-08-17 11:57:23,601 - INFO - [scripts.law.scraper] - 로딩 마스크가 사라지기를 기다리는 중...
2025-08-17 11:57:23,985 - INFO - [scripts.law.scraper] - 페이지 최종 렌더링을 잠시 대기합니다...
2025-08-17 11:57:24,991 - INFO - [scripts.law.scraper] - 페이지 HTML 컨텐츠를 가져오는 중...
2025-08-17 11:57:25,035 - INFO - [scripts.law.scraper] - 데이터 파싱 중...
2025-08-17 11:57:25,176 - INFO - [scripts.law.scraper] - 데이터 1건을 'data/raw/고용노동부와 그 소속기관 직제_document.jsonl' 파일로 성공적으로 저장했습니다.
2025-08-17 11:57:25,176 - INFO - [scripts.law.scraper] - 데이터 50건을 'data/raw/고용노동부와 그 소속기관 직제_chunks.jsonl' 파일로 성공적으로 저장했습니다.
2025-08-17 11:57:25,199 - INFO - [__main__] - 상세 페이지 스크레이퍼 완료: 고용노동부와 그 소속기관 직제
2025-08-17 11:57:26,420 - INFO - [__main__] - 상세 페이지 스크레이퍼 실행: https://www.law.go.kr/LSW/lsInfoP.do?lsiSeq=271223&efYd=20250602
2025-08-17 11:57:26,778 - INFO - [scripts.law.scraper] - 페이지로 이동 중: https://www.law.go.kr/LSW/lsInfoP.do?lsiSeq=271223&efYd=20250602
2025-08-17 11:57:27,444 - INFO - [scripts.law.scraper] - 로딩 마스크가 나타나기를 기다리는 중...
2025-08-17 11:57:27,470 - INFO - [scripts.law.scraper] - 로딩 마스크가 사라지기를 기다리는 중...
2025-08-17 11:57:28,435 - INFO - [scripts.law.scraper] - 페이지 최종 렌더링을 잠시 대기합니다...
2025-08-17 11:57:29,477 - INFO - [scripts.law.scraper] - 페이지 HTML 컨텐츠를 가져오는 중...
2025-08-17 11:57:29,520 - INFO - [scripts.law.scraper] - 데이터 파싱 중...
2025-08-17 11:57:29,834 - INFO - [scripts.law.scraper] - 데이터 1건을 'data/raw/고용노동부와 그 소속기관 직제 시행규칙_document.jsonl' 파일로 성공적으로 저장했습니다.
2025-08-17 11:57:29,835 - INFO - [scripts.law.scraper] - 데이터 39건을 'data/raw/고용노동부와 그 소속기관 직제 시행규칙_chunks.jsonl' 파일로 성공적으로 저장했습니다.
2025-08-17 11:57:29,870 - INFO - [__main__] - 상세 페이지 스크레이퍼 완료: 고용노동부와 그 소속기관 직제 시행규칙
2025-08-17 11:57:31,114 - INFO - [__main__] - 상세 페이지 스크레이퍼 실행: https://www.law.go.kr/LSW/lsInfoP.do?lsiSeq=247481&efYd=20240101
2025-08-17 11:57:31,491 - INFO - [scripts.law.scraper] - 페이지로 이동 중: https://www.law.go.kr/LSW/lsInfoP.do?lsiSeq=247481&efYd=20240101
2025-08-17 11:57:32,092 - INFO - [scripts.law.scraper] - 로딩 마스크가 나타나기를 기다리는 중...
2025-08-17 11:57:32,110 - INFO - [scripts.law.scraper] - 로딩 마스크가 사라지기를 기다리는 중...
2025-08-17 11:57:32,404 - INFO - [scripts.law.scraper] - 페이지 최종 렌더링을 잠시 대기합니다...
2025-08-17 11:57:33,407 - INFO - [scripts.law.scraper] - 페이지 HTML 컨텐츠를 가져오는 중...
2025-08-17 11:57:33,455 - INFO - [scripts.law.scraper] - 데이터 파싱 중...
2025-08-17 11:57:33,673 - INFO - [scripts.law.scraper] - 데이터 1건을 'data/raw/고용보험 및 산업재해보상보험의 보험료징수 등에 관한 법률_document.jsonl' 파일로 성공적으로 저장했습니다.
2025-08-17 11:57:33,674 - INFO - [scripts.law.scraper] - 데이터 95건을 'data/raw/고용보험 및 산업재해보상보험의 보험료징수 등에 관한 법률_chunks.jsonl' 파일로 성공적으로 저장했습니다.
2025-08-17 11:57:33,701 - INFO - [__main__] - 상세 페이지 스크레이퍼 완료: 고용보험 및 산업재해보상보험의 보험료징수 등에 관한 법률
2025-08-17 11:57:34,918 - INFO - [__main__] - 상세 페이지 스크레이퍼 실행: https://www.law.go.kr/LSW/lsInfoP.do?lsiSeq=271473&efYd=20250602
2025-08-17 11:57:35,294 - INFO - [scripts.law.scraper] - 페이지로 이동 중: https://www.law.go.kr/LSW/lsInfoP.do?lsiSeq=271473&efYd=20250602
2025-08-17 11:57:35,853 - INFO - [scripts.law.scraper] - 로딩 마스크가 나타나기를 기다리는 중...
2025-08-17 11:57:35,873 - INFO - [scripts.law.scraper] - 로딩 마스크가 사라지기를 기다리는 중...
2025-08-17 11:57:36,789 - INFO - [scripts.law.scraper] - 페이지 최종 렌더링을 잠시 대기합니다...
2025-08-17 11:57:37,792 - INFO - [scripts.law.scraper] - 페이지 HTML 컨텐츠를 가져오는 중...
2025-08-17 11:57:37,844 - INFO - [scripts.law.scraper] - 데이터 파싱 중...
2025-08-17 11:57:38,104 - INFO - [scripts.law.scraper] - 데이터 1건을 'data/raw/고용보험 및 산업재해보상보험의 보험료징수 등에 관한 법률 시행령_document.jsonl' 파일로 성공적으로 저장했습니다.
2025-08-17 11:57:38,105 - INFO - [scripts.law.scraper] - 데이터 112건을 'data/raw/고용보험 및 산업재해보상보험의 보험료징수 등에 관한 법률 시행령_chunks.jsonl' 파일로 성공적으로 저장했습니다.
2025-08-17 11:57:38,127 - INFO - [__main__] - 상세 페이지 스크레이퍼 완료: 고용보험 및 산업재해보상보험의 보험료징수 등에 관한 법률 시행령
2025-08-17 11:57:39,363 - INFO - [__main__] - 상세 페이지 스크레이퍼 실행: https://www.law.go.kr/LSW/lsInfoP.do?lsiSeq=272679&efYd=20250701
2025-08-17 11:57:39,749 - INFO - [scripts.law.scraper] - 페이지로 이동 중: https://www.law.go.kr/LSW/lsInfoP.do?lsiSeq=272679&efYd=20250701
2025-08-17 11:57:40,369 - INFO - [scripts.law.scraper] - 로딩 마스크가 나타나기를 기다리는 중...
2025-08-17 11:57:40,388 - INFO - [scripts.law.scraper] - 로딩 마스크가 사라지기를 기다리는 중...
2025-08-17 11:57:41,745 - INFO - [scripts.law.scraper] - 페이지 최종 렌더링을 잠시 대기합니다...
2025-08-17 11:57:42,747 - INFO - [scripts.law.scraper] - 페이지 HTML 컨텐츠를 가져오는 중...
2025-08-17 11:57:42,820 - INFO - [scripts.law.scraper] - 데이터 파싱 중...
2025-08-17 11:57:43,239 - INFO - [scripts.law.scraper] - 데이터 1건을 'data/raw/고용보험 및 산업재해보상보험의 보험료징수 등에 관한 법률 시행규칙_document.jsonl' 파일로 성공적으로 저장했습니다.
2025-08-17 11:57:43,240 - INFO - [scripts.law.scraper] - 데이터 88건을 'data/raw/고용보험 및 산업재해보상보험의 보험료징수 등에 관한 법률 시행규칙_chunks.jsonl' 파일로 성공적으로 저장했습니다.
2025-08-17 11:57:43,264 - INFO - [__main__] - 상세 페이지 스크레이퍼 완료: 고용보험 및 산업재해보상보험의 보험료징수 등에 관한 법률 시행규칙
2025-08-17 11:57:44,492 - INFO - [__main__] - 상세 페이지 스크레이퍼 실행: https://www.law.go.kr/LSW/lsInfoP.do?lsiSeq=265957&efYd=20250223
2025-08-17 11:57:44,862 - INFO - [scripts.law.scraper] - 페이지로 이동 중: https://www.law.go.kr/LSW/lsInfoP.do?lsiSeq=265957&efYd=20250223
2025-08-17 11:57:45,444 - INFO - [scripts.law.scraper] - 로딩 마스크가 나타나기를 기다리는 중...
2025-08-17 11:57:45,463 - INFO - [scripts.law.scraper] - 로딩 마스크가 사라지기를 기다리는 중...
2025-08-17 11:57:45,826 - INFO - [scripts.law.scraper] - 페이지 최종 렌더링을 잠시 대기합니다...
2025-08-17 11:57:46,829 - INFO - [scripts.law.scraper] - 페이지 HTML 컨텐츠를 가져오는 중...
2025-08-17 11:57:46,881 - INFO - [scripts.law.scraper] - 데이터 파싱 중...
2025-08-17 11:57:47,148 - INFO - [scripts.law.scraper] - 데이터 1건을 'data/raw/고용보험법_document.jsonl' 파일로 성공적으로 저장했습니다.
2025-08-17 11:57:47,149 - INFO - [scripts.law.scraper] - 데이터 147건을 'data/raw/고용보험법_chunks.jsonl' 파일로 성공적으로 저장했습니다.
2025-08-17 11:57:47,172 - INFO - [__main__] - 상세 페이지 스크레이퍼 완료: 고용보험법
2025-08-17 11:57:48,439 - INFO - [__main__] - 상세 페이지 스크레이퍼 실행: https://www.law.go.kr/LSW/lsInfoP.do?lsiSeq=273039&efYd=20250805
2025-08-17 11:57:48,804 - INFO - [scripts.law.scraper] - 페이지로 이동 중: https://www.law.go.kr/LSW/lsInfoP.do?lsiSeq=273039&efYd=20250805
2025-08-17 11:57:49,486 - INFO - [scripts.law.scraper] - 로딩 마스크가 나타나기를 기다리는 중...
2025-08-17 11:57:49,510 - INFO - [scripts.law.scraper] - 로딩 마스크가 사라지기를 기다리는 중...
2025-08-17 11:57:50,821 - INFO - [scripts.law.scraper] - 페이지 최종 렌더링을 잠시 대기합니다...
2025-08-17 11:57:51,824 - INFO - [scripts.law.scraper] - 페이지 HTML 컨텐츠를 가져오는 중...
2025-08-17 11:57:51,949 - INFO - [scripts.law.scraper] - 데이터 파싱 중...
2025-08-17 11:57:52,451 - INFO - [scripts.law.scraper] - 데이터 1건을 'data/raw/고용보험법 시행령_document.jsonl' 파일로 성공적으로 저장했습니다.
2025-08-17 11:57:52,453 - INFO - [scripts.law.scraper] - 데이터 208건을 'data/raw/고용보험법 시행령_chunks.jsonl' 파일로 성공적으로 저장했습니다.
2025-08-17 11:57:52,477 - INFO - [__main__] - 상세 페이지 스크레이퍼 완료: 고용보험법 시행령
2025-08-17 11:57:53,705 - INFO - [__main__] - 상세 페이지 스크레이퍼 실행: https://www.law.go.kr/LSW/lsInfoP.do?lsiSeq=272635&efYd=20250701
2025-08-17 11:57:54,057 - INFO - [scripts.law.scraper] - 페이지로 이동 중: https://www.law.go.kr/LSW/lsInfoP.do?lsiSeq=272635&efYd=20250701
2025-08-17 11:57:54,649 - INFO - [scripts.law.scraper] - 로딩 마스크가 나타나기를 기다리는 중...
2025-08-17 11:57:54,671 - INFO - [scripts.law.scraper] - 로딩 마스크가 사라지기를 기다리는 중...
2025-08-17 11:57:55,608 - INFO - [scripts.law.scraper] - 페이지 최종 렌더링을 잠시 대기합니다...
2025-08-17 11:57:56,617 - INFO - [scripts.law.scraper] - 페이지 HTML 컨텐츠를 가져오는 중...
2025-08-17 11:57:56,726 - INFO - [scripts.law.scraper] - 데이터 파싱 중...
2025-08-17 11:57:57,364 - INFO - [scripts.law.scraper] - 데이터 1건을 'data/raw/고용보험법 시행규칙_document.jsonl' 파일로 성공적으로 저장했습니다.
2025-08-17 11:57:57,366 - INFO - [scripts.law.scraper] - 데이터 197건을 'data/raw/고용보험법 시행규칙_chunks.jsonl' 파일로 성공적으로 저장했습니다.
2025-08-17 11:57:57,389 - INFO - [__main__] - 상세 페이지 스크레이퍼 완료: 고용보험법 시행규칙
2025-08-17 11:57:58,692 - INFO - [__main__] - 상세 페이지 스크레이퍼 실행: https://www.law.go.kr/LSW/lsInfoP.do?lsiSeq=91137&efYd=20090107
2025-08-17 11:57:59,077 - INFO - [scripts.law.scraper] - 페이지로 이동 중: https://www.law.go.kr/LSW/lsInfoP.do?lsiSeq=91137&efYd=20090107
2025-08-17 11:57:59,662 - INFO - [scripts.law.scraper] - 로딩 마스크가 나타나기를 기다리는 중...
2025-08-17 11:57:59,699 - INFO - [scripts.law.scraper] - 로딩 마스크가 사라지기를 기다리는 중...
2025-08-17 11:57:59,704 - INFO - [scripts.law.scraper] - 페이지 최종 렌더링을 잠시 대기합니다...
2025-08-17 11:58:00,707 - INFO - [scripts.law.scraper] - 페이지 HTML 컨텐츠를 가져오는 중...
2025-08-17 11:58:00,728 - INFO - [scripts.law.scraper] - 데이터 파싱 중...
2025-08-17 11:58:00,778 - INFO - [scripts.law.scraper] - 데이터 1건을 'data/raw/고용보험ㆍ산업재해보상보험의 보험관계 성립신고 등의 촉진을 위한 특별조치법_document.jsonl' 파일로 성공적으로 저장했습니다.
2025-08-17 11:58:00,778 - INFO - [scripts.law.scraper] - 데이터 9건을 'data/raw/고용보험ㆍ산업재해보상보험의 보험관계 성립신고 등의 촉진을 위한 특별조치법_chunks.jsonl' 파일로 성공적으로 저장했습니다.
2025-08-17 11:58:00,805 - INFO - [__main__] - 상세 페이지 스크레이퍼 완료: 고용보험ㆍ산업재해보상보험의 보험관계 성립신고 등의 촉진을 위한 특별조치법
2025-08-17 11:58:02,017 - INFO - [__main__] - 상세 페이지 스크레이퍼 실행: https://www.law.go.kr/LSW/lsInfoP.do?lsiSeq=243057&efYd=20220610
2025-08-17 11:58:02,364 - INFO - [scripts.law.scraper] - 페이지로 이동 중: https://www.law.go.kr/LSW/lsInfoP.do?lsiSeq=243057&efYd=20220610
2025-08-17 11:58:03,068 - INFO - [scripts.law.scraper] - 로딩 마스크가 나타나기를 기다리는 중...
2025-08-17 11:58:03,090 - INFO - [scripts.law.scraper] - 로딩 마스크가 사라지기를 기다리는 중...
2025-08-17 11:58:03,348 - INFO - [scripts.law.scraper] - 페이지 최종 렌더링을 잠시 대기합니다...
2025-08-17 11:58:04,351 - INFO - [scripts.law.scraper] - 페이지 HTML 컨텐츠를 가져오는 중...
2025-08-17 11:58:04,374 - INFO - [scripts.law.scraper] - 데이터 파싱 중...
2025-08-17 11:58:04,482 - INFO - [scripts.law.scraper] - 데이터 1건을 'data/raw/고용상 연령차별금지 및 고령자고용촉진에 관한 법률_document.jsonl' 파일로 성공적으로 저장했습니다.
2025-08-17 11:58:04,483 - INFO - [scripts.law.scraper] - 데이터 41건을 'data/raw/고용상 연령차별금지 및 고령자고용촉진에 관한 법률_chunks.jsonl' 파일로 성공적으로 저장했습니다.
2025-08-17 11:58:04,503 - INFO - [__main__] - 상세 페이지 스크레이퍼 완료: 고용상 연령차별금지 및 고령자고용촉진에 관한 법률
2025-08-17 11:58:05,711 - INFO - [__main__] - 상세 페이지 스크레이퍼 실행: https://www.law.go.kr/LSW/lsInfoP.do?lsiSeq=267181&efYd=20250101
2025-08-17 11:58:06,066 - INFO - [scripts.law.scraper] - 페이지로 이동 중: https://www.law.go.kr/LSW/lsInfoP.do?lsiSeq=267181&efYd=20250101
2025-08-17 11:58:06,706 - INFO - [scripts.law.scraper] - 로딩 마스크가 나타나기를 기다리는 중...
2025-08-17 11:58:06,724 - INFO - [scripts.law.scraper] - 로딩 마스크가 사라지기를 기다리는 중...
2025-08-17 11:58:06,906 - INFO - [scripts.law.scraper] - 페이지 최종 렌더링을 잠시 대기합니다...
2025-08-17 11:58:07,909 - INFO - [scripts.law.scraper] - 페이지 HTML 컨텐츠를 가져오는 중...
2025-08-17 11:58:07,935 - INFO - [scripts.law.scraper] - 데이터 파싱 중...
2025-08-17 11:58:08,022 - INFO - [scripts.law.scraper] - 데이터 1건을 'data/raw/고용상 연령차별금지 및 고령자고용촉진에 관한 법률 시행령_document.jsonl' 파일로 성공적으로 저장했습니다.
2025-08-17 11:58:08,023 - INFO - [scripts.law.scraper] - 데이터 22건을 'data/raw/고용상 연령차별금지 및 고령자고용촉진에 관한 법률 시행령_chunks.jsonl' 파일로 성공적으로 저장했습니다.
2025-08-17 11:58:08,045 - INFO - [__main__] - 상세 페이지 스크레이퍼 완료: 고용상 연령차별금지 및 고령자고용촉진에 관한 법률 시행령
2025-08-17 11:58:09,264 - INFO - [__main__] - 상세 페이지 스크레이퍼 실행: https://www.law.go.kr/LSW/lsInfoP.do?lsiSeq=243713&efYd=20220701
2025-08-17 11:58:09,636 - INFO - [scripts.law.scraper] - 페이지로 이동 중: https://www.law.go.kr/LSW/lsInfoP.do?lsiSeq=243713&efYd=20220701
2025-08-17 11:58:10,318 - INFO - [scripts.law.scraper] - 로딩 마스크가 나타나기를 기다리는 중...
2025-08-17 11:58:10,338 - INFO - [scripts.law.scraper] - 로딩 마스크가 사라지기를 기다리는 중...
2025-08-17 11:58:10,453 - INFO - [scripts.law.scraper] - 페이지 최종 렌더링을 잠시 대기합니다...
2025-08-17 11:58:11,455 - INFO - [scripts.law.scraper] - 페이지 HTML 컨텐츠를 가져오는 중...
2025-08-17 11:58:11,472 - INFO - [scripts.law.scraper] - 데이터 파싱 중...
2025-08-17 11:58:11,546 - INFO - [scripts.law.scraper] - 데이터 1건을 'data/raw/고용상 연령차별금지 및 고령자고용촉진에 관한 법률 시행규칙_document.jsonl' 파일로 성공적으로 저장했습니다.
2025-08-17 11:58:11,546 - INFO - [scripts.law.scraper] - 데이터 15건을 'data/raw/고용상 연령차별금지 및 고령자고용촉진에 관한 법률 시행규칙_chunks.jsonl' 파일로 성공적으로 저장했습니다.
2025-08-17 11:58:11,574 - INFO - [__main__] - 상세 페이지 스크레이퍼 완료: 고용상 연령차별금지 및 고령자고용촉진에 관한 법률 시행규칙
2025-08-17 11:58:12,802 - INFO - [__main__] - 상세 페이지 스크레이퍼 실행: https://www.law.go.kr/LSW/lsInfoP.do?lsiSeq=258087&efYd=20240109
2025-08-17 11:58:13,184 - INFO - [scripts.law.scraper] - 페이지로 이동 중: https://www.law.go.kr/LSW/lsInfoP.do?lsiSeq=258087&efYd=20240109
2025-08-17 11:58:13,833 - INFO - [scripts.law.scraper] - 로딩 마스크가 나타나기를 기다리는 중...
2025-08-17 11:58:13,854 - INFO - [scripts.law.scraper] - 로딩 마스크가 사라지기를 기다리는 중...
2025-08-17 11:58:14,050 - INFO - [scripts.law.scraper] - 페이지 최종 렌더링을 잠시 대기합니다...
2025-08-17 11:58:15,053 - INFO - [scripts.law.scraper] - 페이지 HTML 컨텐츠를 가져오는 중...
2025-08-17 11:58:15,082 - INFO - [scripts.law.scraper] - 데이터 파싱 중...
2025-08-17 11:58:15,192 - INFO - [scripts.law.scraper] - 데이터 1건을 'data/raw/고용정책 기본법_document.jsonl' 파일로 성공적으로 저장했습니다.
2025-08-17 11:58:15,193 - INFO - [scripts.law.scraper] - 데이터 51건을 'data/raw/고용정책 기본법_chunks.jsonl' 파일로 성공적으로 저장했습니다.
2025-08-17 11:58:15,214 - INFO - [__main__] - 상세 페이지 스크레이퍼 완료: 고용정책 기본법
2025-08-17 11:58:16,433 - INFO - [__main__] - 상세 페이지 스크레이퍼 실행: https://www.law.go.kr/LSW/lsInfoP.do?lsiSeq=270057&efYd=20250325
2025-08-17 11:58:16,789 - INFO - [scripts.law.scraper] - 페이지로 이동 중: https://www.law.go.kr/LSW/lsInfoP.do?lsiSeq=270057&efYd=20250325
2025-08-17 11:58:17,652 - INFO - [scripts.law.scraper] - 로딩 마스크가 나타나기를 기다리는 중...
2025-08-17 11:58:27,676 - WARNING - [scripts.law.scraper] - 로딩 마스크가 감지되지 않았습니다. 페이지 로드가 완료된 것으로 간주하고 계속 진행합니다.
2025-08-17 11:58:27,677 - INFO - [scripts.law.scraper] - 페이지 최종 렌더링을 잠시 대기합니다...
2025-08-17 11:58:28,684 - INFO - [scripts.law.scraper] - 페이지 HTML 컨텐츠를 가져오는 중...
2025-08-17 11:58:28,723 - INFO - [scripts.law.scraper] - 데이터 파싱 중...
2025-08-17 11:58:28,840 - INFO - [scripts.law.scraper] - 데이터 1건을 'data/raw/고용정책 기본법 시행령_document.jsonl' 파일로 성공적으로 저장했습니다.
2025-08-17 11:58:28,841 - INFO - [scripts.law.scraper] - 데이터 53건을 'data/raw/고용정책 기본법 시행령_chunks.jsonl' 파일로 성공적으로 저장했습니다.
2025-08-17 11:58:28,874 - INFO - [__main__] - 상세 페이지 스크레이퍼 완료: 고용정책 기본법 시행령
2025-08-17 11:58:30,157 - INFO - [__main__] - 상세 페이지 스크레이퍼 실행: https://www.law.go.kr/LSW/lsInfoP.do?lsiSeq=256495&efYd=20231205
2025-08-17 11:58:30,562 - INFO - [scripts.law.scraper] - 페이지로 이동 중: https://www.law.go.kr/LSW/lsInfoP.do?lsiSeq=256495&efYd=20231205
2025-08-17 11:58:31,174 - INFO - [scripts.law.scraper] - 로딩 마스크가 나타나기를 기다리는 중...
2025-08-17 11:58:41,179 - WARNING - [scripts.law.scraper] - 로딩 마스크가 감지되지 않았습니다. 페이지 로드가 완료된 것으로 간주하고 계속 진행합니다.
2025-08-17 11:58:41,179 - INFO - [scripts.law.scraper] - 페이지 최종 렌더링을 잠시 대기합니다...
2025-08-17 11:58:42,183 - INFO - [scripts.law.scraper] - 페이지 HTML 컨텐츠를 가져오는 중...
2025-08-17 11:58:42,209 - INFO - [scripts.law.scraper] - 데이터 파싱 중...
2025-08-17 11:58:42,264 - INFO - [scripts.law.scraper] - 데이터 1건을 'data/raw/고용정책 기본법 시행규칙_document.jsonl' 파일로 성공적으로 저장했습니다.
2025-08-17 11:58:42,264 - INFO - [scripts.law.scraper] - 데이터 7건을 'data/raw/고용정책 기본법 시행규칙_chunks.jsonl' 파일로 성공적으로 저장했습니다.
2025-08-17 11:58:42,307 - INFO - [__main__] - 상세 페이지 스크레이퍼 완료: 고용정책 기본법 시행규칙
2025-08-17 11:58:43,551 - INFO - [__main__] - 상세 페이지 스크레이퍼 실행: https://www.law.go.kr/LSW/lsInfoP.do?lsiSeq=243037&efYd=20231211
2025-08-17 11:58:43,951 - INFO - [scripts.law.scraper] - 페이지로 이동 중: https://www.law.go.kr/LSW/lsInfoP.do?lsiSeq=243037&efYd=20231211
2025-08-17 11:58:44,530 - INFO - [scripts.law.scraper] - 로딩 마스크가 나타나기를 기다리는 중...
2025-08-17 11:58:44,549 - INFO - [scripts.law.scraper] - 로딩 마스크가 사라지기를 기다리는 중...
2025-08-17 11:58:44,732 - INFO - [scripts.law.scraper] - 페이지 최종 렌더링을 잠시 대기합니다...
2025-08-17 11:58:45,734 - INFO - [scripts.law.scraper] - 페이지 HTML 컨텐츠를 가져오는 중...
2025-08-17 11:58:45,760 - INFO - [scripts.law.scraper] - 데이터 파싱 중...
2025-08-17 11:58:45,843 - INFO - [scripts.law.scraper] - 데이터 1건을 'data/raw/공무원의 노동조합 설립 및 운영 등에 관한 법률_document.jsonl' 파일로 성공적으로 저장했습니다.
2025-08-17 11:58:45,843 - INFO - [scripts.law.scraper] - 데이터 20건을 'data/raw/공무원의 노동조합 설립 및 운영 등에 관한 법률_chunks.jsonl' 파일로 성공적으로 저장했습니다.
2025-08-17 11:58:45,866 - INFO - [__main__] - 상세 페이지 스크레이퍼 완료: 공무원의 노동조합 설립 및 운영 등에 관한 법률
2025-08-17 11:58:47,085 - INFO - [__main__] - 상세 페이지 스크레이퍼 실행: https://www.law.go.kr/LSW/lsInfoP.do?lsiSeq=256437&efYd=20231211
2025-08-17 11:58:47,437 - INFO - [scripts.law.scraper] - 페이지로 이동 중: https://www.law.go.kr/LSW/lsInfoP.do?lsiSeq=256437&efYd=20231211
2025-08-17 11:58:48,009 - INFO - [scripts.law.scraper] - 로딩 마스크가 나타나기를 기다리는 중...
2025-08-17 11:58:48,028 - INFO - [scripts.law.scraper] - 로딩 마스크가 사라지기를 기다리는 중...
2025-08-17 11:58:48,257 - INFO - [scripts.law.scraper] - 페이지 최종 렌더링을 잠시 대기합니다...
2025-08-17 11:58:49,260 - INFO - [scripts.law.scraper] - 페이지 HTML 컨텐츠를 가져오는 중...
2025-08-17 11:58:49,287 - INFO - [scripts.law.scraper] - 데이터 파싱 중...
2025-08-17 11:58:49,373 - INFO - [scripts.law.scraper] - 데이터 1건을 'data/raw/공무원의 노동조합 설립 및 운영 등에 관한 법률 시행령_document.jsonl' 파일로 성공적으로 저장했습니다.
2025-08-17 11:58:49,374 - INFO - [scripts.law.scraper] - 데이터 22건을 'data/raw/공무원의 노동조합 설립 및 운영 등에 관한 법률 시행령_chunks.jsonl' 파일로 성공적으로 저장했습니다.
2025-08-17 11:58:49,396 - INFO - [__main__] - 상세 페이지 스크레이퍼 완료: 공무원의 노동조합 설립 및 운영 등에 관한 법률 시행령
2025-08-17 11:58:50,633 - INFO - [__main__] - 상세 페이지 스크레이퍼 실행: https://www.law.go.kr/LSW/lsInfoP.do?lsiSeq=257903&efYd=20240101
2025-08-17 11:58:50,994 - INFO - [scripts.law.scraper] - 페이지로 이동 중: https://www.law.go.kr/LSW/lsInfoP.do?lsiSeq=257903&efYd=20240101
2025-08-17 11:58:51,613 - INFO - [scripts.law.scraper] - 로딩 마스크가 나타나기를 기다리는 중...
2025-08-17 11:58:51,633 - INFO - [scripts.law.scraper] - 로딩 마스크가 사라지기를 기다리는 중...
2025-08-17 11:58:51,691 - INFO - [scripts.law.scraper] - 페이지 최종 렌더링을 잠시 대기합니다...
2025-08-17 11:58:52,694 - INFO - [scripts.law.scraper] - 페이지 HTML 컨텐츠를 가져오는 중...
2025-08-17 11:58:52,724 - INFO - [scripts.law.scraper] - 데이터 파싱 중...
2025-08-17 11:58:52,804 - INFO - [scripts.law.scraper] - 데이터 1건을 'data/raw/공무원의 노동조합 설립 및 운영 등에 관한 법률 시행규칙_document.jsonl' 파일로 성공적으로 저장했습니다.
2025-08-17 11:58:52,804 - INFO - [scripts.law.scraper] - 데이터 6건을 'data/raw/공무원의 노동조합 설립 및 운영 등에 관한 법률 시행규칙_chunks.jsonl' 파일로 성공적으로 저장했습니다.
2025-08-17 11:58:52,827 - INFO - [__main__] - 상세 페이지 스크레이퍼 완료: 공무원의 노동조합 설립 및 운영 등에 관한 법률 시행규칙
2025-08-17 11:58:54,046 - INFO - [__main__] - 상세 페이지 스크레이퍼 실행: https://www.law.go.kr/LSW/lsInfoP.do?lsiSeq=243059&efYd=20221211
2025-08-17 11:58:54,398 - INFO - [scripts.law.scraper] - 페이지로 이동 중: https://www.law.go.kr/LSW/lsInfoP.do?lsiSeq=243059&efYd=20221211
2025-08-17 11:58:55,064 - INFO - [scripts.law.scraper] - 로딩 마스크가 나타나기를 기다리는 중...
2025-08-17 11:58:55,089 - INFO - [scripts.law.scraper] - 로딩 마스크가 사라지기를 기다리는 중...
2025-08-17 11:58:55,384 - INFO - [scripts.law.scraper] - 페이지 최종 렌더링을 잠시 대기합니다...
2025-08-17 11:58:56,386 - INFO - [scripts.law.scraper] - 페이지 HTML 컨텐츠를 가져오는 중...
2025-08-17 11:58:56,419 - INFO - [scripts.law.scraper] - 데이터 파싱 중...
2025-08-17 11:58:56,542 - INFO - [scripts.law.scraper] - 데이터 1건을 'data/raw/공인노무사법_document.jsonl' 파일로 성공적으로 저장했습니다.
2025-08-17 11:58:56,543 - INFO - [scripts.law.scraper] - 데이터 56건을 'data/raw/공인노무사법_chunks.jsonl' 파일로 성공적으로 저장했습니다.
2025-08-17 11:58:56,564 - INFO - [__main__] - 상세 페이지 스크레이퍼 완료: 공인노무사법
2025-08-17 11:58:57,783 - INFO - [__main__] - 상세 페이지 스크레이퍼 실행: https://www.law.go.kr/LSW/lsInfoP.do?lsiSeq=265549&efYd=20240926
2025-08-17 11:58:58,128 - INFO - [scripts.law.scraper] - 페이지로 이동 중: https://www.law.go.kr/LSW/lsInfoP.do?lsiSeq=265549&efYd=20240926
2025-08-17 11:58:58,758 - INFO - [scripts.law.scraper] - 로딩 마스크가 나타나기를 기다리는 중...
2025-08-17 11:58:58,781 - INFO - [scripts.law.scraper] - 로딩 마스크가 사라지기를 기다리는 중...
2025-08-17 11:58:59,077 - INFO - [scripts.law.scraper] - 페이지 최종 렌더링을 잠시 대기합니다...
2025-08-17 11:59:00,079 - INFO - [scripts.law.scraper] - 페이지 HTML 컨텐츠를 가져오는 중...
2025-08-17 11:59:00,115 - INFO - [scripts.law.scraper] - 데이터 파싱 중...
2025-08-17 11:59:00,249 - INFO - [scripts.law.scraper] - 데이터 1건을 'data/raw/공인노무사법 시행령_document.jsonl' 파일로 성공적으로 저장했습니다.
2025-08-17 11:59:00,250 - INFO - [scripts.law.scraper] - 데이터 56건을 'data/raw/공인노무사법 시행령_chunks.jsonl' 파일로 성공적으로 저장했습니다.
2025-08-17 11:59:00,274 - INFO - [__main__] - 상세 페이지 스크레이퍼 완료: 공인노무사법 시행령
2025-08-17 11:59:01,495 - INFO - [__main__] - 상세 페이지 스크레이퍼 실행: https://www.law.go.kr/LSW/lsInfoP.do?lsiSeq=247371&efYd=20221230
2025-08-17 11:59:01,833 - INFO - [scripts.law.scraper] - 페이지로 이동 중: https://www.law.go.kr/LSW/lsInfoP.do?lsiSeq=247371&efYd=20221230
2025-08-17 11:59:02,437 - INFO - [scripts.law.scraper] - 로딩 마스크가 나타나기를 기다리는 중...
2025-08-17 11:59:02,475 - INFO - [scripts.law.scraper] - 로딩 마스크가 사라지기를 기다리는 중...
2025-08-17 11:59:02,743 - INFO - [scripts.law.scraper] - 페이지 최종 렌더링을 잠시 대기합니다...
2025-08-17 11:59:03,748 - INFO - [scripts.law.scraper] - 페이지 HTML 컨텐츠를 가져오는 중...
2025-08-17 11:59:03,792 - INFO - [scripts.law.scraper] - 데이터 파싱 중...
2025-08-17 11:59:03,940 - INFO - [scripts.law.scraper] - 데이터 1건을 'data/raw/공인노무사법 시행규칙_document.jsonl' 파일로 성공적으로 저장했습니다.
2025-08-17 11:59:03,941 - INFO - [scripts.law.scraper] - 데이터 39건을 'data/raw/공인노무사법 시행규칙_chunks.jsonl' 파일로 성공적으로 저장했습니다.
2025-08-17 11:59:03,969 - INFO - [__main__] - 상세 페이지 스크레이퍼 완료: 공인노무사법 시행규칙
2025-08-17 11:59:05,196 - INFO - [__main__] - 상세 페이지 스크레이퍼 실행: https://www.law.go.kr/LSW/lsInfoP.do?lsiSeq=233829&efYd=20220101
2025-08-17 11:59:05,559 - INFO - [scripts.law.scraper] - 페이지로 이동 중: https://www.law.go.kr/LSW/lsInfoP.do?lsiSeq=233829&efYd=20220101
2025-08-17 11:59:06,213 - INFO - [scripts.law.scraper] - 로딩 마스크가 나타나기를 기다리는 중...
2025-08-17 11:59:16,218 - WARNING - [scripts.law.scraper] - 로딩 마스크가 감지되지 않았습니다. 페이지 로드가 완료된 것으로 간주하고 계속 진행합니다.
2025-08-17 11:59:16,218 - INFO - [scripts.law.scraper] - 페이지 최종 렌더링을 잠시 대기합니다...
2025-08-17 11:59:17,223 - INFO - [scripts.law.scraper] - 페이지 HTML 컨텐츠를 가져오는 중...
2025-08-17 11:59:17,244 - INFO - [scripts.law.scraper] - 데이터 파싱 중...
2025-08-17 11:59:17,288 - INFO - [scripts.law.scraper] - 데이터 1건을 'data/raw/공휴일에 관한 법률_document.jsonl' 파일로 성공적으로 저장했습니다.
2025-08-17 11:59:17,288 - INFO - [scripts.law.scraper] - 데이터 4건을 'data/raw/공휴일에 관한 법률_chunks.jsonl' 파일로 성공적으로 저장했습니다.
2025-08-17 11:59:17,315 - INFO - [__main__] - 상세 페이지 스크레이퍼 완료: 공휴일에 관한 법률
2025-08-17 11:59:18,580 - INFO - [__main__] - 상세 페이지 스크레이퍼 실행: https://www.law.go.kr/LSW/lsInfoP.do?lsiSeq=243039&efYd=20231211
2025-08-17 11:59:18,983 - INFO - [scripts.law.scraper] - 페이지로 이동 중: https://www.law.go.kr/LSW/lsInfoP.do?lsiSeq=243039&efYd=20231211
2025-08-17 11:59:19,609 - INFO - [scripts.law.scraper] - 로딩 마스크가 나타나기를 기다리는 중...
2025-08-17 11:59:19,627 - INFO - [scripts.law.scraper] - 로딩 마스크가 사라지기를 기다리는 중...
2025-08-17 11:59:19,687 - INFO - [scripts.law.scraper] - 페이지 최종 렌더링을 잠시 대기합니다...
2025-08-17 11:59:20,691 - INFO - [scripts.law.scraper] - 페이지 HTML 컨텐츠를 가져오는 중...
2025-08-17 11:59:20,717 - INFO - [scripts.law.scraper] - 데이터 파싱 중...
2025-08-17 11:59:20,794 - INFO - [scripts.law.scraper] - 데이터 1건을 'data/raw/교원의 노동조합 설립 및 운영 등에 관한 법률_document.jsonl' 파일로 성공적으로 저장했습니다.
2025-08-17 11:59:20,795 - INFO - [scripts.law.scraper] - 데이터 18건을 'data/raw/교원의 노동조합 설립 및 운영 등에 관한 법률_chunks.jsonl' 파일로 성공적으로 저장했습니다.
2025-08-17 11:59:20,817 - INFO - [__main__] - 상세 페이지 스크레이퍼 완료: 교원의 노동조합 설립 및 운영 등에 관한 법률
2025-08-17 11:59:22,030 - INFO - [__main__] - 상세 페이지 스크레이퍼 실행: https://www.law.go.kr/LSW/lsInfoP.do?lsiSeq=256439&efYd=20231211
2025-08-17 11:59:22,383 - INFO - [scripts.law.scraper] - 페이지로 이동 중: https://www.law.go.kr/LSW/lsInfoP.do?lsiSeq=256439&efYd=20231211
2025-08-17 11:59:23,003 - INFO - [scripts.law.scraper] - 로딩 마스크가 나타나기를 기다리는 중...
2025-08-17 11:59:33,013 - WARNING - [scripts.law.scraper] - 로딩 마스크가 감지되지 않았습니다. 페이지 로드가 완료된 것으로 간주하고 계속 진행합니다.
2025-08-17 11:59:33,015 - INFO - [scripts.law.scraper] - 페이지 최종 렌더링을 잠시 대기합니다...
2025-08-17 11:59:34,021 - INFO - [scripts.law.scraper] - 페이지 HTML 컨텐츠를 가져오는 중...
2025-08-17 11:59:34,049 - INFO - [scripts.law.scraper] - 데이터 파싱 중...
2025-08-17 11:59:34,125 - INFO - [scripts.law.scraper] - 데이터 1건을 'data/raw/교원의 노동조합 설립 및 운영 등에 관한 법률 시행령_document.jsonl' 파일로 성공적으로 저장했습니다.
2025-08-17 11:59:34,126 - INFO - [scripts.law.scraper] - 데이터 18건을 'data/raw/교원의 노동조합 설립 및 운영 등에 관한 법률 시행령_chunks.jsonl' 파일로 성공적으로 저장했습니다.
2025-08-17 11:59:34,154 - INFO - [__main__] - 상세 페이지 스크레이퍼 완료: 교원의 노동조합 설립 및 운영 등에 관한 법률 시행령
2025-08-17 11:59:35,420 - INFO - [__main__] - 상세 페이지 스크레이퍼 실행: https://www.law.go.kr/LSW/lsInfoP.do?lsiSeq=233793&efYd=20210706
2025-08-17 11:59:35,815 - INFO - [scripts.law.scraper] - 페이지로 이동 중: https://www.law.go.kr/LSW/lsInfoP.do?lsiSeq=233793&efYd=20210706
2025-08-17 11:59:36,468 - INFO - [scripts.law.scraper] - 로딩 마스크가 나타나기를 기다리는 중...
2025-08-17 11:59:36,490 - INFO - [scripts.law.scraper] - 로딩 마스크가 사라지기를 기다리는 중...
2025-08-17 11:59:36,536 - INFO - [scripts.law.scraper] - 페이지 최종 렌더링을 잠시 대기합니다...
2025-08-17 11:59:37,540 - INFO - [scripts.law.scraper] - 페이지 HTML 컨텐츠를 가져오는 중...
2025-08-17 11:59:37,563 - INFO - [scripts.law.scraper] - 데이터 파싱 중...
2025-08-17 11:59:37,609 - INFO - [scripts.law.scraper] - 데이터 1건을 'data/raw/교원의 노동조합 설립 및 운영 등에 관한 법률 시행규칙_document.jsonl' 파일로 성공적으로 저장했습니다.
2025-08-17 11:59:37,609 - INFO - [scripts.law.scraper] - 데이터 3건을 'data/raw/교원의 노동조합 설립 및 운영 등에 관한 법률 시행규칙_chunks.jsonl' 파일로 성공적으로 저장했습니다.
2025-08-17 11:59:37,634 - INFO - [__main__] - 상세 페이지 스크레이퍼 완료: 교원의 노동조합 설립 및 운영 등에 관한 법률 시행규칙
2025-08-17 11:59:38,853 - INFO - [__main__] - 상세 페이지 스크레이퍼 실행: https://www.law.go.kr/LSW/lsInfoP.do?lsiSeq=253641&efYd=20240209
2025-08-17 11:59:39,213 - INFO - [scripts.law.scraper] - 페이지로 이동 중: https://www.law.go.kr/LSW/lsInfoP.do?lsiSeq=253641&efYd=20240209
2025-08-17 11:59:39,830 - INFO - [scripts.law.scraper] - 로딩 마스크가 나타나기를 기다리는 중...
2025-08-17 11:59:39,849 - INFO - [scripts.law.scraper] - 로딩 마스크가 사라지기를 기다리는 중...
2025-08-17 11:59:40,041 - INFO - [scripts.law.scraper] - 페이지 최종 렌더링을 잠시 대기합니다...
2025-08-17 11:59:41,049 - INFO - [scripts.law.scraper] - 페이지 HTML 컨텐츠를 가져오는 중...
2025-08-17 11:59:41,081 - INFO - [scripts.law.scraper] - 데이터 파싱 중...
2025-08-17 11:59:41,181 - INFO - [scripts.law.scraper] - 데이터 1건을 'data/raw/구직자 취업촉진 및 생활안정지원에 관한 법률_document.jsonl' 파일로 성공적으로 저장했습니다.
2025-08-17 11:59:41,182 - INFO - [scripts.law.scraper] - 데이터 40건을 'data/raw/구직자 취업촉진 및 생활안정지원에 관한 법률_chunks.jsonl' 파일로 성공적으로 저장했습니다.
2025-08-17 11:59:41,208 - INFO - [__main__] - 상세 페이지 스크레이퍼 완료: 구직자 취업촉진 및 생활안정지원에 관한 법률
2025-08-17 11:59:42,436 - INFO - [__main__] - 상세 페이지 스크레이퍼 실행: https://www.law.go.kr/LSW/lsInfoP.do?lsiSeq=260081&efYd=20240209
2025-08-17 11:59:42,786 - INFO - [scripts.law.scraper] - 페이지로 이동 중: https://www.law.go.kr/LSW/lsInfoP.do?lsiSeq=260081&efYd=20240209
2025-08-17 11:59:43,434 - INFO - [scripts.law.scraper] - 로딩 마스크가 나타나기를 기다리는 중...
2025-08-17 11:59:43,453 - INFO - [scripts.law.scraper] - 로딩 마스크가 사라지기를 기다리는 중...
2025-08-17 11:59:43,522 - INFO - [scripts.law.scraper] - 페이지 최종 렌더링을 잠시 대기합니다...
2025-08-17 11:59:44,525 - INFO - [scripts.law.scraper] - 페이지 HTML 컨텐츠를 가져오는 중...
2025-08-17 11:59:44,553 - INFO - [scripts.law.scraper] - 데이터 파싱 중...
2025-08-17 11:59:44,639 - INFO - [scripts.law.scraper] - 데이터 1건을 'data/raw/구직자 취업촉진 및 생활안정지원에 관한 법률 시행령_document.jsonl' 파일로 성공적으로 저장했습니다.
2025-08-17 11:59:44,640 - INFO - [scripts.law.scraper] - 데이터 18건을 'data/raw/구직자 취업촉진 및 생활안정지원에 관한 법률 시행령_chunks.jsonl' 파일로 성공적으로 저장했습니다.
2025-08-17 11:59:44,661 - INFO - [__main__] - 상세 페이지 스크레이퍼 완료: 구직자 취업촉진 및 생활안정지원에 관한 법률 시행령
2025-08-17 11:59:45,878 - INFO - [__main__] - 상세 페이지 스크레이퍼 실행: https://www.law.go.kr/LSW/lsInfoP.do?lsiSeq=260439&efYd=20240213
2025-08-17 11:59:46,222 - INFO - [scripts.law.scraper] - 페이지로 이동 중: https://www.law.go.kr/LSW/lsInfoP.do?lsiSeq=260439&efYd=20240213
2025-08-17 11:59:46,796 - INFO - [scripts.law.scraper] - 로딩 마스크가 나타나기를 기다리는 중...
2025-08-17 11:59:46,817 - INFO - [scripts.law.scraper] - 로딩 마스크가 사라지기를 기다리는 중...
2025-08-17 11:59:46,908 - INFO - [scripts.law.scraper] - 페이지 최종 렌더링을 잠시 대기합니다...
2025-08-17 11:59:47,912 - INFO - [scripts.law.scraper] - 페이지 HTML 컨텐츠를 가져오는 중...
2025-08-17 11:59:47,944 - INFO - [scripts.law.scraper] - 데이터 파싱 중...
2025-08-17 11:59:48,038 - INFO - [scripts.law.scraper] - 데이터 1건을 'data/raw/구직자 취업촉진 및 생활안정지원에 관한 법률 시행규칙_document.jsonl' 파일로 성공적으로 저장했습니다.
2025-08-17 11:59:48,039 - INFO - [scripts.law.scraper] - 데이터 20건을 'data/raw/구직자 취업촉진 및 생활안정지원에 관한 법률 시행규칙_chunks.jsonl' 파일로 성공적으로 저장했습니다.
2025-08-17 11:59:48,060 - INFO - [__main__] - 상세 페이지 스크레이퍼 완료: 구직자 취업촉진 및 생활안정지원에 관한 법률 시행규칙
2025-08-17 11:59:49,284 - INFO - [__main__] - 상세 페이지 스크레이퍼 실행: https://www.law.go.kr/LSW/lsInfoP.do?lsiSeq=243041&efYd=20220610
2025-08-17 11:59:49,633 - INFO - [scripts.law.scraper] - 페이지로 이동 중: https://www.law.go.kr/LSW/lsInfoP.do?lsiSeq=243041&efYd=20220610
2025-08-17 11:59:50,296 - INFO - [scripts.law.scraper] - 로딩 마스크가 나타나기를 기다리는 중...
2025-08-17 11:59:50,316 - INFO - [scripts.law.scraper] - 로딩 마스크가 사라지기를 기다리는 중...
2025-08-17 11:59:50,422 - INFO - [scripts.law.scraper] - 페이지 최종 렌더링을 잠시 대기합니다...
2025-08-17 11:59:51,424 - INFO - [scripts.law.scraper] - 페이지 HTML 컨텐츠를 가져오는 중...
2025-08-17 11:59:51,450 - INFO - [scripts.law.scraper] - 데이터 파싱 중...
2025-08-17 11:59:51,555 - INFO - [scripts.law.scraper] - 데이터 1건을 'data/raw/국가기술자격법_document.jsonl' 파일로 성공적으로 저장했습니다.
2025-08-17 11:59:51,557 - INFO - [scripts.law.scraper] - 데이터 42건을 'data/raw/국가기술자격법_chunks.jsonl' 파일로 성공적으로 저장했습니다.
2025-08-17 11:59:51,589 - INFO - [__main__] - 상세 페이지 스크레이퍼 완료: 국가기술자격법
2025-08-17 11:59:52,819 - INFO - [__main__] - 상세 페이지 스크레이퍼 실행: https://www.law.go.kr/LSW/lsInfoP.do?lsiSeq=263305&efYd=20240627
2025-08-17 11:59:53,187 - INFO - [scripts.law.scraper] - 페이지로 이동 중: https://www.law.go.kr/LSW/lsInfoP.do?lsiSeq=263305&efYd=20240627
2025-08-17 11:59:53,897 - INFO - [scripts.law.scraper] - 로딩 마스크가 나타나기를 기다리는 중...
2025-08-17 11:59:53,927 - INFO - [scripts.law.scraper] - 로딩 마스크가 사라지기를 기다리는 중...
2025-08-17 11:59:54,722 - INFO - [scripts.law.scraper] - 페이지 최종 렌더링을 잠시 대기합니다...
2025-08-17 11:59:55,725 - INFO - [scripts.law.scraper] - 페이지 HTML 컨텐츠를 가져오는 중...
2025-08-17 11:59:55,761 - INFO - [scripts.law.scraper] - 데이터 파싱 중...
2025-08-17 11:59:55,911 - INFO - [scripts.law.scraper] - 데이터 1건을 'data/raw/국가기술자격법 시행령_document.jsonl' 파일로 성공적으로 저장했습니다.
2025-08-17 11:59:55,912 - INFO - [scripts.law.scraper] - 데이터 46건을 'data/raw/국가기술자격법 시행령_chunks.jsonl' 파일로 성공적으로 저장했습니다.
2025-08-17 11:59:55,941 - INFO - [__main__] - 상세 페이지 스크레이퍼 완료: 국가기술자격법 시행령
2025-08-17 11:59:57,158 - INFO - [__main__] - 상세 페이지 스크레이퍼 실행: https://www.law.go.kr/LSW/lsInfoP.do?lsiSeq=269697&efYd=20260101
2025-08-17 11:59:57,585 - INFO - [scripts.law.scraper] - 페이지로 이동 중: https://www.law.go.kr/LSW/lsInfoP.do?lsiSeq=269697&efYd=20260101
2025-08-17 11:59:58,183 - INFO - [scripts.law.scraper] - 로딩 마스크가 나타나기를 기다리는 중...
2025-08-17 11:59:58,201 - INFO - [scripts.law.scraper] - 로딩 마스크가 사라지기를 기다리는 중...
2025-08-17 11:59:58,547 - INFO - [scripts.law.scraper] - 페이지 최종 렌더링을 잠시 대기합니다...
2025-08-17 11:59:59,551 - INFO - [scripts.law.scraper] - 페이지 HTML 컨텐츠를 가져오는 중...
2025-08-17 11:59:59,572 - INFO - [scripts.law.scraper] - 데이터 파싱 중...
2025-08-17 11:59:59,696 - INFO - [scripts.law.scraper] - 데이터 1건을 'data/raw/국가기술자격법 시행령_document.jsonl' 파일로 성공적으로 저장했습니다.
2025-08-17 11:59:59,698 - INFO - [scripts.law.scraper] - 데이터 46건을 'data/raw/국가기술자격법 시행령_chunks.jsonl' 파일로 성공적으로 저장했습니다.
2025-08-17 11:59:59,729 - INFO - [__main__] - 상세 페이지 스크레이퍼 완료: 국가기술자격법 시행령
2025-08-17 12:00:00,959 - INFO - [__main__] - 상세 페이지 스크레이퍼 실행: https://www.law.go.kr/LSW/lsInfoP.do?lsiSeq=265027&efYd=20260101
2025-08-17 12:00:01,409 - INFO - [scripts.law.scraper] - 페이지로 이동 중: https://www.law.go.kr/LSW/lsInfoP.do?lsiSeq=265027&efYd=20260101
2025-08-17 12:00:02,076 - INFO - [scripts.law.scraper] - 로딩 마스크가 나타나기를 기다리는 중...
2025-08-17 12:00:02,098 - INFO - [scripts.law.scraper] - 로딩 마스크가 사라지기를 기다리는 중...
2025-08-17 12:00:02,388 - INFO - [scripts.law.scraper] - 페이지 최종 렌더링을 잠시 대기합니다...
2025-08-17 12:00:03,394 - INFO - [scripts.law.scraper] - 페이지 HTML 컨텐츠를 가져오는 중...
2025-08-17 12:00:03,422 - INFO - [scripts.law.scraper] - 데이터 파싱 중...
2025-08-17 12:00:03,544 - INFO - [scripts.law.scraper] - 데이터 1건을 'data/raw/국가기술자격법 시행령_document.jsonl' 파일로 성공적으로 저장했습니다.
2025-08-17 12:00:03,544 - INFO - [scripts.law.scraper] - 데이터 46건을 'data/raw/국가기술자격법 시행령_chunks.jsonl' 파일로 성공적으로 저장했습니다.
2025-08-17 12:00:03,568 - INFO - [__main__] - 상세 페이지 스크레이퍼 완료: 국가기술자격법 시행령
2025-08-17 12:00:04,868 - INFO - [__main__] - 상세 페이지 스크레이퍼 실행: https://www.law.go.kr/LSW/lsInfoP.do?lsiSeq=266183&efYd=20250101
2025-08-17 12:00:05,252 - INFO - [scripts.law.scraper] - 페이지로 이동 중: https://www.law.go.kr/LSW/lsInfoP.do?lsiSeq=266183&efYd=20250101
2025-08-17 12:00:06,018 - INFO - [scripts.law.scraper] - 로딩 마스크가 나타나기를 기다리는 중...
2025-08-17 12:00:06,071 - INFO - [scripts.law.scraper] - 로딩 마스크가 사라지기를 기다리는 중...
2025-08-17 12:00:06,414 - INFO - [scripts.law.scraper] - 페이지 최종 렌더링을 잠시 대기합니다...
2025-08-17 12:00:07,418 - INFO - [scripts.law.scraper] - 페이지 HTML 컨텐츠를 가져오는 중...
2025-08-17 12:00:07,456 - INFO - [scripts.law.scraper] - 데이터 파싱 중...
2025-08-17 12:00:07,755 - INFO - [scripts.law.scraper] - 데이터 1건을 'data/raw/국가기술자격법 시행규칙_document.jsonl' 파일로 성공적으로 저장했습니다.
2025-08-17 12:00:07,756 - INFO - [scripts.law.scraper] - 데이터 62건을 'data/raw/국가기술자격법 시행규칙_chunks.jsonl' 파일로 성공적으로 저장했습니다.
2025-08-17 12:00:07,787 - INFO - [__main__] - 상세 페이지 스크레이퍼 완료: 국가기술자격법 시행규칙
2025-08-17 12:00:09,020 - INFO - [__main__] - 상세 페이지 스크레이퍼 실행: https://www.law.go.kr/LSW/lsInfoP.do?lsiSeq=266183&efYd=20260101
2025-08-17 12:00:09,511 - INFO - [scripts.law.scraper] - 페이지로 이동 중: https://www.law.go.kr/LSW/lsInfoP.do?lsiSeq=266183&efYd=20260101
2025-08-17 12:00:10,221 - INFO - [scripts.law.scraper] - 로딩 마스크가 나타나기를 기다리는 중...
2025-08-17 12:00:10,250 - INFO - [scripts.law.scraper] - 로딩 마스크가 사라지기를 기다리는 중...
2025-08-17 12:00:11,158 - INFO - [scripts.law.scraper] - 페이지 최종 렌더링을 잠시 대기합니다...
2025-08-17 12:00:12,161 - INFO - [scripts.law.scraper] - 페이지 HTML 컨텐츠를 가져오는 중...
2025-08-17 12:00:12,209 - INFO - [scripts.law.scraper] - 데이터 파싱 중...
2025-08-17 12:00:12,452 - INFO - [scripts.law.scraper] - 데이터 1건을 'data/raw/국가기술자격법 시행규칙_document.jsonl' 파일로 성공적으로 저장했습니다.
2025-08-17 12:00:12,452 - INFO - [scripts.law.scraper] - 데이터 62건을 'data/raw/국가기술자격법 시행규칙_chunks.jsonl' 파일로 성공적으로 저장했습니다.
2025-08-17 12:00:12,484 - INFO - [__main__] - 상세 페이지 스크레이퍼 완료: 국가기술자격법 시행규칙
2025-08-17 12:00:13,726 - INFO - [__main__] - 상세 페이지 스크레이퍼 실행: https://www.law.go.kr/LSW/lsInfoP.do?lsiSeq=256115&efYd=20260101
2025-08-17 12:00:14,192 - INFO - [scripts.law.scraper] - 페이지로 이동 중: https://www.law.go.kr/LSW/lsInfoP.do?lsiSeq=256115&efYd=20260101
2025-08-17 12:00:14,994 - INFO - [scripts.law.scraper] - 로딩 마스크가 나타나기를 기다리는 중...
2025-08-17 12:00:15,038 - INFO - [scripts.law.scraper] - 로딩 마스크가 사라지기를 기다리는 중...
2025-08-17 12:00:15,248 - INFO - [scripts.law.scraper] - 페이지 최종 렌더링을 잠시 대기합니다...
2025-08-17 12:00:16,252 - INFO - [scripts.law.scraper] - 페이지 HTML 컨텐츠를 가져오는 중...
2025-08-17 12:00:16,307 - INFO - [scripts.law.scraper] - 데이터 파싱 중...
2025-08-17 12:00:16,568 - INFO - [scripts.law.scraper] - 데이터 1건을 'data/raw/국가기술자격법 시행규칙_document.jsonl' 파일로 성공적으로 저장했습니다.
2025-08-17 12:00:16,569 - INFO - [scripts.law.scraper] - 데이터 62건을 'data/raw/국가기술자격법 시행규칙_chunks.jsonl' 파일로 성공적으로 저장했습니다.
2025-08-17 12:00:16,618 - INFO - [__main__] - 상세 페이지 스크레이퍼 완료: 국가기술자격법 시행규칙
2025-08-17 12:00:17,839 - INFO - [__main__] - 상세 페이지 스크레이퍼 실행: https://www.law.go.kr/LSW/lsInfoP.do?lsiSeq=247245&efYd=20230704
2025-08-17 12:00:18,309 - INFO - [scripts.law.scraper] - 페이지로 이동 중: https://www.law.go.kr/LSW/lsInfoP.do?lsiSeq=247245&efYd=20230704
2025-08-17 12:00:18,947 - INFO - [scripts.law.scraper] - 로딩 마스크가 나타나기를 기다리는 중...
2025-08-17 12:00:18,972 - INFO - [scripts.law.scraper] - 로딩 마스크가 사라지기를 기다리는 중...
2025-08-17 12:00:19,393 - INFO - [scripts.law.scraper] - 페이지 최종 렌더링을 잠시 대기합니다...
2025-08-17 12:00:20,396 - INFO - [scripts.law.scraper] - 페이지 HTML 컨텐츠를 가져오는 중...
2025-08-17 12:00:20,425 - INFO - [scripts.law.scraper] - 데이터 파싱 중...
2025-08-17 12:00:20,664 - INFO - [scripts.law.scraper] - 데이터 1건을 'data/raw/국민 평생 직업능력 개발법_document.jsonl' 파일로 성공적으로 저장했습니다.
2025-08-17 12:00:20,665 - INFO - [scripts.law.scraper] - 데이터 86건을 'data/raw/국민 평생 직업능력 개발법_chunks.jsonl' 파일로 성공적으로 저장했습니다.
2025-08-17 12:00:20,694 - INFO - [__main__] - 상세 페이지 스크레이퍼 완료: 국민 평생 직업능력 개발법
2025-08-17 12:00:21,977 - INFO - [__main__] - 상세 페이지 스크레이퍼 실행: https://www.law.go.kr/LSW/lsInfoP.do?lsiSeq=271475&efYd=20250602
2025-08-17 12:00:22,383 - INFO - [scripts.law.scraper] - 페이지로 이동 중: https://www.law.go.kr/LSW/lsInfoP.do?lsiSeq=271475&efYd=20250602
2025-08-17 12:00:23,138 - INFO - [scripts.law.scraper] - 로딩 마스크가 나타나기를 기다리는 중...
2025-08-17 12:00:23,167 - INFO - [scripts.law.scraper] - 로딩 마스크가 사라지기를 기다리는 중...
2025-08-17 12:00:23,494 - INFO - [scripts.law.scraper] - 페이지 최종 렌더링을 잠시 대기합니다...
2025-08-17 12:00:24,500 - INFO - [scripts.law.scraper] - 페이지 HTML 컨텐츠를 가져오는 중...
2025-08-17 12:00:24,549 - INFO - [scripts.law.scraper] - 데이터 파싱 중...
2025-08-17 12:00:24,821 - INFO - [scripts.law.scraper] - 데이터 1건을 'data/raw/국민 평생 직업능력 개발법 시행령_document.jsonl' 파일로 성공적으로 저장했습니다.
2025-08-17 12:00:24,822 - INFO - [scripts.law.scraper] - 데이터 75건을 'data/raw/국민 평생 직업능력 개발법 시행령_chunks.jsonl' 파일로 성공적으로 저장했습니다.
2025-08-17 12:00:24,854 - INFO - [__main__] - 상세 페이지 스크레이퍼 완료: 국민 평생 직업능력 개발법 시행령
2025-08-17 12:00:26,092 - INFO - [__main__] - 상세 페이지 스크레이퍼 실행: https://www.law.go.kr/LSW/lsInfoP.do?lsiSeq=271525&efYd=20250602
2025-08-17 12:00:26,454 - INFO - [scripts.law.scraper] - 페이지로 이동 중: https://www.law.go.kr/LSW/lsInfoP.do?lsiSeq=271525&efYd=20250602
2025-08-17 12:00:27,029 - INFO - [scripts.law.scraper] - 로딩 마스크가 나타나기를 기다리는 중...
2025-08-17 12:00:27,052 - INFO - [scripts.law.scraper] - 로딩 마스크가 사라지기를 기다리는 중...
2025-08-17 12:00:27,423 - INFO - [scripts.law.scraper] - 페이지 최종 렌더링을 잠시 대기합니다...
2025-08-17 12:00:28,426 - INFO - [scripts.law.scraper] - 페이지 HTML 컨텐츠를 가져오는 중...
2025-08-17 12:00:28,457 - INFO - [scripts.law.scraper] - 데이터 파싱 중...
2025-08-17 12:00:28,628 - INFO - [scripts.law.scraper] - 데이터 1건을 'data/raw/국민 평생 직업능력 개발법 시행규칙_document.jsonl' 파일로 성공적으로 저장했습니다.
2025-08-17 12:00:28,629 - INFO - [scripts.law.scraper] - 데이터 45건을 'data/raw/국민 평생 직업능력 개발법 시행규칙_chunks.jsonl' 파일로 성공적으로 저장했습니다.
2025-08-17 12:00:28,666 - INFO - [__main__] - 상세 페이지 스크레이퍼 완료: 국민 평생 직업능력 개발법 시행규칙
2025-08-17 12:00:29,880 - INFO - [__main__] - 상세 페이지 스크레이퍼 실행: https://www.law.go.kr/LSW/lsInfoP.do?lsiSeq=271525&efYd=20250903
2025-08-17 12:00:30,250 - INFO - [scripts.law.scraper] - 페이지로 이동 중: https://www.law.go.kr/LSW/lsInfoP.do?lsiSeq=271525&efYd=20250903
2025-08-17 12:00:30,876 - INFO - [scripts.law.scraper] - 로딩 마스크가 나타나기를 기다리는 중...
2025-08-17 12:00:30,896 - INFO - [scripts.law.scraper] - 로딩 마스크가 사라지기를 기다리는 중...
2025-08-17 12:00:31,691 - INFO - [scripts.law.scraper] - 페이지 최종 렌더링을 잠시 대기합니다...
2025-08-17 12:00:32,696 - INFO - [scripts.law.scraper] - 페이지 HTML 컨텐츠를 가져오는 중...
2025-08-17 12:00:32,755 - INFO - [scripts.law.scraper] - 데이터 파싱 중...
2025-08-17 12:00:33,073 - INFO - [scripts.law.scraper] - 데이터 1건을 'data/raw/국민 평생 직업능력 개발법 시행규칙_document.jsonl' 파일로 성공적으로 저장했습니다.
2025-08-17 12:00:33,074 - INFO - [scripts.law.scraper] - 데이터 45건을 'data/raw/국민 평생 직업능력 개발법 시행규칙_chunks.jsonl' 파일로 성공적으로 저장했습니다.
2025-08-17 12:00:33,103 - INFO - [__main__] - 상세 페이지 스크레이퍼 완료: 국민 평생 직업능력 개발법 시행규칙
2025-08-17 12:00:34,353 - INFO - [__main__] - 상세 페이지 스크레이퍼 실행: https://www.law.go.kr/LSW/lsInfoP.do?lsiSeq=108467&efYd=20101027
2025-08-17 12:00:34,723 - INFO - [scripts.law.scraper] - 페이지로 이동 중: https://www.law.go.kr/LSW/lsInfoP.do?lsiSeq=108467&efYd=20101027
2025-08-17 12:00:35,289 - INFO - [scripts.law.scraper] - 로딩 마스크가 나타나기를 기다리는 중...
2025-08-17 12:00:35,308 - INFO - [scripts.law.scraper] - 로딩 마스크가 사라지기를 기다리는 중...
2025-08-17 12:00:35,340 - INFO - [scripts.law.scraper] - 페이지 최종 렌더링을 잠시 대기합니다...
2025-08-17 12:00:36,342 - INFO - [scripts.law.scraper] - 페이지 HTML 컨텐츠를 가져오는 중...
2025-08-17 12:00:36,361 - INFO - [scripts.law.scraper] - 데이터 파싱 중...
2025-08-17 12:00:36,396 - INFO - [scripts.law.scraper] - 데이터 1건을 'data/raw/근로감독관규정_document.jsonl' 파일로 성공적으로 저장했습니다.
2025-08-17 12:00:36,397 - INFO - [scripts.law.scraper] - 데이터 7건을 'data/raw/근로감독관규정_chunks.jsonl' 파일로 성공적으로 저장했습니다.
2025-08-17 12:00:36,419 - INFO - [__main__] - 상세 페이지 스크레이퍼 완료: 근로감독관규정
