2025-08-17 16:01:59,629 - INFO - [__main__] - 총 381개의 URL을 './bin/../data/raw/1352000/urls.jsonl' 파일에 저장했습니다.
2025-08-17 16:01:59,848 - INFO - [__main__] - 상세 페이지 스크레이퍼 실행: https://www.law.go.kr/LSW/lsInfoP.do?lsiSeq=270215&efYd=20260326
2025-08-17 16:02:13,266 - INFO - [__main__] - 상세 페이지 스크레이퍼 완료: 가족돌봄 등 위기아동ㆍ청년 지원에 관한 법률
2025-08-17 16:02:14,528 - INFO - [__main__] - 상세 페이지 스크레이퍼 실행: https://www.law.go.kr/LSW/lsInfoP.do?lsiSeq=270215&efYd=20270326
2025-08-17 16:02:19,041 - INFO - [__main__] - 상세 페이지 스크레이퍼 완료: 가족돌봄 등 위기아동ㆍ청년 지원에 관한 법률
2025-08-17 16:02:20,255 - INFO - [__main__] - 상세 페이지 스크레이퍼 실행: https://www.law.go.kr/LSW/lsInfoP.do?lsiSeq=265413&efYd=20250621
2025-08-17 16:02:23,425 - INFO - [__main__] - 상세 페이지 스크레이퍼 완료: 간호법
2025-08-17 16:02:24,646 - INFO - [__main__] - 상세 페이지 스크레이퍼 실행: https://www.law.go.kr/LSW/lsInfoP.do?lsiSeq=272437&efYd=20250621
2025-08-17 16:02:27,780 - INFO - [__main__] - 상세 페이지 스크레이퍼 완료: 간호법 시행령
2025-08-17 16:02:29,001 - INFO - [__main__] - 상세 페이지 스크레이퍼 실행: https://www.law.go.kr/LSW/lsInfoP.do?lsiSeq=272543&efYd=20250621
2025-08-17 16:02:33,040 - INFO - [__main__] - 상세 페이지 스크레이퍼 완료: 간호법 시행규칙
2025-08-17 16:02:34,292 - INFO - [__main__] - 상세 페이지 스크레이퍼 실행: https://www.law.go.kr/LSW/lsInfoP.do?lsiSeq=259527&efYd=20250731
2025-08-17 16:02:39,083 - INFO - [__main__] - 상세 페이지 스크레이퍼 완료: 감염병의 예방 및 관리에 관한 법률
2025-08-17 16:02:40,315 - INFO - [__main__] - 상세 페이지 스크레이퍼 실행: https://www.law.go.kr/LSW/lsInfoP.do?lsiSeq=270385&efYd=20251002
2025-08-17 16:02:44,326 - INFO - [__main__] - 상세 페이지 스크레이퍼 완료: 감염병의 예방 및 관리에 관한 법률
2025-08-17 16:02:45,551 - INFO - [__main__] - 상세 페이지 스크레이퍼 실행: https://www.law.go.kr/LSW/lsInfoP.do?lsiSeq=271469&efYd=20250731
2025-08-17 16:02:50,273 - INFO - [__main__] - 상세 페이지 스크레이퍼 완료: 감염병의 예방 및 관리에 관한 법률 시행령
2025-08-17 16:02:51,500 - INFO - [__main__] - 상세 페이지 스크레이퍼 실행: https://www.law.go.kr/LSW/lsInfoP.do?lsiSeq=271529&efYd=20250731
2025-08-17 16:02:55,915 - INFO - [__main__] - 상세 페이지 스크레이퍼 완료: 감염병의 예방 및 관리에 관한 법률 시행규칙
2025-08-17 16:02:57,142 - INFO - [__main__] - 상세 페이지 스크레이퍼 실행: https://www.law.go.kr/LSW/lsInfoP.do?lsiSeq=220873&efYd=20200912
2025-08-17 16:03:01,547 - INFO - [__main__] - 상세 페이지 스크레이퍼 완료: 건강검진기본법
2025-08-17 16:03:02,770 - INFO - [__main__] - 상세 페이지 스크레이퍼 실행: https://www.law.go.kr/LSW/lsInfoP.do?lsiSeq=246241&efYd=20221220
2025-08-17 16:03:05,818 - INFO - [__main__] - 상세 페이지 스크레이퍼 완료: 건강검진기본법 시행령
2025-08-17 16:03:07,036 - INFO - [__main__] - 상세 페이지 스크레이퍼 실행: https://www.law.go.kr/LSW/lsInfoP.do?lsiSeq=269825&efYd=20250311
2025-08-17 16:03:11,431 - INFO - [__main__] - 상세 페이지 스크레이퍼 완료: 건강검진기본법 시행규칙
2025-08-17 16:03:12,654 - INFO - [__main__] - 상세 페이지 스크레이퍼 실행: https://www.law.go.kr/LSW/lsInfoP.do?lsiSeq=266289&efYd=20241107
2025-08-17 16:03:15,488 - INFO - [__main__] - 상세 페이지 스크레이퍼 완료: 경제자유구역 내 외국의료기관의 개설허가절차 등에 관한 규칙
2025-08-17 16:03:16,706 - INFO - [__main__] - 상세 페이지 스크레이퍼 실행: https://www.law.go.kr/LSW/lsInfoP.do?lsiSeq=254853&efYd=20240315
2025-08-17 16:03:19,856 - INFO - [__main__] - 상세 페이지 스크레이퍼 완료: 고독사 예방 및 관리에 관한 법률
2025-08-17 16:03:21,077 - INFO - [__main__] - 상세 페이지 스크레이퍼 실행: https://www.law.go.kr/LSW/lsInfoP.do?lsiSeq=261047&efYd=20240315
2025-08-17 16:03:23,850 - INFO - [__main__] - 상세 페이지 스크레이퍼 완료: 고독사 예방 및 관리에 관한 법률 시행령
2025-08-17 16:03:25,066 - INFO - [__main__] - 상세 페이지 스크레이퍼 실행: https://www.law.go.kr/LSW/lsInfoP.do?lsiSeq=261481&efYd=20240325
2025-08-17 16:03:28,133 - INFO - [__main__] - 상세 페이지 스크레이퍼 완료: 고독사 예방 및 관리에 관한 법률 시행규칙
2025-08-17 16:03:29,354 - INFO - [__main__] - 상세 페이지 스크레이퍼 실행: https://www.law.go.kr/LSW/lsInfoP.do?lsiSeq=234671&efYd=20220218
2025-08-17 16:03:32,785 - INFO - [__main__] - 상세 페이지 스크레이퍼 완료: 고령친화산업 진흥법
2025-08-17 16:03:34,002 - INFO - [__main__] - 상세 페이지 스크레이퍼 실행: https://www.law.go.kr/LSW/lsInfoP.do?lsiSeq=262725&efYd=20240822
2025-08-17 16:03:36,964 - INFO - [__main__] - 상세 페이지 스크레이퍼 완료: 고령친화산업 진흥법 시행령
2025-08-17 16:03:38,194 - INFO - [__main__] - 상세 페이지 스크레이퍼 실행: https://www.law.go.kr/LSW/lsInfoP.do?lsiSeq=242991&efYd=20230611
2025-08-17 16:03:41,624 - INFO - [__main__] - 상세 페이지 스크레이퍼 완료: 공공보건의료에 관한 법률
2025-08-17 16:03:42,841 - INFO - [__main__] - 상세 페이지 스크레이퍼 실행: https://www.law.go.kr/LSW/lsInfoP.do?lsiSeq=249735&efYd=20230605
2025-08-17 16:03:45,902 - INFO - [__main__] - 상세 페이지 스크레이퍼 완료: 공공보건의료에 관한 법률 시행령
2025-08-17 16:03:47,123 - INFO - [__main__] - 상세 페이지 스크레이퍼 실행: https://www.law.go.kr/LSW/lsInfoP.do?lsiSeq=240827&efYd=20220218
2025-08-17 16:03:50,224 - INFO - [__main__] - 상세 페이지 스크레이퍼 완료: 공공보건의료에 관한 법률 시행규칙
2025-08-17 16:03:51,442 - INFO - [__main__] - 상세 페이지 스크레이퍼 실행: https://www.law.go.kr/LSW/lsInfoP.do?lsiSeq=259905&efYd=20250807
2025-08-17 16:03:54,657 - INFO - [__main__] - 상세 페이지 스크레이퍼 완료: 공중보건장학을 위한 특례법
2025-08-17 16:03:55,878 - INFO - [__main__] - 상세 페이지 스크레이퍼 실행: https://www.law.go.kr/LSW/lsInfoP.do?lsiSeq=256029&efYd=20231116
2025-08-17 16:03:58,805 - INFO - [__main__] - 상세 페이지 스크레이퍼 완료: 공중보건장학을 위한 특례법 시행령
2025-08-17 16:04:00,022 - INFO - [__main__] - 상세 페이지 스크레이퍼 실행: https://www.law.go.kr/LSW/lsInfoP.do?lsiSeq=270605&efYd=20250404
2025-08-17 16:04:02,846 - INFO - [__main__] - 상세 페이지 스크레이퍼 완료: 공중보건장학을 위한 특례법 시행규칙
2025-08-17 16:04:04,070 - INFO - [__main__] - 상세 페이지 스크레이퍼 실행: https://www.law.go.kr/LSW/lsInfoP.do?lsiSeq=259521&efYd=20250731
2025-08-17 16:04:07,200 - INFO - [__main__] - 상세 페이지 스크레이퍼 완료: 공중위생관리법
2025-08-17 16:04:08,416 - INFO - [__main__] - 상세 페이지 스크레이퍼 실행: https://www.law.go.kr/LSW/lsInfoP.do?lsiSeq=262791&efYd=20240528
2025-08-17 16:04:12,049 - INFO - [__main__] - 상세 페이지 스크레이퍼 완료: 공중위생관리법 시행령
2025-08-17 16:04:13,273 - INFO - [__main__] - 상세 페이지 스크레이퍼 실행: https://www.law.go.kr/LSW/lsInfoP.do?lsiSeq=269589&efYd=20250423
2025-08-17 16:04:17,259 - INFO - [__main__] - 상세 페이지 스크레이퍼 완료: 공중위생관리법 시행규칙
2025-08-17 16:04:18,482 - INFO - [__main__] - 상세 페이지 스크레이퍼 실행: https://www.law.go.kr/LSW/lsInfoP.do?lsiSeq=251785&efYd=20250614
2025-08-17 16:04:21,542 - INFO - [__main__] - 상세 페이지 스크레이퍼 완료: 구강보건법
2025-08-17 16:04:22,766 - INFO - [__main__] - 상세 페이지 스크레이퍼 실행: https://www.law.go.kr/LSW/lsInfoP.do?lsiSeq=221699&efYd=20200912
2025-08-17 16:04:25,507 - INFO - [__main__] - 상세 페이지 스크레이퍼 완료: 구강보건법 시행령
2025-08-17 16:04:26,722 - INFO - [__main__] - 상세 페이지 스크레이퍼 실행: https://www.law.go.kr/LSW/lsInfoP.do?lsiSeq=247981&efYd=20230126
2025-08-17 16:04:29,951 - INFO - [__main__] - 상세 페이지 스크레이퍼 완료: 구강보건법 시행규칙
2025-08-17 16:04:31,171 - INFO - [__main__] - 상세 페이지 스크레이퍼 실행: https://www.law.go.kr/LSW/lsInfoP.do?lsiSeq=269865&efYd=20250311
2025-08-17 16:04:34,432 - INFO - [__main__] - 상세 페이지 스크레이퍼 완료: 구급차의 기준 및 응급환자이송업의 시설 등 기준에 관한 규칙
2025-08-17 16:04:35,649 - INFO - [__main__] - 상세 페이지 스크레이퍼 실행: https://www.law.go.kr/LSW/lsInfoP.do?lsiSeq=266205&efYd=20241105
2025-08-17 16:04:38,671 - INFO - [__main__] - 상세 페이지 스크레이퍼 완료: 국가바이오위원회의 설치 및 운영에 관한 규정
2025-08-17 16:04:39,893 - INFO - [__main__] - 상세 페이지 스크레이퍼 실행: https://www.law.go.kr/LSW/lsInfoP.do?lsiSeq=260905&efYd=20250719
2025-08-17 16:04:42,994 - INFO - [__main__] - 상세 페이지 스크레이퍼 완료: 국내입양에 관한 특별법
2025-08-17 16:04:44,211 - INFO - [__main__] - 상세 페이지 스크레이퍼 실행: https://www.law.go.kr/LSW/lsInfoP.do?lsiSeq=270995&efYd=20250719
2025-08-17 16:04:48,123 - INFO - [__main__] - 상세 페이지 스크레이퍼 완료: 국내입양에 관한 특별법 시행령
2025-08-17 16:04:49,346 - INFO - [__main__] - 상세 페이지 스크레이퍼 실행: https://www.law.go.kr/LSW/lsInfoP.do?lsiSeq=271107&efYd=20250719
2025-08-17 16:04:52,363 - INFO - [__main__] - 상세 페이지 스크레이퍼 완료: 국내입양에 관한 특별법 시행규칙
2025-08-17 16:04:53,583 - INFO - [__main__] - 상세 페이지 스크레이퍼 실행: https://www.law.go.kr/LSW/lsInfoP.do?lsiSeq=194077&efYd=20170530
2025-08-17 16:04:56,819 - INFO - [__main__] - 상세 페이지 스크레이퍼 완료: 국립소록도병원 운영규칙
2025-08-17 16:04:58,033 - INFO - [__main__] - 상세 페이지 스크레이퍼 실행: https://www.law.go.kr/LSW/lsInfoP.do?lsiSeq=202640&efYd=20180914
2025-08-17 16:05:00,941 - INFO - [__main__] - 상세 페이지 스크레이퍼 완료: 국립중앙의료원의 설립 및 운영에 관한 법률
2025-08-17 16:05:02,159 - INFO - [__main__] - 상세 페이지 스크레이퍼 실행: https://www.law.go.kr/LSW/lsInfoP.do?lsiSeq=209635&efYd=20190702
2025-08-17 16:05:05,598 - INFO - [__main__] - 상세 페이지 스크레이퍼 완료: 국립중앙의료원의 설립 및 운영에 관한 법률 시행령
2025-08-17 16:05:06,821 - INFO - [__main__] - 상세 페이지 스크레이퍼 실행: https://www.law.go.kr/LSW/lsInfoP.do?lsiSeq=166814&efYd=20150105
2025-08-17 16:05:10,099 - INFO - [__main__] - 상세 페이지 스크레이퍼 완료: 국립중앙의료원의 설립 및 운영에 관한 법률 시행규칙
2025-08-17 16:05:11,318 - INFO - [__main__] - 상세 페이지 스크레이퍼 실행: https://www.law.go.kr/LSW/lsInfoP.do?lsiSeq=265877&efYd=20250423
2025-08-17 16:05:16,148 - INFO - [__main__] - 상세 페이지 스크레이퍼 완료: 국민건강보험법
2025-08-17 16:05:17,417 - INFO - [__main__] - 상세 페이지 스크레이퍼 실행: https://www.law.go.kr/LSW/lsInfoP.do?lsiSeq=272443&efYd=20250621
2025-08-17 16:05:22,751 - INFO - [__main__] - 상세 페이지 스크레이퍼 완료: 국민건강보험법 시행령
2025-08-17 16:05:23,980 - INFO - [__main__] - 상세 페이지 스크레이퍼 실행: https://www.law.go.kr/LSW/lsInfoP.do?lsiSeq=270873&efYd=20250423
2025-08-17 16:05:30,796 - INFO - [__main__] - 상세 페이지 스크레이퍼 완료: 국민건강보험법 시행규칙
2025-08-17 16:05:32,030 - INFO - [__main__] - 상세 페이지 스크레이퍼 실행: https://www.law.go.kr/LSW/lsInfoP.do?lsiSeq=269831&efYd=20250311
2025-08-17 16:05:35,864 - INFO - [__main__] - 상세 페이지 스크레이퍼 완료: 국민건강보험 요양급여의 기준에 관한 규칙
2025-08-17 16:05:37,083 - INFO - [__main__] - 상세 페이지 스크레이퍼 실행: https://www.law.go.kr/LSW/lsInfoP.do?lsiSeq=259523&efYd=20250731
2025-08-17 16:05:41,999 - INFO - [__main__] - 상세 페이지 스크레이퍼 완료: 국민건강증진법
2025-08-17 16:05:43,225 - INFO - [__main__] - 상세 페이지 스크레이퍼 실행: https://www.law.go.kr/LSW/lsInfoP.do?lsiSeq=270387&efYd=20251002
2025-08-17 16:05:47,061 - INFO - [__main__] - 상세 페이지 스크레이퍼 완료: 국민건강증진법
2025-08-17 16:05:48,272 - INFO - [__main__] - 상세 페이지 스크레이퍼 실행: https://www.law.go.kr/LSW/lsInfoP.do?lsiSeq=269929&efYd=20260101
2025-08-17 16:05:52,457 - INFO - [__main__] - 상세 페이지 스크레이퍼 완료: 국민건강증진법
2025-08-17 16:05:53,683 - INFO - [__main__] - 상세 페이지 스크레이퍼 실행: https://www.law.go.kr/LSW/lsInfoP.do?lsiSeq=269929&efYd=20260319
2025-08-17 16:05:57,101 - INFO - [__main__] - 상세 페이지 스크레이퍼 완료: 국민건강증진법
2025-08-17 16:05:58,321 - INFO - [__main__] - 상세 페이지 스크레이퍼 실행: https://www.law.go.kr/LSW/lsInfoP.do?lsiSeq=272445&efYd=20250621
2025-08-17 16:06:02,200 - INFO - [__main__] - 상세 페이지 스크레이퍼 완료: 국민건강증진법 시행령
2025-08-17 16:06:03,427 - INFO - [__main__] - 상세 페이지 스크레이퍼 실행: https://www.law.go.kr/LSW/lsInfoP.do?lsiSeq=263941&efYd=20240710
2025-08-17 16:06:07,303 - INFO - [__main__] - 상세 페이지 스크레이퍼 완료: 국민건강증진법 시행규칙
2025-08-17 16:06:08,521 - INFO - [__main__] - 상세 페이지 스크레이퍼 실행: https://www.law.go.kr/LSW/lsInfoP.do?lsiSeq=265483&efYd=20250321
2025-08-17 16:06:12,469 - INFO - [__main__] - 상세 페이지 스크레이퍼 완료: 국민기초생활 보장법
2025-08-17 16:06:13,697 - INFO - [__main__] - 상세 페이지 스크레이퍼 실행: https://www.law.go.kr/LSW/lsInfoP.do?lsiSeq=256037&efYd=20231116
2025-08-17 16:06:17,766 - INFO - [__main__] - 상세 페이지 스크레이퍼 완료: 국민기초생활 보장법 시행령
2025-08-17 16:06:18,995 - INFO - [__main__] - 상세 페이지 스크레이퍼 실행: https://www.law.go.kr/LSW/lsInfoP.do?lsiSeq=269175&efYd=20250321
2025-08-17 16:06:22,837 - INFO - [__main__] - 상세 페이지 스크레이퍼 완료: 국민기초생활 보장법 시행규칙
2025-08-17 16:06:24,060 - INFO - [__main__] - 상세 페이지 스크레이퍼 실행: https://www.law.go.kr/LSW/lsInfoP.do?lsiSeq=234675&efYd=20220218
2025-08-17 16:06:28,330 - INFO - [__main__] - 상세 페이지 스크레이퍼 완료: 국민연금과 직역연금의 연계에 관한 법률
2025-08-17 16:06:29,548 - INFO - [__main__] - 상세 페이지 스크레이퍼 실행: https://www.law.go.kr/LSW/lsInfoP.do?lsiSeq=240351&efYd=20220218
2025-08-17 16:06:33,039 - INFO - [__main__] - 상세 페이지 스크레이퍼 완료: 국민연금과 직역연금의 연계에 관한 법률 시행령
2025-08-17 16:06:34,262 - INFO - [__main__] - 상세 페이지 스크레이퍼 실행: https://www.law.go.kr/LSW/lsInfoP.do?lsiSeq=240833&efYd=20220218
2025-08-17 16:06:37,553 - INFO - [__main__] - 상세 페이지 스크레이퍼 완료: 국민연금과 직역연금의 연계에 관한 법률 시행규칙
2025-08-17 16:06:38,771 - INFO - [__main__] - 상세 페이지 스크레이퍼 실행: https://www.law.go.kr/LSW/lsInfoP.do?lsiSeq=267373&efYd=20241220
2025-08-17 16:06:43,135 - INFO - [__main__] - 상세 페이지 스크레이퍼 완료: 국민연금법
2025-08-17 16:06:44,365 - INFO - [__main__] - 상세 페이지 스크레이퍼 실행: https://www.law.go.kr/LSW/lsInfoP.do?lsiSeq=270511&efYd=20260101
2025-08-17 16:06:48,569 - INFO - [__main__] - 상세 페이지 스크레이퍼 완료: 국민연금법
2025-08-17 16:06:49,793 - INFO - [__main__] - 상세 페이지 스크레이퍼 실행: https://www.law.go.kr/LSW/lsInfoP.do?lsiSeq=270997&efYd=20250719
2025-08-17 16:06:54,401 - INFO - [__main__] - 상세 페이지 스크레이퍼 완료: 국민연금법 시행령
2025-08-17 16:06:55,632 - INFO - [__main__] - 상세 페이지 스크레이퍼 실행: https://www.law.go.kr/LSW/lsInfoP.do?lsiSeq=272577&efYd=20260101
2025-08-17 16:07:00,634 - INFO - [__main__] - 상세 페이지 스크레이퍼 완료: 국민연금법 시행령
2025-08-17 16:07:01,856 - INFO - [__main__] - 상세 페이지 스크레이퍼 실행: https://www.law.go.kr/LSW/lsInfoP.do?lsiSeq=272611&efYd=20250626
2025-08-17 16:07:05,929 - INFO - [__main__] - 상세 페이지 스크레이퍼 완료: 국민연금법 시행규칙
2025-08-17 16:07:07,161 - INFO - [__main__] - 상세 페이지 스크레이퍼 실행: https://www.law.go.kr/LSW/lsInfoP.do?lsiSeq=272611&efYd=20260101
2025-08-17 16:07:12,016 - INFO - [__main__] - 상세 페이지 스크레이퍼 완료: 국민연금법 시행규칙
2025-08-17 16:07:13,243 - INFO - [__main__] - 상세 페이지 스크레이퍼 실행: https://www.law.go.kr/LSW/lsInfoP.do?lsiSeq=257757&efYd=20240703
2025-08-17 16:07:17,084 - INFO - [__main__] - 상세 페이지 스크레이퍼 완료: 국민영양관리법
2025-08-17 16:07:18,314 - INFO - [__main__] - 상세 페이지 스크레이퍼 실행: https://www.law.go.kr/LSW/lsInfoP.do?lsiSeq=255025&efYd=20230929
2025-08-17 16:07:21,547 - INFO - [__main__] - 상세 페이지 스크레이퍼 완료: 국민영양관리법 시행령
2025-08-17 16:07:22,763 - INFO - [__main__] - 상세 페이지 스크레이퍼 실행: https://www.law.go.kr/LSW/lsInfoP.do?lsiSeq=269833&efYd=20250311
2025-08-17 16:07:26,672 - INFO - [__main__] - 상세 페이지 스크레이퍼 완료: 국민영양관리법 시행규칙
2025-08-17 16:07:27,907 - INFO - [__main__] - 상세 페이지 스크레이퍼 실행: https://www.law.go.kr/LSW/lsInfoP.do?lsiSeq=260909&efYd=20250719
2025-08-17 16:07:31,761 - INFO - [__main__] - 상세 페이지 스크레이퍼 완료: 국제입양에 관한 법률
2025-08-17 16:07:32,977 - INFO - [__main__] - 상세 페이지 스크레이퍼 실행: https://www.law.go.kr/LSW/lsInfoP.do?lsiSeq=271057&efYd=20250719
2025-08-17 16:07:36,922 - INFO - [__main__] - 상세 페이지 스크레이퍼 완료: 국제입양에 관한 법률 시행령
2025-08-17 16:07:38,140 - INFO - [__main__] - 상세 페이지 스크레이퍼 실행: https://www.law.go.kr/LSW/lsInfoP.do?lsiSeq=271103&efYd=20250719
2025-08-17 16:07:41,589 - INFO - [__main__] - 상세 페이지 스크레이퍼 완료: 국제입양에 관한 법률 시행규칙
2025-08-17 16:07:42,806 - INFO - [__main__] - 상세 페이지 스크레이퍼 실행: https://www.law.go.kr/LSW/lsInfoP.do?lsiSeq=232643&efYd=20220101
2025-08-17 16:07:46,446 - INFO - [__main__] - 상세 페이지 스크레이퍼 완료: 기초연금법
2025-08-17 16:07:47,668 - INFO - [__main__] - 상세 페이지 스크레이퍼 실행: https://www.law.go.kr/LSW/lsInfoP.do?lsiSeq=260731&efYd=20240227
2025-08-17 16:07:51,313 - INFO - [__main__] - 상세 페이지 스크레이퍼 완료: 기초연금법 시행령
2025-08-17 16:07:52,528 - INFO - [__main__] - 상세 페이지 스크레이퍼 실행: https://www.law.go.kr/LSW/lsInfoP.do?lsiSeq=271109&efYd=20250719
2025-08-17 16:07:56,517 - INFO - [__main__] - 상세 페이지 스크레이퍼 완료: 기초연금법 시행규칙
2025-08-17 16:07:57,717 - INFO - [__main__] - 상세 페이지 스크레이퍼 실행: https://www.law.go.kr/LSW/lsInfoP.do?lsiSeq=251741&efYd=20231214
2025-08-17 16:08:01,408 - INFO - [__main__] - 상세 페이지 스크레이퍼 완료: 긴급복지지원법
2025-08-17 16:08:02,626 - INFO - [__main__] - 상세 페이지 스크레이퍼 실행: https://www.law.go.kr/LSW/lsInfoP.do?lsiSeq=242023&efYd=20220503
2025-08-17 16:08:06,018 - INFO - [__main__] - 상세 페이지 스크레이퍼 완료: 긴급복지지원법 시행령
2025-08-17 16:08:07,242 - INFO - [__main__] - 상세 페이지 스크레이퍼 실행: https://www.law.go.kr/LSW/lsInfoP.do?lsiSeq=237465&efYd=20220101
2025-08-17 16:08:11,627 - INFO - [__main__] - 상세 페이지 스크레이퍼 완료: 긴급복지지원법 시행규칙
2025-08-17 16:08:12,842 - INFO - [__main__] - 상세 페이지 스크레이퍼 실행: https://www.law.go.kr/LSW/lsInfoP.do?lsiSeq=224917&efYd=20210630
2025-08-17 16:08:16,665 - INFO - [__main__] - 상세 페이지 스크레이퍼 완료: 노숙인 등의 복지 및 자립지원에 관한 법률
2025-08-17 16:08:17,897 - INFO - [__main__] - 상세 페이지 스크레이퍼 실행: https://www.law.go.kr/LSW/lsInfoP.do?lsiSeq=268883&efYd=20260201
2025-08-17 16:08:22,150 - INFO - [__main__] - 상세 페이지 스크레이퍼 완료: 노숙인 등의 복지 및 자립지원에 관한 법률
2025-08-17 16:08:23,367 - INFO - [__main__] - 상세 페이지 스크레이퍼 실행: https://www.law.go.kr/LSW/lsInfoP.do?lsiSeq=224121&efYd=20201215
2025-08-17 16:08:26,589 - INFO - [__main__] - 상세 페이지 스크레이퍼 완료: 노숙인 등의 복지 및 자립지원에 관한 법률 시행령
2025-08-17 16:08:27,813 - INFO - [__main__] - 상세 페이지 스크레이퍼 실행: https://www.law.go.kr/LSW/lsInfoP.do?lsiSeq=269835&efYd=20250311
2025-08-17 16:08:31,092 - INFO - [__main__] - 상세 페이지 스크레이퍼 완료: 노숙인 등의 복지 및 자립지원에 관한 법률 시행규칙
2025-08-17 16:08:32,314 - INFO - [__main__] - 상세 페이지 스크레이퍼 실행: https://www.law.go.kr/LSW/lsInfoP.do?lsiSeq=254055&efYd=20250817
2025-08-17 16:08:36,449 - INFO - [__main__] - 상세 페이지 스크레이퍼 완료: 노인복지법
2025-08-17 16:08:37,674 - INFO - [__main__] - 상세 페이지 스크레이퍼 실행: https://www.law.go.kr/LSW/lsInfoP.do?lsiSeq=270391&efYd=20251002
2025-08-17 16:08:42,690 - INFO - [__main__] - 상세 페이지 스크레이퍼 완료: 노인복지법
2025-08-17 16:08:43,912 - INFO - [__main__] - 상세 페이지 스크레이퍼 실행: https://www.law.go.kr/LSW/lsInfoP.do?lsiSeq=265929&efYd=20251023
2025-08-17 16:08:48,749 - INFO - [__main__] - 상세 페이지 스크레이퍼 완료: 노인복지법
2025-08-17 16:08:49,975 - INFO - [__main__] - 상세 페이지 스크레이퍼 실행: https://www.law.go.kr/LSW/lsInfoP.do?lsiSeq=267385&efYd=20260101
2025-08-17 16:08:54,159 - INFO - [__main__] - 상세 페이지 스크레이퍼 완료: 노인복지법
2025-08-17 16:08:55,382 - INFO - [__main__] - 상세 페이지 스크레이퍼 실행: https://www.law.go.kr/LSW/lsInfoP.do?lsiSeq=259093&efYd=20260124
2025-08-17 16:08:59,526 - INFO - [__main__] - 상세 페이지 스크레이퍼 완료: 노인복지법
2025-08-17 16:09:00,751 - INFO - [__main__] - 상세 페이지 스크레이퍼 실행: https://www.law.go.kr/LSW/lsInfoP.do?lsiSeq=273157&efYd=20250817
2025-08-17 16:09:04,719 - INFO - [__main__] - 상세 페이지 스크레이퍼 완료: 노인복지법 시행령
2025-08-17 16:09:05,939 - INFO - [__main__] - 상세 페이지 스크레이퍼 실행: https://www.law.go.kr/LSW/lsInfoP.do?lsiSeq=269837&efYd=20250311
2025-08-17 16:09:10,061 - INFO - [__main__] - 상세 페이지 스크레이퍼 완료: 노인복지법 시행규칙
2025-08-17 16:09:11,292 - INFO - [__main__] - 상세 페이지 스크레이퍼 실행: https://www.law.go.kr/LSW/lsInfoP.do?lsiSeq=255807&efYd=20241101
2025-08-17 16:09:14,556 - INFO - [__main__] - 상세 페이지 스크레이퍼 완료: 노인 일자리 및 사회활동 지원에 관한 법률
2025-08-17 16:09:15,771 - INFO - [__main__] - 상세 페이지 스크레이퍼 실행: https://www.law.go.kr/LSW/lsInfoP.do?lsiSeq=270389&efYd=20251002
2025-08-17 16:09:19,057 - INFO - [__main__] - 상세 페이지 스크레이퍼 완료: 노인 일자리 및 사회활동 지원에 관한 법률
2025-08-17 16:09:20,277 - INFO - [__main__] - 상세 페이지 스크레이퍼 실행: https://www.law.go.kr/LSW/lsInfoP.do?lsiSeq=267415&efYd=20260101
2025-08-17 16:09:23,629 - INFO - [__main__] - 상세 페이지 스크레이퍼 완료: 노인 일자리 및 사회활동 지원에 관한 법률
2025-08-17 16:09:24,842 - INFO - [__main__] - 상세 페이지 스크레이퍼 실행: https://www.law.go.kr/LSW/lsInfoP.do?lsiSeq=266187&efYd=20241101
2025-08-17 16:09:28,674 - INFO - [__main__] - 상세 페이지 스크레이퍼 완료: 노인 일자리 및 사회활동 지원에 관한 법률 시행령
2025-08-17 16:09:29,896 - INFO - [__main__] - 상세 페이지 스크레이퍼 실행: https://www.law.go.kr/LSW/lsInfoP.do?lsiSeq=266255&efYd=20241101
2025-08-17 16:09:33,380 - INFO - [__main__] - 상세 페이지 스크레이퍼 완료: 노인 일자리 및 사회활동 지원에 관한 법률 시행규칙
2025-08-17 16:09:34,596 - INFO - [__main__] - 상세 페이지 스크레이퍼 실행: https://www.law.go.kr/LSW/lsInfoP.do?lsiSeq=267387&efYd=20250621
2025-08-17 16:09:38,619 - INFO - [__main__] - 상세 페이지 스크레이퍼 완료: 노인장기요양보험법
2025-08-17 16:09:39,843 - INFO - [__main__] - 상세 페이지 스크레이퍼 실행: https://www.law.go.kr/LSW/lsInfoP.do?lsiSeq=272625&efYd=20250701
2025-08-17 16:09:43,800 - INFO - [__main__] - 상세 페이지 스크레이퍼 완료: 노인장기요양보험법 시행령
2025-08-17 16:09:45,027 - INFO - [__main__] - 상세 페이지 스크레이퍼 실행: https://www.law.go.kr/LSW/lsInfoP.do?lsiSeq=272547&efYd=20250621
2025-08-17 16:09:50,343 - INFO - [__main__] - 상세 페이지 스크레이퍼 완료: 노인장기요양보험법 시행규칙
2025-08-17 16:09:51,577 - INFO - [__main__] - 상세 페이지 스크레이퍼 실행: https://www.law.go.kr/LSW/lsInfoP.do?lsiSeq=267389&efYd=20241220
2025-08-17 16:09:54,908 - INFO - [__main__] - 상세 페이지 스크레이퍼 완료: 노후준비 지원법
2025-08-17 16:09:56,121 - INFO - [__main__] - 상세 페이지 스크레이퍼 실행: https://www.law.go.kr/LSW/lsInfoP.do?lsiSeq=266791&efYd=20241227
2025-08-17 16:09:59,315 - INFO - [__main__] - 상세 페이지 스크레이퍼 완료: 노후준비 지원법 시행령
2025-08-17 16:10:00,538 - INFO - [__main__] - 상세 페이지 스크레이퍼 실행: https://www.law.go.kr/LSW/lsInfoP.do?lsiSeq=243313&efYd=20220622
2025-08-17 16:10:04,348 - INFO - [__main__] - 상세 페이지 스크레이퍼 완료: 노후준비 지원법 시행규칙
2025-08-17 16:10:05,564 - INFO - [__main__] - 상세 페이지 스크레이퍼 실행: https://www.law.go.kr/LSW/lsInfoP.do?lsiSeq=265327&efYd=20250321
2025-08-17 16:10:09,094 - INFO - [__main__] - 상세 페이지 스크레이퍼 완료: 농어촌 등 보건의료를 위한 특별조치법
2025-08-17 16:10:10,323 - INFO - [__main__] - 상세 페이지 스크레이퍼 실행: https://www.law.go.kr/LSW/lsInfoP.do?lsiSeq=246277&efYd=20221220
2025-08-17 16:10:14,115 - INFO - [__main__] - 상세 페이지 스크레이퍼 완료: 농어촌 등 보건의료를 위한 특별조치법 시행령
2025-08-17 16:10:15,333 - INFO - [__main__] - 상세 페이지 스크레이퍼 실행: https://www.law.go.kr/LSW/lsInfoP.do?lsiSeq=270019&efYd=20250321
2025-08-17 16:10:18,886 - INFO - [__main__] - 상세 페이지 스크레이퍼 완료: 농어촌 등 보건의료를 위한 특별조치법 시행규칙
2025-08-17 16:10:20,106 - INFO - [__main__] - 상세 페이지 스크레이퍼 실행: https://www.law.go.kr/LSW/lsInfoP.do?lsiSeq=252707&efYd=20250719
2025-08-17 16:10:23,502 - INFO - [__main__] - 상세 페이지 스크레이퍼 완료: 농어촌주민의 보건복지 증진을 위한 특별법
2025-08-17 16:10:24,724 - INFO - [__main__] - 상세 페이지 스크레이퍼 실행: https://www.law.go.kr/LSW/lsInfoP.do?lsiSeq=270393&efYd=20251002
2025-08-17 16:10:28,070 - INFO - [__main__] - 상세 페이지 스크레이퍼 완료: 농어촌주민의 보건복지 증진을 위한 특별법
2025-08-17 16:10:29,291 - INFO - [__main__] - 상세 페이지 스크레이퍼 실행: https://www.law.go.kr/LSW/lsInfoP.do?lsiSeq=271001&efYd=20250719
2025-08-17 16:10:32,532 - INFO - [__main__] - 상세 페이지 스크레이퍼 완료: 농어촌주민의 보건복지 증진을 위한 특별법 시행령
2025-08-17 16:10:33,753 - INFO - [__main__] - 상세 페이지 스크레이퍼 실행: https://www.law.go.kr/LSW/lsInfoP.do?lsiSeq=247357&efYd=20221230
2025-08-17 16:10:37,628 - INFO - [__main__] - 상세 페이지 스크레이퍼 완료: 농어촌주민의 보건복지 증진을 위한 특별법 시행규칙
2025-08-17 16:10:38,850 - INFO - [__main__] - 상세 페이지 스크레이퍼 실행: https://www.law.go.kr/LSW/lsInfoP.do?lsiSeq=255879&efYd=20251101
2025-08-17 16:10:42,874 - INFO - [__main__] - 상세 페이지 스크레이퍼 완료: 담배의 유해성 관리에 관한 법률
2025-08-17 16:10:44,094 - INFO - [__main__] - 상세 페이지 스크레이퍼 실행: https://www.law.go.kr/LSW/lsInfoP.do?lsiSeq=180744&efYd=20160804
2025-08-17 16:10:47,174 - INFO - [__main__] - 상세 페이지 스크레이퍼 완료: 대한노인회 지원에 관한 법률
2025-08-17 16:10:48,395 - INFO - [__main__] - 상세 페이지 스크레이퍼 실행: https://www.law.go.kr/LSW/lsInfoP.do?lsiSeq=119420&efYd=20111213
2025-08-17 16:10:52,182 - INFO - [__main__] - 상세 페이지 스크레이퍼 완료: 대한노인회 지원에 관한 법률 시행령
2025-08-17 16:10:53,405 - INFO - [__main__] - 상세 페이지 스크레이퍼 실행: https://www.law.go.kr/LSW/lsInfoP.do?lsiSeq=184833&efYd=20160804
2025-08-17 16:10:57,501 - INFO - [__main__] - 상세 페이지 스크레이퍼 완료: 대한노인회 지원에 관한 법률 시행규칙
2025-08-17 16:10:58,723 - INFO - [__main__] - 상세 페이지 스크레이퍼 실행: https://www.law.go.kr/LSW/lsInfoP.do?lsiSeq=265915&efYd=20241022
2025-08-17 16:11:02,257 - INFO - [__main__] - 상세 페이지 스크레이퍼 완료: 대한적십자사 조직법
2025-08-17 16:11:03,477 - INFO - [__main__] - 상세 페이지 스크레이퍼 실행: https://www.law.go.kr/LSW/lsInfoP.do?lsiSeq=233367&efYd=20210630
2025-08-17 16:11:06,826 - INFO - [__main__] - 상세 페이지 스크레이퍼 완료: 대한적십자사 조직법 시행령
2025-08-17 16:11:08,037 - INFO - [__main__] - 상세 페이지 스크레이퍼 실행: https://www.law.go.kr/LSW/lsInfoP.do?lsiSeq=270395&efYd=20250702
2025-08-17 16:11:13,001 - INFO - [__main__] - 상세 페이지 스크레이퍼 완료: 마약류 관리에 관한 법률
2025-08-17 16:11:14,225 - INFO - [__main__] - 상세 페이지 스크레이퍼 실행: https://www.law.go.kr/LSW/lsInfoP.do?lsiSeq=269961&efYd=20250919
2025-08-17 16:11:18,541 - INFO - [__main__] - 상세 페이지 스크레이퍼 완료: 마약류 관리에 관한 법률
2025-08-17 16:11:19,765 - INFO - [__main__] - 상세 페이지 스크레이퍼 실행: https://www.law.go.kr/LSW/lsInfoP.do?lsiSeq=270395&efYd=20251002
2025-08-17 16:11:23,617 - INFO - [__main__] - 상세 페이지 스크레이퍼 완료: 마약류 관리에 관한 법률
2025-08-17 16:11:24,845 - INFO - [__main__] - 상세 페이지 스크레이퍼 실행: https://www.law.go.kr/LSW/lsInfoP.do?lsiSeq=269033&efYd=20250207
2025-08-17 16:11:28,035 - INFO - [__main__] - 상세 페이지 스크레이퍼 완료: 마약류중독자 치료보호규정
2025-08-17 16:11:29,258 - INFO - [__main__] - 상세 페이지 스크레이퍼 실행: https://www.law.go.kr/LSW/lsInfoP.do?lsiSeq=265147&efYd=20240904
2025-08-17 16:11:32,458 - INFO - [__main__] - 상세 페이지 스크레이퍼 완료: 마약류 중독자 치료보호 등에 관한 규칙
2025-08-17 16:11:33,676 - INFO - [__main__] - 상세 페이지 스크레이퍼 실행: https://www.law.go.kr/LSW/lsInfoP.do?lsiSeq=270399&efYd=20250401
2025-08-17 16:11:37,676 - INFO - [__main__] - 상세 페이지 스크레이퍼 완료: 모자보건법
2025-08-17 16:11:38,901 - INFO - [__main__] - 상세 페이지 스크레이퍼 실행: https://www.law.go.kr/LSW/lsInfoP.do?lsiSeq=270399&efYd=20270101
2025-08-17 16:11:42,310 - INFO - [__main__] - 상세 페이지 스크레이퍼 완료: 모자보건법
2025-08-17 16:11:43,530 - INFO - [__main__] - 상세 페이지 스크레이퍼 실행: https://www.law.go.kr/LSW/lsInfoP.do?lsiSeq=272453&efYd=20250621
2025-08-17 16:11:47,518 - INFO - [__main__] - 상세 페이지 스크레이퍼 완료: 모자보건법 시행령
2025-08-17 16:11:48,743 - INFO - [__main__] - 상세 페이지 스크레이퍼 실행: https://www.law.go.kr/LSW/lsInfoP.do?lsiSeq=268255&efYd=20250124
2025-08-17 16:11:52,654 - INFO - [__main__] - 상세 페이지 스크레이퍼 완료: 모자보건법 시행규칙
2025-08-17 16:11:53,878 - INFO - [__main__] - 상세 페이지 스크레이퍼 실행: https://www.law.go.kr/LSW/lsInfoP.do?lsiSeq=254059&efYd=20250817
2025-08-17 16:11:57,723 - INFO - [__main__] - 상세 페이지 스크레이퍼 완료: 발달장애인 권리보장 및 지원에 관한 법률
2025-08-17 16:11:58,947 - INFO - [__main__] - 상세 페이지 스크레이퍼 실행: https://www.law.go.kr/LSW/lsInfoP.do?lsiSeq=270367&efYd=20251002
2025-08-17 16:12:02,275 - INFO - [__main__] - 상세 페이지 스크레이퍼 완료: 발달장애인 권리보장 및 지원에 관한 법률
2025-08-17 16:12:03,495 - INFO - [__main__] - 상세 페이지 스크레이퍼 실행: https://www.law.go.kr/LSW/lsInfoP.do?lsiSeq=270367&efYd=20260402
2025-08-17 16:12:07,272 - INFO - [__main__] - 상세 페이지 스크레이퍼 완료: 발달장애인 권리보장 및 지원에 관한 법률
2025-08-17 16:12:08,492 - INFO - [__main__] - 상세 페이지 스크레이퍼 실행: https://www.law.go.kr/LSW/lsInfoP.do?lsiSeq=236853&efYd=20220101
2025-08-17 16:12:11,916 - INFO - [__main__] - 상세 페이지 스크레이퍼 완료: 발달장애인 권리보장 및 지원에 관한 법률 시행령
2025-08-17 16:12:13,134 - INFO - [__main__] - 상세 페이지 스크레이퍼 실행: https://www.law.go.kr/LSW/lsInfoP.do?lsiSeq=270033&efYd=20250319
2025-08-17 16:12:16,491 - INFO - [__main__] - 상세 페이지 스크레이퍼 완료: 발달장애인 권리보장 및 지원에 관한 법률 시행규칙
2025-08-17 16:12:17,716 - INFO - [__main__] - 상세 페이지 스크레이퍼 실행: https://www.law.go.kr/LSW/lsInfoP.do?lsiSeq=103537&efYd=20100319
2025-08-17 16:12:20,958 - INFO - [__main__] - 상세 페이지 스크레이퍼 완료: 병상 수급계획의 수립 및 조정에 관한 규칙
2025-08-17 16:12:22,177 - INFO - [__main__] - 상세 페이지 스크레이퍼 실행: https://www.law.go.kr/LSW/lsInfoP.do?lsiSeq=103228&efYd=20100319
2025-08-17 16:12:25,886 - INFO - [__main__] - 상세 페이지 스크레이퍼 완료: 보건범죄단속에관한특별조치법시행령
2025-08-17 16:12:27,114 - INFO - [__main__] - 상세 페이지 스크레이퍼 실행: https://www.law.go.kr/LSW/lsInfoP.do?lsiSeq=233817&efYd=20210707
2025-08-17 16:12:30,581 - INFO - [__main__] - 상세 페이지 스크레이퍼 완료: 보건범죄단속에관한특별조치법시행규칙
2025-08-17 16:12:31,803 - INFO - [__main__] - 상세 페이지 스크레이퍼 실행: https://www.law.go.kr/LSW/lsInfoP.do?lsiSeq=225395&efYd=20201228
2025-08-17 16:12:35,499 - INFO - [__main__] - 상세 페이지 스크레이퍼 완료: 보건복지부 및 질병관리청 소관 비영리법인의 설립 및 감독에 관한 규칙
2025-08-17 16:12:36,718 - INFO - [__main__] - 상세 페이지 스크레이퍼 실행: https://www.law.go.kr/LSW/lsInfoP.do?lsiSeq=246201&efYd=20221215
2025-08-17 16:12:40,089 - INFO - [__main__] - 상세 페이지 스크레이퍼 완료: 보건복지부 소관 비상대비에 관한 법률 시행규칙
2025-08-17 16:12:41,307 - INFO - [__main__] - 상세 페이지 스크레이퍼 실행: https://www.law.go.kr/LSW/lsInfoP.do?lsiSeq=210611&efYd=20190927
2025-08-17 16:12:45,140 - INFO - [__main__] - 상세 페이지 스크레이퍼 완료: 보건복지부 소속 국립병원 및 국립재활원 임상연구비 지급규칙
2025-08-17 16:12:46,366 - INFO - [__main__] - 상세 페이지 스크레이퍼 실행: https://www.law.go.kr/LSW/lsInfoP.do?lsiSeq=269275&efYd=20250225
2025-08-17 16:12:50,840 - INFO - [__main__] - 상세 페이지 스크레이퍼 완료: 보건복지부와 그 소속기관 직제
2025-08-17 16:12:52,067 - INFO - [__main__] - 상세 페이지 스크레이퍼 실행: https://www.law.go.kr/LSW/lsInfoP.do?lsiSeq=272591&efYd=20250623
2025-08-17 16:12:56,250 - INFO - [__main__] - 상세 페이지 스크레이퍼 완료: 보건복지부와 그 소속기관 직제 시행규칙
2025-08-17 16:12:57,481 - INFO - [__main__] - 상세 페이지 스크레이퍼 실행: https://www.law.go.kr/LSW/lsInfoP.do?lsiSeq=223281&efYd=20201127
2025-08-17 16:13:00,602 - INFO - [__main__] - 상세 페이지 스크레이퍼 완료: 보건복지부장관의 소속 청장 지휘에 관한 규칙
2025-08-17 16:13:01,822 - INFO - [__main__] - 상세 페이지 스크레이퍼 실행: https://www.law.go.kr/LSW/lsInfoP.do?lsiSeq=267417&efYd=20250621
2025-08-17 16:13:05,685 - INFO - [__main__] - 상세 페이지 스크레이퍼 완료: 보건의료기본법
2025-08-17 16:13:06,906 - INFO - [__main__] - 상세 페이지 스크레이퍼 실행: https://www.law.go.kr/LSW/lsInfoP.do?lsiSeq=267417&efYd=20251221
2025-08-17 16:13:10,274 - INFO - [__main__] - 상세 페이지 스크레이퍼 완료: 보건의료기본법
2025-08-17 16:13:11,488 - INFO - [__main__] - 상세 페이지 스크레이퍼 실행: https://www.law.go.kr/LSW/lsInfoP.do?lsiSeq=264713&efYd=20240807
2025-08-17 16:13:15,317 - INFO - [__main__] - 상세 페이지 스크레이퍼 완료: 보건의료기본법 시행령
2025-08-17 16:13:16,520 - INFO - [__main__] - 상세 페이지 스크레이퍼 실행: https://www.law.go.kr/LSW/lsInfoP.do?lsiSeq=259045&efYd=20250124
2025-08-17 16:13:19,749 - INFO - [__main__] - 상세 페이지 스크레이퍼 완료: 보건의료기술 진흥법
2025-08-17 16:13:20,969 - INFO - [__main__] - 상세 페이지 스크레이퍼 실행: https://www.law.go.kr/LSW/lsInfoP.do?lsiSeq=267645&efYd=20250124
2025-08-17 16:13:24,931 - INFO - [__main__] - 상세 페이지 스크레이퍼 완료: 보건의료기술 진흥법 시행령
2025-08-17 16:13:26,157 - INFO - [__main__] - 상세 페이지 스크레이퍼 실행: https://www.law.go.kr/LSW/lsInfoP.do?lsiSeq=264101&efYd=20240717
2025-08-17 16:13:30,450 - INFO - [__main__] - 상세 페이지 스크레이퍼 완료: 보건의료기술 진흥법 시행규칙
2025-08-17 16:13:31,672 - INFO - [__main__] - 상세 페이지 스크레이퍼 실행: https://www.law.go.kr/LSW/lsInfoP.do?lsiSeq=103231&efYd=20100319
2025-08-17 16:13:35,408 - INFO - [__main__] - 상세 페이지 스크레이퍼 완료: 보건의료요원장학금규정
2025-08-17 16:13:36,627 - INFO - [__main__] - 상세 페이지 스크레이퍼 실행: https://www.law.go.kr/LSW/lsInfoP.do?lsiSeq=273107&efYd=20250731
2025-08-17 16:13:39,822 - INFO - [__main__] - 상세 페이지 스크레이퍼 완료: 보건의료인력 수급추계위원회 규칙
2025-08-17 16:13:41,042 - INFO - [__main__] - 상세 페이지 스크레이퍼 실행: https://www.law.go.kr/LSW/lsInfoP.do?lsiSeq=265461&efYd=20250621
2025-08-17 16:13:44,343 - INFO - [__main__] - 상세 페이지 스크레이퍼 완료: 보건의료인력지원법
2025-08-17 16:13:45,561 - INFO - [__main__] - 상세 페이지 스크레이퍼 실행: https://www.law.go.kr/LSW/lsInfoP.do?lsiSeq=269963&efYd=20260319
2025-08-17 16:13:48,767 - INFO - [__main__] - 상세 페이지 스크레이퍼 완료: 보건의료인력지원법
2025-08-17 16:13:49,982 - INFO - [__main__] - 상세 페이지 스크레이퍼 실행: https://www.law.go.kr/LSW/lsInfoP.do?lsiSeq=256531&efYd=20231214
2025-08-17 16:13:53,267 - INFO - [__main__] - 상세 페이지 스크레이퍼 완료: 보건의료인력지원법 시행령
2025-08-17 16:13:54,490 - INFO - [__main__] - 상세 페이지 스크레이퍼 실행: https://www.law.go.kr/LSW/lsInfoP.do?lsiSeq=210947&efYd=20191024
2025-08-17 16:13:57,727 - INFO - [__main__] - 상세 페이지 스크레이퍼 완료: 보건의료인력지원법 시행규칙
2025-08-17 16:13:58,943 - INFO - [__main__] - 상세 페이지 스크레이퍼 실행: https://www.law.go.kr/LSW/lsInfoP.do?lsiSeq=249869&efYd=20231012
2025-08-17 16:14:02,290 - INFO - [__main__] - 상세 페이지 스크레이퍼 완료: 보호시설에 있는 미성년자의 후견 직무에 관한 법률
2025-08-17 16:14:03,517 - INFO - [__main__] - 상세 페이지 스크레이퍼 실행: https://www.law.go.kr/LSW/lsInfoP.do?lsiSeq=208499&efYd=20190524
2025-08-17 16:14:06,645 - INFO - [__main__] - 상세 페이지 스크레이퍼 완료: 보호시설에 있는 미성년자의 후견 직무에 관한 법률 시행령
2025-08-17 16:14:07,863 - INFO - [__main__] - 상세 페이지 스크레이퍼 실행: https://www.law.go.kr/LSW/lsInfoP.do?lsiSeq=267419&efYd=20241220
2025-08-17 16:14:11,820 - INFO - [__main__] - 상세 페이지 스크레이퍼 완료: 사회보장급여의 이용ㆍ제공 및 수급권자 발굴에 관한 법률
2025-08-17 16:14:13,042 - INFO - [__main__] - 상세 페이지 스크레이퍼 실행: https://www.law.go.kr/LSW/lsInfoP.do?lsiSeq=271005&efYd=20250719
2025-08-17 16:14:18,275 - INFO - [__main__] - 상세 페이지 스크레이퍼 완료: 사회보장급여의 이용ㆍ제공 및 수급권자 발굴에 관한 법률 시행령
2025-08-17 16:14:19,483 - INFO - [__main__] - 상세 페이지 스크레이퍼 실행: https://www.law.go.kr/LSW/lsInfoP.do?lsiSeq=263819&efYd=20240703
2025-08-17 16:14:23,168 - INFO - [__main__] - 상세 페이지 스크레이퍼 완료: 사회보장급여의 이용ㆍ제공 및 수급권자 발굴에 관한 법률 시행규칙
2025-08-17 16:14:24,388 - INFO - [__main__] - 상세 페이지 스크레이퍼 실행: https://www.law.go.kr/LSW/lsInfoP.do?lsiSeq=267367&efYd=20250621
2025-08-17 16:14:27,663 - INFO - [__main__] - 상세 페이지 스크레이퍼 완료: 사회보장기본법
2025-08-17 16:14:28,883 - INFO - [__main__] - 상세 페이지 스크레이퍼 실행: https://www.law.go.kr/LSW/lsInfoP.do?lsiSeq=271497&efYd=20250621
2025-08-17 16:14:33,119 - INFO - [__main__] - 상세 페이지 스크레이퍼 완료: 사회보장기본법 시행령
2025-08-17 16:14:34,338 - INFO - [__main__] - 상세 페이지 스크레이퍼 실행: https://www.law.go.kr/LSW/lsInfoP.do?lsiSeq=237467&efYd=20211209
2025-08-17 16:14:37,516 - INFO - [__main__] - 상세 페이지 스크레이퍼 완료: 사회보장기본법 시행규칙
2025-08-17 16:14:38,733 - INFO - [__main__] - 상세 페이지 스크레이퍼 실행: https://www.law.go.kr/LSW/lsInfoP.do?lsiSeq=270401&efYd=20250401
2025-08-17 16:14:41,999 - INFO - [__main__] - 상세 페이지 스크레이퍼 완료: 사회복지공동모금회법
2025-08-17 16:14:43,219 - INFO - [__main__] - 상세 페이지 스크레이퍼 실행: https://www.law.go.kr/LSW/lsInfoP.do?lsiSeq=270401&efYd=20251002
2025-08-17 16:14:46,568 - INFO - [__main__] - 상세 페이지 스크레이퍼 완료: 사회복지공동모금회법
2025-08-17 16:14:47,787 - INFO - [__main__] - 상세 페이지 스크레이퍼 실행: https://www.law.go.kr/LSW/lsInfoP.do?lsiSeq=183954&efYd=20160804
2025-08-17 16:14:51,311 - INFO - [__main__] - 상세 페이지 스크레이퍼 완료: 사회복지공동모금회법 시행규칙
2025-08-17 16:14:52,532 - INFO - [__main__] - 상세 페이지 스크레이퍼 실행: https://www.law.go.kr/LSW/lsInfoP.do?lsiSeq=246999&efYd=20230101
2025-08-17 16:14:56,400 - INFO - [__main__] - 상세 페이지 스크레이퍼 완료: 사회복지법인 및 사회복지시설 재무ㆍ회계 규칙
2025-08-17 16:14:57,625 - INFO - [__main__] - 상세 페이지 스크레이퍼 실행: https://www.law.go.kr/LSW/lsInfoP.do?lsiSeq=270403&efYd=20250702
2025-08-17 16:15:00,827 - INFO - [__main__] - 상세 페이지 스크레이퍼 완료: 사회복지사 등의 처우 및 지위 향상을 위한 법률
2025-08-17 16:15:02,047 - INFO - [__main__] - 상세 페이지 스크레이퍼 실행: https://www.law.go.kr/LSW/lsInfoP.do?lsiSeq=263583&efYd=20240703
2025-08-17 16:15:05,799 - INFO - [__main__] - 상세 페이지 스크레이퍼 완료: 사회복지사 등의 처우 및 지위 향상을 위한 법률 시행령
2025-08-17 16:15:07,018 - INFO - [__main__] - 상세 페이지 스크레이퍼 실행: https://www.law.go.kr/LSW/lsInfoP.do?lsiSeq=252709&efYd=20250719
2025-08-17 16:15:11,369 - INFO - [__main__] - 상세 페이지 스크레이퍼 완료: 사회복지사업법
2025-08-17 16:15:12,597 - INFO - [__main__] - 상세 페이지 스크레이퍼 실행: https://www.law.go.kr/LSW/lsInfoP.do?lsiSeq=270405&efYd=20251002
2025-08-17 16:15:16,851 - INFO - [__main__] - 상세 페이지 스크레이퍼 완료: 사회복지사업법
2025-08-17 16:15:18,089 - INFO - [__main__] - 상세 페이지 스크레이퍼 실행: https://www.law.go.kr/LSW/lsInfoP.do?lsiSeq=270039&efYd=20250423
2025-08-17 16:15:22,338 - INFO - [__main__] - 상세 페이지 스크레이퍼 완료: 사회복지사업법 시행령
2025-08-17 16:15:23,560 - INFO - [__main__] - 상세 페이지 스크레이퍼 실행: https://www.law.go.kr/LSW/lsInfoP.do?lsiSeq=269839&efYd=20250311
2025-08-17 16:15:27,356 - INFO - [__main__] - 상세 페이지 스크레이퍼 완료: 사회복지사업법 시행규칙
2025-08-17 16:15:28,581 - INFO - [__main__] - 상세 페이지 스크레이퍼 실행: https://www.law.go.kr/LSW/lsInfoP.do?lsiSeq=257855&efYd=20250103
2025-08-17 16:15:32,001 - INFO - [__main__] - 상세 페이지 스크레이퍼 완료: 사회서비스 이용 및 이용권 관리에 관한 법률
2025-08-17 16:15:33,222 - INFO - [__main__] - 상세 페이지 스크레이퍼 실행: https://www.law.go.kr/LSW/lsInfoP.do?lsiSeq=267289&efYd=20250103
2025-08-17 16:15:36,748 - INFO - [__main__] - 상세 페이지 스크레이퍼 완료: 사회서비스 이용 및 이용권 관리에 관한 법률 시행령
2025-08-17 16:15:37,968 - INFO - [__main__] - 상세 페이지 스크레이퍼 실행: https://www.law.go.kr/LSW/lsInfoP.do?lsiSeq=269841&efYd=20250311
2025-08-17 16:15:42,385 - INFO - [__main__] - 상세 페이지 스크레이퍼 완료: 사회서비스 이용 및 이용권 관리에 관한 법률 시행규칙
2025-08-17 16:15:43,599 - INFO - [__main__] - 상세 페이지 스크레이퍼 실행: https://www.law.go.kr/LSW/lsInfoP.do?lsiSeq=259163&efYd=20240724
2025-08-17 16:15:46,849 - INFO - [__main__] - 상세 페이지 스크레이퍼 완료: 사회서비스 지원 및 사회서비스원 설립ㆍ운영에 관한 법률
2025-08-17 16:15:48,073 - INFO - [__main__] - 상세 페이지 스크레이퍼 실행: https://www.law.go.kr/LSW/lsInfoP.do?lsiSeq=270407&efYd=20251002
2025-08-17 16:15:51,818 - INFO - [__main__] - 상세 페이지 스크레이퍼 완료: 사회서비스 지원 및 사회서비스원 설립ㆍ운영에 관한 법률
2025-08-17 16:15:53,038 - INFO - [__main__] - 상세 페이지 스크레이퍼 실행: https://www.law.go.kr/LSW/lsInfoP.do?lsiSeq=264285&efYd=20240724
2025-08-17 16:15:56,589 - INFO - [__main__] - 상세 페이지 스크레이퍼 완료: 사회서비스 지원 및 사회서비스원 설립ㆍ운영에 관한 법률 시행령
2025-08-17 16:15:57,807 - INFO - [__main__] - 상세 페이지 스크레이퍼 실행: https://www.law.go.kr/LSW/lsInfoP.do?lsiSeq=241563&efYd=20220325
2025-08-17 16:16:00,558 - INFO - [__main__] - 상세 페이지 스크레이퍼 완료: 사회서비스 지원 및 사회서비스원 설립ㆍ운영에 관한 법률 시행규칙
2025-08-17 16:16:01,777 - INFO - [__main__] - 상세 페이지 스크레이퍼 실행: https://www.law.go.kr/LSW/lsInfoP.do?lsiSeq=266291&efYd=20241107
2025-08-17 16:16:05,555 - INFO - [__main__] - 상세 페이지 스크레이퍼 완료: 상급종합병원의 지정 및 평가에 관한 규칙
2025-08-17 16:16:06,777 - INFO - [__main__] - 상세 페이지 스크레이퍼 실행: https://www.law.go.kr/LSW/lsInfoP.do?lsiSeq=260565&efYd=20240821
2025-08-17 16:16:10,343 - INFO - [__main__] - 상세 페이지 스크레이퍼 완료: 생명윤리 및 안전에 관한 법률
2025-08-17 16:16:11,568 - INFO - [__main__] - 상세 페이지 스크레이퍼 실행: https://www.law.go.kr/LSW/lsInfoP.do?lsiSeq=264307&efYd=20240723
2025-08-17 16:16:14,442 - INFO - [__main__] - 상세 페이지 스크레이퍼 완료: 생명윤리 및 안전에 관한 법률 시행령
2025-08-17 16:16:15,663 - INFO - [__main__] - 상세 페이지 스크레이퍼 실행: https://www.law.go.kr/LSW/lsInfoP.do?lsiSeq=265059&efYd=20240821
2025-08-17 16:16:20,483 - INFO - [__main__] - 상세 페이지 스크레이퍼 완료: 생명윤리 및 안전에 관한 법률 시행규칙
2025-08-17 16:16:21,792 - INFO - [__main__] - 상세 페이지 스크레이퍼 실행: https://www.law.go.kr/LSW/lsInfoP.do?lsiSeq=271595&efYd=20251203
2025-08-17 16:16:26,171 - INFO - [__main__] - 상세 페이지 스크레이퍼 완료: 생명윤리 및 안전에 관한 법률 시행규칙
2025-08-17 16:17:08,316 - INFO - [__main__] - 상세 페이지 스크레이퍼 실행: https://www.law.go.kr/LSW/lsInfoP.do?lsiSeq=220893&efYd=20210408
2025-08-17 16:17:12,967 - INFO - [__main__] - 상세 페이지 스크레이퍼 완료: 시체 해부 및 보존 등에 관한 법률
2025-08-17 16:17:14,222 - INFO - [__main__] - 상세 페이지 스크레이퍼 실행: https://www.law.go.kr/LSW/lsInfoP.do?lsiSeq=231533&efYd=20210409
2025-08-17 16:17:17,021 - INFO - [__main__] - 상세 페이지 스크레이퍼 완료: 시체 해부 및 보존 등에 관한 법률 시행규칙
2025-08-17 16:17:18,247 - INFO - [__main__] - 상세 페이지 스크레이퍼 실행: https://www.law.go.kr/LSW/lsInfoP.do?lsiSeq=241263&efYd=20220308
2025-08-17 16:17:21,084 - INFO - [__main__] - 상세 페이지 스크레이퍼 완료: 시체 해부 및 보존에 관한 법률 시행령
2025-08-17 16:17:22,283 - INFO - [__main__] - 상세 페이지 스크레이퍼 실행: https://www.law.go.kr/LSW/lsInfoP.do?lsiSeq=208466&efYd=20190423
2025-08-17 16:17:25,001 - INFO - [__main__] - 상세 페이지 스크레이퍼 완료: 식품등 기부 활성화에 관한 법률
2025-08-17 16:17:26,241 - INFO - [__main__] - 상세 페이지 스크레이퍼 실행: https://www.law.go.kr/LSW/lsInfoP.do?lsiSeq=209898&efYd=20190709
2025-08-17 16:17:29,928 - INFO - [__main__] - 상세 페이지 스크레이퍼 완료: 식품등 기부 활성화에 관한 법률 시행령
2025-08-17 16:17:31,156 - INFO - [__main__] - 상세 페이지 스크레이퍼 실행: https://www.law.go.kr/LSW/lsInfoP.do?lsiSeq=210616&efYd=20190927
2025-08-17 16:17:33,896 - INFO - [__main__] - 상세 페이지 스크레이퍼 완료: 식품등 기부 활성화에 관한 법률 시행규칙
2025-08-17 16:17:35,114 - INFO - [__main__] - 상세 페이지 스크레이퍼 실행: https://www.law.go.kr/LSW/lsInfoP.do?lsiSeq=269687&efYd=20250607
2025-08-17 16:17:38,736 - INFO - [__main__] - 상세 페이지 스크레이퍼 완료: 신의료기술평가에 관한 규칙
2025-08-17 16:17:39,955 - INFO - [__main__] - 상세 페이지 스크레이퍼 실행: https://www.law.go.kr/LSW/lsInfoP.do?lsiSeq=269687&efYd=20250907
2025-08-17 16:17:42,961 - INFO - [__main__] - 상세 페이지 스크레이퍼 완료: 신의료기술평가에 관한 규칙
2025-08-17 16:17:44,181 - INFO - [__main__] - 상세 페이지 스크레이퍼 실행: https://www.law.go.kr/LSW/lsInfoP.do?lsiSeq=259625&efYd=20250101
2025-08-17 16:17:48,005 - INFO - [__main__] - 상세 페이지 스크레이퍼 완료: 실종아동등의 보호 및 지원에 관한 법률
2025-08-17 16:17:49,224 - INFO - [__main__] - 상세 페이지 스크레이퍼 실행: https://www.law.go.kr/LSW/lsInfoP.do?lsiSeq=266945&efYd=20250101
2025-08-17 16:17:52,154 - INFO - [__main__] - 상세 페이지 스크레이퍼 완료: 실종아동등의 보호 및 지원에 관한 법률 시행령
2025-08-17 16:17:53,373 - INFO - [__main__] - 상세 페이지 스크레이퍼 실행: https://www.law.go.kr/LSW/lsInfoP.do?lsiSeq=175133&efYd=20150922
2025-08-17 16:17:56,675 - INFO - [__main__] - 상세 페이지 스크레이퍼 완료: 실종아동등의 보호 및 지원에 관한 법률 시행규칙
2025-08-17 16:17:57,908 - INFO - [__main__] - 상세 페이지 스크레이퍼 실행: https://www.law.go.kr/LSW/lsInfoP.do?lsiSeq=259525&efYd=20250731
2025-08-17 16:18:01,626 - INFO - [__main__] - 상세 페이지 스크레이퍼 완료: 심뇌혈관질환의 예방 및 관리에 관한 법률
2025-08-17 16:18:02,844 - INFO - [__main__] - 상세 페이지 스크레이퍼 실행: https://www.law.go.kr/LSW/lsInfoP.do?lsiSeq=272599&efYd=20250731
2025-08-17 16:18:05,783 - INFO - [__main__] - 상세 페이지 스크레이퍼 완료: 심뇌혈관질환의 예방 및 관리에 관한 법률 시행령
2025-08-17 16:18:07,017 - INFO - [__main__] - 상세 페이지 스크레이퍼 실행: https://www.law.go.kr/LSW/lsInfoP.do?lsiSeq=252121&efYd=20230622
2025-08-17 16:18:09,783 - INFO - [__main__] - 상세 페이지 스크레이퍼 완료: 심뇌혈관질환의 예방 및 관리에 관한 법률 시행규칙
2025-08-17 16:18:11,002 - INFO - [__main__] - 상세 페이지 스크레이퍼 실행: https://www.law.go.kr/LSW/lsInfoP.do?lsiSeq=252711&efYd=20250719
2025-08-17 16:18:15,273 - INFO - [__main__] - 상세 페이지 스크레이퍼 완료: 아동복지법
2025-08-17 16:18:16,497 - INFO - [__main__] - 상세 페이지 스크레이퍼 실행: https://www.law.go.kr/LSW/lsInfoP.do?lsiSeq=270409&efYd=20251002
2025-08-17 16:18:20,295 - INFO - [__main__] - 상세 페이지 스크레이퍼 완료: 아동복지법
2025-08-17 16:18:21,522 - INFO - [__main__] - 상세 페이지 스크레이퍼 실행: https://www.law.go.kr/LSW/lsInfoP.do?lsiSeq=270409&efYd=20260402
2025-08-17 16:18:25,287 - INFO - [__main__] - 상세 페이지 스크레이퍼 완료: 아동복지법
2025-08-17 16:18:26,511 - INFO - [__main__] - 상세 페이지 스크레이퍼 실행: https://www.law.go.kr/LSW/lsInfoP.do?lsiSeq=271055&efYd=20250719
2025-08-17 16:18:30,940 - INFO - [__main__] - 상세 페이지 스크레이퍼 완료: 아동복지법 시행령
2025-08-17 16:18:32,169 - INFO - [__main__] - 상세 페이지 스크레이퍼 실행: https://www.law.go.kr/LSW/lsInfoP.do?lsiSeq=267099&efYd=20250101
2025-08-17 16:18:36,029 - INFO - [__main__] - 상세 페이지 스크레이퍼 완료: 아동복지법 시행규칙
2025-08-17 16:18:37,253 - INFO - [__main__] - 상세 페이지 스크레이퍼 실행: https://www.law.go.kr/LSW/lsInfoP.do?lsiSeq=251721&efYd=20230914
2025-08-17 16:18:40,674 - INFO - [__main__] - 상세 페이지 스크레이퍼 완료: 아동수당법
2025-08-17 16:18:41,925 - INFO - [__main__] - 상세 페이지 스크레이퍼 실행: https://www.law.go.kr/LSW/lsInfoP.do?lsiSeq=254697&efYd=20230914
2025-08-17 16:18:44,947 - INFO - [__main__] - 상세 페이지 스크레이퍼 완료: 아동수당법 시행령
2025-08-17 16:18:46,165 - INFO - [__main__] - 상세 페이지 스크레이퍼 실행: https://www.law.go.kr/LSW/lsInfoP.do?lsiSeq=240367&efYd=20220211
2025-08-17 16:18:50,071 - INFO - [__main__] - 상세 페이지 스크레이퍼 완료: 아동수당법 시행규칙
2025-08-17 16:18:51,292 - INFO - [__main__] - 상세 페이지 스크레이퍼 실행: https://www.law.go.kr/LSW/lsInfoP.do?lsiSeq=195200&efYd=20170726
2025-08-17 16:18:54,704 - INFO - [__main__] - 상세 페이지 스크레이퍼 완료: 아동의 빈곤예방 및 지원 등에 관한 법률
2025-08-17 16:18:55,922 - INFO - [__main__] - 상세 페이지 스크레이퍼 실행: https://www.law.go.kr/LSW/lsInfoP.do?lsiSeq=270369&efYd=20251002
2025-08-17 16:18:59,030 - INFO - [__main__] - 상세 페이지 스크레이퍼 완료: 아동의 빈곤예방 및 지원 등에 관한 법률
2025-08-17 16:19:00,293 - INFO - [__main__] - 상세 페이지 스크레이퍼 실행: https://www.law.go.kr/LSW/lsInfoP.do?lsiSeq=256073&efYd=20231116
2025-08-17 16:19:03,502 - INFO - [__main__] - 상세 페이지 스크레이퍼 완료: 아동의 빈곤예방 및 지원 등에 관한 법률 시행령
2025-08-17 16:19:04,721 - INFO - [__main__] - 상세 페이지 스크레이퍼 실행: https://www.law.go.kr/LSW/lsInfoP.do?lsiSeq=126914&efYd=20120715
2025-08-17 16:19:08,462 - INFO - [__main__] - 상세 페이지 스크레이퍼 완료: 아동의 빈곤예방 및 지원 등에 관한 법률 시행규칙
2025-08-17 16:19:09,662 - INFO - [__main__] - 상세 페이지 스크레이퍼 실행: https://www.law.go.kr/LSW/lsInfoP.do?lsiSeq=266293&efYd=20241107
2025-08-17 16:19:12,479 - INFO - [__main__] - 상세 페이지 스크레이퍼 완료: 안마사에 관한 규칙
2025-08-17 16:19:13,707 - INFO - [__main__] - 상세 페이지 스크레이퍼 실행: https://www.law.go.kr/LSW/lsInfoP.do?lsiSeq=257859&efYd=20250103
2025-08-17 16:19:17,719 - INFO - [__main__] - 상세 페이지 스크레이퍼 완료: 암관리법
2025-08-17 16:19:18,941 - INFO - [__main__] - 상세 페이지 스크레이퍼 실행: https://www.law.go.kr/LSW/lsInfoP.do?lsiSeq=264499&efYd=20240730
2025-08-17 16:19:22,139 - INFO - [__main__] - 상세 페이지 스크레이퍼 완료: 암관리법 시행령
2025-08-17 16:19:23,357 - INFO - [__main__] - 상세 페이지 스크레이퍼 실행: https://www.law.go.kr/LSW/lsInfoP.do?lsiSeq=231525&efYd=20210408
2025-08-17 16:19:26,692 - INFO - [__main__] - 상세 페이지 스크레이퍼 완료: 암관리법 시행규칙
2025-08-17 16:19:27,890 - INFO - [__main__] - 상세 페이지 스크레이퍼 실행: https://www.law.go.kr/LSW/lsInfoP.do?lsiSeq=217283&efYd=20250408
2025-08-17 16:19:33,058 - INFO - [__main__] - 상세 페이지 스크레이퍼 완료: 약사법
2025-08-17 16:19:34,297 - INFO - [__main__] - 상세 페이지 스크레이퍼 실행: https://www.law.go.kr/LSW/lsInfoP.do?lsiSeq=267395&efYd=20260621
2025-08-17 16:19:38,484 - INFO - [__main__] - 상세 페이지 스크레이퍼 완료: 약사법
2025-08-17 16:19:39,696 - INFO - [__main__] - 상세 페이지 스크레이퍼 실행: https://www.law.go.kr/LSW/lsInfoP.do?lsiSeq=265763&efYd=20241019
2025-08-17 16:19:43,532 - INFO - [__main__] - 상세 페이지 스크레이퍼 완료: 약사법 시행령
2025-08-17 16:19:44,754 - INFO - [__main__] - 상세 페이지 스크레이퍼 실행: https://www.law.go.kr/LSW/lsInfoP.do?lsiSeq=266061&efYd=20250101
2025-08-17 16:19:49,952 - INFO - [__main__] - 상세 페이지 스크레이퍼 완료: 약사법 시행규칙
2025-08-17 16:19:51,177 - INFO - [__main__] - 상세 페이지 스크레이퍼 실행: https://www.law.go.kr/LSW/lsInfoP.do?lsiSeq=271099&efYd=20260202
2025-08-17 16:19:54,943 - INFO - [__main__] - 상세 페이지 스크레이퍼 완료: 약사법 시행규칙
2025-08-17 16:19:56,189 - INFO - [__main__] - 상세 페이지 스크레이퍼 실행: https://www.law.go.kr/LSW/lsInfoP.do?lsiSeq=264655&efYd=20240731
2025-08-17 16:19:59,169 - INFO - [__main__] - 상세 페이지 스크레이퍼 완료: 어린이ㆍ노인 및 장애인 보호구역의 지정 및 관리에 관한 규칙
2025-08-17 16:20:00,398 - INFO - [__main__] - 상세 페이지 스크레이퍼 실행: https://www.law.go.kr/LSW/lsInfoP.do?lsiSeq=255883&efYd=20240719
2025-08-17 16:20:04,933 - INFO - [__main__] - 상세 페이지 스크레이퍼 완료: 위기 임신 및 보호출산 지원과 아동 보호에 관한 특별법
2025-08-17 16:20:06,157 - INFO - [__main__] - 상세 페이지 스크레이퍼 실행: https://www.law.go.kr/LSW/lsInfoP.do?lsiSeq=263169&efYd=20240719
2025-08-17 16:20:09,686 - INFO - [__main__] - 상세 페이지 스크레이퍼 완료: 위기 임신 및 보호출산 지원과 아동 보호에 관한 특별법 시행령
2025-08-17 16:20:10,900 - INFO - [__main__] - 상세 페이지 스크레이퍼 실행: https://www.law.go.kr/LSW/lsInfoP.do?lsiSeq=271111&efYd=20250719
2025-08-17 16:20:14,584 - INFO - [__main__] - 상세 페이지 스크레이퍼 완료: 위기 임신 및 보호출산 지원과 아동 보호에 관한 특별법 시행규칙
2025-08-17 16:20:15,805 - INFO - [__main__] - 상세 페이지 스크레이퍼 실행: https://www.law.go.kr/LSW/lsInfoP.do?lsiSeq=254067&efYd=20250817
2025-08-17 16:20:19,645 - INFO - [__main__] - 상세 페이지 스크레이퍼 완료: 응급의료에 관한 법률
2025-08-17 16:20:20,870 - INFO - [__main__] - 상세 페이지 스크레이퍼 실행: https://www.law.go.kr/LSW/lsInfoP.do?lsiSeq=259517&efYd=20260131
2025-08-17 16:20:24,497 - INFO - [__main__] - 상세 페이지 스크레이퍼 완료: 응급의료에 관한 법률
2025-08-17 16:20:25,732 - INFO - [__main__] - 상세 페이지 스크레이퍼 실행: https://www.law.go.kr/LSW/lsInfoP.do?lsiSeq=270371&efYd=20260402
2025-08-17 16:20:30,364 - INFO - [__main__] - 상세 페이지 스크레이퍼 완료: 응급의료에 관한 법률
2025-08-17 16:20:32,104 - INFO - [__main__] - 상세 페이지 스크레이퍼 실행: https://www.law.go.kr/LSW/lsInfoP.do?lsiSeq=270371&efYd=20270402
2025-08-17 16:20:36,750 - INFO - [__main__] - 상세 페이지 스크레이퍼 완료: 응급의료에 관한 법률
2025-08-17 16:20:38,054 - INFO - [__main__] - 상세 페이지 스크레이퍼 실행: https://www.law.go.kr/LSW/lsInfoP.do?lsiSeq=272939&efYd=20250817
2025-08-17 16:20:41,955 - INFO - [__main__] - 상세 페이지 스크레이퍼 완료: 응급의료에 관한 법률 시행령
2025-08-17 16:20:43,186 - INFO - [__main__] - 상세 페이지 스크레이퍼 실행: https://www.law.go.kr/LSW/lsInfoP.do?lsiSeq=269843&efYd=20250311
2025-08-17 16:20:47,705 - INFO - [__main__] - 상세 페이지 스크레이퍼 완료: 응급의료에 관한 법률 시행규칙
2025-08-17 16:20:48,948 - INFO - [__main__] - 상세 페이지 스크레이퍼 실행: https://www.law.go.kr/LSW/lsInfoP.do?lsiSeq=272549&efYd=20250621
2025-08-17 16:20:51,920 - INFO - [__main__] - 상세 페이지 스크레이퍼 완료: 의료관계 행정처분 규칙
2025-08-17 16:20:53,139 - INFO - [__main__] - 상세 페이지 스크레이퍼 실행: https://www.law.go.kr/LSW/lsInfoP.do?lsiSeq=252715&efYd=20250719
2025-08-17 16:20:56,704 - INFO - [__main__] - 상세 페이지 스크레이퍼 완료: 의료급여법
2025-08-17 16:20:57,970 - INFO - [__main__] - 상세 페이지 스크레이퍼 실행: https://www.law.go.kr/LSW/lsInfoP.do?lsiSeq=265683&efYd=20241002
2025-08-17 16:21:01,914 - INFO - [__main__] - 상세 페이지 스크레이퍼 완료: 의료급여법 시행령
2025-08-17 16:21:03,143 - INFO - [__main__] - 상세 페이지 스크레이퍼 실행: https://www.law.go.kr/LSW/lsInfoP.do?lsiSeq=269845&efYd=20250311
2025-08-17 16:21:07,776 - INFO - [__main__] - 상세 페이지 스크레이퍼 완료: 의료급여법 시행규칙
2025-08-17 16:21:09,025 - INFO - [__main__] - 상세 페이지 스크레이퍼 실행: https://www.law.go.kr/LSW/lsInfoP.do?lsiSeq=269847&efYd=20250311
2025-08-17 16:21:12,170 - INFO - [__main__] - 상세 페이지 스크레이퍼 완료: 의료기관세탁물 관리규칙
2025-08-17 16:21:13,370 - INFO - [__main__] - 상세 페이지 스크레이퍼 실행: https://www.law.go.kr/LSW/lsInfoP.do?lsiSeq=229257&efYd=20210305
2025-08-17 16:21:16,194 - INFO - [__main__] - 상세 페이지 스크레이퍼 완료: 의료기관 회계기준 규칙
2025-08-17 16:21:17,414 - INFO - [__main__] - 상세 페이지 스크레이퍼 실행: https://www.law.go.kr/LSW/lsInfoP.do?lsiSeq=268885&efYd=20250801
2025-08-17 16:21:21,098 - INFO - [__main__] - 상세 페이지 스크레이퍼 완료: 의료기기법
2025-08-17 16:21:22,323 - INFO - [__main__] - 상세 페이지 스크레이퍼 실행: https://www.law.go.kr/LSW/lsInfoP.do?lsiSeq=272851&efYd=20250801
2025-08-17 16:21:25,205 - INFO - [__main__] - 상세 페이지 스크레이퍼 완료: 의료기기법 시행령
2025-08-17 16:21:26,433 - INFO - [__main__] - 상세 페이지 스크레이퍼 실행: https://www.law.go.kr/LSW/lsInfoP.do?lsiSeq=258519&efYd=20240710
2025-08-17 16:21:30,113 - INFO - [__main__] - 상세 페이지 스크레이퍼 완료: 의료기기산업 육성 및 혁신의료기기 지원법
2025-08-17 16:21:31,332 - INFO - [__main__] - 상세 페이지 스크레이퍼 실행: https://www.law.go.kr/LSW/lsInfoP.do?lsiSeq=217691&efYd=20200501
2025-08-17 16:21:34,390 - INFO - [__main__] - 상세 페이지 스크레이퍼 완료: 의료기기산업 육성 및 혁신의료기기 지원법 시행령
2025-08-17 16:21:35,612 - INFO - [__main__] - 상세 페이지 스크레이퍼 실행: https://www.law.go.kr/LSW/lsInfoP.do?lsiSeq=217901&efYd=20200504
2025-08-17 16:21:39,018 - INFO - [__main__] - 상세 페이지 스크레이퍼 완료: 의료기기산업 육성 및 혁신의료기기 지원법 시행규칙
2025-08-17 16:21:40,232 - INFO - [__main__] - 상세 페이지 스크레이퍼 실행: https://www.law.go.kr/LSW/lsInfoP.do?lsiSeq=269063&efYd=20250209
2025-08-17 16:21:43,628 - INFO - [__main__] - 상세 페이지 스크레이퍼 완료: 의료기기 유통 및 판매질서 유지에 관한 규칙
2025-08-17 16:21:44,852 - INFO - [__main__] - 상세 페이지 스크레이퍼 실행: https://www.law.go.kr/LSW/lsInfoP.do?lsiSeq=255811&efYd=20241101
2025-08-17 16:21:48,358 - INFO - [__main__] - 상세 페이지 스크레이퍼 완료: 의료기사 등에 관한 법률
2025-08-17 16:21:49,582 - INFO - [__main__] - 상세 페이지 스크레이퍼 실행: https://www.law.go.kr/LSW/lsInfoP.do?lsiSeq=246305&efYd=20221220
2025-08-17 16:21:52,424 - INFO - [__main__] - 상세 페이지 스크레이퍼 완료: 의료기사 등에 관한 법률 시행령
2025-08-17 16:21:53,647 - INFO - [__main__] - 상세 페이지 스크레이퍼 실행: https://www.law.go.kr/LSW/lsInfoP.do?lsiSeq=266839&efYd=20241128
2025-08-17 16:21:57,897 - INFO - [__main__] - 상세 페이지 스크레이퍼 완료: 의료기사 등에 관한 법률 시행규칙
2025-08-17 16:21:59,161 - INFO - [__main__] - 상세 페이지 스크레이퍼 실행: https://www.law.go.kr/LSW/lsInfoP.do?lsiSeq=259529&efYd=20250731
2025-08-17 16:22:04,245 - INFO - [__main__] - 상세 페이지 스크레이퍼 완료: 의료법
2025-08-17 16:22:05,476 - INFO - [__main__] - 상세 페이지 스크레이퍼 실행: https://www.law.go.kr/LSW/lsInfoP.do?lsiSeq=269965&efYd=20250919
2025-08-17 16:22:09,369 - INFO - [__main__] - 상세 페이지 스크레이퍼 완료: 의료법
2025-08-17 16:22:10,664 - INFO - [__main__] - 상세 페이지 스크레이퍼 실행: https://www.law.go.kr/LSW/lsInfoP.do?lsiSeq=267397&efYd=20251221
2025-08-17 16:22:14,745 - INFO - [__main__] - 상세 페이지 스크레이퍼 완료: 의료법
2025-08-17 16:22:15,970 - INFO - [__main__] - 상세 페이지 스크레이퍼 실행: https://www.law.go.kr/LSW/lsInfoP.do?lsiSeq=272513&efYd=20250621
2025-08-17 16:22:19,630 - INFO - [__main__] - 상세 페이지 스크레이퍼 완료: 의료법 시행령
2025-08-17 16:22:20,852 - INFO - [__main__] - 상세 페이지 스크레이퍼 실행: https://www.law.go.kr/LSW/lsInfoP.do?lsiSeq=272423&efYd=20250621
2025-08-17 16:22:24,839 - INFO - [__main__] - 상세 페이지 스크레이퍼 완료: 의료법 시행규칙
2025-08-17 16:22:26,077 - INFO - [__main__] - 상세 페이지 스크레이퍼 실행: https://www.law.go.kr/LSW/lsInfoP.do?lsiSeq=265473&efYd=20250621
2025-08-17 16:22:30,096 - INFO - [__main__] - 상세 페이지 스크레이퍼 완료: 의료사고 피해구제 및 의료분쟁 조정 등에 관한 법률
2025-08-17 16:22:31,324 - INFO - [__main__] - 상세 페이지 스크레이퍼 실행: https://www.law.go.kr/LSW/lsInfoP.do?lsiSeq=269683&efYd=20250701
2025-08-17 16:22:34,568 - INFO - [__main__] - 상세 페이지 스크레이퍼 완료: 의료사고 피해구제 및 의료분쟁 조정 등에 관한 법률 시행령
2025-08-17 16:22:35,787 - INFO - [__main__] - 상세 페이지 스크레이퍼 실행: https://www.law.go.kr/LSW/lsInfoP.do?lsiSeq=270275&efYd=20250501
2025-08-17 16:22:38,814 - INFO - [__main__] - 상세 페이지 스크레이퍼 완료: 의료사고 피해구제 및 의료분쟁 조정 등에 관한 법률 시행규칙
2025-08-17 16:22:40,037 - INFO - [__main__] - 상세 페이지 스크레이퍼 실행: https://www.law.go.kr/LSW/lsInfoP.do?lsiSeq=261447&efYd=20260327
2025-08-17 16:22:44,288 - INFO - [__main__] - 상세 페이지 스크레이퍼 완료: 의료ㆍ요양 등 지역 돌봄의 통합지원에 관한 법률
2025-08-17 16:22:45,508 - INFO - [__main__] - 상세 페이지 스크레이퍼 실행: https://www.law.go.kr/LSW/lsInfoP.do?lsiSeq=272545&efYd=20250621
2025-08-17 16:22:48,735 - INFO - [__main__] - 상세 페이지 스크레이퍼 완료: 의료유사업자에 관한 규칙
2025-08-17 16:22:49,956 - INFO - [__main__] - 상세 페이지 스크레이퍼 실행: https://www.law.go.kr/LSW/lsInfoP.do?lsiSeq=258075&efYd=20240710
2025-08-17 16:22:53,006 - INFO - [__main__] - 상세 페이지 스크레이퍼 완료: 의료 해외진출 및 외국인환자 유치 지원에 관한 법률
2025-08-17 16:22:54,223 - INFO - [__main__] - 상세 페이지 스크레이퍼 실행: https://www.law.go.kr/LSW/lsInfoP.do?lsiSeq=263589&efYd=20240710
2025-08-17 16:22:57,278 - INFO - [__main__] - 상세 페이지 스크레이퍼 완료: 의료 해외진출 및 외국인환자 유치 지원에 관한 법률 시행령
2025-08-17 16:22:58,503 - INFO - [__main__] - 상세 페이지 스크레이퍼 실행: https://www.law.go.kr/LSW/lsInfoP.do?lsiSeq=267953&efYd=20241231
2025-08-17 16:23:02,265 - INFO - [__main__] - 상세 페이지 스크레이퍼 완료: 의료 해외진출 및 외국인환자 유치 지원에 관한 법률 시행규칙
2025-08-17 16:23:03,497 - INFO - [__main__] - 상세 페이지 스크레이퍼 실행: https://www.law.go.kr/LSW/lsInfoP.do?lsiSeq=259215&efYd=20240724
2025-08-17 16:23:07,346 - INFO - [__main__] - 상세 페이지 스크레이퍼 완료: 의사상자 등 예우 및 지원에 관한 법률
2025-08-17 16:23:08,557 - INFO - [__main__] - 상세 페이지 스크레이퍼 실행: https://www.law.go.kr/LSW/lsInfoP.do?lsiSeq=269123&efYd=20250218
2025-08-17 16:23:11,578 - INFO - [__main__] - 상세 페이지 스크레이퍼 완료: 의사상자 등 예우 및 지원에 관한 법률 시행령
2025-08-17 16:23:12,825 - INFO - [__main__] - 상세 페이지 스크레이퍼 실행: https://www.law.go.kr/LSW/lsInfoP.do?lsiSeq=266465&efYd=20241112
2025-08-17 16:23:15,997 - INFO - [__main__] - 상세 페이지 스크레이퍼 완료: 의사상자 등 예우 및 지원에 관한 법률 시행규칙
2025-08-17 16:23:17,253 - INFO - [__main__] - 상세 페이지 스크레이퍼 실행: https://www.law.go.kr/LSW/lsInfoP.do?lsiSeq=256195&efYd=20231117
2025-08-17 16:23:20,627 - INFO - [__main__] - 상세 페이지 스크레이퍼 완료: 의사의 조건부 면허에 관한 규칙
2025-08-17 16:23:21,863 - INFO - [__main__] - 상세 페이지 스크레이퍼 실행: https://www.law.go.kr/LSW/lsInfoP.do?lsiSeq=261129&efYd=20240319
2025-08-17 16:23:25,371 - INFO - [__main__] - 상세 페이지 스크레이퍼 완료: 인체조직안전 및 관리 등에 관한 법률
2025-08-17 16:23:26,590 - INFO - [__main__] - 상세 페이지 스크레이퍼 실행: https://www.law.go.kr/LSW/lsInfoP.do?lsiSeq=253945&efYd=20230816
2025-08-17 16:23:30,945 - INFO - [__main__] - 상세 페이지 스크레이퍼 완료: 인체조직안전 및 관리 등에 관한 법률 시행령
2025-08-17 16:23:32,174 - INFO - [__main__] - 상세 페이지 스크레이퍼 실행: https://www.law.go.kr/LSW/lsInfoP.do?lsiSeq=209992&efYd=20190716
2025-08-17 16:23:35,198 - INFO - [__main__] - 상세 페이지 스크레이퍼 완료: 인체조직안전 및 관리 등에 관한 법률 시행규칙
2025-08-17 16:23:36,410 - INFO - [__main__] - 상세 페이지 스크레이퍼 실행: https://www.law.go.kr/LSW/lsInfoP.do?lsiSeq=252497&efYd=20240712
2025-08-17 16:23:39,587 - INFO - [__main__] - 상세 페이지 스크레이퍼 완료: 자살예방 및 생명존중문화 조성을 위한 법률
2025-08-17 16:23:40,815 - INFO - [__main__] - 상세 페이지 스크레이퍼 실행: https://www.law.go.kr/LSW/lsInfoP.do?lsiSeq=263953&efYd=20240712
2025-08-17 16:23:43,716 - INFO - [__main__] - 상세 페이지 스크레이퍼 완료: 자살예방 및 생명존중문화 조성을 위한 법률 시행령
2025-08-17 16:23:44,936 - INFO - [__main__] - 상세 페이지 스크레이퍼 실행: https://www.law.go.kr/LSW/lsInfoP.do?lsiSeq=264055&efYd=20240716
2025-08-17 16:23:48,835 - INFO - [__main__] - 상세 페이지 스크레이퍼 완료: 자살예방 및 생명존중문화 조성을 위한 법률 시행규칙
2025-08-17 16:23:50,059 - INFO - [__main__] - 상세 페이지 스크레이퍼 실행: https://www.law.go.kr/LSW/lsInfoP.do?lsiSeq=251753&efYd=20250614
2025-08-17 16:23:53,204 - INFO - [__main__] - 상세 페이지 스크레이퍼 완료: 장기등 이식에 관한 법률
2025-08-17 16:23:54,427 - INFO - [__main__] - 상세 페이지 스크레이퍼 실행: https://www.law.go.kr/LSW/lsInfoP.do?lsiSeq=260589&efYd=20250821
2025-08-17 16:23:57,480 - INFO - [__main__] - 상세 페이지 스크레이퍼 완료: 장기등 이식에 관한 법률
2025-08-17 16:23:58,704 - INFO - [__main__] - 상세 페이지 스크레이퍼 실행: https://www.law.go.kr/LSW/lsInfoP.do?lsiSeq=271159&efYd=20250614
2025-08-17 16:24:01,671 - INFO - [__main__] - 상세 페이지 스크레이퍼 완료: 장기등 이식에 관한 법률 시행령
2025-08-17 16:24:02,888 - INFO - [__main__] - 상세 페이지 스크레이퍼 실행: https://www.law.go.kr/LSW/lsInfoP.do?lsiSeq=272815&efYd=20250707
2025-08-17 16:24:06,528 - INFO - [__main__] - 상세 페이지 스크레이퍼 완료: 장기등 이식에 관한 법률 시행규칙
2025-08-17 16:24:07,758 - INFO - [__main__] - 상세 페이지 스크레이퍼 실행: https://www.law.go.kr/LSW/lsInfoP.do?lsiSeq=272815&efYd=20250821
2025-08-17 16:24:11,793 - INFO - [__main__] - 상세 페이지 스크레이퍼 완료: 장기등 이식에 관한 법률 시행규칙
2025-08-17 16:24:13,023 - INFO - [__main__] - 상세 페이지 스크레이퍼 실행: https://www.law.go.kr/LSW/lsInfoP.do?lsiSeq=235847&efYd=20210930
2025-08-17 16:24:16,718 - INFO - [__main__] - 상세 페이지 스크레이퍼 완료: 장기요양기관 재무ㆍ회계 규칙
2025-08-17 16:24:17,939 - INFO - [__main__] - 상세 페이지 스크레이퍼 실행: https://www.law.go.kr/LSW/lsInfoP.do?lsiSeq=259173&efYd=20250124
2025-08-17 16:24:21,481 - INFO - [__main__] - 상세 페이지 스크레이퍼 완료: 장사 등에 관한 법률
2025-08-17 16:24:22,707 - INFO - [__main__] - 상세 페이지 스크레이퍼 실행: https://www.law.go.kr/LSW/lsInfoP.do?lsiSeq=268323&efYd=20250124
2025-08-17 16:24:25,882 - INFO - [__main__] - 상세 페이지 스크레이퍼 완료: 장사 등에 관한 법률 시행령
2025-08-17 16:24:27,116 - INFO - [__main__] - 상세 페이지 스크레이퍼 실행: https://www.law.go.kr/LSW/lsInfoP.do?lsiSeq=269853&efYd=20250311
2025-08-17 16:24:30,837 - INFO - [__main__] - 상세 페이지 스크레이퍼 완료: 장사 등에 관한 법률 시행규칙
2025-08-17 16:24:32,061 - INFO - [__main__] - 상세 페이지 스크레이퍼 실행: https://www.law.go.kr/LSW/lsInfoP.do?lsiSeq=237461&efYd=20211204
2025-08-17 16:24:34,999 - INFO - [__main__] - 상세 페이지 스크레이퍼 완료: 장애물 없는 생활환경 인증에 관한 규칙
2025-08-17 16:24:36,221 - INFO - [__main__] - 상세 페이지 스크레이퍼 실행: https://www.law.go.kr/LSW/lsInfoP.do?lsiSeq=257865&efYd=20250103
2025-08-17 16:24:39,656 - INFO - [__main__] - 상세 페이지 스크레이퍼 완료: 장애아동 복지지원법
2025-08-17 16:24:40,876 - INFO - [__main__] - 상세 페이지 스크레이퍼 실행: https://www.law.go.kr/LSW/lsInfoP.do?lsiSeq=267353&efYd=20251221
2025-08-17 16:24:44,444 - INFO - [__main__] - 상세 페이지 스크레이퍼 완료: 장애아동 복지지원법
2025-08-17 16:24:45,667 - INFO - [__main__] - 상세 페이지 스크레이퍼 실행: https://www.law.go.kr/LSW/lsInfoP.do?lsiSeq=266527&efYd=20241126
2025-08-17 16:24:49,300 - INFO - [__main__] - 상세 페이지 스크레이퍼 완료: 장애아동 복지지원법 시행령
2025-08-17 16:24:50,633 - INFO - [__main__] - 상세 페이지 스크레이퍼 실행: https://www.law.go.kr/LSW/lsInfoP.do?lsiSeq=265673&efYd=20240927
2025-08-17 16:24:54,381 - INFO - [__main__] - 상세 페이지 스크레이퍼 완료: 장애아동 복지지원법 시행규칙
2025-08-17 16:24:55,619 - INFO - [__main__] - 상세 페이지 스크레이퍼 실행: https://www.law.go.kr/LSW/lsInfoP.do?lsiSeq=265933&efYd=20241022
2025-08-17 16:24:58,574 - INFO - [__main__] - 상세 페이지 스크레이퍼 완료: 장애인 건강권 및 의료접근성 보장에 관한 법률
2025-08-17 16:24:59,794 - INFO - [__main__] - 상세 페이지 스크레이퍼 실행: https://www.law.go.kr/LSW/lsInfoP.do?lsiSeq=270413&efYd=20251002
2025-08-17 16:25:02,647 - INFO - [__main__] - 상세 페이지 스크레이퍼 완료: 장애인 건강권 및 의료접근성 보장에 관한 법률
2025-08-17 16:25:04,007 - INFO - [__main__] - 상세 페이지 스크레이퍼 실행: https://www.law.go.kr/LSW/lsInfoP.do?lsiSeq=256349&efYd=20231214
2025-08-17 16:25:07,615 - INFO - [__main__] - 상세 페이지 스크레이퍼 완료: 장애인 건강권 및 의료접근성 보장에 관한 법률 시행령
2025-08-17 16:25:08,819 - INFO - [__main__] - 상세 페이지 스크레이퍼 실행: https://www.law.go.kr/LSW/lsInfoP.do?lsiSeq=256411&efYd=20231201
2025-08-17 16:25:12,551 - INFO - [__main__] - 상세 페이지 스크레이퍼 완료: 장애인 건강권 및 의료접근성 보장에 관한 법률 시행규칙
2025-08-17 16:25:13,925 - INFO - [__main__] - 상세 페이지 스크레이퍼 실행: https://www.law.go.kr/LSW/lsInfoP.do?lsiSeq=265917&efYd=20241022
2025-08-17 16:25:17,747 - INFO - [__main__] - 상세 페이지 스크레이퍼 완료: 장애인ㆍ노인 등을 위한 보조기기 지원 및 활용촉진에 관한 법률
2025-08-17 16:25:18,968 - INFO - [__main__] - 상세 페이지 스크레이퍼 실행: https://www.law.go.kr/LSW/lsInfoP.do?lsiSeq=205871&efYd=20181230
2025-08-17 16:25:21,966 - INFO - [__main__] - 상세 페이지 스크레이퍼 완료: 장애인ㆍ노인 등을 위한 보조기기 지원 및 활용촉진에 관한 법률 시행령
2025-08-17 16:25:23,187 - INFO - [__main__] - 상세 페이지 스크레이퍼 실행: https://www.law.go.kr/LSW/lsInfoP.do?lsiSeq=263109&efYd=20240531
2025-08-17 16:25:26,990 - INFO - [__main__] - 상세 페이지 스크레이퍼 완료: 장애인ㆍ노인 등을 위한 보조기기 지원 및 활용촉진에 관한 법률 시행규칙
2025-08-17 16:25:28,188 - INFO - [__main__] - 상세 페이지 스크레이퍼 실행: https://www.law.go.kr/LSW/lsInfoP.do?lsiSeq=249315&efYd=20230629
2025-08-17 16:25:31,433 - INFO - [__main__] - 상세 페이지 스크레이퍼 완료: 장애인ㆍ노인ㆍ임산부 등의 편의증진 보장에 관한 법률
2025-08-17 16:25:32,654 - INFO - [__main__] - 상세 페이지 스크레이퍼 실행: https://www.law.go.kr/LSW/lsInfoP.do?lsiSeq=267429&efYd=20251221
2025-08-17 16:25:35,889 - INFO - [__main__] - 상세 페이지 스크레이퍼 완료: 장애인ㆍ노인ㆍ임산부 등의 편의증진 보장에 관한 법률
2025-08-17 16:25:37,115 - INFO - [__main__] - 상세 페이지 스크레이퍼 실행: https://www.law.go.kr/LSW/lsInfoP.do?lsiSeq=265281&efYd=20250320
2025-08-17 16:25:50,416 - INFO - [__main__] - 상세 페이지 스크레이퍼 완료: 장애인ㆍ노인ㆍ임산부 등의 편의증진 보장에 관한 법률 시행령
2025-08-17 16:25:51,705 - INFO - [__main__] - 상세 페이지 스크레이퍼 실행: https://www.law.go.kr/LSW/lsInfoP.do?lsiSeq=256845&efYd=20231211
2025-08-17 16:25:54,634 - INFO - [__main__] - 상세 페이지 스크레이퍼 완료: 장애인ㆍ노인ㆍ임산부 등의 편의증진 보장에 관한 법률 시행규칙
2025-08-17 16:25:55,857 - INFO - [__main__] - 상세 페이지 스크레이퍼 실행: https://www.law.go.kr/LSW/lsInfoP.do?lsiSeq=257767&efYd=20250703
2025-08-17 16:26:00,739 - INFO - [__main__] - 상세 페이지 스크레이퍼 완료: 장애인복지법
2025-08-17 16:26:01,975 - INFO - [__main__] - 상세 페이지 스크레이퍼 실행: https://www.law.go.kr/LSW/lsInfoP.do?lsiSeq=270415&efYd=20251002
2025-08-17 16:26:05,898 - INFO - [__main__] - 상세 페이지 스크레이퍼 완료: 장애인복지법
2025-08-17 16:26:07,144 - INFO - [__main__] - 상세 페이지 스크레이퍼 실행: https://www.law.go.kr/LSW/lsInfoP.do?lsiSeq=270783&efYd=20251023
2025-08-17 16:26:11,587 - INFO - [__main__] - 상세 페이지 스크레이퍼 완료: 장애인복지법
2025-08-17 16:26:12,871 - INFO - [__main__] - 상세 페이지 스크레이퍼 실행: https://www.law.go.kr/LSW/lsInfoP.do?lsiSeq=270523&efYd=20250423
2025-08-17 16:26:17,279 - INFO - [__main__] - 상세 페이지 스크레이퍼 완료: 장애인복지법 시행령
2025-08-17 16:26:18,516 - INFO - [__main__] - 상세 페이지 스크레이퍼 실행: https://www.law.go.kr/LSW/lsInfoP.do?lsiSeq=272673&efYd=20250703
2025-08-17 16:26:23,013 - INFO - [__main__] - 상세 페이지 스크레이퍼 완료: 장애인복지법 시행규칙
2025-08-17 16:26:24,259 - INFO - [__main__] - 상세 페이지 스크레이퍼 실행: https://www.law.go.kr/LSW/lsInfoP.do?lsiSeq=232649&efYd=20220101
2025-08-17 16:26:27,376 - INFO - [__main__] - 상세 페이지 스크레이퍼 완료: 장애인연금법
2025-08-17 16:26:28,605 - INFO - [__main__] - 상세 페이지 스크레이퍼 실행: https://www.law.go.kr/LSW/lsInfoP.do?lsiSeq=258985&efYd=20240118
2025-08-17 16:26:31,737 - INFO - [__main__] - 상세 페이지 스크레이퍼 완료: 장애인연금법 시행령
2025-08-17 16:26:32,968 - INFO - [__main__] - 상세 페이지 스크레이퍼 실행: https://www.law.go.kr/LSW/lsInfoP.do?lsiSeq=271113&efYd=20250719
2025-08-17 16:26:36,753 - INFO - [__main__] - 상세 페이지 스크레이퍼 완료: 장애인연금법 시행규칙
2025-08-17 16:26:38,009 - INFO - [__main__] - 상세 페이지 스크레이퍼 실행: https://www.law.go.kr/LSW/lsInfoP.do?lsiSeq=269967&efYd=20270319
2025-08-17 16:26:40,937 - INFO - [__main__] - 상세 페이지 스크레이퍼 완료: 장애인의 지역사회 자립 및 주거 전환 지원에 관한 법률
2025-08-17 16:26:42,163 - INFO - [__main__] - 상세 페이지 스크레이퍼 실행: https://www.law.go.kr/LSW/lsInfoP.do?lsiSeq=234265&efYd=20230128
2025-08-17 16:26:45,381 - INFO - [__main__] - 상세 페이지 스크레이퍼 완료: 장애인차별금지 및 권리구제 등에 관한 법률
2025-08-17 16:26:46,616 - INFO - [__main__] - 상세 페이지 스크레이퍼 실행: https://www.law.go.kr/LSW/lsInfoP.do?lsiSeq=269933&efYd=20250919
2025-08-17 16:26:49,878 - INFO - [__main__] - 상세 페이지 스크레이퍼 완료: 장애인차별금지 및 권리구제 등에 관한 법률
2025-08-17 16:26:51,114 - INFO - [__main__] - 상세 페이지 스크레이퍼 실행: https://www.law.go.kr/LSW/lsInfoP.do?lsiSeq=264503&efYd=20240730
2025-08-17 16:26:54,587 - INFO - [__main__] - 상세 페이지 스크레이퍼 완료: 장애인차별금지 및 권리구제 등에 관한 법률 시행령
2025-08-17 16:26:55,820 - INFO - [__main__] - 상세 페이지 스크레이퍼 실행: https://www.law.go.kr/LSW/lsInfoP.do?lsiSeq=267431&efYd=20241220
2025-08-17 16:26:59,902 - INFO - [__main__] - 상세 페이지 스크레이퍼 완료: 장애인활동 지원에 관한 법률
2025-08-17 16:27:01,185 - INFO - [__main__] - 상세 페이지 스크레이퍼 실행: https://www.law.go.kr/LSW/lsInfoP.do?lsiSeq=272519&efYd=20250621
2025-08-17 16:27:04,844 - INFO - [__main__] - 상세 페이지 스크레이퍼 완료: 장애인활동 지원에 관한 법률 시행령
2025-08-17 16:27:06,157 - INFO - [__main__] - 상세 페이지 스크레이퍼 실행: https://www.law.go.kr/LSW/lsInfoP.do?lsiSeq=264797&efYd=20240807
2025-08-17 16:27:09,989 - INFO - [__main__] - 상세 페이지 스크레이퍼 완료: 장애인활동 지원에 관한 법률 시행규칙
2025-08-17 16:27:11,266 - INFO - [__main__] - 상세 페이지 스크레이퍼 실행: https://www.law.go.kr/LSW/lsInfoP.do?lsiSeq=249317&efYd=20230929
2025-08-17 16:27:14,190 - INFO - [__main__] - 상세 페이지 스크레이퍼 완료: 재난적의료비 지원에 관한 법률
2025-08-17 16:27:15,500 - INFO - [__main__] - 상세 페이지 스크레이퍼 실행: https://www.law.go.kr/LSW/lsInfoP.do?lsiSeq=271009&efYd=20250719
2025-08-17 16:27:18,443 - INFO - [__main__] - 상세 페이지 스크레이퍼 완료: 재난적의료비 지원에 관한 법률 시행령
2025-08-17 16:27:19,879 - INFO - [__main__] - 상세 페이지 스크레이퍼 실행: https://www.law.go.kr/LSW/lsInfoP.do?lsiSeq=264525&efYd=20240730
2025-08-17 16:27:23,241 - INFO - [__main__] - 상세 페이지 스크레이퍼 완료: 재난적의료비 지원에 관한 법률 시행규칙
2025-08-17 16:27:24,500 - INFO - [__main__] - 상세 페이지 스크레이퍼 실행: https://www.law.go.kr/LSW/lsInfoP.do?lsiSeq=259255&efYd=20240424
2025-08-17 16:27:28,048 - INFO - [__main__] - 상세 페이지 스크레이퍼 완료: 저출산ㆍ고령사회기본법
2025-08-17 16:27:29,331 - INFO - [__main__] - 상세 페이지 스크레이퍼 실행: https://www.law.go.kr/LSW/lsInfoP.do?lsiSeq=261355&efYd=20250101
2025-08-17 16:27:32,055 - INFO - [__main__] - 상세 페이지 스크레이퍼 완료: 저출산ㆍ고령사회기본법 시행령
2025-08-17 16:27:33,316 - INFO - [__main__] - 상세 페이지 스크레이퍼 실행: https://www.law.go.kr/LSW/lsInfoP.do?lsiSeq=241703&efYd=20220401
2025-08-17 16:27:36,262 - INFO - [__main__] - 상세 페이지 스크레이퍼 완료: 저출산ㆍ고령사회 기본법 시행규칙
2025-08-17 16:27:37,526 - INFO - [__main__] - 상세 페이지 스크레이퍼 실행: https://www.law.go.kr/LSW/lsInfoP.do?lsiSeq=260571&efYd=20240821
2025-08-17 16:27:40,628 - INFO - [__main__] - 상세 페이지 스크레이퍼 완료: 전공의의 수련환경 개선 및 지위 향상을 위한 법률
2025-08-17 16:27:41,888 - INFO - [__main__] - 상세 페이지 스크레이퍼 실행: https://www.law.go.kr/LSW/lsInfoP.do?lsiSeq=260571&efYd=20260221
2025-08-17 16:27:44,803 - INFO - [__main__] - 상세 페이지 스크레이퍼 완료: 전공의의 수련환경 개선 및 지위 향상을 위한 법률
2025-08-17 16:27:46,063 - INFO - [__main__] - 상세 페이지 스크레이퍼 실행: https://www.law.go.kr/LSW/lsInfoP.do?lsiSeq=265707&efYd=20241008
2025-08-17 16:27:49,417 - INFO - [__main__] - 상세 페이지 스크레이퍼 완료: 전공의의 수련환경 개선 및 지위 향상을 위한 법률 시행령
2025-08-17 16:27:50,673 - INFO - [__main__] - 상세 페이지 스크레이퍼 실행: https://www.law.go.kr/LSW/lsInfoP.do?lsiSeq=266425&efYd=20241107
2025-08-17 16:27:54,300 - INFO - [__main__] - 상세 페이지 스크레이퍼 완료: 전공의의 수련환경 개선 및 지위 향상을 위한 법률 시행규칙
2025-08-17 16:27:55,562 - INFO - [__main__] - 상세 페이지 스크레이퍼 실행: https://www.law.go.kr/LSW/lsInfoP.do?lsiSeq=272551&efYd=20250621
2025-08-17 16:27:58,521 - INFO - [__main__] - 상세 페이지 스크레이퍼 완료: 전문간호사 자격인정 등에 관한 규칙
2025-08-17 16:27:59,822 - INFO - [__main__] - 상세 페이지 스크레이퍼 실행: https://www.law.go.kr/LSW/lsInfoP.do?lsiSeq=266429&efYd=20241107
2025-08-17 16:28:02,927 - INFO - [__main__] - 상세 페이지 스크레이퍼 완료: 전문병원의 지정 및 평가 등에 관한 규칙
2025-08-17 16:28:04,189 - INFO - [__main__] - 상세 페이지 스크레이퍼 실행: https://www.law.go.kr/LSW/lsInfoP.do?lsiSeq=249471&efYd=20230408
2025-08-17 16:28:07,533 - INFO - [__main__] - 상세 페이지 스크레이퍼 완료: 전문약사의 자격 인정 등에 관한 규정
2025-08-17 16:28:08,794 - INFO - [__main__] - 상세 페이지 스크레이퍼 실행: https://www.law.go.kr/LSW/lsInfoP.do?lsiSeq=252857&efYd=20230717
2025-08-17 16:28:11,956 - INFO - [__main__] - 상세 페이지 스크레이퍼 완료: 전문약사의 자격 인정 등에 관한 규칙
2025-08-17 16:28:13,217 - INFO - [__main__] - 상세 페이지 스크레이퍼 실행: https://www.law.go.kr/LSW/lsInfoP.do?lsiSeq=252857&efYd=20260718
2025-08-17 16:28:16,301 - INFO - [__main__] - 상세 페이지 스크레이퍼 완료: 전문약사의 자격 인정 등에 관한 규칙
2025-08-17 16:28:17,563 - INFO - [__main__] - 상세 페이지 스크레이퍼 실행: https://www.law.go.kr/LSW/lsInfoP.do?lsiSeq=265045&efYd=20240830
2025-08-17 16:28:20,600 - INFO - [__main__] - 상세 페이지 스크레이퍼 완료: 전문의의 수련 및 자격 인정 등에 관한 규정
2025-08-17 16:28:21,893 - INFO - [__main__] - 상세 페이지 스크레이퍼 실행: https://www.law.go.kr/LSW/lsInfoP.do?lsiSeq=265119&efYd=20240830
2025-08-17 16:28:25,136 - INFO - [__main__] - 상세 페이지 스크레이퍼 완료: 전문의의 수련 및 자격 인정 등에 관한 규정 시행규칙
2025-08-17 16:28:26,422 - INFO - [__main__] - 상세 페이지 스크레이퍼 실행: https://www.law.go.kr/LSW/lsInfoP.do?lsiSeq=265923&efYd=20241022
2025-08-17 16:28:30,885 - INFO - [__main__] - 상세 페이지 스크레이퍼 완료: 정신건강증진 및 정신질환자 복지서비스 지원에 관한 법률
2025-08-17 16:28:32,150 - INFO - [__main__] - 상세 페이지 스크레이퍼 실행: https://www.law.go.kr/LSW/lsInfoP.do?lsiSeq=269969&efYd=20260101
2025-08-17 16:28:36,299 - INFO - [__main__] - 상세 페이지 스크레이퍼 완료: 정신건강증진 및 정신질환자 복지서비스 지원에 관한 법률
2025-08-17 16:28:37,572 - INFO - [__main__] - 상세 페이지 스크레이퍼 실행: https://www.law.go.kr/LSW/lsInfoP.do?lsiSeq=257867&efYd=20260103
2025-08-17 16:28:40,947 - INFO - [__main__] - 상세 페이지 스크레이퍼 완료: 정신건강증진 및 정신질환자 복지서비스 지원에 관한 법률
2025-08-17 16:28:42,208 - INFO - [__main__] - 상세 페이지 스크레이퍼 실행: https://www.law.go.kr/LSW/lsInfoP.do?lsiSeq=272521&efYd=20250621
2025-08-17 16:28:45,380 - INFO - [__main__] - 상세 페이지 스크레이퍼 완료: 정신건강증진 및 정신질환자 복지서비스 지원에 관한 법률 시행령
2025-08-17 16:28:46,647 - INFO - [__main__] - 상세 페이지 스크레이퍼 실행: https://www.law.go.kr/LSW/lsInfoP.do?lsiSeq=269867&efYd=20250311
2025-08-17 16:28:50,388 - INFO - [__main__] - 상세 페이지 스크레이퍼 완료: 정신건강증진 및 정신질환자 복지서비스 지원에 관한 법률 시행규칙
2025-08-17 16:28:51,657 - INFO - [__main__] - 상세 페이지 스크레이퍼 실행: https://www.law.go.kr/LSW/lsInfoP.do?lsiSeq=258097&efYd=20240710
2025-08-17 16:28:54,799 - INFO - [__main__] - 상세 페이지 스크레이퍼 완료: 제대혈 관리 및 연구에 관한 법률
2025-08-17 16:28:56,031 - INFO - [__main__] - 상세 페이지 스크레이퍼 실행: https://www.law.go.kr/LSW/lsInfoP.do?lsiSeq=263591&efYd=20240710
2025-08-17 16:28:58,880 - INFO - [__main__] - 상세 페이지 스크레이퍼 완료: 제대혈 관리 및 연구에 관한 법률 시행령
2025-08-17 16:29:00,123 - INFO - [__main__] - 상세 페이지 스크레이퍼 실행: https://www.law.go.kr/LSW/lsInfoP.do?lsiSeq=265795&efYd=20241014
2025-08-17 16:29:03,621 - INFO - [__main__] - 상세 페이지 스크레이퍼 완료: 제대혈 관리 및 연구에 관한 법률 시행규칙
2025-08-17 16:29:04,913 - INFO - [__main__] - 상세 페이지 스크레이퍼 실행: https://www.law.go.kr/LSW/lsInfoP.do?lsiSeq=258527&efYd=20240710
2025-08-17 16:29:07,891 - INFO - [__main__] - 상세 페이지 스크레이퍼 완료: 제약산업 육성 및 지원에 관한 특별법
2025-08-17 16:29:09,128 - INFO - [__main__] - 상세 페이지 스크레이퍼 실행: https://www.law.go.kr/LSW/lsInfoP.do?lsiSeq=246915&efYd=20221227
2025-08-17 16:29:11,971 - INFO - [__main__] - 상세 페이지 스크레이퍼 완료: 제약산업 육성 및 지원에 관한 특별법 시행령
2025-08-17 16:29:13,201 - INFO - [__main__] - 상세 페이지 스크레이퍼 실행: https://www.law.go.kr/LSW/lsInfoP.do?lsiSeq=208892&efYd=20190612
2025-08-17 16:29:16,917 - INFO - [__main__] - 상세 페이지 스크레이퍼 완료: 제약산업 육성 및 지원에 관한 특별법 시행규칙
2025-08-17 16:29:18,167 - INFO - [__main__] - 상세 페이지 스크레이퍼 실행: https://www.law.go.kr/LSW/lsInfoP.do?lsiSeq=259847&efYd=20240807
2025-08-17 16:29:21,775 - INFO - [__main__] - 상세 페이지 스크레이퍼 완료: 중증장애인생산품 우선구매 특별법
2025-08-17 16:29:23,012 - INFO - [__main__] - 상세 페이지 스크레이퍼 실행: https://www.law.go.kr/LSW/lsInfoP.do?lsiSeq=263903&efYd=20240807
2025-08-17 16:29:26,217 - INFO - [__main__] - 상세 페이지 스크레이퍼 완료: 중증장애인생산품 우선구매 특별법 시행령
2025-08-17 16:29:27,463 - INFO - [__main__] - 상세 페이지 스크레이퍼 실행: https://www.law.go.kr/LSW/lsInfoP.do?lsiSeq=218455&efYd=20200527
2025-08-17 16:29:31,167 - INFO - [__main__] - 상세 페이지 스크레이퍼 완료: 중증장애인생산품 우선구매 특별법 시행규칙
2025-08-17 16:29:32,420 - INFO - [__main__] - 상세 페이지 스크레이퍼 실행: https://www.law.go.kr/LSW/lsInfoP.do?lsiSeq=228601&efYd=20220113
2025-08-17 16:29:35,445 - INFO - [__main__] - 상세 페이지 스크레이퍼 완료: 지방의료원의 설립 및 운영에 관한 법률
2025-08-17 16:29:36,682 - INFO - [__main__] - 상세 페이지 스크레이퍼 실행: https://www.law.go.kr/LSW/lsInfoP.do?lsiSeq=268419&efYd=20250131
2025-08-17 16:29:49,958 - INFO - [__main__] - 상세 페이지 스크레이퍼 완료: 지방의료원의 설립 및 운영에 관한 법률 시행령
2025-08-17 16:29:51,247 - INFO - [__main__] - 상세 페이지 스크레이퍼 실행: https://www.law.go.kr/LSW/lsInfoP.do?lsiSeq=173522&efYd=20150729
2025-08-17 16:29:54,138 - INFO - [__main__] - 상세 페이지 스크레이퍼 완료: 지방의료원의 설립 및 운영에 관한 법률 시행규칙
2025-08-17 16:29:55,369 - INFO - [__main__] - 상세 페이지 스크레이퍼 실행: https://www.law.go.kr/LSW/lsInfoP.do?lsiSeq=265479&efYd=20250621
2025-08-17 16:29:58,346 - INFO - [__main__] - 상세 페이지 스크레이퍼 완료: 지역보건법
2025-08-17 16:29:59,568 - INFO - [__main__] - 상세 페이지 스크레이퍼 실행: https://www.law.go.kr/LSW/lsInfoP.do?lsiSeq=263585&efYd=20240703
2025-08-17 16:30:02,596 - INFO - [__main__] - 상세 페이지 스크레이퍼 완료: 지역보건법 시행령
2025-08-17 16:30:03,815 - INFO - [__main__] - 상세 페이지 스크레이퍼 실행: https://www.law.go.kr/LSW/lsInfoP.do?lsiSeq=272553&efYd=20250621
2025-08-17 16:30:06,856 - INFO - [__main__] - 상세 페이지 스크레이퍼 완료: 지역보건법 시행규칙
2025-08-17 16:30:08,123 - INFO - [__main__] - 상세 페이지 스크레이퍼 실행: https://www.law.go.kr/LSW/lsInfoP.do?lsiSeq=272877&efYd=20250718
2025-08-17 16:30:11,631 - INFO - [__main__] - 상세 페이지 스크레이퍼 완료: 진단용 방사선 발생장치의 안전관리에 관한 규칙
2025-08-17 16:30:12,851 - INFO - [__main__] - 상세 페이지 스크레이퍼 실행: https://www.law.go.kr/LSW/lsInfoP.do?lsiSeq=206699&efYd=20190115
2025-08-17 16:30:15,503 - INFO - [__main__] - 상세 페이지 스크레이퍼 완료: 천연물신약 연구개발 촉진법
2025-08-17 16:30:16,727 - INFO - [__main__] - 상세 페이지 스크레이퍼 실행: https://www.law.go.kr/LSW/lsInfoP.do?lsiSeq=150615&efYd=20140131
2025-08-17 16:30:19,911 - INFO - [__main__] - 상세 페이지 스크레이퍼 완료: 천연물신약 연구개발 촉진법 시행령
2025-08-17 16:30:21,151 - INFO - [__main__] - 상세 페이지 스크레이퍼 실행: https://www.law.go.kr/LSW/lsInfoP.do?lsiSeq=258077&efYd=20240710
2025-08-17 16:30:25,314 - INFO - [__main__] - 상세 페이지 스크레이퍼 완료: 첨단의료복합단지 육성에 관한 특별법
2025-08-17 16:30:26,540 - INFO - [__main__] - 상세 페이지 스크레이퍼 실행: https://www.law.go.kr/LSW/lsInfoP.do?lsiSeq=263593&efYd=20240710
2025-08-17 16:30:29,688 - INFO - [__main__] - 상세 페이지 스크레이퍼 완료: 첨단의료복합단지 육성에 관한 특별법 시행령
2025-08-17 16:30:30,902 - INFO - [__main__] - 상세 페이지 스크레이퍼 실행: https://www.law.go.kr/LSW/lsInfoP.do?lsiSeq=262601&efYd=20240507
2025-08-17 16:30:34,130 - INFO - [__main__] - 상세 페이지 스크레이퍼 완료: 첨단의료복합단지 육성에 관한 특별법 시행규칙
2025-08-17 16:30:35,386 - INFO - [__main__] - 상세 페이지 스크레이퍼 실행: https://www.law.go.kr/LSW/lsInfoP.do?lsiSeq=260591&efYd=20250221
2025-08-17 16:30:38,602 - INFO - [__main__] - 상세 페이지 스크레이퍼 완료: 첨단재생의료 및 첨단바이오의약품 안전 및 지원에 관한 법률
2025-08-17 16:30:39,838 - INFO - [__main__] - 상세 페이지 스크레이퍼 실행: https://www.law.go.kr/LSW/lsInfoP.do?lsiSeq=269125&efYd=20250221
2025-08-17 16:30:43,181 - INFO - [__main__] - 상세 페이지 스크레이퍼 완료: 첨단재생의료 및 첨단바이오의약품 안전 및 지원에 관한 법률 시행령
2025-08-17 16:30:44,407 - INFO - [__main__] - 상세 페이지 스크레이퍼 실행: https://www.law.go.kr/LSW/lsInfoP.do?lsiSeq=269367&efYd=20250221
2025-08-17 16:30:47,572 - INFO - [__main__] - 상세 페이지 스크레이퍼 완료: 첨단재생의료 안전 및 지원에 관한 규칙
2025-08-17 16:30:48,799 - INFO - [__main__] - 상세 페이지 스크레이퍼 실행: https://www.law.go.kr/LSW/lsInfoP.do?lsiSeq=208653&efYd=20191108
2025-08-17 16:30:51,786 - INFO - [__main__] - 상세 페이지 스크레이퍼 완료: 치과의사전문의의 수련 및 자격 인정 등에 관한 규정
2025-08-17 16:30:53,013 - INFO - [__main__] - 상세 페이지 스크레이퍼 실행: https://www.law.go.kr/LSW/lsInfoP.do?lsiSeq=269855&efYd=20250311
2025-08-17 16:30:55,920 - INFO - [__main__] - 상세 페이지 스크레이퍼 완료: 치과의사전문의의 수련 및 자격 인정 등에 관한 규정 시행규칙
2025-08-17 16:30:57,139 - INFO - [__main__] - 상세 페이지 스크레이퍼 실행: https://www.law.go.kr/LSW/lsInfoP.do?lsiSeq=257869&efYd=20240703
2025-08-17 16:30:59,993 - INFO - [__main__] - 상세 페이지 스크레이퍼 완료: 치매관리법
2025-08-17 16:31:01,217 - INFO - [__main__] - 상세 페이지 스크레이퍼 실행: https://www.law.go.kr/LSW/lsInfoP.do?lsiSeq=255029&efYd=20230929
2025-08-17 16:31:04,265 - INFO - [__main__] - 상세 페이지 스크레이퍼 완료: 치매관리법 시행령
2025-08-17 16:31:05,538 - INFO - [__main__] - 상세 페이지 스크레이퍼 실행: https://www.law.go.kr/LSW/lsInfoP.do?lsiSeq=263325&efYd=20240703
2025-08-17 16:31:08,488 - INFO - [__main__] - 상세 페이지 스크레이퍼 완료: 치매관리법 시행규칙
2025-08-17 16:31:09,725 - INFO - [__main__] - 상세 페이지 스크레이퍼 실행: https://www.law.go.kr/LSW/lsInfoP.do?lsiSeq=267745&efYd=20241227
2025-08-17 16:31:13,195 - INFO - [__main__] - 상세 페이지 스크레이퍼 완료: 특수의료장비의 설치 및 운영에 관한 규칙
2025-08-17 16:31:14,429 - INFO - [__main__] - 상세 페이지 스크레이퍼 실행: https://www.law.go.kr/LSW/lsInfoP.do?lsiSeq=254857&efYd=20230914
2025-08-17 16:31:17,481 - INFO - [__main__] - 상세 페이지 스크레이퍼 완료: 한국국제보건의료재단법
2025-08-17 16:31:18,738 - INFO - [__main__] - 상세 페이지 스크레이퍼 실행: https://www.law.go.kr/LSW/lsInfoP.do?lsiSeq=204532&efYd=20180921
2025-08-17 16:31:31,746 - INFO - [__main__] - 상세 페이지 스크레이퍼 완료: 한국국제보건의료재단법 시행령
2025-08-17 16:31:33,011 - INFO - [__main__] - 상세 페이지 스크레이퍼 실행: https://www.law.go.kr/LSW/lsInfoP.do?lsiSeq=234267&efYd=20220128
2025-08-17 16:31:36,010 - INFO - [__main__] - 상세 페이지 스크레이퍼 완료: 한국보건복지인재원법
2025-08-17 16:31:37,274 - INFO - [__main__] - 상세 페이지 스크레이퍼 실행: https://www.law.go.kr/LSW/lsInfoP.do?lsiSeq=239967&efYd=20220128
2025-08-17 16:31:40,155 - INFO - [__main__] - 상세 페이지 스크레이퍼 완료: 한국보건복지인재원법 시행령
2025-08-17 16:31:41,413 - INFO - [__main__] - 상세 페이지 스크레이퍼 실행: https://www.law.go.kr/LSW/lsInfoP.do?lsiSeq=197526&efYd=20170919
2025-08-17 16:31:44,648 - INFO - [__main__] - 상세 페이지 스크레이퍼 완료: 한국보건산업진흥원법
2025-08-17 16:31:45,863 - INFO - [__main__] - 상세 페이지 스크레이퍼 실행: https://www.law.go.kr/LSW/lsInfoP.do?lsiSeq=209795&efYd=20190702
2025-08-17 16:31:48,654 - INFO - [__main__] - 상세 페이지 스크레이퍼 완료: 한국보건산업진흥원법 시행령
2025-08-17 16:31:49,869 - INFO - [__main__] - 상세 페이지 스크레이퍼 실행: https://www.law.go.kr/LSW/lsInfoP.do?lsiSeq=198574&efYd=20181101
2025-08-17 16:31:55,547 - INFO - [__main__] - 상세 페이지 스크레이퍼 완료: 한국보건의료인국가시험원법
2025-08-17 16:31:56,769 - INFO - [__main__] - 상세 페이지 스크레이퍼 실행: https://www.law.go.kr/LSW/lsInfoP.do?lsiSeq=205115&efYd=20181101
2025-08-17 16:31:59,579 - INFO - [__main__] - 상세 페이지 스크레이퍼 완료: 한국보건의료인국가시험원법 시행령
2025-08-17 16:32:00,794 - INFO - [__main__] - 상세 페이지 스크레이퍼 실행: https://www.law.go.kr/LSW/lsInfoP.do?lsiSeq=258101&efYd=20240710
2025-08-17 16:32:03,513 - INFO - [__main__] - 상세 페이지 스크레이퍼 완료: 한국인 원자폭탄 피해자 지원을 위한 특별법
2025-08-17 16:32:04,733 - INFO - [__main__] - 상세 페이지 스크레이퍼 실행: https://www.law.go.kr/LSW/lsInfoP.do?lsiSeq=263905&efYd=20240710
2025-08-17 16:32:07,592 - INFO - [__main__] - 상세 페이지 스크레이퍼 완료: 한국인 원자폭탄 피해자 지원을 위한 특별법 시행령
2025-08-17 16:32:08,818 - INFO - [__main__] - 상세 페이지 스크레이퍼 실행: https://www.law.go.kr/LSW/lsInfoP.do?lsiSeq=206701&efYd=20190716
2025-08-17 16:32:11,530 - INFO - [__main__] - 상세 페이지 스크레이퍼 완료: 한센인피해사건의 진상규명 및 피해자 지원 등에 관한 법률
2025-08-17 16:32:12,750 - INFO - [__main__] - 상세 페이지 스크레이퍼 실행: https://www.law.go.kr/LSW/lsInfoP.do?lsiSeq=208682&efYd=20190716
2025-08-17 16:32:16,323 - INFO - [__main__] - 상세 페이지 스크레이퍼 완료: 한센인피해사건의 진상규명 및 피해자 지원 등에 관한 법률 시행령
2025-08-17 16:32:17,540 - INFO - [__main__] - 상세 페이지 스크레이퍼 실행: https://www.law.go.kr/LSW/lsInfoP.do?lsiSeq=228463&efYd=20210107
2025-08-17 16:32:20,375 - INFO - [__main__] - 상세 페이지 스크레이퍼 완료: 한센인피해사건의 진상규명 및 피해자 지원 등에 관한 법률 시행규칙
2025-08-17 16:32:21,565 - INFO - [__main__] - 상세 페이지 스크레이퍼 실행: https://www.law.go.kr/LSW/lsInfoP.do?lsiSeq=258801&efYd=20240116
2025-08-17 16:32:24,473 - INFO - [__main__] - 상세 페이지 스크레이퍼 완료: 한의사전문의의 수련 및 자격 인정 등에 관한 규정
2025-08-17 16:32:25,687 - INFO - [__main__] - 상세 페이지 스크레이퍼 실행: https://www.law.go.kr/LSW/lsInfoP.do?lsiSeq=269857&efYd=20250311
2025-08-17 16:32:28,960 - INFO - [__main__] - 상세 페이지 스크레이퍼 완료: 한의사전문의의 수련 및 자격 인정 등에 관한 규정 시행규칙
2025-08-17 16:32:30,181 - INFO - [__main__] - 상세 페이지 스크레이퍼 실행: https://www.law.go.kr/LSW/lsInfoP.do?lsiSeq=259851&efYd=20240807
2025-08-17 16:32:33,282 - INFO - [__main__] - 상세 페이지 스크레이퍼 완료: 한의약 육성법
2025-08-17 16:32:34,497 - INFO - [__main__] - 상세 페이지 스크레이퍼 실행: https://www.law.go.kr/LSW/lsInfoP.do?lsiSeq=215255&efYd=20200303
2025-08-17 16:32:37,471 - INFO - [__main__] - 상세 페이지 스크레이퍼 완료: 한의약 육성법 시행령
2025-08-17 16:32:38,692 - INFO - [__main__] - 상세 페이지 스크레이퍼 실행: https://www.law.go.kr/LSW/lsInfoP.do?lsiSeq=238113&efYd=20230622
2025-08-17 16:32:42,378 - INFO - [__main__] - 상세 페이지 스크레이퍼 완료: 혈액관리법
2025-08-17 16:32:43,595 - INFO - [__main__] - 상세 페이지 스크레이퍼 실행: https://www.law.go.kr/LSW/lsInfoP.do?lsiSeq=250701&efYd=20230622
2025-08-17 16:32:46,851 - INFO - [__main__] - 상세 페이지 스크레이퍼 완료: 혈액관리법 시행령
2025-08-17 16:32:48,095 - INFO - [__main__] - 상세 페이지 스크레이퍼 실행: https://www.law.go.kr/LSW/lsInfoP.do?lsiSeq=265793&efYd=20241014
2025-08-17 16:32:52,257 - INFO - [__main__] - 상세 페이지 스크레이퍼 완료: 혈액관리법 시행규칙
2025-08-17 16:32:53,486 - INFO - [__main__] - 상세 페이지 스크레이퍼 실행: https://www.law.go.kr/LSW/lsInfoP.do?lsiSeq=251761&efYd=20240614
2025-08-17 16:32:56,638 - INFO - [__main__] - 상세 페이지 스크레이퍼 완료: 호스피스ㆍ완화의료 및 임종과정에 있는 환자의 연명의료결정에 관한 법률
2025-08-17 16:32:57,863 - INFO - [__main__] - 상세 페이지 스크레이퍼 실행: https://www.law.go.kr/LSW/lsInfoP.do?lsiSeq=270417&efYd=20251002
2025-08-17 16:33:00,844 - INFO - [__main__] - 상세 페이지 스크레이퍼 완료: 호스피스ㆍ완화의료 및 임종과정에 있는 환자의 연명의료결정에 관한 법률
2025-08-17 16:33:02,061 - INFO - [__main__] - 상세 페이지 스크레이퍼 실행: https://www.law.go.kr/LSW/lsInfoP.do?lsiSeq=246333&efYd=20221220
2025-08-17 16:33:04,995 - INFO - [__main__] - 상세 페이지 스크레이퍼 완료: 호스피스ㆍ완화의료 및 임종과정에 있는 환자의 연명의료결정에 관한 법률 시행령
2025-08-17 16:33:06,215 - INFO - [__main__] - 상세 페이지 스크레이퍼 실행: https://www.law.go.kr/LSW/lsInfoP.do?lsiSeq=263237&efYd=20240614
2025-08-17 16:33:09,738 - INFO - [__main__] - 상세 페이지 스크레이퍼 완료: 호스피스ㆍ완화의료 및 임종과정에 있는 환자의 연명의료결정에 관한 법률 시행규칙
2025-08-17 16:33:10,957 - INFO - [__main__] - 상세 페이지 스크레이퍼 실행: https://www.law.go.kr/LSW/lsInfoP.do?lsiSeq=265481&efYd=20250621
2025-08-17 16:33:14,486 - INFO - [__main__] - 상세 페이지 스크레이퍼 완료: 환자안전법
2025-08-17 16:33:15,705 - INFO - [__main__] - 상세 페이지 스크레이퍼 실행: https://www.law.go.kr/LSW/lsInfoP.do?lsiSeq=246337&efYd=20221220
2025-08-17 16:33:18,640 - INFO - [__main__] - 상세 페이지 스크레이퍼 완료: 환자안전법 시행령
2025-08-17 16:33:19,854 - INFO - [__main__] - 상세 페이지 스크레이퍼 실행: https://www.law.go.kr/LSW/lsInfoP.do?lsiSeq=266435&efYd=20241107
2025-08-17 16:33:23,024 - INFO - [__main__] - 상세 페이지 스크레이퍼 완료: 환자안전법 시행규칙
2025-08-17 16:33:24,246 - INFO - [__main__] - 상세 페이지 스크레이퍼 실행: https://www.law.go.kr/LSW/lsInfoP.do?lsiSeq=199536&efYd=20171212
2025-08-17 16:33:27,354 - INFO - [__main__] - 상세 페이지 스크레이퍼 완료: 효행 장려 및 지원에 관한 법률
2025-08-17 16:33:28,568 - INFO - [__main__] - 상세 페이지 스크레이퍼 실행: https://www.law.go.kr/LSW/lsInfoP.do?lsiSeq=203319&efYd=20180424
2025-08-17 16:33:31,974 - INFO - [__main__] - 상세 페이지 스크레이퍼 완료: 효행 장려 및 지원에 관한 법률 시행령
2025-08-17 16:33:33,185 - INFO - [__main__] - 상세 페이지 스크레이퍼 실행: https://www.law.go.kr/LSW/lsInfoP.do?lsiSeq=203336&efYd=20180424
2025-08-17 16:33:46,813 - INFO - [__main__] - 상세 페이지 스크레이퍼 완료: 효행 장려 및 지원에 관한 법률 시행규칙
2025-08-17 16:33:48,161 - INFO - [__main__] - 상세 페이지 스크레이퍼 실행: https://www.law.go.kr/LSW/lsInfoP.do?lsiSeq=266647&efYd=20250604
2025-08-17 16:33:51,133 - INFO - [__main__] - 상세 페이지 스크레이퍼 완료: 희귀질환관리법
2025-08-17 16:33:52,340 - INFO - [__main__] - 상세 페이지 스크레이퍼 실행: https://www.law.go.kr/LSW/lsInfoP.do?lsiSeq=270949&efYd=20250604
2025-08-17 16:33:55,769 - INFO - [__main__] - 상세 페이지 스크레이퍼 완료: 희귀질환관리법 시행령
2025-08-17 16:33:56,999 - INFO - [__main__] - 상세 페이지 스크레이퍼 실행: https://www.law.go.kr/LSW/lsInfoP.do?lsiSeq=266101&efYd=20241022
2025-08-17 16:34:00,580 - INFO - [__main__] - 상세 페이지 스크레이퍼 완료: 희귀질환관리법 시행규칙
