2025-08-17 15:41:08,067 - INFO - [__main__] - 총 154개의 URL을 './bin/../data/raw/1492000/urls.jsonl' 파일에 저장했습니다.
2025-08-17 15:41:08,260 - INFO - [__main__] - 상세 페이지 스크레이퍼 실행: https://www.law.go.kr/LSW/lsInfoP.do?lsiSeq=232959&efYd=20220616
2025-08-17 15:41:11,259 - INFO - [__main__] - 상세 페이지 스크레이퍼 완료: 가사근로자의 고용개선 등에 관한 법률
2025-08-17 15:41:12,638 - INFO - [__main__] - 상세 페이지 스크레이퍼 실행: https://www.law.go.kr/LSW/lsInfoP.do?lsiSeq=267779&efYd=20241231
2025-08-17 15:41:25,799 - INFO - [__main__] - 상세 페이지 스크레이퍼 완료: 가사근로자의 고용개선 등에 관한 법률 시행령
2025-08-17 15:41:27,066 - INFO - [__main__] - 상세 페이지 스크레이퍼 실행: https://www.law.go.kr/LSW/lsInfoP.do?lsiSeq=243269&efYd=20220616
2025-08-17 15:41:30,407 - INFO - [__main__] - 상세 페이지 스크레이퍼 완료: 가사근로자의 고용개선 등에 관한 법률 시행규칙
2025-08-17 15:41:31,667 - INFO - [__main__] - 상세 페이지 스크레이퍼 실행: https://www.law.go.kr/LSW/lsInfoP.do?lsiSeq=234693&efYd=20220218
2025-08-17 15:41:34,814 - INFO - [__main__] - 상세 페이지 스크레이퍼 완료: 건설근로자의 고용개선 등에 관한 법률
2025-08-17 15:41:36,045 - INFO - [__main__] - 상세 페이지 스크레이퍼 실행: https://www.law.go.kr/LSW/lsInfoP.do?lsiSeq=270619&efYd=20250415
2025-08-17 15:41:39,056 - INFO - [__main__] - 상세 페이지 스크레이퍼 완료: 건설근로자의 고용개선 등에 관한 법률 시행령
2025-08-17 15:41:40,274 - INFO - [__main__] - 상세 페이지 스크레이퍼 실행: https://www.law.go.kr/LSW/lsInfoP.do?lsiSeq=265105&efYd=20240828
2025-08-17 15:41:44,231 - INFO - [__main__] - 상세 페이지 스크레이퍼 완료: 건설근로자의 고용개선 등에 관한 법률 시행규칙
2025-08-17 15:41:45,436 - INFO - [__main__] - 상세 페이지 스크레이퍼 실행: https://www.law.go.kr/LSW/lsInfoP.do?lsiSeq=228177&efYd=20210706
2025-08-17 15:41:48,486 - INFO - [__main__] - 상세 페이지 스크레이퍼 완료: 경제사회노동위원회법
2025-08-17 15:41:49,705 - INFO - [__main__] - 상세 페이지 스크레이퍼 실행: https://www.law.go.kr/LSW/lsInfoP.do?lsiSeq=204361&efYd=20180913
2025-08-17 15:42:02,378 - INFO - [__main__] - 상세 페이지 스크레이퍼 완료: 경제사회노동위원회법 시행령
2025-08-17 15:42:03,640 - INFO - [__main__] - 상세 페이지 스크레이퍼 실행: https://www.law.go.kr/LSW/lsInfoP.do?lsiSeq=246209&efYd=20221216
2025-08-17 15:42:06,869 - INFO - [__main__] - 상세 페이지 스크레이퍼 완료: 고용노동부 소관 비상대비에 관한 법률 시행규칙
2025-08-17 15:42:08,097 - INFO - [__main__] - 상세 페이지 스크레이퍼 실행: https://www.law.go.kr/LSW/lsInfoP.do?lsiSeq=193534&efYd=20170419
2025-08-17 15:42:11,105 - INFO - [__main__] - 상세 페이지 스크레이퍼 완료: 고용노동부 소관 비영리법인의 설립 및 감독에 관한 규칙
2025-08-17 15:42:12,327 - INFO - [__main__] - 상세 페이지 스크레이퍼 실행: https://www.law.go.kr/LSW/lsInfoP.do?lsiSeq=271125&efYd=20250520
2025-08-17 15:42:17,054 - INFO - [__main__] - 상세 페이지 스크레이퍼 완료: 고용노동부와 그 소속기관 직제
2025-08-17 15:42:18,312 - INFO - [__main__] - 상세 페이지 스크레이퍼 실행: https://www.law.go.kr/LSW/lsInfoP.do?lsiSeq=271223&efYd=20250602
2025-08-17 15:42:22,032 - INFO - [__main__] - 상세 페이지 스크레이퍼 완료: 고용노동부와 그 소속기관 직제 시행규칙
2025-08-17 15:42:23,263 - INFO - [__main__] - 상세 페이지 스크레이퍼 실행: https://www.law.go.kr/LSW/lsInfoP.do?lsiSeq=247481&efYd=20240101
2025-08-17 15:42:27,099 - INFO - [__main__] - 상세 페이지 스크레이퍼 완료: 고용보험 및 산업재해보상보험의 보험료징수 등에 관한 법률
2025-08-17 15:42:28,320 - INFO - [__main__] - 상세 페이지 스크레이퍼 실행: https://www.law.go.kr/LSW/lsInfoP.do?lsiSeq=271473&efYd=20250602
2025-08-17 15:42:32,145 - INFO - [__main__] - 상세 페이지 스크레이퍼 완료: 고용보험 및 산업재해보상보험의 보험료징수 등에 관한 법률 시행령
2025-08-17 15:42:33,385 - INFO - [__main__] - 상세 페이지 스크레이퍼 실행: https://www.law.go.kr/LSW/lsInfoP.do?lsiSeq=272679&efYd=20250701
2025-08-17 15:42:37,965 - INFO - [__main__] - 상세 페이지 스크레이퍼 완료: 고용보험 및 산업재해보상보험의 보험료징수 등에 관한 법률 시행규칙
2025-08-17 15:42:39,301 - INFO - [__main__] - 상세 페이지 스크레이퍼 실행: https://www.law.go.kr/LSW/lsInfoP.do?lsiSeq=265957&efYd=20250223
2025-08-17 15:42:44,215 - INFO - [__main__] - 상세 페이지 스크레이퍼 완료: 고용보험법
2025-08-17 15:42:45,437 - INFO - [__main__] - 상세 페이지 스크레이퍼 실행: https://www.law.go.kr/LSW/lsInfoP.do?lsiSeq=273039&efYd=20250805
2025-08-17 15:42:49,878 - INFO - [__main__] - 상세 페이지 스크레이퍼 완료: 고용보험법 시행령
2025-08-17 15:42:51,108 - INFO - [__main__] - 상세 페이지 스크레이퍼 실행: https://www.law.go.kr/LSW/lsInfoP.do?lsiSeq=272635&efYd=20250701
2025-08-17 15:42:55,924 - INFO - [__main__] - 상세 페이지 스크레이퍼 완료: 고용보험법 시행규칙
2025-08-17 15:42:57,174 - INFO - [__main__] - 상세 페이지 스크레이퍼 실행: https://www.law.go.kr/LSW/lsInfoP.do?lsiSeq=91137&efYd=20090107
2025-08-17 15:43:00,091 - INFO - [__main__] - 상세 페이지 스크레이퍼 완료: 고용보험ㆍ산업재해보상보험의 보험관계 성립신고 등의 촉진을 위한 특별조치법
2025-08-17 15:43:01,314 - INFO - [__main__] - 상세 페이지 스크레이퍼 실행: https://www.law.go.kr/LSW/lsInfoP.do?lsiSeq=243057&efYd=20220610
2025-08-17 15:43:04,744 - INFO - [__main__] - 상세 페이지 스크레이퍼 완료: 고용상 연령차별금지 및 고령자고용촉진에 관한 법률
2025-08-17 15:43:06,043 - INFO - [__main__] - 상세 페이지 스크레이퍼 실행: https://www.law.go.kr/LSW/lsInfoP.do?lsiSeq=267181&efYd=20250101
2025-08-17 15:43:09,035 - INFO - [__main__] - 상세 페이지 스크레이퍼 완료: 고용상 연령차별금지 및 고령자고용촉진에 관한 법률 시행령
2025-08-17 15:43:10,285 - INFO - [__main__] - 상세 페이지 스크레이퍼 실행: https://www.law.go.kr/LSW/lsInfoP.do?lsiSeq=243713&efYd=20220701
2025-08-17 15:43:13,648 - INFO - [__main__] - 상세 페이지 스크레이퍼 완료: 고용상 연령차별금지 및 고령자고용촉진에 관한 법률 시행규칙
2025-08-17 15:43:14,884 - INFO - [__main__] - 상세 페이지 스크레이퍼 실행: https://www.law.go.kr/LSW/lsInfoP.do?lsiSeq=258087&efYd=20240109
2025-08-17 15:43:18,710 - INFO - [__main__] - 상세 페이지 스크레이퍼 완료: 고용정책 기본법
2025-08-17 15:43:19,927 - INFO - [__main__] - 상세 페이지 스크레이퍼 실행: https://www.law.go.kr/LSW/lsInfoP.do?lsiSeq=270057&efYd=20250325
2025-08-17 15:43:23,009 - INFO - [__main__] - 상세 페이지 스크레이퍼 완료: 고용정책 기본법 시행령
2025-08-17 15:43:24,250 - INFO - [__main__] - 상세 페이지 스크레이퍼 실행: https://www.law.go.kr/LSW/lsInfoP.do?lsiSeq=256495&efYd=20231205
2025-08-17 15:43:27,516 - INFO - [__main__] - 상세 페이지 스크레이퍼 완료: 고용정책 기본법 시행규칙
2025-08-17 15:43:28,730 - INFO - [__main__] - 상세 페이지 스크레이퍼 실행: https://www.law.go.kr/LSW/lsInfoP.do?lsiSeq=243037&efYd=20231211
2025-08-17 15:43:31,450 - INFO - [__main__] - 상세 페이지 스크레이퍼 완료: 공무원의 노동조합 설립 및 운영 등에 관한 법률
2025-08-17 15:43:32,675 - INFO - [__main__] - 상세 페이지 스크레이퍼 실행: https://www.law.go.kr/LSW/lsInfoP.do?lsiSeq=256437&efYd=20231211
2025-08-17 15:43:35,742 - INFO - [__main__] - 상세 페이지 스크레이퍼 완료: 공무원의 노동조합 설립 및 운영 등에 관한 법률 시행령
2025-08-17 15:43:36,976 - INFO - [__main__] - 상세 페이지 스크레이퍼 실행: https://www.law.go.kr/LSW/lsInfoP.do?lsiSeq=257903&efYd=20240101
2025-08-17 15:43:40,277 - INFO - [__main__] - 상세 페이지 스크레이퍼 완료: 공무원의 노동조합 설립 및 운영 등에 관한 법률 시행규칙
2025-08-17 15:43:41,800 - INFO - [__main__] - 상세 페이지 스크레이퍼 실행: https://www.law.go.kr/LSW/lsInfoP.do?lsiSeq=243059&efYd=20221211
2025-08-17 15:43:55,027 - INFO - [__main__] - 상세 페이지 스크레이퍼 완료: 공인노무사법
2025-08-17 15:43:56,284 - INFO - [__main__] - 상세 페이지 스크레이퍼 실행: https://www.law.go.kr/LSW/lsInfoP.do?lsiSeq=265549&efYd=20240926
2025-08-17 15:44:00,245 - INFO - [__main__] - 상세 페이지 스크레이퍼 완료: 공인노무사법 시행령
2025-08-17 15:44:01,472 - INFO - [__main__] - 상세 페이지 스크레이퍼 실행: https://www.law.go.kr/LSW/lsInfoP.do?lsiSeq=247371&efYd=20221230
2025-08-17 15:44:05,333 - INFO - [__main__] - 상세 페이지 스크레이퍼 완료: 공인노무사법 시행규칙
2025-08-17 15:44:06,542 - INFO - [__main__] - 상세 페이지 스크레이퍼 실행: https://www.law.go.kr/LSW/lsInfoP.do?lsiSeq=233829&efYd=20220101
2025-08-17 15:44:09,819 - INFO - [__main__] - 상세 페이지 스크레이퍼 완료: 공휴일에 관한 법률
2025-08-17 15:44:11,110 - INFO - [__main__] - 상세 페이지 스크레이퍼 실행: https://www.law.go.kr/LSW/lsInfoP.do?lsiSeq=243039&efYd=20231211
2025-08-17 15:44:14,580 - INFO - [__main__] - 상세 페이지 스크레이퍼 완료: 교원의 노동조합 설립 및 운영 등에 관한 법률
2025-08-17 15:44:15,823 - INFO - [__main__] - 상세 페이지 스크레이퍼 실행: https://www.law.go.kr/LSW/lsInfoP.do?lsiSeq=256439&efYd=20231211
2025-08-17 15:44:19,602 - INFO - [__main__] - 상세 페이지 스크레이퍼 완료: 교원의 노동조합 설립 및 운영 등에 관한 법률 시행령
2025-08-17 15:44:20,825 - INFO - [__main__] - 상세 페이지 스크레이퍼 실행: https://www.law.go.kr/LSW/lsInfoP.do?lsiSeq=233793&efYd=20210706
2025-08-17 15:44:23,988 - INFO - [__main__] - 상세 페이지 스크레이퍼 완료: 교원의 노동조합 설립 및 운영 등에 관한 법률 시행규칙
2025-08-17 15:44:25,217 - INFO - [__main__] - 상세 페이지 스크레이퍼 실행: https://www.law.go.kr/LSW/lsInfoP.do?lsiSeq=253641&efYd=20240209
2025-08-17 15:44:28,807 - INFO - [__main__] - 상세 페이지 스크레이퍼 완료: 구직자 취업촉진 및 생활안정지원에 관한 법률
2025-08-17 15:44:30,040 - INFO - [__main__] - 상세 페이지 스크레이퍼 실행: https://www.law.go.kr/LSW/lsInfoP.do?lsiSeq=260081&efYd=20240209
2025-08-17 15:44:33,407 - INFO - [__main__] - 상세 페이지 스크레이퍼 완료: 구직자 취업촉진 및 생활안정지원에 관한 법률 시행령
2025-08-17 15:44:34,622 - INFO - [__main__] - 상세 페이지 스크레이퍼 실행: https://www.law.go.kr/LSW/lsInfoP.do?lsiSeq=260439&efYd=20240213
2025-08-17 15:44:38,766 - INFO - [__main__] - 상세 페이지 스크레이퍼 완료: 구직자 취업촉진 및 생활안정지원에 관한 법률 시행규칙
2025-08-17 15:44:39,997 - INFO - [__main__] - 상세 페이지 스크레이퍼 실행: https://www.law.go.kr/LSW/lsInfoP.do?lsiSeq=243041&efYd=20220610
2025-08-17 15:44:43,392 - INFO - [__main__] - 상세 페이지 스크레이퍼 완료: 국가기술자격법
2025-08-17 15:44:44,613 - INFO - [__main__] - 상세 페이지 스크레이퍼 실행: https://www.law.go.kr/LSW/lsInfoP.do?lsiSeq=263305&efYd=20240627
2025-08-17 15:44:48,906 - INFO - [__main__] - 상세 페이지 스크레이퍼 완료: 국가기술자격법 시행령
2025-08-17 15:44:50,145 - INFO - [__main__] - 상세 페이지 스크레이퍼 실행: https://www.law.go.kr/LSW/lsInfoP.do?lsiSeq=269697&efYd=20260101
2025-08-17 15:44:53,551 - INFO - [__main__] - 상세 페이지 스크레이퍼 완료: 국가기술자격법 시행령
2025-08-17 15:44:54,778 - INFO - [__main__] - 상세 페이지 스크레이퍼 실행: https://www.law.go.kr/LSW/lsInfoP.do?lsiSeq=265027&efYd=20260101
2025-08-17 15:44:58,793 - INFO - [__main__] - 상세 페이지 스크레이퍼 완료: 국가기술자격법 시행령
2025-08-17 15:45:00,027 - INFO - [__main__] - 상세 페이지 스크레이퍼 실행: https://www.law.go.kr/LSW/lsInfoP.do?lsiSeq=266183&efYd=20250101
2025-08-17 15:45:04,108 - INFO - [__main__] - 상세 페이지 스크레이퍼 완료: 국가기술자격법 시행규칙
2025-08-17 15:45:05,354 - INFO - [__main__] - 상세 페이지 스크레이퍼 실행: https://www.law.go.kr/LSW/lsInfoP.do?lsiSeq=266183&efYd=20260101
2025-08-17 15:45:09,341 - INFO - [__main__] - 상세 페이지 스크레이퍼 완료: 국가기술자격법 시행규칙
2025-08-17 15:45:10,584 - INFO - [__main__] - 상세 페이지 스크레이퍼 실행: https://www.law.go.kr/LSW/lsInfoP.do?lsiSeq=256115&efYd=20260101
2025-08-17 15:45:15,446 - INFO - [__main__] - 상세 페이지 스크레이퍼 완료: 국가기술자격법 시행규칙
2025-08-17 15:45:16,677 - INFO - [__main__] - 상세 페이지 스크레이퍼 실행: https://www.law.go.kr/LSW/lsInfoP.do?lsiSeq=247245&efYd=20230704
2025-08-17 15:45:20,291 - INFO - [__main__] - 상세 페이지 스크레이퍼 완료: 국민 평생 직업능력 개발법
2025-08-17 15:45:21,525 - INFO - [__main__] - 상세 페이지 스크레이퍼 실행: https://www.law.go.kr/LSW/lsInfoP.do?lsiSeq=271475&efYd=20250602
2025-08-17 15:45:25,129 - INFO - [__main__] - 상세 페이지 스크레이퍼 완료: 국민 평생 직업능력 개발법 시행령
2025-08-17 15:45:26,359 - INFO - [__main__] - 상세 페이지 스크레이퍼 실행: https://www.law.go.kr/LSW/lsInfoP.do?lsiSeq=271525&efYd=20250602
2025-08-17 15:45:30,083 - INFO - [__main__] - 상세 페이지 스크레이퍼 완료: 국민 평생 직업능력 개발법 시행규칙
2025-08-17 15:45:31,318 - INFO - [__main__] - 상세 페이지 스크레이퍼 실행: https://www.law.go.kr/LSW/lsInfoP.do?lsiSeq=271525&efYd=20250903
2025-08-17 15:45:35,153 - INFO - [__main__] - 상세 페이지 스크레이퍼 완료: 국민 평생 직업능력 개발법 시행규칙
2025-08-17 15:45:36,384 - INFO - [__main__] - 상세 페이지 스크레이퍼 실행: https://www.law.go.kr/LSW/lsInfoP.do?lsiSeq=108467&efYd=20101027
2025-08-17 15:45:49,019 - INFO - [__main__] - 상세 페이지 스크레이퍼 완료: 근로감독관규정
2025-08-17 15:45:50,299 - INFO - [__main__] - 상세 페이지 스크레이퍼 실행: https://www.law.go.kr/LSW/lsInfoP.do?lsiSeq=184050&efYd=20160616
2025-08-17 15:45:53,080 - INFO - [__main__] - 상세 페이지 스크레이퍼 완료: 근로감독관증 규칙
2025-08-17 15:45:54,303 - INFO - [__main__] - 상세 페이지 스크레이퍼 실행: https://www.law.go.kr/LSW/lsInfoP.do?lsiSeq=265959&efYd=20250223
2025-08-17 15:45:57,969 - INFO - [__main__] - 상세 페이지 스크레이퍼 완료: 근로기준법
2025-08-17 15:45:59,218 - INFO - [__main__] - 상세 페이지 스크레이퍼 실행: https://www.law.go.kr/LSW/lsInfoP.do?lsiSeq=265959&efYd=20251023
2025-08-17 15:46:03,526 - INFO - [__main__] - 상세 페이지 스크레이퍼 완료: 근로기준법
2025-08-17 15:46:04,806 - INFO - [__main__] - 상세 페이지 스크레이퍼 실행: https://www.law.go.kr/LSW/lsInfoP.do?lsiSeq=269073&efYd=20250223
2025-08-17 15:46:08,662 - INFO - [__main__] - 상세 페이지 스크레이퍼 완료: 근로기준법 시행령
2025-08-17 15:46:09,885 - INFO - [__main__] - 상세 페이지 스크레이퍼 실행: https://www.law.go.kr/LSW/lsInfoP.do?lsiSeq=270551&efYd=20251023
2025-08-17 15:46:13,925 - INFO - [__main__] - 상세 페이지 스크레이퍼 완료: 근로기준법 시행령
2025-08-17 15:46:15,156 - INFO - [__main__] - 상세 페이지 스크레이퍼 실행: https://www.law.go.kr/LSW/lsInfoP.do?lsiSeq=269393&efYd=20250223
2025-08-17 15:46:18,761 - INFO - [__main__] - 상세 페이지 스크레이퍼 완료: 근로기준법 시행규칙
2025-08-17 15:46:19,983 - INFO - [__main__] - 상세 페이지 스크레이퍼 실행: https://www.law.go.kr/LSW/lsInfoP.do?lsiSeq=243061&efYd=20230611
2025-08-17 15:46:23,760 - INFO - [__main__] - 상세 페이지 스크레이퍼 완료: 근로복지기본법
2025-08-17 15:46:24,985 - INFO - [__main__] - 상세 페이지 스크레이퍼 실행: https://www.law.go.kr/LSW/lsInfoP.do?lsiSeq=270527&efYd=20250408
2025-08-17 15:46:28,086 - INFO - [__main__] - 상세 페이지 스크레이퍼 완료: 근로복지기본법 시행령
2025-08-17 15:46:29,301 - INFO - [__main__] - 상세 페이지 스크레이퍼 실행: https://www.law.go.kr/LSW/lsInfoP.do?lsiSeq=270695&efYd=20250414
2025-08-17 15:46:33,182 - INFO - [__main__] - 상세 페이지 스크레이퍼 완료: 근로복지기본법 시행규칙
2025-08-17 15:46:34,410 - INFO - [__main__] - 상세 페이지 스크레이퍼 실행: https://www.law.go.kr/LSW/lsInfoP.do?lsiSeq=180480&efYd=20160127
2025-08-17 15:46:37,232 - INFO - [__main__] - 상세 페이지 스크레이퍼 완료: 근로자의 날 제정에 관한 법률
2025-08-17 15:46:38,458 - INFO - [__main__] - 상세 페이지 스크레이퍼 실행: https://www.law.go.kr/LSW/lsInfoP.do?lsiSeq=243063&efYd=20221211
2025-08-17 15:46:41,436 - INFO - [__main__] - 상세 페이지 스크레이퍼 완료: 근로자참여 및 협력증진에 관한 법률
2025-08-17 15:46:42,657 - INFO - [__main__] - 상세 페이지 스크레이퍼 실행: https://www.law.go.kr/LSW/lsInfoP.do?lsiSeq=245235&efYd=20221211
2025-08-17 15:46:46,141 - INFO - [__main__] - 상세 페이지 스크레이퍼 완료: 근로자참여 및 협력증진에 관한 법률 시행령
2025-08-17 15:46:47,364 - INFO - [__main__] - 상세 페이지 스크레이퍼 실행: https://www.law.go.kr/LSW/lsInfoP.do?lsiSeq=251789&efYd=20230608
2025-08-17 15:46:50,212 - INFO - [__main__] - 상세 페이지 스크레이퍼 완료: 근로자참여 및 협력증진에 관한 법률 시행규칙
2025-08-17 15:46:51,446 - INFO - [__main__] - 상세 페이지 스크레이퍼 실행: https://www.law.go.kr/LSW/lsInfoP.do?lsiSeq=239311&efYd=20220712
2025-08-17 15:46:55,878 - INFO - [__main__] - 상세 페이지 스크레이퍼 완료: 근로자퇴직급여 보장법
2025-08-17 15:46:57,101 - INFO - [__main__] - 상세 페이지 스크레이퍼 실행: https://www.law.go.kr/LSW/lsInfoP.do?lsiSeq=262801&efYd=20240528
2025-08-17 15:47:01,705 - INFO - [__main__] - 상세 페이지 스크레이퍼 완료: 근로자퇴직급여 보장법 시행령
2025-08-17 15:47:02,941 - INFO - [__main__] - 상세 페이지 스크레이퍼 실행: https://www.law.go.kr/LSW/lsInfoP.do?lsiSeq=243903&efYd=20220712
2025-08-17 15:47:06,556 - INFO - [__main__] - 상세 페이지 스크레이퍼 완료: 근로자퇴직급여 보장법 시행규칙
2025-08-17 15:47:07,810 - INFO - [__main__] - 상세 페이지 스크레이퍼 실행: https://www.law.go.kr/LSW/lsInfoP.do?lsiSeq=232201&efYd=20210518
2025-08-17 15:47:11,182 - INFO - [__main__] - 상세 페이지 스크레이퍼 완료: 기간제 및 단시간근로자 보호 등에 관한 법률
2025-08-17 15:47:12,414 - INFO - [__main__] - 상세 페이지 스크레이퍼 실행: https://www.law.go.kr/LSW/lsInfoP.do?lsiSeq=230833&efYd=20210408
2025-08-17 15:47:15,848 - INFO - [__main__] - 상세 페이지 스크레이퍼 완료: 기간제 및 단시간근로자 보호 등에 관한 법률 시행령
2025-08-17 15:47:17,061 - INFO - [__main__] - 상세 페이지 스크레이퍼 실행: https://www.law.go.kr/LSW/lsInfoP.do?lsiSeq=79595&efYd=20070701
2025-08-17 15:47:19,944 - INFO - [__main__] - 상세 페이지 스크레이퍼 완료: 기간제 및 단시간근로자 보호 등에 관한 법률 시행규칙
2025-08-17 15:47:21,159 - INFO - [__main__] - 상세 페이지 스크레이퍼 실행: https://www.law.go.kr/LSW/lsInfoP.do?lsiSeq=265999&efYd=20250223
2025-08-17 15:47:24,778 - INFO - [__main__] - 상세 페이지 스크레이퍼 완료: 남녀고용평등과 일ㆍ가정 양립 지원에 관한 법률
2025-08-17 15:47:25,984 - INFO - [__main__] - 상세 페이지 스크레이퍼 실행: https://www.law.go.kr/LSW/lsInfoP.do?lsiSeq=269071&efYd=20250223
2025-08-17 15:47:29,318 - INFO - [__main__] - 상세 페이지 스크레이퍼 완료: 남녀고용평등과 일ㆍ가정 양립 지원에 관한 법률 시행령
2025-08-17 15:47:30,548 - INFO - [__main__] - 상세 페이지 스크레이퍼 실행: https://www.law.go.kr/LSW/lsInfoP.do?lsiSeq=269395&efYd=20250223
2025-08-17 15:47:33,610 - INFO - [__main__] - 상세 페이지 스크레이퍼 완료: 남녀고용평등과 일ㆍ가정 양립 지원에 관한 법률 시행규칙
2025-08-17 15:47:34,807 - INFO - [__main__] - 상세 페이지 스크레이퍼 실행: https://www.law.go.kr/LSW/lsInfoP.do?lsiSeq=232203&efYd=20220519
2025-08-17 15:47:37,860 - INFO - [__main__] - 상세 페이지 스크레이퍼 완료: 노동위원회법
2025-08-17 15:47:39,075 - INFO - [__main__] - 상세 페이지 스크레이퍼 실행: https://www.law.go.kr/LSW/lsInfoP.do?lsiSeq=267225&efYd=20241227
2025-08-17 15:47:43,230 - INFO - [__main__] - 상세 페이지 스크레이퍼 완료: 노동위원회법 시행령
2025-08-17 15:47:44,456 - INFO - [__main__] - 상세 페이지 스크레이퍼 실행: https://www.law.go.kr/LSW/lsInfoP.do?lsiSeq=173125&efYd=20150721
2025-08-17 15:47:48,088 - INFO - [__main__] - 상세 페이지 스크레이퍼 완료: 노동위원회법 시행규칙
2025-08-17 15:47:49,329 - INFO - [__main__] - 상세 페이지 스크레이퍼 실행: https://www.law.go.kr/LSW/lsInfoP.do?lsiSeq=228175&efYd=20210706
2025-08-17 15:47:52,787 - INFO - [__main__] - 상세 페이지 스크레이퍼 완료: 노동조합 및 노동관계조정법
2025-08-17 15:47:54,018 - INFO - [__main__] - 상세 페이지 스크레이퍼 실행: https://www.law.go.kr/LSW/lsInfoP.do?lsiSeq=273063&efYd=20250807
2025-08-17 15:47:57,348 - INFO - [__main__] - 상세 페이지 스크레이퍼 완료: 노동조합 및 노동관계조정법 시행령
2025-08-17 15:47:58,581 - INFO - [__main__] - 상세 페이지 스크레이퍼 실행: https://www.law.go.kr/LSW/lsInfoP.do?lsiSeq=257893&efYd=20240101
2025-08-17 15:48:01,943 - INFO - [__main__] - 상세 페이지 스크레이퍼 완료: 노동조합 및 노동관계조정법 시행규칙
2025-08-17 15:48:03,157 - INFO - [__main__] - 상세 페이지 스크레이퍼 실행: https://www.law.go.kr/LSW/lsInfoP.do?lsiSeq=180465&efYd=20160127
2025-08-17 15:48:05,981 - INFO - [__main__] - 상세 페이지 스크레이퍼 완료: 노사관계 발전 지원에 관한 법률
2025-08-17 15:48:07,205 - INFO - [__main__] - 상세 페이지 스크레이퍼 실행: https://www.law.go.kr/LSW/lsInfoP.do?lsiSeq=209662&efYd=20190702
2025-08-17 15:48:11,042 - INFO - [__main__] - 상세 페이지 스크레이퍼 완료: 노사관계 발전 지원에 관한 법률 시행령
2025-08-17 15:48:12,263 - INFO - [__main__] - 상세 페이지 스크레이퍼 실행: https://www.law.go.kr/LSW/lsInfoP.do?lsiSeq=122694&efYd=20120802
2025-08-17 15:48:15,746 - INFO - [__main__] - 상세 페이지 스크레이퍼 완료: 사회적기업 육성법
2025-08-17 15:48:16,978 - INFO - [__main__] - 상세 페이지 스크레이퍼 실행: https://www.law.go.kr/LSW/lsInfoP.do?lsiSeq=262289&efYd=20240517
2025-08-17 15:48:20,428 - INFO - [__main__] - 상세 페이지 스크레이퍼 완료: 사회적기업 육성법 시행령
2025-08-17 15:48:21,654 - INFO - [__main__] - 상세 페이지 스크레이퍼 실행: https://www.law.go.kr/LSW/lsInfoP.do?lsiSeq=212633&efYd=20191220
2025-08-17 15:48:24,981 - INFO - [__main__] - 상세 페이지 스크레이퍼 완료: 사회적기업 육성법 시행규칙
2025-08-17 15:48:26,225 - INFO - [__main__] - 상세 페이지 스크레이퍼 실행: https://www.law.go.kr/LSW/lsInfoP.do?lsiSeq=272927&efYd=20250717
2025-08-17 15:48:32,712 - INFO - [__main__] - 상세 페이지 스크레이퍼 완료: 산업안전보건기준에 관한 규칙
2025-08-17 15:48:33,975 - INFO - [__main__] - 상세 페이지 스크레이퍼 실행: https://www.law.go.kr/LSW/lsInfoP.do?lsiSeq=268551&efYd=20250722
2025-08-17 15:48:38,375 - INFO - [__main__] - 상세 페이지 스크레이퍼 완료: 산업안전보건법
2025-08-17 15:48:39,649 - INFO - [__main__] - 상세 페이지 스크레이퍼 실행: https://www.law.go.kr/LSW/lsInfoP.do?lsiSeq=272499&efYd=20250621
2025-08-17 15:48:44,751 - INFO - [__main__] - 상세 페이지 스크레이퍼 완료: 산업안전보건법 시행령
2025-08-17 15:48:45,992 - INFO - [__main__] - 상세 페이지 스크레이퍼 실행: https://www.law.go.kr/LSW/lsInfoP.do?lsiSeq=263363&efYd=20260626
2025-08-17 15:48:50,138 - INFO - [__main__] - 상세 페이지 스크레이퍼 완료: 산업안전보건법 시행령
2025-08-17 15:48:51,373 - INFO - [__main__] - 상세 페이지 스크레이퍼 실행: https://www.law.go.kr/LSW/lsInfoP.do?lsiSeq=271485&efYd=20250601
2025-08-17 15:48:57,637 - INFO - [__main__] - 상세 페이지 스크레이퍼 완료: 산업안전보건법 시행규칙
2025-08-17 15:48:58,967 - INFO - [__main__] - 상세 페이지 스크레이퍼 실행: https://www.law.go.kr/LSW/lsInfoP.do?lsiSeq=271485&efYd=20260101
2025-08-17 15:49:05,108 - INFO - [__main__] - 상세 페이지 스크레이퍼 완료: 산업안전보건법 시행규칙
2025-08-17 15:49:06,394 - INFO - [__main__] - 상세 페이지 스크레이퍼 실행: https://www.law.go.kr/LSW/lsInfoP.do?lsiSeq=263749&efYd=20260626
2025-08-17 15:49:12,157 - INFO - [__main__] - 상세 페이지 스크레이퍼 완료: 산업안전보건법 시행규칙
2025-08-17 15:49:13,499 - INFO - [__main__] - 상세 페이지 스크레이퍼 실행: https://www.law.go.kr/LSW/lsInfoP.do?lsiSeq=265977&efYd=20250101
2025-08-17 15:49:17,553 - INFO - [__main__] - 상세 페이지 스크레이퍼 완료: 산업재해보상보험법
2025-08-17 15:49:18,791 - INFO - [__main__] - 상세 페이지 스크레이퍼 실행: https://www.law.go.kr/LSW/lsInfoP.do?lsiSeq=272501&efYd=20250621
2025-08-17 15:49:23,105 - INFO - [__main__] - 상세 페이지 스크레이퍼 완료: 산업재해보상보험법 시행령
2025-08-17 15:49:24,717 - INFO - [__main__] - 상세 페이지 스크레이퍼 실행: https://www.law.go.kr/LSW/lsInfoP.do?lsiSeq=272427&efYd=20250621
2025-08-17 15:49:30,201 - INFO - [__main__] - 상세 페이지 스크레이퍼 완료: 산업재해보상보험법 시행규칙
2025-08-17 15:49:31,511 - INFO - [__main__] - 상세 페이지 스크레이퍼 실행: https://www.law.go.kr/LSW/lsInfoP.do?lsiSeq=255401&efYd=20240425
2025-08-17 15:49:35,406 - INFO - [__main__] - 상세 페이지 스크레이퍼 완료: 산업전환에 따른 고용안정 지원 등에 관한 법률
2025-08-17 15:49:36,624 - INFO - [__main__] - 상세 페이지 스크레이퍼 실행: https://www.law.go.kr/LSW/lsInfoP.do?lsiSeq=261767&efYd=20240425
2025-08-17 15:49:39,847 - INFO - [__main__] - 상세 페이지 스크레이퍼 완료: 산업전환에 따른 고용안정 지원 등에 관한 법률 시행령
2025-08-17 15:49:41,075 - INFO - [__main__] - 상세 페이지 스크레이퍼 실행: https://www.law.go.kr/LSW/lsInfoP.do?lsiSeq=234773&efYd=20220218
2025-08-17 15:49:44,304 - INFO - [__main__] - 상세 페이지 스크레이퍼 완료: 산업현장 일학습병행 지원에 관한 법률
2025-08-17 15:49:45,532 - INFO - [__main__] - 상세 페이지 스크레이퍼 실행: https://www.law.go.kr/LSW/lsInfoP.do?lsiSeq=271499&efYd=20250602
2025-08-17 15:49:48,980 - INFO - [__main__] - 상세 페이지 스크레이퍼 완료: 산업현장 일학습병행 지원에 관한 법률 시행령
2025-08-17 15:49:50,203 - INFO - [__main__] - 상세 페이지 스크레이퍼 실행: https://www.law.go.kr/LSW/lsInfoP.do?lsiSeq=221271&efYd=20200828
2025-08-17 15:49:53,021 - INFO - [__main__] - 상세 페이지 스크레이퍼 완료: 산업현장 일학습병행 지원에 관한 법률 시행규칙
2025-08-17 15:49:54,272 - INFO - [__main__] - 상세 페이지 스크레이퍼 실행: https://www.law.go.kr/LSW/lsInfoP.do?lsiSeq=252725&efYd=20230718
2025-08-17 15:49:57,164 - INFO - [__main__] - 상세 페이지 스크레이퍼 완료: 숙련기술장려법
2025-08-17 15:49:58,390 - INFO - [__main__] - 상세 페이지 스크레이퍼 실행: https://www.law.go.kr/LSW/lsInfoP.do?lsiSeq=230605&efYd=20210401
2025-08-17 15:50:01,646 - INFO - [__main__] - 상세 페이지 스크레이퍼 완료: 숙련기술장려법 시행령
2025-08-17 15:50:02,886 - INFO - [__main__] - 상세 페이지 스크레이퍼 실행: https://www.law.go.kr/LSW/lsInfoP.do?lsiSeq=264523&efYd=20240730
2025-08-17 15:50:06,802 - INFO - [__main__] - 상세 페이지 스크레이퍼 완료: 숙련기술장려법 시행규칙
2025-08-17 15:50:08,092 - INFO - [__main__] - 상세 페이지 스크레이퍼 실행: https://www.law.go.kr/LSW/lsInfoP.do?lsiSeq=242903&efYd=20220608
2025-08-17 15:50:10,940 - INFO - [__main__] - 상세 페이지 스크레이퍼 완료: 여성의 경제활동 실태조사 등에 관한 규칙
2025-08-17 15:50:12,171 - INFO - [__main__] - 상세 페이지 스크레이퍼 실행: https://www.law.go.kr/LSW/lsInfoP.do?lsiSeq=261459&efYd=20240927
2025-08-17 15:50:24,988 - INFO - [__main__] - 상세 페이지 스크레이퍼 완료: 여성의 경제활동 촉진과 경력단절 예방법
2025-08-17 15:50:26,392 - INFO - [__main__] - 상세 페이지 스크레이퍼 실행: https://www.law.go.kr/LSW/lsInfoP.do?lsiSeq=266329&efYd=20241112
2025-08-17 15:50:29,392 - INFO - [__main__] - 상세 페이지 스크레이퍼 완료: 여성의 경제활동 촉진과 경력단절 예방법 시행령
2025-08-17 15:50:30,614 - INFO - [__main__] - 상세 페이지 스크레이퍼 실행: https://www.law.go.kr/LSW/lsInfoP.do?lsiSeq=243191&efYd=20220608
2025-08-17 15:50:33,691 - INFO - [__main__] - 상세 페이지 스크레이퍼 완료: 여성의 경제활동 촉진과 경력단절 예방법 시행규칙
2025-08-17 15:50:34,899 - INFO - [__main__] - 상세 페이지 스크레이퍼 실행: https://www.law.go.kr/LSW/lsInfoP.do?lsiSeq=243065&efYd=20221211
2025-08-17 15:50:38,027 - INFO - [__main__] - 상세 페이지 스크레이퍼 완료: 외국인근로자의 고용 등에 관한 법률
2025-08-17 15:50:39,256 - INFO - [__main__] - 상세 페이지 스크레이퍼 실행: https://www.law.go.kr/LSW/lsInfoP.do?lsiSeq=244037&efYd=20230203
2025-08-17 15:50:43,163 - INFO - [__main__] - 상세 페이지 스크레이퍼 완료: 외국인근로자의 고용 등에 관한 법률 시행령
2025-08-17 15:50:44,444 - INFO - [__main__] - 상세 페이지 스크레이퍼 실행: https://www.law.go.kr/LSW/lsInfoP.do?lsiSeq=271599&efYd=20250602
2025-08-17 15:50:49,241 - INFO - [__main__] - 상세 페이지 스크레이퍼 완료: 외국인근로자의 고용 등에 관한 법률 시행규칙
2025-08-17 15:50:50,463 - INFO - [__main__] - 상세 페이지 스크레이퍼 실행: https://www.law.go.kr/LSW/lsInfoP.do?lsiSeq=268929&efYd=20250131
2025-08-17 15:50:54,310 - INFO - [__main__] - 상세 페이지 스크레이퍼 완료: 유해ㆍ위험작업의 취업 제한에 관한 규칙
2025-08-17 15:50:55,615 - INFO - [__main__] - 상세 페이지 스크레이퍼 실행: https://www.law.go.kr/LSW/lsInfoP.do?lsiSeq=240559&efYd=20220218
2025-08-17 15:50:59,442 - INFO - [__main__] - 상세 페이지 스크레이퍼 완료: 일자리위원회의 설치 및 운영에 관한 규정
2025-08-17 15:51:00,677 - INFO - [__main__] - 상세 페이지 스크레이퍼 실행: https://www.law.go.kr/LSW/lsInfoP.do?lsiSeq=259881&efYd=20240807
2025-08-17 15:51:04,218 - INFO - [__main__] - 상세 페이지 스크레이퍼 완료: 임금채권보장법
2025-08-17 15:51:05,501 - INFO - [__main__] - 상세 페이지 스크레이퍼 실행: https://www.law.go.kr/LSW/lsInfoP.do?lsiSeq=264717&efYd=20240807
2025-08-17 15:51:09,479 - INFO - [__main__] - 상세 페이지 스크레이퍼 완료: 임금채권보장법 시행령
2025-08-17 15:51:10,707 - INFO - [__main__] - 상세 페이지 스크레이퍼 실행: https://www.law.go.kr/LSW/lsInfoP.do?lsiSeq=264777&efYd=20240807
2025-08-17 15:51:15,257 - INFO - [__main__] - 상세 페이지 스크레이퍼 완료: 임금채권보장법 시행규칙
2025-08-17 15:51:16,476 - INFO - [__main__] - 상세 페이지 스크레이퍼 실행: https://www.law.go.kr/LSW/lsInfoP.do?lsiSeq=246585&efYd=20230628
2025-08-17 15:51:19,573 - INFO - [__main__] - 상세 페이지 스크레이퍼 완료: 자격기본법
2025-08-17 15:51:20,804 - INFO - [__main__] - 상세 페이지 스크레이퍼 실행: https://www.law.go.kr/LSW/lsInfoP.do?lsiSeq=269751&efYd=20250312
2025-08-17 15:51:24,520 - INFO - [__main__] - 상세 페이지 스크레이퍼 완료: 자격기본법 시행령
2025-08-17 15:51:25,756 - INFO - [__main__] - 상세 페이지 스크레이퍼 실행: https://www.law.go.kr/LSW/lsInfoP.do?lsiSeq=271541&efYd=20250602
2025-08-17 15:51:29,634 - INFO - [__main__] - 상세 페이지 스크레이퍼 완료: 자격기본법 시행규칙
2025-08-17 15:51:30,855 - INFO - [__main__] - 상세 페이지 스크레이퍼 실행: https://www.law.go.kr/LSW/lsInfoP.do?lsiSeq=239371&efYd=20220712
2025-08-17 15:51:34,778 - INFO - [__main__] - 상세 페이지 스크레이퍼 완료: 장애인고용촉진 및 직업재활법
2025-08-17 15:51:35,994 - INFO - [__main__] - 상세 페이지 스크레이퍼 실행: https://www.law.go.kr/LSW/lsInfoP.do?lsiSeq=268403&efYd=20250131
2025-08-17 15:51:39,995 - INFO - [__main__] - 상세 페이지 스크레이퍼 완료: 장애인고용촉진 및 직업재활법 시행령
2025-08-17 15:51:41,221 - INFO - [__main__] - 상세 페이지 스크레이퍼 실행: https://www.law.go.kr/LSW/lsInfoP.do?lsiSeq=263201&efYd=20240612
2025-08-17 15:51:45,072 - INFO - [__main__] - 상세 페이지 스크레이퍼 완료: 장애인고용촉진 및 직업재활법 시행규칙
2025-08-17 15:51:46,300 - INFO - [__main__] - 상세 페이지 스크레이퍼 실행: https://www.law.go.kr/LSW/lsInfoP.do?lsiSeq=228817&efYd=20220127
2025-08-17 15:51:49,421 - INFO - [__main__] - 상세 페이지 스크레이퍼 완료: 중대재해 처벌 등에 관한 법률
2025-08-17 15:51:50,641 - INFO - [__main__] - 상세 페이지 스크레이퍼 실행: https://www.law.go.kr/LSW/lsInfoP.do?lsiSeq=273081&efYd=20250807
2025-08-17 15:51:54,527 - INFO - [__main__] - 상세 페이지 스크레이퍼 완료: 중대재해 처벌 등에 관한 법률 시행령
2025-08-17 15:51:55,782 - INFO - [__main__] - 상세 페이지 스크레이퍼 실행: https://www.law.go.kr/LSW/lsInfoP.do?lsiSeq=269935&efYd=20250318
2025-08-17 15:51:59,592 - INFO - [__main__] - 상세 페이지 스크레이퍼 완료: 직업교육훈련 촉진법
2025-08-17 15:52:00,809 - INFO - [__main__] - 상세 페이지 스크레이퍼 실행: https://www.law.go.kr/LSW/lsInfoP.do?lsiSeq=269935&efYd=20250919
2025-08-17 15:52:04,036 - INFO - [__main__] - 상세 페이지 스크레이퍼 완료: 직업교육훈련 촉진법
2025-08-17 15:52:05,385 - INFO - [__main__] - 상세 페이지 스크레이퍼 실행: https://www.law.go.kr/LSW/lsInfoP.do?lsiSeq=269679&efYd=20250311
2025-08-17 15:52:08,548 - INFO - [__main__] - 상세 페이지 스크레이퍼 완료: 직업교육훈련 촉진법 시행령
2025-08-17 15:52:09,773 - INFO - [__main__] - 상세 페이지 스크레이퍼 실행: https://www.law.go.kr/LSW/lsInfoP.do?lsiSeq=259231&efYd=20240724
2025-08-17 15:52:13,444 - INFO - [__main__] - 상세 페이지 스크레이퍼 완료: 직업안정법
2025-08-17 15:52:14,699 - INFO - [__main__] - 상세 페이지 스크레이퍼 실행: https://www.law.go.kr/LSW/lsInfoP.do?lsiSeq=267797&efYd=20241231
2025-08-17 15:52:17,660 - INFO - [__main__] - 상세 페이지 스크레이퍼 완료: 직업안정법 시행령
2025-08-17 15:52:18,883 - INFO - [__main__] - 상세 페이지 스크레이퍼 실행: https://www.law.go.kr/LSW/lsInfoP.do?lsiSeq=263203&efYd=20240612
2025-08-17 15:52:22,097 - INFO - [__main__] - 상세 페이지 스크레이퍼 완료: 직업안정법 시행규칙
2025-08-17 15:52:23,322 - INFO - [__main__] - 상세 페이지 스크레이퍼 실행: https://www.law.go.kr/LSW/lsInfoP.do?lsiSeq=253647&efYd=20230808
2025-08-17 15:52:26,290 - INFO - [__main__] - 상세 페이지 스크레이퍼 완료: 진폐의 예방과 진폐근로자의 보호 등에 관한 법률
2025-08-17 15:52:27,515 - INFO - [__main__] - 상세 페이지 스크레이퍼 실행: https://www.law.go.kr/LSW/lsInfoP.do?lsiSeq=243675&efYd=20220705
2025-08-17 15:52:30,472 - INFO - [__main__] - 상세 페이지 스크레이퍼 완료: 진폐의 예방과 진폐근로자의 보호 등에 관한 법률 시행령
2025-08-17 15:52:31,670 - INFO - [__main__] - 상세 페이지 스크레이퍼 실행: https://www.law.go.kr/LSW/lsInfoP.do?lsiSeq=252309&efYd=20230630
2025-08-17 15:52:35,520 - INFO - [__main__] - 상세 페이지 스크레이퍼 완료: 진폐의 예방과 진폐근로자의 보호 등에 관한 법률 시행규칙
2025-08-17 15:52:36,778 - INFO - [__main__] - 상세 페이지 스크레이퍼 실행: https://www.law.go.kr/LSW/lsInfoP.do?lsiSeq=218301&efYd=20200526
2025-08-17 15:52:40,054 - INFO - [__main__] - 상세 페이지 스크레이퍼 완료: 채용절차의 공정화에 관한 법률
2025-08-17 15:52:41,602 - INFO - [__main__] - 상세 페이지 스크레이퍼 실행: https://www.law.go.kr/LSW/lsInfoP.do?lsiSeq=209867&efYd=20190717
2025-08-17 15:52:44,673 - INFO - [__main__] - 상세 페이지 스크레이퍼 완료: 채용절차의 공정화에 관한 법률 시행령
2025-08-17 15:52:45,940 - INFO - [__main__] - 상세 페이지 스크레이퍼 실행: https://www.law.go.kr/LSW/lsInfoP.do?lsiSeq=166363&efYd=20141231
2025-08-17 15:52:48,729 - INFO - [__main__] - 상세 페이지 스크레이퍼 완료: 채용절차의 공정화에 관한 법률 시행규칙
2025-08-17 15:52:49,969 - INFO - [__main__] - 상세 페이지 스크레이퍼 실행: https://www.law.go.kr/LSW/lsInfoP.do?lsiSeq=258019&efYd=20231231
2025-08-17 15:52:52,764 - INFO - [__main__] - 상세 페이지 스크레이퍼 완료: 청년고용촉진 특별법
2025-08-17 15:52:53,977 - INFO - [__main__] - 상세 페이지 스크레이퍼 실행: https://www.law.go.kr/LSW/lsInfoP.do?lsiSeq=240593&efYd=20220218
2025-08-17 15:52:57,030 - INFO - [__main__] - 상세 페이지 스크레이퍼 완료: 청년고용촉진 특별법 시행령
2025-08-17 15:52:58,252 - INFO - [__main__] - 상세 페이지 스크레이퍼 실행: https://www.law.go.kr/LSW/lsInfoP.do?lsiSeq=218303&efYd=20200526
2025-08-17 15:53:01,293 - INFO - [__main__] - 상세 페이지 스크레이퍼 완료: 최저임금법
2025-08-17 15:53:02,512 - INFO - [__main__] - 상세 페이지 스크레이퍼 실행: https://www.law.go.kr/LSW/lsInfoP.do?lsiSeq=206564&efYd=20190101
2025-08-17 15:53:05,544 - INFO - [__main__] - 상세 페이지 스크레이퍼 완료: 최저임금법 시행령
2025-08-17 15:53:06,800 - INFO - [__main__] - 상세 페이지 스크레이퍼 실행: https://www.law.go.kr/LSW/lsInfoP.do?lsiSeq=206579&efYd=20190101
2025-08-17 15:53:10,444 - INFO - [__main__] - 상세 페이지 스크레이퍼 완료: 최저임금법 시행규칙
2025-08-17 15:53:11,674 - INFO - [__main__] - 상세 페이지 스크레이퍼 실행: https://www.law.go.kr/LSW/lsInfoP.do?lsiSeq=260553&efYd=20250101
2025-08-17 15:53:15,790 - INFO - [__main__] - 상세 페이지 스크레이퍼 완료: 통상환경변화 대응 및 지원 등에 관한 법률
2025-08-17 15:53:17,217 - INFO - [__main__] - 상세 페이지 스크레이퍼 실행: https://www.law.go.kr/LSW/lsInfoP.do?lsiSeq=266959&efYd=20250101
2025-08-17 15:53:20,804 - INFO - [__main__] - 상세 페이지 스크레이퍼 완료: 통상환경변화 대응 및 지원 등에 관한 법률 시행령
2025-08-17 15:53:22,035 - INFO - [__main__] - 상세 페이지 스크레이퍼 실행: https://www.law.go.kr/LSW/lsInfoP.do?lsiSeq=267827&efYd=20250101
2025-08-17 15:53:25,306 - INFO - [__main__] - 상세 페이지 스크레이퍼 완료: 통상환경변화 대응 및 지원 등에 관한 법률 시행규칙
2025-08-17 15:53:26,531 - INFO - [__main__] - 상세 페이지 스크레이퍼 실행: https://www.law.go.kr/LSW/lsInfoP.do?lsiSeq=223983&efYd=20201208
2025-08-17 15:53:29,862 - INFO - [__main__] - 상세 페이지 스크레이퍼 완료: 파견근로자 보호 등에 관한 법률
2025-08-17 15:53:31,100 - INFO - [__main__] - 상세 페이지 스크레이퍼 실행: https://www.law.go.kr/LSW/lsInfoP.do?lsiSeq=272523&efYd=20250621
2025-08-17 15:53:34,032 - INFO - [__main__] - 상세 페이지 스크레이퍼 완료: 파견근로자 보호 등에 관한 법률 시행령
2025-08-17 15:53:35,259 - INFO - [__main__] - 상세 페이지 스크레이퍼 실행: https://www.law.go.kr/LSW/lsInfoP.do?lsiSeq=263205&efYd=20240612
2025-08-17 15:53:38,967 - INFO - [__main__] - 상세 페이지 스크레이퍼 완료: 파견근로자 보호 등에 관한 법률 시행규칙
2025-08-17 15:53:40,200 - INFO - [__main__] - 상세 페이지 스크레이퍼 실행: https://www.law.go.kr/LSW/lsInfoP.do?lsiSeq=219131&efYd=20210610
2025-08-17 15:53:42,831 - INFO - [__main__] - 상세 페이지 스크레이퍼 완료: 파독 광부ㆍ간호사ㆍ간호조무사에 대한 지원 및 기념사업에 관한 법률
2025-08-17 15:53:44,056 - INFO - [__main__] - 상세 페이지 스크레이퍼 실행: https://www.law.go.kr/LSW/lsInfoP.do?lsiSeq=232149&efYd=20210610
2025-08-17 15:53:47,056 - INFO - [__main__] - 상세 페이지 스크레이퍼 완료: 파독 광부ㆍ간호사ㆍ간호조무사에 대한 지원 및 기념사업에 관한 법률 시행령
2025-08-17 15:53:48,290 - INFO - [__main__] - 상세 페이지 스크레이퍼 실행: https://www.law.go.kr/LSW/lsInfoP.do?lsiSeq=232231&efYd=20211119
2025-08-17 15:53:51,141 - INFO - [__main__] - 상세 페이지 스크레이퍼 완료: 필수업무 지정 및 종사자 보호ㆍ지원에 관한 법률
2025-08-17 15:53:52,372 - INFO - [__main__] - 상세 페이지 스크레이퍼 실행: https://www.law.go.kr/LSW/lsInfoP.do?lsiSeq=236817&efYd=20211119
2025-08-17 15:53:55,561 - INFO - [__main__] - 상세 페이지 스크레이퍼 완료: 필수업무 지정 및 종사자 보호ㆍ지원에 관한 법률 시행령
2025-08-17 15:53:56,806 - INFO - [__main__] - 상세 페이지 스크레이퍼 실행: https://www.law.go.kr/LSW/lsInfoP.do?lsiSeq=243067&efYd=20220610
2025-08-17 15:53:59,728 - INFO - [__main__] - 상세 페이지 스크레이퍼 완료: 한국고용노동교육원법
2025-08-17 15:54:00,977 - INFO - [__main__] - 상세 페이지 스크레이퍼 실행: https://www.law.go.kr/LSW/lsInfoP.do?lsiSeq=221855&efYd=20201001
2025-08-17 15:54:04,267 - INFO - [__main__] - 상세 페이지 스크레이퍼 완료: 한국고용노동교육원법 시행령
2025-08-17 15:54:05,512 - INFO - [__main__] - 상세 페이지 스크레이퍼 실행: https://www.law.go.kr/LSW/lsInfoP.do?lsiSeq=188718&efYd=20161227
2025-08-17 15:54:09,660 - INFO - [__main__] - 상세 페이지 스크레이퍼 완료: 한국산업안전보건공단법
2025-08-17 15:54:10,887 - INFO - [__main__] - 상세 페이지 스크레이퍼 실행: https://www.law.go.kr/LSW/lsInfoP.do?lsiSeq=268455&efYd=20250131
2025-08-17 15:54:14,157 - INFO - [__main__] - 상세 페이지 스크레이퍼 완료: 한국산업안전보건공단법 시행령
2025-08-17 15:54:15,390 - INFO - [__main__] - 상세 페이지 스크레이퍼 실행: https://www.law.go.kr/LSW/lsInfoP.do?lsiSeq=234813&efYd=20220218
2025-08-17 15:54:18,700 - INFO - [__main__] - 상세 페이지 스크레이퍼 완료: 한국산업인력공단법
2025-08-17 15:54:19,926 - INFO - [__main__] - 상세 페이지 스크레이퍼 실행: https://www.law.go.kr/LSW/lsInfoP.do?lsiSeq=268459&efYd=20250131
2025-08-17 15:54:23,184 - INFO - [__main__] - 상세 페이지 스크레이퍼 완료: 한국산업인력공단법 시행령
2025-08-17 15:54:24,787 - INFO - [__main__] - './bin/../data/final/1492000/all_documents.jsonl' 파일을 CSV로 변환 시작...
2025-08-17 15:54:24,792 - INFO - [__main__] - ✅ 변환 완료! './bin/../data/final/1492000/for_notion_documents.csv' 파일이 생성되었습니다.
2025-08-17 15:54:25,064 - INFO - [__main__] - './bin/../data/final/1492000/all_chunks.jsonl' 파일을 CSV로 변환 시작...
2025-08-17 15:54:25,187 - INFO - [__main__] - ✅ 변환 완료! './bin/../data/final/1492000/for_notion_chunks.csv' 파일이 생성되었습니다.
