2025-08-17 17:54:54,619 - INFO - [scripts.law.url_checker] - URL 유효성 검증 성공: https://www.law.go.kr/LSW/lsAstSc.do?tabMenuId=437&cptOfiCd=1760000
2025-08-17 17:54:55,188 - INFO - [scripts.law.list_scraper] - 목록 페이지로 이동 중: https://www.law.go.kr/LSW/lsAstSc.do?tabMenuId=437&cptOfiCd=1760000
2025-08-17 17:54:57,290 - INFO - [scripts.law.list_scraper] - 총 2 페이지를 확인했습니다.
2025-08-17 17:54:57,291 - INFO - [scripts.law.list_scraper] - --- 1 / 2 페이지 처리 중 ---
2025-08-17 17:54:57,341 - INFO - [scripts.law.list_scraper] -   - 발견: 1980년해직공무원의보상등에관한특별조치법시행령
2025-08-17 17:54:57,347 - INFO - [scripts.law.list_scraper] -   - 발견: 개방형 직위 및 공모 직위의 운영 등에 관한 규정
2025-08-17 17:54:57,358 - INFO - [scripts.law.list_scraper] -   - 발견: 고위공무원단 인사규정
2025-08-17 17:54:57,367 - INFO - [scripts.law.list_scraper] -   - 발견: 공무원고충처리규정
2025-08-17 17:54:57,377 - INFO - [scripts.law.list_scraper] -   - 발견: 공무원 노동조합 관련 해직공무원등의 복직 등에 관한 특별법
2025-08-17 17:54:57,382 - INFO - [scripts.law.list_scraper] -   - 발견: 공무원 노동조합 관련 해직공무원등의 복직 등에 관한 특별법 시행령
2025-08-17 17:54:57,390 - INFO - [scripts.law.list_scraper] -   - 발견: 공무원보수규정
2025-08-17 17:54:57,396 - INFO - [scripts.law.list_scraper] -   - 발견: 공무원 성과평가 등에 관한 규정
2025-08-17 17:54:57,401 - INFO - [scripts.law.list_scraper] -   - 발견: 공무원수당 등에 관한 규정
2025-08-17 17:54:57,409 - INFO - [scripts.law.list_scraper] -   - 발견: 공무원 여비 규정
2025-08-17 17:54:57,418 - INFO - [scripts.law.list_scraper] -   - 발견: 공무원연금법
2025-08-17 17:54:57,438 - INFO - [scripts.law.list_scraper] -   - 발견: 공무원연금법
2025-08-17 17:54:57,461 - INFO - [scripts.law.list_scraper] -   - 발견: 공무원연금법 시행령
2025-08-17 17:54:57,477 - INFO - [scripts.law.list_scraper] -   - 발견: 공무원연금법 시행령
2025-08-17 17:54:57,485 - INFO - [scripts.law.list_scraper] -   - 발견: 공무원연금법 시행규칙
2025-08-17 17:54:57,502 - INFO - [scripts.law.list_scraper] -   - 발견: 공무원의 구분 변경에 따른 전직임용 등에 관한 특례규정
2025-08-17 17:54:57,509 - INFO - [scripts.law.list_scraper] -   - 발견: 공무원 인사기록ㆍ통계 및 인사사무 처리 규정
2025-08-17 17:54:57,517 - INFO - [scripts.law.list_scraper] -   - 발견: 공무원 인사 운영에 관한 특례규정
2025-08-17 17:54:57,524 - INFO - [scripts.law.list_scraper] -   - 발견: 공무원 인재개발법
2025-08-17 17:54:57,529 - INFO - [scripts.law.list_scraper] -   - 발견: 공무원 인재개발법 시행령
2025-08-17 17:54:57,538 - INFO - [scripts.law.list_scraper] -   - 발견: 공무원임용령
2025-08-17 17:54:57,544 - INFO - [scripts.law.list_scraper] -   - 발견: 공무원임용시험령
2025-08-17 17:54:57,550 - INFO - [scripts.law.list_scraper] -   - 발견: 공무원임용시험령
2025-08-17 17:54:57,556 - INFO - [scripts.law.list_scraper] -   - 발견: 공무원임용시험령
2025-08-17 17:54:57,563 - INFO - [scripts.law.list_scraper] -   - 발견: 공무원 재해보상법
2025-08-17 17:54:57,568 - INFO - [scripts.law.list_scraper] -   - 발견: 공무원 재해보상법 시행령
2025-08-17 17:54:57,574 - INFO - [scripts.law.list_scraper] -   - 발견: 공무원 재해보상법 시행규칙
2025-08-17 17:54:57,578 - INFO - [scripts.law.list_scraper] -   - 발견: 공무원 징계령
2025-08-17 17:54:57,583 - INFO - [scripts.law.list_scraper] -   - 발견: 공무원 징계령 시행규칙
2025-08-17 17:54:57,587 - INFO - [scripts.law.list_scraper] -   - 발견: 공무원 채용 신체검사 규정
2025-08-17 17:54:57,593 - INFO - [scripts.law.list_scraper] -   - 발견: 공무원 특수지근무수당 지급대상 지역 및 기관과 그 등급별 구분에 관한 규칙
2025-08-17 17:54:57,604 - INFO - [scripts.law.list_scraper] -   - 발견: 공무원 후생복지에 관한 규정
2025-08-17 17:54:57,610 - INFO - [scripts.law.list_scraper] -   - 발견: 공직자윤리법
2025-08-17 17:54:57,619 - INFO - [scripts.law.list_scraper] -   - 발견: 공직자윤리법
2025-08-17 17:54:57,631 - INFO - [scripts.law.list_scraper] -   - 발견: 공직자윤리법 시행령
2025-08-17 17:54:57,650 - INFO - [scripts.law.list_scraper] -   - 발견: 공직자윤리법 시행규칙
2025-08-17 17:54:57,694 - INFO - [scripts.law.list_scraper] -   - 발견: 공직후보자 등에 관한 정보의 수집 및 관리에 관한 규정
2025-08-17 17:54:57,705 - INFO - [scripts.law.list_scraper] -   - 발견: 공휴일에 관한 법률
2025-08-17 17:54:57,725 - INFO - [scripts.law.list_scraper] -   - 발견: 관공서의 공휴일에 관한 규정
2025-08-17 17:54:57,743 - INFO - [scripts.law.list_scraper] -   - 발견: 국가공무원 명예퇴직수당 등 지급 규정
2025-08-17 17:54:57,756 - INFO - [scripts.law.list_scraper] -   - 발견: 국가공무원법
2025-08-17 17:54:57,767 - INFO - [scripts.law.list_scraper] -   - 발견: 국가공무원법제3조제3항의공무원의범위에관한규정
2025-08-17 17:54:57,781 - INFO - [scripts.law.list_scraper] -   - 발견: 국가공무원 복무규정
2025-08-17 17:54:57,789 - INFO - [scripts.law.list_scraper] -   - 발견: 국가공무원 복무규칙
2025-08-17 17:54:57,799 - INFO - [scripts.law.list_scraper] -   - 발견: 디지털인사관리규정
2025-08-17 17:54:57,810 - INFO - [scripts.law.list_scraper] -   - 발견: 별정직공무원 인사규정
2025-08-17 17:54:57,817 - INFO - [scripts.law.list_scraper] -   - 발견: 성희롱ㆍ성폭력 근절을 위한 공무원 인사관리규정
2025-08-17 17:54:57,827 - INFO - [scripts.law.list_scraper] -   - 발견: 소청절차규정
2025-08-17 17:54:57,834 - INFO - [scripts.law.list_scraper] -   - 발견: 연구직 및 지도직공무원의 임용 등에 관한 규정
2025-08-17 17:54:57,834 - INFO - [scripts.law.list_scraper] - --- 2 / 2 페이지 처리 중 ---
2025-08-17 17:54:57,834 - INFO - [scripts.law.list_scraper] - 2 페이지로 이동합니다...
2025-08-17 17:54:57,970 - INFO - [scripts.law.list_scraper] - 페이지 이동 완료.
2025-08-17 17:54:57,978 - INFO - [scripts.law.list_scraper] -   - 발견: 인사 감사 규정
2025-08-17 17:54:57,985 - INFO - [scripts.law.list_scraper] -   - 발견: 인사혁신처 소관 비영리법인의 설립 및 감독에 관한 규칙
2025-08-17 17:54:57,992 - INFO - [scripts.law.list_scraper] -   - 발견: 인사혁신처와 그 소속기관 직제
2025-08-17 17:54:57,998 - INFO - [scripts.law.list_scraper] -   - 발견: 인사혁신처와 그 소속기관 직제 시행규칙
2025-08-17 17:54:58,002 - INFO - [scripts.law.list_scraper] -   - 발견: 임용결격공무원 등에 대한 퇴직보상금지급 등에 관한 특례법
2025-08-17 17:54:58,015 - INFO - [scripts.law.list_scraper] -   - 발견: 임용결격공무원 등에 대한 퇴직보상금지급 등에 관한 특례법 시행령
2025-08-17 17:54:58,022 - INFO - [scripts.law.list_scraper] -   - 발견: 적극행정 운영규정
2025-08-17 17:54:58,026 - INFO - [scripts.law.list_scraper] -   - 발견: 전문경력관 규정
2025-08-17 17:54:58,030 - INFO - [scripts.law.list_scraper] -   - 발견: 전문직공무원 인사규정
2025-08-17 17:54:58,034 - INFO - [scripts.law.list_scraper] -   - 발견: 직무대리규정
2025-08-17 17:54:58,043 - INFO - [scripts.law.list_scraper] -   - 발견: 직무분석규정
2025-08-17 17:55:00,050 - INFO - [scripts.law.scraper] - 페이지로 이동 중: https://www.law.go.kr/LSW/lsInfoP.do?lsiSeq=204611&efYd=20180921
2025-08-17 17:55:01,425 - INFO - [scripts.law.scraper] - 로딩 마스크가 나타나기를 기다리는 중...
2025-08-17 17:55:01,448 - INFO - [scripts.law.scraper] - 로딩 마스크가 사라지기를 기다리는 중...
2025-08-17 17:55:01,532 - INFO - [scripts.law.scraper] - 페이지 최종 렌더링을 잠시 대기합니다...
2025-08-17 17:55:02,535 - INFO - [scripts.law.scraper] - 페이지 HTML 컨텐츠를 가져오는 중...
2025-08-17 17:55:02,557 - INFO - [scripts.law.scraper] - 데이터 파싱 중...
2025-08-17 17:55:02,637 - INFO - [scripts.law.scraper] - 데이터 1건을 '/Users/woong/Roeum/roeum-crawler/data/raw/1760000/1980년해직공무원의보상등에관한특별조치법시행령_document.jsonl' 파일로 성공적으로 저장했습니다.
2025-08-17 17:55:02,638 - INFO - [scripts.law.scraper] - 데이터 13건을 '/Users/woong/Roeum/roeum-crawler/data/raw/1760000/1980년해직공무원의보상등에관한특별조치법시행령_chunks.jsonl' 파일로 성공적으로 저장했습니다.
2025-08-17 17:55:04,336 - INFO - [scripts.law.scraper] - 페이지로 이동 중: https://www.law.go.kr/LSW/lsInfoP.do?lsiSeq=267775&efYd=20241231
2025-08-17 17:55:05,583 - INFO - [scripts.law.scraper] - 로딩 마스크가 나타나기를 기다리는 중...
2025-08-17 17:55:05,627 - INFO - [scripts.law.scraper] - 로딩 마스크가 사라지기를 기다리는 중...
2025-08-17 17:55:05,811 - INFO - [scripts.law.scraper] - 페이지 최종 렌더링을 잠시 대기합니다...
2025-08-17 17:55:06,815 - INFO - [scripts.law.scraper] - 페이지 HTML 컨텐츠를 가져오는 중...
2025-08-17 17:55:06,850 - INFO - [scripts.law.scraper] - 데이터 파싱 중...
2025-08-17 17:55:06,950 - INFO - [scripts.law.scraper] - 데이터 1건을 '/Users/woong/Roeum/roeum-crawler/data/raw/1760000/개방형 직위 및 공모 직위의 운영 등에 관한 규정_document.jsonl' 파일로 성공적으로 저장했습니다.
2025-08-17 17:55:06,950 - INFO - [scripts.law.scraper] - 데이터 28건을 '/Users/woong/Roeum/roeum-crawler/data/raw/1760000/개방형 직위 및 공모 직위의 운영 등에 관한 규정_chunks.jsonl' 파일로 성공적으로 저장했습니다.
2025-08-17 17:55:08,991 - INFO - [scripts.law.scraper] - 페이지로 이동 중: https://www.law.go.kr/LSW/lsInfoP.do?lsiSeq=263095&efYd=20240604
2025-08-17 17:55:11,696 - INFO - [scripts.law.scraper] - 로딩 마스크가 나타나기를 기다리는 중...
2025-08-17 17:55:11,755 - INFO - [scripts.law.scraper] - 로딩 마스크가 사라지기를 기다리는 중...
2025-08-17 17:55:12,146 - INFO - [scripts.law.scraper] - 페이지 최종 렌더링을 잠시 대기합니다...
2025-08-17 17:55:13,155 - INFO - [scripts.law.scraper] - 페이지 HTML 컨텐츠를 가져오는 중...
2025-08-17 17:55:13,201 - INFO - [scripts.law.scraper] - 데이터 파싱 중...
2025-08-17 17:55:13,337 - INFO - [scripts.law.scraper] - 데이터 1건을 '/Users/woong/Roeum/roeum-crawler/data/raw/1760000/고위공무원단 인사규정_document.jsonl' 파일로 성공적으로 저장했습니다.
2025-08-17 17:55:13,338 - INFO - [scripts.law.scraper] - 데이터 41건을 '/Users/woong/Roeum/roeum-crawler/data/raw/1760000/고위공무원단 인사규정_chunks.jsonl' 파일로 성공적으로 저장했습니다.
2025-08-17 17:55:15,693 - INFO - [scripts.law.scraper] - 페이지로 이동 중: https://www.law.go.kr/LSW/lsInfoP.do?lsiSeq=267293&efYd=20241224
2025-08-17 17:55:17,251 - INFO - [scripts.law.scraper] - 로딩 마스크가 나타나기를 기다리는 중...
2025-08-17 17:55:17,298 - INFO - [scripts.law.scraper] - 로딩 마스크가 사라지기를 기다리는 중...
2025-08-17 17:55:17,588 - INFO - [scripts.law.scraper] - 페이지 최종 렌더링을 잠시 대기합니다...
2025-08-17 17:55:18,591 - INFO - [scripts.law.scraper] - 페이지 HTML 컨텐츠를 가져오는 중...
2025-08-17 17:55:18,625 - INFO - [scripts.law.scraper] - 데이터 파싱 중...
2025-08-17 17:55:18,724 - INFO - [scripts.law.scraper] - 데이터 1건을 '/Users/woong/Roeum/roeum-crawler/data/raw/1760000/공무원고충처리규정_document.jsonl' 파일로 성공적으로 저장했습니다.
2025-08-17 17:55:18,725 - INFO - [scripts.law.scraper] - 데이터 26건을 '/Users/woong/Roeum/roeum-crawler/data/raw/1760000/공무원고충처리규정_chunks.jsonl' 파일로 성공적으로 저장했습니다.
2025-08-17 17:55:20,382 - INFO - [scripts.law.scraper] - 페이지로 이동 중: https://www.law.go.kr/LSW/lsInfoP.do?lsiSeq=228479&efYd=20210413
2025-08-17 17:55:21,551 - INFO - [scripts.law.scraper] - 로딩 마스크가 나타나기를 기다리는 중...
2025-08-17 17:55:21,590 - INFO - [scripts.law.scraper] - 로딩 마스크가 사라지기를 기다리는 중...
2025-08-17 17:55:21,621 - INFO - [scripts.law.scraper] - 페이지 최종 렌더링을 잠시 대기합니다...
2025-08-17 17:55:22,627 - INFO - [scripts.law.scraper] - 페이지 HTML 컨텐츠를 가져오는 중...
2025-08-17 17:55:22,653 - INFO - [scripts.law.scraper] - 데이터 파싱 중...
2025-08-17 17:55:22,708 - INFO - [scripts.law.scraper] - 데이터 1건을 '/Users/woong/Roeum/roeum-crawler/data/raw/1760000/공무원 노동조합 관련 해직공무원등의 복직 등에 관한 특별법_document.jsonl' 파일로 성공적으로 저장했습니다.
2025-08-17 17:55:22,708 - INFO - [scripts.law.scraper] - 데이터 15건을 '/Users/woong/Roeum/roeum-crawler/data/raw/1760000/공무원 노동조합 관련 해직공무원등의 복직 등에 관한 특별법_chunks.jsonl' 파일로 성공적으로 저장했습니다.
2025-08-17 17:55:24,301 - INFO - [scripts.law.scraper] - 페이지로 이동 중: https://www.law.go.kr/LSW/lsInfoP.do?lsiSeq=231539&efYd=20210413
2025-08-17 17:55:25,861 - INFO - [scripts.law.scraper] - 로딩 마스크가 나타나기를 기다리는 중...
2025-08-17 17:55:25,882 - INFO - [scripts.law.scraper] - 로딩 마스크가 사라지기를 기다리는 중...
2025-08-17 17:55:25,998 - INFO - [scripts.law.scraper] - 페이지 최종 렌더링을 잠시 대기합니다...
2025-08-17 17:55:27,002 - INFO - [scripts.law.scraper] - 페이지 HTML 컨텐츠를 가져오는 중...
2025-08-17 17:55:27,032 - INFO - [scripts.law.scraper] - 데이터 파싱 중...
2025-08-17 17:55:27,109 - INFO - [scripts.law.scraper] - 데이터 1건을 '/Users/woong/Roeum/roeum-crawler/data/raw/1760000/공무원 노동조합 관련 해직공무원등의 복직 등에 관한 특별법 시행령_document.jsonl' 파일로 성공적으로 저장했습니다.
2025-08-17 17:55:27,109 - INFO - [scripts.law.scraper] - 데이터 19건을 '/Users/woong/Roeum/roeum-crawler/data/raw/1760000/공무원 노동조합 관련 해직공무원등의 복직 등에 관한 특별법 시행령_chunks.jsonl' 파일로 성공적으로 저장했습니다.
2025-08-17 17:55:28,710 - INFO - [scripts.law.scraper] - 페이지로 이동 중: https://www.law.go.kr/LSW/lsInfoP.do?lsiSeq=269195&efYd=20250301
2025-08-17 17:55:29,905 - INFO - [scripts.law.scraper] - 로딩 마스크가 나타나기를 기다리는 중...
2025-08-17 17:55:29,927 - INFO - [scripts.law.scraper] - 로딩 마스크가 사라지기를 기다리는 중...
2025-08-17 17:55:30,846 - INFO - [scripts.law.scraper] - 페이지 최종 렌더링을 잠시 대기합니다...
2025-08-17 17:55:31,849 - INFO - [scripts.law.scraper] - 페이지 HTML 컨텐츠를 가져오는 중...
2025-08-17 17:55:31,901 - INFO - [scripts.law.scraper] - 데이터 파싱 중...
2025-08-17 17:55:32,214 - INFO - [scripts.law.scraper] - 데이터 1건을 '/Users/woong/Roeum/roeum-crawler/data/raw/1760000/공무원보수규정_document.jsonl' 파일로 성공적으로 저장했습니다.
2025-08-17 17:55:32,214 - INFO - [scripts.law.scraper] - 데이터 92건을 '/Users/woong/Roeum/roeum-crawler/data/raw/1760000/공무원보수규정_chunks.jsonl' 파일로 성공적으로 저장했습니다.
2025-08-17 17:55:33,959 - INFO - [scripts.law.scraper] - 페이지로 이동 중: https://www.law.go.kr/LSW/lsInfoP.do?lsiSeq=267201&efYd=20241224
2025-08-17 17:55:36,018 - INFO - [scripts.law.scraper] - 로딩 마스크가 나타나기를 기다리는 중...
2025-08-17 17:55:36,045 - INFO - [scripts.law.scraper] - 로딩 마스크가 사라지기를 기다리는 중...
2025-08-17 17:55:36,142 - INFO - [scripts.law.scraper] - 페이지 최종 렌더링을 잠시 대기합니다...
2025-08-17 17:55:37,144 - INFO - [scripts.law.scraper] - 페이지 HTML 컨텐츠를 가져오는 중...
2025-08-17 17:55:37,177 - INFO - [scripts.law.scraper] - 데이터 파싱 중...
2025-08-17 17:55:37,278 - INFO - [scripts.law.scraper] - 데이터 1건을 '/Users/woong/Roeum/roeum-crawler/data/raw/1760000/공무원 성과평가 등에 관한 규정_document.jsonl' 파일로 성공적으로 저장했습니다.
2025-08-17 17:55:37,279 - INFO - [scripts.law.scraper] - 데이터 36건을 '/Users/woong/Roeum/roeum-crawler/data/raw/1760000/공무원 성과평가 등에 관한 규정_chunks.jsonl' 파일로 성공적으로 저장했습니다.
2025-08-17 17:55:38,946 - INFO - [scripts.law.scraper] - 페이지로 이동 중: https://www.law.go.kr/LSW/lsInfoP.do?lsiSeq=273057&efYd=20250807
2025-08-17 17:55:40,253 - INFO - [scripts.law.scraper] - 로딩 마스크가 나타나기를 기다리는 중...
2025-08-17 17:55:40,278 - INFO - [scripts.law.scraper] - 로딩 마스크가 사라지기를 기다리는 중...
2025-08-17 17:55:41,118 - INFO - [scripts.law.scraper] - 페이지 최종 렌더링을 잠시 대기합니다...
2025-08-17 17:55:42,119 - INFO - [scripts.law.scraper] - 페이지 HTML 컨텐츠를 가져오는 중...
2025-08-17 17:55:42,160 - INFO - [scripts.law.scraper] - 데이터 파싱 중...
2025-08-17 17:55:42,382 - INFO - [scripts.law.scraper] - 데이터 1건을 '/Users/woong/Roeum/roeum-crawler/data/raw/1760000/공무원수당 등에 관한 규정_document.jsonl' 파일로 성공적으로 저장했습니다.
2025-08-17 17:55:42,383 - INFO - [scripts.law.scraper] - 데이터 41건을 '/Users/woong/Roeum/roeum-crawler/data/raw/1760000/공무원수당 등에 관한 규정_chunks.jsonl' 파일로 성공적으로 저장했습니다.
2025-08-17 17:55:43,993 - INFO - [scripts.law.scraper] - 페이지로 이동 중: https://www.law.go.kr/LSW/lsInfoP.do?lsiSeq=263513&efYd=20240702
2025-08-17 17:55:45,397 - INFO - [scripts.law.scraper] - 로딩 마스크가 나타나기를 기다리는 중...
2025-08-17 17:55:45,416 - INFO - [scripts.law.scraper] - 로딩 마스크가 사라지기를 기다리는 중...
2025-08-17 17:55:46,208 - INFO - [scripts.law.scraper] - 페이지 최종 렌더링을 잠시 대기합니다...
2025-08-17 17:55:47,210 - INFO - [scripts.law.scraper] - 페이지 HTML 컨텐츠를 가져오는 중...
2025-08-17 17:55:47,248 - INFO - [scripts.law.scraper] - 데이터 파싱 중...
2025-08-17 17:55:47,362 - INFO - [scripts.law.scraper] - 데이터 1건을 '/Users/woong/Roeum/roeum-crawler/data/raw/1760000/공무원 여비 규정_document.jsonl' 파일로 성공적으로 저장했습니다.
2025-08-17 17:55:47,363 - INFO - [scripts.law.scraper] - 데이터 34건을 '/Users/woong/Roeum/roeum-crawler/data/raw/1760000/공무원 여비 규정_chunks.jsonl' 파일로 성공적으로 저장했습니다.
2025-08-17 17:55:48,968 - INFO - [scripts.law.scraper] - 페이지로 이동 중: https://www.law.go.kr/LSW/lsInfoP.do?lsiSeq=268107&efYd=20250708
2025-08-17 17:55:50,506 - INFO - [scripts.law.scraper] - 로딩 마스크가 나타나기를 기다리는 중...
2025-08-17 17:55:50,557 - INFO - [scripts.law.scraper] - 로딩 마스크가 사라지기를 기다리는 중...
2025-08-17 17:55:51,350 - INFO - [scripts.law.scraper] - 페이지 최종 렌더링을 잠시 대기합니다...
2025-08-17 17:55:52,359 - INFO - [scripts.law.scraper] - 페이지 HTML 컨텐츠를 가져오는 중...
2025-08-17 17:55:52,400 - INFO - [scripts.law.scraper] - 데이터 파싱 중...
2025-08-17 17:55:52,551 - INFO - [scripts.law.scraper] - 데이터 1건을 '/Users/woong/Roeum/roeum-crawler/data/raw/1760000/공무원연금법_document.jsonl' 파일로 성공적으로 저장했습니다.
2025-08-17 17:55:52,552 - INFO - [scripts.law.scraper] - 데이터 95건을 '/Users/woong/Roeum/roeum-crawler/data/raw/1760000/공무원연금법_chunks.jsonl' 파일로 성공적으로 저장했습니다.
2025-08-17 17:55:54,168 - INFO - [scripts.law.scraper] - 페이지로 이동 중: https://www.law.go.kr/LSW/lsInfoP.do?lsiSeq=273305&efYd=20251115
2025-08-17 17:55:55,543 - INFO - [scripts.law.scraper] - 로딩 마스크가 나타나기를 기다리는 중...
2025-08-17 17:55:55,567 - INFO - [scripts.law.scraper] - 로딩 마스크가 사라지기를 기다리는 중...
2025-08-17 17:55:56,864 - INFO - [scripts.law.scraper] - 페이지 최종 렌더링을 잠시 대기합니다...
2025-08-17 17:55:57,868 - INFO - [scripts.law.scraper] - 페이지 HTML 컨텐츠를 가져오는 중...
2025-08-17 17:55:57,906 - INFO - [scripts.law.scraper] - 데이터 파싱 중...
2025-08-17 17:55:58,046 - INFO - [scripts.law.scraper] - 데이터 1건을 '/Users/woong/Roeum/roeum-crawler/data/raw/1760000/공무원연금법_document.jsonl' 파일로 성공적으로 저장했습니다.
2025-08-17 17:55:58,047 - INFO - [scripts.law.scraper] - 데이터 95건을 '/Users/woong/Roeum/roeum-crawler/data/raw/1760000/공무원연금법_chunks.jsonl' 파일로 성공적으로 저장했습니다.
2025-08-17 17:55:59,647 - INFO - [scripts.law.scraper] - 페이지로 이동 중: https://www.law.go.kr/LSW/lsInfoP.do?lsiSeq=272643&efYd=20250708
2025-08-17 17:56:00,905 - INFO - [scripts.law.scraper] - 로딩 마스크가 나타나기를 기다리는 중...
2025-08-17 17:56:00,926 - INFO - [scripts.law.scraper] - 로딩 마스크가 사라지기를 기다리는 중...
2025-08-17 17:56:01,716 - INFO - [scripts.law.scraper] - 페이지 최종 렌더링을 잠시 대기합니다...
2025-08-17 17:56:02,719 - INFO - [scripts.law.scraper] - 페이지 HTML 컨텐츠를 가져오는 중...
2025-08-17 17:56:02,762 - INFO - [scripts.law.scraper] - 데이터 파싱 중...
2025-08-17 17:56:02,927 - INFO - [scripts.law.scraper] - 데이터 1건을 '/Users/woong/Roeum/roeum-crawler/data/raw/1760000/공무원연금법 시행령_document.jsonl' 파일로 성공적으로 저장했습니다.
2025-08-17 17:56:02,928 - INFO - [scripts.law.scraper] - 데이터 98건을 '/Users/woong/Roeum/roeum-crawler/data/raw/1760000/공무원연금법 시행령_chunks.jsonl' 파일로 성공적으로 저장했습니다.
2025-08-17 17:56:05,427 - INFO - [scripts.law.scraper] - 페이지로 이동 중: https://www.law.go.kr/LSW/lsInfoP.do?lsiSeq=272643&efYd=20260101
2025-08-17 17:56:06,804 - INFO - [scripts.law.scraper] - 로딩 마스크가 나타나기를 기다리는 중...
2025-08-17 17:56:06,853 - INFO - [scripts.law.scraper] - 로딩 마스크가 사라지기를 기다리는 중...
2025-08-17 17:56:07,098 - INFO - [scripts.law.scraper] - 페이지 최종 렌더링을 잠시 대기합니다...
2025-08-17 17:56:08,105 - INFO - [scripts.law.scraper] - 페이지 HTML 컨텐츠를 가져오는 중...
2025-08-17 17:56:08,140 - INFO - [scripts.law.scraper] - 데이터 파싱 중...
2025-08-17 17:56:08,294 - INFO - [scripts.law.scraper] - 데이터 1건을 '/Users/woong/Roeum/roeum-crawler/data/raw/1760000/공무원연금법 시행령_document.jsonl' 파일로 성공적으로 저장했습니다.
2025-08-17 17:56:08,296 - INFO - [scripts.law.scraper] - 데이터 98건을 '/Users/woong/Roeum/roeum-crawler/data/raw/1760000/공무원연금법 시행령_chunks.jsonl' 파일로 성공적으로 저장했습니다.
2025-08-17 17:56:10,574 - INFO - [scripts.law.scraper] - 페이지로 이동 중: https://www.law.go.kr/LSW/lsInfoP.do?lsiSeq=204700&efYd=20180921
2025-08-17 17:56:11,846 - INFO - [scripts.law.scraper] - 로딩 마스크가 나타나기를 기다리는 중...
2025-08-17 17:56:11,893 - INFO - [scripts.law.scraper] - 로딩 마스크가 사라지기를 기다리는 중...
2025-08-17 17:56:11,988 - INFO - [scripts.law.scraper] - 페이지 최종 렌더링을 잠시 대기합니다...
2025-08-17 17:56:12,996 - INFO - [scripts.law.scraper] - 페이지 HTML 컨텐츠를 가져오는 중...
2025-08-17 17:56:13,008 - INFO - [scripts.law.scraper] - 데이터 파싱 중...
2025-08-17 17:56:13,039 - INFO - [scripts.law.scraper] - 데이터 1건을 '/Users/woong/Roeum/roeum-crawler/data/raw/1760000/공무원연금법 시행규칙_document.jsonl' 파일로 성공적으로 저장했습니다.
2025-08-17 17:56:13,039 - INFO - [scripts.law.scraper] - 데이터 13건을 '/Users/woong/Roeum/roeum-crawler/data/raw/1760000/공무원연금법 시행규칙_chunks.jsonl' 파일로 성공적으로 저장했습니다.
2025-08-17 17:56:14,774 - INFO - [scripts.law.scraper] - 페이지로 이동 중: https://www.law.go.kr/LSW/lsInfoP.do?lsiSeq=272703&efYd=20250708
2025-08-17 17:56:16,041 - INFO - [scripts.law.scraper] - 로딩 마스크가 나타나기를 기다리는 중...
2025-08-17 17:56:16,078 - INFO - [scripts.law.scraper] - 로딩 마스크가 사라지기를 기다리는 중...
2025-08-17 17:56:16,275 - INFO - [scripts.law.scraper] - 페이지 최종 렌더링을 잠시 대기합니다...
2025-08-17 17:56:17,277 - INFO - [scripts.law.scraper] - 페이지 HTML 컨텐츠를 가져오는 중...
2025-08-17 17:56:17,293 - INFO - [scripts.law.scraper] - 데이터 파싱 중...
2025-08-17 17:56:17,350 - INFO - [scripts.law.scraper] - 데이터 1건을 '/Users/woong/Roeum/roeum-crawler/data/raw/1760000/공무원의 구분 변경에 따른 전직임용 등에 관한 특례규정_document.jsonl' 파일로 성공적으로 저장했습니다.
2025-08-17 17:56:17,351 - INFO - [scripts.law.scraper] - 데이터 20건을 '/Users/woong/Roeum/roeum-crawler/data/raw/1760000/공무원의 구분 변경에 따른 전직임용 등에 관한 특례규정_chunks.jsonl' 파일로 성공적으로 저장했습니다.
2025-08-17 17:56:19,329 - INFO - [scripts.law.scraper] - 페이지로 이동 중: https://www.law.go.kr/LSW/lsInfoP.do?lsiSeq=256831&efYd=20240101
2025-08-17 17:56:20,527 - INFO - [scripts.law.scraper] - 로딩 마스크가 나타나기를 기다리는 중...
2025-08-17 17:56:20,552 - INFO - [scripts.law.scraper] - 로딩 마스크가 사라지기를 기다리는 중...
2025-08-17 17:56:20,801 - INFO - [scripts.law.scraper] - 페이지 최종 렌더링을 잠시 대기합니다...
2025-08-17 17:56:21,802 - INFO - [scripts.law.scraper] - 페이지 HTML 컨텐츠를 가져오는 중...
2025-08-17 17:56:21,823 - INFO - [scripts.law.scraper] - 데이터 파싱 중...
2025-08-17 17:56:21,934 - INFO - [scripts.law.scraper] - 데이터 1건을 '/Users/woong/Roeum/roeum-crawler/data/raw/1760000/공무원 인사기록ㆍ통계 및 인사사무 처리 규정_document.jsonl' 파일로 성공적으로 저장했습니다.
2025-08-17 17:56:21,935 - INFO - [scripts.law.scraper] - 데이터 51건을 '/Users/woong/Roeum/roeum-crawler/data/raw/1760000/공무원 인사기록ㆍ통계 및 인사사무 처리 규정_chunks.jsonl' 파일로 성공적으로 저장했습니다.
2025-08-17 17:56:23,721 - INFO - [scripts.law.scraper] - 페이지로 이동 중: https://www.law.go.kr/LSW/lsInfoP.do?lsiSeq=272705&efYd=20250708
2025-08-17 17:56:25,003 - INFO - [scripts.law.scraper] - 로딩 마스크가 나타나기를 기다리는 중...
2025-08-17 17:56:25,056 - INFO - [scripts.law.scraper] - 로딩 마스크가 사라지기를 기다리는 중...
2025-08-17 17:56:25,247 - INFO - [scripts.law.scraper] - 페이지 최종 렌더링을 잠시 대기합니다...
2025-08-17 17:56:26,252 - INFO - [scripts.law.scraper] - 페이지 HTML 컨텐츠를 가져오는 중...
2025-08-17 17:56:26,280 - INFO - [scripts.law.scraper] - 데이터 파싱 중...
2025-08-17 17:56:26,357 - INFO - [scripts.law.scraper] - 데이터 1건을 '/Users/woong/Roeum/roeum-crawler/data/raw/1760000/공무원 인사 운영에 관한 특례규정_document.jsonl' 파일로 성공적으로 저장했습니다.
2025-08-17 17:56:26,357 - INFO - [scripts.law.scraper] - 데이터 24건을 '/Users/woong/Roeum/roeum-crawler/data/raw/1760000/공무원 인사 운영에 관한 특례규정_chunks.jsonl' 파일로 성공적으로 저장했습니다.
2025-08-17 17:56:28,194 - INFO - [scripts.law.scraper] - 페이지로 이동 중: https://www.law.go.kr/LSW/lsInfoP.do?lsiSeq=245371&efYd=20221115
2025-08-17 17:56:29,587 - INFO - [scripts.law.scraper] - 로딩 마스크가 나타나기를 기다리는 중...
2025-08-17 17:56:29,609 - INFO - [scripts.law.scraper] - 로딩 마스크가 사라지기를 기다리는 중...
2025-08-17 17:56:29,795 - INFO - [scripts.law.scraper] - 페이지 최종 렌더링을 잠시 대기합니다...
2025-08-17 17:56:30,798 - INFO - [scripts.law.scraper] - 페이지 HTML 컨텐츠를 가져오는 중...
2025-08-17 17:56:30,826 - INFO - [scripts.law.scraper] - 데이터 파싱 중...
2025-08-17 17:56:30,903 - INFO - [scripts.law.scraper] - 데이터 1건을 '/Users/woong/Roeum/roeum-crawler/data/raw/1760000/공무원 인재개발법_document.jsonl' 파일로 성공적으로 저장했습니다.
2025-08-17 17:56:30,904 - INFO - [scripts.law.scraper] - 데이터 17건을 '/Users/woong/Roeum/roeum-crawler/data/raw/1760000/공무원 인재개발법_chunks.jsonl' 파일로 성공적으로 저장했습니다.
2025-08-17 17:56:32,503 - INFO - [scripts.law.scraper] - 페이지로 이동 중: https://www.law.go.kr/LSW/lsInfoP.do?lsiSeq=247167&efYd=20230103
2025-08-17 17:56:34,191 - INFO - [scripts.law.scraper] - 로딩 마스크가 나타나기를 기다리는 중...
2025-08-17 17:56:34,227 - INFO - [scripts.law.scraper] - 로딩 마스크가 사라지기를 기다리는 중...
2025-08-17 17:56:34,536 - INFO - [scripts.law.scraper] - 페이지 최종 렌더링을 잠시 대기합니다...
2025-08-17 17:56:35,543 - INFO - [scripts.law.scraper] - 페이지 HTML 컨텐츠를 가져오는 중...
2025-08-17 17:56:35,573 - INFO - [scripts.law.scraper] - 데이터 파싱 중...
2025-08-17 17:56:35,707 - INFO - [scripts.law.scraper] - 데이터 1건을 '/Users/woong/Roeum/roeum-crawler/data/raw/1760000/공무원 인재개발법 시행령_document.jsonl' 파일로 성공적으로 저장했습니다.
2025-08-17 17:56:35,707 - INFO - [scripts.law.scraper] - 데이터 66건을 '/Users/woong/Roeum/roeum-crawler/data/raw/1760000/공무원 인재개발법 시행령_chunks.jsonl' 파일로 성공적으로 저장했습니다.
2025-08-17 17:56:37,343 - INFO - [scripts.law.scraper] - 페이지로 이동 중: https://www.law.go.kr/LSW/lsInfoP.do?lsiSeq=272699&efYd=20250708
2025-08-17 17:56:39,274 - INFO - [scripts.law.scraper] - 로딩 마스크가 나타나기를 기다리는 중...
2025-08-17 17:56:39,294 - INFO - [scripts.law.scraper] - 로딩 마스크가 사라지기를 기다리는 중...
2025-08-17 17:56:40,596 - INFO - [scripts.law.scraper] - 페이지 최종 렌더링을 잠시 대기합니다...
2025-08-17 17:56:41,599 - INFO - [scripts.law.scraper] - 페이지 HTML 컨텐츠를 가져오는 중...
2025-08-17 17:56:41,656 - INFO - [scripts.law.scraper] - 데이터 파싱 중...
2025-08-17 17:56:42,000 - INFO - [scripts.law.scraper] - 데이터 1건을 '/Users/woong/Roeum/roeum-crawler/data/raw/1760000/공무원임용령_document.jsonl' 파일로 성공적으로 저장했습니다.
2025-08-17 17:56:42,001 - INFO - [scripts.law.scraper] - 데이터 116건을 '/Users/woong/Roeum/roeum-crawler/data/raw/1760000/공무원임용령_chunks.jsonl' 파일로 성공적으로 저장했습니다.
2025-08-17 17:56:43,614 - INFO - [scripts.law.scraper] - 페이지로 이동 중: https://www.law.go.kr/LSW/lsInfoP.do?lsiSeq=266979&efYd=20250701
2025-08-17 17:56:45,107 - INFO - [scripts.law.scraper] - 로딩 마스크가 나타나기를 기다리는 중...
2025-08-17 17:56:45,128 - INFO - [scripts.law.scraper] - 로딩 마스크가 사라지기를 기다리는 중...
2025-08-17 17:56:46,023 - INFO - [scripts.law.scraper] - 페이지 최종 렌더링을 잠시 대기합니다...
2025-08-17 17:56:47,027 - INFO - [scripts.law.scraper] - 페이지 HTML 컨텐츠를 가져오는 중...
2025-08-17 17:56:47,084 - INFO - [scripts.law.scraper] - 데이터 파싱 중...
2025-08-17 17:56:47,286 - INFO - [scripts.law.scraper] - 데이터 1건을 '/Users/woong/Roeum/roeum-crawler/data/raw/1760000/공무원임용시험령_document.jsonl' 파일로 성공적으로 저장했습니다.
2025-08-17 17:56:47,287 - INFO - [scripts.law.scraper] - 데이터 64건을 '/Users/woong/Roeum/roeum-crawler/data/raw/1760000/공무원임용시험령_chunks.jsonl' 파일로 성공적으로 저장했습니다.
2025-08-17 17:56:49,022 - INFO - [scripts.law.scraper] - 페이지로 이동 중: https://www.law.go.kr/LSW/lsInfoP.do?lsiSeq=271459&efYd=20270101
2025-08-17 17:56:50,224 - INFO - [scripts.law.scraper] - 로딩 마스크가 나타나기를 기다리는 중...
2025-08-17 17:56:50,251 - INFO - [scripts.law.scraper] - 로딩 마스크가 사라지기를 기다리는 중...
2025-08-17 17:56:51,051 - INFO - [scripts.law.scraper] - 페이지 최종 렌더링을 잠시 대기합니다...
2025-08-17 17:56:52,054 - INFO - [scripts.law.scraper] - 페이지 HTML 컨텐츠를 가져오는 중...
2025-08-17 17:56:52,106 - INFO - [scripts.law.scraper] - 데이터 파싱 중...
2025-08-17 17:56:52,282 - INFO - [scripts.law.scraper] - 데이터 1건을 '/Users/woong/Roeum/roeum-crawler/data/raw/1760000/공무원임용시험령_document.jsonl' 파일로 성공적으로 저장했습니다.
2025-08-17 17:56:52,282 - INFO - [scripts.law.scraper] - 데이터 65건을 '/Users/woong/Roeum/roeum-crawler/data/raw/1760000/공무원임용시험령_chunks.jsonl' 파일로 성공적으로 저장했습니다.
2025-08-17 17:56:53,902 - INFO - [scripts.law.scraper] - 페이지로 이동 중: https://www.law.go.kr/LSW/lsInfoP.do?lsiSeq=266979&efYd=20270101
2025-08-17 17:56:55,617 - INFO - [scripts.law.scraper] - 로딩 마스크가 나타나기를 기다리는 중...
2025-08-17 17:56:55,676 - INFO - [scripts.law.scraper] - 로딩 마스크가 사라지기를 기다리는 중...
2025-08-17 17:56:56,027 - INFO - [scripts.law.scraper] - 페이지 최종 렌더링을 잠시 대기합니다...
2025-08-17 17:56:57,032 - INFO - [scripts.law.scraper] - 페이지 HTML 컨텐츠를 가져오는 중...
2025-08-17 17:56:57,076 - INFO - [scripts.law.scraper] - 데이터 파싱 중...
2025-08-17 17:56:57,256 - INFO - [scripts.law.scraper] - 데이터 1건을 '/Users/woong/Roeum/roeum-crawler/data/raw/1760000/공무원임용시험령_document.jsonl' 파일로 성공적으로 저장했습니다.
2025-08-17 17:56:57,257 - INFO - [scripts.law.scraper] - 데이터 65건을 '/Users/woong/Roeum/roeum-crawler/data/raw/1760000/공무원임용시험령_chunks.jsonl' 파일로 성공적으로 저장했습니다.
2025-08-17 17:56:59,076 - INFO - [scripts.law.scraper] - 페이지로 이동 중: https://www.law.go.kr/LSW/lsInfoP.do?lsiSeq=259901&efYd=20250807
2025-08-17 17:57:00,540 - INFO - [scripts.law.scraper] - 로딩 마스크가 나타나기를 기다리는 중...
2025-08-17 17:57:00,581 - INFO - [scripts.law.scraper] - 로딩 마스크가 사라지기를 기다리는 중...
2025-08-17 17:57:00,803 - INFO - [scripts.law.scraper] - 페이지 최종 렌더링을 잠시 대기합니다...
2025-08-17 17:57:01,808 - INFO - [scripts.law.scraper] - 페이지 HTML 컨텐츠를 가져오는 중...
2025-08-17 17:57:01,840 - INFO - [scripts.law.scraper] - 데이터 파싱 중...
2025-08-17 17:57:01,979 - INFO - [scripts.law.scraper] - 데이터 1건을 '/Users/woong/Roeum/roeum-crawler/data/raw/1760000/공무원 재해보상법_document.jsonl' 파일로 성공적으로 저장했습니다.
2025-08-17 17:57:01,980 - INFO - [scripts.law.scraper] - 데이터 69건을 '/Users/woong/Roeum/roeum-crawler/data/raw/1760000/공무원 재해보상법_chunks.jsonl' 파일로 성공적으로 저장했습니다.
2025-08-17 17:57:03,962 - INFO - [scripts.law.scraper] - 페이지로 이동 중: https://www.law.go.kr/LSW/lsInfoP.do?lsiSeq=272695&efYd=20250708
2025-08-17 17:57:05,208 - INFO - [scripts.law.scraper] - 로딩 마스크가 나타나기를 기다리는 중...
2025-08-17 17:57:05,233 - INFO - [scripts.law.scraper] - 로딩 마스크가 사라지기를 기다리는 중...
2025-08-17 17:57:05,557 - INFO - [scripts.law.scraper] - 페이지 최종 렌더링을 잠시 대기합니다...
2025-08-17 17:57:06,559 - INFO - [scripts.law.scraper] - 페이지 HTML 컨텐츠를 가져오는 중...
2025-08-17 17:57:06,600 - INFO - [scripts.law.scraper] - 데이터 파싱 중...
2025-08-17 17:57:06,768 - INFO - [scripts.law.scraper] - 데이터 1건을 '/Users/woong/Roeum/roeum-crawler/data/raw/1760000/공무원 재해보상법 시행령_document.jsonl' 파일로 성공적으로 저장했습니다.
2025-08-17 17:57:06,769 - INFO - [scripts.law.scraper] - 데이터 92건을 '/Users/woong/Roeum/roeum-crawler/data/raw/1760000/공무원 재해보상법 시행령_chunks.jsonl' 파일로 성공적으로 저장했습니다.
2025-08-17 17:57:08,361 - INFO - [scripts.law.scraper] - 페이지로 이동 중: https://www.law.go.kr/LSW/lsInfoP.do?lsiSeq=270211&efYd=20250320
2025-08-17 17:57:10,063 - INFO - [scripts.law.scraper] - 로딩 마스크가 나타나기를 기다리는 중...
2025-08-17 17:57:10,086 - INFO - [scripts.law.scraper] - 로딩 마스크가 사라지기를 기다리는 중...
2025-08-17 17:57:10,372 - INFO - [scripts.law.scraper] - 페이지 최종 렌더링을 잠시 대기합니다...
2025-08-17 17:57:11,375 - INFO - [scripts.law.scraper] - 페이지 HTML 컨텐츠를 가져오는 중...
2025-08-17 17:57:11,401 - INFO - [scripts.law.scraper] - 데이터 파싱 중...
2025-08-17 17:57:11,472 - INFO - [scripts.law.scraper] - 데이터 1건을 '/Users/woong/Roeum/roeum-crawler/data/raw/1760000/공무원 재해보상법 시행규칙_document.jsonl' 파일로 성공적으로 저장했습니다.
2025-08-17 17:57:11,472 - INFO - [scripts.law.scraper] - 데이터 16건을 '/Users/woong/Roeum/roeum-crawler/data/raw/1760000/공무원 재해보상법 시행규칙_chunks.jsonl' 파일로 성공적으로 저장했습니다.
2025-08-17 17:57:13,129 - INFO - [scripts.law.scraper] - 페이지로 이동 중: https://www.law.go.kr/LSW/lsInfoP.do?lsiSeq=272555&efYd=20250701
2025-08-17 17:57:14,641 - INFO - [scripts.law.scraper] - 로딩 마스크가 나타나기를 기다리는 중...
2025-08-17 17:57:14,666 - INFO - [scripts.law.scraper] - 로딩 마스크가 사라지기를 기다리는 중...
2025-08-17 17:57:15,466 - INFO - [scripts.law.scraper] - 페이지 최종 렌더링을 잠시 대기합니다...
2025-08-17 17:57:16,470 - INFO - [scripts.law.scraper] - 페이지 HTML 컨텐츠를 가져오는 중...
2025-08-17 17:57:16,513 - INFO - [scripts.law.scraper] - 데이터 파싱 중...
2025-08-17 17:57:16,649 - INFO - [scripts.law.scraper] - 데이터 1건을 '/Users/woong/Roeum/roeum-crawler/data/raw/1760000/공무원 징계령_document.jsonl' 파일로 성공적으로 저장했습니다.
2025-08-17 17:57:16,649 - INFO - [scripts.law.scraper] - 데이터 41건을 '/Users/woong/Roeum/roeum-crawler/data/raw/1760000/공무원 징계령_chunks.jsonl' 파일로 성공적으로 저장했습니다.
2025-08-17 17:57:18,252 - INFO - [scripts.law.scraper] - 페이지로 이동 중: https://www.law.go.kr/LSW/lsInfoP.do?lsiSeq=267073&efYd=20241211
2025-08-17 17:57:19,950 - INFO - [scripts.law.scraper] - 로딩 마스크가 나타나기를 기다리는 중...
2025-08-17 17:57:19,975 - INFO - [scripts.law.scraper] - 로딩 마스크가 사라지기를 기다리는 중...
2025-08-17 17:57:20,157 - INFO - [scripts.law.scraper] - 페이지 최종 렌더링을 잠시 대기합니다...
2025-08-17 17:57:21,160 - INFO - [scripts.law.scraper] - 페이지 HTML 컨텐츠를 가져오는 중...
2025-08-17 17:57:21,192 - INFO - [scripts.law.scraper] - 데이터 파싱 중...
2025-08-17 17:57:21,278 - INFO - [scripts.law.scraper] - 데이터 1건을 '/Users/woong/Roeum/roeum-crawler/data/raw/1760000/공무원 징계령 시행규칙_document.jsonl' 파일로 성공적으로 저장했습니다.
2025-08-17 17:57:21,279 - INFO - [scripts.law.scraper] - 데이터 13건을 '/Users/woong/Roeum/roeum-crawler/data/raw/1760000/공무원 징계령 시행규칙_chunks.jsonl' 파일로 성공적으로 저장했습니다.
2025-08-17 17:57:22,871 - INFO - [scripts.law.scraper] - 페이지로 이동 중: https://www.law.go.kr/LSW/lsInfoP.do?lsiSeq=266777&efYd=20241227
2025-08-17 17:57:24,169 - INFO - [scripts.law.scraper] - 로딩 마스크가 나타나기를 기다리는 중...
2025-08-17 17:57:24,198 - INFO - [scripts.law.scraper] - 로딩 마스크가 사라지기를 기다리는 중...
2025-08-17 17:57:24,435 - INFO - [scripts.law.scraper] - 페이지 최종 렌더링을 잠시 대기합니다...
2025-08-17 17:57:25,438 - INFO - [scripts.law.scraper] - 페이지 HTML 컨텐츠를 가져오는 중...
2025-08-17 17:57:25,466 - INFO - [scripts.law.scraper] - 데이터 파싱 중...
2025-08-17 17:57:25,540 - INFO - [scripts.law.scraper] - 데이터 1건을 '/Users/woong/Roeum/roeum-crawler/data/raw/1760000/공무원 채용 신체검사 규정_document.jsonl' 파일로 성공적으로 저장했습니다.
2025-08-17 17:57:25,541 - INFO - [scripts.law.scraper] - 데이터 9건을 '/Users/woong/Roeum/roeum-crawler/data/raw/1760000/공무원 채용 신체검사 규정_chunks.jsonl' 파일로 성공적으로 저장했습니다.
2025-08-17 17:57:27,127 - INFO - [scripts.law.scraper] - 페이지로 이동 중: https://www.law.go.kr/LSW/lsInfoP.do?lsiSeq=268229&efYd=20250109
2025-08-17 17:57:28,557 - INFO - [scripts.law.scraper] - 로딩 마스크가 나타나기를 기다리는 중...
2025-08-17 17:57:38,580 - WARNING - [scripts.law.scraper] - 로딩 마스크가 감지되지 않았습니다. 페이지 로드가 완료된 것으로 간주하고 계속 진행합니다.
2025-08-17 17:57:38,581 - INFO - [scripts.law.scraper] - 페이지 최종 렌더링을 잠시 대기합니다...
2025-08-17 17:57:39,588 - INFO - [scripts.law.scraper] - 페이지 HTML 컨텐츠를 가져오는 중...
2025-08-17 17:57:39,616 - INFO - [scripts.law.scraper] - 데이터 파싱 중...
2025-08-17 17:57:39,671 - INFO - [scripts.law.scraper] - 데이터 1건을 '/Users/woong/Roeum/roeum-crawler/data/raw/1760000/공무원 특수지근무수당 지급대상 지역 및 기관과 그 등급별 구분에 관한 규칙_document.jsonl' 파일로 성공적으로 저장했습니다.
2025-08-17 17:57:39,671 - INFO - [scripts.law.scraper] - 데이터 2건을 '/Users/woong/Roeum/roeum-crawler/data/raw/1760000/공무원 특수지근무수당 지급대상 지역 및 기관과 그 등급별 구분에 관한 규칙_chunks.jsonl' 파일로 성공적으로 저장했습니다.
2025-08-17 17:57:41,683 - INFO - [scripts.law.scraper] - 페이지로 이동 중: https://www.law.go.kr/LSW/lsInfoP.do?lsiSeq=227215&efYd=20210105
2025-08-17 17:57:43,008 - INFO - [scripts.law.scraper] - 로딩 마스크가 나타나기를 기다리는 중...
2025-08-17 17:57:43,030 - INFO - [scripts.law.scraper] - 로딩 마스크가 사라지기를 기다리는 중...
2025-08-17 17:57:43,327 - INFO - [scripts.law.scraper] - 페이지 최종 렌더링을 잠시 대기합니다...
2025-08-17 17:57:44,331 - INFO - [scripts.law.scraper] - 페이지 HTML 컨텐츠를 가져오는 중...
2025-08-17 17:57:44,353 - INFO - [scripts.law.scraper] - 데이터 파싱 중...
2025-08-17 17:57:44,439 - INFO - [scripts.law.scraper] - 데이터 1건을 '/Users/woong/Roeum/roeum-crawler/data/raw/1760000/공무원 후생복지에 관한 규정_document.jsonl' 파일로 성공적으로 저장했습니다.
2025-08-17 17:57:44,439 - INFO - [scripts.law.scraper] - 데이터 27건을 '/Users/woong/Roeum/roeum-crawler/data/raw/1760000/공무원 후생복지에 관한 규정_chunks.jsonl' 파일로 성공적으로 저장했습니다.
2025-08-17 17:57:46,021 - INFO - [scripts.law.scraper] - 페이지로 이동 중: https://www.law.go.kr/LSW/lsInfoP.do?lsiSeq=252733&efYd=20240719
2025-08-17 17:57:47,235 - INFO - [scripts.law.scraper] - 로딩 마스크가 나타나기를 기다리는 중...
2025-08-17 17:57:47,258 - INFO - [scripts.law.scraper] - 로딩 마스크가 사라지기를 기다리는 중...
2025-08-17 17:57:48,088 - INFO - [scripts.law.scraper] - 페이지 최종 렌더링을 잠시 대기합니다...
2025-08-17 17:57:49,092 - INFO - [scripts.law.scraper] - 페이지 HTML 컨텐츠를 가져오는 중...
2025-08-17 17:57:49,147 - INFO - [scripts.law.scraper] - 데이터 파싱 중...
2025-08-17 17:57:49,322 - INFO - [scripts.law.scraper] - 데이터 1건을 '/Users/woong/Roeum/roeum-crawler/data/raw/1760000/공직자윤리법_document.jsonl' 파일로 성공적으로 저장했습니다.
2025-08-17 17:57:49,323 - INFO - [scripts.law.scraper] - 데이터 66건을 '/Users/woong/Roeum/roeum-crawler/data/raw/1760000/공직자윤리법_chunks.jsonl' 파일로 성공적으로 저장했습니다.
2025-08-17 17:57:50,938 - INFO - [scripts.law.scraper] - 페이지로 이동 중: https://www.law.go.kr/LSW/lsInfoP.do?lsiSeq=273343&efYd=20260101
2025-08-17 17:57:52,340 - INFO - [scripts.law.scraper] - 로딩 마스크가 나타나기를 기다리는 중...
2025-08-17 17:57:52,363 - INFO - [scripts.law.scraper] - 로딩 마스크가 사라지기를 기다리는 중...
2025-08-17 17:57:53,164 - INFO - [scripts.law.scraper] - 페이지 최종 렌더링을 잠시 대기합니다...
2025-08-17 17:57:54,170 - INFO - [scripts.law.scraper] - 페이지 HTML 컨텐츠를 가져오는 중...
2025-08-17 17:57:54,216 - INFO - [scripts.law.scraper] - 데이터 파싱 중...
2025-08-17 17:57:54,374 - INFO - [scripts.law.scraper] - 데이터 1건을 '/Users/woong/Roeum/roeum-crawler/data/raw/1760000/공직자윤리법_document.jsonl' 파일로 성공적으로 저장했습니다.
2025-08-17 17:57:54,375 - INFO - [scripts.law.scraper] - 데이터 66건을 '/Users/woong/Roeum/roeum-crawler/data/raw/1760000/공직자윤리법_chunks.jsonl' 파일로 성공적으로 저장했습니다.
2025-08-17 17:57:55,979 - INFO - [scripts.law.scraper] - 페이지로 이동 중: https://www.law.go.kr/LSW/lsInfoP.do?lsiSeq=263369&efYd=20240627
2025-08-17 17:57:57,527 - INFO - [scripts.law.scraper] - 로딩 마스크가 나타나기를 기다리는 중...
2025-08-17 17:57:57,549 - INFO - [scripts.law.scraper] - 로딩 마스크가 사라지기를 기다리는 중...
2025-08-17 17:57:58,342 - INFO - [scripts.law.scraper] - 페이지 최종 렌더링을 잠시 대기합니다...
2025-08-17 17:57:59,345 - INFO - [scripts.law.scraper] - 페이지 HTML 컨텐츠를 가져오는 중...
2025-08-17 17:57:59,402 - INFO - [scripts.law.scraper] - 데이터 파싱 중...
2025-08-17 17:57:59,610 - INFO - [scripts.law.scraper] - 데이터 1건을 '/Users/woong/Roeum/roeum-crawler/data/raw/1760000/공직자윤리법 시행령_document.jsonl' 파일로 성공적으로 저장했습니다.
2025-08-17 17:57:59,611 - INFO - [scripts.law.scraper] - 데이터 82건을 '/Users/woong/Roeum/roeum-crawler/data/raw/1760000/공직자윤리법 시행령_chunks.jsonl' 파일로 성공적으로 저장했습니다.
2025-08-17 17:58:01,235 - INFO - [scripts.law.scraper] - 페이지로 이동 중: https://www.law.go.kr/LSW/lsInfoP.do?lsiSeq=263441&efYd=20240627
2025-08-17 17:58:02,499 - INFO - [scripts.law.scraper] - 로딩 마스크가 나타나기를 기다리는 중...
2025-08-17 17:58:02,521 - INFO - [scripts.law.scraper] - 로딩 마스크가 사라지기를 기다리는 중...
2025-08-17 17:58:03,317 - INFO - [scripts.law.scraper] - 페이지 최종 렌더링을 잠시 대기합니다...
2025-08-17 17:58:04,320 - INFO - [scripts.law.scraper] - 페이지 HTML 컨텐츠를 가져오는 중...
2025-08-17 17:58:04,377 - INFO - [scripts.law.scraper] - 데이터 파싱 중...
2025-08-17 17:58:04,579 - INFO - [scripts.law.scraper] - 데이터 1건을 '/Users/woong/Roeum/roeum-crawler/data/raw/1760000/공직자윤리법 시행규칙_document.jsonl' 파일로 성공적으로 저장했습니다.
2025-08-17 17:58:04,579 - INFO - [scripts.law.scraper] - 데이터 38건을 '/Users/woong/Roeum/roeum-crawler/data/raw/1760000/공직자윤리법 시행규칙_chunks.jsonl' 파일로 성공적으로 저장했습니다.
2025-08-17 17:58:06,181 - INFO - [scripts.law.scraper] - 페이지로 이동 중: https://www.law.go.kr/LSW/lsInfoP.do?lsiSeq=271625&efYd=20250610
2025-08-17 17:58:07,802 - INFO - [scripts.law.scraper] - 로딩 마스크가 나타나기를 기다리는 중...
2025-08-17 17:58:07,825 - INFO - [scripts.law.scraper] - 로딩 마스크가 사라지기를 기다리는 중...
2025-08-17 17:58:08,027 - INFO - [scripts.law.scraper] - 페이지 최종 렌더링을 잠시 대기합니다...
2025-08-17 17:58:09,030 - INFO - [scripts.law.scraper] - 페이지 HTML 컨텐츠를 가져오는 중...
2025-08-17 17:58:09,057 - INFO - [scripts.law.scraper] - 데이터 파싱 중...
2025-08-17 17:58:09,129 - INFO - [scripts.law.scraper] - 데이터 1건을 '/Users/woong/Roeum/roeum-crawler/data/raw/1760000/공직후보자 등에 관한 정보의 수집 및 관리에 관한 규정_document.jsonl' 파일로 성공적으로 저장했습니다.
2025-08-17 17:58:09,130 - INFO - [scripts.law.scraper] - 데이터 16건을 '/Users/woong/Roeum/roeum-crawler/data/raw/1760000/공직후보자 등에 관한 정보의 수집 및 관리에 관한 규정_chunks.jsonl' 파일로 성공적으로 저장했습니다.
2025-08-17 17:58:10,721 - INFO - [scripts.law.scraper] - 페이지로 이동 중: https://www.law.go.kr/LSW/lsInfoP.do?lsiSeq=233829&efYd=20220101
2025-08-17 17:58:12,406 - INFO - [scripts.law.scraper] - 로딩 마스크가 나타나기를 기다리는 중...
2025-08-17 17:58:12,428 - INFO - [scripts.law.scraper] - 로딩 마스크가 사라지기를 기다리는 중...
2025-08-17 17:58:12,456 - INFO - [scripts.law.scraper] - 페이지 최종 렌더링을 잠시 대기합니다...
2025-08-17 17:58:13,460 - INFO - [scripts.law.scraper] - 페이지 HTML 컨텐츠를 가져오는 중...
2025-08-17 17:58:13,480 - INFO - [scripts.law.scraper] - 데이터 파싱 중...
2025-08-17 17:58:13,522 - INFO - [scripts.law.scraper] - 데이터 1건을 '/Users/woong/Roeum/roeum-crawler/data/raw/1760000/공휴일에 관한 법률_document.jsonl' 파일로 성공적으로 저장했습니다.
2025-08-17 17:58:13,523 - INFO - [scripts.law.scraper] - 데이터 4건을 '/Users/woong/Roeum/roeum-crawler/data/raw/1760000/공휴일에 관한 법률_chunks.jsonl' 파일로 성공적으로 저장했습니다.
2025-08-17 17:58:15,128 - INFO - [scripts.law.scraper] - 페이지로 이동 중: https://www.law.go.kr/LSW/lsInfoP.do?lsiSeq=250657&efYd=20230504
2025-08-17 17:58:16,816 - INFO - [scripts.law.scraper] - 로딩 마스크가 나타나기를 기다리는 중...
2025-08-17 17:58:16,848 - INFO - [scripts.law.scraper] - 로딩 마스크가 사라지기를 기다리는 중...
2025-08-17 17:58:17,030 - INFO - [scripts.law.scraper] - 페이지 최종 렌더링을 잠시 대기합니다...
2025-08-17 17:58:18,033 - INFO - [scripts.law.scraper] - 페이지 HTML 컨텐츠를 가져오는 중...
2025-08-17 17:58:18,053 - INFO - [scripts.law.scraper] - 데이터 파싱 중...
2025-08-17 17:58:18,099 - INFO - [scripts.law.scraper] - 데이터 1건을 '/Users/woong/Roeum/roeum-crawler/data/raw/1760000/관공서의 공휴일에 관한 규정_document.jsonl' 파일로 성공적으로 저장했습니다.
2025-08-17 17:58:18,099 - INFO - [scripts.law.scraper] - 데이터 4건을 '/Users/woong/Roeum/roeum-crawler/data/raw/1760000/관공서의 공휴일에 관한 규정_chunks.jsonl' 파일로 성공적으로 저장했습니다.
2025-08-17 17:58:19,711 - INFO - [scripts.law.scraper] - 페이지로 이동 중: https://www.law.go.kr/LSW/lsInfoP.do?lsiSeq=271465&efYd=20250602
2025-08-17 17:58:21,384 - INFO - [scripts.law.scraper] - 로딩 마스크가 나타나기를 기다리는 중...
2025-08-17 17:58:21,404 - INFO - [scripts.law.scraper] - 로딩 마스크가 사라지기를 기다리는 중...
2025-08-17 17:58:21,694 - INFO - [scripts.law.scraper] - 페이지 최종 렌더링을 잠시 대기합니다...
2025-08-17 17:58:22,698 - INFO - [scripts.law.scraper] - 페이지 HTML 컨텐츠를 가져오는 중...
2025-08-17 17:58:22,735 - INFO - [scripts.law.scraper] - 데이터 파싱 중...
2025-08-17 17:58:22,837 - INFO - [scripts.law.scraper] - 데이터 1건을 '/Users/woong/Roeum/roeum-crawler/data/raw/1760000/국가공무원 명예퇴직수당 등 지급 규정_document.jsonl' 파일로 성공적으로 저장했습니다.
2025-08-17 17:58:22,838 - INFO - [scripts.law.scraper] - 데이터 19건을 '/Users/woong/Roeum/roeum-crawler/data/raw/1760000/국가공무원 명예퇴직수당 등 지급 규정_chunks.jsonl' 파일로 성공적으로 저장했습니다.
2025-08-17 17:58:24,448 - INFO - [scripts.law.scraper] - 페이지로 이동 중: https://www.law.go.kr/LSW/lsInfoP.do?lsiSeq=267601&efYd=20250701
2025-08-17 17:58:26,576 - INFO - [scripts.law.scraper] - 로딩 마스크가 나타나기를 기다리는 중...
2025-08-17 17:58:26,600 - INFO - [scripts.law.scraper] - 로딩 마스크가 사라지기를 기다리는 중...
2025-08-17 17:58:27,535 - INFO - [scripts.law.scraper] - 페이지 최종 렌더링을 잠시 대기합니다...
2025-08-17 17:58:28,539 - INFO - [scripts.law.scraper] - 페이지 HTML 컨텐츠를 가져오는 중...
2025-08-17 17:58:28,594 - INFO - [scripts.law.scraper] - 데이터 파싱 중...
2025-08-17 17:58:28,847 - INFO - [scripts.law.scraper] - 데이터 1건을 '/Users/woong/Roeum/roeum-crawler/data/raw/1760000/국가공무원법_document.jsonl' 파일로 성공적으로 저장했습니다.
2025-08-17 17:58:28,848 - INFO - [scripts.law.scraper] - 데이터 138건을 '/Users/woong/Roeum/roeum-crawler/data/raw/1760000/국가공무원법_chunks.jsonl' 파일로 성공적으로 저장했습니다.
2025-08-17 17:58:30,489 - INFO - [scripts.law.scraper] - 페이지로 이동 중: https://www.law.go.kr/LSW/lsInfoP.do?lsiSeq=52789&efYd=20020710
2025-08-17 17:58:32,103 - INFO - [scripts.law.scraper] - 로딩 마스크가 나타나기를 기다리는 중...
2025-08-17 17:58:32,137 - INFO - [scripts.law.scraper] - 로딩 마스크가 사라지기를 기다리는 중...
2025-08-17 17:58:32,321 - INFO - [scripts.law.scraper] - 페이지 최종 렌더링을 잠시 대기합니다...
2025-08-17 17:58:33,323 - INFO - [scripts.law.scraper] - 페이지 HTML 컨텐츠를 가져오는 중...
2025-08-17 17:58:33,338 - INFO - [scripts.law.scraper] - 데이터 파싱 중...
2025-08-17 17:58:33,376 - INFO - [scripts.law.scraper] - 데이터 1건을 '/Users/woong/Roeum/roeum-crawler/data/raw/1760000/국가공무원법제3조제3항의공무원의범위에관한규정_document.jsonl' 파일로 성공적으로 저장했습니다.
2025-08-17 17:58:33,376 - INFO - [scripts.law.scraper] - 데이터 2건을 '/Users/woong/Roeum/roeum-crawler/data/raw/1760000/국가공무원법제3조제3항의공무원의범위에관한규정_chunks.jsonl' 파일로 성공적으로 저장했습니다.
2025-08-17 17:58:35,034 - INFO - [scripts.law.scraper] - 페이지로 이동 중: https://www.law.go.kr/LSW/lsInfoP.do?lsiSeq=272807&efYd=20250722
2025-08-17 17:58:36,595 - INFO - [scripts.law.scraper] - 로딩 마스크가 나타나기를 기다리는 중...
2025-08-17 17:58:36,617 - INFO - [scripts.law.scraper] - 로딩 마스크가 사라지기를 기다리는 중...
2025-08-17 17:58:37,407 - INFO - [scripts.law.scraper] - 페이지 최종 렌더링을 잠시 대기합니다...
2025-08-17 17:58:38,411 - INFO - [scripts.law.scraper] - 페이지 HTML 컨텐츠를 가져오는 중...
2025-08-17 17:58:38,453 - INFO - [scripts.law.scraper] - 데이터 파싱 중...
2025-08-17 17:58:38,597 - INFO - [scripts.law.scraper] - 데이터 1건을 '/Users/woong/Roeum/roeum-crawler/data/raw/1760000/국가공무원 복무규정_document.jsonl' 파일로 성공적으로 저장했습니다.
2025-08-17 17:58:38,598 - INFO - [scripts.law.scraper] - 데이터 49건을 '/Users/woong/Roeum/roeum-crawler/data/raw/1760000/국가공무원 복무규정_chunks.jsonl' 파일로 성공적으로 저장했습니다.
2025-08-17 17:58:40,191 - INFO - [scripts.law.scraper] - 페이지로 이동 중: https://www.law.go.kr/LSW/lsInfoP.do?lsiSeq=268627&efYd=20250116
2025-08-17 17:58:41,349 - INFO - [scripts.law.scraper] - 로딩 마스크가 나타나기를 기다리는 중...
2025-08-17 17:58:41,378 - INFO - [scripts.law.scraper] - 로딩 마스크가 사라지기를 기다리는 중...
2025-08-17 17:58:42,168 - INFO - [scripts.law.scraper] - 페이지 최종 렌더링을 잠시 대기합니다...
2025-08-17 17:58:43,171 - INFO - [scripts.law.scraper] - 페이지 HTML 컨텐츠를 가져오는 중...
2025-08-17 17:58:43,200 - INFO - [scripts.law.scraper] - 데이터 파싱 중...
2025-08-17 17:58:43,332 - INFO - [scripts.law.scraper] - 데이터 1건을 '/Users/woong/Roeum/roeum-crawler/data/raw/1760000/국가공무원 복무규칙_document.jsonl' 파일로 성공적으로 저장했습니다.
2025-08-17 17:58:43,333 - INFO - [scripts.law.scraper] - 데이터 71건을 '/Users/woong/Roeum/roeum-crawler/data/raw/1760000/국가공무원 복무규칙_chunks.jsonl' 파일로 성공적으로 저장했습니다.
2025-08-17 17:58:44,932 - INFO - [scripts.law.scraper] - 페이지로 이동 중: https://www.law.go.kr/LSW/lsInfoP.do?lsiSeq=256829&efYd=20240101
2025-08-17 17:58:46,544 - INFO - [scripts.law.scraper] - 로딩 마스크가 나타나기를 기다리는 중...
2025-08-17 17:58:46,567 - INFO - [scripts.law.scraper] - 로딩 마스크가 사라지기를 기다리는 중...
2025-08-17 17:58:46,750 - INFO - [scripts.law.scraper] - 페이지 최종 렌더링을 잠시 대기합니다...
2025-08-17 17:58:47,753 - INFO - [scripts.law.scraper] - 페이지 HTML 컨텐츠를 가져오는 중...
2025-08-17 17:58:47,776 - INFO - [scripts.law.scraper] - 데이터 파싱 중...
2025-08-17 17:58:47,829 - INFO - [scripts.law.scraper] - 데이터 1건을 '/Users/woong/Roeum/roeum-crawler/data/raw/1760000/디지털인사관리규정_document.jsonl' 파일로 성공적으로 저장했습니다.
2025-08-17 17:58:47,829 - INFO - [scripts.law.scraper] - 데이터 15건을 '/Users/woong/Roeum/roeum-crawler/data/raw/1760000/디지털인사관리규정_chunks.jsonl' 파일로 성공적으로 저장했습니다.
2025-08-17 17:58:49,422 - INFO - [scripts.law.scraper] - 페이지로 이동 중: https://www.law.go.kr/LSW/lsInfoP.do?lsiSeq=257265&efYd=20240101
2025-08-17 17:58:51,496 - INFO - [scripts.law.scraper] - 로딩 마스크가 나타나기를 기다리는 중...
2025-08-17 17:58:51,515 - INFO - [scripts.law.scraper] - 로딩 마스크가 사라지기를 기다리는 중...
2025-08-17 17:58:51,722 - INFO - [scripts.law.scraper] - 페이지 최종 렌더링을 잠시 대기합니다...
2025-08-17 17:58:52,726 - INFO - [scripts.law.scraper] - 페이지 HTML 컨텐츠를 가져오는 중...
2025-08-17 17:58:52,755 - INFO - [scripts.law.scraper] - 데이터 파싱 중...
2025-08-17 17:58:52,841 - INFO - [scripts.law.scraper] - 데이터 1건을 '/Users/woong/Roeum/roeum-crawler/data/raw/1760000/별정직공무원 인사규정_document.jsonl' 파일로 성공적으로 저장했습니다.
2025-08-17 17:58:52,841 - INFO - [scripts.law.scraper] - 데이터 21건을 '/Users/woong/Roeum/roeum-crawler/data/raw/1760000/별정직공무원 인사규정_chunks.jsonl' 파일로 성공적으로 저장했습니다.
2025-08-17 17:58:54,434 - INFO - [scripts.law.scraper] - 페이지로 이동 중: https://www.law.go.kr/LSW/lsInfoP.do?lsiSeq=272811&efYd=20250722
2025-08-17 17:58:55,703 - INFO - [scripts.law.scraper] - 로딩 마스크가 나타나기를 기다리는 중...
2025-08-17 17:58:55,729 - INFO - [scripts.law.scraper] - 로딩 마스크가 사라지기를 기다리는 중...
2025-08-17 17:58:56,526 - INFO - [scripts.law.scraper] - 페이지 최종 렌더링을 잠시 대기합니다...
2025-08-17 17:58:57,530 - INFO - [scripts.law.scraper] - 페이지 HTML 컨텐츠를 가져오는 중...
2025-08-17 17:58:57,553 - INFO - [scripts.law.scraper] - 데이터 파싱 중...
2025-08-17 17:58:57,608 - INFO - [scripts.law.scraper] - 데이터 1건을 '/Users/woong/Roeum/roeum-crawler/data/raw/1760000/성희롱ㆍ성폭력 근절을 위한 공무원 인사관리규정_document.jsonl' 파일로 성공적으로 저장했습니다.
2025-08-17 17:58:57,609 - INFO - [scripts.law.scraper] - 데이터 11건을 '/Users/woong/Roeum/roeum-crawler/data/raw/1760000/성희롱ㆍ성폭력 근절을 위한 공무원 인사관리규정_chunks.jsonl' 파일로 성공적으로 저장했습니다.
2025-08-17 17:58:59,204 - INFO - [scripts.law.scraper] - 페이지로 이동 중: https://www.law.go.kr/LSW/lsInfoP.do?lsiSeq=267203&efYd=20241224
2025-08-17 17:59:01,235 - INFO - [scripts.law.scraper] - 로딩 마스크가 나타나기를 기다리는 중...
2025-08-17 17:59:01,257 - INFO - [scripts.law.scraper] - 로딩 마스크가 사라지기를 기다리는 중...
2025-08-17 17:59:01,363 - INFO - [scripts.law.scraper] - 페이지 최종 렌더링을 잠시 대기합니다...
2025-08-17 17:59:02,366 - INFO - [scripts.law.scraper] - 페이지 HTML 컨텐츠를 가져오는 중...
2025-08-17 17:59:02,391 - INFO - [scripts.law.scraper] - 데이터 파싱 중...
2025-08-17 17:59:02,471 - INFO - [scripts.law.scraper] - 데이터 1건을 '/Users/woong/Roeum/roeum-crawler/data/raw/1760000/소청절차규정_document.jsonl' 파일로 성공적으로 저장했습니다.
2025-08-17 17:59:02,471 - INFO - [scripts.law.scraper] - 데이터 28건을 '/Users/woong/Roeum/roeum-crawler/data/raw/1760000/소청절차규정_chunks.jsonl' 파일로 성공적으로 저장했습니다.
2025-08-17 17:59:04,069 - INFO - [scripts.law.scraper] - 페이지로 이동 중: https://www.law.go.kr/LSW/lsInfoP.do?lsiSeq=272715&efYd=20250708
2025-08-17 17:59:05,287 - INFO - [scripts.law.scraper] - 로딩 마스크가 나타나기를 기다리는 중...
2025-08-17 17:59:05,327 - INFO - [scripts.law.scraper] - 로딩 마스크가 사라지기를 기다리는 중...
2025-08-17 17:59:06,166 - INFO - [scripts.law.scraper] - 페이지 최종 렌더링을 잠시 대기합니다...
2025-08-17 17:59:07,172 - INFO - [scripts.law.scraper] - 페이지 HTML 컨텐츠를 가져오는 중...
2025-08-17 17:59:07,204 - INFO - [scripts.law.scraper] - 데이터 파싱 중...
2025-08-17 17:59:07,350 - INFO - [scripts.law.scraper] - 데이터 1건을 '/Users/woong/Roeum/roeum-crawler/data/raw/1760000/연구직 및 지도직공무원의 임용 등에 관한 규정_document.jsonl' 파일로 성공적으로 저장했습니다.
2025-08-17 17:59:07,350 - INFO - [scripts.law.scraper] - 데이터 41건을 '/Users/woong/Roeum/roeum-crawler/data/raw/1760000/연구직 및 지도직공무원의 임용 등에 관한 규정_chunks.jsonl' 파일로 성공적으로 저장했습니다.
2025-08-17 17:59:08,955 - INFO - [scripts.law.scraper] - 페이지로 이동 중: https://www.law.go.kr/LSW/lsInfoP.do?lsiSeq=220069&efYd=20200730
2025-08-17 17:59:10,483 - INFO - [scripts.law.scraper] - 로딩 마스크가 나타나기를 기다리는 중...
2025-08-17 17:59:10,505 - INFO - [scripts.law.scraper] - 로딩 마스크가 사라지기를 기다리는 중...
2025-08-17 17:59:10,605 - INFO - [scripts.law.scraper] - 페이지 최종 렌더링을 잠시 대기합니다...
2025-08-17 17:59:11,608 - INFO - [scripts.law.scraper] - 페이지 HTML 컨텐츠를 가져오는 중...
2025-08-17 17:59:11,633 - INFO - [scripts.law.scraper] - 데이터 파싱 중...
2025-08-17 17:59:11,725 - INFO - [scripts.law.scraper] - 데이터 1건을 '/Users/woong/Roeum/roeum-crawler/data/raw/1760000/인사 감사 규정_document.jsonl' 파일로 성공적으로 저장했습니다.
2025-08-17 17:59:11,725 - INFO - [scripts.law.scraper] - 데이터 19건을 '/Users/woong/Roeum/roeum-crawler/data/raw/1760000/인사 감사 규정_chunks.jsonl' 파일로 성공적으로 저장했습니다.
2025-08-17 17:59:13,339 - INFO - [scripts.law.scraper] - 페이지로 이동 중: https://www.law.go.kr/LSW/lsInfoP.do?lsiSeq=171962&efYd=20150612
2025-08-17 17:59:14,543 - INFO - [scripts.law.scraper] - 로딩 마스크가 나타나기를 기다리는 중...
2025-08-17 17:59:14,565 - INFO - [scripts.law.scraper] - 로딩 마스크가 사라지기를 기다리는 중...
2025-08-17 17:59:14,757 - INFO - [scripts.law.scraper] - 페이지 최종 렌더링을 잠시 대기합니다...
2025-08-17 17:59:15,760 - INFO - [scripts.law.scraper] - 페이지 HTML 컨텐츠를 가져오는 중...
2025-08-17 17:59:15,790 - INFO - [scripts.law.scraper] - 데이터 파싱 중...
2025-08-17 17:59:15,857 - INFO - [scripts.law.scraper] - 데이터 1건을 '/Users/woong/Roeum/roeum-crawler/data/raw/1760000/인사혁신처 소관 비영리법인의 설립 및 감독에 관한 규칙_document.jsonl' 파일로 성공적으로 저장했습니다.
2025-08-17 17:59:15,857 - INFO - [scripts.law.scraper] - 데이터 12건을 '/Users/woong/Roeum/roeum-crawler/data/raw/1760000/인사혁신처 소관 비영리법인의 설립 및 감독에 관한 규칙_chunks.jsonl' 파일로 성공적으로 저장했습니다.
2025-08-17 17:59:17,452 - INFO - [scripts.law.scraper] - 페이지로 이동 중: https://www.law.go.kr/LSW/lsInfoP.do?lsiSeq=269299&efYd=20250225
2025-08-17 17:59:18,564 - INFO - [scripts.law.scraper] - 로딩 마스크가 나타나기를 기다리는 중...
2025-08-17 17:59:18,587 - INFO - [scripts.law.scraper] - 로딩 마스크가 사라지기를 기다리는 중...
2025-08-17 17:59:18,812 - INFO - [scripts.law.scraper] - 페이지 최종 렌더링을 잠시 대기합니다...
2025-08-17 17:59:19,815 - INFO - [scripts.law.scraper] - 페이지 HTML 컨텐츠를 가져오는 중...
2025-08-17 17:59:19,851 - INFO - [scripts.law.scraper] - 데이터 파싱 중...
2025-08-17 17:59:19,955 - INFO - [scripts.law.scraper] - 데이터 1건을 '/Users/woong/Roeum/roeum-crawler/data/raw/1760000/인사혁신처와 그 소속기관 직제_document.jsonl' 파일로 성공적으로 저장했습니다.
2025-08-17 17:59:19,956 - INFO - [scripts.law.scraper] - 데이터 34건을 '/Users/woong/Roeum/roeum-crawler/data/raw/1760000/인사혁신처와 그 소속기관 직제_chunks.jsonl' 파일로 성공적으로 저장했습니다.
2025-08-17 17:59:21,542 - INFO - [scripts.law.scraper] - 페이지로 이동 중: https://www.law.go.kr/LSW/lsInfoP.do?lsiSeq=269423&efYd=20250225
2025-08-17 17:59:22,881 - INFO - [scripts.law.scraper] - 로딩 마스크가 나타나기를 기다리는 중...
2025-08-17 17:59:22,906 - INFO - [scripts.law.scraper] - 로딩 마스크가 사라지기를 기다리는 중...
2025-08-17 17:59:23,706 - INFO - [scripts.law.scraper] - 페이지 최종 렌더링을 잠시 대기합니다...
2025-08-17 17:59:24,712 - INFO - [scripts.law.scraper] - 페이지 HTML 컨텐츠를 가져오는 중...
2025-08-17 17:59:24,746 - INFO - [scripts.law.scraper] - 데이터 파싱 중...
2025-08-17 17:59:24,861 - INFO - [scripts.law.scraper] - 데이터 1건을 '/Users/woong/Roeum/roeum-crawler/data/raw/1760000/인사혁신처와 그 소속기관 직제 시행규칙_document.jsonl' 파일로 성공적으로 저장했습니다.
2025-08-17 17:59:24,862 - INFO - [scripts.law.scraper] - 데이터 26건을 '/Users/woong/Roeum/roeum-crawler/data/raw/1760000/인사혁신처와 그 소속기관 직제 시행규칙_chunks.jsonl' 파일로 성공적으로 저장했습니다.
2025-08-17 17:59:26,455 - INFO - [scripts.law.scraper] - 페이지로 이동 중: https://www.law.go.kr/LSW/lsInfoP.do?lsiSeq=212127&efYd=20200611
2025-08-17 17:59:27,663 - INFO - [scripts.law.scraper] - 로딩 마스크가 나타나기를 기다리는 중...
2025-08-17 17:59:27,682 - INFO - [scripts.law.scraper] - 로딩 마스크가 사라지기를 기다리는 중...
2025-08-17 17:59:27,870 - INFO - [scripts.law.scraper] - 페이지 최종 렌더링을 잠시 대기합니다...
2025-08-17 17:59:28,873 - INFO - [scripts.law.scraper] - 페이지 HTML 컨텐츠를 가져오는 중...
2025-08-17 17:59:28,896 - INFO - [scripts.law.scraper] - 데이터 파싱 중...
2025-08-17 17:59:28,947 - INFO - [scripts.law.scraper] - 데이터 1건을 '/Users/woong/Roeum/roeum-crawler/data/raw/1760000/임용결격공무원 등에 대한 퇴직보상금지급 등에 관한 특례법_document.jsonl' 파일로 성공적으로 저장했습니다.
2025-08-17 17:59:28,948 - INFO - [scripts.law.scraper] - 데이터 9건을 '/Users/woong/Roeum/roeum-crawler/data/raw/1760000/임용결격공무원 등에 대한 퇴직보상금지급 등에 관한 특례법_chunks.jsonl' 파일로 성공적으로 저장했습니다.
2025-08-17 17:59:30,517 - INFO - [scripts.law.scraper] - 페이지로 이동 중: https://www.law.go.kr/LSW/lsInfoP.do?lsiSeq=204627&efYd=20180921
2025-08-17 17:59:32,267 - INFO - [scripts.law.scraper] - 로딩 마스크가 나타나기를 기다리는 중...
2025-08-17 17:59:32,289 - INFO - [scripts.law.scraper] - 로딩 마스크가 사라지기를 기다리는 중...
2025-08-17 17:59:32,475 - INFO - [scripts.law.scraper] - 페이지 최종 렌더링을 잠시 대기합니다...
2025-08-17 17:59:33,479 - INFO - [scripts.law.scraper] - 페이지 HTML 컨텐츠를 가져오는 중...
2025-08-17 17:59:33,494 - INFO - [scripts.law.scraper] - 데이터 파싱 중...
2025-08-17 17:59:33,559 - INFO - [scripts.law.scraper] - 데이터 1건을 '/Users/woong/Roeum/roeum-crawler/data/raw/1760000/임용결격공무원 등에 대한 퇴직보상금지급 등에 관한 특례법 시행령_document.jsonl' 파일로 성공적으로 저장했습니다.
2025-08-17 17:59:33,559 - INFO - [scripts.law.scraper] - 데이터 12건을 '/Users/woong/Roeum/roeum-crawler/data/raw/1760000/임용결격공무원 등에 대한 퇴직보상금지급 등에 관한 특례법 시행령_chunks.jsonl' 파일로 성공적으로 저장했습니다.
2025-08-17 17:59:35,207 - INFO - [scripts.law.scraper] - 페이지로 이동 중: https://www.law.go.kr/LSW/lsInfoP.do?lsiSeq=272707&efYd=20250708
2025-08-17 17:59:36,436 - INFO - [scripts.law.scraper] - 로딩 마스크가 나타나기를 기다리는 중...
2025-08-17 17:59:36,456 - INFO - [scripts.law.scraper] - 로딩 마스크가 사라지기를 기다리는 중...
2025-08-17 17:59:36,572 - INFO - [scripts.law.scraper] - 페이지 최종 렌더링을 잠시 대기합니다...
2025-08-17 17:59:37,575 - INFO - [scripts.law.scraper] - 페이지 HTML 컨텐츠를 가져오는 중...
2025-08-17 17:59:37,611 - INFO - [scripts.law.scraper] - 데이터 파싱 중...
2025-08-17 17:59:37,709 - INFO - [scripts.law.scraper] - 데이터 1건을 '/Users/woong/Roeum/roeum-crawler/data/raw/1760000/적극행정 운영규정_document.jsonl' 파일로 성공적으로 저장했습니다.
2025-08-17 17:59:37,710 - INFO - [scripts.law.scraper] - 데이터 26건을 '/Users/woong/Roeum/roeum-crawler/data/raw/1760000/적극행정 운영규정_chunks.jsonl' 파일로 성공적으로 저장했습니다.
2025-08-17 17:59:39,326 - INFO - [scripts.law.scraper] - 페이지로 이동 중: https://www.law.go.kr/LSW/lsInfoP.do?lsiSeq=272709&efYd=20250708
2025-08-17 17:59:40,809 - INFO - [scripts.law.scraper] - 로딩 마스크가 나타나기를 기다리는 중...
2025-08-17 17:59:40,837 - INFO - [scripts.law.scraper] - 로딩 마스크가 사라지기를 기다리는 중...
2025-08-17 17:59:41,132 - INFO - [scripts.law.scraper] - 페이지 최종 렌더링을 잠시 대기합니다...
2025-08-17 17:59:42,135 - INFO - [scripts.law.scraper] - 페이지 HTML 컨텐츠를 가져오는 중...
2025-08-17 17:59:42,163 - INFO - [scripts.law.scraper] - 데이터 파싱 중...
2025-08-17 17:59:42,239 - INFO - [scripts.law.scraper] - 데이터 1건을 '/Users/woong/Roeum/roeum-crawler/data/raw/1760000/전문경력관 규정_document.jsonl' 파일로 성공적으로 저장했습니다.
2025-08-17 17:59:42,239 - INFO - [scripts.law.scraper] - 데이터 21건을 '/Users/woong/Roeum/roeum-crawler/data/raw/1760000/전문경력관 규정_chunks.jsonl' 파일로 성공적으로 저장했습니다.
2025-08-17 17:59:43,826 - INFO - [scripts.law.scraper] - 페이지로 이동 중: https://www.law.go.kr/LSW/lsInfoP.do?lsiSeq=272711&efYd=20250708
2025-08-17 17:59:45,517 - INFO - [scripts.law.scraper] - 로딩 마스크가 나타나기를 기다리는 중...
2025-08-17 17:59:45,544 - INFO - [scripts.law.scraper] - 로딩 마스크가 사라지기를 기다리는 중...
2025-08-17 17:59:45,730 - INFO - [scripts.law.scraper] - 페이지 최종 렌더링을 잠시 대기합니다...
2025-08-17 17:59:46,734 - INFO - [scripts.law.scraper] - 페이지 HTML 컨텐츠를 가져오는 중...
2025-08-17 17:59:46,761 - INFO - [scripts.law.scraper] - 데이터 파싱 중...
2025-08-17 17:59:46,837 - INFO - [scripts.law.scraper] - 데이터 1건을 '/Users/woong/Roeum/roeum-crawler/data/raw/1760000/전문직공무원 인사규정_document.jsonl' 파일로 성공적으로 저장했습니다.
2025-08-17 17:59:46,837 - INFO - [scripts.law.scraper] - 데이터 18건을 '/Users/woong/Roeum/roeum-crawler/data/raw/1760000/전문직공무원 인사규정_chunks.jsonl' 파일로 성공적으로 저장했습니다.
2025-08-17 17:59:48,422 - INFO - [scripts.law.scraper] - 페이지로 이동 중: https://www.law.go.kr/LSW/lsInfoP.do?lsiSeq=246975&efYd=20221227
2025-08-17 17:59:49,785 - INFO - [scripts.law.scraper] - 로딩 마스크가 나타나기를 기다리는 중...
2025-08-17 17:59:49,807 - INFO - [scripts.law.scraper] - 로딩 마스크가 사라지기를 기다리는 중...
2025-08-17 17:59:49,990 - INFO - [scripts.law.scraper] - 페이지 최종 렌더링을 잠시 대기합니다...
2025-08-17 17:59:50,994 - INFO - [scripts.law.scraper] - 페이지 HTML 컨텐츠를 가져오는 중...
2025-08-17 17:59:51,020 - INFO - [scripts.law.scraper] - 데이터 파싱 중...
2025-08-17 17:59:51,072 - INFO - [scripts.law.scraper] - 데이터 1건을 '/Users/woong/Roeum/roeum-crawler/data/raw/1760000/직무대리규정_document.jsonl' 파일로 성공적으로 저장했습니다.
2025-08-17 17:59:51,072 - INFO - [scripts.law.scraper] - 데이터 8건을 '/Users/woong/Roeum/roeum-crawler/data/raw/1760000/직무대리규정_chunks.jsonl' 파일로 성공적으로 저장했습니다.
2025-08-17 17:59:52,674 - INFO - [scripts.law.scraper] - 페이지로 이동 중: https://www.law.go.kr/LSW/lsInfoP.do?lsiSeq=195841&efYd=20170726
2025-08-17 17:59:53,881 - INFO - [scripts.law.scraper] - 로딩 마스크가 나타나기를 기다리는 중...
2025-08-17 17:59:53,905 - INFO - [scripts.law.scraper] - 로딩 마스크가 사라지기를 기다리는 중...
2025-08-17 17:59:53,994 - INFO - [scripts.law.scraper] - 페이지 최종 렌더링을 잠시 대기합니다...
2025-08-17 17:59:54,996 - INFO - [scripts.law.scraper] - 페이지 HTML 컨텐츠를 가져오는 중...
2025-08-17 17:59:55,021 - INFO - [scripts.law.scraper] - 데이터 파싱 중...
2025-08-17 17:59:55,081 - INFO - [scripts.law.scraper] - 데이터 1건을 '/Users/woong/Roeum/roeum-crawler/data/raw/1760000/직무분석규정_document.jsonl' 파일로 성공적으로 저장했습니다.
2025-08-17 17:59:55,081 - INFO - [scripts.law.scraper] - 데이터 13건을 '/Users/woong/Roeum/roeum-crawler/data/raw/1760000/직무분석규정_chunks.jsonl' 파일로 성공적으로 저장했습니다.
