2025-08-24 10:53:32,282 - ERROR - [scripts.adrule.logic.scraper] - 스크레이핑 중 에러 발생: Page.goto: net::ERR_TIMED_OUT at https://www.law.go.kr/admRulInfoP.do?admRulSeq=2100000186122
Call log:
navigating to "https://www.law.go.kr/admRulInfoP.do?admRulSeq=2100000186122", waiting until "domcontentloaded"
Traceback (most recent call last):
  File "/Users/woong/Roeum/roeum-crawler/scripts/adrule/logic/scraper.py", line 214, in scrape_and_save
    await page.goto(url, wait_until='domcontentloaded', timeout=60000)
  File "/Users/woong/Roeum/roeum-crawler/.venv/lib/python3.11/site-packages/playwright/async_api/_generated.py", line 8805, in goto
    await self._impl_obj.goto(
  File "/Users/woong/Roeum/roeum-crawler/.venv/lib/python3.11/site-packages/playwright/_impl/_page.py", line 524, in goto
    return await self._main_frame.goto(**locals_to_params(locals()))
           ^^^^^^^^^^^^^^^^^^^^^^^^^^^^^^^^^^^^^^^^^^^^^^^^^^^^^^^^^
  File "/Users/woong/Roeum/roeum-crawler/.venv/lib/python3.11/site-packages/playwright/_impl/_frame.py", line 145, in goto
    await self._channel.send("goto", locals_to_params(locals()))
  File "/Users/woong/Roeum/roeum-crawler/.venv/lib/python3.11/site-packages/playwright/_impl/_connection.py", line 59, in send
    return await self._connection.wrap_api_call(
           ^^^^^^^^^^^^^^^^^^^^^^^^^^^^^^^^^^^^^
  File "/Users/woong/Roeum/roeum-crawler/.venv/lib/python3.11/site-packages/playwright/_impl/_connection.py", line 514, in wrap_api_call
    raise rewrite_error(error, f"{parsed_st['apiName']}: {error}") from None
playwright._impl._errors.Error: Page.goto: net::ERR_TIMED_OUT at https://www.law.go.kr/admRulInfoP.do?admRulSeq=2100000186122
Call log:
navigating to "https://www.law.go.kr/admRulInfoP.do?admRulSeq=2100000186122", waiting until "domcontentloaded"

