2025-08-17 15:29:54,651 - INFO - [__main__] - 총 100개의 URL을 './bin/../data/raw/1492000/urls.jsonl' 파일에 저장했습니다.
2025-08-17 15:29:54,844 - INFO - [__main__] - 상세 페이지 스크레이퍼 실행: https://www.law.go.kr/LSW/lsInfoP.do?lsiSeq=232959&efYd=20220616
2025-08-17 15:29:58,087 - INFO - [__main__] - 상세 페이지 스크레이퍼 완료: 가사근로자의 고용개선 등에 관한 법률
2025-08-17 15:29:59,317 - INFO - [__main__] - 상세 페이지 스크레이퍼 실행: https://www.law.go.kr/LSW/lsInfoP.do?lsiSeq=267779&efYd=20241231
2025-08-17 15:30:02,574 - INFO - [__main__] - 상세 페이지 스크레이퍼 완료: 가사근로자의 고용개선 등에 관한 법률 시행령
2025-08-17 15:30:03,796 - INFO - [__main__] - 상세 페이지 스크레이퍼 실행: https://www.law.go.kr/LSW/lsInfoP.do?lsiSeq=243269&efYd=20220616
2025-08-17 15:30:07,612 - INFO - [__main__] - 상세 페이지 스크레이퍼 완료: 가사근로자의 고용개선 등에 관한 법률 시행규칙
2025-08-17 15:30:08,832 - INFO - [__main__] - 상세 페이지 스크레이퍼 실행: https://www.law.go.kr/LSW/lsInfoP.do?lsiSeq=234693&efYd=20220218
2025-08-17 15:30:13,245 - INFO - [__main__] - 상세 페이지 스크레이퍼 완료: 건설근로자의 고용개선 등에 관한 법률
2025-08-17 15:30:14,476 - INFO - [__main__] - 상세 페이지 스크레이퍼 실행: https://www.law.go.kr/LSW/lsInfoP.do?lsiSeq=270619&efYd=20250415
2025-08-17 15:30:18,324 - INFO - [__main__] - 상세 페이지 스크레이퍼 완료: 건설근로자의 고용개선 등에 관한 법률 시행령
2025-08-17 15:30:19,544 - INFO - [__main__] - 상세 페이지 스크레이퍼 실행: https://www.law.go.kr/LSW/lsInfoP.do?lsiSeq=265105&efYd=20240828
2025-08-17 15:30:23,860 - INFO - [__main__] - 상세 페이지 스크레이퍼 완료: 건설근로자의 고용개선 등에 관한 법률 시행규칙
2025-08-17 15:30:25,070 - INFO - [__main__] - 상세 페이지 스크레이퍼 실행: https://www.law.go.kr/LSW/lsInfoP.do?lsiSeq=228177&efYd=20210706
2025-08-17 15:30:28,862 - INFO - [__main__] - 상세 페이지 스크레이퍼 완료: 경제사회노동위원회법
2025-08-17 15:30:30,083 - INFO - [__main__] - 상세 페이지 스크레이퍼 실행: https://www.law.go.kr/LSW/lsInfoP.do?lsiSeq=204361&efYd=20180913
2025-08-17 15:30:33,814 - INFO - [__main__] - 상세 페이지 스크레이퍼 완료: 경제사회노동위원회법 시행령
2025-08-17 15:30:35,023 - INFO - [__main__] - 상세 페이지 스크레이퍼 실행: https://www.law.go.kr/LSW/lsInfoP.do?lsiSeq=246209&efYd=20221216
2025-08-17 15:30:38,765 - INFO - [__main__] - 상세 페이지 스크레이퍼 완료: 고용노동부 소관 비상대비에 관한 법률 시행규칙
2025-08-17 15:30:39,984 - INFO - [__main__] - 상세 페이지 스크레이퍼 실행: https://www.law.go.kr/LSW/lsInfoP.do?lsiSeq=193534&efYd=20170419
2025-08-17 15:30:43,311 - INFO - [__main__] - 상세 페이지 스크레이퍼 완료: 고용노동부 소관 비영리법인의 설립 및 감독에 관한 규칙
2025-08-17 15:30:44,531 - INFO - [__main__] - 상세 페이지 스크레이퍼 실행: https://www.law.go.kr/LSW/lsInfoP.do?lsiSeq=271125&efYd=20250520
2025-08-17 15:30:48,525 - INFO - [__main__] - 상세 페이지 스크레이퍼 완료: 고용노동부와 그 소속기관 직제
2025-08-17 15:30:49,742 - INFO - [__main__] - 상세 페이지 스크레이퍼 실행: https://www.law.go.kr/LSW/lsInfoP.do?lsiSeq=271223&efYd=20250602
2025-08-17 15:30:55,298 - INFO - [__main__] - 상세 페이지 스크레이퍼 완료: 고용노동부와 그 소속기관 직제 시행규칙
2025-08-17 15:30:56,528 - INFO - [__main__] - 상세 페이지 스크레이퍼 실행: https://www.law.go.kr/LSW/lsInfoP.do?lsiSeq=247481&efYd=20240101
2025-08-17 15:31:00,621 - INFO - [__main__] - 상세 페이지 스크레이퍼 완료: 고용보험 및 산업재해보상보험의 보험료징수 등에 관한 법률
2025-08-17 15:31:01,843 - INFO - [__main__] - 상세 페이지 스크레이퍼 실행: https://www.law.go.kr/LSW/lsInfoP.do?lsiSeq=271473&efYd=20250602
2025-08-17 15:31:06,261 - INFO - [__main__] - 상세 페이지 스크레이퍼 완료: 고용보험 및 산업재해보상보험의 보험료징수 등에 관한 법률 시행령
2025-08-17 15:31:07,499 - INFO - [__main__] - 상세 페이지 스크레이퍼 실행: https://www.law.go.kr/LSW/lsInfoP.do?lsiSeq=272679&efYd=20250701
2025-08-17 15:31:13,184 - INFO - [__main__] - 상세 페이지 스크레이퍼 완료: 고용보험 및 산업재해보상보험의 보험료징수 등에 관한 법률 시행규칙
2025-08-17 15:31:14,432 - INFO - [__main__] - 상세 페이지 스크레이퍼 실행: https://www.law.go.kr/LSW/lsInfoP.do?lsiSeq=265957&efYd=20250223
2025-08-17 15:31:18,953 - INFO - [__main__] - 상세 페이지 스크레이퍼 완료: 고용보험법
2025-08-17 15:31:20,180 - INFO - [__main__] - 상세 페이지 스크레이퍼 실행: https://www.law.go.kr/LSW/lsInfoP.do?lsiSeq=273039&efYd=20250805
2025-08-17 15:31:28,100 - INFO - [__main__] - 상세 페이지 스크레이퍼 완료: 고용보험법 시행령
2025-08-17 15:31:29,340 - INFO - [__main__] - 상세 페이지 스크레이퍼 실행: https://www.law.go.kr/LSW/lsInfoP.do?lsiSeq=272635&efYd=20250701
2025-08-17 15:31:34,792 - INFO - [__main__] - 상세 페이지 스크레이퍼 완료: 고용보험법 시행규칙
2025-08-17 15:31:36,019 - INFO - [__main__] - 상세 페이지 스크레이퍼 실행: https://www.law.go.kr/LSW/lsInfoP.do?lsiSeq=91137&efYd=20090107
2025-08-17 15:31:38,778 - INFO - [__main__] - 상세 페이지 스크레이퍼 완료: 고용보험ㆍ산업재해보상보험의 보험관계 성립신고 등의 촉진을 위한 특별조치법
2025-08-17 15:31:40,001 - INFO - [__main__] - 상세 페이지 스크레이퍼 실행: https://www.law.go.kr/LSW/lsInfoP.do?lsiSeq=243057&efYd=20220610
2025-08-17 15:31:43,830 - INFO - [__main__] - 상세 페이지 스크레이퍼 완료: 고용상 연령차별금지 및 고령자고용촉진에 관한 법률
2025-08-17 15:31:45,047 - INFO - [__main__] - 상세 페이지 스크레이퍼 실행: https://www.law.go.kr/LSW/lsInfoP.do?lsiSeq=267181&efYd=20250101
2025-08-17 15:31:48,493 - INFO - [__main__] - 상세 페이지 스크레이퍼 완료: 고용상 연령차별금지 및 고령자고용촉진에 관한 법률 시행령
2025-08-17 15:31:49,715 - INFO - [__main__] - 상세 페이지 스크레이퍼 실행: https://www.law.go.kr/LSW/lsInfoP.do?lsiSeq=243713&efYd=20220701
2025-08-17 15:31:52,768 - INFO - [__main__] - 상세 페이지 스크레이퍼 완료: 고용상 연령차별금지 및 고령자고용촉진에 관한 법률 시행규칙
2025-08-17 15:31:53,985 - INFO - [__main__] - 상세 페이지 스크레이퍼 실행: https://www.law.go.kr/LSW/lsInfoP.do?lsiSeq=258087&efYd=20240109
2025-08-17 15:31:57,635 - INFO - [__main__] - 상세 페이지 스크레이퍼 완료: 고용정책 기본법
2025-08-17 15:31:58,852 - INFO - [__main__] - 상세 페이지 스크레이퍼 실행: https://www.law.go.kr/LSW/lsInfoP.do?lsiSeq=270057&efYd=20250325
2025-08-17 15:32:03,222 - INFO - [__main__] - 상세 페이지 스크레이퍼 완료: 고용정책 기본법 시행령
2025-08-17 15:32:04,421 - INFO - [__main__] - 상세 페이지 스크레이퍼 실행: https://www.law.go.kr/LSW/lsInfoP.do?lsiSeq=256495&efYd=20231205
2025-08-17 15:32:07,139 - INFO - [__main__] - 상세 페이지 스크레이퍼 완료: 고용정책 기본법 시행규칙
2025-08-17 15:32:08,364 - INFO - [__main__] - 상세 페이지 스크레이퍼 실행: https://www.law.go.kr/LSW/lsInfoP.do?lsiSeq=243037&efYd=20231211
2025-08-17 15:32:11,395 - INFO - [__main__] - 상세 페이지 스크레이퍼 완료: 공무원의 노동조합 설립 및 운영 등에 관한 법률
2025-08-17 15:32:12,612 - INFO - [__main__] - 상세 페이지 스크레이퍼 실행: https://www.law.go.kr/LSW/lsInfoP.do?lsiSeq=256437&efYd=20231211
2025-08-17 15:32:16,410 - INFO - [__main__] - 상세 페이지 스크레이퍼 완료: 공무원의 노동조합 설립 및 운영 등에 관한 법률 시행령
2025-08-17 15:32:17,636 - INFO - [__main__] - 상세 페이지 스크레이퍼 실행: https://www.law.go.kr/LSW/lsInfoP.do?lsiSeq=257903&efYd=20240101
2025-08-17 15:32:20,598 - INFO - [__main__] - 상세 페이지 스크레이퍼 완료: 공무원의 노동조합 설립 및 운영 등에 관한 법률 시행규칙
2025-08-17 15:32:21,819 - INFO - [__main__] - 상세 페이지 스크레이퍼 실행: https://www.law.go.kr/LSW/lsInfoP.do?lsiSeq=243059&efYd=20221211
2025-08-17 15:32:24,863 - INFO - [__main__] - 상세 페이지 스크레이퍼 완료: 공인노무사법
2025-08-17 15:32:26,082 - INFO - [__main__] - 상세 페이지 스크레이퍼 실행: https://www.law.go.kr/LSW/lsInfoP.do?lsiSeq=265549&efYd=20240926
2025-08-17 15:32:29,187 - INFO - [__main__] - 상세 페이지 스크레이퍼 완료: 공인노무사법 시행령
2025-08-17 15:32:30,409 - INFO - [__main__] - 상세 페이지 스크레이퍼 실행: https://www.law.go.kr/LSW/lsInfoP.do?lsiSeq=247371&efYd=20221230
2025-08-17 15:32:34,042 - INFO - [__main__] - 상세 페이지 스크레이퍼 완료: 공인노무사법 시행규칙
2025-08-17 15:32:35,269 - INFO - [__main__] - 상세 페이지 스크레이퍼 실행: https://www.law.go.kr/LSW/lsInfoP.do?lsiSeq=233829&efYd=20220101
2025-08-17 15:32:37,970 - INFO - [__main__] - 상세 페이지 스크레이퍼 완료: 공휴일에 관한 법률
2025-08-17 15:32:39,189 - INFO - [__main__] - 상세 페이지 스크레이퍼 실행: https://www.law.go.kr/LSW/lsInfoP.do?lsiSeq=243039&efYd=20231211
2025-08-17 15:32:42,505 - INFO - [__main__] - 상세 페이지 스크레이퍼 완료: 교원의 노동조합 설립 및 운영 등에 관한 법률
2025-08-17 15:32:43,732 - INFO - [__main__] - 상세 페이지 스크레이퍼 실행: https://www.law.go.kr/LSW/lsInfoP.do?lsiSeq=256439&efYd=20231211
2025-08-17 15:32:46,877 - INFO - [__main__] - 상세 페이지 스크레이퍼 완료: 교원의 노동조합 설립 및 운영 등에 관한 법률 시행령
2025-08-17 15:32:48,106 - INFO - [__main__] - 상세 페이지 스크레이퍼 실행: https://www.law.go.kr/LSW/lsInfoP.do?lsiSeq=233793&efYd=20210706
2025-08-17 15:32:51,514 - INFO - [__main__] - 상세 페이지 스크레이퍼 완료: 교원의 노동조합 설립 및 운영 등에 관한 법률 시행규칙
2025-08-17 15:32:52,735 - INFO - [__main__] - 상세 페이지 스크레이퍼 실행: https://www.law.go.kr/LSW/lsInfoP.do?lsiSeq=253641&efYd=20240209
2025-08-17 15:32:55,823 - INFO - [__main__] - 상세 페이지 스크레이퍼 완료: 구직자 취업촉진 및 생활안정지원에 관한 법률
2025-08-17 15:32:57,033 - INFO - [__main__] - 상세 페이지 스크레이퍼 실행: https://www.law.go.kr/LSW/lsInfoP.do?lsiSeq=260081&efYd=20240209
2025-08-17 15:33:00,114 - INFO - [__main__] - 상세 페이지 스크레이퍼 완료: 구직자 취업촉진 및 생활안정지원에 관한 법률 시행령
2025-08-17 15:33:01,309 - INFO - [__main__] - 상세 페이지 스크레이퍼 실행: https://www.law.go.kr/LSW/lsInfoP.do?lsiSeq=260439&efYd=20240213
2025-08-17 15:33:04,651 - INFO - [__main__] - 상세 페이지 스크레이퍼 완료: 구직자 취업촉진 및 생활안정지원에 관한 법률 시행규칙
2025-08-17 15:33:05,883 - INFO - [__main__] - 상세 페이지 스크레이퍼 실행: https://www.law.go.kr/LSW/lsInfoP.do?lsiSeq=243041&efYd=20220610
2025-08-17 15:33:11,342 - INFO - [__main__] - 상세 페이지 스크레이퍼 완료: 국가기술자격법
2025-08-17 15:33:12,561 - INFO - [__main__] - 상세 페이지 스크레이퍼 실행: https://www.law.go.kr/LSW/lsInfoP.do?lsiSeq=263305&efYd=20240627
2025-08-17 15:33:15,859 - INFO - [__main__] - 상세 페이지 스크레이퍼 완료: 국가기술자격법 시행령
2025-08-17 15:33:17,086 - INFO - [__main__] - 상세 페이지 스크레이퍼 실행: https://www.law.go.kr/LSW/lsInfoP.do?lsiSeq=269697&efYd=20260101
2025-08-17 15:33:20,820 - INFO - [__main__] - 상세 페이지 스크레이퍼 완료: 국가기술자격법 시행령
2025-08-17 15:33:22,043 - INFO - [__main__] - 상세 페이지 스크레이퍼 실행: https://www.law.go.kr/LSW/lsInfoP.do?lsiSeq=265027&efYd=20260101
2025-08-17 15:33:24,870 - INFO - [__main__] - 상세 페이지 스크레이퍼 완료: 국가기술자격법 시행령
2025-08-17 15:33:26,086 - INFO - [__main__] - 상세 페이지 스크레이퍼 실행: https://www.law.go.kr/LSW/lsInfoP.do?lsiSeq=266183&efYd=20250101
2025-08-17 15:33:30,244 - INFO - [__main__] - 상세 페이지 스크레이퍼 완료: 국가기술자격법 시행규칙
2025-08-17 15:33:31,479 - INFO - [__main__] - 상세 페이지 스크레이퍼 실행: https://www.law.go.kr/LSW/lsInfoP.do?lsiSeq=266183&efYd=20260101
2025-08-17 15:33:35,766 - INFO - [__main__] - 상세 페이지 스크레이퍼 완료: 국가기술자격법 시행규칙
2025-08-17 15:33:36,993 - INFO - [__main__] - 상세 페이지 스크레이퍼 실행: https://www.law.go.kr/LSW/lsInfoP.do?lsiSeq=256115&efYd=20260101
2025-08-17 15:33:41,672 - INFO - [__main__] - 상세 페이지 스크레이퍼 완료: 국가기술자격법 시행규칙
2025-08-17 15:33:42,897 - INFO - [__main__] - 상세 페이지 스크레이퍼 실행: https://www.law.go.kr/LSW/lsInfoP.do?lsiSeq=247245&efYd=20230704
2025-08-17 15:33:46,172 - INFO - [__main__] - 상세 페이지 스크레이퍼 완료: 국민 평생 직업능력 개발법
2025-08-17 15:33:47,394 - INFO - [__main__] - 상세 페이지 스크레이퍼 실행: https://www.law.go.kr/LSW/lsInfoP.do?lsiSeq=271475&efYd=20250602
2025-08-17 15:33:52,174 - INFO - [__main__] - 상세 페이지 스크레이퍼 완료: 국민 평생 직업능력 개발법 시행령
2025-08-17 15:33:53,404 - INFO - [__main__] - 상세 페이지 스크레이퍼 실행: https://www.law.go.kr/LSW/lsInfoP.do?lsiSeq=271525&efYd=20250602
2025-08-17 15:33:56,937 - INFO - [__main__] - 상세 페이지 스크레이퍼 완료: 국민 평생 직업능력 개발법 시행규칙
2025-08-17 15:33:58,163 - INFO - [__main__] - 상세 페이지 스크레이퍼 실행: https://www.law.go.kr/LSW/lsInfoP.do?lsiSeq=271525&efYd=20250903
2025-08-17 15:34:02,132 - INFO - [__main__] - 상세 페이지 스크레이퍼 완료: 국민 평생 직업능력 개발법 시행규칙
2025-08-17 15:34:03,410 - INFO - [__main__] - 상세 페이지 스크레이퍼 실행: https://www.law.go.kr/LSW/lsInfoP.do?lsiSeq=108467&efYd=20101027
2025-08-17 15:34:06,307 - INFO - [__main__] - 상세 페이지 스크레이퍼 완료: 근로감독관규정
2025-08-17 15:34:07,520 - INFO - [__main__] - 상세 페이지 스크레이퍼 실행: https://www.law.go.kr/LSW/lsInfoP.do?lsiSeq=184050&efYd=20160616
2025-08-17 15:34:10,654 - INFO - [__main__] - 상세 페이지 스크레이퍼 완료: 근로감독관증 규칙
2025-08-17 15:34:11,875 - INFO - [__main__] - 상세 페이지 스크레이퍼 실행: https://www.law.go.kr/LSW/lsInfoP.do?lsiSeq=265959&efYd=20250223
2025-08-17 15:34:15,658 - INFO - [__main__] - 상세 페이지 스크레이퍼 완료: 근로기준법
2025-08-17 15:34:16,884 - INFO - [__main__] - 상세 페이지 스크레이퍼 실행: https://www.law.go.kr/LSW/lsInfoP.do?lsiSeq=265959&efYd=20251023
2025-08-17 15:34:20,167 - INFO - [__main__] - 상세 페이지 스크레이퍼 완료: 근로기준법
2025-08-17 15:34:21,396 - INFO - [__main__] - 상세 페이지 스크레이퍼 실행: https://www.law.go.kr/LSW/lsInfoP.do?lsiSeq=269073&efYd=20250223
2025-08-17 15:34:25,191 - INFO - [__main__] - 상세 페이지 스크레이퍼 완료: 근로기준법 시행령
2025-08-17 15:34:26,413 - INFO - [__main__] - 상세 페이지 스크레이퍼 실행: https://www.law.go.kr/LSW/lsInfoP.do?lsiSeq=270551&efYd=20251023
2025-08-17 15:34:30,407 - INFO - [__main__] - 상세 페이지 스크레이퍼 완료: 근로기준법 시행령
2025-08-17 15:34:31,631 - INFO - [__main__] - 상세 페이지 스크레이퍼 실행: https://www.law.go.kr/LSW/lsInfoP.do?lsiSeq=269393&efYd=20250223
2025-08-17 15:34:36,470 - INFO - [__main__] - 상세 페이지 스크레이퍼 완료: 근로기준법 시행규칙
2025-08-17 15:34:37,688 - INFO - [__main__] - 상세 페이지 스크레이퍼 실행: https://www.law.go.kr/LSW/lsInfoP.do?lsiSeq=243061&efYd=20230611
2025-08-17 15:34:41,377 - INFO - [__main__] - 상세 페이지 스크레이퍼 완료: 근로복지기본법
2025-08-17 15:34:42,603 - INFO - [__main__] - 상세 페이지 스크레이퍼 실행: https://www.law.go.kr/LSW/lsInfoP.do?lsiSeq=270527&efYd=20250408
2025-08-17 15:34:45,871 - INFO - [__main__] - 상세 페이지 스크레이퍼 완료: 근로복지기본법 시행령
2025-08-17 15:34:47,077 - INFO - [__main__] - 상세 페이지 스크레이퍼 실행: https://www.law.go.kr/LSW/lsInfoP.do?lsiSeq=270695&efYd=20250414
2025-08-17 15:34:50,522 - INFO - [__main__] - 상세 페이지 스크레이퍼 완료: 근로복지기본법 시행규칙
2025-08-17 15:34:51,744 - INFO - [__main__] - 상세 페이지 스크레이퍼 실행: https://www.law.go.kr/LSW/lsInfoP.do?lsiSeq=180480&efYd=20160127
2025-08-17 15:34:55,338 - INFO - [__main__] - 상세 페이지 스크레이퍼 완료: 근로자의 날 제정에 관한 법률
2025-08-17 15:34:56,555 - INFO - [__main__] - 상세 페이지 스크레이퍼 실행: https://www.law.go.kr/LSW/lsInfoP.do?lsiSeq=243063&efYd=20221211
2025-08-17 15:34:59,824 - INFO - [__main__] - 상세 페이지 스크레이퍼 완료: 근로자참여 및 협력증진에 관한 법률
2025-08-17 15:35:01,047 - INFO - [__main__] - 상세 페이지 스크레이퍼 실행: https://www.law.go.kr/LSW/lsInfoP.do?lsiSeq=245235&efYd=20221211
2025-08-17 15:35:04,000 - INFO - [__main__] - 상세 페이지 스크레이퍼 완료: 근로자참여 및 협력증진에 관한 법률 시행령
2025-08-17 15:35:05,218 - INFO - [__main__] - 상세 페이지 스크레이퍼 실행: https://www.law.go.kr/LSW/lsInfoP.do?lsiSeq=251789&efYd=20230608
2025-08-17 15:35:08,552 - INFO - [__main__] - 상세 페이지 스크레이퍼 완료: 근로자참여 및 협력증진에 관한 법률 시행규칙
2025-08-17 15:35:09,777 - INFO - [__main__] - 상세 페이지 스크레이퍼 실행: https://www.law.go.kr/LSW/lsInfoP.do?lsiSeq=239311&efYd=20220712
2025-08-17 15:35:14,018 - INFO - [__main__] - 상세 페이지 스크레이퍼 완료: 근로자퇴직급여 보장법
2025-08-17 15:35:15,236 - INFO - [__main__] - 상세 페이지 스크레이퍼 실행: https://www.law.go.kr/LSW/lsInfoP.do?lsiSeq=262801&efYd=20240528
2025-08-17 15:35:19,208 - INFO - [__main__] - 상세 페이지 스크레이퍼 완료: 근로자퇴직급여 보장법 시행령
2025-08-17 15:35:20,432 - INFO - [__main__] - 상세 페이지 스크레이퍼 실행: https://www.law.go.kr/LSW/lsInfoP.do?lsiSeq=243903&efYd=20220712
2025-08-17 15:35:24,640 - INFO - [__main__] - 상세 페이지 스크레이퍼 완료: 근로자퇴직급여 보장법 시행규칙
2025-08-17 15:35:25,865 - INFO - [__main__] - 상세 페이지 스크레이퍼 실행: https://www.law.go.kr/LSW/lsInfoP.do?lsiSeq=232201&efYd=20210518
2025-08-17 15:35:30,117 - INFO - [__main__] - 상세 페이지 스크레이퍼 완료: 기간제 및 단시간근로자 보호 등에 관한 법률
2025-08-17 15:35:31,342 - INFO - [__main__] - 상세 페이지 스크레이퍼 실행: https://www.law.go.kr/LSW/lsInfoP.do?lsiSeq=230833&efYd=20210408
2025-08-17 15:35:34,809 - INFO - [__main__] - 상세 페이지 스크레이퍼 완료: 기간제 및 단시간근로자 보호 등에 관한 법률 시행령
2025-08-17 15:35:36,029 - INFO - [__main__] - 상세 페이지 스크레이퍼 실행: https://www.law.go.kr/LSW/lsInfoP.do?lsiSeq=79595&efYd=20070701
2025-08-17 15:35:39,273 - INFO - [__main__] - 상세 페이지 스크레이퍼 완료: 기간제 및 단시간근로자 보호 등에 관한 법률 시행규칙
2025-08-17 15:35:40,496 - INFO - [__main__] - 상세 페이지 스크레이퍼 실행: https://www.law.go.kr/LSW/lsInfoP.do?lsiSeq=265999&efYd=20250223
2025-08-17 15:35:44,467 - INFO - [__main__] - 상세 페이지 스크레이퍼 완료: 남녀고용평등과 일ㆍ가정 양립 지원에 관한 법률
2025-08-17 15:35:45,689 - INFO - [__main__] - 상세 페이지 스크레이퍼 실행: https://www.law.go.kr/LSW/lsInfoP.do?lsiSeq=269071&efYd=20250223
2025-08-17 15:35:49,994 - INFO - [__main__] - 상세 페이지 스크레이퍼 완료: 남녀고용평등과 일ㆍ가정 양립 지원에 관한 법률 시행령
2025-08-17 15:35:51,219 - INFO - [__main__] - 상세 페이지 스크레이퍼 실행: https://www.law.go.kr/LSW/lsInfoP.do?lsiSeq=269395&efYd=20250223
2025-08-17 15:35:56,652 - INFO - [__main__] - 상세 페이지 스크레이퍼 완료: 남녀고용평등과 일ㆍ가정 양립 지원에 관한 법률 시행규칙
2025-08-17 15:35:57,879 - INFO - [__main__] - 상세 페이지 스크레이퍼 실행: https://www.law.go.kr/LSW/lsInfoP.do?lsiSeq=232203&efYd=20220519
2025-08-17 15:36:01,668 - INFO - [__main__] - 상세 페이지 스크레이퍼 완료: 노동위원회법
2025-08-17 15:36:02,883 - INFO - [__main__] - 상세 페이지 스크레이퍼 실행: https://www.law.go.kr/LSW/lsInfoP.do?lsiSeq=267225&efYd=20241227
2025-08-17 15:36:06,067 - INFO - [__main__] - 상세 페이지 스크레이퍼 완료: 노동위원회법 시행령
2025-08-17 15:36:07,274 - INFO - [__main__] - 상세 페이지 스크레이퍼 실행: https://www.law.go.kr/LSW/lsInfoP.do?lsiSeq=173125&efYd=20150721
2025-08-17 15:36:10,574 - INFO - [__main__] - 상세 페이지 스크레이퍼 완료: 노동위원회법 시행규칙
2025-08-17 15:36:11,771 - INFO - [__main__] - 상세 페이지 스크레이퍼 실행: https://www.law.go.kr/LSW/lsInfoP.do?lsiSeq=228175&efYd=20210706
2025-08-17 15:36:15,681 - INFO - [__main__] - 상세 페이지 스크레이퍼 완료: 노동조합 및 노동관계조정법
2025-08-17 15:36:16,908 - INFO - [__main__] - 상세 페이지 스크레이퍼 실행: https://www.law.go.kr/LSW/lsInfoP.do?lsiSeq=273063&efYd=20250807
2025-08-17 15:36:20,554 - INFO - [__main__] - 상세 페이지 스크레이퍼 완료: 노동조합 및 노동관계조정법 시행령
2025-08-17 15:36:21,773 - INFO - [__main__] - 상세 페이지 스크레이퍼 실행: https://www.law.go.kr/LSW/lsInfoP.do?lsiSeq=257893&efYd=20240101
2025-08-17 15:36:24,994 - INFO - [__main__] - 상세 페이지 스크레이퍼 완료: 노동조합 및 노동관계조정법 시행규칙
2025-08-17 15:36:26,218 - INFO - [__main__] - 상세 페이지 스크레이퍼 실행: https://www.law.go.kr/LSW/lsInfoP.do?lsiSeq=180465&efYd=20160127
2025-08-17 15:36:29,085 - INFO - [__main__] - 상세 페이지 스크레이퍼 완료: 노사관계 발전 지원에 관한 법률
2025-08-17 15:36:30,305 - INFO - [__main__] - 상세 페이지 스크레이퍼 실행: https://www.law.go.kr/LSW/lsInfoP.do?lsiSeq=209662&efYd=20190702
2025-08-17 15:36:33,101 - INFO - [__main__] - 상세 페이지 스크레이퍼 완료: 노사관계 발전 지원에 관한 법률 시행령
2025-08-17 15:36:34,341 - INFO - [__main__] - 상세 페이지 스크레이퍼 실행: https://www.law.go.kr/LSW/lsInfoP.do?lsiSeq=122694&efYd=20120802
2025-08-17 15:36:37,137 - INFO - [__main__] - 상세 페이지 스크레이퍼 완료: 사회적기업 육성법
2025-08-17 15:36:38,353 - INFO - [__main__] - 상세 페이지 스크레이퍼 실행: https://www.law.go.kr/LSW/lsInfoP.do?lsiSeq=262289&efYd=20240517
2025-08-17 15:36:41,438 - INFO - [__main__] - 상세 페이지 스크레이퍼 완료: 사회적기업 육성법 시행령
2025-08-17 15:36:42,658 - INFO - [__main__] - 상세 페이지 스크레이퍼 실행: https://www.law.go.kr/LSW/lsInfoP.do?lsiSeq=212633&efYd=20191220
2025-08-17 15:36:45,458 - INFO - [__main__] - 상세 페이지 스크레이퍼 완료: 사회적기업 육성법 시행규칙
2025-08-17 15:36:46,674 - INFO - [__main__] - 상세 페이지 스크레이퍼 실행: https://www.law.go.kr/LSW/lsInfoP.do?lsiSeq=272927&efYd=20250717
2025-08-17 15:36:52,196 - INFO - [__main__] - 상세 페이지 스크레이퍼 완료: 산업안전보건기준에 관한 규칙
2025-08-17 15:36:53,443 - INFO - [__main__] - 상세 페이지 스크레이퍼 실행: https://www.law.go.kr/LSW/lsInfoP.do?lsiSeq=268551&efYd=20250722
2025-08-17 15:36:57,142 - INFO - [__main__] - 상세 페이지 스크레이퍼 완료: 산업안전보건법
2025-08-17 15:36:58,367 - INFO - [__main__] - 상세 페이지 스크레이퍼 실행: https://www.law.go.kr/LSW/lsInfoP.do?lsiSeq=272499&efYd=20250621
2025-08-17 15:37:01,980 - INFO - [__main__] - 상세 페이지 스크레이퍼 완료: 산업안전보건법 시행령
2025-08-17 15:37:03,208 - INFO - [__main__] - 상세 페이지 스크레이퍼 실행: https://www.law.go.kr/LSW/lsInfoP.do?lsiSeq=263363&efYd=20260626
2025-08-17 15:37:07,089 - INFO - [__main__] - 상세 페이지 스크레이퍼 완료: 산업안전보건법 시행령
2025-08-17 15:37:08,317 - INFO - [__main__] - 상세 페이지 스크레이퍼 실행: https://www.law.go.kr/LSW/lsInfoP.do?lsiSeq=271485&efYd=20250601
2025-08-17 15:37:13,630 - INFO - [__main__] - 상세 페이지 스크레이퍼 완료: 산업안전보건법 시행규칙
2025-08-17 15:37:14,866 - INFO - [__main__] - 상세 페이지 스크레이퍼 실행: https://www.law.go.kr/LSW/lsInfoP.do?lsiSeq=271485&efYd=20260101
2025-08-17 15:37:19,262 - INFO - [__main__] - 상세 페이지 스크레이퍼 완료: 산업안전보건법 시행규칙
2025-08-17 15:37:20,501 - INFO - [__main__] - 상세 페이지 스크레이퍼 실행: https://www.law.go.kr/LSW/lsInfoP.do?lsiSeq=263749&efYd=20260626
2025-08-17 15:37:26,621 - INFO - [__main__] - 상세 페이지 스크레이퍼 완료: 산업안전보건법 시행규칙
2025-08-17 15:37:27,865 - INFO - [__main__] - 상세 페이지 스크레이퍼 실행: https://www.law.go.kr/LSW/lsInfoP.do?lsiSeq=265977&efYd=20250101
2025-08-17 15:37:31,801 - INFO - [__main__] - 상세 페이지 스크레이퍼 완료: 산업재해보상보험법
2025-08-17 15:37:33,025 - INFO - [__main__] - 상세 페이지 스크레이퍼 실행: https://www.law.go.kr/LSW/lsInfoP.do?lsiSeq=272501&efYd=20250621
2025-08-17 15:37:36,915 - INFO - [__main__] - 상세 페이지 스크레이퍼 완료: 산업재해보상보험법 시행령
2025-08-17 15:37:38,149 - INFO - [__main__] - 상세 페이지 스크레이퍼 실행: https://www.law.go.kr/LSW/lsInfoP.do?lsiSeq=272427&efYd=20250621
2025-08-17 15:37:42,290 - INFO - [__main__] - 상세 페이지 스크레이퍼 완료: 산업재해보상보험법 시행규칙
2025-08-17 15:37:43,511 - INFO - [__main__] - 상세 페이지 스크레이퍼 실행: https://www.law.go.kr/LSW/lsInfoP.do?lsiSeq=255401&efYd=20240425
2025-08-17 15:37:46,954 - INFO - [__main__] - 상세 페이지 스크레이퍼 완료: 산업전환에 따른 고용안정 지원 등에 관한 법률
2025-08-17 15:37:48,176 - INFO - [__main__] - 상세 페이지 스크레이퍼 실행: https://www.law.go.kr/LSW/lsInfoP.do?lsiSeq=261767&efYd=20240425
2025-08-17 15:37:51,048 - INFO - [__main__] - 상세 페이지 스크레이퍼 완료: 산업전환에 따른 고용안정 지원 등에 관한 법률 시행령
2025-08-17 15:37:52,264 - INFO - [__main__] - 상세 페이지 스크레이퍼 실행: https://www.law.go.kr/LSW/lsInfoP.do?lsiSeq=234773&efYd=20220218
2025-08-17 15:37:55,362 - INFO - [__main__] - 상세 페이지 스크레이퍼 완료: 산업현장 일학습병행 지원에 관한 법률
2025-08-17 15:37:56,586 - INFO - [__main__] - 상세 페이지 스크레이퍼 실행: https://www.law.go.kr/LSW/lsInfoP.do?lsiSeq=271499&efYd=20250602
2025-08-17 15:37:59,917 - INFO - [__main__] - 상세 페이지 스크레이퍼 완료: 산업현장 일학습병행 지원에 관한 법률 시행령
2025-08-17 15:38:01,139 - INFO - [__main__] - 상세 페이지 스크레이퍼 실행: https://www.law.go.kr/LSW/lsInfoP.do?lsiSeq=221271&efYd=20200828
2025-08-17 15:38:04,493 - INFO - [__main__] - 상세 페이지 스크레이퍼 완료: 산업현장 일학습병행 지원에 관한 법률 시행규칙
2025-08-17 15:38:05,716 - INFO - [__main__] - 상세 페이지 스크레이퍼 실행: https://www.law.go.kr/LSW/lsInfoP.do?lsiSeq=252725&efYd=20230718
2025-08-17 15:38:08,733 - INFO - [__main__] - 상세 페이지 스크레이퍼 완료: 숙련기술장려법
2025-08-17 15:38:09,952 - INFO - [__main__] - 상세 페이지 스크레이퍼 실행: https://www.law.go.kr/LSW/lsInfoP.do?lsiSeq=230605&efYd=20210401
2025-08-17 15:38:13,044 - INFO - [__main__] - 상세 페이지 스크레이퍼 완료: 숙련기술장려법 시행령
2025-08-17 15:38:14,506 - INFO - [__main__] - './bin/../data/final/1492000/all_documents.jsonl' 파일을 CSV로 변환 시작...
2025-08-17 15:38:14,511 - INFO - [__main__] - ✅ 변환 완료! './bin/../data/final/1492000/for_notion_documents.csv' 파일이 생성되었습니다.
2025-08-17 15:38:14,745 - INFO - [__main__] - './bin/../data/final/1492000/all_chunks.jsonl' 파일을 CSV로 변환 시작...
2025-08-17 15:38:14,831 - INFO - [__main__] - ✅ 변환 완료! './bin/../data/final/1492000/for_notion_chunks.csv' 파일이 생성되었습니다.
