2025-08-24 01:09:37,503 - INFO - [scripts.adrule.logic.url_checker] - URL 유효성 검증 성공: https://www.law.go.kr/admRulAstSc.do?menuId=391&subMenuId=397&tabMenuId=441&cptOfiCd=1492000
2025-08-24 01:09:38,100 - INFO - [scripts.adrule.logic.list_scraper] - 목록 페이지로 이동 중: https://www.law.go.kr/admRulAstSc.do?menuId=391&subMenuId=397&tabMenuId=441&cptOfiCd=1492000
2025-08-24 01:09:39,474 - INFO - [scripts.adrule.logic.list_scraper] - 총 9 페이지를 확인했습니다.
2025-08-24 01:09:39,474 - INFO - [scripts.adrule.logic.list_scraper] - 사용자 설정에 따라 최대 1 페이지만 크롤링합니다.
2025-08-24 01:09:39,474 - INFO - [scripts.adrule.logic.list_scraper] - --- 1 / 1 페이지 처리 중 ---
2025-08-24 01:09:39,514 - INFO - [scripts.adrule.logic.list_scraper] -   - 발견:  2025년도 건설업 월평균보수
2025-08-24 01:09:39,518 - INFO - [scripts.adrule.logic.list_scraper] -   - 발견:  2025년도 사업종류별 산재보험료율
2025-08-24 01:09:39,521 - INFO - [scripts.adrule.logic.list_scraper] -   - 발견:  2025년 적용 최저임금 고시
2025-08-24 01:09:39,525 - INFO - [scripts.adrule.logic.list_scraper] -   - 발견:  2026년 적용 최저임금 고시
2025-08-24 01:09:39,529 - INFO - [scripts.adrule.logic.list_scraper] -   - 발견:  2026년 적용 최저임금안 고시
2025-08-24 01:09:39,534 - INFO - [scripts.adrule.logic.list_scraper] -   - 발견:  가사근로자 사회보험료 지원에 관한 고시
2025-08-24 01:09:39,538 - INFO - [scripts.adrule.logic.list_scraper] -   - 발견:  가설공사 표준안전 작업지침
2025-08-24 01:09:39,541 - INFO - [scripts.adrule.logic.list_scraper] -   - 발견:  가스누출감지경보기 설치에 관한 기술상의 지침
2025-08-24 01:09:39,545 - INFO - [scripts.adrule.logic.list_scraper] -   - 발견:  감전재해 예방을 위한 기술상의 지침
2025-08-24 01:09:39,549 - INFO - [scripts.adrule.logic.list_scraper] -   - 발견:  개별연장급여 수급요건 중 학업 중인 사람에 대한 고시
2025-08-24 01:09:39,552 - INFO - [scripts.adrule.logic.list_scraper] -   - 발견:  개별연장급여 지급을 위한 임금 및 재산기준 고시
2025-08-24 01:09:39,556 - INFO - [scripts.adrule.logic.list_scraper] -   - 발견:  개인형퇴직연금제도로의 이전 예외사유 해당금액 고시
2025-08-24 01:09:39,560 - INFO - [scripts.adrule.logic.list_scraper] -   - 발견:  건설공사 안전보건대장의 작성 등에 관한 고시
2025-08-24 01:09:39,564 - INFO - [scripts.adrule.logic.list_scraper] -   - 발견:  건설공사의 노무비율
2025-08-24 01:09:39,567 - INFO - [scripts.adrule.logic.list_scraper] -   - 발견:  건설근로자고용개선전문위원회 운영규정
2025-08-24 01:09:39,571 - INFO - [scripts.adrule.logic.list_scraper] -   - 발견:  건설업 산업안전보건관리비 계상 및 사용기준
2025-08-24 01:09:39,574 - INFO - [scripts.adrule.logic.list_scraper] -   - 발견:  건설업에서 근로자 수 확인이 곤란한 장애인 고용의무 사업주의 공사실적액
2025-08-24 01:09:39,578 - INFO - [scripts.adrule.logic.list_scraper] -   - 발견:  건설업 유해·위험방지계획서 중 지도사가 평가·확인 할 수 있는 대상 건설공사의 범위 및 지도사의 요건
2025-08-24 01:09:39,582 - INFO - [scripts.adrule.logic.list_scraper] -   - 발견:  건설업자가 아닌 자가 시공하는 건설공사의 총공사금액 산정방법에 관한 규정
2025-08-24 01:09:39,585 - INFO - [scripts.adrule.logic.list_scraper] -   - 발견:  건설업체의 산업재해예방활동 실적 평가기준
2025-08-24 01:09:39,589 - INFO - [scripts.adrule.logic.list_scraper] -   - 발견:  고기압 작업에 관한 기준
2025-08-24 01:09:39,592 - INFO - [scripts.adrule.logic.list_scraper] -   - 발견:  고 김용균 사망사고 진상규명과 재발방지를 위한 석탄화력발전소 특별노동안전조사위원회 설치 및 운영에 관한 규정
2025-08-24 01:09:39,595 - INFO - [scripts.adrule.logic.list_scraper] -   - 발견:  고령자 고용안정지원금 지급 규정
2025-08-24 01:09:39,599 - INFO - [scripts.adrule.logic.list_scraper] -   - 발견:  고령자고용연장지원금액 등
2025-08-24 01:09:39,602 - INFO - [scripts.adrule.logic.list_scraper] -   - 발견:  고령자인재은행 및 중견전문인력 고용지원센터 운영규정
2025-08-24 01:09:39,606 - INFO - [scripts.adrule.logic.list_scraper] -   - 발견:  고용노동관계법 위반자에 대한 과태료 부과·징수 업무에 관한 예규
2025-08-24 01:09:39,609 - INFO - [scripts.adrule.logic.list_scraper] -   - 발견:  고용노동관 업무처리지침
2025-08-24 01:09:39,612 - INFO - [scripts.adrule.logic.list_scraper] -   - 발견:  고용노동부 2030 자문단 설치 및 운영에 관한 규정
2025-08-24 01:09:39,623 - INFO - [scripts.adrule.logic.list_scraper] -   - 발견:  고용노동부 갈등관리 운영규정
2025-08-24 01:09:39,627 - INFO - [scripts.adrule.logic.list_scraper] -   - 발견:  고용노동부 감사규정
2025-08-24 01:09:39,629 - INFO - [scripts.adrule.logic.list_scraper] -   - 발견:  고용노동부 개인정보 보호지침
2025-08-24 01:09:39,633 - INFO - [scripts.adrule.logic.list_scraper] -   - 발견:  고용노동부고객상담센터 기본운영규정
2025-08-24 01:09:39,636 - INFO - [scripts.adrule.logic.list_scraper] -   - 발견:  고용노동부고객상담센터 위임전결규정
2025-08-24 01:09:39,640 - INFO - [scripts.adrule.logic.list_scraper] -   - 발견:  고용노동부 고객지원실 운영규정
2025-08-24 01:09:39,644 - INFO - [scripts.adrule.logic.list_scraper] -   - 발견:  고용노동부 고용장려금 운영에 관한 규정
2025-08-24 01:09:39,648 - INFO - [scripts.adrule.logic.list_scraper] -   - 발견:  고용노동부 공무원의 국제기구 파견에 관한 지침
2025-08-24 01:09:39,651 - INFO - [scripts.adrule.logic.list_scraper] -   - 발견:  고용노동부 공무원 정원배정표
2025-08-24 01:09:39,656 - INFO - [scripts.adrule.logic.list_scraper] -   - 발견:  고용노동부 공무원 행동강령
2025-08-24 01:09:39,659 - INFO - [scripts.adrule.logic.list_scraper] -   - 발견:  고용노동부 공무직근로자 운영규정
2025-08-24 01:09:39,662 - INFO - [scripts.adrule.logic.list_scraper] -   - 발견:  고용노동부 공사감독 업무규정
2025-08-24 01:09:39,669 - INFO - [scripts.adrule.logic.list_scraper] -   - 발견:  고용노동부 공직자의 이해충돌 방지제도 운영지침
2025-08-24 01:09:39,672 - INFO - [scripts.adrule.logic.list_scraper] -   - 발견:  고용노동부 관사의 운영 및 관리규정
2025-08-24 01:09:39,675 - INFO - [scripts.adrule.logic.list_scraper] -   - 발견:  고용노동부 국가정보자료관리세부시행규칙
2025-08-24 01:09:39,683 - INFO - [scripts.adrule.logic.list_scraper] -   - 발견:  고용노동부 국제고용노동정책에 관한 규정
2025-08-24 01:09:39,686 - INFO - [scripts.adrule.logic.list_scraper] -   - 발견:  고용노동부 규제심사위원회 운영규정
2025-08-24 01:09:39,689 - INFO - [scripts.adrule.logic.list_scraper] -   - 발견:  고용노동부 기간제근로자 운영규정
2025-08-24 01:09:39,711 - INFO - [__main__] - 총 46개의 URL을 './bin/../data/raw/adrule/1492000/urls.jsonl' 파일에 저장했습니다.
2025-08-24 01:09:40,249 - INFO - [__main__] - 상세 페이지 스크레이퍼 실행: https://www.law.go.kr/admRulInfoP.do?admRulSeq=2100000252102
2025-08-24 01:09:40,634 - INFO - [scripts.adrule.logic.scraper] - 페이지로 이동 중: https://www.law.go.kr/admRulInfoP.do?admRulSeq=2100000252102
2025-08-24 01:09:41,381 - INFO - [scripts.adrule.logic.scraper] - 로딩 마스크가 나타나기를 기다리는 중...
2025-08-24 01:09:41,411 - INFO - [scripts.adrule.logic.scraper] - 로딩 마스크가 사라지기를 기다리는 중...
2025-08-24 01:09:41,594 - INFO - [scripts.adrule.logic.scraper] - 페이지 최종 렌더링을 잠시 대기합니다...
2025-08-24 01:09:42,598 - INFO - [scripts.adrule.logic.scraper] - 페이지 HTML 컨텐츠를 가져오는 중...
2025-08-24 01:09:42,613 - INFO - [scripts.adrule.logic.scraper] - 데이터 파싱 중...
2025-08-24 01:09:42,656 - INFO - [scripts.adrule.logic.scraper] - 유형 2: 텍스트 기반 비정형 구조 감지
2025-08-24 01:09:42,660 - INFO - [scripts.adrule.logic.scraper] - 데이터 1건을 '/Users/woong/Roeum/roeum-crawler/data/raw/adrule/1492000/2025년도 건설업 월평균보수_document.jsonl' 파일로 성공적으로 저장했습니다.
2025-08-24 01:09:42,661 - INFO - [scripts.adrule.logic.scraper] - 데이터 2건을 '/Users/woong/Roeum/roeum-crawler/data/raw/adrule/1492000/2025년도 건설업 월평균보수_chunks.jsonl' 파일로 성공적으로 저장했습니다.
2025-08-24 01:09:42,684 - INFO - [__main__] - 상세 페이지 스크레이퍼 완료: 2025년도 건설업 월평균보수
2025-08-24 01:09:44,179 - INFO - [__main__] - 상세 페이지 스크레이퍼 실행: https://www.law.go.kr/admRulInfoP.do?admRulSeq=2100000251996
2025-08-24 01:09:44,566 - INFO - [scripts.adrule.logic.scraper] - 페이지로 이동 중: https://www.law.go.kr/admRulInfoP.do?admRulSeq=2100000251996
2025-08-24 01:09:45,090 - INFO - [scripts.adrule.logic.scraper] - 로딩 마스크가 나타나기를 기다리는 중...
2025-08-24 01:09:45,124 - INFO - [scripts.adrule.logic.scraper] - 로딩 마스크가 사라지기를 기다리는 중...
2025-08-24 01:09:45,214 - INFO - [scripts.adrule.logic.scraper] - 페이지 최종 렌더링을 잠시 대기합니다...
2025-08-24 01:09:46,222 - INFO - [scripts.adrule.logic.scraper] - 페이지 HTML 컨텐츠를 가져오는 중...
2025-08-24 01:09:46,234 - INFO - [scripts.adrule.logic.scraper] - 데이터 파싱 중...
2025-08-24 01:09:46,297 - INFO - [scripts.adrule.logic.scraper] - 유형 2: 텍스트 기반 비정형 구조 감지
2025-08-24 01:09:46,303 - INFO - [scripts.adrule.logic.scraper] - 데이터 1건을 '/Users/woong/Roeum/roeum-crawler/data/raw/adrule/1492000/2025년도 사업종류별 산재보험료율_document.jsonl' 파일로 성공적으로 저장했습니다.
2025-08-24 01:09:46,304 - INFO - [scripts.adrule.logic.scraper] - 데이터 2건을 '/Users/woong/Roeum/roeum-crawler/data/raw/adrule/1492000/2025년도 사업종류별 산재보험료율_chunks.jsonl' 파일로 성공적으로 저장했습니다.
2025-08-24 01:09:46,360 - INFO - [__main__] - 상세 페이지 스크레이퍼 완료: 2025년도 사업종류별 산재보험료율
2025-08-24 01:09:47,906 - INFO - [__main__] - 상세 페이지 스크레이퍼 실행: https://www.law.go.kr/admRulInfoP.do?admRulSeq=2100000245668
2025-08-24 01:09:48,294 - INFO - [scripts.adrule.logic.scraper] - 페이지로 이동 중: https://www.law.go.kr/admRulInfoP.do?admRulSeq=2100000245668
2025-08-24 01:09:48,880 - INFO - [scripts.adrule.logic.scraper] - 로딩 마스크가 나타나기를 기다리는 중...
2025-08-24 01:09:48,899 - INFO - [scripts.adrule.logic.scraper] - 로딩 마스크가 사라지기를 기다리는 중...
2025-08-24 01:09:48,979 - INFO - [scripts.adrule.logic.scraper] - 페이지 최종 렌더링을 잠시 대기합니다...
2025-08-24 01:09:49,982 - INFO - [scripts.adrule.logic.scraper] - 페이지 HTML 컨텐츠를 가져오는 중...
2025-08-24 01:09:49,993 - INFO - [scripts.adrule.logic.scraper] - 데이터 파싱 중...
2025-08-24 01:09:50,037 - INFO - [scripts.adrule.logic.scraper] - 유형 3: PDF 뷰어(iframe) 구조 감지 (OCR 실행)
2025-08-24 01:09:50,048 - INFO - [scripts.adrule.logic.scraper] - 1개의 PDF 페이지 이미지 발견
2025-08-24 01:09:50,155 - INFO - [scripts.adrule.logic.scraper] - 메모리 내 이미지 OCR 시작...
2025-08-24 01:09:50,419 - INFO - [scripts.adrule.logic.scraper] - 메모리 내 이미지 OCR 성공
2025-08-24 01:09:50,419 - INFO - [scripts.adrule.logic.scraper] - 데이터 1건을 '/Users/woong/Roeum/roeum-crawler/data/raw/adrule/1492000/2025년 적용 최저임금 고시_document.jsonl' 파일로 성공적으로 저장했습니다.
2025-08-24 01:09:50,419 - INFO - [scripts.adrule.logic.scraper] - 데이터 1건을 '/Users/woong/Roeum/roeum-crawler/data/raw/adrule/1492000/2025년 적용 최저임금 고시_chunks.jsonl' 파일로 성공적으로 저장했습니다.
2025-08-24 01:09:50,441 - INFO - [__main__] - 상세 페이지 스크레이퍼 완료: 2025년 적용 최저임금 고시
2025-08-24 01:09:51,915 - INFO - [__main__] - 상세 페이지 스크레이퍼 실행: https://www.law.go.kr/admRulInfoP.do?admRulSeq=2100000262710
2025-08-24 01:09:52,280 - INFO - [scripts.adrule.logic.scraper] - 페이지로 이동 중: https://www.law.go.kr/admRulInfoP.do?admRulSeq=2100000262710
2025-08-24 01:09:52,853 - INFO - [scripts.adrule.logic.scraper] - 로딩 마스크가 나타나기를 기다리는 중...
2025-08-24 01:09:52,874 - INFO - [scripts.adrule.logic.scraper] - 로딩 마스크가 사라지기를 기다리는 중...
2025-08-24 01:09:53,057 - INFO - [scripts.adrule.logic.scraper] - 페이지 최종 렌더링을 잠시 대기합니다...
2025-08-24 01:09:54,060 - INFO - [scripts.adrule.logic.scraper] - 페이지 HTML 컨텐츠를 가져오는 중...
2025-08-24 01:09:54,069 - INFO - [scripts.adrule.logic.scraper] - 데이터 파싱 중...
2025-08-24 01:09:54,111 - INFO - [scripts.adrule.logic.scraper] - 유형 3: PDF 뷰어(iframe) 구조 감지 (OCR 실행)
2025-08-24 01:09:54,121 - INFO - [scripts.adrule.logic.scraper] - 1개의 PDF 페이지 이미지 발견
2025-08-24 01:09:54,236 - INFO - [scripts.adrule.logic.scraper] - 메모리 내 이미지 OCR 시작...
2025-08-24 01:09:54,472 - INFO - [scripts.adrule.logic.scraper] - 메모리 내 이미지 OCR 성공
2025-08-24 01:09:54,472 - INFO - [scripts.adrule.logic.scraper] - 데이터 1건을 '/Users/woong/Roeum/roeum-crawler/data/raw/adrule/1492000/2026년 적용 최저임금 고시_document.jsonl' 파일로 성공적으로 저장했습니다.
2025-08-24 01:09:54,472 - INFO - [scripts.adrule.logic.scraper] - 데이터 1건을 '/Users/woong/Roeum/roeum-crawler/data/raw/adrule/1492000/2026년 적용 최저임금 고시_chunks.jsonl' 파일로 성공적으로 저장했습니다.
2025-08-24 01:09:54,498 - INFO - [__main__] - 상세 페이지 스크레이퍼 완료: 2026년 적용 최저임금 고시
2025-08-24 01:09:55,974 - INFO - [__main__] - 상세 페이지 스크레이퍼 실행: https://www.law.go.kr/admRulInfoP.do?admRulSeq=2100000261888
2025-08-24 01:09:56,327 - INFO - [scripts.adrule.logic.scraper] - 페이지로 이동 중: https://www.law.go.kr/admRulInfoP.do?admRulSeq=2100000261888
2025-08-24 01:09:56,923 - INFO - [scripts.adrule.logic.scraper] - 로딩 마스크가 나타나기를 기다리는 중...
2025-08-24 01:09:56,946 - INFO - [scripts.adrule.logic.scraper] - 로딩 마스크가 사라지기를 기다리는 중...
2025-08-24 01:09:57,031 - INFO - [scripts.adrule.logic.scraper] - 페이지 최종 렌더링을 잠시 대기합니다...
2025-08-24 01:09:58,035 - INFO - [scripts.adrule.logic.scraper] - 페이지 HTML 컨텐츠를 가져오는 중...
2025-08-24 01:09:58,050 - INFO - [scripts.adrule.logic.scraper] - 데이터 파싱 중...
2025-08-24 01:09:58,096 - INFO - [scripts.adrule.logic.scraper] - 유형 3: PDF 뷰어(iframe) 구조 감지 (OCR 실행)
2025-08-24 01:09:58,108 - INFO - [scripts.adrule.logic.scraper] - 1개의 PDF 페이지 이미지 발견
2025-08-24 01:09:58,242 - INFO - [scripts.adrule.logic.scraper] - 메모리 내 이미지 OCR 시작...
2025-08-24 01:09:58,611 - INFO - [scripts.adrule.logic.scraper] - 메모리 내 이미지 OCR 성공
2025-08-24 01:09:58,611 - INFO - [scripts.adrule.logic.scraper] - 데이터 1건을 '/Users/woong/Roeum/roeum-crawler/data/raw/adrule/1492000/2026년 적용 최저임금안 고시_document.jsonl' 파일로 성공적으로 저장했습니다.
2025-08-24 01:09:58,612 - INFO - [scripts.adrule.logic.scraper] - 데이터 1건을 '/Users/woong/Roeum/roeum-crawler/data/raw/adrule/1492000/2026년 적용 최저임금안 고시_chunks.jsonl' 파일로 성공적으로 저장했습니다.
2025-08-24 01:09:58,635 - INFO - [__main__] - 상세 페이지 스크레이퍼 완료: 2026년 적용 최저임금안 고시
2025-08-24 01:10:00,118 - INFO - [__main__] - 상세 페이지 스크레이퍼 실행: https://www.law.go.kr/admRulInfoP.do?admRulSeq=2100000254236
2025-08-24 01:10:00,496 - INFO - [scripts.adrule.logic.scraper] - 페이지로 이동 중: https://www.law.go.kr/admRulInfoP.do?admRulSeq=2100000254236
2025-08-24 01:10:01,073 - INFO - [scripts.adrule.logic.scraper] - 로딩 마스크가 나타나기를 기다리는 중...
2025-08-24 01:10:01,128 - INFO - [scripts.adrule.logic.scraper] - 로딩 마스크가 사라지기를 기다리는 중...
2025-08-24 01:10:01,220 - INFO - [scripts.adrule.logic.scraper] - 페이지 최종 렌더링을 잠시 대기합니다...
2025-08-24 01:10:02,223 - INFO - [scripts.adrule.logic.scraper] - 페이지 HTML 컨텐츠를 가져오는 중...
2025-08-24 01:10:02,235 - INFO - [scripts.adrule.logic.scraper] - 데이터 파싱 중...
2025-08-24 01:10:02,291 - INFO - [scripts.adrule.logic.scraper] - 유형 1: 정형화된 법령 구조 감지
2025-08-24 01:10:02,302 - INFO - [scripts.adrule.logic.scraper] - 데이터 1건을 '/Users/woong/Roeum/roeum-crawler/data/raw/adrule/1492000/가사근로자 사회보험료 지원에 관한 고시_document.jsonl' 파일로 성공적으로 저장했습니다.
2025-08-24 01:10:02,302 - INFO - [scripts.adrule.logic.scraper] - 데이터 7건을 '/Users/woong/Roeum/roeum-crawler/data/raw/adrule/1492000/가사근로자 사회보험료 지원에 관한 고시_chunks.jsonl' 파일로 성공적으로 저장했습니다.
2025-08-24 01:10:02,326 - INFO - [__main__] - 상세 페이지 스크레이퍼 완료: 가사근로자 사회보험료 지원에 관한 고시
2025-08-24 01:10:03,801 - INFO - [__main__] - 상세 페이지 스크레이퍼 실행: https://www.law.go.kr/admRulInfoP.do?admRulSeq=2100000186031
2025-08-24 01:10:04,172 - INFO - [scripts.adrule.logic.scraper] - 페이지로 이동 중: https://www.law.go.kr/admRulInfoP.do?admRulSeq=2100000186031
2025-08-24 01:10:04,729 - INFO - [scripts.adrule.logic.scraper] - 로딩 마스크가 나타나기를 기다리는 중...
2025-08-24 01:10:04,749 - INFO - [scripts.adrule.logic.scraper] - 로딩 마스크가 사라지기를 기다리는 중...
2025-08-24 01:10:04,860 - INFO - [scripts.adrule.logic.scraper] - 페이지 최종 렌더링을 잠시 대기합니다...
2025-08-24 01:10:05,863 - INFO - [scripts.adrule.logic.scraper] - 페이지 HTML 컨텐츠를 가져오는 중...
2025-08-24 01:10:05,883 - INFO - [scripts.adrule.logic.scraper] - 데이터 파싱 중...
2025-08-24 01:10:05,946 - INFO - [scripts.adrule.logic.scraper] - 유형 1: 정형화된 법령 구조 감지
2025-08-24 01:10:05,987 - INFO - [scripts.adrule.logic.scraper] - 데이터 1건을 '/Users/woong/Roeum/roeum-crawler/data/raw/adrule/1492000/가설공사 표준안전 작업지침_document.jsonl' 파일로 성공적으로 저장했습니다.
2025-08-24 01:10:05,988 - INFO - [scripts.adrule.logic.scraper] - 데이터 29건을 '/Users/woong/Roeum/roeum-crawler/data/raw/adrule/1492000/가설공사 표준안전 작업지침_chunks.jsonl' 파일로 성공적으로 저장했습니다.
2025-08-24 01:10:06,013 - INFO - [__main__] - 상세 페이지 스크레이퍼 완료: 가설공사 표준안전 작업지침
2025-08-24 01:10:07,489 - INFO - [__main__] - 상세 페이지 스크레이퍼 실행: https://www.law.go.kr/admRulInfoP.do?admRulSeq=2100000186062
2025-08-24 01:10:07,852 - INFO - [scripts.adrule.logic.scraper] - 페이지로 이동 중: https://www.law.go.kr/admRulInfoP.do?admRulSeq=2100000186062
2025-08-24 01:10:08,465 - INFO - [scripts.adrule.logic.scraper] - 로딩 마스크가 나타나기를 기다리는 중...
2025-08-24 01:10:08,486 - INFO - [scripts.adrule.logic.scraper] - 로딩 마스크가 사라지기를 기다리는 중...
2025-08-24 01:10:08,575 - INFO - [scripts.adrule.logic.scraper] - 페이지 최종 렌더링을 잠시 대기합니다...
2025-08-24 01:10:09,579 - INFO - [scripts.adrule.logic.scraper] - 페이지 HTML 컨텐츠를 가져오는 중...
2025-08-24 01:10:09,587 - INFO - [scripts.adrule.logic.scraper] - 데이터 파싱 중...
2025-08-24 01:10:09,640 - INFO - [scripts.adrule.logic.scraper] - 유형 1: 정형화된 법령 구조 감지
2025-08-24 01:10:09,652 - INFO - [scripts.adrule.logic.scraper] - 데이터 1건을 '/Users/woong/Roeum/roeum-crawler/data/raw/adrule/1492000/가스누출감지경보기 설치에 관한 기술상의 지침_document.jsonl' 파일로 성공적으로 저장했습니다.
2025-08-24 01:10:09,652 - INFO - [scripts.adrule.logic.scraper] - 데이터 10건을 '/Users/woong/Roeum/roeum-crawler/data/raw/adrule/1492000/가스누출감지경보기 설치에 관한 기술상의 지침_chunks.jsonl' 파일로 성공적으로 저장했습니다.
2025-08-24 01:10:09,676 - INFO - [__main__] - 상세 페이지 스크레이퍼 완료: 가스누출감지경보기 설치에 관한 기술상의 지침
2025-08-24 01:10:11,158 - INFO - [__main__] - 상세 페이지 스크레이퍼 실행: https://www.law.go.kr/admRulInfoP.do?admRulSeq=2100000186120
2025-08-24 01:10:11,513 - INFO - [scripts.adrule.logic.scraper] - 페이지로 이동 중: https://www.law.go.kr/admRulInfoP.do?admRulSeq=2100000186120
2025-08-24 01:10:12,053 - INFO - [scripts.adrule.logic.scraper] - 로딩 마스크가 나타나기를 기다리는 중...
2025-08-24 01:10:12,073 - INFO - [scripts.adrule.logic.scraper] - 로딩 마스크가 사라지기를 기다리는 중...
2025-08-24 01:10:12,153 - INFO - [scripts.adrule.logic.scraper] - 페이지 최종 렌더링을 잠시 대기합니다...
2025-08-24 01:10:13,155 - INFO - [scripts.adrule.logic.scraper] - 페이지 HTML 컨텐츠를 가져오는 중...
2025-08-24 01:10:13,172 - INFO - [scripts.adrule.logic.scraper] - 데이터 파싱 중...
2025-08-24 01:10:13,228 - INFO - [scripts.adrule.logic.scraper] - 유형 1: 정형화된 법령 구조 감지
2025-08-24 01:10:13,241 - INFO - [scripts.adrule.logic.scraper] - 데이터 1건을 '/Users/woong/Roeum/roeum-crawler/data/raw/adrule/1492000/감전재해 예방을 위한 기술상의 지침_document.jsonl' 파일로 성공적으로 저장했습니다.
2025-08-24 01:10:13,242 - INFO - [scripts.adrule.logic.scraper] - 데이터 12건을 '/Users/woong/Roeum/roeum-crawler/data/raw/adrule/1492000/감전재해 예방을 위한 기술상의 지침_chunks.jsonl' 파일로 성공적으로 저장했습니다.
2025-08-24 01:10:13,263 - INFO - [__main__] - 상세 페이지 스크레이퍼 완료: 감전재해 예방을 위한 기술상의 지침
2025-08-24 01:10:14,737 - INFO - [__main__] - 상세 페이지 스크레이퍼 실행: https://www.law.go.kr/admRulInfoP.do?admRulSeq=2100000217661
2025-08-24 01:10:15,106 - INFO - [scripts.adrule.logic.scraper] - 페이지로 이동 중: https://www.law.go.kr/admRulInfoP.do?admRulSeq=2100000217661
2025-08-24 01:10:15,659 - INFO - [scripts.adrule.logic.scraper] - 로딩 마스크가 나타나기를 기다리는 중...
2025-08-24 01:10:15,678 - INFO - [scripts.adrule.logic.scraper] - 로딩 마스크가 사라지기를 기다리는 중...
2025-08-24 01:10:15,758 - INFO - [scripts.adrule.logic.scraper] - 페이지 최종 렌더링을 잠시 대기합니다...
2025-08-24 01:10:16,760 - INFO - [scripts.adrule.logic.scraper] - 페이지 HTML 컨텐츠를 가져오는 중...
2025-08-24 01:10:16,777 - INFO - [scripts.adrule.logic.scraper] - 데이터 파싱 중...
2025-08-24 01:10:16,823 - INFO - [scripts.adrule.logic.scraper] - 유형 2: 텍스트 기반 비정형 구조 감지
2025-08-24 01:10:16,828 - INFO - [scripts.adrule.logic.scraper] - 데이터 1건을 '/Users/woong/Roeum/roeum-crawler/data/raw/adrule/1492000/개별연장급여 수급요건 중 학업 중인 사람에 대한 고시_document.jsonl' 파일로 성공적으로 저장했습니다.
2025-08-24 01:10:16,828 - INFO - [scripts.adrule.logic.scraper] - 데이터 2건을 '/Users/woong/Roeum/roeum-crawler/data/raw/adrule/1492000/개별연장급여 수급요건 중 학업 중인 사람에 대한 고시_chunks.jsonl' 파일로 성공적으로 저장했습니다.
2025-08-24 01:10:16,851 - INFO - [__main__] - 상세 페이지 스크레이퍼 완료: 개별연장급여 수급요건 중 학업 중인 사람에 대한 고시
2025-08-24 01:10:18,330 - INFO - [__main__] - 상세 페이지 스크레이퍼 실행: https://www.law.go.kr/admRulInfoP.do?admRulSeq=2100000217662
2025-08-24 01:10:18,704 - INFO - [scripts.adrule.logic.scraper] - 페이지로 이동 중: https://www.law.go.kr/admRulInfoP.do?admRulSeq=2100000217662
2025-08-24 01:10:19,304 - INFO - [scripts.adrule.logic.scraper] - 로딩 마스크가 나타나기를 기다리는 중...
2025-08-24 01:10:19,324 - INFO - [scripts.adrule.logic.scraper] - 로딩 마스크가 사라지기를 기다리는 중...
2025-08-24 01:10:19,404 - INFO - [scripts.adrule.logic.scraper] - 페이지 최종 렌더링을 잠시 대기합니다...
2025-08-24 01:10:20,406 - INFO - [scripts.adrule.logic.scraper] - 페이지 HTML 컨텐츠를 가져오는 중...
2025-08-24 01:10:20,420 - INFO - [scripts.adrule.logic.scraper] - 데이터 파싱 중...
2025-08-24 01:10:20,466 - INFO - [scripts.adrule.logic.scraper] - 유형 2: 텍스트 기반 비정형 구조 감지
2025-08-24 01:10:20,471 - INFO - [scripts.adrule.logic.scraper] - 데이터 1건을 '/Users/woong/Roeum/roeum-crawler/data/raw/adrule/1492000/개별연장급여 지급을 위한 임금 및 재산기준 고시_document.jsonl' 파일로 성공적으로 저장했습니다.
2025-08-24 01:10:20,471 - INFO - [scripts.adrule.logic.scraper] - 데이터 2건을 '/Users/woong/Roeum/roeum-crawler/data/raw/adrule/1492000/개별연장급여 지급을 위한 임금 및 재산기준 고시_chunks.jsonl' 파일로 성공적으로 저장했습니다.
2025-08-24 01:10:20,493 - INFO - [__main__] - 상세 페이지 스크레이퍼 완료: 개별연장급여 지급을 위한 임금 및 재산기준 고시
2025-08-24 01:10:21,963 - INFO - [__main__] - 상세 페이지 스크레이퍼 실행: https://www.law.go.kr/admRulInfoP.do?admRulSeq=2200000043197
2025-08-24 01:10:22,330 - INFO - [scripts.adrule.logic.scraper] - 페이지로 이동 중: https://www.law.go.kr/admRulInfoP.do?admRulSeq=2200000043197
2025-08-24 01:10:22,905 - INFO - [scripts.adrule.logic.scraper] - 로딩 마스크가 나타나기를 기다리는 중...
2025-08-24 01:10:22,927 - INFO - [scripts.adrule.logic.scraper] - 로딩 마스크가 사라지기를 기다리는 중...
2025-08-24 01:10:23,120 - INFO - [scripts.adrule.logic.scraper] - 페이지 최종 렌더링을 잠시 대기합니다...
2025-08-24 01:10:24,124 - INFO - [scripts.adrule.logic.scraper] - 페이지 HTML 컨텐츠를 가져오는 중...
2025-08-24 01:10:24,138 - INFO - [scripts.adrule.logic.scraper] - 데이터 파싱 중...
2025-08-24 01:10:24,182 - INFO - [scripts.adrule.logic.scraper] - 유형 2: 텍스트 기반 비정형 구조 감지
2025-08-24 01:10:24,187 - INFO - [scripts.adrule.logic.scraper] - 데이터 1건을 '/Users/woong/Roeum/roeum-crawler/data/raw/adrule/1492000/개인형퇴직연금제도로의 이전 예외사유 해당금액 고시_document.jsonl' 파일로 성공적으로 저장했습니다.
2025-08-24 01:10:24,187 - INFO - [scripts.adrule.logic.scraper] - 데이터 2건을 '/Users/woong/Roeum/roeum-crawler/data/raw/adrule/1492000/개인형퇴직연금제도로의 이전 예외사유 해당금액 고시_chunks.jsonl' 파일로 성공적으로 저장했습니다.
2025-08-24 01:10:24,210 - INFO - [__main__] - 상세 페이지 스크레이퍼 완료: 개인형퇴직연금제도로의 이전 예외사유 해당금액 고시
2025-08-24 01:10:25,736 - INFO - [__main__] - 상세 페이지 스크레이퍼 실행: https://www.law.go.kr/admRulInfoP.do?admRulSeq=2100000243390
2025-08-24 01:10:26,106 - INFO - [scripts.adrule.logic.scraper] - 페이지로 이동 중: https://www.law.go.kr/admRulInfoP.do?admRulSeq=2100000243390
2025-08-24 01:10:26,671 - INFO - [scripts.adrule.logic.scraper] - 로딩 마스크가 나타나기를 기다리는 중...
2025-08-24 01:10:26,693 - INFO - [scripts.adrule.logic.scraper] - 로딩 마스크가 사라지기를 기다리는 중...
2025-08-24 01:10:26,791 - INFO - [scripts.adrule.logic.scraper] - 페이지 최종 렌더링을 잠시 대기합니다...
2025-08-24 01:10:27,794 - INFO - [scripts.adrule.logic.scraper] - 페이지 HTML 컨텐츠를 가져오는 중...
2025-08-24 01:10:27,810 - INFO - [scripts.adrule.logic.scraper] - 데이터 파싱 중...
2025-08-24 01:10:27,863 - INFO - [scripts.adrule.logic.scraper] - 유형 1: 정형화된 법령 구조 감지
2025-08-24 01:10:27,875 - INFO - [scripts.adrule.logic.scraper] - 데이터 1건을 '/Users/woong/Roeum/roeum-crawler/data/raw/adrule/1492000/건설공사 안전보건대장의 작성 등에 관한 고시_document.jsonl' 파일로 성공적으로 저장했습니다.
2025-08-24 01:10:27,875 - INFO - [scripts.adrule.logic.scraper] - 데이터 9건을 '/Users/woong/Roeum/roeum-crawler/data/raw/adrule/1492000/건설공사 안전보건대장의 작성 등에 관한 고시_chunks.jsonl' 파일로 성공적으로 저장했습니다.
2025-08-24 01:10:27,897 - INFO - [__main__] - 상세 페이지 스크레이퍼 완료: 건설공사 안전보건대장의 작성 등에 관한 고시
2025-08-24 01:10:29,368 - INFO - [__main__] - 상세 페이지 스크레이퍼 실행: https://www.law.go.kr/admRulInfoP.do?admRulSeq=2100000252112
2025-08-24 01:10:29,748 - INFO - [scripts.adrule.logic.scraper] - 페이지로 이동 중: https://www.law.go.kr/admRulInfoP.do?admRulSeq=2100000252112
2025-08-24 01:10:30,402 - INFO - [scripts.adrule.logic.scraper] - 로딩 마스크가 나타나기를 기다리는 중...
2025-08-24 01:10:30,424 - INFO - [scripts.adrule.logic.scraper] - 로딩 마스크가 사라지기를 기다리는 중...
2025-08-24 01:10:30,608 - INFO - [scripts.adrule.logic.scraper] - 페이지 최종 렌더링을 잠시 대기합니다...
2025-08-24 01:10:31,613 - INFO - [scripts.adrule.logic.scraper] - 페이지 HTML 컨텐츠를 가져오는 중...
2025-08-24 01:10:31,627 - INFO - [scripts.adrule.logic.scraper] - 데이터 파싱 중...
2025-08-24 01:10:31,672 - INFO - [scripts.adrule.logic.scraper] - 유형 2: 텍스트 기반 비정형 구조 감지
2025-08-24 01:10:31,676 - INFO - [scripts.adrule.logic.scraper] - 데이터 1건을 '/Users/woong/Roeum/roeum-crawler/data/raw/adrule/1492000/건설공사의 노무비율_document.jsonl' 파일로 성공적으로 저장했습니다.
2025-08-24 01:10:31,676 - INFO - [scripts.adrule.logic.scraper] - 데이터 2건을 '/Users/woong/Roeum/roeum-crawler/data/raw/adrule/1492000/건설공사의 노무비율_chunks.jsonl' 파일로 성공적으로 저장했습니다.
2025-08-24 01:10:31,699 - INFO - [__main__] - 상세 페이지 스크레이퍼 완료: 건설공사의 노무비율
2025-08-24 01:10:33,173 - INFO - [__main__] - 상세 페이지 스크레이퍼 실행: https://www.law.go.kr/admRulInfoP.do?admRulSeq=2100000025542
2025-08-24 01:10:33,528 - INFO - [scripts.adrule.logic.scraper] - 페이지로 이동 중: https://www.law.go.kr/admRulInfoP.do?admRulSeq=2100000025542
2025-08-24 01:10:34,053 - INFO - [scripts.adrule.logic.scraper] - 로딩 마스크가 나타나기를 기다리는 중...
2025-08-24 01:10:34,074 - INFO - [scripts.adrule.logic.scraper] - 로딩 마스크가 사라지기를 기다리는 중...
2025-08-24 01:10:34,256 - INFO - [scripts.adrule.logic.scraper] - 페이지 최종 렌더링을 잠시 대기합니다...
2025-08-24 01:10:35,260 - INFO - [scripts.adrule.logic.scraper] - 페이지 HTML 컨텐츠를 가져오는 중...
2025-08-24 01:10:35,278 - INFO - [scripts.adrule.logic.scraper] - 데이터 파싱 중...
2025-08-24 01:10:35,331 - INFO - [scripts.adrule.logic.scraper] - 유형 1: 정형화된 법령 구조 감지
2025-08-24 01:10:35,343 - INFO - [scripts.adrule.logic.scraper] - 데이터 1건을 '/Users/woong/Roeum/roeum-crawler/data/raw/adrule/1492000/건설근로자고용개선전문위원회 운영규정_document.jsonl' 파일로 성공적으로 저장했습니다.
2025-08-24 01:10:35,344 - INFO - [scripts.adrule.logic.scraper] - 데이터 14건을 '/Users/woong/Roeum/roeum-crawler/data/raw/adrule/1492000/건설근로자고용개선전문위원회 운영규정_chunks.jsonl' 파일로 성공적으로 저장했습니다.
2025-08-24 01:10:35,366 - INFO - [__main__] - 상세 페이지 스크레이퍼 완료: 건설근로자고용개선전문위원회 운영규정
2025-08-24 01:10:36,840 - INFO - [__main__] - 상세 페이지 스크레이퍼 실행: https://www.law.go.kr/admRulInfoP.do?admRulSeq=2100000254546
2025-08-24 01:10:37,210 - INFO - [scripts.adrule.logic.scraper] - 페이지로 이동 중: https://www.law.go.kr/admRulInfoP.do?admRulSeq=2100000254546
2025-08-24 01:10:37,789 - INFO - [scripts.adrule.logic.scraper] - 로딩 마스크가 나타나기를 기다리는 중...
2025-08-24 01:10:47,809 - WARNING - [scripts.adrule.logic.scraper] - 로딩 마스크가 감지되지 않았습니다. 페이지 로드가 완료된 것으로 간주하고 계속 진행합니다.
2025-08-24 01:10:47,810 - INFO - [scripts.adrule.logic.scraper] - 페이지 최종 렌더링을 잠시 대기합니다...
2025-08-24 01:10:48,819 - INFO - [scripts.adrule.logic.scraper] - 페이지 HTML 컨텐츠를 가져오는 중...
2025-08-24 01:10:48,852 - INFO - [scripts.adrule.logic.scraper] - 데이터 파싱 중...
2025-08-24 01:10:48,917 - INFO - [scripts.adrule.logic.scraper] - 유형 1: 정형화된 법령 구조 감지
2025-08-24 01:10:48,974 - INFO - [scripts.adrule.logic.scraper] - 데이터 1건을 '/Users/woong/Roeum/roeum-crawler/data/raw/adrule/1492000/건설업 산업안전보건관리비 계상 및 사용기준_document.jsonl' 파일로 성공적으로 저장했습니다.
2025-08-24 01:10:48,974 - INFO - [scripts.adrule.logic.scraper] - 데이터 12건을 '/Users/woong/Roeum/roeum-crawler/data/raw/adrule/1492000/건설업 산업안전보건관리비 계상 및 사용기준_chunks.jsonl' 파일로 성공적으로 저장했습니다.
2025-08-24 01:10:49,009 - INFO - [__main__] - 상세 페이지 스크레이퍼 완료: 건설업 산업안전보건관리비 계상 및 사용기준
2025-08-24 01:10:50,642 - INFO - [__main__] - 상세 페이지 스크레이퍼 실행: https://www.law.go.kr/admRulInfoP.do?admRulSeq=2100000253016
2025-08-24 01:10:51,088 - INFO - [scripts.adrule.logic.scraper] - 페이지로 이동 중: https://www.law.go.kr/admRulInfoP.do?admRulSeq=2100000253016
2025-08-24 01:10:51,647 - INFO - [scripts.adrule.logic.scraper] - 로딩 마스크가 나타나기를 기다리는 중...
2025-08-24 01:10:51,668 - INFO - [scripts.adrule.logic.scraper] - 로딩 마스크가 사라지기를 기다리는 중...
2025-08-24 01:10:51,750 - INFO - [scripts.adrule.logic.scraper] - 페이지 최종 렌더링을 잠시 대기합니다...
2025-08-24 01:10:52,753 - INFO - [scripts.adrule.logic.scraper] - 페이지 HTML 컨텐츠를 가져오는 중...
2025-08-24 01:10:52,763 - INFO - [scripts.adrule.logic.scraper] - 데이터 파싱 중...
2025-08-24 01:10:52,804 - INFO - [scripts.adrule.logic.scraper] - 유형 2: 텍스트 기반 비정형 구조 감지
2025-08-24 01:10:52,811 - INFO - [scripts.adrule.logic.scraper] - 데이터 1건을 '/Users/woong/Roeum/roeum-crawler/data/raw/adrule/1492000/건설업에서 근로자 수 확인이 곤란한 장애인 고용의무 사업주의 공사실적액_document.jsonl' 파일로 성공적으로 저장했습니다.
2025-08-24 01:10:52,811 - INFO - [scripts.adrule.logic.scraper] - 데이터 1건을 '/Users/woong/Roeum/roeum-crawler/data/raw/adrule/1492000/건설업에서 근로자 수 확인이 곤란한 장애인 고용의무 사업주의 공사실적액_chunks.jsonl' 파일로 성공적으로 저장했습니다.
2025-08-24 01:10:52,832 - INFO - [__main__] - 상세 페이지 스크레이퍼 완료: 건설업에서 근로자 수 확인이 곤란한 장애인 고용의무 사업주의 공사실적액
2025-08-24 01:10:54,295 - INFO - [__main__] - 상세 페이지 스크레이퍼 실행: https://www.law.go.kr/admRulInfoP.do?admRulSeq=2100000186089
2025-08-24 01:10:54,650 - INFO - [scripts.adrule.logic.scraper] - 페이지로 이동 중: https://www.law.go.kr/admRulInfoP.do?admRulSeq=2100000186089
2025-08-24 01:10:55,241 - INFO - [scripts.adrule.logic.scraper] - 로딩 마스크가 나타나기를 기다리는 중...
2025-08-24 01:10:55,261 - INFO - [scripts.adrule.logic.scraper] - 로딩 마스크가 사라지기를 기다리는 중...
2025-08-24 01:10:55,347 - INFO - [scripts.adrule.logic.scraper] - 페이지 최종 렌더링을 잠시 대기합니다...
2025-08-24 01:10:56,349 - INFO - [scripts.adrule.logic.scraper] - 페이지 HTML 컨텐츠를 가져오는 중...
2025-08-24 01:10:56,363 - INFO - [scripts.adrule.logic.scraper] - 데이터 파싱 중...
2025-08-24 01:10:56,409 - INFO - [scripts.adrule.logic.scraper] - 유형 2: 텍스트 기반 비정형 구조 감지
2025-08-24 01:10:56,415 - INFO - [scripts.adrule.logic.scraper] - 데이터 1건을 '/Users/woong/Roeum/roeum-crawler/data/raw/adrule/1492000/건설업 유해·위험방지계획서 중 지도사가 평가·확인 할 수 있는 대상 건설공사의 범위 및 지도사의 요건_document.jsonl' 파일로 성공적으로 저장했습니다.
2025-08-24 01:10:56,415 - INFO - [scripts.adrule.logic.scraper] - 데이터 1건을 '/Users/woong/Roeum/roeum-crawler/data/raw/adrule/1492000/건설업 유해·위험방지계획서 중 지도사가 평가·확인 할 수 있는 대상 건설공사의 범위 및 지도사의 요건_chunks.jsonl' 파일로 성공적으로 저장했습니다.
2025-08-24 01:10:56,437 - INFO - [__main__] - 상세 페이지 스크레이퍼 완료: 건설업 유해·위험방지계획서 중 지도사가 평가·확인 할 수 있는 대상 건설공사의 범위 및 지도사의 요건
2025-08-24 01:10:57,910 - INFO - [__main__] - 상세 페이지 스크레이퍼 실행: https://www.law.go.kr/admRulInfoP.do?admRulSeq=2100000217765
2025-08-24 01:10:58,262 - INFO - [scripts.adrule.logic.scraper] - 페이지로 이동 중: https://www.law.go.kr/admRulInfoP.do?admRulSeq=2100000217765
2025-08-24 01:10:58,850 - INFO - [scripts.adrule.logic.scraper] - 로딩 마스크가 나타나기를 기다리는 중...
2025-08-24 01:10:58,875 - INFO - [scripts.adrule.logic.scraper] - 로딩 마스크가 사라지기를 기다리는 중...
2025-08-24 01:10:58,962 - INFO - [scripts.adrule.logic.scraper] - 페이지 최종 렌더링을 잠시 대기합니다...
2025-08-24 01:10:59,966 - INFO - [scripts.adrule.logic.scraper] - 페이지 HTML 컨텐츠를 가져오는 중...
2025-08-24 01:10:59,986 - INFO - [scripts.adrule.logic.scraper] - 데이터 파싱 중...
2025-08-24 01:11:00,046 - INFO - [scripts.adrule.logic.scraper] - 유형 1: 정형화된 법령 구조 감지
2025-08-24 01:11:00,059 - INFO - [scripts.adrule.logic.scraper] - 데이터 1건을 '/Users/woong/Roeum/roeum-crawler/data/raw/adrule/1492000/건설업자가 아닌 자가 시공하는 건설공사의 총공사금액 산정방법에 관한 규정_document.jsonl' 파일로 성공적으로 저장했습니다.
2025-08-24 01:11:00,060 - INFO - [scripts.adrule.logic.scraper] - 데이터 7건을 '/Users/woong/Roeum/roeum-crawler/data/raw/adrule/1492000/건설업자가 아닌 자가 시공하는 건설공사의 총공사금액 산정방법에 관한 규정_chunks.jsonl' 파일로 성공적으로 저장했습니다.
2025-08-24 01:11:00,083 - INFO - [__main__] - 상세 페이지 스크레이퍼 완료: 건설업자가 아닌 자가 시공하는 건설공사의 총공사금액 산정방법에 관한 규정
2025-08-24 01:11:01,563 - INFO - [__main__] - 상세 페이지 스크레이퍼 실행: https://www.law.go.kr/admRulInfoP.do?admRulSeq=2100000228660
2025-08-24 01:11:01,939 - INFO - [scripts.adrule.logic.scraper] - 페이지로 이동 중: https://www.law.go.kr/admRulInfoP.do?admRulSeq=2100000228660
2025-08-24 01:11:02,504 - INFO - [scripts.adrule.logic.scraper] - 로딩 마스크가 나타나기를 기다리는 중...
2025-08-24 01:11:02,525 - INFO - [scripts.adrule.logic.scraper] - 로딩 마스크가 사라지기를 기다리는 중...
2025-08-24 01:11:02,708 - INFO - [scripts.adrule.logic.scraper] - 페이지 최종 렌더링을 잠시 대기합니다...
2025-08-24 01:11:03,711 - INFO - [scripts.adrule.logic.scraper] - 페이지 HTML 컨텐츠를 가져오는 중...
2025-08-24 01:11:03,731 - INFO - [scripts.adrule.logic.scraper] - 데이터 파싱 중...
2025-08-24 01:11:03,788 - INFO - [scripts.adrule.logic.scraper] - 유형 1: 정형화된 법령 구조 감지
2025-08-24 01:11:03,803 - INFO - [scripts.adrule.logic.scraper] - 데이터 1건을 '/Users/woong/Roeum/roeum-crawler/data/raw/adrule/1492000/건설업체의 산업재해예방활동 실적 평가기준_document.jsonl' 파일로 성공적으로 저장했습니다.
2025-08-24 01:11:03,804 - INFO - [scripts.adrule.logic.scraper] - 데이터 14건을 '/Users/woong/Roeum/roeum-crawler/data/raw/adrule/1492000/건설업체의 산업재해예방활동 실적 평가기준_chunks.jsonl' 파일로 성공적으로 저장했습니다.
2025-08-24 01:11:03,825 - INFO - [__main__] - 상세 페이지 스크레이퍼 완료: 건설업체의 산업재해예방활동 실적 평가기준
2025-08-24 01:11:05,300 - INFO - [__main__] - 상세 페이지 스크레이퍼 실행: https://www.law.go.kr/admRulInfoP.do?admRulSeq=2100000186106
2025-08-24 01:11:05,698 - INFO - [scripts.adrule.logic.scraper] - 페이지로 이동 중: https://www.law.go.kr/admRulInfoP.do?admRulSeq=2100000186106
2025-08-24 01:11:06,284 - INFO - [scripts.adrule.logic.scraper] - 로딩 마스크가 나타나기를 기다리는 중...
2025-08-24 01:11:06,303 - INFO - [scripts.adrule.logic.scraper] - 로딩 마스크가 사라지기를 기다리는 중...
2025-08-24 01:11:06,486 - INFO - [scripts.adrule.logic.scraper] - 페이지 최종 렌더링을 잠시 대기합니다...
2025-08-24 01:11:07,490 - INFO - [scripts.adrule.logic.scraper] - 페이지 HTML 컨텐츠를 가져오는 중...
2025-08-24 01:11:07,510 - INFO - [scripts.adrule.logic.scraper] - 데이터 파싱 중...
2025-08-24 01:11:07,567 - INFO - [scripts.adrule.logic.scraper] - 유형 1: 정형화된 법령 구조 감지
2025-08-24 01:11:07,585 - INFO - [scripts.adrule.logic.scraper] - 데이터 1건을 '/Users/woong/Roeum/roeum-crawler/data/raw/adrule/1492000/고기압 작업에 관한 기준_document.jsonl' 파일로 성공적으로 저장했습니다.
2025-08-24 01:11:07,586 - INFO - [scripts.adrule.logic.scraper] - 데이터 11건을 '/Users/woong/Roeum/roeum-crawler/data/raw/adrule/1492000/고기압 작업에 관한 기준_chunks.jsonl' 파일로 성공적으로 저장했습니다.
2025-08-24 01:11:07,607 - INFO - [__main__] - 상세 페이지 스크레이퍼 완료: 고기압 작업에 관한 기준
2025-08-24 01:11:10,083 - INFO - [__main__] - 상세 페이지 스크레이퍼 실행: https://www.law.go.kr/admRulInfoP.do?admRulSeq=2200000076692
2025-08-24 01:11:10,771 - INFO - [scripts.adrule.logic.scraper] - 페이지로 이동 중: https://www.law.go.kr/admRulInfoP.do?admRulSeq=2200000076692
2025-08-24 01:11:11,381 - INFO - [scripts.adrule.logic.scraper] - 로딩 마스크가 나타나기를 기다리는 중...
2025-08-24 01:11:11,403 - INFO - [scripts.adrule.logic.scraper] - 로딩 마스크가 사라지기를 기다리는 중...
2025-08-24 01:11:11,483 - INFO - [scripts.adrule.logic.scraper] - 페이지 최종 렌더링을 잠시 대기합니다...
2025-08-24 01:11:12,487 - INFO - [scripts.adrule.logic.scraper] - 페이지 HTML 컨텐츠를 가져오는 중...
2025-08-24 01:11:12,506 - INFO - [scripts.adrule.logic.scraper] - 데이터 파싱 중...
2025-08-24 01:11:12,557 - INFO - [scripts.adrule.logic.scraper] - 유형 1: 정형화된 법령 구조 감지
2025-08-24 01:11:12,568 - INFO - [scripts.adrule.logic.scraper] - 데이터 1건을 '/Users/woong/Roeum/roeum-crawler/data/raw/adrule/1492000/고 김용균 사망사고 진상규명과 재발방지를 위한 석탄화력발전소 특별노동안전조사위원회 설치 및 운영에 관한 규정_document.jsonl' 파일로 성공적으로 저장했습니다.
2025-08-24 01:11:12,569 - INFO - [scripts.adrule.logic.scraper] - 데이터 14건을 '/Users/woong/Roeum/roeum-crawler/data/raw/adrule/1492000/고 김용균 사망사고 진상규명과 재발방지를 위한 석탄화력발전소 특별노동안전조사위원회 설치 및 운영에 관한 규정_chunks.jsonl' 파일로 성공적으로 저장했습니다.
2025-08-24 01:11:12,590 - INFO - [__main__] - 상세 페이지 스크레이퍼 완료: 고 김용균 사망사고 진상규명과 재발방지를 위한 석탄화력발전소 특별노동안전조사위원회 설치 및 운영에 관한 규정
2025-08-24 01:11:14,697 - INFO - [__main__] - 상세 페이지 스크레이퍼 실행: https://www.law.go.kr/admRulInfoP.do?admRulSeq=2100000253946
2025-08-24 01:11:15,439 - INFO - [scripts.adrule.logic.scraper] - 페이지로 이동 중: https://www.law.go.kr/admRulInfoP.do?admRulSeq=2100000253946
2025-08-24 01:11:16,057 - INFO - [scripts.adrule.logic.scraper] - 로딩 마스크가 나타나기를 기다리는 중...
2025-08-24 01:11:16,084 - INFO - [scripts.adrule.logic.scraper] - 로딩 마스크가 사라지기를 기다리는 중...
2025-08-24 01:11:16,272 - INFO - [scripts.adrule.logic.scraper] - 페이지 최종 렌더링을 잠시 대기합니다...
2025-08-24 01:11:17,275 - INFO - [scripts.adrule.logic.scraper] - 페이지 HTML 컨텐츠를 가져오는 중...
2025-08-24 01:11:17,292 - INFO - [scripts.adrule.logic.scraper] - 데이터 파싱 중...
2025-08-24 01:11:17,348 - INFO - [scripts.adrule.logic.scraper] - 유형 1: 정형화된 법령 구조 감지
2025-08-24 01:11:17,367 - INFO - [scripts.adrule.logic.scraper] - 데이터 1건을 '/Users/woong/Roeum/roeum-crawler/data/raw/adrule/1492000/고령자 고용안정지원금 지급 규정_document.jsonl' 파일로 성공적으로 저장했습니다.
2025-08-24 01:11:17,367 - INFO - [scripts.adrule.logic.scraper] - 데이터 15건을 '/Users/woong/Roeum/roeum-crawler/data/raw/adrule/1492000/고령자 고용안정지원금 지급 규정_chunks.jsonl' 파일로 성공적으로 저장했습니다.
2025-08-24 01:11:17,397 - INFO - [__main__] - 상세 페이지 스크레이퍼 완료: 고령자 고용안정지원금 지급 규정
2025-08-24 01:11:18,869 - INFO - [__main__] - 상세 페이지 스크레이퍼 실행: https://www.law.go.kr/admRulInfoP.do?admRulSeq=2000000018010
2025-08-24 01:11:19,221 - INFO - [scripts.adrule.logic.scraper] - 페이지로 이동 중: https://www.law.go.kr/admRulInfoP.do?admRulSeq=2000000018010
2025-08-24 01:11:19,735 - INFO - [scripts.adrule.logic.scraper] - 로딩 마스크가 나타나기를 기다리는 중...
2025-08-24 01:11:19,755 - INFO - [scripts.adrule.logic.scraper] - 로딩 마스크가 사라지기를 기다리는 중...
2025-08-24 01:11:19,836 - INFO - [scripts.adrule.logic.scraper] - 페이지 최종 렌더링을 잠시 대기합니다...
2025-08-24 01:11:20,840 - INFO - [scripts.adrule.logic.scraper] - 페이지 HTML 컨텐츠를 가져오는 중...
2025-08-24 01:11:20,854 - INFO - [scripts.adrule.logic.scraper] - 데이터 파싱 중...
2025-08-24 01:11:20,899 - INFO - [scripts.adrule.logic.scraper] - 유형 2: 텍스트 기반 비정형 구조 감지
2025-08-24 01:11:20,904 - INFO - [scripts.adrule.logic.scraper] - 데이터 1건을 '/Users/woong/Roeum/roeum-crawler/data/raw/adrule/1492000/고령자고용연장지원금액 등_document.jsonl' 파일로 성공적으로 저장했습니다.
2025-08-24 01:11:20,904 - INFO - [scripts.adrule.logic.scraper] - 데이터 1건을 '/Users/woong/Roeum/roeum-crawler/data/raw/adrule/1492000/고령자고용연장지원금액 등_chunks.jsonl' 파일로 성공적으로 저장했습니다.
2025-08-24 01:11:20,927 - INFO - [__main__] - 상세 페이지 스크레이퍼 완료: 고령자고용연장지원금액 등
2025-08-24 01:11:22,396 - INFO - [__main__] - 상세 페이지 스크레이퍼 실행: https://www.law.go.kr/admRulInfoP.do?admRulSeq=2100000216935
2025-08-24 01:11:22,748 - INFO - [scripts.adrule.logic.scraper] - 페이지로 이동 중: https://www.law.go.kr/admRulInfoP.do?admRulSeq=2100000216935
2025-08-24 01:11:23,317 - INFO - [scripts.adrule.logic.scraper] - 로딩 마스크가 나타나기를 기다리는 중...
2025-08-24 01:11:23,338 - INFO - [scripts.adrule.logic.scraper] - 로딩 마스크가 사라지기를 기다리는 중...
2025-08-24 01:11:23,520 - INFO - [scripts.adrule.logic.scraper] - 페이지 최종 렌더링을 잠시 대기합니다...
2025-08-24 01:11:24,523 - INFO - [scripts.adrule.logic.scraper] - 페이지 HTML 컨텐츠를 가져오는 중...
2025-08-24 01:11:24,546 - INFO - [scripts.adrule.logic.scraper] - 데이터 파싱 중...
2025-08-24 01:11:24,611 - INFO - [scripts.adrule.logic.scraper] - 유형 1: 정형화된 법령 구조 감지
2025-08-24 01:11:24,660 - INFO - [scripts.adrule.logic.scraper] - 데이터 1건을 '/Users/woong/Roeum/roeum-crawler/data/raw/adrule/1492000/고령자인재은행 및 중견전문인력 고용지원센터 운영규정_document.jsonl' 파일로 성공적으로 저장했습니다.
2025-08-24 01:11:24,660 - INFO - [scripts.adrule.logic.scraper] - 데이터 27건을 '/Users/woong/Roeum/roeum-crawler/data/raw/adrule/1492000/고령자인재은행 및 중견전문인력 고용지원센터 운영규정_chunks.jsonl' 파일로 성공적으로 저장했습니다.
2025-08-24 01:11:24,685 - INFO - [__main__] - 상세 페이지 스크레이퍼 완료: 고령자인재은행 및 중견전문인력 고용지원센터 운영규정
2025-08-24 01:11:26,173 - INFO - [__main__] - 상세 페이지 스크레이퍼 실행: https://www.law.go.kr/admRulInfoP.do?admRulSeq=2100000261300
2025-08-24 01:11:26,598 - INFO - [scripts.adrule.logic.scraper] - 페이지로 이동 중: https://www.law.go.kr/admRulInfoP.do?admRulSeq=2100000261300
2025-08-24 01:11:27,190 - INFO - [scripts.adrule.logic.scraper] - 로딩 마스크가 나타나기를 기다리는 중...
2025-08-24 01:11:27,214 - INFO - [scripts.adrule.logic.scraper] - 로딩 마스크가 사라지기를 기다리는 중...
2025-08-24 01:11:27,402 - INFO - [scripts.adrule.logic.scraper] - 페이지 최종 렌더링을 잠시 대기합니다...
2025-08-24 01:11:28,407 - INFO - [scripts.adrule.logic.scraper] - 페이지 HTML 컨텐츠를 가져오는 중...
2025-08-24 01:11:28,431 - INFO - [scripts.adrule.logic.scraper] - 데이터 파싱 중...
2025-08-24 01:11:28,501 - INFO - [scripts.adrule.logic.scraper] - 유형 1: 정형화된 법령 구조 감지
2025-08-24 01:11:28,549 - INFO - [scripts.adrule.logic.scraper] - 데이터 1건을 '/Users/woong/Roeum/roeum-crawler/data/raw/adrule/1492000/고용노동관계법 위반자에 대한 과태료 부과·징수 업무에 관한 예규_document.jsonl' 파일로 성공적으로 저장했습니다.
2025-08-24 01:11:28,550 - INFO - [scripts.adrule.logic.scraper] - 데이터 21건을 '/Users/woong/Roeum/roeum-crawler/data/raw/adrule/1492000/고용노동관계법 위반자에 대한 과태료 부과·징수 업무에 관한 예규_chunks.jsonl' 파일로 성공적으로 저장했습니다.
2025-08-24 01:11:28,571 - INFO - [__main__] - 상세 페이지 스크레이퍼 완료: 고용노동관계법 위반자에 대한 과태료 부과·징수 업무에 관한 예규
2025-08-24 01:11:30,043 - INFO - [__main__] - 상세 페이지 스크레이퍼 실행: https://www.law.go.kr/admRulInfoP.do?admRulSeq=2000000017617
2025-08-24 01:11:30,405 - INFO - [scripts.adrule.logic.scraper] - 페이지로 이동 중: https://www.law.go.kr/admRulInfoP.do?admRulSeq=2000000017617
2025-08-24 01:11:31,035 - INFO - [scripts.adrule.logic.scraper] - 로딩 마스크가 나타나기를 기다리는 중...
2025-08-24 01:11:31,056 - INFO - [scripts.adrule.logic.scraper] - 로딩 마스크가 사라지기를 기다리는 중...
2025-08-24 01:11:31,238 - INFO - [scripts.adrule.logic.scraper] - 페이지 최종 렌더링을 잠시 대기합니다...
2025-08-24 01:11:32,241 - INFO - [scripts.adrule.logic.scraper] - 페이지 HTML 컨텐츠를 가져오는 중...
2025-08-24 01:11:32,260 - INFO - [scripts.adrule.logic.scraper] - 데이터 파싱 중...
2025-08-24 01:11:32,317 - INFO - [scripts.adrule.logic.scraper] - 유형 1: 정형화된 법령 구조 감지
2025-08-24 01:11:32,333 - INFO - [scripts.adrule.logic.scraper] - 데이터 1건을 '/Users/woong/Roeum/roeum-crawler/data/raw/adrule/1492000/고용노동관 업무처리지침_document.jsonl' 파일로 성공적으로 저장했습니다.
2025-08-24 01:11:32,333 - INFO - [scripts.adrule.logic.scraper] - 데이터 22건을 '/Users/woong/Roeum/roeum-crawler/data/raw/adrule/1492000/고용노동관 업무처리지침_chunks.jsonl' 파일로 성공적으로 저장했습니다.
2025-08-24 01:11:32,353 - INFO - [__main__] - 상세 페이지 스크레이퍼 완료: 고용노동관 업무처리지침
2025-08-24 01:11:33,824 - INFO - [__main__] - 상세 페이지 스크레이퍼 실행: https://www.law.go.kr/admRulInfoP.do?admRulSeq=2100000215557
2025-08-24 01:11:34,175 - INFO - [scripts.adrule.logic.scraper] - 페이지로 이동 중: https://www.law.go.kr/admRulInfoP.do?admRulSeq=2100000215557
2025-08-24 01:11:34,750 - INFO - [scripts.adrule.logic.scraper] - 로딩 마스크가 나타나기를 기다리는 중...
2025-08-24 01:11:34,771 - INFO - [scripts.adrule.logic.scraper] - 로딩 마스크가 사라지기를 기다리는 중...
2025-08-24 01:11:34,862 - INFO - [scripts.adrule.logic.scraper] - 페이지 최종 렌더링을 잠시 대기합니다...
2025-08-24 01:11:35,865 - INFO - [scripts.adrule.logic.scraper] - 페이지 HTML 컨텐츠를 가져오는 중...
2025-08-24 01:11:35,881 - INFO - [scripts.adrule.logic.scraper] - 데이터 파싱 중...
2025-08-24 01:11:35,934 - INFO - [scripts.adrule.logic.scraper] - 유형 1: 정형화된 법령 구조 감지
2025-08-24 01:11:35,944 - INFO - [scripts.adrule.logic.scraper] - 데이터 1건을 '/Users/woong/Roeum/roeum-crawler/data/raw/adrule/1492000/고용노동부 2030 자문단 설치 및 운영에 관한 규정_document.jsonl' 파일로 성공적으로 저장했습니다.
2025-08-24 01:11:35,945 - INFO - [scripts.adrule.logic.scraper] - 데이터 12건을 '/Users/woong/Roeum/roeum-crawler/data/raw/adrule/1492000/고용노동부 2030 자문단 설치 및 운영에 관한 규정_chunks.jsonl' 파일로 성공적으로 저장했습니다.
2025-08-24 01:11:35,965 - INFO - [__main__] - 상세 페이지 스크레이퍼 완료: 고용노동부 2030 자문단 설치 및 운영에 관한 규정
2025-08-24 01:11:37,451 - INFO - [__main__] - 상세 페이지 스크레이퍼 실행: https://www.law.go.kr/admRulInfoP.do?admRulSeq=2100000182989
2025-08-24 01:11:37,810 - INFO - [scripts.adrule.logic.scraper] - 페이지로 이동 중: https://www.law.go.kr/admRulInfoP.do?admRulSeq=2100000182989
2025-08-24 01:11:38,417 - INFO - [scripts.adrule.logic.scraper] - 로딩 마스크가 나타나기를 기다리는 중...
2025-08-24 01:11:38,442 - INFO - [scripts.adrule.logic.scraper] - 로딩 마스크가 사라지기를 기다리는 중...
2025-08-24 01:11:38,542 - INFO - [scripts.adrule.logic.scraper] - 페이지 최종 렌더링을 잠시 대기합니다...
2025-08-24 01:11:39,545 - INFO - [scripts.adrule.logic.scraper] - 페이지 HTML 컨텐츠를 가져오는 중...
2025-08-24 01:11:39,572 - INFO - [scripts.adrule.logic.scraper] - 데이터 파싱 중...
2025-08-24 01:11:39,646 - INFO - [scripts.adrule.logic.scraper] - 유형 1: 정형화된 법령 구조 감지
2025-08-24 01:11:39,659 - INFO - [scripts.adrule.logic.scraper] - 데이터 1건을 '/Users/woong/Roeum/roeum-crawler/data/raw/adrule/1492000/고용노동부 갈등관리 운영규정_document.jsonl' 파일로 성공적으로 저장했습니다.
2025-08-24 01:11:39,659 - INFO - [scripts.adrule.logic.scraper] - 데이터 16건을 '/Users/woong/Roeum/roeum-crawler/data/raw/adrule/1492000/고용노동부 갈등관리 운영규정_chunks.jsonl' 파일로 성공적으로 저장했습니다.
2025-08-24 01:11:39,696 - INFO - [__main__] - 상세 페이지 스크레이퍼 완료: 고용노동부 갈등관리 운영규정
2025-08-24 01:11:41,199 - INFO - [__main__] - 상세 페이지 스크레이퍼 실행: https://www.law.go.kr/admRulInfoP.do?admRulSeq=2100000252674
2025-08-24 01:11:41,566 - INFO - [scripts.adrule.logic.scraper] - 페이지로 이동 중: https://www.law.go.kr/admRulInfoP.do?admRulSeq=2100000252674
2025-08-24 01:11:42,174 - INFO - [scripts.adrule.logic.scraper] - 로딩 마스크가 나타나기를 기다리는 중...
2025-08-24 01:11:42,194 - INFO - [scripts.adrule.logic.scraper] - 로딩 마스크가 사라지기를 기다리는 중...
2025-08-24 01:11:42,431 - INFO - [scripts.adrule.logic.scraper] - 페이지 최종 렌더링을 잠시 대기합니다...
2025-08-24 01:11:43,433 - INFO - [scripts.adrule.logic.scraper] - 페이지 HTML 컨텐츠를 가져오는 중...
2025-08-24 01:11:43,461 - INFO - [scripts.adrule.logic.scraper] - 데이터 파싱 중...
2025-08-24 01:11:43,561 - INFO - [scripts.adrule.logic.scraper] - 유형 1: 정형화된 법령 구조 감지
2025-08-24 01:11:43,601 - INFO - [scripts.adrule.logic.scraper] - 데이터 1건을 '/Users/woong/Roeum/roeum-crawler/data/raw/adrule/1492000/고용노동부 감사규정_document.jsonl' 파일로 성공적으로 저장했습니다.
2025-08-24 01:11:43,602 - INFO - [scripts.adrule.logic.scraper] - 데이터 49건을 '/Users/woong/Roeum/roeum-crawler/data/raw/adrule/1492000/고용노동부 감사규정_chunks.jsonl' 파일로 성공적으로 저장했습니다.
2025-08-24 01:11:43,623 - INFO - [__main__] - 상세 페이지 스크레이퍼 완료: 고용노동부 감사규정
2025-08-24 01:11:45,093 - INFO - [__main__] - 상세 페이지 스크레이퍼 실행: https://www.law.go.kr/admRulInfoP.do?admRulSeq=2100000239678
2025-08-24 01:11:45,457 - INFO - [scripts.adrule.logic.scraper] - 페이지로 이동 중: https://www.law.go.kr/admRulInfoP.do?admRulSeq=2100000239678
2025-08-24 01:11:46,018 - INFO - [scripts.adrule.logic.scraper] - 로딩 마스크가 나타나기를 기다리는 중...
2025-08-24 01:11:46,038 - INFO - [scripts.adrule.logic.scraper] - 로딩 마스크가 사라지기를 기다리는 중...
2025-08-24 01:11:46,220 - INFO - [scripts.adrule.logic.scraper] - 페이지 최종 렌더링을 잠시 대기합니다...
2025-08-24 01:11:47,224 - INFO - [scripts.adrule.logic.scraper] - 페이지 HTML 컨텐츠를 가져오는 중...
2025-08-24 01:11:47,254 - INFO - [scripts.adrule.logic.scraper] - 데이터 파싱 중...
2025-08-24 01:11:47,366 - INFO - [scripts.adrule.logic.scraper] - 유형 1: 정형화된 법령 구조 감지
2025-08-24 01:11:47,416 - INFO - [scripts.adrule.logic.scraper] - 데이터 1건을 '/Users/woong/Roeum/roeum-crawler/data/raw/adrule/1492000/고용노동부 개인정보 보호지침_document.jsonl' 파일로 성공적으로 저장했습니다.
2025-08-24 01:11:47,417 - INFO - [scripts.adrule.logic.scraper] - 데이터 69건을 '/Users/woong/Roeum/roeum-crawler/data/raw/adrule/1492000/고용노동부 개인정보 보호지침_chunks.jsonl' 파일로 성공적으로 저장했습니다.
2025-08-24 01:11:47,437 - INFO - [__main__] - 상세 페이지 스크레이퍼 완료: 고용노동부 개인정보 보호지침
2025-08-24 01:11:48,907 - INFO - [__main__] - 상세 페이지 스크레이퍼 실행: https://www.law.go.kr/admRulInfoP.do?admRulSeq=2100000250460
2025-08-24 01:11:49,259 - INFO - [scripts.adrule.logic.scraper] - 페이지로 이동 중: https://www.law.go.kr/admRulInfoP.do?admRulSeq=2100000250460
2025-08-24 01:11:49,840 - INFO - [scripts.adrule.logic.scraper] - 로딩 마스크가 나타나기를 기다리는 중...
2025-08-24 01:11:49,860 - INFO - [scripts.adrule.logic.scraper] - 로딩 마스크가 사라지기를 기다리는 중...
2025-08-24 01:11:50,053 - INFO - [scripts.adrule.logic.scraper] - 페이지 최종 렌더링을 잠시 대기합니다...
2025-08-24 01:11:51,057 - INFO - [scripts.adrule.logic.scraper] - 페이지 HTML 컨텐츠를 가져오는 중...
2025-08-24 01:11:51,083 - INFO - [scripts.adrule.logic.scraper] - 데이터 파싱 중...
2025-08-24 01:11:51,157 - INFO - [scripts.adrule.logic.scraper] - 유형 1: 정형화된 법령 구조 감지
2025-08-24 01:11:51,206 - INFO - [scripts.adrule.logic.scraper] - 데이터 1건을 '/Users/woong/Roeum/roeum-crawler/data/raw/adrule/1492000/고용노동부고객상담센터 기본운영규정_document.jsonl' 파일로 성공적으로 저장했습니다.
2025-08-24 01:11:51,207 - INFO - [scripts.adrule.logic.scraper] - 데이터 57건을 '/Users/woong/Roeum/roeum-crawler/data/raw/adrule/1492000/고용노동부고객상담센터 기본운영규정_chunks.jsonl' 파일로 성공적으로 저장했습니다.
2025-08-24 01:11:51,228 - INFO - [__main__] - 상세 페이지 스크레이퍼 완료: 고용노동부고객상담센터 기본운영규정
2025-08-24 01:11:52,699 - INFO - [__main__] - 상세 페이지 스크레이퍼 실행: https://www.law.go.kr/admRulInfoP.do?admRulSeq=2100000210067
2025-08-24 01:11:53,056 - INFO - [scripts.adrule.logic.scraper] - 페이지로 이동 중: https://www.law.go.kr/admRulInfoP.do?admRulSeq=2100000210067
2025-08-24 01:11:53,832 - INFO - [scripts.adrule.logic.scraper] - 로딩 마스크가 나타나기를 기다리는 중...
2025-08-24 01:11:53,851 - INFO - [scripts.adrule.logic.scraper] - 로딩 마스크가 사라지기를 기다리는 중...
2025-08-24 01:11:53,931 - INFO - [scripts.adrule.logic.scraper] - 페이지 최종 렌더링을 잠시 대기합니다...
2025-08-24 01:11:54,935 - INFO - [scripts.adrule.logic.scraper] - 페이지 HTML 컨텐츠를 가져오는 중...
2025-08-24 01:11:54,952 - INFO - [scripts.adrule.logic.scraper] - 데이터 파싱 중...
2025-08-24 01:11:55,006 - INFO - [scripts.adrule.logic.scraper] - 유형 1: 정형화된 법령 구조 감지
2025-08-24 01:11:55,017 - INFO - [scripts.adrule.logic.scraper] - 데이터 1건을 '/Users/woong/Roeum/roeum-crawler/data/raw/adrule/1492000/고용노동부고객상담센터 위임전결규정_document.jsonl' 파일로 성공적으로 저장했습니다.
2025-08-24 01:11:55,018 - INFO - [scripts.adrule.logic.scraper] - 데이터 10건을 '/Users/woong/Roeum/roeum-crawler/data/raw/adrule/1492000/고용노동부고객상담센터 위임전결규정_chunks.jsonl' 파일로 성공적으로 저장했습니다.
2025-08-24 01:11:55,039 - INFO - [__main__] - 상세 페이지 스크레이퍼 완료: 고용노동부고객상담센터 위임전결규정
2025-08-24 01:11:56,509 - INFO - [__main__] - 상세 페이지 스크레이퍼 실행: https://www.law.go.kr/admRulInfoP.do?admRulSeq=2100000222744
2025-08-24 01:11:56,856 - INFO - [scripts.adrule.logic.scraper] - 페이지로 이동 중: https://www.law.go.kr/admRulInfoP.do?admRulSeq=2100000222744
2025-08-24 01:11:57,533 - INFO - [scripts.adrule.logic.scraper] - 로딩 마스크가 나타나기를 기다리는 중...
2025-08-24 01:11:57,552 - INFO - [scripts.adrule.logic.scraper] - 로딩 마스크가 사라지기를 기다리는 중...
2025-08-24 01:11:57,732 - INFO - [scripts.adrule.logic.scraper] - 페이지 최종 렌더링을 잠시 대기합니다...
2025-08-24 01:11:58,736 - INFO - [scripts.adrule.logic.scraper] - 페이지 HTML 컨텐츠를 가져오는 중...
2025-08-24 01:11:58,756 - INFO - [scripts.adrule.logic.scraper] - 데이터 파싱 중...
2025-08-24 01:11:58,813 - INFO - [scripts.adrule.logic.scraper] - 유형 1: 정형화된 법령 구조 감지
2025-08-24 01:11:58,828 - INFO - [scripts.adrule.logic.scraper] - 데이터 1건을 '/Users/woong/Roeum/roeum-crawler/data/raw/adrule/1492000/고용노동부 고객지원실 운영규정_document.jsonl' 파일로 성공적으로 저장했습니다.
2025-08-24 01:11:58,828 - INFO - [scripts.adrule.logic.scraper] - 데이터 18건을 '/Users/woong/Roeum/roeum-crawler/data/raw/adrule/1492000/고용노동부 고객지원실 운영규정_chunks.jsonl' 파일로 성공적으로 저장했습니다.
2025-08-24 01:11:58,849 - INFO - [__main__] - 상세 페이지 스크레이퍼 완료: 고용노동부 고객지원실 운영규정
2025-08-24 01:12:00,319 - INFO - [__main__] - 상세 페이지 스크레이퍼 실행: https://www.law.go.kr/admRulInfoP.do?admRulSeq=2100000211064
2025-08-24 01:12:00,678 - INFO - [scripts.adrule.logic.scraper] - 페이지로 이동 중: https://www.law.go.kr/admRulInfoP.do?admRulSeq=2100000211064
2025-08-24 01:12:01,219 - INFO - [scripts.adrule.logic.scraper] - 로딩 마스크가 나타나기를 기다리는 중...
2025-08-24 01:12:01,243 - INFO - [scripts.adrule.logic.scraper] - 로딩 마스크가 사라지기를 기다리는 중...
2025-08-24 01:12:01,327 - INFO - [scripts.adrule.logic.scraper] - 페이지 최종 렌더링을 잠시 대기합니다...
2025-08-24 01:12:02,331 - INFO - [scripts.adrule.logic.scraper] - 페이지 HTML 컨텐츠를 가져오는 중...
2025-08-24 01:12:02,348 - INFO - [scripts.adrule.logic.scraper] - 데이터 파싱 중...
2025-08-24 01:12:02,406 - INFO - [scripts.adrule.logic.scraper] - 유형 1: 정형화된 법령 구조 감지
2025-08-24 01:12:02,419 - INFO - [scripts.adrule.logic.scraper] - 데이터 1건을 '/Users/woong/Roeum/roeum-crawler/data/raw/adrule/1492000/고용노동부 고용장려금 운영에 관한 규정_document.jsonl' 파일로 성공적으로 저장했습니다.
2025-08-24 01:12:02,420 - INFO - [scripts.adrule.logic.scraper] - 데이터 16건을 '/Users/woong/Roeum/roeum-crawler/data/raw/adrule/1492000/고용노동부 고용장려금 운영에 관한 규정_chunks.jsonl' 파일로 성공적으로 저장했습니다.
2025-08-24 01:12:02,441 - INFO - [__main__] - 상세 페이지 스크레이퍼 완료: 고용노동부 고용장려금 운영에 관한 규정
2025-08-24 01:12:03,965 - INFO - [__main__] - 상세 페이지 스크레이퍼 실행: https://www.law.go.kr/admRulInfoP.do?admRulSeq=2000000017616
2025-08-24 01:12:04,349 - INFO - [scripts.adrule.logic.scraper] - 페이지로 이동 중: https://www.law.go.kr/admRulInfoP.do?admRulSeq=2000000017616
2025-08-24 01:12:04,903 - INFO - [scripts.adrule.logic.scraper] - 로딩 마스크가 나타나기를 기다리는 중...
2025-08-24 01:12:04,924 - INFO - [scripts.adrule.logic.scraper] - 로딩 마스크가 사라지기를 기다리는 중...
2025-08-24 01:12:05,006 - INFO - [scripts.adrule.logic.scraper] - 페이지 최종 렌더링을 잠시 대기합니다...
2025-08-24 01:12:06,009 - INFO - [scripts.adrule.logic.scraper] - 페이지 HTML 컨텐츠를 가져오는 중...
2025-08-24 01:12:06,024 - INFO - [scripts.adrule.logic.scraper] - 데이터 파싱 중...
2025-08-24 01:12:06,073 - INFO - [scripts.adrule.logic.scraper] - 유형 1: 정형화된 법령 구조 감지
2025-08-24 01:12:06,079 - INFO - [scripts.adrule.logic.scraper] - 데이터 1건을 '/Users/woong/Roeum/roeum-crawler/data/raw/adrule/1492000/고용노동부 공무원의 국제기구 파견에 관한 지침_document.jsonl' 파일로 성공적으로 저장했습니다.
2025-08-24 01:12:06,079 - INFO - [scripts.adrule.logic.scraper] - 데이터 5건을 '/Users/woong/Roeum/roeum-crawler/data/raw/adrule/1492000/고용노동부 공무원의 국제기구 파견에 관한 지침_chunks.jsonl' 파일로 성공적으로 저장했습니다.
2025-08-24 01:12:06,101 - INFO - [__main__] - 상세 페이지 스크레이퍼 완료: 고용노동부 공무원의 국제기구 파견에 관한 지침
2025-08-24 01:12:07,586 - INFO - [__main__] - 상세 페이지 스크레이퍼 실행: https://www.law.go.kr/admRulInfoP.do?admRulSeq=2100000259170
2025-08-24 01:12:07,945 - INFO - [scripts.adrule.logic.scraper] - 페이지로 이동 중: https://www.law.go.kr/admRulInfoP.do?admRulSeq=2100000259170
2025-08-24 01:12:08,534 - INFO - [scripts.adrule.logic.scraper] - 로딩 마스크가 나타나기를 기다리는 중...
2025-08-24 01:12:08,553 - INFO - [scripts.adrule.logic.scraper] - 로딩 마스크가 사라지기를 기다리는 중...
2025-08-24 01:12:08,735 - INFO - [scripts.adrule.logic.scraper] - 페이지 최종 렌더링을 잠시 대기합니다...
2025-08-24 01:12:09,737 - INFO - [scripts.adrule.logic.scraper] - 페이지 HTML 컨텐츠를 가져오는 중...
2025-08-24 01:12:09,751 - INFO - [scripts.adrule.logic.scraper] - 데이터 파싱 중...
2025-08-24 01:12:09,805 - INFO - [scripts.adrule.logic.scraper] - 유형 1: 정형화된 법령 구조 감지
2025-08-24 01:12:09,855 - INFO - [scripts.adrule.logic.scraper] - 데이터 1건을 '/Users/woong/Roeum/roeum-crawler/data/raw/adrule/1492000/고용노동부 공무원 정원배정표_document.jsonl' 파일로 성공적으로 저장했습니다.
2025-08-24 01:12:09,856 - INFO - [scripts.adrule.logic.scraper] - 데이터 6건을 '/Users/woong/Roeum/roeum-crawler/data/raw/adrule/1492000/고용노동부 공무원 정원배정표_chunks.jsonl' 파일로 성공적으로 저장했습니다.
2025-08-24 01:12:09,882 - INFO - [__main__] - 상세 페이지 스크레이퍼 완료: 고용노동부 공무원 정원배정표
2025-08-24 01:12:11,373 - INFO - [__main__] - 상세 페이지 스크레이퍼 실행: https://www.law.go.kr/admRulInfoP.do?admRulSeq=2100000237204
2025-08-24 01:12:11,756 - INFO - [scripts.adrule.logic.scraper] - 페이지로 이동 중: https://www.law.go.kr/admRulInfoP.do?admRulSeq=2100000237204
2025-08-24 01:12:12,359 - INFO - [scripts.adrule.logic.scraper] - 로딩 마스크가 나타나기를 기다리는 중...
2025-08-24 01:12:12,381 - INFO - [scripts.adrule.logic.scraper] - 로딩 마스크가 사라지기를 기다리는 중...
2025-08-24 01:12:12,572 - INFO - [scripts.adrule.logic.scraper] - 페이지 최종 렌더링을 잠시 대기합니다...
2025-08-24 01:12:13,575 - INFO - [scripts.adrule.logic.scraper] - 페이지 HTML 컨텐츠를 가져오는 중...
2025-08-24 01:12:13,601 - INFO - [scripts.adrule.logic.scraper] - 데이터 파싱 중...
2025-08-24 01:12:13,697 - INFO - [scripts.adrule.logic.scraper] - 유형 1: 정형화된 법령 구조 감지
2025-08-24 01:12:13,733 - INFO - [scripts.adrule.logic.scraper] - 데이터 1건을 '/Users/woong/Roeum/roeum-crawler/data/raw/adrule/1492000/고용노동부 공무원 행동강령_document.jsonl' 파일로 성공적으로 저장했습니다.
2025-08-24 01:12:13,734 - INFO - [scripts.adrule.logic.scraper] - 데이터 41건을 '/Users/woong/Roeum/roeum-crawler/data/raw/adrule/1492000/고용노동부 공무원 행동강령_chunks.jsonl' 파일로 성공적으로 저장했습니다.
2025-08-24 01:12:13,755 - INFO - [__main__] - 상세 페이지 스크레이퍼 완료: 고용노동부 공무원 행동강령
2025-08-24 01:12:15,226 - INFO - [__main__] - 상세 페이지 스크레이퍼 실행: https://www.law.go.kr/admRulInfoP.do?admRulSeq=2100000217135
2025-08-24 01:12:15,591 - INFO - [scripts.adrule.logic.scraper] - 페이지로 이동 중: https://www.law.go.kr/admRulInfoP.do?admRulSeq=2100000217135
2025-08-24 01:12:16,144 - INFO - [scripts.adrule.logic.scraper] - 로딩 마스크가 나타나기를 기다리는 중...
2025-08-24 01:12:16,165 - INFO - [scripts.adrule.logic.scraper] - 로딩 마스크가 사라지기를 기다리는 중...
2025-08-24 01:12:16,363 - INFO - [scripts.adrule.logic.scraper] - 페이지 최종 렌더링을 잠시 대기합니다...
2025-08-24 01:12:17,367 - INFO - [scripts.adrule.logic.scraper] - 페이지 HTML 컨텐츠를 가져오는 중...
2025-08-24 01:12:17,400 - INFO - [scripts.adrule.logic.scraper] - 데이터 파싱 중...
2025-08-24 01:12:17,514 - INFO - [scripts.adrule.logic.scraper] - 유형 1: 정형화된 법령 구조 감지
2025-08-24 01:12:17,574 - INFO - [scripts.adrule.logic.scraper] - 데이터 1건을 '/Users/woong/Roeum/roeum-crawler/data/raw/adrule/1492000/고용노동부 공무직근로자 운영규정_document.jsonl' 파일로 성공적으로 저장했습니다.
2025-08-24 01:12:17,574 - INFO - [scripts.adrule.logic.scraper] - 데이터 92건을 '/Users/woong/Roeum/roeum-crawler/data/raw/adrule/1492000/고용노동부 공무직근로자 운영규정_chunks.jsonl' 파일로 성공적으로 저장했습니다.
2025-08-24 01:12:17,597 - INFO - [__main__] - 상세 페이지 스크레이퍼 완료: 고용노동부 공무직근로자 운영규정
2025-08-24 01:12:19,104 - INFO - [__main__] - 상세 페이지 스크레이퍼 실행: https://www.law.go.kr/admRulInfoP.do?admRulSeq=2100000234738
2025-08-24 01:12:19,476 - INFO - [scripts.adrule.logic.scraper] - 페이지로 이동 중: https://www.law.go.kr/admRulInfoP.do?admRulSeq=2100000234738
2025-08-24 01:12:20,046 - INFO - [scripts.adrule.logic.scraper] - 로딩 마스크가 나타나기를 기다리는 중...
2025-08-24 01:12:20,068 - INFO - [scripts.adrule.logic.scraper] - 로딩 마스크가 사라지기를 기다리는 중...
2025-08-24 01:12:20,250 - INFO - [scripts.adrule.logic.scraper] - 페이지 최종 렌더링을 잠시 대기합니다...
2025-08-24 01:12:21,252 - INFO - [scripts.adrule.logic.scraper] - 페이지 HTML 컨텐츠를 가져오는 중...
2025-08-24 01:12:21,275 - INFO - [scripts.adrule.logic.scraper] - 데이터 파싱 중...
2025-08-24 01:12:21,341 - INFO - [scripts.adrule.logic.scraper] - 유형 1: 정형화된 법령 구조 감지
2025-08-24 01:12:21,381 - INFO - [scripts.adrule.logic.scraper] - 데이터 1건을 '/Users/woong/Roeum/roeum-crawler/data/raw/adrule/1492000/고용노동부 공사감독 업무규정_document.jsonl' 파일로 성공적으로 저장했습니다.
2025-08-24 01:12:21,381 - INFO - [scripts.adrule.logic.scraper] - 데이터 19건을 '/Users/woong/Roeum/roeum-crawler/data/raw/adrule/1492000/고용노동부 공사감독 업무규정_chunks.jsonl' 파일로 성공적으로 저장했습니다.
2025-08-24 01:12:21,405 - INFO - [__main__] - 상세 페이지 스크레이퍼 완료: 고용노동부 공사감독 업무규정
2025-08-24 01:12:22,903 - INFO - [__main__] - 상세 페이지 스크레이퍼 실행: https://www.law.go.kr/admRulInfoP.do?admRulSeq=2100000211590
2025-08-24 01:12:23,272 - INFO - [scripts.adrule.logic.scraper] - 페이지로 이동 중: https://www.law.go.kr/admRulInfoP.do?admRulSeq=2100000211590
2025-08-24 01:12:23,783 - INFO - [scripts.adrule.logic.scraper] - 로딩 마스크가 나타나기를 기다리는 중...
2025-08-24 01:12:23,804 - INFO - [scripts.adrule.logic.scraper] - 로딩 마스크가 사라지기를 기다리는 중...
2025-08-24 01:12:23,985 - INFO - [scripts.adrule.logic.scraper] - 페이지 최종 렌더링을 잠시 대기합니다...
2025-08-24 01:12:24,988 - INFO - [scripts.adrule.logic.scraper] - 페이지 HTML 컨텐츠를 가져오는 중...
2025-08-24 01:12:25,005 - INFO - [scripts.adrule.logic.scraper] - 데이터 파싱 중...
2025-08-24 01:12:25,064 - INFO - [scripts.adrule.logic.scraper] - 유형 1: 정형화된 법령 구조 감지
2025-08-24 01:12:25,083 - INFO - [scripts.adrule.logic.scraper] - 데이터 1건을 '/Users/woong/Roeum/roeum-crawler/data/raw/adrule/1492000/고용노동부 공직자의 이해충돌 방지제도 운영지침_document.jsonl' 파일로 성공적으로 저장했습니다.
2025-08-24 01:12:25,083 - INFO - [scripts.adrule.logic.scraper] - 데이터 19건을 '/Users/woong/Roeum/roeum-crawler/data/raw/adrule/1492000/고용노동부 공직자의 이해충돌 방지제도 운영지침_chunks.jsonl' 파일로 성공적으로 저장했습니다.
2025-08-24 01:12:25,127 - INFO - [__main__] - 상세 페이지 스크레이퍼 완료: 고용노동부 공직자의 이해충돌 방지제도 운영지침
2025-08-24 01:12:26,639 - INFO - [__main__] - 상세 페이지 스크레이퍼 실행: https://www.law.go.kr/admRulInfoP.do?admRulSeq=2100000234750
2025-08-24 01:12:27,012 - INFO - [scripts.adrule.logic.scraper] - 페이지로 이동 중: https://www.law.go.kr/admRulInfoP.do?admRulSeq=2100000234750
2025-08-24 01:12:27,606 - INFO - [scripts.adrule.logic.scraper] - 로딩 마스크가 나타나기를 기다리는 중...
2025-08-24 01:12:27,628 - INFO - [scripts.adrule.logic.scraper] - 로딩 마스크가 사라지기를 기다리는 중...
2025-08-24 01:12:27,816 - INFO - [scripts.adrule.logic.scraper] - 페이지 최종 렌더링을 잠시 대기합니다...
2025-08-24 01:12:28,820 - INFO - [scripts.adrule.logic.scraper] - 페이지 HTML 컨텐츠를 가져오는 중...
2025-08-24 01:12:28,841 - INFO - [scripts.adrule.logic.scraper] - 데이터 파싱 중...
2025-08-24 01:12:28,898 - INFO - [scripts.adrule.logic.scraper] - 유형 1: 정형화된 법령 구조 감지
2025-08-24 01:12:28,917 - INFO - [scripts.adrule.logic.scraper] - 데이터 1건을 '/Users/woong/Roeum/roeum-crawler/data/raw/adrule/1492000/고용노동부 관사의 운영 및 관리규정_document.jsonl' 파일로 성공적으로 저장했습니다.
2025-08-24 01:12:28,917 - INFO - [scripts.adrule.logic.scraper] - 데이터 20건을 '/Users/woong/Roeum/roeum-crawler/data/raw/adrule/1492000/고용노동부 관사의 운영 및 관리규정_chunks.jsonl' 파일로 성공적으로 저장했습니다.
2025-08-24 01:12:28,939 - INFO - [__main__] - 상세 페이지 스크레이퍼 완료: 고용노동부 관사의 운영 및 관리규정
2025-08-24 01:12:30,428 - INFO - [__main__] - 상세 페이지 스크레이퍼 실행: https://www.law.go.kr/admRulInfoP.do?admRulSeq=2100000217173
2025-08-24 01:12:30,802 - INFO - [scripts.adrule.logic.scraper] - 페이지로 이동 중: https://www.law.go.kr/admRulInfoP.do?admRulSeq=2100000217173
2025-08-24 01:12:31,396 - INFO - [scripts.adrule.logic.scraper] - 로딩 마스크가 나타나기를 기다리는 중...
2025-08-24 01:12:31,420 - INFO - [scripts.adrule.logic.scraper] - 로딩 마스크가 사라지기를 기다리는 중...
2025-08-24 01:12:31,507 - INFO - [scripts.adrule.logic.scraper] - 페이지 최종 렌더링을 잠시 대기합니다...
2025-08-24 01:12:32,511 - INFO - [scripts.adrule.logic.scraper] - 페이지 HTML 컨텐츠를 가져오는 중...
2025-08-24 01:12:32,529 - INFO - [scripts.adrule.logic.scraper] - 데이터 파싱 중...
2025-08-24 01:12:32,585 - INFO - [scripts.adrule.logic.scraper] - 유형 1: 정형화된 법령 구조 감지
2025-08-24 01:12:32,604 - INFO - [scripts.adrule.logic.scraper] - 데이터 1건을 '/Users/woong/Roeum/roeum-crawler/data/raw/adrule/1492000/고용노동부 국가정보자료관리세부시행규칙_document.jsonl' 파일로 성공적으로 저장했습니다.
2025-08-24 01:12:32,605 - INFO - [scripts.adrule.logic.scraper] - 데이터 16건을 '/Users/woong/Roeum/roeum-crawler/data/raw/adrule/1492000/고용노동부 국가정보자료관리세부시행규칙_chunks.jsonl' 파일로 성공적으로 저장했습니다.
2025-08-24 01:12:32,627 - INFO - [__main__] - 상세 페이지 스크레이퍼 완료: 고용노동부 국가정보자료관리세부시행규칙
2025-08-24 01:12:34,107 - INFO - [__main__] - 상세 페이지 스크레이퍼 실행: https://www.law.go.kr/admRulInfoP.do?admRulSeq=2100000227252
2025-08-24 01:12:34,452 - INFO - [scripts.adrule.logic.scraper] - 페이지로 이동 중: https://www.law.go.kr/admRulInfoP.do?admRulSeq=2100000227252
2025-08-24 01:12:34,995 - INFO - [scripts.adrule.logic.scraper] - 로딩 마스크가 나타나기를 기다리는 중...
2025-08-24 01:12:35,014 - INFO - [scripts.adrule.logic.scraper] - 로딩 마스크가 사라지기를 기다리는 중...
2025-08-24 01:12:35,095 - INFO - [scripts.adrule.logic.scraper] - 페이지 최종 렌더링을 잠시 대기합니다...
2025-08-24 01:12:36,097 - INFO - [scripts.adrule.logic.scraper] - 페이지 HTML 컨텐츠를 가져오는 중...
2025-08-24 01:12:36,110 - INFO - [scripts.adrule.logic.scraper] - 데이터 파싱 중...
2025-08-24 01:12:36,160 - INFO - [scripts.adrule.logic.scraper] - 유형 1: 정형화된 법령 구조 감지
2025-08-24 01:12:36,170 - INFO - [scripts.adrule.logic.scraper] - 데이터 1건을 '/Users/woong/Roeum/roeum-crawler/data/raw/adrule/1492000/고용노동부 국제고용노동정책에 관한 규정_document.jsonl' 파일로 성공적으로 저장했습니다.
2025-08-24 01:12:36,171 - INFO - [scripts.adrule.logic.scraper] - 데이터 8건을 '/Users/woong/Roeum/roeum-crawler/data/raw/adrule/1492000/고용노동부 국제고용노동정책에 관한 규정_chunks.jsonl' 파일로 성공적으로 저장했습니다.
2025-08-24 01:12:36,196 - INFO - [__main__] - 상세 페이지 스크레이퍼 완료: 고용노동부 국제고용노동정책에 관한 규정
2025-08-24 01:12:37,668 - INFO - [__main__] - 상세 페이지 스크레이퍼 실행: https://www.law.go.kr/admRulInfoP.do?admRulSeq=2100000241896
2025-08-24 01:12:38,023 - INFO - [scripts.adrule.logic.scraper] - 페이지로 이동 중: https://www.law.go.kr/admRulInfoP.do?admRulSeq=2100000241896
2025-08-24 01:12:38,609 - INFO - [scripts.adrule.logic.scraper] - 로딩 마스크가 나타나기를 기다리는 중...
2025-08-24 01:12:38,630 - INFO - [scripts.adrule.logic.scraper] - 로딩 마스크가 사라지기를 기다리는 중...
2025-08-24 01:12:38,916 - INFO - [scripts.adrule.logic.scraper] - 페이지 최종 렌더링을 잠시 대기합니다...
2025-08-24 01:12:39,918 - INFO - [scripts.adrule.logic.scraper] - 페이지 HTML 컨텐츠를 가져오는 중...
2025-08-24 01:12:39,931 - INFO - [scripts.adrule.logic.scraper] - 데이터 파싱 중...
2025-08-24 01:12:39,984 - INFO - [scripts.adrule.logic.scraper] - 유형 1: 정형화된 법령 구조 감지
2025-08-24 01:12:39,995 - INFO - [scripts.adrule.logic.scraper] - 데이터 1건을 '/Users/woong/Roeum/roeum-crawler/data/raw/adrule/1492000/고용노동부 규제심사위원회 운영규정_document.jsonl' 파일로 성공적으로 저장했습니다.
2025-08-24 01:12:39,995 - INFO - [scripts.adrule.logic.scraper] - 데이터 9건을 '/Users/woong/Roeum/roeum-crawler/data/raw/adrule/1492000/고용노동부 규제심사위원회 운영규정_chunks.jsonl' 파일로 성공적으로 저장했습니다.
2025-08-24 01:12:40,018 - INFO - [__main__] - 상세 페이지 스크레이퍼 완료: 고용노동부 규제심사위원회 운영규정
2025-08-24 01:12:41,518 - INFO - [__main__] - 상세 페이지 스크레이퍼 실행: https://www.law.go.kr/admRulInfoP.do?admRulSeq=2100000196292
2025-08-24 01:12:41,864 - INFO - [scripts.adrule.logic.scraper] - 페이지로 이동 중: https://www.law.go.kr/admRulInfoP.do?admRulSeq=2100000196292
2025-08-24 01:12:42,602 - INFO - [scripts.adrule.logic.scraper] - 로딩 마스크가 나타나기를 기다리는 중...
2025-08-24 01:12:42,623 - INFO - [scripts.adrule.logic.scraper] - 로딩 마스크가 사라지기를 기다리는 중...
2025-08-24 01:12:42,727 - INFO - [scripts.adrule.logic.scraper] - 페이지 최종 렌더링을 잠시 대기합니다...
2025-08-24 01:12:43,730 - INFO - [scripts.adrule.logic.scraper] - 페이지 HTML 컨텐츠를 가져오는 중...
2025-08-24 01:12:43,748 - INFO - [scripts.adrule.logic.scraper] - 데이터 파싱 중...
2025-08-24 01:12:43,816 - INFO - [scripts.adrule.logic.scraper] - 유형 1: 정형화된 법령 구조 감지
2025-08-24 01:12:43,861 - INFO - [scripts.adrule.logic.scraper] - 데이터 1건을 '/Users/woong/Roeum/roeum-crawler/data/raw/adrule/1492000/고용노동부 기간제근로자 운영규정_document.jsonl' 파일로 성공적으로 저장했습니다.
2025-08-24 01:12:43,861 - INFO - [scripts.adrule.logic.scraper] - 데이터 38건을 '/Users/woong/Roeum/roeum-crawler/data/raw/adrule/1492000/고용노동부 기간제근로자 운영규정_chunks.jsonl' 파일로 성공적으로 저장했습니다.
2025-08-24 01:12:43,882 - INFO - [__main__] - 상세 페이지 스크레이퍼 완료: 고용노동부 기간제근로자 운영규정
