2025-08-17 15:06:08,695 - INFO - [scripts.law.url_checker] - URL 유효성 검증 성공: https://www.law.go.kr/LSW/lsAstSc.do?tabMenuId=437&cptOfiCd=1492000
2025-08-17 15:06:09,189 - INFO - [scripts.law.list_scraper] - 목록 페이지로 이동 중: https://www.law.go.kr/LSW/lsAstSc.do?tabMenuId=437&cptOfiCd=1492000
2025-08-17 15:06:11,558 - INFO - [scripts.law.list_scraper] - 총 4 페이지를 확인했습니다.
2025-08-17 15:06:11,558 - INFO - [scripts.law.list_scraper] - --- 1 / 4 페이지 처리 중 ---
2025-08-17 15:06:11,595 - INFO - [scripts.law.list_scraper] -   - 발견: 가사근로자의 고용개선 등에 관한 법률
2025-08-17 15:06:11,598 - INFO - [scripts.law.list_scraper] -   - 발견: 가사근로자의 고용개선 등에 관한 법률 시행령
2025-08-17 15:06:11,602 - INFO - [scripts.law.list_scraper] -   - 발견: 가사근로자의 고용개선 등에 관한 법률 시행규칙
2025-08-17 15:06:11,606 - INFO - [scripts.law.list_scraper] -   - 발견: 건설근로자의 고용개선 등에 관한 법률
2025-08-17 15:06:11,610 - INFO - [scripts.law.list_scraper] -   - 발견: 건설근로자의 고용개선 등에 관한 법률 시행령
2025-08-17 15:06:11,614 - INFO - [scripts.law.list_scraper] -   - 발견: 건설근로자의 고용개선 등에 관한 법률 시행규칙
2025-08-17 15:06:11,618 - INFO - [scripts.law.list_scraper] -   - 발견: 경제사회노동위원회법
2025-08-17 15:06:11,623 - INFO - [scripts.law.list_scraper] -   - 발견: 경제사회노동위원회법 시행령
2025-08-17 15:06:11,626 - INFO - [scripts.law.list_scraper] -   - 발견: 고용노동부 소관 비상대비에 관한 법률 시행규칙
2025-08-17 15:06:11,631 - INFO - [scripts.law.list_scraper] -   - 발견: 고용노동부 소관 비영리법인의 설립 및 감독에 관한 규칙
2025-08-17 15:06:11,636 - INFO - [scripts.law.list_scraper] -   - 발견: 고용노동부와 그 소속기관 직제
2025-08-17 15:06:11,641 - INFO - [scripts.law.list_scraper] -   - 발견: 고용노동부와 그 소속기관 직제 시행규칙
2025-08-17 15:06:11,644 - INFO - [scripts.law.list_scraper] -   - 발견: 고용보험 및 산업재해보상보험의 보험료징수 등에 관한 법률
2025-08-17 15:06:11,647 - INFO - [scripts.law.list_scraper] -   - 발견: 고용보험 및 산업재해보상보험의 보험료징수 등에 관한 법률 시행령
2025-08-17 15:06:11,651 - INFO - [scripts.law.list_scraper] -   - 발견: 고용보험 및 산업재해보상보험의 보험료징수 등에 관한 법률 시행규칙
2025-08-17 15:06:11,654 - INFO - [scripts.law.list_scraper] -   - 발견: 고용보험법
2025-08-17 15:06:11,657 - INFO - [scripts.law.list_scraper] -   - 발견: 고용보험법 시행령
2025-08-17 15:06:11,662 - INFO - [scripts.law.list_scraper] -   - 발견: 고용보험법 시행규칙
2025-08-17 15:06:11,665 - INFO - [scripts.law.list_scraper] -   - 발견: 고용보험ㆍ산업재해보상보험의 보험관계 성립신고 등의 촉진을 위한 특별조치법
2025-08-17 15:06:11,670 - INFO - [scripts.law.list_scraper] -   - 발견: 고용상 연령차별금지 및 고령자고용촉진에 관한 법률
2025-08-17 15:06:11,673 - INFO - [scripts.law.list_scraper] -   - 발견: 고용상 연령차별금지 및 고령자고용촉진에 관한 법률 시행령
2025-08-17 15:06:11,678 - INFO - [scripts.law.list_scraper] -   - 발견: 고용상 연령차별금지 및 고령자고용촉진에 관한 법률 시행규칙
2025-08-17 15:06:11,682 - INFO - [scripts.law.list_scraper] -   - 발견: 고용정책 기본법
2025-08-17 15:06:11,685 - INFO - [scripts.law.list_scraper] -   - 발견: 고용정책 기본법 시행령
2025-08-17 15:06:11,688 - INFO - [scripts.law.list_scraper] -   - 발견: 고용정책 기본법 시행규칙
2025-08-17 15:06:11,691 - INFO - [scripts.law.list_scraper] -   - 발견: 공무원의 노동조합 설립 및 운영 등에 관한 법률
2025-08-17 15:06:11,696 - INFO - [scripts.law.list_scraper] -   - 발견: 공무원의 노동조합 설립 및 운영 등에 관한 법률 시행령
2025-08-17 15:06:11,698 - INFO - [scripts.law.list_scraper] -   - 발견: 공무원의 노동조합 설립 및 운영 등에 관한 법률 시행규칙
2025-08-17 15:06:11,702 - INFO - [scripts.law.list_scraper] -   - 발견: 공인노무사법
2025-08-17 15:06:11,707 - INFO - [scripts.law.list_scraper] -   - 발견: 공인노무사법 시행령
2025-08-17 15:06:11,710 - INFO - [scripts.law.list_scraper] -   - 발견: 공인노무사법 시행규칙
2025-08-17 15:06:11,714 - INFO - [scripts.law.list_scraper] -   - 발견: 공휴일에 관한 법률
2025-08-17 15:06:11,717 - INFO - [scripts.law.list_scraper] -   - 발견: 교원의 노동조합 설립 및 운영 등에 관한 법률
2025-08-17 15:06:11,720 - INFO - [scripts.law.list_scraper] -   - 발견: 교원의 노동조합 설립 및 운영 등에 관한 법률 시행령
2025-08-17 15:06:11,723 - INFO - [scripts.law.list_scraper] -   - 발견: 교원의 노동조합 설립 및 운영 등에 관한 법률 시행규칙
2025-08-17 15:06:11,727 - INFO - [scripts.law.list_scraper] -   - 발견: 구직자 취업촉진 및 생활안정지원에 관한 법률
2025-08-17 15:06:11,730 - INFO - [scripts.law.list_scraper] -   - 발견: 구직자 취업촉진 및 생활안정지원에 관한 법률 시행령
2025-08-17 15:06:11,734 - INFO - [scripts.law.list_scraper] -   - 발견: 구직자 취업촉진 및 생활안정지원에 관한 법률 시행규칙
2025-08-17 15:06:11,738 - INFO - [scripts.law.list_scraper] -   - 발견: 국가기술자격법
2025-08-17 15:06:11,742 - INFO - [scripts.law.list_scraper] -   - 발견: 국가기술자격법 시행령
2025-08-17 15:06:11,745 - INFO - [scripts.law.list_scraper] -   - 발견: 국가기술자격법 시행령
2025-08-17 15:06:11,748 - INFO - [scripts.law.list_scraper] -   - 발견: 국가기술자격법 시행령
2025-08-17 15:06:11,752 - INFO - [scripts.law.list_scraper] -   - 발견: 국가기술자격법 시행규칙
2025-08-17 15:06:11,755 - INFO - [scripts.law.list_scraper] -   - 발견: 국가기술자격법 시행규칙
2025-08-17 15:06:11,759 - INFO - [scripts.law.list_scraper] -   - 발견: 국가기술자격법 시행규칙
2025-08-17 15:06:11,762 - INFO - [scripts.law.list_scraper] -   - 발견: 국민 평생 직업능력 개발법
2025-08-17 15:06:11,765 - INFO - [scripts.law.list_scraper] -   - 발견: 국민 평생 직업능력 개발법 시행령
2025-08-17 15:06:11,769 - INFO - [scripts.law.list_scraper] -   - 발견: 국민 평생 직업능력 개발법 시행규칙
2025-08-17 15:06:11,773 - INFO - [scripts.law.list_scraper] -   - 발견: 국민 평생 직업능력 개발법 시행규칙
2025-08-17 15:06:11,776 - INFO - [scripts.law.list_scraper] -   - 발견: 근로감독관규정
2025-08-17 15:06:11,776 - INFO - [scripts.law.list_scraper] - --- 2 / 4 페이지 처리 중 ---
2025-08-17 15:06:11,776 - INFO - [scripts.law.list_scraper] - 2 페이지로 이동합니다...
2025-08-17 15:06:12,158 - INFO - [scripts.law.list_scraper] - 페이지 이동 완료.
2025-08-17 15:06:12,195 - INFO - [scripts.law.list_scraper] -   - 발견: 근로감독관증 규칙
2025-08-17 15:06:12,200 - INFO - [scripts.law.list_scraper] -   - 발견: 근로기준법
2025-08-17 15:06:12,209 - INFO - [scripts.law.list_scraper] -   - 발견: 근로기준법
2025-08-17 15:06:12,214 - INFO - [scripts.law.list_scraper] -   - 발견: 근로기준법 시행령
2025-08-17 15:06:12,218 - INFO - [scripts.law.list_scraper] -   - 발견: 근로기준법 시행령
2025-08-17 15:06:12,221 - INFO - [scripts.law.list_scraper] -   - 발견: 근로기준법 시행규칙
2025-08-17 15:06:12,225 - INFO - [scripts.law.list_scraper] -   - 발견: 근로복지기본법
2025-08-17 15:06:12,229 - INFO - [scripts.law.list_scraper] -   - 발견: 근로복지기본법 시행령
2025-08-17 15:06:12,232 - INFO - [scripts.law.list_scraper] -   - 발견: 근로복지기본법 시행규칙
2025-08-17 15:06:12,236 - INFO - [scripts.law.list_scraper] -   - 발견: 근로자의 날 제정에 관한 법률
2025-08-17 15:06:12,239 - INFO - [scripts.law.list_scraper] -   - 발견: 근로자참여 및 협력증진에 관한 법률
2025-08-17 15:06:12,242 - INFO - [scripts.law.list_scraper] -   - 발견: 근로자참여 및 협력증진에 관한 법률 시행령
2025-08-17 15:06:12,246 - INFO - [scripts.law.list_scraper] -   - 발견: 근로자참여 및 협력증진에 관한 법률 시행규칙
2025-08-17 15:06:12,249 - INFO - [scripts.law.list_scraper] -   - 발견: 근로자퇴직급여 보장법
2025-08-17 15:06:12,252 - INFO - [scripts.law.list_scraper] -   - 발견: 근로자퇴직급여 보장법 시행령
2025-08-17 15:06:12,256 - INFO - [scripts.law.list_scraper] -   - 발견: 근로자퇴직급여 보장법 시행규칙
2025-08-17 15:06:12,260 - INFO - [scripts.law.list_scraper] -   - 발견: 기간제 및 단시간근로자 보호 등에 관한 법률
2025-08-17 15:06:12,264 - INFO - [scripts.law.list_scraper] -   - 발견: 기간제 및 단시간근로자 보호 등에 관한 법률 시행령
2025-08-17 15:06:12,269 - INFO - [scripts.law.list_scraper] -   - 발견: 기간제 및 단시간근로자 보호 등에 관한 법률 시행규칙
2025-08-17 15:06:12,272 - INFO - [scripts.law.list_scraper] -   - 발견: 남녀고용평등과 일ㆍ가정 양립 지원에 관한 법률
2025-08-17 15:06:12,275 - INFO - [scripts.law.list_scraper] -   - 발견: 남녀고용평등과 일ㆍ가정 양립 지원에 관한 법률 시행령
2025-08-17 15:06:12,279 - INFO - [scripts.law.list_scraper] -   - 발견: 남녀고용평등과 일ㆍ가정 양립 지원에 관한 법률 시행규칙
2025-08-17 15:06:12,282 - INFO - [scripts.law.list_scraper] -   - 발견: 노동위원회법
2025-08-17 15:06:12,284 - INFO - [scripts.law.list_scraper] -   - 발견: 노동위원회법 시행령
2025-08-17 15:06:12,288 - INFO - [scripts.law.list_scraper] -   - 발견: 노동위원회법 시행규칙
2025-08-17 15:06:12,291 - INFO - [scripts.law.list_scraper] -   - 발견: 노동조합 및 노동관계조정법
2025-08-17 15:06:12,294 - INFO - [scripts.law.list_scraper] -   - 발견: 노동조합 및 노동관계조정법 시행령
2025-08-17 15:06:12,297 - INFO - [scripts.law.list_scraper] -   - 발견: 노동조합 및 노동관계조정법 시행규칙
2025-08-17 15:06:12,301 - INFO - [scripts.law.list_scraper] -   - 발견: 노사관계 발전 지원에 관한 법률
2025-08-17 15:06:12,304 - INFO - [scripts.law.list_scraper] -   - 발견: 노사관계 발전 지원에 관한 법률 시행령
2025-08-17 15:06:12,306 - INFO - [scripts.law.list_scraper] -   - 발견: 사회적기업 육성법
2025-08-17 15:06:12,310 - INFO - [scripts.law.list_scraper] -   - 발견: 사회적기업 육성법 시행령
2025-08-17 15:06:12,313 - INFO - [scripts.law.list_scraper] -   - 발견: 사회적기업 육성법 시행규칙
2025-08-17 15:06:12,316 - INFO - [scripts.law.list_scraper] -   - 발견: 산업안전보건기준에 관한 규칙
2025-08-17 15:06:12,319 - INFO - [scripts.law.list_scraper] -   - 발견: 산업안전보건법
2025-08-17 15:06:12,323 - INFO - [scripts.law.list_scraper] -   - 발견: 산업안전보건법 시행령
2025-08-17 15:06:12,326 - INFO - [scripts.law.list_scraper] -   - 발견: 산업안전보건법 시행령
2025-08-17 15:06:12,329 - INFO - [scripts.law.list_scraper] -   - 발견: 산업안전보건법 시행규칙
2025-08-17 15:06:12,332 - INFO - [scripts.law.list_scraper] -   - 발견: 산업안전보건법 시행규칙
2025-08-17 15:06:12,336 - INFO - [scripts.law.list_scraper] -   - 발견: 산업안전보건법 시행규칙
2025-08-17 15:06:12,338 - INFO - [scripts.law.list_scraper] -   - 발견: 산업재해보상보험법
2025-08-17 15:06:12,341 - INFO - [scripts.law.list_scraper] -   - 발견: 산업재해보상보험법 시행령
2025-08-17 15:06:12,345 - INFO - [scripts.law.list_scraper] -   - 발견: 산업재해보상보험법 시행규칙
2025-08-17 15:06:12,348 - INFO - [scripts.law.list_scraper] -   - 발견: 산업전환에 따른 고용안정 지원 등에 관한 법률
2025-08-17 15:06:12,351 - INFO - [scripts.law.list_scraper] -   - 발견: 산업전환에 따른 고용안정 지원 등에 관한 법률 시행령
2025-08-17 15:06:12,355 - INFO - [scripts.law.list_scraper] -   - 발견: 산업현장 일학습병행 지원에 관한 법률
2025-08-17 15:06:12,359 - INFO - [scripts.law.list_scraper] -   - 발견: 산업현장 일학습병행 지원에 관한 법률 시행령
2025-08-17 15:06:12,364 - INFO - [scripts.law.list_scraper] -   - 발견: 산업현장 일학습병행 지원에 관한 법률 시행규칙
2025-08-17 15:06:12,368 - INFO - [scripts.law.list_scraper] -   - 발견: 숙련기술장려법
2025-08-17 15:06:12,372 - INFO - [scripts.law.list_scraper] -   - 발견: 숙련기술장려법 시행령
2025-08-17 15:06:12,372 - INFO - [scripts.law.list_scraper] - --- 3 / 4 페이지 처리 중 ---
2025-08-17 15:06:12,372 - INFO - [scripts.law.list_scraper] - 3 페이지로 이동합니다...
2025-08-17 15:06:12,754 - INFO - [scripts.law.list_scraper] - 페이지 이동 완료.
2025-08-17 15:06:12,780 - INFO - [scripts.law.list_scraper] -   - 발견: 숙련기술장려법 시행규칙
2025-08-17 15:06:12,783 - INFO - [scripts.law.list_scraper] -   - 발견: 여성의 경제활동 실태조사 등에 관한 규칙
2025-08-17 15:06:12,787 - INFO - [scripts.law.list_scraper] -   - 발견: 여성의 경제활동 촉진과 경력단절 예방법
2025-08-17 15:06:12,790 - INFO - [scripts.law.list_scraper] -   - 발견: 여성의 경제활동 촉진과 경력단절 예방법 시행령
2025-08-17 15:06:12,794 - INFO - [scripts.law.list_scraper] -   - 발견: 여성의 경제활동 촉진과 경력단절 예방법 시행규칙
2025-08-17 15:06:12,798 - INFO - [scripts.law.list_scraper] -   - 발견: 외국인근로자의 고용 등에 관한 법률
2025-08-17 15:06:12,801 - INFO - [scripts.law.list_scraper] -   - 발견: 외국인근로자의 고용 등에 관한 법률 시행령
2025-08-17 15:06:12,804 - INFO - [scripts.law.list_scraper] -   - 발견: 외국인근로자의 고용 등에 관한 법률 시행규칙
2025-08-17 15:06:12,808 - INFO - [scripts.law.list_scraper] -   - 발견: 유해ㆍ위험작업의 취업 제한에 관한 규칙
2025-08-17 15:06:12,811 - INFO - [scripts.law.list_scraper] -   - 발견: 일자리위원회의 설치 및 운영에 관한 규정
2025-08-17 15:06:12,814 - INFO - [scripts.law.list_scraper] -   - 발견: 임금채권보장법
2025-08-17 15:06:12,817 - INFO - [scripts.law.list_scraper] -   - 발견: 임금채권보장법 시행령
2025-08-17 15:06:12,820 - INFO - [scripts.law.list_scraper] -   - 발견: 임금채권보장법 시행규칙
2025-08-17 15:06:12,823 - INFO - [scripts.law.list_scraper] -   - 발견: 자격기본법
2025-08-17 15:06:12,826 - INFO - [scripts.law.list_scraper] -   - 발견: 자격기본법 시행령
2025-08-17 15:06:12,830 - INFO - [scripts.law.list_scraper] -   - 발견: 자격기본법 시행규칙
2025-08-17 15:06:12,832 - INFO - [scripts.law.list_scraper] -   - 발견: 장애인고용촉진 및 직업재활법
2025-08-17 15:06:12,836 - INFO - [scripts.law.list_scraper] -   - 발견: 장애인고용촉진 및 직업재활법 시행령
2025-08-17 15:06:12,840 - INFO - [scripts.law.list_scraper] -   - 발견: 장애인고용촉진 및 직업재활법 시행규칙
2025-08-17 15:06:12,844 - INFO - [scripts.law.list_scraper] -   - 발견: 중대재해 처벌 등에 관한 법률
2025-08-17 15:06:12,850 - INFO - [scripts.law.list_scraper] -   - 발견: 중대재해 처벌 등에 관한 법률 시행령
2025-08-17 15:06:12,855 - INFO - [scripts.law.list_scraper] -   - 발견: 직업교육훈련 촉진법
2025-08-17 15:06:12,859 - INFO - [scripts.law.list_scraper] -   - 발견: 직업교육훈련 촉진법
2025-08-17 15:06:12,863 - INFO - [scripts.law.list_scraper] -   - 발견: 직업교육훈련 촉진법 시행령
2025-08-17 15:06:12,866 - INFO - [scripts.law.list_scraper] -   - 발견: 직업안정법
2025-08-17 15:06:12,870 - INFO - [scripts.law.list_scraper] -   - 발견: 직업안정법 시행령
2025-08-17 15:06:12,873 - INFO - [scripts.law.list_scraper] -   - 발견: 직업안정법 시행규칙
2025-08-17 15:06:12,876 - INFO - [scripts.law.list_scraper] -   - 발견: 진폐의 예방과 진폐근로자의 보호 등에 관한 법률
2025-08-17 15:06:12,879 - INFO - [scripts.law.list_scraper] -   - 발견: 진폐의 예방과 진폐근로자의 보호 등에 관한 법률 시행령
2025-08-17 15:06:12,883 - INFO - [scripts.law.list_scraper] -   - 발견: 진폐의 예방과 진폐근로자의 보호 등에 관한 법률 시행규칙
2025-08-17 15:06:12,886 - INFO - [scripts.law.list_scraper] -   - 발견: 채용절차의 공정화에 관한 법률
2025-08-17 15:06:12,888 - INFO - [scripts.law.list_scraper] -   - 발견: 채용절차의 공정화에 관한 법률 시행령
2025-08-17 15:06:12,891 - INFO - [scripts.law.list_scraper] -   - 발견: 채용절차의 공정화에 관한 법률 시행규칙
2025-08-17 15:06:12,895 - INFO - [scripts.law.list_scraper] -   - 발견: 청년고용촉진 특별법
2025-08-17 15:06:12,898 - INFO - [scripts.law.list_scraper] -   - 발견: 청년고용촉진 특별법 시행령
2025-08-17 15:06:12,901 - INFO - [scripts.law.list_scraper] -   - 발견: 최저임금법
2025-08-17 15:06:12,905 - INFO - [scripts.law.list_scraper] -   - 발견: 최저임금법 시행령
2025-08-17 15:06:12,908 - INFO - [scripts.law.list_scraper] -   - 발견: 최저임금법 시행규칙
2025-08-17 15:06:12,911 - INFO - [scripts.law.list_scraper] -   - 발견: 통상환경변화 대응 및 지원 등에 관한 법률
2025-08-17 15:06:12,915 - INFO - [scripts.law.list_scraper] -   - 발견: 통상환경변화 대응 및 지원 등에 관한 법률 시행령
2025-08-17 15:06:12,917 - INFO - [scripts.law.list_scraper] -   - 발견: 통상환경변화 대응 및 지원 등에 관한 법률 시행규칙
2025-08-17 15:06:12,920 - INFO - [scripts.law.list_scraper] -   - 발견: 파견근로자 보호 등에 관한 법률
2025-08-17 15:06:12,924 - INFO - [scripts.law.list_scraper] -   - 발견: 파견근로자 보호 등에 관한 법률 시행령
2025-08-17 15:06:12,927 - INFO - [scripts.law.list_scraper] -   - 발견: 파견근로자 보호 등에 관한 법률 시행규칙
2025-08-17 15:06:12,930 - INFO - [scripts.law.list_scraper] -   - 발견: 파독 광부ㆍ간호사ㆍ간호조무사에 대한 지원 및 기념사업에 관한 법률
2025-08-17 15:06:12,933 - INFO - [scripts.law.list_scraper] -   - 발견: 파독 광부ㆍ간호사ㆍ간호조무사에 대한 지원 및 기념사업에 관한 법률 시행령
2025-08-17 15:06:12,937 - INFO - [scripts.law.list_scraper] -   - 발견: 필수업무 지정 및 종사자 보호ㆍ지원에 관한 법률
2025-08-17 15:06:12,939 - INFO - [scripts.law.list_scraper] -   - 발견: 필수업무 지정 및 종사자 보호ㆍ지원에 관한 법률 시행령
2025-08-17 15:06:12,942 - INFO - [scripts.law.list_scraper] -   - 발견: 한국고용노동교육원법
2025-08-17 15:06:12,946 - INFO - [scripts.law.list_scraper] -   - 발견: 한국고용노동교육원법 시행령
2025-08-17 15:06:12,946 - INFO - [scripts.law.list_scraper] - --- 4 / 4 페이지 처리 중 ---
2025-08-17 15:06:12,946 - INFO - [scripts.law.list_scraper] - 4 페이지로 이동합니다...
2025-08-17 15:06:13,321 - INFO - [scripts.law.list_scraper] - 페이지 이동 완료.
2025-08-17 15:06:13,340 - INFO - [scripts.law.list_scraper] -   - 발견: 한국산업안전보건공단법
2025-08-17 15:06:13,346 - INFO - [scripts.law.list_scraper] -   - 발견: 한국산업안전보건공단법 시행령
2025-08-17 15:06:13,352 - INFO - [scripts.law.list_scraper] -   - 발견: 한국산업인력공단법
2025-08-17 15:06:13,357 - INFO - [scripts.law.list_scraper] -   - 발견: 한국산업인력공단법 시행령
2025-08-17 15:06:13,949 - INFO - [scripts.law.scraper] - 페이지로 이동 중: https://www.law.go.kr/LSW/lsInfoP.do?lsiSeq=232959&efYd=20220616
2025-08-17 15:06:15,377 - INFO - [scripts.law.scraper] - 로딩 마스크가 나타나기를 기다리는 중...
2025-08-17 15:06:25,385 - WARNING - [scripts.law.scraper] - 로딩 마스크가 감지되지 않았습니다. 페이지 로드가 완료된 것으로 간주하고 계속 진행합니다.
2025-08-17 15:06:25,387 - INFO - [scripts.law.scraper] - 페이지 최종 렌더링을 잠시 대기합니다...
2025-08-17 15:06:26,391 - INFO - [scripts.law.scraper] - 페이지 HTML 컨텐츠를 가져오는 중...
2025-08-17 15:06:26,414 - INFO - [scripts.law.scraper] - 데이터 파싱 중...
2025-08-17 15:06:26,501 - INFO - [scripts.law.scraper] - 데이터 1건을 'data/raw/가사근로자의 고용개선 등에 관한 법률_document.jsonl' 파일로 성공적으로 저장했습니다.
2025-08-17 15:06:26,501 - INFO - [scripts.law.scraper] - 데이터 28건을 'data/raw/가사근로자의 고용개선 등에 관한 법률_chunks.jsonl' 파일로 성공적으로 저장했습니다.
2025-08-17 15:06:28,162 - INFO - [scripts.law.scraper] - 페이지로 이동 중: https://www.law.go.kr/LSW/lsInfoP.do?lsiSeq=267779&efYd=20241231
2025-08-17 15:06:29,517 - INFO - [scripts.law.scraper] - 로딩 마스크가 나타나기를 기다리는 중...
2025-08-17 15:06:29,543 - INFO - [scripts.law.scraper] - 로딩 마스크가 사라지기를 기다리는 중...
2025-08-17 15:06:30,335 - INFO - [scripts.law.scraper] - 페이지 최종 렌더링을 잠시 대기합니다...
2025-08-17 15:06:31,338 - INFO - [scripts.law.scraper] - 페이지 HTML 컨텐츠를 가져오는 중...
2025-08-17 15:06:31,365 - INFO - [scripts.law.scraper] - 데이터 파싱 중...
2025-08-17 15:06:31,424 - INFO - [scripts.law.scraper] - 데이터 1건을 'data/raw/가사근로자의 고용개선 등에 관한 법률 시행령_document.jsonl' 파일로 성공적으로 저장했습니다.
2025-08-17 15:06:31,425 - INFO - [scripts.law.scraper] - 데이터 12건을 'data/raw/가사근로자의 고용개선 등에 관한 법률 시행령_chunks.jsonl' 파일로 성공적으로 저장했습니다.
2025-08-17 15:06:33,014 - INFO - [scripts.law.scraper] - 페이지로 이동 중: https://www.law.go.kr/LSW/lsInfoP.do?lsiSeq=243269&efYd=20220616
2025-08-17 15:06:34,256 - INFO - [scripts.law.scraper] - 로딩 마스크가 나타나기를 기다리는 중...
2025-08-17 15:06:34,288 - INFO - [scripts.law.scraper] - 로딩 마스크가 사라지기를 기다리는 중...
2025-08-17 15:06:34,572 - INFO - [scripts.law.scraper] - 페이지 최종 렌더링을 잠시 대기합니다...
2025-08-17 15:06:35,574 - INFO - [scripts.law.scraper] - 페이지 HTML 컨텐츠를 가져오는 중...
2025-08-17 15:06:35,604 - INFO - [scripts.law.scraper] - 데이터 파싱 중...
2025-08-17 15:06:35,680 - INFO - [scripts.law.scraper] - 데이터 1건을 'data/raw/가사근로자의 고용개선 등에 관한 법률 시행규칙_document.jsonl' 파일로 성공적으로 저장했습니다.
2025-08-17 15:06:35,680 - INFO - [scripts.law.scraper] - 데이터 8건을 'data/raw/가사근로자의 고용개선 등에 관한 법률 시행규칙_chunks.jsonl' 파일로 성공적으로 저장했습니다.
2025-08-17 15:06:37,309 - INFO - [scripts.law.scraper] - 페이지로 이동 중: https://www.law.go.kr/LSW/lsInfoP.do?lsiSeq=234693&efYd=20220218
2025-08-17 15:06:38,597 - INFO - [scripts.law.scraper] - 로딩 마스크가 나타나기를 기다리는 중...
2025-08-17 15:06:38,619 - INFO - [scripts.law.scraper] - 로딩 마스크가 사라지기를 기다리는 중...
2025-08-17 15:06:39,419 - INFO - [scripts.law.scraper] - 페이지 최종 렌더링을 잠시 대기합니다...
2025-08-17 15:06:40,422 - INFO - [scripts.law.scraper] - 페이지 HTML 컨텐츠를 가져오는 중...
2025-08-17 15:06:40,450 - INFO - [scripts.law.scraper] - 데이터 파싱 중...
2025-08-17 15:06:40,553 - INFO - [scripts.law.scraper] - 데이터 1건을 'data/raw/건설근로자의 고용개선 등에 관한 법률_document.jsonl' 파일로 성공적으로 저장했습니다.
2025-08-17 15:06:40,554 - INFO - [scripts.law.scraper] - 데이터 42건을 'data/raw/건설근로자의 고용개선 등에 관한 법률_chunks.jsonl' 파일로 성공적으로 저장했습니다.
2025-08-17 15:06:42,141 - INFO - [scripts.law.scraper] - 페이지로 이동 중: https://www.law.go.kr/LSW/lsInfoP.do?lsiSeq=270619&efYd=20250415
2025-08-17 15:06:43,901 - INFO - [scripts.law.scraper] - 로딩 마스크가 나타나기를 기다리는 중...
2025-08-17 15:06:53,916 - WARNING - [scripts.law.scraper] - 로딩 마스크가 감지되지 않았습니다. 페이지 로드가 완료된 것으로 간주하고 계속 진행합니다.
2025-08-17 15:06:53,917 - INFO - [scripts.law.scraper] - 페이지 최종 렌더링을 잠시 대기합니다...
2025-08-17 15:06:54,924 - INFO - [scripts.law.scraper] - 페이지 HTML 컨텐츠를 가져오는 중...
2025-08-17 15:06:54,962 - INFO - [scripts.law.scraper] - 데이터 파싱 중...
2025-08-17 15:06:55,067 - INFO - [scripts.law.scraper] - 데이터 1건을 'data/raw/건설근로자의 고용개선 등에 관한 법률 시행령_document.jsonl' 파일로 성공적으로 저장했습니다.
2025-08-17 15:06:55,067 - INFO - [scripts.law.scraper] - 데이터 35건을 'data/raw/건설근로자의 고용개선 등에 관한 법률 시행령_chunks.jsonl' 파일로 성공적으로 저장했습니다.
2025-08-17 15:06:56,770 - INFO - [scripts.law.scraper] - 페이지로 이동 중: https://www.law.go.kr/LSW/lsInfoP.do?lsiSeq=265105&efYd=20240828
2025-08-17 15:06:58,411 - INFO - [scripts.law.scraper] - 로딩 마스크가 나타나기를 기다리는 중...
2025-08-17 15:06:58,435 - INFO - [scripts.law.scraper] - 로딩 마스크가 사라지기를 기다리는 중...
2025-08-17 15:06:58,633 - INFO - [scripts.law.scraper] - 페이지 최종 렌더링을 잠시 대기합니다...
2025-08-17 15:06:59,636 - INFO - [scripts.law.scraper] - 페이지 HTML 컨텐츠를 가져오는 중...
2025-08-17 15:06:59,674 - INFO - [scripts.law.scraper] - 데이터 파싱 중...
2025-08-17 15:06:59,778 - INFO - [scripts.law.scraper] - 데이터 1건을 'data/raw/건설근로자의 고용개선 등에 관한 법률 시행규칙_document.jsonl' 파일로 성공적으로 저장했습니다.
2025-08-17 15:06:59,778 - INFO - [scripts.law.scraper] - 데이터 27건을 'data/raw/건설근로자의 고용개선 등에 관한 법률 시행규칙_chunks.jsonl' 파일로 성공적으로 저장했습니다.
2025-08-17 15:07:01,371 - INFO - [scripts.law.scraper] - 페이지로 이동 중: https://www.law.go.kr/LSW/lsInfoP.do?lsiSeq=228177&efYd=20210706
2025-08-17 15:07:03,178 - INFO - [scripts.law.scraper] - 로딩 마스크가 나타나기를 기다리는 중...
2025-08-17 15:07:03,199 - INFO - [scripts.law.scraper] - 로딩 마스크가 사라지기를 기다리는 중...
2025-08-17 15:07:03,383 - INFO - [scripts.law.scraper] - 페이지 최종 렌더링을 잠시 대기합니다...
2025-08-17 15:07:04,386 - INFO - [scripts.law.scraper] - 페이지 HTML 컨텐츠를 가져오는 중...
2025-08-17 15:07:04,402 - INFO - [scripts.law.scraper] - 데이터 파싱 중...
2025-08-17 15:07:04,461 - INFO - [scripts.law.scraper] - 데이터 1건을 'data/raw/경제사회노동위원회법_document.jsonl' 파일로 성공적으로 저장했습니다.
2025-08-17 15:07:04,462 - INFO - [scripts.law.scraper] - 데이터 20건을 'data/raw/경제사회노동위원회법_chunks.jsonl' 파일로 성공적으로 저장했습니다.
2025-08-17 15:07:06,073 - INFO - [scripts.law.scraper] - 페이지로 이동 중: https://www.law.go.kr/LSW/lsInfoP.do?lsiSeq=204361&efYd=20180913
2025-08-17 15:07:07,677 - INFO - [scripts.law.scraper] - 로딩 마스크가 나타나기를 기다리는 중...
2025-08-17 15:07:07,699 - INFO - [scripts.law.scraper] - 로딩 마스크가 사라지기를 기다리는 중...
2025-08-17 15:07:07,802 - INFO - [scripts.law.scraper] - 페이지 최종 렌더링을 잠시 대기합니다...
2025-08-17 15:07:08,805 - INFO - [scripts.law.scraper] - 페이지 HTML 컨텐츠를 가져오는 중...
2025-08-17 15:07:08,831 - INFO - [scripts.law.scraper] - 데이터 파싱 중...
2025-08-17 15:07:08,888 - INFO - [scripts.law.scraper] - 데이터 1건을 'data/raw/경제사회노동위원회법 시행령_document.jsonl' 파일로 성공적으로 저장했습니다.
2025-08-17 15:07:08,889 - INFO - [scripts.law.scraper] - 데이터 17건을 'data/raw/경제사회노동위원회법 시행령_chunks.jsonl' 파일로 성공적으로 저장했습니다.
2025-08-17 15:07:10,459 - INFO - [scripts.law.scraper] - 페이지로 이동 중: https://www.law.go.kr/LSW/lsInfoP.do?lsiSeq=246209&efYd=20221216
2025-08-17 15:07:12,175 - INFO - [scripts.law.scraper] - 로딩 마스크가 나타나기를 기다리는 중...
2025-08-17 15:07:12,230 - INFO - [scripts.law.scraper] - 로딩 마스크가 사라지기를 기다리는 중...
2025-08-17 15:07:12,416 - INFO - [scripts.law.scraper] - 페이지 최종 렌더링을 잠시 대기합니다...
2025-08-17 15:07:13,425 - INFO - [scripts.law.scraper] - 페이지 HTML 컨텐츠를 가져오는 중...
2025-08-17 15:07:13,482 - INFO - [scripts.law.scraper] - 데이터 파싱 중...
2025-08-17 15:07:13,553 - INFO - [scripts.law.scraper] - 데이터 1건을 'data/raw/고용노동부 소관 비상대비에 관한 법률 시행규칙_document.jsonl' 파일로 성공적으로 저장했습니다.
2025-08-17 15:07:13,553 - INFO - [scripts.law.scraper] - 데이터 4건을 'data/raw/고용노동부 소관 비상대비에 관한 법률 시행규칙_chunks.jsonl' 파일로 성공적으로 저장했습니다.
2025-08-17 15:07:15,589 - INFO - [scripts.law.scraper] - 페이지로 이동 중: https://www.law.go.kr/LSW/lsInfoP.do?lsiSeq=193534&efYd=20170419
2025-08-17 15:07:16,774 - INFO - [scripts.law.scraper] - 로딩 마스크가 나타나기를 기다리는 중...
2025-08-17 15:07:16,808 - INFO - [scripts.law.scraper] - 로딩 마스크가 사라지기를 기다리는 중...
2025-08-17 15:07:17,028 - INFO - [scripts.law.scraper] - 페이지 최종 렌더링을 잠시 대기합니다...
2025-08-17 15:07:18,031 - INFO - [scripts.law.scraper] - 페이지 HTML 컨텐츠를 가져오는 중...
2025-08-17 15:07:18,055 - INFO - [scripts.law.scraper] - 데이터 파싱 중...
2025-08-17 15:07:18,129 - INFO - [scripts.law.scraper] - 데이터 1건을 'data/raw/고용노동부 소관 비영리법인의 설립 및 감독에 관한 규칙_document.jsonl' 파일로 성공적으로 저장했습니다.
2025-08-17 15:07:18,130 - INFO - [scripts.law.scraper] - 데이터 13건을 'data/raw/고용노동부 소관 비영리법인의 설립 및 감독에 관한 규칙_chunks.jsonl' 파일로 성공적으로 저장했습니다.
2025-08-17 15:07:19,833 - INFO - [scripts.law.scraper] - 페이지로 이동 중: https://www.law.go.kr/LSW/lsInfoP.do?lsiSeq=271125&efYd=20250520
2025-08-17 15:07:21,555 - INFO - [scripts.law.scraper] - 로딩 마스크가 나타나기를 기다리는 중...
2025-08-17 15:07:21,582 - INFO - [scripts.law.scraper] - 로딩 마스크가 사라지기를 기다리는 중...
2025-08-17 15:07:22,376 - INFO - [scripts.law.scraper] - 페이지 최종 렌더링을 잠시 대기합니다...
2025-08-17 15:07:23,379 - INFO - [scripts.law.scraper] - 페이지 HTML 컨텐츠를 가져오는 중...
2025-08-17 15:07:23,419 - INFO - [scripts.law.scraper] - 데이터 파싱 중...
2025-08-17 15:07:23,568 - INFO - [scripts.law.scraper] - 데이터 1건을 'data/raw/고용노동부와 그 소속기관 직제_document.jsonl' 파일로 성공적으로 저장했습니다.
2025-08-17 15:07:23,568 - INFO - [scripts.law.scraper] - 데이터 50건을 'data/raw/고용노동부와 그 소속기관 직제_chunks.jsonl' 파일로 성공적으로 저장했습니다.
2025-08-17 15:07:25,155 - INFO - [scripts.law.scraper] - 페이지로 이동 중: https://www.law.go.kr/LSW/lsInfoP.do?lsiSeq=271223&efYd=20250602
2025-08-17 15:07:27,139 - INFO - [scripts.law.scraper] - 로딩 마스크가 나타나기를 기다리는 중...
2025-08-17 15:07:27,165 - INFO - [scripts.law.scraper] - 로딩 마스크가 사라지기를 기다리는 중...
2025-08-17 15:07:28,462 - INFO - [scripts.law.scraper] - 페이지 최종 렌더링을 잠시 대기합니다...
2025-08-17 15:07:29,465 - INFO - [scripts.law.scraper] - 페이지 HTML 컨텐츠를 가져오는 중...
2025-08-17 15:07:29,514 - INFO - [scripts.law.scraper] - 데이터 파싱 중...
2025-08-17 15:07:29,719 - INFO - [scripts.law.scraper] - 데이터 1건을 'data/raw/고용노동부와 그 소속기관 직제 시행규칙_document.jsonl' 파일로 성공적으로 저장했습니다.
2025-08-17 15:07:29,720 - INFO - [scripts.law.scraper] - 데이터 39건을 'data/raw/고용노동부와 그 소속기관 직제 시행규칙_chunks.jsonl' 파일로 성공적으로 저장했습니다.
2025-08-17 15:07:31,332 - INFO - [scripts.law.scraper] - 페이지로 이동 중: https://www.law.go.kr/LSW/lsInfoP.do?lsiSeq=247481&efYd=20240101
2025-08-17 15:07:32,596 - INFO - [scripts.law.scraper] - 로딩 마스크가 나타나기를 기다리는 중...
2025-08-17 15:07:32,615 - INFO - [scripts.law.scraper] - 로딩 마스크가 사라지기를 기다리는 중...
2025-08-17 15:07:33,579 - INFO - [scripts.law.scraper] - 페이지 최종 렌더링을 잠시 대기합니다...
2025-08-17 15:07:34,582 - INFO - [scripts.law.scraper] - 페이지 HTML 컨텐츠를 가져오는 중...
2025-08-17 15:07:34,632 - INFO - [scripts.law.scraper] - 데이터 파싱 중...
2025-08-17 15:07:34,842 - INFO - [scripts.law.scraper] - 데이터 1건을 'data/raw/고용보험 및 산업재해보상보험의 보험료징수 등에 관한 법률_document.jsonl' 파일로 성공적으로 저장했습니다.
2025-08-17 15:07:34,843 - INFO - [scripts.law.scraper] - 데이터 95건을 'data/raw/고용보험 및 산업재해보상보험의 보험료징수 등에 관한 법률_chunks.jsonl' 파일로 성공적으로 저장했습니다.
2025-08-17 15:07:36,436 - INFO - [scripts.law.scraper] - 페이지로 이동 중: https://www.law.go.kr/LSW/lsInfoP.do?lsiSeq=271473&efYd=20250602
2025-08-17 15:07:38,117 - INFO - [scripts.law.scraper] - 로딩 마스크가 나타나기를 기다리는 중...
2025-08-17 15:07:38,140 - INFO - [scripts.law.scraper] - 로딩 마스크가 사라지기를 기다리는 중...
2025-08-17 15:07:38,934 - INFO - [scripts.law.scraper] - 페이지 최종 렌더링을 잠시 대기합니다...
2025-08-17 15:07:39,938 - INFO - [scripts.law.scraper] - 페이지 HTML 컨텐츠를 가져오는 중...
2025-08-17 15:07:40,003 - INFO - [scripts.law.scraper] - 데이터 파싱 중...
2025-08-17 15:07:40,305 - INFO - [scripts.law.scraper] - 데이터 1건을 'data/raw/고용보험 및 산업재해보상보험의 보험료징수 등에 관한 법률 시행령_document.jsonl' 파일로 성공적으로 저장했습니다.
2025-08-17 15:07:40,306 - INFO - [scripts.law.scraper] - 데이터 112건을 'data/raw/고용보험 및 산업재해보상보험의 보험료징수 등에 관한 법률 시행령_chunks.jsonl' 파일로 성공적으로 저장했습니다.
2025-08-17 15:07:41,904 - INFO - [scripts.law.scraper] - 페이지로 이동 중: https://www.law.go.kr/LSW/lsInfoP.do?lsiSeq=272679&efYd=20250701
2025-08-17 15:07:44,132 - INFO - [scripts.law.scraper] - 로딩 마스크가 나타나기를 기다리는 중...
2025-08-17 15:07:44,160 - INFO - [scripts.law.scraper] - 로딩 마스크가 사라지기를 기다리는 중...
2025-08-17 15:07:46,975 - INFO - [scripts.law.scraper] - 페이지 최종 렌더링을 잠시 대기합니다...
2025-08-17 15:07:47,978 - INFO - [scripts.law.scraper] - 페이지 HTML 컨텐츠를 가져오는 중...
2025-08-17 15:07:48,058 - INFO - [scripts.law.scraper] - 데이터 파싱 중...
2025-08-17 15:07:48,404 - INFO - [scripts.law.scraper] - 데이터 1건을 'data/raw/고용보험 및 산업재해보상보험의 보험료징수 등에 관한 법률 시행규칙_document.jsonl' 파일로 성공적으로 저장했습니다.
2025-08-17 15:07:48,406 - INFO - [scripts.law.scraper] - 데이터 88건을 'data/raw/고용보험 및 산업재해보상보험의 보험료징수 등에 관한 법률 시행규칙_chunks.jsonl' 파일로 성공적으로 저장했습니다.
2025-08-17 15:07:50,021 - INFO - [scripts.law.scraper] - 페이지로 이동 중: https://www.law.go.kr/LSW/lsInfoP.do?lsiSeq=265957&efYd=20250223
2025-08-17 15:07:51,473 - INFO - [scripts.law.scraper] - 로딩 마스크가 나타나기를 기다리는 중...
2025-08-17 15:07:51,496 - INFO - [scripts.law.scraper] - 로딩 마스크가 사라지기를 기다리는 중...
2025-08-17 15:07:52,289 - INFO - [scripts.law.scraper] - 페이지 최종 렌더링을 잠시 대기합니다...
2025-08-17 15:07:53,290 - INFO - [scripts.law.scraper] - 페이지 HTML 컨텐츠를 가져오는 중...
2025-08-17 15:07:53,354 - INFO - [scripts.law.scraper] - 데이터 파싱 중...
2025-08-17 15:07:53,614 - INFO - [scripts.law.scraper] - 데이터 1건을 'data/raw/고용보험법_document.jsonl' 파일로 성공적으로 저장했습니다.
2025-08-17 15:07:53,615 - INFO - [scripts.law.scraper] - 데이터 147건을 'data/raw/고용보험법_chunks.jsonl' 파일로 성공적으로 저장했습니다.
2025-08-17 15:07:55,228 - INFO - [scripts.law.scraper] - 페이지로 이동 중: https://www.law.go.kr/LSW/lsInfoP.do?lsiSeq=273039&efYd=20250805
2025-08-17 15:07:56,448 - INFO - [scripts.law.scraper] - 로딩 마스크가 나타나기를 기다리는 중...
2025-08-17 15:07:56,471 - INFO - [scripts.law.scraper] - 로딩 마스크가 사라지기를 기다리는 중...
2025-08-17 15:07:57,297 - INFO - [scripts.law.scraper] - 페이지 최종 렌더링을 잠시 대기합니다...
2025-08-17 15:07:58,300 - INFO - [scripts.law.scraper] - 페이지 HTML 컨텐츠를 가져오는 중...
2025-08-17 15:07:58,392 - INFO - [scripts.law.scraper] - 데이터 파싱 중...
2025-08-17 15:07:58,847 - INFO - [scripts.law.scraper] - 데이터 1건을 'data/raw/고용보험법 시행령_document.jsonl' 파일로 성공적으로 저장했습니다.
2025-08-17 15:07:58,849 - INFO - [scripts.law.scraper] - 데이터 208건을 'data/raw/고용보험법 시행령_chunks.jsonl' 파일로 성공적으로 저장했습니다.
2025-08-17 15:08:00,487 - INFO - [scripts.law.scraper] - 페이지로 이동 중: https://www.law.go.kr/LSW/lsInfoP.do?lsiSeq=272635&efYd=20250701
2025-08-17 15:08:02,650 - INFO - [scripts.law.scraper] - 로딩 마스크가 나타나기를 기다리는 중...
2025-08-17 15:08:02,674 - INFO - [scripts.law.scraper] - 로딩 마스크가 사라지기를 기다리는 중...
2025-08-17 15:08:05,822 - INFO - [scripts.law.scraper] - 페이지 최종 렌더링을 잠시 대기합니다...
2025-08-17 15:08:06,831 - INFO - [scripts.law.scraper] - 페이지 HTML 컨텐츠를 가져오는 중...
2025-08-17 15:08:06,936 - INFO - [scripts.law.scraper] - 데이터 파싱 중...
2025-08-17 15:08:07,579 - INFO - [scripts.law.scraper] - 데이터 1건을 'data/raw/고용보험법 시행규칙_document.jsonl' 파일로 성공적으로 저장했습니다.
2025-08-17 15:08:07,581 - INFO - [scripts.law.scraper] - 데이터 197건을 'data/raw/고용보험법 시행규칙_chunks.jsonl' 파일로 성공적으로 저장했습니다.
2025-08-17 15:08:09,212 - INFO - [scripts.law.scraper] - 페이지로 이동 중: https://www.law.go.kr/LSW/lsInfoP.do?lsiSeq=91137&efYd=20090107
2025-08-17 15:08:11,296 - INFO - [scripts.law.scraper] - 로딩 마스크가 나타나기를 기다리는 중...
2025-08-17 15:08:11,315 - INFO - [scripts.law.scraper] - 로딩 마스크가 사라지기를 기다리는 중...
2025-08-17 15:08:11,395 - INFO - [scripts.law.scraper] - 페이지 최종 렌더링을 잠시 대기합니다...
2025-08-17 15:08:12,398 - INFO - [scripts.law.scraper] - 페이지 HTML 컨텐츠를 가져오는 중...
2025-08-17 15:08:12,421 - INFO - [scripts.law.scraper] - 데이터 파싱 중...
2025-08-17 15:08:12,468 - INFO - [scripts.law.scraper] - 데이터 1건을 'data/raw/고용보험ㆍ산업재해보상보험의 보험관계 성립신고 등의 촉진을 위한 특별조치법_document.jsonl' 파일로 성공적으로 저장했습니다.
2025-08-17 15:08:12,468 - INFO - [scripts.law.scraper] - 데이터 9건을 'data/raw/고용보험ㆍ산업재해보상보험의 보험관계 성립신고 등의 촉진을 위한 특별조치법_chunks.jsonl' 파일로 성공적으로 저장했습니다.
2025-08-17 15:08:14,073 - INFO - [scripts.law.scraper] - 페이지로 이동 중: https://www.law.go.kr/LSW/lsInfoP.do?lsiSeq=243057&efYd=20220610
2025-08-17 15:08:16,825 - INFO - [scripts.law.scraper] - 로딩 마스크가 나타나기를 기다리는 중...
2025-08-17 15:08:16,847 - INFO - [scripts.law.scraper] - 로딩 마스크가 사라지기를 기다리는 중...
2025-08-17 15:08:17,645 - INFO - [scripts.law.scraper] - 페이지 최종 렌더링을 잠시 대기합니다...
2025-08-17 15:08:18,648 - INFO - [scripts.law.scraper] - 페이지 HTML 컨텐츠를 가져오는 중...
2025-08-17 15:08:18,676 - INFO - [scripts.law.scraper] - 데이터 파싱 중...
2025-08-17 15:08:18,784 - INFO - [scripts.law.scraper] - 데이터 1건을 'data/raw/고용상 연령차별금지 및 고령자고용촉진에 관한 법률_document.jsonl' 파일로 성공적으로 저장했습니다.
2025-08-17 15:08:18,785 - INFO - [scripts.law.scraper] - 데이터 41건을 'data/raw/고용상 연령차별금지 및 고령자고용촉진에 관한 법률_chunks.jsonl' 파일로 성공적으로 저장했습니다.
2025-08-17 15:08:20,404 - INFO - [scripts.law.scraper] - 페이지로 이동 중: https://www.law.go.kr/LSW/lsInfoP.do?lsiSeq=267181&efYd=20250101
2025-08-17 15:08:21,526 - INFO - [scripts.law.scraper] - 로딩 마스크가 나타나기를 기다리는 중...
2025-08-17 15:08:21,547 - INFO - [scripts.law.scraper] - 로딩 마스크가 사라지기를 기다리는 중...
2025-08-17 15:08:21,773 - INFO - [scripts.law.scraper] - 페이지 최종 렌더링을 잠시 대기합니다...
2025-08-17 15:08:22,775 - INFO - [scripts.law.scraper] - 페이지 HTML 컨텐츠를 가져오는 중...
2025-08-17 15:08:22,803 - INFO - [scripts.law.scraper] - 데이터 파싱 중...
2025-08-17 15:08:22,891 - INFO - [scripts.law.scraper] - 데이터 1건을 'data/raw/고용상 연령차별금지 및 고령자고용촉진에 관한 법률 시행령_document.jsonl' 파일로 성공적으로 저장했습니다.
2025-08-17 15:08:22,892 - INFO - [scripts.law.scraper] - 데이터 22건을 'data/raw/고용상 연령차별금지 및 고령자고용촉진에 관한 법률 시행령_chunks.jsonl' 파일로 성공적으로 저장했습니다.
2025-08-17 15:08:24,482 - INFO - [scripts.law.scraper] - 페이지로 이동 중: https://www.law.go.kr/LSW/lsInfoP.do?lsiSeq=243713&efYd=20220701
2025-08-17 15:08:25,929 - INFO - [scripts.law.scraper] - 로딩 마스크가 나타나기를 기다리는 중...
2025-08-17 15:08:25,952 - INFO - [scripts.law.scraper] - 로딩 마스크가 사라지기를 기다리는 중...
2025-08-17 15:08:26,137 - INFO - [scripts.law.scraper] - 페이지 최종 렌더링을 잠시 대기합니다...
2025-08-17 15:08:27,139 - INFO - [scripts.law.scraper] - 페이지 HTML 컨텐츠를 가져오는 중...
2025-08-17 15:08:27,159 - INFO - [scripts.law.scraper] - 데이터 파싱 중...
2025-08-17 15:08:27,238 - INFO - [scripts.law.scraper] - 데이터 1건을 'data/raw/고용상 연령차별금지 및 고령자고용촉진에 관한 법률 시행규칙_document.jsonl' 파일로 성공적으로 저장했습니다.
2025-08-17 15:08:27,239 - INFO - [scripts.law.scraper] - 데이터 15건을 'data/raw/고용상 연령차별금지 및 고령자고용촉진에 관한 법률 시행규칙_chunks.jsonl' 파일로 성공적으로 저장했습니다.
2025-08-17 15:08:28,840 - INFO - [scripts.law.scraper] - 페이지로 이동 중: https://www.law.go.kr/LSW/lsInfoP.do?lsiSeq=258087&efYd=20240109
2025-08-17 15:08:30,522 - INFO - [scripts.law.scraper] - 로딩 마스크가 나타나기를 기다리는 중...
2025-08-17 15:08:30,544 - INFO - [scripts.law.scraper] - 로딩 마스크가 사라지기를 기다리는 중...
2025-08-17 15:08:30,855 - INFO - [scripts.law.scraper] - 페이지 최종 렌더링을 잠시 대기합니다...
2025-08-17 15:08:31,857 - INFO - [scripts.law.scraper] - 페이지 HTML 컨텐츠를 가져오는 중...
2025-08-17 15:08:31,876 - INFO - [scripts.law.scraper] - 데이터 파싱 중...
2025-08-17 15:08:31,984 - INFO - [scripts.law.scraper] - 데이터 1건을 'data/raw/고용정책 기본법_document.jsonl' 파일로 성공적으로 저장했습니다.
2025-08-17 15:08:31,984 - INFO - [scripts.law.scraper] - 데이터 51건을 'data/raw/고용정책 기본법_chunks.jsonl' 파일로 성공적으로 저장했습니다.
2025-08-17 15:08:33,609 - INFO - [scripts.law.scraper] - 페이지로 이동 중: https://www.law.go.kr/LSW/lsInfoP.do?lsiSeq=270057&efYd=20250325
2025-08-17 15:08:34,986 - INFO - [scripts.law.scraper] - 로딩 마스크가 나타나기를 기다리는 중...
2025-08-17 15:08:35,008 - INFO - [scripts.law.scraper] - 로딩 마스크가 사라지기를 기다리는 중...
2025-08-17 15:08:35,211 - INFO - [scripts.law.scraper] - 페이지 최종 렌더링을 잠시 대기합니다...
2025-08-17 15:08:36,214 - INFO - [scripts.law.scraper] - 페이지 HTML 컨텐츠를 가져오는 중...
2025-08-17 15:08:36,251 - INFO - [scripts.law.scraper] - 데이터 파싱 중...
2025-08-17 15:08:36,367 - INFO - [scripts.law.scraper] - 데이터 1건을 'data/raw/고용정책 기본법 시행령_document.jsonl' 파일로 성공적으로 저장했습니다.
2025-08-17 15:08:36,367 - INFO - [scripts.law.scraper] - 데이터 53건을 'data/raw/고용정책 기본법 시행령_chunks.jsonl' 파일로 성공적으로 저장했습니다.
2025-08-17 15:08:37,962 - INFO - [scripts.law.scraper] - 페이지로 이동 중: https://www.law.go.kr/LSW/lsInfoP.do?lsiSeq=256495&efYd=20231205
2025-08-17 15:08:39,845 - INFO - [scripts.law.scraper] - 로딩 마스크가 나타나기를 기다리는 중...
2025-08-17 15:08:39,865 - INFO - [scripts.law.scraper] - 로딩 마스크가 사라지기를 기다리는 중...
2025-08-17 15:08:40,656 - INFO - [scripts.law.scraper] - 페이지 최종 렌더링을 잠시 대기합니다...
2025-08-17 15:08:41,661 - INFO - [scripts.law.scraper] - 페이지 HTML 컨텐츠를 가져오는 중...
2025-08-17 15:08:41,684 - INFO - [scripts.law.scraper] - 데이터 파싱 중...
2025-08-17 15:08:41,736 - INFO - [scripts.law.scraper] - 데이터 1건을 'data/raw/고용정책 기본법 시행규칙_document.jsonl' 파일로 성공적으로 저장했습니다.
2025-08-17 15:08:41,737 - INFO - [scripts.law.scraper] - 데이터 7건을 'data/raw/고용정책 기본법 시행규칙_chunks.jsonl' 파일로 성공적으로 저장했습니다.
2025-08-17 15:08:43,315 - INFO - [scripts.law.scraper] - 페이지로 이동 중: https://www.law.go.kr/LSW/lsInfoP.do?lsiSeq=243037&efYd=20231211
2025-08-17 15:08:45,193 - INFO - [scripts.law.scraper] - 로딩 마스크가 나타나기를 기다리는 중...
2025-08-17 15:08:45,219 - INFO - [scripts.law.scraper] - 로딩 마스크가 사라지기를 기다리는 중...
2025-08-17 15:08:45,402 - INFO - [scripts.law.scraper] - 페이지 최종 렌더링을 잠시 대기합니다...
2025-08-17 15:08:46,404 - INFO - [scripts.law.scraper] - 페이지 HTML 컨텐츠를 가져오는 중...
2025-08-17 15:08:46,420 - INFO - [scripts.law.scraper] - 데이터 파싱 중...
2025-08-17 15:08:46,493 - INFO - [scripts.law.scraper] - 데이터 1건을 'data/raw/공무원의 노동조합 설립 및 운영 등에 관한 법률_document.jsonl' 파일로 성공적으로 저장했습니다.
2025-08-17 15:08:46,494 - INFO - [scripts.law.scraper] - 데이터 20건을 'data/raw/공무원의 노동조합 설립 및 운영 등에 관한 법률_chunks.jsonl' 파일로 성공적으로 저장했습니다.
2025-08-17 15:08:48,120 - INFO - [scripts.law.scraper] - 페이지로 이동 중: https://www.law.go.kr/LSW/lsInfoP.do?lsiSeq=256437&efYd=20231211
2025-08-17 15:08:50,169 - INFO - [scripts.law.scraper] - 로딩 마스크가 나타나기를 기다리는 중...
2025-08-17 15:08:50,189 - INFO - [scripts.law.scraper] - 로딩 마스크가 사라지기를 기다리는 중...
2025-08-17 15:08:50,373 - INFO - [scripts.law.scraper] - 페이지 최종 렌더링을 잠시 대기합니다...
2025-08-17 15:08:51,376 - INFO - [scripts.law.scraper] - 페이지 HTML 컨텐츠를 가져오는 중...
2025-08-17 15:08:51,391 - INFO - [scripts.law.scraper] - 데이터 파싱 중...
2025-08-17 15:08:51,455 - INFO - [scripts.law.scraper] - 데이터 1건을 'data/raw/공무원의 노동조합 설립 및 운영 등에 관한 법률 시행령_document.jsonl' 파일로 성공적으로 저장했습니다.
2025-08-17 15:08:51,456 - INFO - [scripts.law.scraper] - 데이터 22건을 'data/raw/공무원의 노동조합 설립 및 운영 등에 관한 법률 시행령_chunks.jsonl' 파일로 성공적으로 저장했습니다.
2025-08-17 15:08:53,051 - INFO - [scripts.law.scraper] - 페이지로 이동 중: https://www.law.go.kr/LSW/lsInfoP.do?lsiSeq=257903&efYd=20240101
2025-08-17 15:08:54,559 - INFO - [scripts.law.scraper] - 로딩 마스크가 나타나기를 기다리는 중...
2025-08-17 15:08:54,763 - INFO - [scripts.law.scraper] - 로딩 마스크가 사라지기를 기다리는 중...
2025-08-17 15:08:54,893 - INFO - [scripts.law.scraper] - 페이지 최종 렌더링을 잠시 대기합니다...
2025-08-17 15:08:55,896 - INFO - [scripts.law.scraper] - 페이지 HTML 컨텐츠를 가져오는 중...
2025-08-17 15:08:55,927 - INFO - [scripts.law.scraper] - 데이터 파싱 중...
2025-08-17 15:08:56,021 - INFO - [scripts.law.scraper] - 데이터 1건을 'data/raw/공무원의 노동조합 설립 및 운영 등에 관한 법률 시행규칙_document.jsonl' 파일로 성공적으로 저장했습니다.
2025-08-17 15:08:56,021 - INFO - [scripts.law.scraper] - 데이터 6건을 'data/raw/공무원의 노동조합 설립 및 운영 등에 관한 법률 시행규칙_chunks.jsonl' 파일로 성공적으로 저장했습니다.
2025-08-17 15:08:57,877 - INFO - [scripts.law.scraper] - 페이지로 이동 중: https://www.law.go.kr/LSW/lsInfoP.do?lsiSeq=243059&efYd=20221211
2025-08-17 15:08:59,223 - INFO - [scripts.law.scraper] - 로딩 마스크가 나타나기를 기다리는 중...
2025-08-17 15:09:09,273 - WARNING - [scripts.law.scraper] - 로딩 마스크가 감지되지 않았습니다. 페이지 로드가 완료된 것으로 간주하고 계속 진행합니다.
2025-08-17 15:09:09,274 - INFO - [scripts.law.scraper] - 페이지 최종 렌더링을 잠시 대기합니다...
2025-08-17 15:09:10,390 - INFO - [scripts.law.scraper] - 페이지 HTML 컨텐츠를 가져오는 중...
2025-08-17 15:09:10,521 - INFO - [scripts.law.scraper] - 데이터 파싱 중...
2025-08-17 15:09:10,786 - INFO - [scripts.law.scraper] - 데이터 1건을 'data/raw/공인노무사법_document.jsonl' 파일로 성공적으로 저장했습니다.
2025-08-17 15:09:10,788 - INFO - [scripts.law.scraper] - 데이터 56건을 'data/raw/공인노무사법_chunks.jsonl' 파일로 성공적으로 저장했습니다.
2025-08-17 15:09:12,707 - INFO - [scripts.law.scraper] - 페이지로 이동 중: https://www.law.go.kr/LSW/lsInfoP.do?lsiSeq=265549&efYd=20240926
2025-08-17 15:09:13,919 - INFO - [scripts.law.scraper] - 로딩 마스크가 나타나기를 기다리는 중...
2025-08-17 15:09:13,953 - INFO - [scripts.law.scraper] - 로딩 마스크가 사라지기를 기다리는 중...
2025-08-17 15:09:14,219 - INFO - [scripts.law.scraper] - 페이지 최종 렌더링을 잠시 대기합니다...
2025-08-17 15:09:15,222 - INFO - [scripts.law.scraper] - 페이지 HTML 컨텐츠를 가져오는 중...
2025-08-17 15:09:15,253 - INFO - [scripts.law.scraper] - 데이터 파싱 중...
2025-08-17 15:09:15,422 - INFO - [scripts.law.scraper] - 데이터 1건을 'data/raw/공인노무사법 시행령_document.jsonl' 파일로 성공적으로 저장했습니다.
2025-08-17 15:09:15,423 - INFO - [scripts.law.scraper] - 데이터 56건을 'data/raw/공인노무사법 시행령_chunks.jsonl' 파일로 성공적으로 저장했습니다.
2025-08-17 15:09:17,039 - INFO - [scripts.law.scraper] - 페이지로 이동 중: https://www.law.go.kr/LSW/lsInfoP.do?lsiSeq=247371&efYd=20221230
2025-08-17 15:09:18,634 - INFO - [scripts.law.scraper] - 로딩 마스크가 나타나기를 기다리는 중...
2025-08-17 15:09:18,658 - INFO - [scripts.law.scraper] - 로딩 마스크가 사라지기를 기다리는 중...
2025-08-17 15:09:19,458 - INFO - [scripts.law.scraper] - 페이지 최종 렌더링을 잠시 대기합니다...
2025-08-17 15:09:20,461 - INFO - [scripts.law.scraper] - 페이지 HTML 컨텐츠를 가져오는 중...
2025-08-17 15:09:20,499 - INFO - [scripts.law.scraper] - 데이터 파싱 중...
2025-08-17 15:09:20,645 - INFO - [scripts.law.scraper] - 데이터 1건을 'data/raw/공인노무사법 시행규칙_document.jsonl' 파일로 성공적으로 저장했습니다.
2025-08-17 15:09:20,646 - INFO - [scripts.law.scraper] - 데이터 39건을 'data/raw/공인노무사법 시행규칙_chunks.jsonl' 파일로 성공적으로 저장했습니다.
2025-08-17 15:09:22,258 - INFO - [scripts.law.scraper] - 페이지로 이동 중: https://www.law.go.kr/LSW/lsInfoP.do?lsiSeq=233829&efYd=20220101
2025-08-17 15:09:23,433 - INFO - [scripts.law.scraper] - 로딩 마스크가 나타나기를 기다리는 중...
2025-08-17 15:09:23,467 - INFO - [scripts.law.scraper] - 로딩 마스크가 사라지기를 기다리는 중...
2025-08-17 15:09:23,651 - INFO - [scripts.law.scraper] - 페이지 최종 렌더링을 잠시 대기합니다...
2025-08-17 15:09:24,667 - INFO - [scripts.law.scraper] - 페이지 HTML 컨텐츠를 가져오는 중...
2025-08-17 15:09:24,741 - INFO - [scripts.law.scraper] - 데이터 파싱 중...
2025-08-17 15:09:24,824 - INFO - [scripts.law.scraper] - 데이터 1건을 'data/raw/공휴일에 관한 법률_document.jsonl' 파일로 성공적으로 저장했습니다.
2025-08-17 15:09:24,825 - INFO - [scripts.law.scraper] - 데이터 4건을 'data/raw/공휴일에 관한 법률_chunks.jsonl' 파일로 성공적으로 저장했습니다.
2025-08-17 15:09:27,071 - INFO - [scripts.law.scraper] - 페이지로 이동 중: https://www.law.go.kr/LSW/lsInfoP.do?lsiSeq=243039&efYd=20231211
2025-08-17 15:09:28,537 - INFO - [scripts.law.scraper] - 로딩 마스크가 나타나기를 기다리는 중...
2025-08-17 15:09:28,575 - INFO - [scripts.law.scraper] - 로딩 마스크가 사라지기를 기다리는 중...
2025-08-17 15:09:28,865 - INFO - [scripts.law.scraper] - 페이지 최종 렌더링을 잠시 대기합니다...
2025-08-17 15:09:29,869 - INFO - [scripts.law.scraper] - 페이지 HTML 컨텐츠를 가져오는 중...
2025-08-17 15:09:29,894 - INFO - [scripts.law.scraper] - 데이터 파싱 중...
2025-08-17 15:09:29,976 - INFO - [scripts.law.scraper] - 데이터 1건을 'data/raw/교원의 노동조합 설립 및 운영 등에 관한 법률_document.jsonl' 파일로 성공적으로 저장했습니다.
2025-08-17 15:09:29,977 - INFO - [scripts.law.scraper] - 데이터 18건을 'data/raw/교원의 노동조합 설립 및 운영 등에 관한 법률_chunks.jsonl' 파일로 성공적으로 저장했습니다.
2025-08-17 15:09:31,623 - INFO - [scripts.law.scraper] - 페이지로 이동 중: https://www.law.go.kr/LSW/lsInfoP.do?lsiSeq=256439&efYd=20231211
2025-08-17 15:09:33,907 - INFO - [scripts.law.scraper] - 로딩 마스크가 나타나기를 기다리는 중...
2025-08-17 15:09:34,057 - INFO - [scripts.law.scraper] - 로딩 마스크가 사라지기를 기다리는 중...
2025-08-17 15:09:34,083 - INFO - [scripts.law.scraper] - 페이지 최종 렌더링을 잠시 대기합니다...
2025-08-17 15:09:35,095 - INFO - [scripts.law.scraper] - 페이지 HTML 컨텐츠를 가져오는 중...
2025-08-17 15:09:35,153 - INFO - [scripts.law.scraper] - 데이터 파싱 중...
2025-08-17 15:09:35,312 - INFO - [scripts.law.scraper] - 데이터 1건을 'data/raw/교원의 노동조합 설립 및 운영 등에 관한 법률 시행령_document.jsonl' 파일로 성공적으로 저장했습니다.
2025-08-17 15:09:35,312 - INFO - [scripts.law.scraper] - 데이터 18건을 'data/raw/교원의 노동조합 설립 및 운영 등에 관한 법률 시행령_chunks.jsonl' 파일로 성공적으로 저장했습니다.
2025-08-17 15:09:37,068 - INFO - [scripts.law.scraper] - 페이지로 이동 중: https://www.law.go.kr/LSW/lsInfoP.do?lsiSeq=233793&efYd=20210706
2025-08-17 15:09:38,467 - INFO - [scripts.law.scraper] - 로딩 마스크가 나타나기를 기다리는 중...
2025-08-17 15:09:38,489 - INFO - [scripts.law.scraper] - 로딩 마스크가 사라지기를 기다리는 중...
2025-08-17 15:09:38,615 - INFO - [scripts.law.scraper] - 페이지 최종 렌더링을 잠시 대기합니다...
2025-08-17 15:09:39,618 - INFO - [scripts.law.scraper] - 페이지 HTML 컨텐츠를 가져오는 중...
2025-08-17 15:09:39,641 - INFO - [scripts.law.scraper] - 데이터 파싱 중...
2025-08-17 15:09:39,688 - INFO - [scripts.law.scraper] - 데이터 1건을 'data/raw/교원의 노동조합 설립 및 운영 등에 관한 법률 시행규칙_document.jsonl' 파일로 성공적으로 저장했습니다.
2025-08-17 15:09:39,688 - INFO - [scripts.law.scraper] - 데이터 3건을 'data/raw/교원의 노동조합 설립 및 운영 등에 관한 법률 시행규칙_chunks.jsonl' 파일로 성공적으로 저장했습니다.
2025-08-17 15:09:41,292 - INFO - [scripts.law.scraper] - 페이지로 이동 중: https://www.law.go.kr/LSW/lsInfoP.do?lsiSeq=253641&efYd=20240209
2025-08-17 15:09:43,531 - INFO - [scripts.law.scraper] - 페이지로 이동 중: https://www.law.go.kr/LSW/lsInfoP.do?lsiSeq=260081&efYd=20240209
