2025-08-20 22:52:58,274 - INFO - [scripts.law.logic.url_checker] - URL 유효성 검증 성공: https://www.law.go.kr/LSW/lsAstSc.do?tabMenuId=437&cptOfiCd=1492000
2025-08-20 22:52:58,782 - INFO - [scripts.law.logic.list_scraper] - 목록 페이지로 이동 중: https://www.law.go.kr/LSW/lsAstSc.do?tabMenuId=437&cptOfiCd=1492000
2025-08-20 22:53:00,045 - INFO - [scripts.law.logic.list_scraper] - 총 4 페이지를 확인했습니다.
2025-08-20 22:53:00,045 - INFO - [scripts.law.logic.list_scraper] - 사용자 설정에 따라 최대 1 페이지만 크롤링합니다.
2025-08-20 22:53:00,045 - INFO - [scripts.law.logic.list_scraper] - --- 1 / 1 페이지 처리 중 ---
2025-08-20 22:53:00,079 - INFO - [scripts.law.logic.list_scraper] -   - 발견: 가사근로자의 고용개선 등에 관한 법률
2025-08-20 22:53:00,084 - INFO - [scripts.law.logic.list_scraper] -   - 발견: 가사근로자의 고용개선 등에 관한 법률 시행령
2025-08-20 22:53:00,088 - INFO - [scripts.law.logic.list_scraper] -   - 발견: 가사근로자의 고용개선 등에 관한 법률 시행규칙
2025-08-20 22:53:00,092 - INFO - [scripts.law.logic.list_scraper] -   - 발견: 건설근로자의 고용개선 등에 관한 법률
2025-08-20 22:53:00,097 - INFO - [scripts.law.logic.list_scraper] -   - 발견: 건설근로자의 고용개선 등에 관한 법률 시행령
2025-08-20 22:53:00,101 - INFO - [scripts.law.logic.list_scraper] -   - 발견: 건설근로자의 고용개선 등에 관한 법률 시행규칙
2025-08-20 22:53:00,104 - INFO - [scripts.law.logic.list_scraper] -   - 발견: 경제사회노동위원회법
2025-08-20 22:53:00,109 - INFO - [scripts.law.logic.list_scraper] -   - 발견: 경제사회노동위원회법 시행령
2025-08-20 22:53:00,112 - INFO - [scripts.law.logic.list_scraper] -   - 발견: 고용노동부 소관 비상대비에 관한 법률 시행규칙
2025-08-20 22:53:00,117 - INFO - [scripts.law.logic.list_scraper] -   - 발견: 고용노동부 소관 비영리법인의 설립 및 감독에 관한 규칙
2025-08-20 22:53:00,121 - INFO - [scripts.law.logic.list_scraper] -   - 발견: 고용노동부와 그 소속기관 직제
2025-08-20 22:53:00,124 - INFO - [scripts.law.logic.list_scraper] -   - 발견: 고용노동부와 그 소속기관 직제 시행규칙
2025-08-20 22:53:00,128 - INFO - [scripts.law.logic.list_scraper] -   - 발견: 고용보험 및 산업재해보상보험의 보험료징수 등에 관한 법률
2025-08-20 22:53:00,132 - INFO - [scripts.law.logic.list_scraper] -   - 발견: 고용보험 및 산업재해보상보험의 보험료징수 등에 관한 법률 시행령
2025-08-20 22:53:00,135 - INFO - [scripts.law.logic.list_scraper] -   - 발견: 고용보험 및 산업재해보상보험의 보험료징수 등에 관한 법률 시행규칙
2025-08-20 22:53:00,139 - INFO - [scripts.law.logic.list_scraper] -   - 발견: 고용보험법
2025-08-20 22:53:00,144 - INFO - [scripts.law.logic.list_scraper] -   - 발견: 고용보험법 시행령
2025-08-20 22:53:00,148 - INFO - [scripts.law.logic.list_scraper] -   - 발견: 고용보험법 시행규칙
2025-08-20 22:53:00,153 - INFO - [scripts.law.logic.list_scraper] -   - 발견: 고용보험ㆍ산업재해보상보험의 보험관계 성립신고 등의 촉진을 위한 특별조치법
2025-08-20 22:53:00,156 - INFO - [scripts.law.logic.list_scraper] -   - 발견: 고용상 연령차별금지 및 고령자고용촉진에 관한 법률
2025-08-20 22:53:00,159 - INFO - [scripts.law.logic.list_scraper] -   - 발견: 고용상 연령차별금지 및 고령자고용촉진에 관한 법률 시행령
2025-08-20 22:53:00,164 - INFO - [scripts.law.logic.list_scraper] -   - 발견: 고용상 연령차별금지 및 고령자고용촉진에 관한 법률 시행규칙
2025-08-20 22:53:00,168 - INFO - [scripts.law.logic.list_scraper] -   - 발견: 고용정책 기본법
2025-08-20 22:53:00,172 - INFO - [scripts.law.logic.list_scraper] -   - 발견: 고용정책 기본법 시행령
2025-08-20 22:53:00,176 - INFO - [scripts.law.logic.list_scraper] -   - 발견: 고용정책 기본법 시행규칙
2025-08-20 22:53:00,179 - INFO - [scripts.law.logic.list_scraper] -   - 발견: 공무원의 노동조합 설립 및 운영 등에 관한 법률
2025-08-20 22:53:00,183 - INFO - [scripts.law.logic.list_scraper] -   - 발견: 공무원의 노동조합 설립 및 운영 등에 관한 법률 시행령
2025-08-20 22:53:00,188 - INFO - [scripts.law.logic.list_scraper] -   - 발견: 공무원의 노동조합 설립 및 운영 등에 관한 법률 시행규칙
2025-08-20 22:53:00,191 - INFO - [scripts.law.logic.list_scraper] -   - 발견: 공인노무사법
2025-08-20 22:53:00,195 - INFO - [scripts.law.logic.list_scraper] -   - 발견: 공인노무사법 시행령
2025-08-20 22:53:00,199 - INFO - [scripts.law.logic.list_scraper] -   - 발견: 공인노무사법 시행규칙
2025-08-20 22:53:00,202 - INFO - [scripts.law.logic.list_scraper] -   - 발견: 공휴일에 관한 법률
2025-08-20 22:53:00,205 - INFO - [scripts.law.logic.list_scraper] -   - 발견: 교원의 노동조합 설립 및 운영 등에 관한 법률
2025-08-20 22:53:00,210 - INFO - [scripts.law.logic.list_scraper] -   - 발견: 교원의 노동조합 설립 및 운영 등에 관한 법률 시행령
2025-08-20 22:53:00,213 - INFO - [scripts.law.logic.list_scraper] -   - 발견: 교원의 노동조합 설립 및 운영 등에 관한 법률 시행규칙
2025-08-20 22:53:00,217 - INFO - [scripts.law.logic.list_scraper] -   - 발견: 구직자 취업촉진 및 생활안정지원에 관한 법률
2025-08-20 22:53:00,221 - INFO - [scripts.law.logic.list_scraper] -   - 발견: 구직자 취업촉진 및 생활안정지원에 관한 법률 시행령
2025-08-20 22:53:00,226 - INFO - [scripts.law.logic.list_scraper] -   - 발견: 구직자 취업촉진 및 생활안정지원에 관한 법률 시행규칙
2025-08-20 22:53:00,232 - INFO - [scripts.law.logic.list_scraper] -   - 발견: 국가기술자격법
2025-08-20 22:53:00,236 - INFO - [scripts.law.logic.list_scraper] -   - 발견: 국가기술자격법 시행령
2025-08-20 22:53:00,239 - INFO - [scripts.law.logic.list_scraper] -   - 발견: 국가기술자격법 시행령
2025-08-20 22:53:00,243 - INFO - [scripts.law.logic.list_scraper] -   - 발견: 국가기술자격법 시행령
2025-08-20 22:53:00,248 - INFO - [scripts.law.logic.list_scraper] -   - 발견: 국가기술자격법 시행규칙
2025-08-20 22:53:00,251 - INFO - [scripts.law.logic.list_scraper] -   - 발견: 국가기술자격법 시행규칙
2025-08-20 22:53:00,255 - INFO - [scripts.law.logic.list_scraper] -   - 발견: 국가기술자격법 시행규칙
2025-08-20 22:53:00,260 - INFO - [scripts.law.logic.list_scraper] -   - 발견: 국민 평생 직업능력 개발법
2025-08-20 22:53:00,264 - INFO - [scripts.law.logic.list_scraper] -   - 발견: 국민 평생 직업능력 개발법 시행령
2025-08-20 22:53:00,268 - INFO - [scripts.law.logic.list_scraper] -   - 발견: 국민 평생 직업능력 개발법 시행규칙
2025-08-20 22:53:00,271 - INFO - [scripts.law.logic.list_scraper] -   - 발견: 국민 평생 직업능력 개발법 시행규칙
2025-08-20 22:53:00,274 - INFO - [scripts.law.logic.list_scraper] -   - 발견: 근로감독관규정
2025-08-20 22:53:01,117 - INFO - [scripts.law.logic.scraper] - 페이지로 이동 중: https://www.law.go.kr/LSW/lsInfoP.do?lsiSeq=232959&efYd=20220616
2025-08-20 22:53:01,824 - INFO - [scripts.law.logic.scraper] - 로딩 마스크가 나타나기를 기다리는 중...
2025-08-20 22:53:01,843 - INFO - [scripts.law.logic.scraper] - 로딩 마스크가 사라지기를 기다리는 중...
2025-08-20 22:53:01,953 - INFO - [scripts.law.logic.scraper] - 페이지 최종 렌더링을 잠시 대기합니다...
2025-08-20 22:53:02,956 - INFO - [scripts.law.logic.scraper] - 페이지 HTML 컨텐츠를 가져오는 중...
2025-08-20 22:53:02,979 - INFO - [scripts.law.logic.scraper] - 데이터 파싱 중...
2025-08-20 22:53:03,057 - INFO - [scripts.law.logic.scraper] - 데이터 1건을 '/Users/woong/Roeum/roeum-crawler/data/raw/1492000/가사근로자의 고용개선 등에 관한 법률_document.jsonl' 파일로 성공적으로 저장했습니다.
2025-08-20 22:53:03,057 - INFO - [scripts.law.logic.scraper] - 데이터 28건을 '/Users/woong/Roeum/roeum-crawler/data/raw/1492000/가사근로자의 고용개선 등에 관한 법률_chunks.jsonl' 파일로 성공적으로 저장했습니다.
2025-08-20 22:53:04,643 - INFO - [scripts.law.logic.scraper] - 페이지로 이동 중: https://www.law.go.kr/LSW/lsInfoP.do?lsiSeq=267779&efYd=20241231
2025-08-20 22:53:05,298 - INFO - [scripts.law.logic.scraper] - 로딩 마스크가 나타나기를 기다리는 중...
2025-08-20 22:53:05,320 - INFO - [scripts.law.logic.scraper] - 로딩 마스크가 사라지기를 기다리는 중...
2025-08-20 22:53:06,114 - INFO - [scripts.law.logic.scraper] - 페이지 최종 렌더링을 잠시 대기합니다...
2025-08-20 22:53:07,119 - INFO - [scripts.law.logic.scraper] - 페이지 HTML 컨텐츠를 가져오는 중...
2025-08-20 22:53:07,145 - INFO - [scripts.law.logic.scraper] - 데이터 파싱 중...
2025-08-20 22:53:07,204 - INFO - [scripts.law.logic.scraper] - 데이터 1건을 '/Users/woong/Roeum/roeum-crawler/data/raw/1492000/가사근로자의 고용개선 등에 관한 법률 시행령_document.jsonl' 파일로 성공적으로 저장했습니다.
2025-08-20 22:53:07,204 - INFO - [scripts.law.logic.scraper] - 데이터 12건을 '/Users/woong/Roeum/roeum-crawler/data/raw/1492000/가사근로자의 고용개선 등에 관한 법률 시행령_chunks.jsonl' 파일로 성공적으로 저장했습니다.
2025-08-20 22:53:08,784 - INFO - [scripts.law.logic.scraper] - 페이지로 이동 중: https://www.law.go.kr/LSW/lsInfoP.do?lsiSeq=243269&efYd=20220616
2025-08-20 22:53:09,367 - INFO - [scripts.law.logic.scraper] - 로딩 마스크가 나타나기를 기다리는 중...
2025-08-20 22:53:09,387 - INFO - [scripts.law.logic.scraper] - 로딩 마스크가 사라지기를 기다리는 중...
2025-08-20 22:53:09,681 - INFO - [scripts.law.logic.scraper] - 페이지 최종 렌더링을 잠시 대기합니다...
2025-08-20 22:53:10,684 - INFO - [scripts.law.logic.scraper] - 페이지 HTML 컨텐츠를 가져오는 중...
2025-08-20 22:53:10,715 - INFO - [scripts.law.logic.scraper] - 데이터 파싱 중...
2025-08-20 22:53:10,787 - INFO - [scripts.law.logic.scraper] - 데이터 1건을 '/Users/woong/Roeum/roeum-crawler/data/raw/1492000/가사근로자의 고용개선 등에 관한 법률 시행규칙_document.jsonl' 파일로 성공적으로 저장했습니다.
2025-08-20 22:53:10,788 - INFO - [scripts.law.logic.scraper] - 데이터 8건을 '/Users/woong/Roeum/roeum-crawler/data/raw/1492000/가사근로자의 고용개선 등에 관한 법률 시행규칙_chunks.jsonl' 파일로 성공적으로 저장했습니다.
2025-08-20 22:53:12,375 - INFO - [scripts.law.logic.scraper] - 페이지로 이동 중: https://www.law.go.kr/LSW/lsInfoP.do?lsiSeq=234693&efYd=20220218
2025-08-20 22:53:13,118 - INFO - [scripts.law.logic.scraper] - 로딩 마스크가 나타나기를 기다리는 중...
2025-08-20 22:53:13,160 - INFO - [scripts.law.logic.scraper] - 로딩 마스크가 사라지기를 기다리는 중...
2025-08-20 22:53:13,309 - INFO - [scripts.law.logic.scraper] - 페이지 최종 렌더링을 잠시 대기합니다...
2025-08-20 22:53:14,314 - INFO - [scripts.law.logic.scraper] - 페이지 HTML 컨텐츠를 가져오는 중...
2025-08-20 22:53:14,345 - INFO - [scripts.law.logic.scraper] - 데이터 파싱 중...
2025-08-20 22:53:14,449 - INFO - [scripts.law.logic.scraper] - 데이터 1건을 '/Users/woong/Roeum/roeum-crawler/data/raw/1492000/건설근로자의 고용개선 등에 관한 법률_document.jsonl' 파일로 성공적으로 저장했습니다.
2025-08-20 22:53:14,450 - INFO - [scripts.law.logic.scraper] - 데이터 42건을 '/Users/woong/Roeum/roeum-crawler/data/raw/1492000/건설근로자의 고용개선 등에 관한 법률_chunks.jsonl' 파일로 성공적으로 저장했습니다.
2025-08-20 22:53:16,033 - INFO - [scripts.law.logic.scraper] - 페이지로 이동 중: https://www.law.go.kr/LSW/lsInfoP.do?lsiSeq=270619&efYd=20250415
2025-08-20 22:53:16,605 - INFO - [scripts.law.logic.scraper] - 로딩 마스크가 나타나기를 기다리는 중...
2025-08-20 22:53:16,628 - INFO - [scripts.law.logic.scraper] - 로딩 마스크가 사라지기를 기다리는 중...
2025-08-20 22:53:16,996 - INFO - [scripts.law.logic.scraper] - 페이지 최종 렌더링을 잠시 대기합니다...
2025-08-20 22:53:18,000 - INFO - [scripts.law.logic.scraper] - 페이지 HTML 컨텐츠를 가져오는 중...
2025-08-20 22:53:18,035 - INFO - [scripts.law.logic.scraper] - 데이터 파싱 중...
2025-08-20 22:53:18,138 - INFO - [scripts.law.logic.scraper] - 데이터 1건을 '/Users/woong/Roeum/roeum-crawler/data/raw/1492000/건설근로자의 고용개선 등에 관한 법률 시행령_document.jsonl' 파일로 성공적으로 저장했습니다.
2025-08-20 22:53:18,139 - INFO - [scripts.law.logic.scraper] - 데이터 35건을 '/Users/woong/Roeum/roeum-crawler/data/raw/1492000/건설근로자의 고용개선 등에 관한 법률 시행령_chunks.jsonl' 파일로 성공적으로 저장했습니다.
2025-08-20 22:53:19,728 - INFO - [scripts.law.logic.scraper] - 페이지로 이동 중: https://www.law.go.kr/LSW/lsInfoP.do?lsiSeq=265105&efYd=20240828
2025-08-20 22:53:20,364 - INFO - [scripts.law.logic.scraper] - 로딩 마스크가 나타나기를 기다리는 중...
2025-08-20 22:53:20,389 - INFO - [scripts.law.logic.scraper] - 로딩 마스크가 사라지기를 기다리는 중...
2025-08-20 22:53:20,515 - INFO - [scripts.law.logic.scraper] - 페이지 최종 렌더링을 잠시 대기합니다...
2025-08-20 22:53:21,517 - INFO - [scripts.law.logic.scraper] - 페이지 HTML 컨텐츠를 가져오는 중...
2025-08-20 22:53:21,552 - INFO - [scripts.law.logic.scraper] - 데이터 파싱 중...
2025-08-20 22:53:21,651 - INFO - [scripts.law.logic.scraper] - 데이터 1건을 '/Users/woong/Roeum/roeum-crawler/data/raw/1492000/건설근로자의 고용개선 등에 관한 법률 시행규칙_document.jsonl' 파일로 성공적으로 저장했습니다.
2025-08-20 22:53:21,652 - INFO - [scripts.law.logic.scraper] - 데이터 27건을 '/Users/woong/Roeum/roeum-crawler/data/raw/1492000/건설근로자의 고용개선 등에 관한 법률 시행규칙_chunks.jsonl' 파일로 성공적으로 저장했습니다.
2025-08-20 22:53:23,235 - INFO - [scripts.law.logic.scraper] - 페이지로 이동 중: https://www.law.go.kr/LSW/lsInfoP.do?lsiSeq=228177&efYd=20210706
2025-08-20 22:53:23,910 - INFO - [scripts.law.logic.scraper] - 로딩 마스크가 나타나기를 기다리는 중...
2025-08-20 22:53:23,929 - INFO - [scripts.law.logic.scraper] - 로딩 마스크가 사라지기를 기다리는 중...
2025-08-20 22:53:24,726 - INFO - [scripts.law.logic.scraper] - 페이지 최종 렌더링을 잠시 대기합니다...
2025-08-20 22:53:25,729 - INFO - [scripts.law.logic.scraper] - 페이지 HTML 컨텐츠를 가져오는 중...
2025-08-20 22:53:25,741 - INFO - [scripts.law.logic.scraper] - 데이터 파싱 중...
2025-08-20 22:53:25,782 - INFO - [scripts.law.logic.scraper] - 데이터 1건을 '/Users/woong/Roeum/roeum-crawler/data/raw/1492000/경제사회노동위원회법_document.jsonl' 파일로 성공적으로 저장했습니다.
2025-08-20 22:53:25,784 - INFO - [scripts.law.logic.scraper] - 데이터 20건을 '/Users/woong/Roeum/roeum-crawler/data/raw/1492000/경제사회노동위원회법_chunks.jsonl' 파일로 성공적으로 저장했습니다.
2025-08-20 22:53:27,407 - INFO - [scripts.law.logic.scraper] - 페이지로 이동 중: https://www.law.go.kr/LSW/lsInfoP.do?lsiSeq=204361&efYd=20180913
2025-08-20 22:53:28,005 - INFO - [scripts.law.logic.scraper] - 로딩 마스크가 나타나기를 기다리는 중...
2025-08-20 22:53:28,030 - INFO - [scripts.law.logic.scraper] - 로딩 마스크가 사라지기를 기다리는 중...
2025-08-20 22:53:28,316 - INFO - [scripts.law.logic.scraper] - 페이지 최종 렌더링을 잠시 대기합니다...
2025-08-20 22:53:29,318 - INFO - [scripts.law.logic.scraper] - 페이지 HTML 컨텐츠를 가져오는 중...
2025-08-20 22:53:29,342 - INFO - [scripts.law.logic.scraper] - 데이터 파싱 중...
2025-08-20 22:53:29,402 - INFO - [scripts.law.logic.scraper] - 데이터 1건을 '/Users/woong/Roeum/roeum-crawler/data/raw/1492000/경제사회노동위원회법 시행령_document.jsonl' 파일로 성공적으로 저장했습니다.
2025-08-20 22:53:29,403 - INFO - [scripts.law.logic.scraper] - 데이터 17건을 '/Users/woong/Roeum/roeum-crawler/data/raw/1492000/경제사회노동위원회법 시행령_chunks.jsonl' 파일로 성공적으로 저장했습니다.
2025-08-20 22:53:30,986 - INFO - [scripts.law.logic.scraper] - 페이지로 이동 중: https://www.law.go.kr/LSW/lsInfoP.do?lsiSeq=246209&efYd=20221216
2025-08-20 22:53:31,648 - INFO - [scripts.law.logic.scraper] - 로딩 마스크가 나타나기를 기다리는 중...
2025-08-20 22:53:41,655 - WARNING - [scripts.law.logic.scraper] - 로딩 마스크가 감지되지 않았습니다. 페이지 로드가 완료된 것으로 간주하고 계속 진행합니다.
2025-08-20 22:53:41,656 - INFO - [scripts.law.logic.scraper] - 페이지 최종 렌더링을 잠시 대기합니다...
2025-08-20 22:53:42,663 - INFO - [scripts.law.logic.scraper] - 페이지 HTML 컨텐츠를 가져오는 중...
2025-08-20 22:53:42,689 - INFO - [scripts.law.logic.scraper] - 데이터 파싱 중...
2025-08-20 22:53:42,735 - INFO - [scripts.law.logic.scraper] - 데이터 1건을 '/Users/woong/Roeum/roeum-crawler/data/raw/1492000/고용노동부 소관 비상대비에 관한 법률 시행규칙_document.jsonl' 파일로 성공적으로 저장했습니다.
2025-08-20 22:53:42,736 - INFO - [scripts.law.logic.scraper] - 데이터 4건을 '/Users/woong/Roeum/roeum-crawler/data/raw/1492000/고용노동부 소관 비상대비에 관한 법률 시행규칙_chunks.jsonl' 파일로 성공적으로 저장했습니다.
2025-08-20 22:53:44,408 - INFO - [scripts.law.logic.scraper] - 페이지로 이동 중: https://www.law.go.kr/LSW/lsInfoP.do?lsiSeq=193534&efYd=20170419
2025-08-20 22:53:45,014 - INFO - [scripts.law.logic.scraper] - 로딩 마스크가 나타나기를 기다리는 중...
2025-08-20 22:53:45,031 - INFO - [scripts.law.logic.scraper] - 로딩 마스크가 사라지기를 기다리는 중...
2025-08-20 22:53:45,127 - INFO - [scripts.law.logic.scraper] - 페이지 최종 렌더링을 잠시 대기합니다...
2025-08-20 22:53:46,129 - INFO - [scripts.law.logic.scraper] - 페이지 HTML 컨텐츠를 가져오는 중...
2025-08-20 22:53:46,148 - INFO - [scripts.law.logic.scraper] - 데이터 파싱 중...
2025-08-20 22:53:46,212 - INFO - [scripts.law.logic.scraper] - 데이터 1건을 '/Users/woong/Roeum/roeum-crawler/data/raw/1492000/고용노동부 소관 비영리법인의 설립 및 감독에 관한 규칙_document.jsonl' 파일로 성공적으로 저장했습니다.
2025-08-20 22:53:46,212 - INFO - [scripts.law.logic.scraper] - 데이터 13건을 '/Users/woong/Roeum/roeum-crawler/data/raw/1492000/고용노동부 소관 비영리법인의 설립 및 감독에 관한 규칙_chunks.jsonl' 파일로 성공적으로 저장했습니다.
2025-08-20 22:53:47,804 - INFO - [scripts.law.logic.scraper] - 페이지로 이동 중: https://www.law.go.kr/LSW/lsInfoP.do?lsiSeq=271125&efYd=20250520
2025-08-20 22:53:48,426 - INFO - [scripts.law.logic.scraper] - 로딩 마스크가 나타나기를 기다리는 중...
2025-08-20 22:53:48,449 - INFO - [scripts.law.logic.scraper] - 로딩 마스크가 사라지기를 기다리는 중...
2025-08-20 22:53:48,760 - INFO - [scripts.law.logic.scraper] - 페이지 최종 렌더링을 잠시 대기합니다...
2025-08-20 22:53:49,763 - INFO - [scripts.law.logic.scraper] - 페이지 HTML 컨텐츠를 가져오는 중...
2025-08-20 22:53:49,785 - INFO - [scripts.law.logic.scraper] - 데이터 파싱 중...
2025-08-20 22:53:49,919 - INFO - [scripts.law.logic.scraper] - 데이터 1건을 '/Users/woong/Roeum/roeum-crawler/data/raw/1492000/고용노동부와 그 소속기관 직제_document.jsonl' 파일로 성공적으로 저장했습니다.
2025-08-20 22:53:49,920 - INFO - [scripts.law.logic.scraper] - 데이터 50건을 '/Users/woong/Roeum/roeum-crawler/data/raw/1492000/고용노동부와 그 소속기관 직제_chunks.jsonl' 파일로 성공적으로 저장했습니다.
2025-08-20 22:53:51,536 - INFO - [scripts.law.logic.scraper] - 페이지로 이동 중: https://www.law.go.kr/LSW/lsInfoP.do?lsiSeq=271223&efYd=20250602
2025-08-20 22:53:52,170 - INFO - [scripts.law.logic.scraper] - 로딩 마스크가 나타나기를 기다리는 중...
2025-08-20 22:53:52,189 - INFO - [scripts.law.logic.scraper] - 로딩 마스크가 사라지기를 기다리는 중...
2025-08-20 22:53:52,985 - INFO - [scripts.law.logic.scraper] - 페이지 최종 렌더링을 잠시 대기합니다...
2025-08-20 22:53:53,988 - INFO - [scripts.law.logic.scraper] - 페이지 HTML 컨텐츠를 가져오는 중...
2025-08-20 22:53:54,017 - INFO - [scripts.law.logic.scraper] - 데이터 파싱 중...
2025-08-20 22:53:54,235 - INFO - [scripts.law.logic.scraper] - 데이터 1건을 '/Users/woong/Roeum/roeum-crawler/data/raw/1492000/고용노동부와 그 소속기관 직제 시행규칙_document.jsonl' 파일로 성공적으로 저장했습니다.
2025-08-20 22:53:54,236 - INFO - [scripts.law.logic.scraper] - 데이터 39건을 '/Users/woong/Roeum/roeum-crawler/data/raw/1492000/고용노동부와 그 소속기관 직제 시행규칙_chunks.jsonl' 파일로 성공적으로 저장했습니다.
2025-08-20 22:53:55,790 - INFO - [scripts.law.logic.scraper] - 페이지로 이동 중: https://www.law.go.kr/LSW/lsInfoP.do?lsiSeq=247481&efYd=20240101
2025-08-20 22:53:56,368 - INFO - [scripts.law.logic.scraper] - 로딩 마스크가 나타나기를 기다리는 중...
2025-08-20 22:53:56,389 - INFO - [scripts.law.logic.scraper] - 로딩 마스크가 사라지기를 기다리는 중...
2025-08-20 22:53:57,181 - INFO - [scripts.law.logic.scraper] - 페이지 최종 렌더링을 잠시 대기합니다...
2025-08-20 22:53:58,184 - INFO - [scripts.law.logic.scraper] - 페이지 HTML 컨텐츠를 가져오는 중...
2025-08-20 22:53:58,239 - INFO - [scripts.law.logic.scraper] - 데이터 파싱 중...
2025-08-20 22:53:58,450 - INFO - [scripts.law.logic.scraper] - 데이터 1건을 '/Users/woong/Roeum/roeum-crawler/data/raw/1492000/고용보험 및 산업재해보상보험의 보험료징수 등에 관한 법률_document.jsonl' 파일로 성공적으로 저장했습니다.
2025-08-20 22:53:58,451 - INFO - [scripts.law.logic.scraper] - 데이터 95건을 '/Users/woong/Roeum/roeum-crawler/data/raw/1492000/고용보험 및 산업재해보상보험의 보험료징수 등에 관한 법률_chunks.jsonl' 파일로 성공적으로 저장했습니다.
2025-08-20 22:54:00,054 - INFO - [scripts.law.logic.scraper] - 페이지로 이동 중: https://www.law.go.kr/LSW/lsInfoP.do?lsiSeq=271473&efYd=20250602
2025-08-20 22:54:00,672 - INFO - [scripts.law.logic.scraper] - 로딩 마스크가 나타나기를 기다리는 중...
2025-08-20 22:54:00,691 - INFO - [scripts.law.logic.scraper] - 로딩 마스크가 사라지기를 기다리는 중...
2025-08-20 22:54:01,492 - INFO - [scripts.law.logic.scraper] - 페이지 최종 렌더링을 잠시 대기합니다...
2025-08-20 22:54:02,496 - INFO - [scripts.law.logic.scraper] - 페이지 HTML 컨텐츠를 가져오는 중...
2025-08-20 22:54:02,559 - INFO - [scripts.law.logic.scraper] - 데이터 파싱 중...
2025-08-20 22:54:02,817 - INFO - [scripts.law.logic.scraper] - 데이터 1건을 '/Users/woong/Roeum/roeum-crawler/data/raw/1492000/고용보험 및 산업재해보상보험의 보험료징수 등에 관한 법률 시행령_document.jsonl' 파일로 성공적으로 저장했습니다.
2025-08-20 22:54:02,818 - INFO - [scripts.law.logic.scraper] - 데이터 112건을 '/Users/woong/Roeum/roeum-crawler/data/raw/1492000/고용보험 및 산업재해보상보험의 보험료징수 등에 관한 법률 시행령_chunks.jsonl' 파일로 성공적으로 저장했습니다.
2025-08-20 22:54:04,402 - INFO - [scripts.law.logic.scraper] - 페이지로 이동 중: https://www.law.go.kr/LSW/lsInfoP.do?lsiSeq=272679&efYd=20250701
2025-08-20 22:54:04,970 - INFO - [scripts.law.logic.scraper] - 로딩 마스크가 나타나기를 기다리는 중...
2025-08-20 22:54:04,989 - INFO - [scripts.law.logic.scraper] - 로딩 마스크가 사라지기를 기다리는 중...
2025-08-20 22:54:05,785 - INFO - [scripts.law.logic.scraper] - 페이지 최종 렌더링을 잠시 대기합니다...
2025-08-20 22:54:06,789 - INFO - [scripts.law.logic.scraper] - 페이지 HTML 컨텐츠를 가져오는 중...
2025-08-20 22:54:06,870 - INFO - [scripts.law.logic.scraper] - 데이터 파싱 중...
2025-08-20 22:54:07,206 - INFO - [scripts.law.logic.scraper] - 데이터 1건을 '/Users/woong/Roeum/roeum-crawler/data/raw/1492000/고용보험 및 산업재해보상보험의 보험료징수 등에 관한 법률 시행규칙_document.jsonl' 파일로 성공적으로 저장했습니다.
2025-08-20 22:54:07,207 - INFO - [scripts.law.logic.scraper] - 데이터 88건을 '/Users/woong/Roeum/roeum-crawler/data/raw/1492000/고용보험 및 산업재해보상보험의 보험료징수 등에 관한 법률 시행규칙_chunks.jsonl' 파일로 성공적으로 저장했습니다.
2025-08-20 22:54:08,814 - INFO - [scripts.law.logic.scraper] - 페이지로 이동 중: https://www.law.go.kr/LSW/lsInfoP.do?lsiSeq=265957&efYd=20250223
2025-08-20 22:54:09,449 - INFO - [scripts.law.logic.scraper] - 로딩 마스크가 나타나기를 기다리는 중...
2025-08-20 22:54:09,470 - INFO - [scripts.law.logic.scraper] - 로딩 마스크가 사라지기를 기다리는 중...
2025-08-20 22:54:10,365 - INFO - [scripts.law.logic.scraper] - 페이지 최종 렌더링을 잠시 대기합니다...
2025-08-20 22:54:11,368 - INFO - [scripts.law.logic.scraper] - 페이지 HTML 컨텐츠를 가져오는 중...
2025-08-20 22:54:11,429 - INFO - [scripts.law.logic.scraper] - 데이터 파싱 중...
2025-08-20 22:54:11,689 - INFO - [scripts.law.logic.scraper] - 데이터 1건을 '/Users/woong/Roeum/roeum-crawler/data/raw/1492000/고용보험법_document.jsonl' 파일로 성공적으로 저장했습니다.
2025-08-20 22:54:11,691 - INFO - [scripts.law.logic.scraper] - 데이터 147건을 '/Users/woong/Roeum/roeum-crawler/data/raw/1492000/고용보험법_chunks.jsonl' 파일로 성공적으로 저장했습니다.
2025-08-20 22:54:13,279 - INFO - [scripts.law.logic.scraper] - 페이지로 이동 중: https://www.law.go.kr/LSW/lsInfoP.do?lsiSeq=273039&efYd=20250805
2025-08-20 22:54:13,908 - INFO - [scripts.law.logic.scraper] - 로딩 마스크가 나타나기를 기다리는 중...
2025-08-20 22:54:13,937 - INFO - [scripts.law.logic.scraper] - 로딩 마스크가 사라지기를 기다리는 중...
2025-08-20 22:54:14,891 - INFO - [scripts.law.logic.scraper] - 페이지 최종 렌더링을 잠시 대기합니다...
2025-08-20 22:54:15,895 - INFO - [scripts.law.logic.scraper] - 페이지 HTML 컨텐츠를 가져오는 중...
2025-08-20 22:54:15,984 - INFO - [scripts.law.logic.scraper] - 데이터 파싱 중...
2025-08-20 22:54:16,437 - INFO - [scripts.law.logic.scraper] - 데이터 1건을 '/Users/woong/Roeum/roeum-crawler/data/raw/1492000/고용보험법 시행령_document.jsonl' 파일로 성공적으로 저장했습니다.
2025-08-20 22:54:16,439 - INFO - [scripts.law.logic.scraper] - 데이터 208건을 '/Users/woong/Roeum/roeum-crawler/data/raw/1492000/고용보험법 시행령_chunks.jsonl' 파일로 성공적으로 저장했습니다.
2025-08-20 22:54:18,071 - INFO - [scripts.law.logic.scraper] - 페이지로 이동 중: https://www.law.go.kr/LSW/lsInfoP.do?lsiSeq=272635&efYd=20250701
2025-08-20 22:54:18,665 - INFO - [scripts.law.logic.scraper] - 로딩 마스크가 나타나기를 기다리는 중...
2025-08-20 22:54:18,686 - INFO - [scripts.law.logic.scraper] - 로딩 마스크가 사라지기를 기다리는 중...
2025-08-20 22:54:20,401 - INFO - [scripts.law.logic.scraper] - 페이지 최종 렌더링을 잠시 대기합니다...
2025-08-20 22:54:21,404 - INFO - [scripts.law.logic.scraper] - 페이지 HTML 컨텐츠를 가져오는 중...
2025-08-20 22:54:21,515 - INFO - [scripts.law.logic.scraper] - 데이터 파싱 중...
2025-08-20 22:54:22,147 - INFO - [scripts.law.logic.scraper] - 데이터 1건을 '/Users/woong/Roeum/roeum-crawler/data/raw/1492000/고용보험법 시행규칙_document.jsonl' 파일로 성공적으로 저장했습니다.
2025-08-20 22:54:22,149 - INFO - [scripts.law.logic.scraper] - 데이터 197건을 '/Users/woong/Roeum/roeum-crawler/data/raw/1492000/고용보험법 시행규칙_chunks.jsonl' 파일로 성공적으로 저장했습니다.
2025-08-20 22:54:23,759 - INFO - [scripts.law.logic.scraper] - 페이지로 이동 중: https://www.law.go.kr/LSW/lsInfoP.do?lsiSeq=91137&efYd=20090107
2025-08-20 22:54:24,330 - INFO - [scripts.law.logic.scraper] - 로딩 마스크가 나타나기를 기다리는 중...
2025-08-20 22:54:24,350 - INFO - [scripts.law.logic.scraper] - 로딩 마스크가 사라지기를 기다리는 중...
2025-08-20 22:54:24,535 - INFO - [scripts.law.logic.scraper] - 페이지 최종 렌더링을 잠시 대기합니다...
2025-08-20 22:54:25,539 - INFO - [scripts.law.logic.scraper] - 페이지 HTML 컨텐츠를 가져오는 중...
2025-08-20 22:54:25,563 - INFO - [scripts.law.logic.scraper] - 데이터 파싱 중...
2025-08-20 22:54:25,611 - INFO - [scripts.law.logic.scraper] - 데이터 1건을 '/Users/woong/Roeum/roeum-crawler/data/raw/1492000/고용보험ㆍ산업재해보상보험의 보험관계 성립신고 등의 촉진을 위한 특별조치법_document.jsonl' 파일로 성공적으로 저장했습니다.
2025-08-20 22:54:25,611 - INFO - [scripts.law.logic.scraper] - 데이터 9건을 '/Users/woong/Roeum/roeum-crawler/data/raw/1492000/고용보험ㆍ산업재해보상보험의 보험관계 성립신고 등의 촉진을 위한 특별조치법_chunks.jsonl' 파일로 성공적으로 저장했습니다.
2025-08-20 22:54:27,201 - INFO - [scripts.law.logic.scraper] - 페이지로 이동 중: https://www.law.go.kr/LSW/lsInfoP.do?lsiSeq=243057&efYd=20220610
2025-08-20 22:54:27,819 - INFO - [scripts.law.logic.scraper] - 로딩 마스크가 나타나기를 기다리는 중...
2025-08-20 22:54:27,839 - INFO - [scripts.law.logic.scraper] - 로딩 마스크가 사라지기를 기다리는 중...
2025-08-20 22:54:27,994 - INFO - [scripts.law.logic.scraper] - 페이지 최종 렌더링을 잠시 대기합니다...
2025-08-20 22:54:28,998 - INFO - [scripts.law.logic.scraper] - 페이지 HTML 컨텐츠를 가져오는 중...
2025-08-20 22:54:29,029 - INFO - [scripts.law.logic.scraper] - 데이터 파싱 중...
2025-08-20 22:54:29,135 - INFO - [scripts.law.logic.scraper] - 데이터 1건을 '/Users/woong/Roeum/roeum-crawler/data/raw/1492000/고용상 연령차별금지 및 고령자고용촉진에 관한 법률_document.jsonl' 파일로 성공적으로 저장했습니다.
2025-08-20 22:54:29,136 - INFO - [scripts.law.logic.scraper] - 데이터 41건을 '/Users/woong/Roeum/roeum-crawler/data/raw/1492000/고용상 연령차별금지 및 고령자고용촉진에 관한 법률_chunks.jsonl' 파일로 성공적으로 저장했습니다.
2025-08-20 22:54:30,717 - INFO - [scripts.law.logic.scraper] - 페이지로 이동 중: https://www.law.go.kr/LSW/lsInfoP.do?lsiSeq=267181&efYd=20250101
2025-08-20 22:54:31,375 - INFO - [scripts.law.logic.scraper] - 로딩 마스크가 나타나기를 기다리는 중...
2025-08-20 22:54:31,396 - INFO - [scripts.law.logic.scraper] - 로딩 마스크가 사라지기를 기다리는 중...
2025-08-20 22:54:32,189 - INFO - [scripts.law.logic.scraper] - 페이지 최종 렌더링을 잠시 대기합니다...
2025-08-20 22:54:33,194 - INFO - [scripts.law.logic.scraper] - 페이지 HTML 컨텐츠를 가져오는 중...
2025-08-20 22:54:33,225 - INFO - [scripts.law.logic.scraper] - 데이터 파싱 중...
2025-08-20 22:54:33,307 - INFO - [scripts.law.logic.scraper] - 데이터 1건을 '/Users/woong/Roeum/roeum-crawler/data/raw/1492000/고용상 연령차별금지 및 고령자고용촉진에 관한 법률 시행령_document.jsonl' 파일로 성공적으로 저장했습니다.
2025-08-20 22:54:33,308 - INFO - [scripts.law.logic.scraper] - 데이터 22건을 '/Users/woong/Roeum/roeum-crawler/data/raw/1492000/고용상 연령차별금지 및 고령자고용촉진에 관한 법률 시행령_chunks.jsonl' 파일로 성공적으로 저장했습니다.
2025-08-20 22:54:34,897 - INFO - [scripts.law.logic.scraper] - 페이지로 이동 중: https://www.law.go.kr/LSW/lsInfoP.do?lsiSeq=243713&efYd=20220701
2025-08-20 22:54:35,489 - INFO - [scripts.law.logic.scraper] - 로딩 마스크가 나타나기를 기다리는 중...
2025-08-20 22:54:35,510 - INFO - [scripts.law.logic.scraper] - 로딩 마스크가 사라지기를 기다리는 중...
2025-08-20 22:54:35,644 - INFO - [scripts.law.logic.scraper] - 페이지 최종 렌더링을 잠시 대기합니다...
2025-08-20 22:54:36,648 - INFO - [scripts.law.logic.scraper] - 페이지 HTML 컨텐츠를 가져오는 중...
2025-08-20 22:54:36,677 - INFO - [scripts.law.logic.scraper] - 데이터 파싱 중...
2025-08-20 22:54:36,756 - INFO - [scripts.law.logic.scraper] - 데이터 1건을 '/Users/woong/Roeum/roeum-crawler/data/raw/1492000/고용상 연령차별금지 및 고령자고용촉진에 관한 법률 시행규칙_document.jsonl' 파일로 성공적으로 저장했습니다.
2025-08-20 22:54:36,757 - INFO - [scripts.law.logic.scraper] - 데이터 15건을 '/Users/woong/Roeum/roeum-crawler/data/raw/1492000/고용상 연령차별금지 및 고령자고용촉진에 관한 법률 시행규칙_chunks.jsonl' 파일로 성공적으로 저장했습니다.
2025-08-20 22:54:38,339 - INFO - [scripts.law.logic.scraper] - 페이지로 이동 중: https://www.law.go.kr/LSW/lsInfoP.do?lsiSeq=258087&efYd=20240109
2025-08-20 22:54:38,980 - INFO - [scripts.law.logic.scraper] - 로딩 마스크가 나타나기를 기다리는 중...
2025-08-20 22:54:39,000 - INFO - [scripts.law.logic.scraper] - 로딩 마스크가 사라지기를 기다리는 중...
2025-08-20 22:54:39,287 - INFO - [scripts.law.logic.scraper] - 페이지 최종 렌더링을 잠시 대기합니다...
2025-08-20 22:54:40,290 - INFO - [scripts.law.logic.scraper] - 페이지 HTML 컨텐츠를 가져오는 중...
2025-08-20 22:54:40,322 - INFO - [scripts.law.logic.scraper] - 데이터 파싱 중...
2025-08-20 22:54:40,434 - INFO - [scripts.law.logic.scraper] - 데이터 1건을 '/Users/woong/Roeum/roeum-crawler/data/raw/1492000/고용정책 기본법_document.jsonl' 파일로 성공적으로 저장했습니다.
2025-08-20 22:54:40,435 - INFO - [scripts.law.logic.scraper] - 데이터 51건을 '/Users/woong/Roeum/roeum-crawler/data/raw/1492000/고용정책 기본법_chunks.jsonl' 파일로 성공적으로 저장했습니다.
2025-08-20 22:54:42,030 - INFO - [scripts.law.logic.scraper] - 페이지로 이동 중: https://www.law.go.kr/LSW/lsInfoP.do?lsiSeq=270057&efYd=20250325
2025-08-20 22:54:44,494 - INFO - [scripts.law.logic.scraper] - 로딩 마스크가 나타나기를 기다리는 중...
2025-08-20 22:54:44,513 - INFO - [scripts.law.logic.scraper] - 로딩 마스크가 사라지기를 기다리는 중...
2025-08-20 22:54:44,836 - INFO - [scripts.law.logic.scraper] - 페이지 최종 렌더링을 잠시 대기합니다...
2025-08-20 22:54:45,839 - INFO - [scripts.law.logic.scraper] - 페이지 HTML 컨텐츠를 가져오는 중...
2025-08-20 22:54:45,875 - INFO - [scripts.law.logic.scraper] - 데이터 파싱 중...
2025-08-20 22:54:45,990 - INFO - [scripts.law.logic.scraper] - 데이터 1건을 '/Users/woong/Roeum/roeum-crawler/data/raw/1492000/고용정책 기본법 시행령_document.jsonl' 파일로 성공적으로 저장했습니다.
2025-08-20 22:54:45,991 - INFO - [scripts.law.logic.scraper] - 데이터 53건을 '/Users/woong/Roeum/roeum-crawler/data/raw/1492000/고용정책 기본법 시행령_chunks.jsonl' 파일로 성공적으로 저장했습니다.
2025-08-20 22:54:47,570 - INFO - [scripts.law.logic.scraper] - 페이지로 이동 중: https://www.law.go.kr/LSW/lsInfoP.do?lsiSeq=256495&efYd=20231205
2025-08-20 22:54:48,166 - INFO - [scripts.law.logic.scraper] - 로딩 마스크가 나타나기를 기다리는 중...
2025-08-20 22:54:48,210 - INFO - [scripts.law.logic.scraper] - 로딩 마스크가 사라지기를 기다리는 중...
2025-08-20 22:54:48,215 - INFO - [scripts.law.logic.scraper] - 페이지 최종 렌더링을 잠시 대기합니다...
2025-08-20 22:54:49,218 - INFO - [scripts.law.logic.scraper] - 페이지 HTML 컨텐츠를 가져오는 중...
2025-08-20 22:54:49,243 - INFO - [scripts.law.logic.scraper] - 데이터 파싱 중...
2025-08-20 22:54:49,295 - INFO - [scripts.law.logic.scraper] - 데이터 1건을 '/Users/woong/Roeum/roeum-crawler/data/raw/1492000/고용정책 기본법 시행규칙_document.jsonl' 파일로 성공적으로 저장했습니다.
2025-08-20 22:54:49,295 - INFO - [scripts.law.logic.scraper] - 데이터 7건을 '/Users/woong/Roeum/roeum-crawler/data/raw/1492000/고용정책 기본법 시행규칙_chunks.jsonl' 파일로 성공적으로 저장했습니다.
2025-08-20 22:54:51,036 - INFO - [scripts.law.logic.scraper] - 페이지로 이동 중: https://www.law.go.kr/LSW/lsInfoP.do?lsiSeq=243037&efYd=20231211
2025-08-20 22:54:51,654 - INFO - [scripts.law.logic.scraper] - 로딩 마스크가 나타나기를 기다리는 중...
2025-08-20 22:54:51,672 - INFO - [scripts.law.logic.scraper] - 로딩 마스크가 사라지기를 기다리는 중...
2025-08-20 22:54:52,011 - INFO - [scripts.law.logic.scraper] - 페이지 최종 렌더링을 잠시 대기합니다...
2025-08-20 22:54:53,015 - INFO - [scripts.law.logic.scraper] - 페이지 HTML 컨텐츠를 가져오는 중...
2025-08-20 22:54:53,043 - INFO - [scripts.law.logic.scraper] - 데이터 파싱 중...
2025-08-20 22:54:53,124 - INFO - [scripts.law.logic.scraper] - 데이터 1건을 '/Users/woong/Roeum/roeum-crawler/data/raw/1492000/공무원의 노동조합 설립 및 운영 등에 관한 법률_document.jsonl' 파일로 성공적으로 저장했습니다.
2025-08-20 22:54:53,125 - INFO - [scripts.law.logic.scraper] - 데이터 20건을 '/Users/woong/Roeum/roeum-crawler/data/raw/1492000/공무원의 노동조합 설립 및 운영 등에 관한 법률_chunks.jsonl' 파일로 성공적으로 저장했습니다.
2025-08-20 22:54:54,707 - INFO - [scripts.law.logic.scraper] - 페이지로 이동 중: https://www.law.go.kr/LSW/lsInfoP.do?lsiSeq=256437&efYd=20231211
2025-08-20 22:54:55,337 - INFO - [scripts.law.logic.scraper] - 로딩 마스크가 나타나기를 기다리는 중...
2025-08-20 22:54:55,356 - INFO - [scripts.law.logic.scraper] - 로딩 마스크가 사라지기를 기다리는 중...
2025-08-20 22:54:55,541 - INFO - [scripts.law.logic.scraper] - 페이지 최종 렌더링을 잠시 대기합니다...
2025-08-20 22:54:56,545 - INFO - [scripts.law.logic.scraper] - 페이지 HTML 컨텐츠를 가져오는 중...
2025-08-20 22:54:56,572 - INFO - [scripts.law.logic.scraper] - 데이터 파싱 중...
2025-08-20 22:54:56,651 - INFO - [scripts.law.logic.scraper] - 데이터 1건을 '/Users/woong/Roeum/roeum-crawler/data/raw/1492000/공무원의 노동조합 설립 및 운영 등에 관한 법률 시행령_document.jsonl' 파일로 성공적으로 저장했습니다.
2025-08-20 22:54:56,651 - INFO - [scripts.law.logic.scraper] - 데이터 22건을 '/Users/woong/Roeum/roeum-crawler/data/raw/1492000/공무원의 노동조합 설립 및 운영 등에 관한 법률 시행령_chunks.jsonl' 파일로 성공적으로 저장했습니다.
2025-08-20 22:54:58,260 - INFO - [scripts.law.logic.scraper] - 페이지로 이동 중: https://www.law.go.kr/LSW/lsInfoP.do?lsiSeq=257903&efYd=20240101
2025-08-20 22:54:58,818 - INFO - [scripts.law.logic.scraper] - 로딩 마스크가 나타나기를 기다리는 중...
2025-08-20 22:54:58,837 - INFO - [scripts.law.logic.scraper] - 로딩 마스크가 사라지기를 기다리는 중...
2025-08-20 22:54:58,937 - INFO - [scripts.law.logic.scraper] - 페이지 최종 렌더링을 잠시 대기합니다...
2025-08-20 22:54:59,939 - INFO - [scripts.law.logic.scraper] - 페이지 HTML 컨텐츠를 가져오는 중...
2025-08-20 22:54:59,971 - INFO - [scripts.law.logic.scraper] - 데이터 파싱 중...
2025-08-20 22:55:00,051 - INFO - [scripts.law.logic.scraper] - 데이터 1건을 '/Users/woong/Roeum/roeum-crawler/data/raw/1492000/공무원의 노동조합 설립 및 운영 등에 관한 법률 시행규칙_document.jsonl' 파일로 성공적으로 저장했습니다.
2025-08-20 22:55:00,051 - INFO - [scripts.law.logic.scraper] - 데이터 6건을 '/Users/woong/Roeum/roeum-crawler/data/raw/1492000/공무원의 노동조합 설립 및 운영 등에 관한 법률 시행규칙_chunks.jsonl' 파일로 성공적으로 저장했습니다.
2025-08-20 22:55:01,635 - INFO - [scripts.law.logic.scraper] - 페이지로 이동 중: https://www.law.go.kr/LSW/lsInfoP.do?lsiSeq=243059&efYd=20221211
2025-08-20 22:55:02,608 - INFO - [scripts.law.logic.scraper] - 로딩 마스크가 나타나기를 기다리는 중...
2025-08-20 22:55:02,626 - INFO - [scripts.law.logic.scraper] - 로딩 마스크가 사라지기를 기다리는 중...
2025-08-20 22:55:02,871 - INFO - [scripts.law.logic.scraper] - 페이지 최종 렌더링을 잠시 대기합니다...
2025-08-20 22:55:03,874 - INFO - [scripts.law.logic.scraper] - 페이지 HTML 컨텐츠를 가져오는 중...
2025-08-20 22:55:03,908 - INFO - [scripts.law.logic.scraper] - 데이터 파싱 중...
2025-08-20 22:55:04,032 - INFO - [scripts.law.logic.scraper] - 데이터 1건을 '/Users/woong/Roeum/roeum-crawler/data/raw/1492000/공인노무사법_document.jsonl' 파일로 성공적으로 저장했습니다.
2025-08-20 22:55:04,033 - INFO - [scripts.law.logic.scraper] - 데이터 56건을 '/Users/woong/Roeum/roeum-crawler/data/raw/1492000/공인노무사법_chunks.jsonl' 파일로 성공적으로 저장했습니다.
2025-08-20 22:55:05,631 - INFO - [scripts.law.logic.scraper] - 페이지로 이동 중: https://www.law.go.kr/LSW/lsInfoP.do?lsiSeq=265549&efYd=20240926
2025-08-20 22:55:06,364 - INFO - [scripts.law.logic.scraper] - 로딩 마스크가 나타나기를 기다리는 중...
2025-08-20 22:55:06,407 - INFO - [scripts.law.logic.scraper] - 로딩 마스크가 사라지기를 기다리는 중...
2025-08-20 22:55:06,559 - INFO - [scripts.law.logic.scraper] - 페이지 최종 렌더링을 잠시 대기합니다...
2025-08-20 22:55:07,564 - INFO - [scripts.law.logic.scraper] - 페이지 HTML 컨텐츠를 가져오는 중...
2025-08-20 22:55:07,602 - INFO - [scripts.law.logic.scraper] - 데이터 파싱 중...
2025-08-20 22:55:07,731 - INFO - [scripts.law.logic.scraper] - 데이터 1건을 '/Users/woong/Roeum/roeum-crawler/data/raw/1492000/공인노무사법 시행령_document.jsonl' 파일로 성공적으로 저장했습니다.
2025-08-20 22:55:07,732 - INFO - [scripts.law.logic.scraper] - 데이터 56건을 '/Users/woong/Roeum/roeum-crawler/data/raw/1492000/공인노무사법 시행령_chunks.jsonl' 파일로 성공적으로 저장했습니다.
2025-08-20 22:55:09,319 - INFO - [scripts.law.logic.scraper] - 페이지로 이동 중: https://www.law.go.kr/LSW/lsInfoP.do?lsiSeq=247371&efYd=20221230
2025-08-20 22:55:09,893 - INFO - [scripts.law.logic.scraper] - 로딩 마스크가 나타나기를 기다리는 중...
2025-08-20 22:55:09,914 - INFO - [scripts.law.logic.scraper] - 로딩 마스크가 사라지기를 기다리는 중...
2025-08-20 22:55:10,264 - INFO - [scripts.law.logic.scraper] - 페이지 최종 렌더링을 잠시 대기합니다...
2025-08-20 22:55:11,266 - INFO - [scripts.law.logic.scraper] - 페이지 HTML 컨텐츠를 가져오는 중...
2025-08-20 22:55:11,424 - INFO - [scripts.law.logic.scraper] - 데이터 파싱 중...
2025-08-20 22:55:11,613 - INFO - [scripts.law.logic.scraper] - 데이터 1건을 '/Users/woong/Roeum/roeum-crawler/data/raw/1492000/공인노무사법 시행규칙_document.jsonl' 파일로 성공적으로 저장했습니다.
2025-08-20 22:55:11,614 - INFO - [scripts.law.logic.scraper] - 데이터 39건을 '/Users/woong/Roeum/roeum-crawler/data/raw/1492000/공인노무사법 시행규칙_chunks.jsonl' 파일로 성공적으로 저장했습니다.
2025-08-20 22:55:13,293 - INFO - [scripts.law.logic.scraper] - 페이지로 이동 중: https://www.law.go.kr/LSW/lsInfoP.do?lsiSeq=233829&efYd=20220101
2025-08-20 22:55:13,960 - INFO - [scripts.law.logic.scraper] - 로딩 마스크가 나타나기를 기다리는 중...
2025-08-20 22:55:13,979 - INFO - [scripts.law.logic.scraper] - 로딩 마스크가 사라지기를 기다리는 중...
2025-08-20 22:55:14,061 - INFO - [scripts.law.logic.scraper] - 페이지 최종 렌더링을 잠시 대기합니다...
2025-08-20 22:55:15,064 - INFO - [scripts.law.logic.scraper] - 페이지 HTML 컨텐츠를 가져오는 중...
2025-08-20 22:55:15,086 - INFO - [scripts.law.logic.scraper] - 데이터 파싱 중...
2025-08-20 22:55:15,128 - INFO - [scripts.law.logic.scraper] - 데이터 1건을 '/Users/woong/Roeum/roeum-crawler/data/raw/1492000/공휴일에 관한 법률_document.jsonl' 파일로 성공적으로 저장했습니다.
2025-08-20 22:55:15,128 - INFO - [scripts.law.logic.scraper] - 데이터 4건을 '/Users/woong/Roeum/roeum-crawler/data/raw/1492000/공휴일에 관한 법률_chunks.jsonl' 파일로 성공적으로 저장했습니다.
2025-08-20 22:55:16,716 - INFO - [scripts.law.logic.scraper] - 페이지로 이동 중: https://www.law.go.kr/LSW/lsInfoP.do?lsiSeq=243039&efYd=20231211
2025-08-20 22:55:17,392 - INFO - [scripts.law.logic.scraper] - 로딩 마스크가 나타나기를 기다리는 중...
2025-08-20 22:55:17,416 - INFO - [scripts.law.logic.scraper] - 로딩 마스크가 사라지기를 기다리는 중...
2025-08-20 22:55:17,503 - INFO - [scripts.law.logic.scraper] - 페이지 최종 렌더링을 잠시 대기합니다...
2025-08-20 22:55:18,505 - INFO - [scripts.law.logic.scraper] - 페이지 HTML 컨텐츠를 가져오는 중...
2025-08-20 22:55:18,521 - INFO - [scripts.law.logic.scraper] - 데이터 파싱 중...
2025-08-20 22:55:18,586 - INFO - [scripts.law.logic.scraper] - 데이터 1건을 '/Users/woong/Roeum/roeum-crawler/data/raw/1492000/교원의 노동조합 설립 및 운영 등에 관한 법률_document.jsonl' 파일로 성공적으로 저장했습니다.
2025-08-20 22:55:18,586 - INFO - [scripts.law.logic.scraper] - 데이터 18건을 '/Users/woong/Roeum/roeum-crawler/data/raw/1492000/교원의 노동조합 설립 및 운영 등에 관한 법률_chunks.jsonl' 파일로 성공적으로 저장했습니다.
2025-08-20 22:55:20,186 - INFO - [scripts.law.logic.scraper] - 페이지로 이동 중: https://www.law.go.kr/LSW/lsInfoP.do?lsiSeq=256439&efYd=20231211
2025-08-20 22:55:20,766 - INFO - [scripts.law.logic.scraper] - 로딩 마스크가 나타나기를 기다리는 중...
2025-08-20 22:55:20,797 - INFO - [scripts.law.logic.scraper] - 로딩 마스크가 사라지기를 기다리는 중...
2025-08-20 22:55:21,083 - INFO - [scripts.law.logic.scraper] - 페이지 최종 렌더링을 잠시 대기합니다...
2025-08-20 22:55:22,086 - INFO - [scripts.law.logic.scraper] - 페이지 HTML 컨텐츠를 가져오는 중...
2025-08-20 22:55:22,114 - INFO - [scripts.law.logic.scraper] - 데이터 파싱 중...
2025-08-20 22:55:22,189 - INFO - [scripts.law.logic.scraper] - 데이터 1건을 '/Users/woong/Roeum/roeum-crawler/data/raw/1492000/교원의 노동조합 설립 및 운영 등에 관한 법률 시행령_document.jsonl' 파일로 성공적으로 저장했습니다.
2025-08-20 22:55:22,189 - INFO - [scripts.law.logic.scraper] - 데이터 18건을 '/Users/woong/Roeum/roeum-crawler/data/raw/1492000/교원의 노동조합 설립 및 운영 등에 관한 법률 시행령_chunks.jsonl' 파일로 성공적으로 저장했습니다.
2025-08-20 22:55:23,764 - INFO - [scripts.law.logic.scraper] - 페이지로 이동 중: https://www.law.go.kr/LSW/lsInfoP.do?lsiSeq=233793&efYd=20210706
2025-08-20 22:55:24,460 - INFO - [scripts.law.logic.scraper] - 로딩 마스크가 나타나기를 기다리는 중...
2025-08-20 22:55:24,486 - INFO - [scripts.law.logic.scraper] - 로딩 마스크가 사라지기를 기다리는 중...
2025-08-20 22:55:24,521 - INFO - [scripts.law.logic.scraper] - 페이지 최종 렌더링을 잠시 대기합니다...
2025-08-20 22:55:25,524 - INFO - [scripts.law.logic.scraper] - 페이지 HTML 컨텐츠를 가져오는 중...
2025-08-20 22:55:25,534 - INFO - [scripts.law.logic.scraper] - 데이터 파싱 중...
2025-08-20 22:55:25,561 - INFO - [scripts.law.logic.scraper] - 데이터 1건을 '/Users/woong/Roeum/roeum-crawler/data/raw/1492000/교원의 노동조합 설립 및 운영 등에 관한 법률 시행규칙_document.jsonl' 파일로 성공적으로 저장했습니다.
2025-08-20 22:55:25,561 - INFO - [scripts.law.logic.scraper] - 데이터 3건을 '/Users/woong/Roeum/roeum-crawler/data/raw/1492000/교원의 노동조합 설립 및 운영 등에 관한 법률 시행규칙_chunks.jsonl' 파일로 성공적으로 저장했습니다.
2025-08-20 22:55:27,231 - INFO - [scripts.law.logic.scraper] - 페이지로 이동 중: https://www.law.go.kr/LSW/lsInfoP.do?lsiSeq=253641&efYd=20240209
2025-08-20 22:55:27,829 - INFO - [scripts.law.logic.scraper] - 로딩 마스크가 나타나기를 기다리는 중...
2025-08-20 22:55:27,850 - INFO - [scripts.law.logic.scraper] - 로딩 마스크가 사라지기를 기다리는 중...
2025-08-20 22:55:30,663 - INFO - [scripts.law.logic.scraper] - 페이지 최종 렌더링을 잠시 대기합니다...
2025-08-20 22:55:31,668 - INFO - [scripts.law.logic.scraper] - 페이지 HTML 컨텐츠를 가져오는 중...
2025-08-20 22:55:31,700 - INFO - [scripts.law.logic.scraper] - 데이터 파싱 중...
2025-08-20 22:55:31,795 - INFO - [scripts.law.logic.scraper] - 데이터 1건을 '/Users/woong/Roeum/roeum-crawler/data/raw/1492000/구직자 취업촉진 및 생활안정지원에 관한 법률_document.jsonl' 파일로 성공적으로 저장했습니다.
2025-08-20 22:55:31,796 - INFO - [scripts.law.logic.scraper] - 데이터 40건을 '/Users/woong/Roeum/roeum-crawler/data/raw/1492000/구직자 취업촉진 및 생활안정지원에 관한 법률_chunks.jsonl' 파일로 성공적으로 저장했습니다.
2025-08-20 22:55:33,388 - INFO - [scripts.law.logic.scraper] - 페이지로 이동 중: https://www.law.go.kr/LSW/lsInfoP.do?lsiSeq=260081&efYd=20240209
2025-08-20 22:55:33,988 - INFO - [scripts.law.logic.scraper] - 로딩 마스크가 나타나기를 기다리는 중...
2025-08-20 22:55:34,007 - INFO - [scripts.law.logic.scraper] - 로딩 마스크가 사라지기를 기다리는 중...
2025-08-20 22:55:34,133 - INFO - [scripts.law.logic.scraper] - 페이지 최종 렌더링을 잠시 대기합니다...
2025-08-20 22:55:35,136 - INFO - [scripts.law.logic.scraper] - 페이지 HTML 컨텐츠를 가져오는 중...
2025-08-20 22:55:35,167 - INFO - [scripts.law.logic.scraper] - 데이터 파싱 중...
2025-08-20 22:55:35,259 - INFO - [scripts.law.logic.scraper] - 데이터 1건을 '/Users/woong/Roeum/roeum-crawler/data/raw/1492000/구직자 취업촉진 및 생활안정지원에 관한 법률 시행령_document.jsonl' 파일로 성공적으로 저장했습니다.
2025-08-20 22:55:35,260 - INFO - [scripts.law.logic.scraper] - 데이터 18건을 '/Users/woong/Roeum/roeum-crawler/data/raw/1492000/구직자 취업촉진 및 생활안정지원에 관한 법률 시행령_chunks.jsonl' 파일로 성공적으로 저장했습니다.
2025-08-20 22:55:36,830 - INFO - [scripts.law.logic.scraper] - 페이지로 이동 중: https://www.law.go.kr/LSW/lsInfoP.do?lsiSeq=260439&efYd=20240213
2025-08-20 22:55:37,476 - INFO - [scripts.law.logic.scraper] - 로딩 마스크가 나타나기를 기다리는 중...
2025-08-20 22:55:37,497 - INFO - [scripts.law.logic.scraper] - 로딩 마스크가 사라지기를 기다리는 중...
2025-08-20 22:55:37,682 - INFO - [scripts.law.logic.scraper] - 페이지 최종 렌더링을 잠시 대기합니다...
2025-08-20 22:55:38,687 - INFO - [scripts.law.logic.scraper] - 페이지 HTML 컨텐츠를 가져오는 중...
2025-08-20 22:55:38,719 - INFO - [scripts.law.logic.scraper] - 데이터 파싱 중...
2025-08-20 22:55:38,808 - INFO - [scripts.law.logic.scraper] - 데이터 1건을 '/Users/woong/Roeum/roeum-crawler/data/raw/1492000/구직자 취업촉진 및 생활안정지원에 관한 법률 시행규칙_document.jsonl' 파일로 성공적으로 저장했습니다.
2025-08-20 22:55:38,809 - INFO - [scripts.law.logic.scraper] - 데이터 20건을 '/Users/woong/Roeum/roeum-crawler/data/raw/1492000/구직자 취업촉진 및 생활안정지원에 관한 법률 시행규칙_chunks.jsonl' 파일로 성공적으로 저장했습니다.
2025-08-20 22:55:40,392 - INFO - [scripts.law.logic.scraper] - 페이지로 이동 중: https://www.law.go.kr/LSW/lsInfoP.do?lsiSeq=243041&efYd=20220610
2025-08-20 22:55:40,980 - INFO - [scripts.law.logic.scraper] - 로딩 마스크가 나타나기를 기다리는 중...
2025-08-20 22:55:41,001 - INFO - [scripts.law.logic.scraper] - 로딩 마스크가 사라지기를 기다리는 중...
2025-08-20 22:55:41,797 - INFO - [scripts.law.logic.scraper] - 페이지 최종 렌더링을 잠시 대기합니다...
2025-08-20 22:55:42,801 - INFO - [scripts.law.logic.scraper] - 페이지 HTML 컨텐츠를 가져오는 중...
2025-08-20 22:55:42,833 - INFO - [scripts.law.logic.scraper] - 데이터 파싱 중...
2025-08-20 22:55:42,934 - INFO - [scripts.law.logic.scraper] - 데이터 1건을 '/Users/woong/Roeum/roeum-crawler/data/raw/1492000/국가기술자격법_document.jsonl' 파일로 성공적으로 저장했습니다.
2025-08-20 22:55:42,936 - INFO - [scripts.law.logic.scraper] - 데이터 42건을 '/Users/woong/Roeum/roeum-crawler/data/raw/1492000/국가기술자격법_chunks.jsonl' 파일로 성공적으로 저장했습니다.
2025-08-20 22:55:44,522 - INFO - [scripts.law.logic.scraper] - 페이지로 이동 중: https://www.law.go.kr/LSW/lsInfoP.do?lsiSeq=263305&efYd=20240627
2025-08-20 22:55:45,151 - INFO - [scripts.law.logic.scraper] - 로딩 마스크가 나타나기를 기다리는 중...
2025-08-20 22:55:45,171 - INFO - [scripts.law.logic.scraper] - 로딩 마스크가 사라지기를 기다리는 중...
2025-08-20 22:55:45,970 - INFO - [scripts.law.logic.scraper] - 페이지 최종 렌더링을 잠시 대기합니다...
2025-08-20 22:55:46,973 - INFO - [scripts.law.logic.scraper] - 페이지 HTML 컨텐츠를 가져오는 중...
2025-08-20 22:55:47,016 - INFO - [scripts.law.logic.scraper] - 데이터 파싱 중...
2025-08-20 22:55:47,148 - INFO - [scripts.law.logic.scraper] - 데이터 1건을 '/Users/woong/Roeum/roeum-crawler/data/raw/1492000/국가기술자격법 시행령_document.jsonl' 파일로 성공적으로 저장했습니다.
2025-08-20 22:55:47,150 - INFO - [scripts.law.logic.scraper] - 데이터 46건을 '/Users/woong/Roeum/roeum-crawler/data/raw/1492000/국가기술자격법 시행령_chunks.jsonl' 파일로 성공적으로 저장했습니다.
2025-08-20 22:55:48,746 - INFO - [scripts.law.logic.scraper] - 페이지로 이동 중: https://www.law.go.kr/LSW/lsInfoP.do?lsiSeq=269697&efYd=20260101
2025-08-20 22:55:49,316 - INFO - [scripts.law.logic.scraper] - 로딩 마스크가 나타나기를 기다리는 중...
2025-08-20 22:55:49,343 - INFO - [scripts.law.logic.scraper] - 로딩 마스크가 사라지기를 기다리는 중...
2025-08-20 22:55:50,140 - INFO - [scripts.law.logic.scraper] - 페이지 최종 렌더링을 잠시 대기합니다...
2025-08-20 22:55:51,144 - INFO - [scripts.law.logic.scraper] - 페이지 HTML 컨텐츠를 가져오는 중...
2025-08-20 22:55:51,180 - INFO - [scripts.law.logic.scraper] - 데이터 파싱 중...
2025-08-20 22:55:51,300 - INFO - [scripts.law.logic.scraper] - 데이터 1건을 '/Users/woong/Roeum/roeum-crawler/data/raw/1492000/국가기술자격법 시행령_document.jsonl' 파일로 성공적으로 저장했습니다.
2025-08-20 22:55:51,300 - INFO - [scripts.law.logic.scraper] - 데이터 46건을 '/Users/woong/Roeum/roeum-crawler/data/raw/1492000/국가기술자격법 시행령_chunks.jsonl' 파일로 성공적으로 저장했습니다.
2025-08-20 22:55:52,877 - INFO - [scripts.law.logic.scraper] - 페이지로 이동 중: https://www.law.go.kr/LSW/lsInfoP.do?lsiSeq=265027&efYd=20260101
2025-08-20 22:55:53,478 - INFO - [scripts.law.logic.scraper] - 로딩 마스크가 나타나기를 기다리는 중...
2025-08-20 22:55:53,507 - INFO - [scripts.law.logic.scraper] - 로딩 마스크가 사라지기를 기다리는 중...
2025-08-20 22:55:53,720 - INFO - [scripts.law.logic.scraper] - 페이지 최종 렌더링을 잠시 대기합니다...
2025-08-20 22:55:54,723 - INFO - [scripts.law.logic.scraper] - 페이지 HTML 컨텐츠를 가져오는 중...
2025-08-20 22:55:54,760 - INFO - [scripts.law.logic.scraper] - 데이터 파싱 중...
2025-08-20 22:55:54,879 - INFO - [scripts.law.logic.scraper] - 데이터 1건을 '/Users/woong/Roeum/roeum-crawler/data/raw/1492000/국가기술자격법 시행령_document.jsonl' 파일로 성공적으로 저장했습니다.
2025-08-20 22:55:54,880 - INFO - [scripts.law.logic.scraper] - 데이터 46건을 '/Users/woong/Roeum/roeum-crawler/data/raw/1492000/국가기술자격법 시행령_chunks.jsonl' 파일로 성공적으로 저장했습니다.
2025-08-20 22:55:56,465 - INFO - [scripts.law.logic.scraper] - 페이지로 이동 중: https://www.law.go.kr/LSW/lsInfoP.do?lsiSeq=266183&efYd=20250101
2025-08-20 22:55:57,107 - INFO - [scripts.law.logic.scraper] - 로딩 마스크가 나타나기를 기다리는 중...
2025-08-20 22:55:57,131 - INFO - [scripts.law.logic.scraper] - 로딩 마스크가 사라지기를 기다리는 중...
2025-08-20 22:55:58,133 - INFO - [scripts.law.logic.scraper] - 페이지 최종 렌더링을 잠시 대기합니다...
2025-08-20 22:55:59,137 - INFO - [scripts.law.logic.scraper] - 페이지 HTML 컨텐츠를 가져오는 중...
2025-08-20 22:55:59,207 - INFO - [scripts.law.logic.scraper] - 데이터 파싱 중...
2025-08-20 22:55:59,452 - INFO - [scripts.law.logic.scraper] - 데이터 1건을 '/Users/woong/Roeum/roeum-crawler/data/raw/1492000/국가기술자격법 시행규칙_document.jsonl' 파일로 성공적으로 저장했습니다.
2025-08-20 22:55:59,454 - INFO - [scripts.law.logic.scraper] - 데이터 62건을 '/Users/woong/Roeum/roeum-crawler/data/raw/1492000/국가기술자격법 시행규칙_chunks.jsonl' 파일로 성공적으로 저장했습니다.
2025-08-20 22:56:01,053 - INFO - [scripts.law.logic.scraper] - 페이지로 이동 중: https://www.law.go.kr/LSW/lsInfoP.do?lsiSeq=266183&efYd=20260101
2025-08-20 22:56:01,676 - INFO - [scripts.law.logic.scraper] - 로딩 마스크가 나타나기를 기다리는 중...
2025-08-20 22:56:01,696 - INFO - [scripts.law.logic.scraper] - 로딩 마스크가 사라지기를 기다리는 중...
2025-08-20 22:56:02,496 - INFO - [scripts.law.logic.scraper] - 페이지 최종 렌더링을 잠시 대기합니다...
2025-08-20 22:56:03,499 - INFO - [scripts.law.logic.scraper] - 페이지 HTML 컨텐츠를 가져오는 중...
2025-08-20 22:56:03,566 - INFO - [scripts.law.logic.scraper] - 데이터 파싱 중...
2025-08-20 22:56:03,790 - INFO - [scripts.law.logic.scraper] - 데이터 1건을 '/Users/woong/Roeum/roeum-crawler/data/raw/1492000/국가기술자격법 시행규칙_document.jsonl' 파일로 성공적으로 저장했습니다.
2025-08-20 22:56:03,791 - INFO - [scripts.law.logic.scraper] - 데이터 62건을 '/Users/woong/Roeum/roeum-crawler/data/raw/1492000/국가기술자격법 시행규칙_chunks.jsonl' 파일로 성공적으로 저장했습니다.
2025-08-20 22:56:05,390 - INFO - [scripts.law.logic.scraper] - 페이지로 이동 중: https://www.law.go.kr/LSW/lsInfoP.do?lsiSeq=256115&efYd=20260101
2025-08-20 22:56:05,960 - INFO - [scripts.law.logic.scraper] - 로딩 마스크가 나타나기를 기다리는 중...
2025-08-20 22:56:05,980 - INFO - [scripts.law.logic.scraper] - 로딩 마스크가 사라지기를 기다리는 중...
2025-08-20 22:56:07,285 - INFO - [scripts.law.logic.scraper] - 페이지 최종 렌더링을 잠시 대기합니다...
2025-08-20 22:56:08,290 - INFO - [scripts.law.logic.scraper] - 페이지 HTML 컨텐츠를 가져오는 중...
2025-08-20 22:56:08,356 - INFO - [scripts.law.logic.scraper] - 데이터 파싱 중...
2025-08-20 22:56:08,578 - INFO - [scripts.law.logic.scraper] - 데이터 1건을 '/Users/woong/Roeum/roeum-crawler/data/raw/1492000/국가기술자격법 시행규칙_document.jsonl' 파일로 성공적으로 저장했습니다.
2025-08-20 22:56:08,578 - INFO - [scripts.law.logic.scraper] - 데이터 62건을 '/Users/woong/Roeum/roeum-crawler/data/raw/1492000/국가기술자격법 시행규칙_chunks.jsonl' 파일로 성공적으로 저장했습니다.
2025-08-20 22:56:10,184 - INFO - [scripts.law.logic.scraper] - 페이지로 이동 중: https://www.law.go.kr/LSW/lsInfoP.do?lsiSeq=247245&efYd=20230704
2025-08-20 22:56:10,782 - INFO - [scripts.law.logic.scraper] - 로딩 마스크가 나타나기를 기다리는 중...
2025-08-20 22:56:10,802 - INFO - [scripts.law.logic.scraper] - 로딩 마스크가 사라지기를 기다리는 중...
2025-08-20 22:56:11,598 - INFO - [scripts.law.logic.scraper] - 페이지 최종 렌더링을 잠시 대기합니다...
2025-08-20 22:56:12,602 - INFO - [scripts.law.logic.scraper] - 페이지 HTML 컨텐츠를 가져오는 중...
2025-08-20 22:56:12,650 - INFO - [scripts.law.logic.scraper] - 데이터 파싱 중...
2025-08-20 22:56:12,826 - INFO - [scripts.law.logic.scraper] - 데이터 1건을 '/Users/woong/Roeum/roeum-crawler/data/raw/1492000/국민 평생 직업능력 개발법_document.jsonl' 파일로 성공적으로 저장했습니다.
2025-08-20 22:56:12,828 - INFO - [scripts.law.logic.scraper] - 데이터 86건을 '/Users/woong/Roeum/roeum-crawler/data/raw/1492000/국민 평생 직업능력 개발법_chunks.jsonl' 파일로 성공적으로 저장했습니다.
2025-08-20 22:56:14,412 - INFO - [scripts.law.logic.scraper] - 페이지로 이동 중: https://www.law.go.kr/LSW/lsInfoP.do?lsiSeq=271475&efYd=20250602
2025-08-20 22:56:15,000 - INFO - [scripts.law.logic.scraper] - 로딩 마스크가 나타나기를 기다리는 중...
2025-08-20 22:56:15,019 - INFO - [scripts.law.logic.scraper] - 로딩 마스크가 사라지기를 기다리는 중...
2025-08-20 22:56:15,326 - INFO - [scripts.law.logic.scraper] - 페이지 최종 렌더링을 잠시 대기합니다...
2025-08-20 22:56:16,329 - INFO - [scripts.law.logic.scraper] - 페이지 HTML 컨텐츠를 가져오는 중...
2025-08-20 22:56:16,379 - INFO - [scripts.law.logic.scraper] - 데이터 파싱 중...
2025-08-20 22:56:16,573 - INFO - [scripts.law.logic.scraper] - 데이터 1건을 '/Users/woong/Roeum/roeum-crawler/data/raw/1492000/국민 평생 직업능력 개발법 시행령_document.jsonl' 파일로 성공적으로 저장했습니다.
2025-08-20 22:56:16,574 - INFO - [scripts.law.logic.scraper] - 데이터 75건을 '/Users/woong/Roeum/roeum-crawler/data/raw/1492000/국민 평생 직업능력 개발법 시행령_chunks.jsonl' 파일로 성공적으로 저장했습니다.
2025-08-20 22:56:18,167 - INFO - [scripts.law.logic.scraper] - 페이지로 이동 중: https://www.law.go.kr/LSW/lsInfoP.do?lsiSeq=271525&efYd=20250602
2025-08-20 22:56:18,763 - INFO - [scripts.law.logic.scraper] - 로딩 마스크가 나타나기를 기다리는 중...
2025-08-20 22:56:18,787 - INFO - [scripts.law.logic.scraper] - 로딩 마스크가 사라지기를 기다리는 중...
2025-08-20 22:56:19,045 - INFO - [scripts.law.logic.scraper] - 페이지 최종 렌더링을 잠시 대기합니다...
2025-08-20 22:56:20,050 - INFO - [scripts.law.logic.scraper] - 페이지 HTML 컨텐츠를 가져오는 중...
2025-08-20 22:56:20,096 - INFO - [scripts.law.logic.scraper] - 데이터 파싱 중...
2025-08-20 22:56:20,247 - INFO - [scripts.law.logic.scraper] - 데이터 1건을 '/Users/woong/Roeum/roeum-crawler/data/raw/1492000/국민 평생 직업능력 개발법 시행규칙_document.jsonl' 파일로 성공적으로 저장했습니다.
2025-08-20 22:56:20,248 - INFO - [scripts.law.logic.scraper] - 데이터 45건을 '/Users/woong/Roeum/roeum-crawler/data/raw/1492000/국민 평생 직업능력 개발법 시행규칙_chunks.jsonl' 파일로 성공적으로 저장했습니다.
2025-08-20 22:56:21,835 - INFO - [scripts.law.logic.scraper] - 페이지로 이동 중: https://www.law.go.kr/LSW/lsInfoP.do?lsiSeq=271525&efYd=20250903
2025-08-20 22:56:22,615 - INFO - [scripts.law.logic.scraper] - 로딩 마스크가 나타나기를 기다리는 중...
2025-08-20 22:56:22,634 - INFO - [scripts.law.logic.scraper] - 로딩 마스크가 사라지기를 기다리는 중...
2025-08-20 22:56:23,440 - INFO - [scripts.law.logic.scraper] - 페이지 최종 렌더링을 잠시 대기합니다...
2025-08-20 22:56:24,444 - INFO - [scripts.law.logic.scraper] - 페이지 HTML 컨텐츠를 가져오는 중...
2025-08-20 22:56:24,486 - INFO - [scripts.law.logic.scraper] - 데이터 파싱 중...
2025-08-20 22:56:24,616 - INFO - [scripts.law.logic.scraper] - 데이터 1건을 '/Users/woong/Roeum/roeum-crawler/data/raw/1492000/국민 평생 직업능력 개발법 시행규칙_document.jsonl' 파일로 성공적으로 저장했습니다.
2025-08-20 22:56:24,617 - INFO - [scripts.law.logic.scraper] - 데이터 45건을 '/Users/woong/Roeum/roeum-crawler/data/raw/1492000/국민 평생 직업능력 개발법 시행규칙_chunks.jsonl' 파일로 성공적으로 저장했습니다.
2025-08-20 22:56:26,206 - INFO - [scripts.law.logic.scraper] - 페이지로 이동 중: https://www.law.go.kr/LSW/lsInfoP.do?lsiSeq=108467&efYd=20101027
2025-08-20 22:56:26,823 - INFO - [scripts.law.logic.scraper] - 로딩 마스크가 나타나기를 기다리는 중...
2025-08-20 22:56:26,843 - INFO - [scripts.law.logic.scraper] - 로딩 마스크가 사라지기를 기다리는 중...
2025-08-20 22:56:27,130 - INFO - [scripts.law.logic.scraper] - 페이지 최종 렌더링을 잠시 대기합니다...
2025-08-20 22:56:28,133 - INFO - [scripts.law.logic.scraper] - 페이지 HTML 컨텐츠를 가져오는 중...
2025-08-20 22:56:28,154 - INFO - [scripts.law.logic.scraper] - 데이터 파싱 중...
2025-08-20 22:56:28,202 - INFO - [scripts.law.logic.scraper] - 데이터 1건을 '/Users/woong/Roeum/roeum-crawler/data/raw/1492000/근로감독관규정_document.jsonl' 파일로 성공적으로 저장했습니다.
2025-08-20 22:56:28,202 - INFO - [scripts.law.logic.scraper] - 데이터 7건을 '/Users/woong/Roeum/roeum-crawler/data/raw/1492000/근로감독관규정_chunks.jsonl' 파일로 성공적으로 저장했습니다.
