2025-08-17 14:35:22,357 - INFO - [__main__] - 총 154개의 URL을 './bin/../data/raw/urls.jsonl' 파일에 저장했습니다.
2025-08-17 14:35:22,623 - INFO - [__main__] - 상세 페이지 스크레이퍼 실행: https://www.law.go.kr/LSW/lsInfoP.do?lsiSeq=232959&efYd=20220616
2025-08-17 14:35:35,338 - INFO - [__main__] - 상세 페이지 스크레이퍼 완료: 가사근로자의 고용개선 등에 관한 법률
2025-08-17 14:35:36,659 - INFO - [__main__] - 상세 페이지 스크레이퍼 실행: https://www.law.go.kr/LSW/lsInfoP.do?lsiSeq=267779&efYd=20241231
2025-08-17 14:35:39,856 - INFO - [__main__] - 상세 페이지 스크레이퍼 완료: 가사근로자의 고용개선 등에 관한 법률 시행령
2025-08-17 14:35:41,082 - INFO - [__main__] - 상세 페이지 스크레이퍼 실행: https://www.law.go.kr/LSW/lsInfoP.do?lsiSeq=243269&efYd=20220616
2025-08-17 14:35:44,255 - INFO - [__main__] - 상세 페이지 스크레이퍼 완료: 가사근로자의 고용개선 등에 관한 법률 시행규칙
2025-08-17 14:35:45,483 - INFO - [__main__] - 상세 페이지 스크레이퍼 실행: https://www.law.go.kr/LSW/lsInfoP.do?lsiSeq=234693&efYd=20220218
2025-08-17 14:35:48,874 - INFO - [__main__] - 상세 페이지 스크레이퍼 완료: 건설근로자의 고용개선 등에 관한 법률
2025-08-17 14:35:50,108 - INFO - [__main__] - 상세 페이지 스크레이퍼 실행: https://www.law.go.kr/LSW/lsInfoP.do?lsiSeq=270619&efYd=20250415
2025-08-17 14:35:53,304 - INFO - [__main__] - 상세 페이지 스크레이퍼 완료: 건설근로자의 고용개선 등에 관한 법률 시행령
2025-08-17 14:35:54,580 - INFO - [__main__] - 상세 페이지 스크레이퍼 실행: https://www.law.go.kr/LSW/lsInfoP.do?lsiSeq=265105&efYd=20240828
2025-08-17 14:35:58,023 - INFO - [__main__] - 상세 페이지 스크레이퍼 완료: 건설근로자의 고용개선 등에 관한 법률 시행규칙
2025-08-17 14:35:59,273 - INFO - [__main__] - 상세 페이지 스크레이퍼 실행: https://www.law.go.kr/LSW/lsInfoP.do?lsiSeq=228177&efYd=20210706
2025-08-17 14:36:01,941 - INFO - [__main__] - 상세 페이지 스크레이퍼 완료: 경제사회노동위원회법
2025-08-17 14:36:03,243 - INFO - [__main__] - 상세 페이지 스크레이퍼 실행: https://www.law.go.kr/LSW/lsInfoP.do?lsiSeq=204361&efYd=20180913
2025-08-17 14:36:06,244 - INFO - [__main__] - 상세 페이지 스크레이퍼 완료: 경제사회노동위원회법 시행령
2025-08-17 14:36:07,456 - INFO - [__main__] - 상세 페이지 스크레이퍼 실행: https://www.law.go.kr/LSW/lsInfoP.do?lsiSeq=246209&efYd=20221216
2025-08-17 14:36:10,536 - INFO - [__main__] - 상세 페이지 스크레이퍼 완료: 고용노동부 소관 비상대비에 관한 법률 시행규칙
2025-08-17 14:36:11,770 - INFO - [__main__] - 상세 페이지 스크레이퍼 실행: https://www.law.go.kr/LSW/lsInfoP.do?lsiSeq=193534&efYd=20170419
2025-08-17 14:36:14,734 - INFO - [__main__] - 상세 페이지 스크레이퍼 완료: 고용노동부 소관 비영리법인의 설립 및 감독에 관한 규칙
2025-08-17 14:36:15,960 - INFO - [__main__] - 상세 페이지 스크레이퍼 실행: https://www.law.go.kr/LSW/lsInfoP.do?lsiSeq=271125&efYd=20250520
2025-08-17 14:36:19,681 - INFO - [__main__] - 상세 페이지 스크레이퍼 완료: 고용노동부와 그 소속기관 직제
2025-08-17 14:36:20,908 - INFO - [__main__] - 상세 페이지 스크레이퍼 실행: https://www.law.go.kr/LSW/lsInfoP.do?lsiSeq=271223&efYd=20250602
2025-08-17 14:36:25,387 - INFO - [__main__] - 상세 페이지 스크레이퍼 완료: 고용노동부와 그 소속기관 직제 시행규칙
2025-08-17 14:36:26,609 - INFO - [__main__] - 상세 페이지 스크레이퍼 실행: https://www.law.go.kr/LSW/lsInfoP.do?lsiSeq=247481&efYd=20240101
2025-08-17 14:36:30,923 - INFO - [__main__] - 상세 페이지 스크레이퍼 완료: 고용보험 및 산업재해보상보험의 보험료징수 등에 관한 법률
2025-08-17 14:36:32,152 - INFO - [__main__] - 상세 페이지 스크레이퍼 실행: https://www.law.go.kr/LSW/lsInfoP.do?lsiSeq=271473&efYd=20250602
2025-08-17 14:36:36,031 - INFO - [__main__] - 상세 페이지 스크레이퍼 완료: 고용보험 및 산업재해보상보험의 보험료징수 등에 관한 법률 시행령
2025-08-17 14:36:37,227 - INFO - [__main__] - 상세 페이지 스크레이퍼 실행: https://www.law.go.kr/LSW/lsInfoP.do?lsiSeq=272679&efYd=20250701
2025-08-17 14:36:41,020 - INFO - [__main__] - 상세 페이지 스크레이퍼 완료: 고용보험 및 산업재해보상보험의 보험료징수 등에 관한 법률 시행규칙
2025-08-17 14:36:42,269 - INFO - [__main__] - 상세 페이지 스크레이퍼 실행: https://www.law.go.kr/LSW/lsInfoP.do?lsiSeq=265957&efYd=20250223
2025-08-17 14:36:46,074 - INFO - [__main__] - 상세 페이지 스크레이퍼 완료: 고용보험법
2025-08-17 14:36:47,280 - INFO - [__main__] - 상세 페이지 스크레이퍼 실행: https://www.law.go.kr/LSW/lsInfoP.do?lsiSeq=273039&efYd=20250805
2025-08-17 14:36:52,202 - INFO - [__main__] - 상세 페이지 스크레이퍼 완료: 고용보험법 시행령
2025-08-17 14:36:53,431 - INFO - [__main__] - 상세 페이지 스크레이퍼 실행: https://www.law.go.kr/LSW/lsInfoP.do?lsiSeq=272635&efYd=20250701
2025-08-17 14:36:59,169 - INFO - [__main__] - 상세 페이지 스크레이퍼 완료: 고용보험법 시행규칙
2025-08-17 14:37:00,418 - INFO - [__main__] - 상세 페이지 스크레이퍼 실행: https://www.law.go.kr/LSW/lsInfoP.do?lsiSeq=91137&efYd=20090107
2025-08-17 14:37:03,272 - INFO - [__main__] - 상세 페이지 스크레이퍼 완료: 고용보험ㆍ산업재해보상보험의 보험관계 성립신고 등의 촉진을 위한 특별조치법
2025-08-17 14:37:04,507 - INFO - [__main__] - 상세 페이지 스크레이퍼 실행: https://www.law.go.kr/LSW/lsInfoP.do?lsiSeq=243057&efYd=20220610
2025-08-17 14:37:07,602 - INFO - [__main__] - 상세 페이지 스크레이퍼 완료: 고용상 연령차별금지 및 고령자고용촉진에 관한 법률
2025-08-17 14:37:08,825 - INFO - [__main__] - 상세 페이지 스크레이퍼 실행: https://www.law.go.kr/LSW/lsInfoP.do?lsiSeq=267181&efYd=20250101
2025-08-17 14:37:11,745 - INFO - [__main__] - 상세 페이지 스크레이퍼 완료: 고용상 연령차별금지 및 고령자고용촉진에 관한 법률 시행령
2025-08-17 14:37:12,959 - INFO - [__main__] - 상세 페이지 스크레이퍼 실행: https://www.law.go.kr/LSW/lsInfoP.do?lsiSeq=243713&efYd=20220701
2025-08-17 14:37:16,147 - INFO - [__main__] - 상세 페이지 스크레이퍼 완료: 고용상 연령차별금지 및 고령자고용촉진에 관한 법률 시행규칙
2025-08-17 14:37:17,366 - INFO - [__main__] - 상세 페이지 스크레이퍼 실행: https://www.law.go.kr/LSW/lsInfoP.do?lsiSeq=258087&efYd=20240109
2025-08-17 14:37:20,540 - INFO - [__main__] - 상세 페이지 스크레이퍼 완료: 고용정책 기본법
2025-08-17 14:37:21,838 - INFO - [__main__] - 상세 페이지 스크레이퍼 실행: https://www.law.go.kr/LSW/lsInfoP.do?lsiSeq=270057&efYd=20250325
2025-08-17 14:37:25,335 - INFO - [__main__] - 상세 페이지 스크레이퍼 완료: 고용정책 기본법 시행령
2025-08-17 14:37:26,562 - INFO - [__main__] - 상세 페이지 스크레이퍼 실행: https://www.law.go.kr/LSW/lsInfoP.do?lsiSeq=256495&efYd=20231205
2025-08-17 14:37:29,497 - INFO - [__main__] - 상세 페이지 스크레이퍼 완료: 고용정책 기본법 시행규칙
2025-08-17 14:37:30,716 - INFO - [__main__] - 상세 페이지 스크레이퍼 실행: https://www.law.go.kr/LSW/lsInfoP.do?lsiSeq=243037&efYd=20231211
2025-08-17 14:37:33,670 - INFO - [__main__] - 상세 페이지 스크레이퍼 완료: 공무원의 노동조합 설립 및 운영 등에 관한 법률
2025-08-17 14:37:34,895 - INFO - [__main__] - 상세 페이지 스크레이퍼 실행: https://www.law.go.kr/LSW/lsInfoP.do?lsiSeq=256437&efYd=20231211
2025-08-17 14:37:48,093 - INFO - [__main__] - 상세 페이지 스크레이퍼 완료: 공무원의 노동조합 설립 및 운영 등에 관한 법률 시행령
2025-08-17 14:37:49,443 - INFO - [__main__] - 상세 페이지 스크레이퍼 실행: https://www.law.go.kr/LSW/lsInfoP.do?lsiSeq=257903&efYd=20240101
2025-08-17 14:37:53,158 - INFO - [__main__] - 상세 페이지 스크레이퍼 완료: 공무원의 노동조합 설립 및 운영 등에 관한 법률 시행규칙
2025-08-17 14:37:54,424 - INFO - [__main__] - 상세 페이지 스크레이퍼 실행: https://www.law.go.kr/LSW/lsInfoP.do?lsiSeq=243059&efYd=20221211
2025-08-17 14:37:57,551 - INFO - [__main__] - 상세 페이지 스크레이퍼 완료: 공인노무사법
2025-08-17 14:37:59,012 - INFO - [__main__] - 상세 페이지 스크레이퍼 실행: https://www.law.go.kr/LSW/lsInfoP.do?lsiSeq=265549&efYd=20240926
2025-08-17 14:38:02,182 - INFO - [__main__] - 상세 페이지 스크레이퍼 완료: 공인노무사법 시행령
2025-08-17 14:38:03,411 - INFO - [__main__] - 상세 페이지 스크레이퍼 실행: https://www.law.go.kr/LSW/lsInfoP.do?lsiSeq=247371&efYd=20221230
2025-08-17 14:38:07,116 - INFO - [__main__] - 상세 페이지 스크레이퍼 완료: 공인노무사법 시행규칙
2025-08-17 14:38:08,350 - INFO - [__main__] - 상세 페이지 스크레이퍼 실행: https://www.law.go.kr/LSW/lsInfoP.do?lsiSeq=233829&efYd=20220101
2025-08-17 14:38:11,363 - INFO - [__main__] - 상세 페이지 스크레이퍼 완료: 공휴일에 관한 법률
2025-08-17 14:38:12,605 - INFO - [__main__] - 상세 페이지 스크레이퍼 실행: https://www.law.go.kr/LSW/lsInfoP.do?lsiSeq=243039&efYd=20231211
2025-08-17 14:38:15,478 - INFO - [__main__] - 상세 페이지 스크레이퍼 완료: 교원의 노동조합 설립 및 운영 등에 관한 법률
2025-08-17 14:38:16,699 - INFO - [__main__] - 상세 페이지 스크레이퍼 실행: https://www.law.go.kr/LSW/lsInfoP.do?lsiSeq=256439&efYd=20231211
2025-08-17 14:38:19,625 - INFO - [__main__] - 상세 페이지 스크레이퍼 완료: 교원의 노동조합 설립 및 운영 등에 관한 법률 시행령
2025-08-17 14:38:20,844 - INFO - [__main__] - 상세 페이지 스크레이퍼 실행: https://www.law.go.kr/LSW/lsInfoP.do?lsiSeq=233793&efYd=20210706
2025-08-17 14:38:23,846 - INFO - [__main__] - 상세 페이지 스크레이퍼 완료: 교원의 노동조합 설립 및 운영 등에 관한 법률 시행규칙
2025-08-17 14:38:25,063 - INFO - [__main__] - 상세 페이지 스크레이퍼 실행: https://www.law.go.kr/LSW/lsInfoP.do?lsiSeq=253641&efYd=20240209
2025-08-17 14:38:28,091 - INFO - [__main__] - 상세 페이지 스크레이퍼 완료: 구직자 취업촉진 및 생활안정지원에 관한 법률
2025-08-17 14:38:29,335 - INFO - [__main__] - 상세 페이지 스크레이퍼 실행: https://www.law.go.kr/LSW/lsInfoP.do?lsiSeq=260081&efYd=20240209
2025-08-17 14:38:33,958 - INFO - [__main__] - 상세 페이지 스크레이퍼 완료: 구직자 취업촉진 및 생활안정지원에 관한 법률 시행령
2025-08-17 14:38:35,162 - INFO - [__main__] - 상세 페이지 스크레이퍼 실행: https://www.law.go.kr/LSW/lsInfoP.do?lsiSeq=260439&efYd=20240213
2025-08-17 14:38:38,820 - INFO - [__main__] - 상세 페이지 스크레이퍼 완료: 구직자 취업촉진 및 생활안정지원에 관한 법률 시행규칙
2025-08-17 14:38:40,043 - INFO - [__main__] - 상세 페이지 스크레이퍼 실행: https://www.law.go.kr/LSW/lsInfoP.do?lsiSeq=243041&efYd=20220610
2025-08-17 14:38:43,592 - INFO - [__main__] - 상세 페이지 스크레이퍼 완료: 국가기술자격법
2025-08-17 14:38:44,796 - INFO - [__main__] - 상세 페이지 스크레이퍼 실행: https://www.law.go.kr/LSW/lsInfoP.do?lsiSeq=263305&efYd=20240627
2025-08-17 14:38:48,452 - INFO - [__main__] - 상세 페이지 스크레이퍼 완료: 국가기술자격법 시행령
2025-08-17 14:38:49,673 - INFO - [__main__] - 상세 페이지 스크레이퍼 실행: https://www.law.go.kr/LSW/lsInfoP.do?lsiSeq=269697&efYd=20260101
2025-08-17 14:38:53,242 - INFO - [__main__] - 상세 페이지 스크레이퍼 완료: 국가기술자격법 시행령
2025-08-17 14:38:54,477 - INFO - [__main__] - 상세 페이지 스크레이퍼 실행: https://www.law.go.kr/LSW/lsInfoP.do?lsiSeq=265027&efYd=20260101
2025-08-17 14:38:58,607 - INFO - [__main__] - 상세 페이지 스크레이퍼 완료: 국가기술자격법 시행령
2025-08-17 14:38:59,804 - INFO - [__main__] - 상세 페이지 스크레이퍼 실행: https://www.law.go.kr/LSW/lsInfoP.do?lsiSeq=266183&efYd=20250101
2025-08-17 14:39:04,692 - INFO - [__main__] - 상세 페이지 스크레이퍼 완료: 국가기술자격법 시행규칙
2025-08-17 14:39:05,940 - INFO - [__main__] - 상세 페이지 스크레이퍼 실행: https://www.law.go.kr/LSW/lsInfoP.do?lsiSeq=266183&efYd=20260101
2025-08-17 14:39:10,806 - INFO - [__main__] - 상세 페이지 스크레이퍼 완료: 국가기술자격법 시행규칙
2025-08-17 14:39:12,020 - INFO - [__main__] - 상세 페이지 스크레이퍼 실행: https://www.law.go.kr/LSW/lsInfoP.do?lsiSeq=256115&efYd=20260101
2025-08-17 14:39:16,697 - INFO - [__main__] - 상세 페이지 스크레이퍼 완료: 국가기술자격법 시행규칙
2025-08-17 14:39:18,162 - INFO - [__main__] - 상세 페이지 스크레이퍼 실행: https://www.law.go.kr/LSW/lsInfoP.do?lsiSeq=247245&efYd=20230704
2025-08-17 14:39:22,328 - INFO - [__main__] - 상세 페이지 스크레이퍼 완료: 국민 평생 직업능력 개발법
2025-08-17 14:39:23,561 - INFO - [__main__] - 상세 페이지 스크레이퍼 실행: https://www.law.go.kr/LSW/lsInfoP.do?lsiSeq=271475&efYd=20250602
2025-08-17 14:39:26,778 - INFO - [__main__] - 상세 페이지 스크레이퍼 완료: 국민 평생 직업능력 개발법 시행령
2025-08-17 14:39:28,009 - INFO - [__main__] - 상세 페이지 스크레이퍼 실행: https://www.law.go.kr/LSW/lsInfoP.do?lsiSeq=271525&efYd=20250602
2025-08-17 14:39:31,981 - INFO - [__main__] - 상세 페이지 스크레이퍼 완료: 국민 평생 직업능력 개발법 시행규칙
2025-08-17 14:39:33,218 - INFO - [__main__] - 상세 페이지 스크레이퍼 실행: https://www.law.go.kr/LSW/lsInfoP.do?lsiSeq=271525&efYd=20250903
2025-08-17 14:39:37,948 - INFO - [__main__] - 상세 페이지 스크레이퍼 완료: 국민 평생 직업능력 개발법 시행규칙
2025-08-17 14:39:39,177 - INFO - [__main__] - 상세 페이지 스크레이퍼 실행: https://www.law.go.kr/LSW/lsInfoP.do?lsiSeq=108467&efYd=20101027
2025-08-17 14:39:42,116 - INFO - [__main__] - 상세 페이지 스크레이퍼 완료: 근로감독관규정
2025-08-17 14:39:43,388 - INFO - [__main__] - 상세 페이지 스크레이퍼 실행: https://www.law.go.kr/LSW/lsInfoP.do?lsiSeq=184050&efYd=20160616
2025-08-17 14:39:48,623 - INFO - [__main__] - 상세 페이지 스크레이퍼 완료: 근로감독관증 규칙
2025-08-17 14:39:49,923 - INFO - [__main__] - 상세 페이지 스크레이퍼 실행: https://www.law.go.kr/LSW/lsInfoP.do?lsiSeq=265959&efYd=20250223
2025-08-17 14:39:53,744 - INFO - [__main__] - 상세 페이지 스크레이퍼 완료: 근로기준법
2025-08-17 14:39:54,970 - INFO - [__main__] - 상세 페이지 스크레이퍼 실행: https://www.law.go.kr/LSW/lsInfoP.do?lsiSeq=265959&efYd=20251023
2025-08-17 14:39:58,648 - INFO - [__main__] - 상세 페이지 스크레이퍼 완료: 근로기준법
2025-08-17 14:40:00,049 - INFO - [__main__] - 상세 페이지 스크레이퍼 실행: https://www.law.go.kr/LSW/lsInfoP.do?lsiSeq=269073&efYd=20250223
2025-08-17 14:40:04,020 - INFO - [__main__] - 상세 페이지 스크레이퍼 완료: 근로기준법 시행령
2025-08-17 14:40:05,243 - INFO - [__main__] - 상세 페이지 스크레이퍼 실행: https://www.law.go.kr/LSW/lsInfoP.do?lsiSeq=270551&efYd=20251023
2025-08-17 14:40:08,794 - INFO - [__main__] - 상세 페이지 스크레이퍼 완료: 근로기준법 시행령
2025-08-17 14:40:10,026 - INFO - [__main__] - 상세 페이지 스크레이퍼 실행: https://www.law.go.kr/LSW/lsInfoP.do?lsiSeq=269393&efYd=20250223
2025-08-17 14:40:13,222 - INFO - [__main__] - 상세 페이지 스크레이퍼 완료: 근로기준법 시행규칙
2025-08-17 14:40:14,501 - INFO - [__main__] - 상세 페이지 스크레이퍼 실행: https://www.law.go.kr/LSW/lsInfoP.do?lsiSeq=243061&efYd=20230611
2025-08-17 14:40:19,286 - INFO - [__main__] - 상세 페이지 스크레이퍼 완료: 근로복지기본법
2025-08-17 14:40:20,527 - INFO - [__main__] - 상세 페이지 스크레이퍼 실행: https://www.law.go.kr/LSW/lsInfoP.do?lsiSeq=270527&efYd=20250408
2025-08-17 14:40:23,602 - INFO - [__main__] - 상세 페이지 스크레이퍼 완료: 근로복지기본법 시행령
2025-08-17 14:40:24,832 - INFO - [__main__] - 상세 페이지 스크레이퍼 실행: https://www.law.go.kr/LSW/lsInfoP.do?lsiSeq=270695&efYd=20250414
2025-08-17 14:40:28,773 - INFO - [__main__] - 상세 페이지 스크레이퍼 완료: 근로복지기본법 시행규칙
2025-08-17 14:40:30,205 - INFO - [__main__] - 상세 페이지 스크레이퍼 실행: https://www.law.go.kr/LSW/lsInfoP.do?lsiSeq=180480&efYd=20160127
2025-08-17 14:40:33,242 - INFO - [__main__] - 상세 페이지 스크레이퍼 완료: 근로자의 날 제정에 관한 법률
2025-08-17 14:40:34,492 - INFO - [__main__] - 상세 페이지 스크레이퍼 실행: https://www.law.go.kr/LSW/lsInfoP.do?lsiSeq=243063&efYd=20221211
2025-08-17 14:40:37,460 - INFO - [__main__] - 상세 페이지 스크레이퍼 완료: 근로자참여 및 협력증진에 관한 법률
2025-08-17 14:40:38,681 - INFO - [__main__] - 상세 페이지 스크레이퍼 실행: https://www.law.go.kr/LSW/lsInfoP.do?lsiSeq=245235&efYd=20221211
2025-08-17 14:40:42,335 - INFO - [__main__] - 상세 페이지 스크레이퍼 완료: 근로자참여 및 협력증진에 관한 법률 시행령
2025-08-17 14:40:43,569 - INFO - [__main__] - 상세 페이지 스크레이퍼 실행: https://www.law.go.kr/LSW/lsInfoP.do?lsiSeq=251789&efYd=20230608
2025-08-17 14:40:46,749 - INFO - [__main__] - 상세 페이지 스크레이퍼 완료: 근로자참여 및 협력증진에 관한 법률 시행규칙
2025-08-17 14:40:48,008 - INFO - [__main__] - 상세 페이지 스크레이퍼 실행: https://www.law.go.kr/LSW/lsInfoP.do?lsiSeq=239311&efYd=20220712
2025-08-17 14:40:51,789 - INFO - [__main__] - 상세 페이지 스크레이퍼 완료: 근로자퇴직급여 보장법
2025-08-17 14:40:53,082 - INFO - [__main__] - 상세 페이지 스크레이퍼 실행: https://www.law.go.kr/LSW/lsInfoP.do?lsiSeq=262801&efYd=20240528
2025-08-17 14:40:56,773 - INFO - [__main__] - 상세 페이지 스크레이퍼 완료: 근로자퇴직급여 보장법 시행령
2025-08-17 14:40:58,004 - INFO - [__main__] - 상세 페이지 스크레이퍼 실행: https://www.law.go.kr/LSW/lsInfoP.do?lsiSeq=243903&efYd=20220712
2025-08-17 14:41:00,876 - INFO - [__main__] - 상세 페이지 스크레이퍼 완료: 근로자퇴직급여 보장법 시행규칙
2025-08-17 14:41:02,110 - INFO - [__main__] - 상세 페이지 스크레이퍼 실행: https://www.law.go.kr/LSW/lsInfoP.do?lsiSeq=232201&efYd=20210518
2025-08-17 14:41:05,030 - INFO - [__main__] - 상세 페이지 스크레이퍼 완료: 기간제 및 단시간근로자 보호 등에 관한 법률
2025-08-17 14:41:06,247 - INFO - [__main__] - 상세 페이지 스크레이퍼 실행: https://www.law.go.kr/LSW/lsInfoP.do?lsiSeq=230833&efYd=20210408
2025-08-17 14:41:09,012 - INFO - [__main__] - 상세 페이지 스크레이퍼 완료: 기간제 및 단시간근로자 보호 등에 관한 법률 시행령
2025-08-17 14:41:10,236 - INFO - [__main__] - 상세 페이지 스크레이퍼 실행: https://www.law.go.kr/LSW/lsInfoP.do?lsiSeq=79595&efYd=20070701
2025-08-17 14:41:13,256 - INFO - [__main__] - 상세 페이지 스크레이퍼 완료: 기간제 및 단시간근로자 보호 등에 관한 법률 시행규칙
2025-08-17 14:41:14,481 - INFO - [__main__] - 상세 페이지 스크레이퍼 실행: https://www.law.go.kr/LSW/lsInfoP.do?lsiSeq=265999&efYd=20250223
2025-08-17 14:41:18,885 - INFO - [__main__] - 상세 페이지 스크레이퍼 완료: 남녀고용평등과 일ㆍ가정 양립 지원에 관한 법률
2025-08-17 14:41:20,114 - INFO - [__main__] - 상세 페이지 스크레이퍼 실행: https://www.law.go.kr/LSW/lsInfoP.do?lsiSeq=269071&efYd=20250223
2025-08-17 14:41:23,602 - INFO - [__main__] - 상세 페이지 스크레이퍼 완료: 남녀고용평등과 일ㆍ가정 양립 지원에 관한 법률 시행령
2025-08-17 14:41:24,822 - INFO - [__main__] - 상세 페이지 스크레이퍼 실행: https://www.law.go.kr/LSW/lsInfoP.do?lsiSeq=269395&efYd=20250223
2025-08-17 14:41:28,388 - INFO - [__main__] - 상세 페이지 스크레이퍼 완료: 남녀고용평등과 일ㆍ가정 양립 지원에 관한 법률 시행규칙
2025-08-17 14:41:29,651 - INFO - [__main__] - 상세 페이지 스크레이퍼 실행: https://www.law.go.kr/LSW/lsInfoP.do?lsiSeq=232203&efYd=20220519
2025-08-17 14:41:32,756 - INFO - [__main__] - 상세 페이지 스크레이퍼 완료: 노동위원회법
2025-08-17 14:41:33,977 - INFO - [__main__] - 상세 페이지 스크레이퍼 실행: https://www.law.go.kr/LSW/lsInfoP.do?lsiSeq=267225&efYd=20241227
2025-08-17 14:41:37,607 - INFO - [__main__] - 상세 페이지 스크레이퍼 완료: 노동위원회법 시행령
2025-08-17 14:41:38,826 - INFO - [__main__] - 상세 페이지 스크레이퍼 실행: https://www.law.go.kr/LSW/lsInfoP.do?lsiSeq=173125&efYd=20150721
2025-08-17 14:41:41,998 - INFO - [__main__] - 상세 페이지 스크레이퍼 완료: 노동위원회법 시행규칙
2025-08-17 14:41:43,213 - INFO - [__main__] - 상세 페이지 스크레이퍼 실행: https://www.law.go.kr/LSW/lsInfoP.do?lsiSeq=228175&efYd=20210706
2025-08-17 14:41:46,579 - INFO - [__main__] - 상세 페이지 스크레이퍼 완료: 노동조합 및 노동관계조정법
2025-08-17 14:41:47,806 - INFO - [__main__] - 상세 페이지 스크레이퍼 실행: https://www.law.go.kr/LSW/lsInfoP.do?lsiSeq=273063&efYd=20250807
2025-08-17 14:41:50,955 - INFO - [__main__] - 상세 페이지 스크레이퍼 완료: 노동조합 및 노동관계조정법 시행령
2025-08-17 14:41:52,188 - INFO - [__main__] - 상세 페이지 스크레이퍼 실행: https://www.law.go.kr/LSW/lsInfoP.do?lsiSeq=257893&efYd=20240101
2025-08-17 14:41:56,001 - INFO - [__main__] - 상세 페이지 스크레이퍼 완료: 노동조합 및 노동관계조정법 시행규칙
2025-08-17 14:41:57,237 - INFO - [__main__] - 상세 페이지 스크레이퍼 실행: https://www.law.go.kr/LSW/lsInfoP.do?lsiSeq=180465&efYd=20160127
2025-08-17 14:42:00,389 - INFO - [__main__] - 상세 페이지 스크레이퍼 완료: 노사관계 발전 지원에 관한 법률
2025-08-17 14:42:01,630 - INFO - [__main__] - 상세 페이지 스크레이퍼 실행: https://www.law.go.kr/LSW/lsInfoP.do?lsiSeq=209662&efYd=20190702
2025-08-17 14:42:14,290 - INFO - [__main__] - 상세 페이지 스크레이퍼 완료: 노사관계 발전 지원에 관한 법률 시행령
2025-08-17 14:42:15,557 - INFO - [__main__] - 상세 페이지 스크레이퍼 실행: https://www.law.go.kr/LSW/lsInfoP.do?lsiSeq=122694&efYd=20120802
2025-08-17 14:42:18,777 - INFO - [__main__] - 상세 페이지 스크레이퍼 완료: 사회적기업 육성법
2025-08-17 14:42:19,994 - INFO - [__main__] - 상세 페이지 스크레이퍼 실행: https://www.law.go.kr/LSW/lsInfoP.do?lsiSeq=262289&efYd=20240517
2025-08-17 14:42:24,334 - INFO - [__main__] - 상세 페이지 스크레이퍼 완료: 사회적기업 육성법 시행령
2025-08-17 14:42:25,563 - INFO - [__main__] - 상세 페이지 스크레이퍼 실행: https://www.law.go.kr/LSW/lsInfoP.do?lsiSeq=212633&efYd=20191220
2025-08-17 14:42:29,026 - INFO - [__main__] - 상세 페이지 스크레이퍼 완료: 사회적기업 육성법 시행규칙
2025-08-17 14:42:30,245 - INFO - [__main__] - 상세 페이지 스크레이퍼 실행: https://www.law.go.kr/LSW/lsInfoP.do?lsiSeq=272927&efYd=20250717
2025-08-17 14:42:37,618 - INFO - [__main__] - 상세 페이지 스크레이퍼 완료: 산업안전보건기준에 관한 규칙
2025-08-17 14:42:38,868 - INFO - [__main__] - 상세 페이지 스크레이퍼 실행: https://www.law.go.kr/LSW/lsInfoP.do?lsiSeq=268551&efYd=20250722
2025-08-17 14:42:43,169 - INFO - [__main__] - 상세 페이지 스크레이퍼 완료: 산업안전보건법
2025-08-17 14:42:44,395 - INFO - [__main__] - 상세 페이지 스크레이퍼 실행: https://www.law.go.kr/LSW/lsInfoP.do?lsiSeq=272499&efYd=20250621
2025-08-17 14:42:48,717 - INFO - [__main__] - 상세 페이지 스크레이퍼 완료: 산업안전보건법 시행령
2025-08-17 14:42:49,952 - INFO - [__main__] - 상세 페이지 스크레이퍼 실행: https://www.law.go.kr/LSW/lsInfoP.do?lsiSeq=263363&efYd=20260626
2025-08-17 14:42:54,381 - INFO - [__main__] - 상세 페이지 스크레이퍼 완료: 산업안전보건법 시행령
2025-08-17 14:42:55,590 - INFO - [__main__] - 상세 페이지 스크레이퍼 실행: https://www.law.go.kr/LSW/lsInfoP.do?lsiSeq=271485&efYd=20250601
2025-08-17 14:43:00,988 - INFO - [__main__] - 상세 페이지 스크레이퍼 완료: 산업안전보건법 시행규칙
2025-08-17 14:43:02,238 - INFO - [__main__] - 상세 페이지 스크레이퍼 실행: https://www.law.go.kr/LSW/lsInfoP.do?lsiSeq=271485&efYd=20260101
2025-08-17 14:43:08,722 - INFO - [__main__] - 상세 페이지 스크레이퍼 완료: 산업안전보건법 시행규칙
2025-08-17 14:43:09,963 - INFO - [__main__] - 상세 페이지 스크레이퍼 실행: https://www.law.go.kr/LSW/lsInfoP.do?lsiSeq=263749&efYd=20260626
2025-08-17 14:43:16,384 - INFO - [__main__] - 상세 페이지 스크레이퍼 완료: 산업안전보건법 시행규칙
2025-08-17 14:43:17,625 - INFO - [__main__] - 상세 페이지 스크레이퍼 실행: https://www.law.go.kr/LSW/lsInfoP.do?lsiSeq=265977&efYd=20250101
2025-08-17 14:43:21,477 - INFO - [__main__] - 상세 페이지 스크레이퍼 완료: 산업재해보상보험법
2025-08-17 14:43:22,700 - INFO - [__main__] - 상세 페이지 스크레이퍼 실행: https://www.law.go.kr/LSW/lsInfoP.do?lsiSeq=272501&efYd=20250621
2025-08-17 14:43:26,329 - INFO - [__main__] - 상세 페이지 스크레이퍼 완료: 산업재해보상보험법 시행령
2025-08-17 14:43:27,560 - INFO - [__main__] - 상세 페이지 스크레이퍼 실행: https://www.law.go.kr/LSW/lsInfoP.do?lsiSeq=272427&efYd=20250621
2025-08-17 14:43:31,347 - INFO - [__main__] - 상세 페이지 스크레이퍼 완료: 산업재해보상보험법 시행규칙
2025-08-17 14:43:32,568 - INFO - [__main__] - 상세 페이지 스크레이퍼 실행: https://www.law.go.kr/LSW/lsInfoP.do?lsiSeq=255401&efYd=20240425
2025-08-17 14:43:35,718 - INFO - [__main__] - 상세 페이지 스크레이퍼 완료: 산업전환에 따른 고용안정 지원 등에 관한 법률
2025-08-17 14:43:36,941 - INFO - [__main__] - 상세 페이지 스크레이퍼 실행: https://www.law.go.kr/LSW/lsInfoP.do?lsiSeq=261767&efYd=20240425
2025-08-17 14:43:39,903 - INFO - [__main__] - 상세 페이지 스크레이퍼 완료: 산업전환에 따른 고용안정 지원 등에 관한 법률 시행령
2025-08-17 14:43:41,117 - INFO - [__main__] - 상세 페이지 스크레이퍼 실행: https://www.law.go.kr/LSW/lsInfoP.do?lsiSeq=234773&efYd=20220218
2025-08-17 14:43:44,096 - INFO - [__main__] - 상세 페이지 스크레이퍼 완료: 산업현장 일학습병행 지원에 관한 법률
2025-08-17 14:43:45,316 - INFO - [__main__] - 상세 페이지 스크레이퍼 실행: https://www.law.go.kr/LSW/lsInfoP.do?lsiSeq=271499&efYd=20250602
2025-08-17 14:43:48,404 - INFO - [__main__] - 상세 페이지 스크레이퍼 완료: 산업현장 일학습병행 지원에 관한 법률 시행령
2025-08-17 14:43:49,619 - INFO - [__main__] - 상세 페이지 스크레이퍼 실행: https://www.law.go.kr/LSW/lsInfoP.do?lsiSeq=221271&efYd=20200828
2025-08-17 14:43:52,940 - INFO - [__main__] - 상세 페이지 스크레이퍼 완료: 산업현장 일학습병행 지원에 관한 법률 시행규칙
2025-08-17 14:43:54,160 - INFO - [__main__] - 상세 페이지 스크레이퍼 실행: https://www.law.go.kr/LSW/lsInfoP.do?lsiSeq=252725&efYd=20230718
2025-08-17 14:43:57,492 - INFO - [__main__] - 상세 페이지 스크레이퍼 완료: 숙련기술장려법
2025-08-17 14:43:58,705 - INFO - [__main__] - 상세 페이지 스크레이퍼 실행: https://www.law.go.kr/LSW/lsInfoP.do?lsiSeq=230605&efYd=20210401
2025-08-17 14:44:01,936 - INFO - [__main__] - 상세 페이지 스크레이퍼 완료: 숙련기술장려법 시행령
2025-08-17 14:44:03,161 - INFO - [__main__] - 상세 페이지 스크레이퍼 실행: https://www.law.go.kr/LSW/lsInfoP.do?lsiSeq=264523&efYd=20240730
2025-08-17 14:44:06,251 - INFO - [__main__] - 상세 페이지 스크레이퍼 완료: 숙련기술장려법 시행규칙
2025-08-17 14:44:07,438 - INFO - [__main__] - 상세 페이지 스크레이퍼 실행: https://www.law.go.kr/LSW/lsInfoP.do?lsiSeq=242903&efYd=20220608
2025-08-17 14:44:10,334 - INFO - [__main__] - 상세 페이지 스크레이퍼 완료: 여성의 경제활동 실태조사 등에 관한 규칙
2025-08-17 14:44:11,556 - INFO - [__main__] - 상세 페이지 스크레이퍼 실행: https://www.law.go.kr/LSW/lsInfoP.do?lsiSeq=261459&efYd=20240927
2025-08-17 14:44:14,387 - INFO - [__main__] - 상세 페이지 스크레이퍼 완료: 여성의 경제활동 촉진과 경력단절 예방법
2025-08-17 14:44:15,594 - INFO - [__main__] - 상세 페이지 스크레이퍼 실행: https://www.law.go.kr/LSW/lsInfoP.do?lsiSeq=266329&efYd=20241112
2025-08-17 14:44:19,030 - INFO - [__main__] - 상세 페이지 스크레이퍼 완료: 여성의 경제활동 촉진과 경력단절 예방법 시행령
2025-08-17 14:44:20,250 - INFO - [__main__] - 상세 페이지 스크레이퍼 실행: https://www.law.go.kr/LSW/lsInfoP.do?lsiSeq=243191&efYd=20220608
2025-08-17 14:44:23,149 - INFO - [__main__] - 상세 페이지 스크레이퍼 완료: 여성의 경제활동 촉진과 경력단절 예방법 시행규칙
2025-08-17 14:44:24,363 - INFO - [__main__] - 상세 페이지 스크레이퍼 실행: https://www.law.go.kr/LSW/lsInfoP.do?lsiSeq=243065&efYd=20221211
2025-08-17 14:44:27,260 - INFO - [__main__] - 상세 페이지 스크레이퍼 완료: 외국인근로자의 고용 등에 관한 법률
2025-08-17 14:44:28,487 - INFO - [__main__] - 상세 페이지 스크레이퍼 실행: https://www.law.go.kr/LSW/lsInfoP.do?lsiSeq=244037&efYd=20230203
2025-08-17 14:44:31,619 - INFO - [__main__] - 상세 페이지 스크레이퍼 완료: 외국인근로자의 고용 등에 관한 법률 시행령
2025-08-17 14:44:32,834 - INFO - [__main__] - 상세 페이지 스크레이퍼 실행: https://www.law.go.kr/LSW/lsInfoP.do?lsiSeq=271599&efYd=20250602
2025-08-17 14:44:36,550 - INFO - [__main__] - 상세 페이지 스크레이퍼 완료: 외국인근로자의 고용 등에 관한 법률 시행규칙
2025-08-17 14:44:37,772 - INFO - [__main__] - 상세 페이지 스크레이퍼 실행: https://www.law.go.kr/LSW/lsInfoP.do?lsiSeq=268929&efYd=20250131
2025-08-17 14:44:40,815 - INFO - [__main__] - 상세 페이지 스크레이퍼 완료: 유해ㆍ위험작업의 취업 제한에 관한 규칙
2025-08-17 14:44:42,026 - INFO - [__main__] - 상세 페이지 스크레이퍼 실행: https://www.law.go.kr/LSW/lsInfoP.do?lsiSeq=240559&efYd=20220218
2025-08-17 14:44:44,959 - INFO - [__main__] - 상세 페이지 스크레이퍼 완료: 일자리위원회의 설치 및 운영에 관한 규정
2025-08-17 14:44:46,180 - INFO - [__main__] - 상세 페이지 스크레이퍼 실행: https://www.law.go.kr/LSW/lsInfoP.do?lsiSeq=259881&efYd=20240807
2025-08-17 14:44:49,163 - INFO - [__main__] - 상세 페이지 스크레이퍼 완료: 임금채권보장법
2025-08-17 14:44:50,382 - INFO - [__main__] - 상세 페이지 스크레이퍼 실행: https://www.law.go.kr/LSW/lsInfoP.do?lsiSeq=264717&efYd=20240807
2025-08-17 14:44:53,727 - INFO - [__main__] - 상세 페이지 스크레이퍼 완료: 임금채권보장법 시행령
2025-08-17 14:44:54,948 - INFO - [__main__] - 상세 페이지 스크레이퍼 실행: https://www.law.go.kr/LSW/lsInfoP.do?lsiSeq=264777&efYd=20240807
2025-08-17 14:44:58,941 - INFO - [__main__] - 상세 페이지 스크레이퍼 완료: 임금채권보장법 시행규칙
2025-08-17 14:45:00,175 - INFO - [__main__] - 상세 페이지 스크레이퍼 실행: https://www.law.go.kr/LSW/lsInfoP.do?lsiSeq=246585&efYd=20230628
2025-08-17 14:45:03,276 - INFO - [__main__] - 상세 페이지 스크레이퍼 완료: 자격기본법
2025-08-17 14:45:04,513 - INFO - [__main__] - 상세 페이지 스크레이퍼 실행: https://www.law.go.kr/LSW/lsInfoP.do?lsiSeq=269751&efYd=20250312
2025-08-17 14:45:07,789 - INFO - [__main__] - 상세 페이지 스크레이퍼 완료: 자격기본법 시행령
2025-08-17 14:45:09,007 - INFO - [__main__] - 상세 페이지 스크레이퍼 실행: https://www.law.go.kr/LSW/lsInfoP.do?lsiSeq=271541&efYd=20250602
2025-08-17 14:45:12,132 - INFO - [__main__] - 상세 페이지 스크레이퍼 완료: 자격기본법 시행규칙
2025-08-17 14:45:13,358 - INFO - [__main__] - 상세 페이지 스크레이퍼 실행: https://www.law.go.kr/LSW/lsInfoP.do?lsiSeq=239371&efYd=20220712
2025-08-17 14:45:17,028 - INFO - [__main__] - 상세 페이지 스크레이퍼 완료: 장애인고용촉진 및 직업재활법
2025-08-17 14:45:18,226 - INFO - [__main__] - 상세 페이지 스크레이퍼 실행: https://www.law.go.kr/LSW/lsInfoP.do?lsiSeq=268403&efYd=20250131
2025-08-17 14:45:22,320 - INFO - [__main__] - 상세 페이지 스크레이퍼 완료: 장애인고용촉진 및 직업재활법 시행령
2025-08-17 14:45:23,524 - INFO - [__main__] - 상세 페이지 스크레이퍼 실행: https://www.law.go.kr/LSW/lsInfoP.do?lsiSeq=263201&efYd=20240612
2025-08-17 14:45:26,666 - INFO - [__main__] - 상세 페이지 스크레이퍼 완료: 장애인고용촉진 및 직업재활법 시행규칙
2025-08-17 14:45:27,886 - INFO - [__main__] - 상세 페이지 스크레이퍼 실행: https://www.law.go.kr/LSW/lsInfoP.do?lsiSeq=228817&efYd=20220127
2025-08-17 14:45:30,898 - INFO - [__main__] - 상세 페이지 스크레이퍼 완료: 중대재해 처벌 등에 관한 법률
2025-08-17 14:45:32,127 - INFO - [__main__] - 상세 페이지 스크레이퍼 실행: https://www.law.go.kr/LSW/lsInfoP.do?lsiSeq=273081&efYd=20250807
2025-08-17 14:45:35,325 - INFO - [__main__] - 상세 페이지 스크레이퍼 완료: 중대재해 처벌 등에 관한 법률 시행령
2025-08-17 14:45:36,547 - INFO - [__main__] - 상세 페이지 스크레이퍼 실행: https://www.law.go.kr/LSW/lsInfoP.do?lsiSeq=269935&efYd=20250318
2025-08-17 14:45:39,930 - INFO - [__main__] - 상세 페이지 스크레이퍼 완료: 직업교육훈련 촉진법
2025-08-17 14:45:41,166 - INFO - [__main__] - 상세 페이지 스크레이퍼 실행: https://www.law.go.kr/LSW/lsInfoP.do?lsiSeq=269935&efYd=20250919
2025-08-17 14:45:44,103 - INFO - [__main__] - 상세 페이지 스크레이퍼 완료: 직업교육훈련 촉진법
2025-08-17 14:45:45,316 - INFO - [__main__] - 상세 페이지 스크레이퍼 실행: https://www.law.go.kr/LSW/lsInfoP.do?lsiSeq=269679&efYd=20250311
2025-08-17 14:45:48,329 - INFO - [__main__] - 상세 페이지 스크레이퍼 완료: 직업교육훈련 촉진법 시행령
2025-08-17 14:45:49,551 - INFO - [__main__] - 상세 페이지 스크레이퍼 실행: https://www.law.go.kr/LSW/lsInfoP.do?lsiSeq=259231&efYd=20240724
2025-08-17 14:45:53,165 - INFO - [__main__] - 상세 페이지 스크레이퍼 완료: 직업안정법
2025-08-17 14:45:54,382 - INFO - [__main__] - 상세 페이지 스크레이퍼 실행: https://www.law.go.kr/LSW/lsInfoP.do?lsiSeq=267797&efYd=20241231
2025-08-17 14:45:58,233 - INFO - [__main__] - 상세 페이지 스크레이퍼 완료: 직업안정법 시행령
2025-08-17 14:45:59,465 - INFO - [__main__] - 상세 페이지 스크레이퍼 실행: https://www.law.go.kr/LSW/lsInfoP.do?lsiSeq=263203&efYd=20240612
2025-08-17 14:46:03,471 - INFO - [__main__] - 상세 페이지 스크레이퍼 완료: 직업안정법 시행규칙
2025-08-17 14:46:04,690 - INFO - [__main__] - 상세 페이지 스크레이퍼 실행: https://www.law.go.kr/LSW/lsInfoP.do?lsiSeq=253647&efYd=20230808
2025-08-17 14:46:08,021 - INFO - [__main__] - 상세 페이지 스크레이퍼 완료: 진폐의 예방과 진폐근로자의 보호 등에 관한 법률
2025-08-17 14:46:09,240 - INFO - [__main__] - 상세 페이지 스크레이퍼 실행: https://www.law.go.kr/LSW/lsInfoP.do?lsiSeq=243675&efYd=20220705
2025-08-17 14:46:12,291 - INFO - [__main__] - 상세 페이지 스크레이퍼 완료: 진폐의 예방과 진폐근로자의 보호 등에 관한 법률 시행령
2025-08-17 14:46:13,488 - INFO - [__main__] - 상세 페이지 스크레이퍼 실행: https://www.law.go.kr/LSW/lsInfoP.do?lsiSeq=252309&efYd=20230630
2025-08-17 14:46:16,651 - INFO - [__main__] - 상세 페이지 스크레이퍼 완료: 진폐의 예방과 진폐근로자의 보호 등에 관한 법률 시행규칙
2025-08-17 14:46:17,887 - INFO - [__main__] - 상세 페이지 스크레이퍼 실행: https://www.law.go.kr/LSW/lsInfoP.do?lsiSeq=218301&efYd=20200526
2025-08-17 14:46:20,771 - INFO - [__main__] - 상세 페이지 스크레이퍼 완료: 채용절차의 공정화에 관한 법률
2025-08-17 14:46:21,989 - INFO - [__main__] - 상세 페이지 스크레이퍼 실행: https://www.law.go.kr/LSW/lsInfoP.do?lsiSeq=209867&efYd=20190717
2025-08-17 14:46:25,612 - INFO - [__main__] - 상세 페이지 스크레이퍼 완료: 채용절차의 공정화에 관한 법률 시행령
2025-08-17 14:46:26,834 - INFO - [__main__] - 상세 페이지 스크레이퍼 실행: https://www.law.go.kr/LSW/lsInfoP.do?lsiSeq=166363&efYd=20141231
2025-08-17 14:46:29,594 - INFO - [__main__] - 상세 페이지 스크레이퍼 완료: 채용절차의 공정화에 관한 법률 시행규칙
2025-08-17 14:46:30,810 - INFO - [__main__] - 상세 페이지 스크레이퍼 실행: https://www.law.go.kr/LSW/lsInfoP.do?lsiSeq=258019&efYd=20231231
2025-08-17 14:46:33,642 - INFO - [__main__] - 상세 페이지 스크레이퍼 완료: 청년고용촉진 특별법
2025-08-17 14:46:34,866 - INFO - [__main__] - 상세 페이지 스크레이퍼 실행: https://www.law.go.kr/LSW/lsInfoP.do?lsiSeq=240593&efYd=20220218
2025-08-17 14:46:37,712 - INFO - [__main__] - 상세 페이지 스크레이퍼 완료: 청년고용촉진 특별법 시행령
2025-08-17 14:46:38,913 - INFO - [__main__] - 상세 페이지 스크레이퍼 실행: https://www.law.go.kr/LSW/lsInfoP.do?lsiSeq=218303&efYd=20200526
2025-08-17 14:46:42,649 - INFO - [__main__] - 상세 페이지 스크레이퍼 완료: 최저임금법
2025-08-17 14:46:43,866 - INFO - [__main__] - 상세 페이지 스크레이퍼 실행: https://www.law.go.kr/LSW/lsInfoP.do?lsiSeq=206564&efYd=20190101
2025-08-17 14:46:46,782 - INFO - [__main__] - 상세 페이지 스크레이퍼 완료: 최저임금법 시행령
2025-08-17 14:46:47,997 - INFO - [__main__] - 상세 페이지 스크레이퍼 실행: https://www.law.go.kr/LSW/lsInfoP.do?lsiSeq=206579&efYd=20190101
2025-08-17 14:46:50,979 - INFO - [__main__] - 상세 페이지 스크레이퍼 완료: 최저임금법 시행규칙
2025-08-17 14:46:52,209 - INFO - [__main__] - 상세 페이지 스크레이퍼 실행: https://www.law.go.kr/LSW/lsInfoP.do?lsiSeq=260553&efYd=20250101
2025-08-17 14:46:55,214 - INFO - [__main__] - 상세 페이지 스크레이퍼 완료: 통상환경변화 대응 및 지원 등에 관한 법률
2025-08-17 14:46:56,429 - INFO - [__main__] - 상세 페이지 스크레이퍼 실행: https://www.law.go.kr/LSW/lsInfoP.do?lsiSeq=266959&efYd=20250101
2025-08-17 14:46:59,465 - INFO - [__main__] - 상세 페이지 스크레이퍼 완료: 통상환경변화 대응 및 지원 등에 관한 법률 시행령
2025-08-17 14:47:00,689 - INFO - [__main__] - 상세 페이지 스크레이퍼 실행: https://www.law.go.kr/LSW/lsInfoP.do?lsiSeq=267827&efYd=20250101
2025-08-17 14:47:03,844 - INFO - [__main__] - 상세 페이지 스크레이퍼 완료: 통상환경변화 대응 및 지원 등에 관한 법률 시행규칙
2025-08-17 14:47:05,068 - INFO - [__main__] - 상세 페이지 스크레이퍼 실행: https://www.law.go.kr/LSW/lsInfoP.do?lsiSeq=223983&efYd=20201208
2025-08-17 14:47:08,098 - INFO - [__main__] - 상세 페이지 스크레이퍼 완료: 파견근로자 보호 등에 관한 법률
2025-08-17 14:47:09,332 - INFO - [__main__] - 상세 페이지 스크레이퍼 실행: https://www.law.go.kr/LSW/lsInfoP.do?lsiSeq=272523&efYd=20250621
2025-08-17 14:47:22,521 - INFO - [__main__] - 상세 페이지 스크레이퍼 완료: 파견근로자 보호 등에 관한 법률 시행령
2025-08-17 14:47:23,787 - INFO - [__main__] - 상세 페이지 스크레이퍼 실행: https://www.law.go.kr/LSW/lsInfoP.do?lsiSeq=263205&efYd=20240612
2025-08-17 14:47:26,670 - INFO - [__main__] - 상세 페이지 스크레이퍼 완료: 파견근로자 보호 등에 관한 법률 시행규칙
2025-08-17 14:47:27,886 - INFO - [__main__] - 상세 페이지 스크레이퍼 실행: https://www.law.go.kr/LSW/lsInfoP.do?lsiSeq=219131&efYd=20210610
2025-08-17 14:47:30,634 - INFO - [__main__] - 상세 페이지 스크레이퍼 완료: 파독 광부ㆍ간호사ㆍ간호조무사에 대한 지원 및 기념사업에 관한 법률
2025-08-17 14:47:31,862 - INFO - [__main__] - 상세 페이지 스크레이퍼 실행: https://www.law.go.kr/LSW/lsInfoP.do?lsiSeq=232149&efYd=20210610
2025-08-17 14:47:34,632 - INFO - [__main__] - 상세 페이지 스크레이퍼 완료: 파독 광부ㆍ간호사ㆍ간호조무사에 대한 지원 및 기념사업에 관한 법률 시행령
2025-08-17 14:47:35,845 - INFO - [__main__] - 상세 페이지 스크레이퍼 실행: https://www.law.go.kr/LSW/lsInfoP.do?lsiSeq=232231&efYd=20211119
2025-08-17 14:47:39,066 - INFO - [__main__] - 상세 페이지 스크레이퍼 완료: 필수업무 지정 및 종사자 보호ㆍ지원에 관한 법률
2025-08-17 14:47:40,288 - INFO - [__main__] - 상세 페이지 스크레이퍼 실행: https://www.law.go.kr/LSW/lsInfoP.do?lsiSeq=236817&efYd=20211119
2025-08-17 14:47:43,808 - INFO - [__main__] - 상세 페이지 스크레이퍼 완료: 필수업무 지정 및 종사자 보호ㆍ지원에 관한 법률 시행령
2025-08-17 14:47:45,023 - INFO - [__main__] - 상세 페이지 스크레이퍼 실행: https://www.law.go.kr/LSW/lsInfoP.do?lsiSeq=243067&efYd=20220610
2025-08-17 14:47:47,999 - INFO - [__main__] - 상세 페이지 스크레이퍼 완료: 한국고용노동교육원법
2025-08-17 14:47:49,219 - INFO - [__main__] - 상세 페이지 스크레이퍼 실행: https://www.law.go.kr/LSW/lsInfoP.do?lsiSeq=221855&efYd=20201001
2025-08-17 14:47:51,933 - INFO - [__main__] - 상세 페이지 스크레이퍼 완료: 한국고용노동교육원법 시행령
2025-08-17 14:47:53,149 - INFO - [__main__] - 상세 페이지 스크레이퍼 실행: https://www.law.go.kr/LSW/lsInfoP.do?lsiSeq=188718&efYd=20161227
2025-08-17 14:47:56,493 - INFO - [__main__] - 상세 페이지 스크레이퍼 완료: 한국산업안전보건공단법
2025-08-17 14:47:57,714 - INFO - [__main__] - 상세 페이지 스크레이퍼 실행: https://www.law.go.kr/LSW/lsInfoP.do?lsiSeq=268455&efYd=20250131
2025-08-17 14:48:00,638 - INFO - [__main__] - 상세 페이지 스크레이퍼 완료: 한국산업안전보건공단법 시행령
2025-08-17 14:48:01,855 - INFO - [__main__] - 상세 페이지 스크레이퍼 실행: https://www.law.go.kr/LSW/lsInfoP.do?lsiSeq=234813&efYd=20220218
2025-08-17 14:48:04,903 - INFO - [__main__] - 상세 페이지 스크레이퍼 완료: 한국산업인력공단법
2025-08-17 14:48:06,128 - INFO - [__main__] - 상세 페이지 스크레이퍼 실행: https://www.law.go.kr/LSW/lsInfoP.do?lsiSeq=268459&efYd=20250131
2025-08-17 14:48:08,970 - INFO - [__main__] - 상세 페이지 스크레이퍼 완료: 한국산업인력공단법 시행령
