2025-08-24 01:01:12,740 - INFO - [scripts.adrule.logic.url_checker] - URL 유효성 검증 성공: https://www.law.go.kr/admRulAstSc.do?menuId=391&subMenuId=397&tabMenuId=441&cptOfiCd=1492000
2025-08-24 01:01:13,264 - INFO - [scripts.adrule.logic.list_scraper] - 목록 페이지로 이동 중: https://www.law.go.kr/admRulAstSc.do?menuId=391&subMenuId=397&tabMenuId=441&cptOfiCd=1492000
2025-08-24 01:01:14,632 - INFO - [scripts.adrule.logic.list_scraper] - 총 9 페이지를 확인했습니다.
2025-08-24 01:01:14,633 - INFO - [scripts.adrule.logic.list_scraper] - 사용자 설정에 따라 최대 1 페이지만 크롤링합니다.
2025-08-24 01:01:14,633 - INFO - [scripts.adrule.logic.list_scraper] - --- 1 / 1 페이지 처리 중 ---
2025-08-24 01:01:14,669 - INFO - [scripts.adrule.logic.list_scraper] -   - 발견:  2025년도 건설업 월평균보수
2025-08-24 01:01:14,673 - INFO - [scripts.adrule.logic.list_scraper] -   - 발견:  2025년도 사업종류별 산재보험료율
2025-08-24 01:01:14,676 - INFO - [scripts.adrule.logic.list_scraper] -   - 발견:  2025년 적용 최저임금 고시
2025-08-24 01:01:14,681 - INFO - [scripts.adrule.logic.list_scraper] -   - 발견:  2026년 적용 최저임금 고시
2025-08-24 01:01:14,685 - INFO - [scripts.adrule.logic.list_scraper] -   - 발견:  2026년 적용 최저임금안 고시
2025-08-24 01:01:14,688 - INFO - [scripts.adrule.logic.list_scraper] -   - 발견:  가사근로자 사회보험료 지원에 관한 고시
2025-08-24 01:01:14,692 - INFO - [scripts.adrule.logic.list_scraper] -   - 발견:  가설공사 표준안전 작업지침
2025-08-24 01:01:14,695 - INFO - [scripts.adrule.logic.list_scraper] -   - 발견:  가스누출감지경보기 설치에 관한 기술상의 지침
2025-08-24 01:01:14,699 - INFO - [scripts.adrule.logic.list_scraper] -   - 발견:  감전재해 예방을 위한 기술상의 지침
2025-08-24 01:01:14,702 - INFO - [scripts.adrule.logic.list_scraper] -   - 발견:  개별연장급여 수급요건 중 학업 중인 사람에 대한 고시
2025-08-24 01:01:14,706 - INFO - [scripts.adrule.logic.list_scraper] -   - 발견:  개별연장급여 지급을 위한 임금 및 재산기준 고시
2025-08-24 01:01:14,710 - INFO - [scripts.adrule.logic.list_scraper] -   - 발견:  개인형퇴직연금제도로의 이전 예외사유 해당금액 고시
2025-08-24 01:01:14,713 - INFO - [scripts.adrule.logic.list_scraper] -   - 발견:  건설공사 안전보건대장의 작성 등에 관한 고시
2025-08-24 01:01:14,718 - INFO - [scripts.adrule.logic.list_scraper] -   - 발견:  건설공사의 노무비율
2025-08-24 01:01:14,721 - INFO - [scripts.adrule.logic.list_scraper] -   - 발견:  건설근로자고용개선전문위원회 운영규정
2025-08-24 01:01:14,724 - INFO - [scripts.adrule.logic.list_scraper] -   - 발견:  건설업 산업안전보건관리비 계상 및 사용기준
2025-08-24 01:01:14,728 - INFO - [scripts.adrule.logic.list_scraper] -   - 발견:  건설업에서 근로자 수 확인이 곤란한 장애인 고용의무 사업주의 공사실적액
2025-08-24 01:01:14,731 - INFO - [scripts.adrule.logic.list_scraper] -   - 발견:  건설업 유해·위험방지계획서 중 지도사가 평가·확인 할 수 있는 대상 건설공사의 범위 및 지도사의 요건
2025-08-24 01:01:14,734 - INFO - [scripts.adrule.logic.list_scraper] -   - 발견:  건설업자가 아닌 자가 시공하는 건설공사의 총공사금액 산정방법에 관한 규정
2025-08-24 01:01:14,738 - INFO - [scripts.adrule.logic.list_scraper] -   - 발견:  건설업체의 산업재해예방활동 실적 평가기준
2025-08-24 01:01:14,742 - INFO - [scripts.adrule.logic.list_scraper] -   - 발견:  고기압 작업에 관한 기준
2025-08-24 01:01:14,745 - INFO - [scripts.adrule.logic.list_scraper] -   - 발견:  고 김용균 사망사고 진상규명과 재발방지를 위한 석탄화력발전소 특별노동안전조사위원회 설치 및 운영에 관한 규정
2025-08-24 01:01:14,748 - INFO - [scripts.adrule.logic.list_scraper] -   - 발견:  고령자 고용안정지원금 지급 규정
2025-08-24 01:01:14,752 - INFO - [scripts.adrule.logic.list_scraper] -   - 발견:  고령자고용연장지원금액 등
2025-08-24 01:01:14,755 - INFO - [scripts.adrule.logic.list_scraper] -   - 발견:  고령자인재은행 및 중견전문인력 고용지원센터 운영규정
2025-08-24 01:01:14,758 - INFO - [scripts.adrule.logic.list_scraper] -   - 발견:  고용노동관계법 위반자에 대한 과태료 부과·징수 업무에 관한 예규
2025-08-24 01:01:14,762 - INFO - [scripts.adrule.logic.list_scraper] -   - 발견:  고용노동관 업무처리지침
2025-08-24 01:01:14,765 - INFO - [scripts.adrule.logic.list_scraper] -   - 발견:  고용노동부 2030 자문단 설치 및 운영에 관한 규정
2025-08-24 01:01:14,775 - INFO - [scripts.adrule.logic.list_scraper] -   - 발견:  고용노동부 갈등관리 운영규정
2025-08-24 01:01:14,778 - INFO - [scripts.adrule.logic.list_scraper] -   - 발견:  고용노동부 감사규정
2025-08-24 01:01:14,781 - INFO - [scripts.adrule.logic.list_scraper] -   - 발견:  고용노동부 개인정보 보호지침
2025-08-24 01:01:14,784 - INFO - [scripts.adrule.logic.list_scraper] -   - 발견:  고용노동부고객상담센터 기본운영규정
2025-08-24 01:01:14,788 - INFO - [scripts.adrule.logic.list_scraper] -   - 발견:  고용노동부고객상담센터 위임전결규정
2025-08-24 01:01:14,791 - INFO - [scripts.adrule.logic.list_scraper] -   - 발견:  고용노동부 고객지원실 운영규정
2025-08-24 01:01:14,794 - INFO - [scripts.adrule.logic.list_scraper] -   - 발견:  고용노동부 고용장려금 운영에 관한 규정
2025-08-24 01:01:14,798 - INFO - [scripts.adrule.logic.list_scraper] -   - 발견:  고용노동부 공무원의 국제기구 파견에 관한 지침
2025-08-24 01:01:14,802 - INFO - [scripts.adrule.logic.list_scraper] -   - 발견:  고용노동부 공무원 정원배정표
2025-08-24 01:01:14,806 - INFO - [scripts.adrule.logic.list_scraper] -   - 발견:  고용노동부 공무원 행동강령
2025-08-24 01:01:14,810 - INFO - [scripts.adrule.logic.list_scraper] -   - 발견:  고용노동부 공무직근로자 운영규정
2025-08-24 01:01:14,813 - INFO - [scripts.adrule.logic.list_scraper] -   - 발견:  고용노동부 공사감독 업무규정
2025-08-24 01:01:14,820 - INFO - [scripts.adrule.logic.list_scraper] -   - 발견:  고용노동부 공직자의 이해충돌 방지제도 운영지침
2025-08-24 01:01:14,823 - INFO - [scripts.adrule.logic.list_scraper] -   - 발견:  고용노동부 관사의 운영 및 관리규정
2025-08-24 01:01:14,828 - INFO - [scripts.adrule.logic.list_scraper] -   - 발견:  고용노동부 국가정보자료관리세부시행규칙
2025-08-24 01:01:14,834 - INFO - [scripts.adrule.logic.list_scraper] -   - 발견:  고용노동부 국제고용노동정책에 관한 규정
2025-08-24 01:01:14,837 - INFO - [scripts.adrule.logic.list_scraper] -   - 발견:  고용노동부 규제심사위원회 운영규정
2025-08-24 01:01:14,840 - INFO - [scripts.adrule.logic.list_scraper] -   - 발견:  고용노동부 기간제근로자 운영규정
2025-08-24 01:01:14,863 - INFO - [__main__] - 총 46개의 URL을 './bin/../data/raw/adrule/1492000/urls.jsonl' 파일에 저장했습니다.
2025-08-24 01:01:15,411 - INFO - [__main__] - 상세 페이지 스크레이퍼 실행: https://www.law.go.kr/admRulInfoP.do?admRulSeq=2100000252102
2025-08-24 01:01:15,809 - INFO - [scripts.adrule.logic.scraper] - 페이지로 이동 중: https://www.law.go.kr/admRulInfoP.do?admRulSeq=2100000252102
2025-08-24 01:01:16,484 - INFO - [scripts.adrule.logic.scraper] - 로딩 마스크가 나타나기를 기다리는 중...
2025-08-24 01:01:16,503 - INFO - [scripts.adrule.logic.scraper] - 로딩 마스크가 사라지기를 기다리는 중...
2025-08-24 01:01:17,302 - INFO - [scripts.adrule.logic.scraper] - 페이지 최종 렌더링을 잠시 대기합니다...
2025-08-24 01:01:18,307 - INFO - [scripts.adrule.logic.scraper] - 페이지 HTML 컨텐츠를 가져오는 중...
2025-08-24 01:01:18,320 - INFO - [scripts.adrule.logic.scraper] - 데이터 파싱 중...
2025-08-24 01:01:18,367 - INFO - [scripts.adrule.logic.scraper] - 유형 2: 텍스트 기반 비정형 구조 감지
2025-08-24 01:01:18,371 - INFO - [scripts.adrule.logic.scraper] - 데이터 1건을 '/Users/woong/Roeum/roeum-crawler/data/raw/adrule/1492000/2025년도 건설업 월평균보수_document.jsonl' 파일로 성공적으로 저장했습니다.
2025-08-24 01:01:18,372 - INFO - [scripts.adrule.logic.scraper] - 데이터 2건을 '/Users/woong/Roeum/roeum-crawler/data/raw/adrule/1492000/2025년도 건설업 월평균보수_chunks.jsonl' 파일로 성공적으로 저장했습니다.
2025-08-24 01:01:18,394 - INFO - [__main__] - 상세 페이지 스크레이퍼 완료: 2025년도 건설업 월평균보수
2025-08-24 01:01:19,860 - INFO - [__main__] - 상세 페이지 스크레이퍼 실행: https://www.law.go.kr/admRulInfoP.do?admRulSeq=2100000251996
2025-08-24 01:01:20,213 - INFO - [scripts.adrule.logic.scraper] - 페이지로 이동 중: https://www.law.go.kr/admRulInfoP.do?admRulSeq=2100000251996
2025-08-24 01:01:20,788 - INFO - [scripts.adrule.logic.scraper] - 로딩 마스크가 나타나기를 기다리는 중...
2025-08-24 01:01:20,808 - INFO - [scripts.adrule.logic.scraper] - 로딩 마스크가 사라지기를 기다리는 중...
2025-08-24 01:01:20,887 - INFO - [scripts.adrule.logic.scraper] - 페이지 최종 렌더링을 잠시 대기합니다...
2025-08-24 01:01:21,891 - INFO - [scripts.adrule.logic.scraper] - 페이지 HTML 컨텐츠를 가져오는 중...
2025-08-24 01:01:21,905 - INFO - [scripts.adrule.logic.scraper] - 데이터 파싱 중...
2025-08-24 01:01:21,948 - INFO - [scripts.adrule.logic.scraper] - 유형 2: 텍스트 기반 비정형 구조 감지
2025-08-24 01:01:21,953 - INFO - [scripts.adrule.logic.scraper] - 데이터 1건을 '/Users/woong/Roeum/roeum-crawler/data/raw/adrule/1492000/2025년도 사업종류별 산재보험료율_document.jsonl' 파일로 성공적으로 저장했습니다.
2025-08-24 01:01:21,953 - INFO - [scripts.adrule.logic.scraper] - 데이터 2건을 '/Users/woong/Roeum/roeum-crawler/data/raw/adrule/1492000/2025년도 사업종류별 산재보험료율_chunks.jsonl' 파일로 성공적으로 저장했습니다.
2025-08-24 01:01:21,974 - INFO - [__main__] - 상세 페이지 스크레이퍼 완료: 2025년도 사업종류별 산재보험료율
2025-08-24 01:01:23,441 - INFO - [__main__] - 상세 페이지 스크레이퍼 실행: https://www.law.go.kr/admRulInfoP.do?admRulSeq=2100000245668
2025-08-24 01:01:23,786 - INFO - [scripts.adrule.logic.scraper] - 페이지로 이동 중: https://www.law.go.kr/admRulInfoP.do?admRulSeq=2100000245668
2025-08-24 01:01:24,403 - INFO - [scripts.adrule.logic.scraper] - 로딩 마스크가 나타나기를 기다리는 중...
2025-08-24 01:01:24,422 - INFO - [scripts.adrule.logic.scraper] - 로딩 마스크가 사라지기를 기다리는 중...
2025-08-24 01:01:24,605 - INFO - [scripts.adrule.logic.scraper] - 페이지 최종 렌더링을 잠시 대기합니다...
2025-08-24 01:01:25,608 - INFO - [scripts.adrule.logic.scraper] - 페이지 HTML 컨텐츠를 가져오는 중...
2025-08-24 01:01:25,624 - INFO - [scripts.adrule.logic.scraper] - 데이터 파싱 중...
2025-08-24 01:01:25,670 - INFO - [scripts.adrule.logic.scraper] - 유형 3: PDF 뷰어(iframe) 구조 감지 (OCR 실행)
2025-08-24 01:01:25,683 - INFO - [scripts.adrule.logic.scraper] - 1개의 PDF 페이지 이미지 발견
2025-08-24 01:01:25,991 - INFO - [scripts.adrule.logic.scraper] - 메모리 내 이미지 OCR 시작...
2025-08-24 01:01:26,360 - INFO - [scripts.adrule.logic.scraper] - 메모리 내 이미지 OCR 성공
2025-08-24 01:01:26,360 - INFO - [scripts.adrule.logic.scraper] - 데이터 1건을 '/Users/woong/Roeum/roeum-crawler/data/raw/adrule/1492000/2025년 적용 최저임금 고시_document.jsonl' 파일로 성공적으로 저장했습니다.
2025-08-24 01:01:26,361 - INFO - [scripts.adrule.logic.scraper] - 데이터 1건을 '/Users/woong/Roeum/roeum-crawler/data/raw/adrule/1492000/2025년 적용 최저임금 고시_chunks.jsonl' 파일로 성공적으로 저장했습니다.
2025-08-24 01:01:26,384 - INFO - [__main__] - 상세 페이지 스크레이퍼 완료: 2025년 적용 최저임금 고시
2025-08-24 01:01:27,854 - INFO - [__main__] - 상세 페이지 스크레이퍼 실행: https://www.law.go.kr/admRulInfoP.do?admRulSeq=2100000262710
2025-08-24 01:01:28,207 - INFO - [scripts.adrule.logic.scraper] - 페이지로 이동 중: https://www.law.go.kr/admRulInfoP.do?admRulSeq=2100000262710
2025-08-24 01:01:28,741 - INFO - [scripts.adrule.logic.scraper] - 로딩 마스크가 나타나기를 기다리는 중...
2025-08-24 01:01:28,761 - INFO - [scripts.adrule.logic.scraper] - 로딩 마스크가 사라지기를 기다리는 중...
2025-08-24 01:01:28,841 - INFO - [scripts.adrule.logic.scraper] - 페이지 최종 렌더링을 잠시 대기합니다...
2025-08-24 01:01:29,843 - INFO - [scripts.adrule.logic.scraper] - 페이지 HTML 컨텐츠를 가져오는 중...
2025-08-24 01:01:29,854 - INFO - [scripts.adrule.logic.scraper] - 데이터 파싱 중...
2025-08-24 01:01:29,897 - INFO - [scripts.adrule.logic.scraper] - 유형 3: PDF 뷰어(iframe) 구조 감지 (OCR 실행)
2025-08-24 01:01:29,908 - INFO - [scripts.adrule.logic.scraper] - 1개의 PDF 페이지 이미지 발견
2025-08-24 01:01:30,012 - INFO - [scripts.adrule.logic.scraper] - 메모리 내 이미지 OCR 시작...
2025-08-24 01:01:30,239 - INFO - [scripts.adrule.logic.scraper] - 메모리 내 이미지 OCR 성공
2025-08-24 01:01:30,240 - INFO - [scripts.adrule.logic.scraper] - 데이터 1건을 '/Users/woong/Roeum/roeum-crawler/data/raw/adrule/1492000/2026년 적용 최저임금 고시_document.jsonl' 파일로 성공적으로 저장했습니다.
2025-08-24 01:01:30,240 - INFO - [scripts.adrule.logic.scraper] - 데이터 1건을 '/Users/woong/Roeum/roeum-crawler/data/raw/adrule/1492000/2026년 적용 최저임금 고시_chunks.jsonl' 파일로 성공적으로 저장했습니다.
2025-08-24 01:01:30,262 - INFO - [__main__] - 상세 페이지 스크레이퍼 완료: 2026년 적용 최저임금 고시
2025-08-24 01:01:31,736 - INFO - [__main__] - 상세 페이지 스크레이퍼 실행: https://www.law.go.kr/admRulInfoP.do?admRulSeq=2100000261888
2025-08-24 01:01:32,083 - INFO - [scripts.adrule.logic.scraper] - 페이지로 이동 중: https://www.law.go.kr/admRulInfoP.do?admRulSeq=2100000261888
2025-08-24 01:01:32,636 - INFO - [scripts.adrule.logic.scraper] - 로딩 마스크가 나타나기를 기다리는 중...
2025-08-24 01:01:32,656 - INFO - [scripts.adrule.logic.scraper] - 로딩 마스크가 사라지기를 기다리는 중...
2025-08-24 01:01:32,838 - INFO - [scripts.adrule.logic.scraper] - 페이지 최종 렌더링을 잠시 대기합니다...
2025-08-24 01:01:33,841 - INFO - [scripts.adrule.logic.scraper] - 페이지 HTML 컨텐츠를 가져오는 중...
2025-08-24 01:01:33,851 - INFO - [scripts.adrule.logic.scraper] - 데이터 파싱 중...
2025-08-24 01:01:33,891 - INFO - [scripts.adrule.logic.scraper] - 유형 3: PDF 뷰어(iframe) 구조 감지 (OCR 실행)
2025-08-24 01:01:33,902 - INFO - [scripts.adrule.logic.scraper] - 1개의 PDF 페이지 이미지 발견
2025-08-24 01:01:34,012 - INFO - [scripts.adrule.logic.scraper] - 메모리 내 이미지 OCR 시작...
2025-08-24 01:01:34,376 - INFO - [scripts.adrule.logic.scraper] - 메모리 내 이미지 OCR 성공
2025-08-24 01:01:34,376 - INFO - [scripts.adrule.logic.scraper] - 데이터 1건을 '/Users/woong/Roeum/roeum-crawler/data/raw/adrule/1492000/2026년 적용 최저임금안 고시_document.jsonl' 파일로 성공적으로 저장했습니다.
2025-08-24 01:01:34,376 - INFO - [scripts.adrule.logic.scraper] - 데이터 1건을 '/Users/woong/Roeum/roeum-crawler/data/raw/adrule/1492000/2026년 적용 최저임금안 고시_chunks.jsonl' 파일로 성공적으로 저장했습니다.
2025-08-24 01:01:34,399 - INFO - [__main__] - 상세 페이지 스크레이퍼 완료: 2026년 적용 최저임금안 고시
2025-08-24 01:01:36,050 - INFO - [__main__] - 상세 페이지 스크레이퍼 실행: https://www.law.go.kr/admRulInfoP.do?admRulSeq=2100000254236
2025-08-24 01:01:36,459 - INFO - [scripts.adrule.logic.scraper] - 페이지로 이동 중: https://www.law.go.kr/admRulInfoP.do?admRulSeq=2100000254236
2025-08-24 01:01:37,144 - INFO - [scripts.adrule.logic.scraper] - 로딩 마스크가 나타나기를 기다리는 중...
2025-08-24 01:01:37,167 - INFO - [scripts.adrule.logic.scraper] - 로딩 마스크가 사라지기를 기다리는 중...
2025-08-24 01:01:37,355 - INFO - [scripts.adrule.logic.scraper] - 페이지 최종 렌더링을 잠시 대기합니다...
2025-08-24 01:01:38,358 - INFO - [scripts.adrule.logic.scraper] - 페이지 HTML 컨텐츠를 가져오는 중...
2025-08-24 01:01:38,374 - INFO - [scripts.adrule.logic.scraper] - 데이터 파싱 중...
2025-08-24 01:01:38,425 - INFO - [scripts.adrule.logic.scraper] - 유형 1: 정형화된 법령 구조 감지
2025-08-24 01:01:38,437 - INFO - [scripts.adrule.logic.scraper] - 데이터 1건을 '/Users/woong/Roeum/roeum-crawler/data/raw/adrule/1492000/가사근로자 사회보험료 지원에 관한 고시_document.jsonl' 파일로 성공적으로 저장했습니다.
2025-08-24 01:01:38,437 - INFO - [scripts.adrule.logic.scraper] - 데이터 7건을 '/Users/woong/Roeum/roeum-crawler/data/raw/adrule/1492000/가사근로자 사회보험료 지원에 관한 고시_chunks.jsonl' 파일로 성공적으로 저장했습니다.
2025-08-24 01:01:38,461 - INFO - [__main__] - 상세 페이지 스크레이퍼 완료: 가사근로자 사회보험료 지원에 관한 고시
2025-08-24 01:01:39,937 - INFO - [__main__] - 상세 페이지 스크레이퍼 실행: https://www.law.go.kr/admRulInfoP.do?admRulSeq=2100000186031
2025-08-24 01:01:40,308 - INFO - [scripts.adrule.logic.scraper] - 페이지로 이동 중: https://www.law.go.kr/admRulInfoP.do?admRulSeq=2100000186031
2025-08-24 01:01:40,810 - INFO - [scripts.adrule.logic.scraper] - 로딩 마스크가 나타나기를 기다리는 중...
2025-08-24 01:01:40,834 - INFO - [scripts.adrule.logic.scraper] - 로딩 마스크가 사라지기를 기다리는 중...
2025-08-24 01:01:40,944 - INFO - [scripts.adrule.logic.scraper] - 페이지 최종 렌더링을 잠시 대기합니다...
2025-08-24 01:01:41,946 - INFO - [scripts.adrule.logic.scraper] - 페이지 HTML 컨텐츠를 가져오는 중...
2025-08-24 01:01:41,957 - INFO - [scripts.adrule.logic.scraper] - 데이터 파싱 중...
2025-08-24 01:01:42,015 - INFO - [scripts.adrule.logic.scraper] - 유형 1: 정형화된 법령 구조 감지
2025-08-24 01:01:42,057 - INFO - [scripts.adrule.logic.scraper] - 데이터 1건을 '/Users/woong/Roeum/roeum-crawler/data/raw/adrule/1492000/가설공사 표준안전 작업지침_document.jsonl' 파일로 성공적으로 저장했습니다.
2025-08-24 01:01:42,057 - INFO - [scripts.adrule.logic.scraper] - 데이터 29건을 '/Users/woong/Roeum/roeum-crawler/data/raw/adrule/1492000/가설공사 표준안전 작업지침_chunks.jsonl' 파일로 성공적으로 저장했습니다.
2025-08-24 01:01:42,079 - INFO - [__main__] - 상세 페이지 스크레이퍼 완료: 가설공사 표준안전 작업지침
2025-08-24 01:01:43,552 - INFO - [__main__] - 상세 페이지 스크레이퍼 실행: https://www.law.go.kr/admRulInfoP.do?admRulSeq=2100000186062
2025-08-24 01:01:43,911 - INFO - [scripts.adrule.logic.scraper] - 페이지로 이동 중: https://www.law.go.kr/admRulInfoP.do?admRulSeq=2100000186062
2025-08-24 01:01:44,547 - INFO - [scripts.adrule.logic.scraper] - 로딩 마스크가 나타나기를 기다리는 중...
2025-08-24 01:01:44,569 - INFO - [scripts.adrule.logic.scraper] - 로딩 마스크가 사라지기를 기다리는 중...
2025-08-24 01:01:44,664 - INFO - [scripts.adrule.logic.scraper] - 페이지 최종 렌더링을 잠시 대기합니다...
2025-08-24 01:01:45,666 - INFO - [scripts.adrule.logic.scraper] - 페이지 HTML 컨텐츠를 가져오는 중...
2025-08-24 01:01:45,677 - INFO - [scripts.adrule.logic.scraper] - 데이터 파싱 중...
2025-08-24 01:01:45,732 - INFO - [scripts.adrule.logic.scraper] - 유형 1: 정형화된 법령 구조 감지
2025-08-24 01:01:45,744 - INFO - [scripts.adrule.logic.scraper] - 데이터 1건을 '/Users/woong/Roeum/roeum-crawler/data/raw/adrule/1492000/가스누출감지경보기 설치에 관한 기술상의 지침_document.jsonl' 파일로 성공적으로 저장했습니다.
2025-08-24 01:01:45,744 - INFO - [scripts.adrule.logic.scraper] - 데이터 10건을 '/Users/woong/Roeum/roeum-crawler/data/raw/adrule/1492000/가스누출감지경보기 설치에 관한 기술상의 지침_chunks.jsonl' 파일로 성공적으로 저장했습니다.
2025-08-24 01:01:45,767 - INFO - [__main__] - 상세 페이지 스크레이퍼 완료: 가스누출감지경보기 설치에 관한 기술상의 지침
2025-08-24 01:01:47,239 - INFO - [__main__] - 상세 페이지 스크레이퍼 실행: https://www.law.go.kr/admRulInfoP.do?admRulSeq=2100000186120
2025-08-24 01:01:47,585 - INFO - [scripts.adrule.logic.scraper] - 페이지로 이동 중: https://www.law.go.kr/admRulInfoP.do?admRulSeq=2100000186120
2025-08-24 01:01:48,254 - INFO - [scripts.adrule.logic.scraper] - 로딩 마스크가 나타나기를 기다리는 중...
2025-08-24 01:01:48,276 - INFO - [scripts.adrule.logic.scraper] - 로딩 마스크가 사라지기를 기다리는 중...
2025-08-24 01:01:48,371 - INFO - [scripts.adrule.logic.scraper] - 페이지 최종 렌더링을 잠시 대기합니다...
2025-08-24 01:01:49,374 - INFO - [scripts.adrule.logic.scraper] - 페이지 HTML 컨텐츠를 가져오는 중...
2025-08-24 01:01:49,392 - INFO - [scripts.adrule.logic.scraper] - 데이터 파싱 중...
2025-08-24 01:01:49,445 - INFO - [scripts.adrule.logic.scraper] - 유형 1: 정형화된 법령 구조 감지
2025-08-24 01:01:49,458 - INFO - [scripts.adrule.logic.scraper] - 데이터 1건을 '/Users/woong/Roeum/roeum-crawler/data/raw/adrule/1492000/감전재해 예방을 위한 기술상의 지침_document.jsonl' 파일로 성공적으로 저장했습니다.
2025-08-24 01:01:49,459 - INFO - [scripts.adrule.logic.scraper] - 데이터 12건을 '/Users/woong/Roeum/roeum-crawler/data/raw/adrule/1492000/감전재해 예방을 위한 기술상의 지침_chunks.jsonl' 파일로 성공적으로 저장했습니다.
2025-08-24 01:01:49,481 - INFO - [__main__] - 상세 페이지 스크레이퍼 완료: 감전재해 예방을 위한 기술상의 지침
2025-08-24 01:01:50,946 - INFO - [__main__] - 상세 페이지 스크레이퍼 실행: https://www.law.go.kr/admRulInfoP.do?admRulSeq=2100000217661
2025-08-24 01:01:51,302 - INFO - [scripts.adrule.logic.scraper] - 페이지로 이동 중: https://www.law.go.kr/admRulInfoP.do?admRulSeq=2100000217661
2025-08-24 01:01:51,816 - INFO - [scripts.adrule.logic.scraper] - 로딩 마스크가 나타나기를 기다리는 중...
2025-08-24 01:01:51,835 - INFO - [scripts.adrule.logic.scraper] - 로딩 마스크가 사라지기를 기다리는 중...
2025-08-24 01:01:51,915 - INFO - [scripts.adrule.logic.scraper] - 페이지 최종 렌더링을 잠시 대기합니다...
2025-08-24 01:01:52,919 - INFO - [scripts.adrule.logic.scraper] - 페이지 HTML 컨텐츠를 가져오는 중...
2025-08-24 01:01:52,931 - INFO - [scripts.adrule.logic.scraper] - 데이터 파싱 중...
2025-08-24 01:01:52,976 - INFO - [scripts.adrule.logic.scraper] - 유형 2: 텍스트 기반 비정형 구조 감지
2025-08-24 01:01:52,981 - INFO - [scripts.adrule.logic.scraper] - 데이터 1건을 '/Users/woong/Roeum/roeum-crawler/data/raw/adrule/1492000/개별연장급여 수급요건 중 학업 중인 사람에 대한 고시_document.jsonl' 파일로 성공적으로 저장했습니다.
2025-08-24 01:01:52,981 - INFO - [scripts.adrule.logic.scraper] - 데이터 2건을 '/Users/woong/Roeum/roeum-crawler/data/raw/adrule/1492000/개별연장급여 수급요건 중 학업 중인 사람에 대한 고시_chunks.jsonl' 파일로 성공적으로 저장했습니다.
2025-08-24 01:01:53,003 - INFO - [__main__] - 상세 페이지 스크레이퍼 완료: 개별연장급여 수급요건 중 학업 중인 사람에 대한 고시
2025-08-24 01:01:54,475 - INFO - [__main__] - 상세 페이지 스크레이퍼 실행: https://www.law.go.kr/admRulInfoP.do?admRulSeq=2100000217662
2025-08-24 01:01:54,831 - INFO - [scripts.adrule.logic.scraper] - 페이지로 이동 중: https://www.law.go.kr/admRulInfoP.do?admRulSeq=2100000217662
2025-08-24 01:01:55,367 - INFO - [scripts.adrule.logic.scraper] - 로딩 마스크가 나타나기를 기다리는 중...
2025-08-24 01:01:55,387 - INFO - [scripts.adrule.logic.scraper] - 로딩 마스크가 사라지기를 기다리는 중...
2025-08-24 01:01:55,466 - INFO - [scripts.adrule.logic.scraper] - 페이지 최종 렌더링을 잠시 대기합니다...
2025-08-24 01:01:56,469 - INFO - [scripts.adrule.logic.scraper] - 페이지 HTML 컨텐츠를 가져오는 중...
2025-08-24 01:01:56,483 - INFO - [scripts.adrule.logic.scraper] - 데이터 파싱 중...
2025-08-24 01:01:56,527 - INFO - [scripts.adrule.logic.scraper] - 유형 2: 텍스트 기반 비정형 구조 감지
2025-08-24 01:01:56,531 - INFO - [scripts.adrule.logic.scraper] - 데이터 1건을 '/Users/woong/Roeum/roeum-crawler/data/raw/adrule/1492000/개별연장급여 지급을 위한 임금 및 재산기준 고시_document.jsonl' 파일로 성공적으로 저장했습니다.
2025-08-24 01:01:56,532 - INFO - [scripts.adrule.logic.scraper] - 데이터 2건을 '/Users/woong/Roeum/roeum-crawler/data/raw/adrule/1492000/개별연장급여 지급을 위한 임금 및 재산기준 고시_chunks.jsonl' 파일로 성공적으로 저장했습니다.
2025-08-24 01:01:56,553 - INFO - [__main__] - 상세 페이지 스크레이퍼 완료: 개별연장급여 지급을 위한 임금 및 재산기준 고시
2025-08-24 01:01:58,020 - INFO - [__main__] - 상세 페이지 스크레이퍼 실행: https://www.law.go.kr/admRulInfoP.do?admRulSeq=2200000043197
2025-08-24 01:01:58,359 - INFO - [scripts.adrule.logic.scraper] - 페이지로 이동 중: https://www.law.go.kr/admRulInfoP.do?admRulSeq=2200000043197
2025-08-24 01:01:59,022 - INFO - [scripts.adrule.logic.scraper] - 로딩 마스크가 나타나기를 기다리는 중...
2025-08-24 01:01:59,042 - INFO - [scripts.adrule.logic.scraper] - 로딩 마스크가 사라지기를 기다리는 중...
2025-08-24 01:01:59,122 - INFO - [scripts.adrule.logic.scraper] - 페이지 최종 렌더링을 잠시 대기합니다...
2025-08-24 01:02:00,125 - INFO - [scripts.adrule.logic.scraper] - 페이지 HTML 컨텐츠를 가져오는 중...
2025-08-24 01:02:00,149 - INFO - [scripts.adrule.logic.scraper] - 데이터 파싱 중...
2025-08-24 01:02:00,188 - INFO - [scripts.adrule.logic.scraper] - 유형 2: 텍스트 기반 비정형 구조 감지
2025-08-24 01:02:00,193 - INFO - [scripts.adrule.logic.scraper] - 데이터 1건을 '/Users/woong/Roeum/roeum-crawler/data/raw/adrule/1492000/개인형퇴직연금제도로의 이전 예외사유 해당금액 고시_document.jsonl' 파일로 성공적으로 저장했습니다.
2025-08-24 01:02:00,194 - INFO - [scripts.adrule.logic.scraper] - 데이터 2건을 '/Users/woong/Roeum/roeum-crawler/data/raw/adrule/1492000/개인형퇴직연금제도로의 이전 예외사유 해당금액 고시_chunks.jsonl' 파일로 성공적으로 저장했습니다.
2025-08-24 01:02:00,218 - INFO - [__main__] - 상세 페이지 스크레이퍼 완료: 개인형퇴직연금제도로의 이전 예외사유 해당금액 고시
2025-08-24 01:02:01,701 - INFO - [__main__] - 상세 페이지 스크레이퍼 실행: https://www.law.go.kr/admRulInfoP.do?admRulSeq=2100000243390
2025-08-24 01:02:02,090 - INFO - [scripts.adrule.logic.scraper] - 페이지로 이동 중: https://www.law.go.kr/admRulInfoP.do?admRulSeq=2100000243390
2025-08-24 01:02:02,646 - INFO - [scripts.adrule.logic.scraper] - 로딩 마스크가 나타나기를 기다리는 중...
2025-08-24 01:02:02,668 - INFO - [scripts.adrule.logic.scraper] - 로딩 마스크가 사라지기를 기다리는 중...
2025-08-24 01:02:02,749 - INFO - [scripts.adrule.logic.scraper] - 페이지 최종 렌더링을 잠시 대기합니다...
2025-08-24 01:02:03,752 - INFO - [scripts.adrule.logic.scraper] - 페이지 HTML 컨텐츠를 가져오는 중...
2025-08-24 01:02:03,768 - INFO - [scripts.adrule.logic.scraper] - 데이터 파싱 중...
2025-08-24 01:02:03,824 - INFO - [scripts.adrule.logic.scraper] - 유형 1: 정형화된 법령 구조 감지
2025-08-24 01:02:03,836 - INFO - [scripts.adrule.logic.scraper] - 데이터 1건을 '/Users/woong/Roeum/roeum-crawler/data/raw/adrule/1492000/건설공사 안전보건대장의 작성 등에 관한 고시_document.jsonl' 파일로 성공적으로 저장했습니다.
2025-08-24 01:02:03,836 - INFO - [scripts.adrule.logic.scraper] - 데이터 9건을 '/Users/woong/Roeum/roeum-crawler/data/raw/adrule/1492000/건설공사 안전보건대장의 작성 등에 관한 고시_chunks.jsonl' 파일로 성공적으로 저장했습니다.
2025-08-24 01:02:03,858 - INFO - [__main__] - 상세 페이지 스크레이퍼 완료: 건설공사 안전보건대장의 작성 등에 관한 고시
2025-08-24 01:02:05,324 - INFO - [__main__] - 상세 페이지 스크레이퍼 실행: https://www.law.go.kr/admRulInfoP.do?admRulSeq=2100000252112
2025-08-24 01:02:05,689 - INFO - [scripts.adrule.logic.scraper] - 페이지로 이동 중: https://www.law.go.kr/admRulInfoP.do?admRulSeq=2100000252112
2025-08-24 01:02:06,265 - INFO - [scripts.adrule.logic.scraper] - 로딩 마스크가 나타나기를 기다리는 중...
2025-08-24 01:02:06,283 - INFO - [scripts.adrule.logic.scraper] - 로딩 마스크가 사라지기를 기다리는 중...
2025-08-24 01:02:06,363 - INFO - [scripts.adrule.logic.scraper] - 페이지 최종 렌더링을 잠시 대기합니다...
2025-08-24 01:02:07,366 - INFO - [scripts.adrule.logic.scraper] - 페이지 HTML 컨텐츠를 가져오는 중...
2025-08-24 01:02:07,381 - INFO - [scripts.adrule.logic.scraper] - 데이터 파싱 중...
2025-08-24 01:02:07,425 - INFO - [scripts.adrule.logic.scraper] - 유형 2: 텍스트 기반 비정형 구조 감지
2025-08-24 01:02:07,429 - INFO - [scripts.adrule.logic.scraper] - 데이터 1건을 '/Users/woong/Roeum/roeum-crawler/data/raw/adrule/1492000/건설공사의 노무비율_document.jsonl' 파일로 성공적으로 저장했습니다.
2025-08-24 01:02:07,430 - INFO - [scripts.adrule.logic.scraper] - 데이터 2건을 '/Users/woong/Roeum/roeum-crawler/data/raw/adrule/1492000/건설공사의 노무비율_chunks.jsonl' 파일로 성공적으로 저장했습니다.
2025-08-24 01:02:07,451 - INFO - [__main__] - 상세 페이지 스크레이퍼 완료: 건설공사의 노무비율
2025-08-24 01:02:08,932 - INFO - [__main__] - 상세 페이지 스크레이퍼 실행: https://www.law.go.kr/admRulInfoP.do?admRulSeq=2100000025542
2025-08-24 01:02:09,281 - INFO - [scripts.adrule.logic.scraper] - 페이지로 이동 중: https://www.law.go.kr/admRulInfoP.do?admRulSeq=2100000025542
2025-08-24 01:02:09,882 - INFO - [scripts.adrule.logic.scraper] - 로딩 마스크가 나타나기를 기다리는 중...
2025-08-24 01:02:09,907 - INFO - [scripts.adrule.logic.scraper] - 로딩 마스크가 사라지기를 기다리는 중...
2025-08-24 01:02:10,094 - INFO - [scripts.adrule.logic.scraper] - 페이지 최종 렌더링을 잠시 대기합니다...
2025-08-24 01:02:11,098 - INFO - [scripts.adrule.logic.scraper] - 페이지 HTML 컨텐츠를 가져오는 중...
2025-08-24 01:02:11,114 - INFO - [scripts.adrule.logic.scraper] - 데이터 파싱 중...
2025-08-24 01:02:11,166 - INFO - [scripts.adrule.logic.scraper] - 유형 1: 정형화된 법령 구조 감지
2025-08-24 01:02:11,177 - INFO - [scripts.adrule.logic.scraper] - 데이터 1건을 '/Users/woong/Roeum/roeum-crawler/data/raw/adrule/1492000/건설근로자고용개선전문위원회 운영규정_document.jsonl' 파일로 성공적으로 저장했습니다.
2025-08-24 01:02:11,177 - INFO - [scripts.adrule.logic.scraper] - 데이터 14건을 '/Users/woong/Roeum/roeum-crawler/data/raw/adrule/1492000/건설근로자고용개선전문위원회 운영규정_chunks.jsonl' 파일로 성공적으로 저장했습니다.
2025-08-24 01:02:11,202 - INFO - [__main__] - 상세 페이지 스크레이퍼 완료: 건설근로자고용개선전문위원회 운영규정
2025-08-24 01:02:12,677 - INFO - [__main__] - 상세 페이지 스크레이퍼 실행: https://www.law.go.kr/admRulInfoP.do?admRulSeq=2100000254546
2025-08-24 01:02:13,040 - INFO - [scripts.adrule.logic.scraper] - 페이지로 이동 중: https://www.law.go.kr/admRulInfoP.do?admRulSeq=2100000254546
2025-08-24 01:02:13,579 - INFO - [scripts.adrule.logic.scraper] - 로딩 마스크가 나타나기를 기다리는 중...
2025-08-24 01:02:13,599 - INFO - [scripts.adrule.logic.scraper] - 로딩 마스크가 사라지기를 기다리는 중...
2025-08-24 01:02:13,707 - INFO - [scripts.adrule.logic.scraper] - 페이지 최종 렌더링을 잠시 대기합니다...
2025-08-24 01:02:14,709 - INFO - [scripts.adrule.logic.scraper] - 페이지 HTML 컨텐츠를 가져오는 중...
2025-08-24 01:02:14,722 - INFO - [scripts.adrule.logic.scraper] - 데이터 파싱 중...
2025-08-24 01:02:14,778 - INFO - [scripts.adrule.logic.scraper] - 유형 1: 정형화된 법령 구조 감지
2025-08-24 01:02:14,829 - INFO - [scripts.adrule.logic.scraper] - 데이터 1건을 '/Users/woong/Roeum/roeum-crawler/data/raw/adrule/1492000/건설업 산업안전보건관리비 계상 및 사용기준_document.jsonl' 파일로 성공적으로 저장했습니다.
2025-08-24 01:02:14,830 - INFO - [scripts.adrule.logic.scraper] - 데이터 12건을 '/Users/woong/Roeum/roeum-crawler/data/raw/adrule/1492000/건설업 산업안전보건관리비 계상 및 사용기준_chunks.jsonl' 파일로 성공적으로 저장했습니다.
2025-08-24 01:02:14,851 - INFO - [__main__] - 상세 페이지 스크레이퍼 완료: 건설업 산업안전보건관리비 계상 및 사용기준
2025-08-24 01:02:16,331 - INFO - [__main__] - 상세 페이지 스크레이퍼 실행: https://www.law.go.kr/admRulInfoP.do?admRulSeq=2100000253016
2025-08-24 01:02:16,691 - INFO - [scripts.adrule.logic.scraper] - 페이지로 이동 중: https://www.law.go.kr/admRulInfoP.do?admRulSeq=2100000253016
2025-08-24 01:02:17,332 - INFO - [scripts.adrule.logic.scraper] - 로딩 마스크가 나타나기를 기다리는 중...
2025-08-24 01:02:17,355 - INFO - [scripts.adrule.logic.scraper] - 로딩 마스크가 사라지기를 기다리는 중...
2025-08-24 01:02:17,549 - INFO - [scripts.adrule.logic.scraper] - 페이지 최종 렌더링을 잠시 대기합니다...
2025-08-24 01:02:18,560 - INFO - [scripts.adrule.logic.scraper] - 페이지 HTML 컨텐츠를 가져오는 중...
2025-08-24 01:02:18,585 - INFO - [scripts.adrule.logic.scraper] - 데이터 파싱 중...
2025-08-24 01:02:18,638 - INFO - [scripts.adrule.logic.scraper] - 유형 2: 텍스트 기반 비정형 구조 감지
2025-08-24 01:02:18,644 - INFO - [scripts.adrule.logic.scraper] - 데이터 1건을 '/Users/woong/Roeum/roeum-crawler/data/raw/adrule/1492000/건설업에서 근로자 수 확인이 곤란한 장애인 고용의무 사업주의 공사실적액_document.jsonl' 파일로 성공적으로 저장했습니다.
2025-08-24 01:02:18,644 - INFO - [scripts.adrule.logic.scraper] - 데이터 1건을 '/Users/woong/Roeum/roeum-crawler/data/raw/adrule/1492000/건설업에서 근로자 수 확인이 곤란한 장애인 고용의무 사업주의 공사실적액_chunks.jsonl' 파일로 성공적으로 저장했습니다.
2025-08-24 01:02:18,687 - INFO - [__main__] - 상세 페이지 스크레이퍼 완료: 건설업에서 근로자 수 확인이 곤란한 장애인 고용의무 사업주의 공사실적액
2025-08-24 01:02:20,187 - INFO - [__main__] - 상세 페이지 스크레이퍼 실행: https://www.law.go.kr/admRulInfoP.do?admRulSeq=2100000186089
2025-08-24 01:02:20,587 - INFO - [scripts.adrule.logic.scraper] - 페이지로 이동 중: https://www.law.go.kr/admRulInfoP.do?admRulSeq=2100000186089
2025-08-24 01:02:21,170 - INFO - [scripts.adrule.logic.scraper] - 로딩 마스크가 나타나기를 기다리는 중...
2025-08-24 01:02:21,191 - INFO - [scripts.adrule.logic.scraper] - 로딩 마스크가 사라지기를 기다리는 중...
2025-08-24 01:02:21,375 - INFO - [scripts.adrule.logic.scraper] - 페이지 최종 렌더링을 잠시 대기합니다...
2025-08-24 01:02:22,378 - INFO - [scripts.adrule.logic.scraper] - 페이지 HTML 컨텐츠를 가져오는 중...
2025-08-24 01:02:22,388 - INFO - [scripts.adrule.logic.scraper] - 데이터 파싱 중...
2025-08-24 01:02:22,413 - INFO - [scripts.adrule.logic.scraper] - 유형 2: 텍스트 기반 비정형 구조 감지
2025-08-24 01:02:22,418 - INFO - [scripts.adrule.logic.scraper] - 데이터 1건을 '/Users/woong/Roeum/roeum-crawler/data/raw/adrule/1492000/건설업 유해·위험방지계획서 중 지도사가 평가·확인 할 수 있는 대상 건설공사의 범위 및 지도사의 요건_document.jsonl' 파일로 성공적으로 저장했습니다.
2025-08-24 01:02:22,418 - INFO - [scripts.adrule.logic.scraper] - 데이터 1건을 '/Users/woong/Roeum/roeum-crawler/data/raw/adrule/1492000/건설업 유해·위험방지계획서 중 지도사가 평가·확인 할 수 있는 대상 건설공사의 범위 및 지도사의 요건_chunks.jsonl' 파일로 성공적으로 저장했습니다.
2025-08-24 01:02:22,439 - INFO - [__main__] - 상세 페이지 스크레이퍼 완료: 건설업 유해·위험방지계획서 중 지도사가 평가·확인 할 수 있는 대상 건설공사의 범위 및 지도사의 요건
2025-08-24 01:02:23,932 - INFO - [__main__] - 상세 페이지 스크레이퍼 실행: https://www.law.go.kr/admRulInfoP.do?admRulSeq=2100000217765
2025-08-24 01:02:24,464 - INFO - [scripts.adrule.logic.scraper] - 페이지로 이동 중: https://www.law.go.kr/admRulInfoP.do?admRulSeq=2100000217765
2025-08-24 01:02:25,057 - INFO - [scripts.adrule.logic.scraper] - 로딩 마스크가 나타나기를 기다리는 중...
2025-08-24 01:02:25,129 - INFO - [scripts.adrule.logic.scraper] - 로딩 마스크가 사라지기를 기다리는 중...
2025-08-24 01:02:25,163 - INFO - [scripts.adrule.logic.scraper] - 페이지 최종 렌더링을 잠시 대기합니다...
2025-08-24 01:02:26,166 - INFO - [scripts.adrule.logic.scraper] - 페이지 HTML 컨텐츠를 가져오는 중...
2025-08-24 01:02:26,180 - INFO - [scripts.adrule.logic.scraper] - 데이터 파싱 중...
2025-08-24 01:02:26,221 - INFO - [scripts.adrule.logic.scraper] - 유형 1: 정형화된 법령 구조 감지
2025-08-24 01:02:26,233 - INFO - [scripts.adrule.logic.scraper] - 데이터 1건을 '/Users/woong/Roeum/roeum-crawler/data/raw/adrule/1492000/건설업자가 아닌 자가 시공하는 건설공사의 총공사금액 산정방법에 관한 규정_document.jsonl' 파일로 성공적으로 저장했습니다.
2025-08-24 01:02:26,234 - INFO - [scripts.adrule.logic.scraper] - 데이터 7건을 '/Users/woong/Roeum/roeum-crawler/data/raw/adrule/1492000/건설업자가 아닌 자가 시공하는 건설공사의 총공사금액 산정방법에 관한 규정_chunks.jsonl' 파일로 성공적으로 저장했습니다.
2025-08-24 01:02:26,257 - INFO - [__main__] - 상세 페이지 스크레이퍼 완료: 건설업자가 아닌 자가 시공하는 건설공사의 총공사금액 산정방법에 관한 규정
2025-08-24 01:02:27,709 - INFO - [__main__] - 상세 페이지 스크레이퍼 실행: https://www.law.go.kr/admRulInfoP.do?admRulSeq=2100000228660
2025-08-24 01:02:28,078 - INFO - [scripts.adrule.logic.scraper] - 페이지로 이동 중: https://www.law.go.kr/admRulInfoP.do?admRulSeq=2100000228660
2025-08-24 01:02:28,718 - INFO - [scripts.adrule.logic.scraper] - 로딩 마스크가 나타나기를 기다리는 중...
2025-08-24 01:02:28,748 - INFO - [scripts.adrule.logic.scraper] - 로딩 마스크가 사라지기를 기다리는 중...
2025-08-24 01:02:28,831 - INFO - [scripts.adrule.logic.scraper] - 페이지 최종 렌더링을 잠시 대기합니다...
2025-08-24 01:02:29,833 - INFO - [scripts.adrule.logic.scraper] - 페이지 HTML 컨텐츠를 가져오는 중...
2025-08-24 01:02:29,853 - INFO - [scripts.adrule.logic.scraper] - 데이터 파싱 중...
2025-08-24 01:02:29,914 - INFO - [scripts.adrule.logic.scraper] - 유형 1: 정형화된 법령 구조 감지
2025-08-24 01:02:29,930 - INFO - [scripts.adrule.logic.scraper] - 데이터 1건을 '/Users/woong/Roeum/roeum-crawler/data/raw/adrule/1492000/건설업체의 산업재해예방활동 실적 평가기준_document.jsonl' 파일로 성공적으로 저장했습니다.
2025-08-24 01:02:29,930 - INFO - [scripts.adrule.logic.scraper] - 데이터 14건을 '/Users/woong/Roeum/roeum-crawler/data/raw/adrule/1492000/건설업체의 산업재해예방활동 실적 평가기준_chunks.jsonl' 파일로 성공적으로 저장했습니다.
2025-08-24 01:02:29,953 - INFO - [__main__] - 상세 페이지 스크레이퍼 완료: 건설업체의 산업재해예방활동 실적 평가기준
2025-08-24 01:02:31,456 - INFO - [__main__] - 상세 페이지 스크레이퍼 실행: https://www.law.go.kr/admRulInfoP.do?admRulSeq=2100000186106
2025-08-24 01:02:31,823 - INFO - [scripts.adrule.logic.scraper] - 페이지로 이동 중: https://www.law.go.kr/admRulInfoP.do?admRulSeq=2100000186106
2025-08-24 01:02:32,452 - INFO - [scripts.adrule.logic.scraper] - 로딩 마스크가 나타나기를 기다리는 중...
2025-08-24 01:02:32,485 - INFO - [scripts.adrule.logic.scraper] - 로딩 마스크가 사라지기를 기다리는 중...
2025-08-24 01:02:32,669 - INFO - [scripts.adrule.logic.scraper] - 페이지 최종 렌더링을 잠시 대기합니다...
2025-08-24 01:02:33,673 - INFO - [scripts.adrule.logic.scraper] - 페이지 HTML 컨텐츠를 가져오는 중...
2025-08-24 01:02:33,693 - INFO - [scripts.adrule.logic.scraper] - 데이터 파싱 중...
2025-08-24 01:02:33,753 - INFO - [scripts.adrule.logic.scraper] - 유형 1: 정형화된 법령 구조 감지
2025-08-24 01:02:33,774 - INFO - [scripts.adrule.logic.scraper] - 데이터 1건을 '/Users/woong/Roeum/roeum-crawler/data/raw/adrule/1492000/고기압 작업에 관한 기준_document.jsonl' 파일로 성공적으로 저장했습니다.
2025-08-24 01:02:33,775 - INFO - [scripts.adrule.logic.scraper] - 데이터 11건을 '/Users/woong/Roeum/roeum-crawler/data/raw/adrule/1492000/고기압 작업에 관한 기준_chunks.jsonl' 파일로 성공적으로 저장했습니다.
2025-08-24 01:02:33,818 - INFO - [__main__] - 상세 페이지 스크레이퍼 완료: 고기압 작업에 관한 기준
2025-08-24 01:02:35,361 - INFO - [__main__] - 상세 페이지 스크레이퍼 실행: https://www.law.go.kr/admRulInfoP.do?admRulSeq=2200000076692
2025-08-24 01:02:35,748 - INFO - [scripts.adrule.logic.scraper] - 페이지로 이동 중: https://www.law.go.kr/admRulInfoP.do?admRulSeq=2200000076692
2025-08-24 01:02:36,304 - INFO - [scripts.adrule.logic.scraper] - 로딩 마스크가 나타나기를 기다리는 중...
2025-08-24 01:02:36,333 - INFO - [scripts.adrule.logic.scraper] - 로딩 마스크가 사라지기를 기다리는 중...
2025-08-24 01:02:36,415 - INFO - [scripts.adrule.logic.scraper] - 페이지 최종 렌더링을 잠시 대기합니다...
2025-08-24 01:02:37,418 - INFO - [scripts.adrule.logic.scraper] - 페이지 HTML 컨텐츠를 가져오는 중...
2025-08-24 01:02:37,435 - INFO - [scripts.adrule.logic.scraper] - 데이터 파싱 중...
2025-08-24 01:02:37,490 - INFO - [scripts.adrule.logic.scraper] - 유형 1: 정형화된 법령 구조 감지
2025-08-24 01:02:37,501 - INFO - [scripts.adrule.logic.scraper] - 데이터 1건을 '/Users/woong/Roeum/roeum-crawler/data/raw/adrule/1492000/고 김용균 사망사고 진상규명과 재발방지를 위한 석탄화력발전소 특별노동안전조사위원회 설치 및 운영에 관한 규정_document.jsonl' 파일로 성공적으로 저장했습니다.
2025-08-24 01:02:37,501 - INFO - [scripts.adrule.logic.scraper] - 데이터 14건을 '/Users/woong/Roeum/roeum-crawler/data/raw/adrule/1492000/고 김용균 사망사고 진상규명과 재발방지를 위한 석탄화력발전소 특별노동안전조사위원회 설치 및 운영에 관한 규정_chunks.jsonl' 파일로 성공적으로 저장했습니다.
2025-08-24 01:02:37,522 - INFO - [__main__] - 상세 페이지 스크레이퍼 완료: 고 김용균 사망사고 진상규명과 재발방지를 위한 석탄화력발전소 특별노동안전조사위원회 설치 및 운영에 관한 규정
2025-08-24 01:02:39,103 - INFO - [__main__] - 상세 페이지 스크레이퍼 실행: https://www.law.go.kr/admRulInfoP.do?admRulSeq=2100000253946
2025-08-24 01:02:39,492 - INFO - [scripts.adrule.logic.scraper] - 페이지로 이동 중: https://www.law.go.kr/admRulInfoP.do?admRulSeq=2100000253946
2025-08-24 01:02:40,183 - INFO - [scripts.adrule.logic.scraper] - 로딩 마스크가 나타나기를 기다리는 중...
2025-08-24 01:02:40,205 - INFO - [scripts.adrule.logic.scraper] - 로딩 마스크가 사라지기를 기다리는 중...
2025-08-24 01:02:40,386 - INFO - [scripts.adrule.logic.scraper] - 페이지 최종 렌더링을 잠시 대기합니다...
2025-08-24 01:02:41,393 - INFO - [scripts.adrule.logic.scraper] - 페이지 HTML 컨텐츠를 가져오는 중...
2025-08-24 01:02:41,410 - INFO - [scripts.adrule.logic.scraper] - 데이터 파싱 중...
2025-08-24 01:02:41,464 - INFO - [scripts.adrule.logic.scraper] - 유형 1: 정형화된 법령 구조 감지
2025-08-24 01:02:41,482 - INFO - [scripts.adrule.logic.scraper] - 데이터 1건을 '/Users/woong/Roeum/roeum-crawler/data/raw/adrule/1492000/고령자 고용안정지원금 지급 규정_document.jsonl' 파일로 성공적으로 저장했습니다.
2025-08-24 01:02:41,482 - INFO - [scripts.adrule.logic.scraper] - 데이터 15건을 '/Users/woong/Roeum/roeum-crawler/data/raw/adrule/1492000/고령자 고용안정지원금 지급 규정_chunks.jsonl' 파일로 성공적으로 저장했습니다.
2025-08-24 01:02:41,508 - INFO - [__main__] - 상세 페이지 스크레이퍼 완료: 고령자 고용안정지원금 지급 규정
2025-08-24 01:02:42,981 - INFO - [__main__] - 상세 페이지 스크레이퍼 실행: https://www.law.go.kr/admRulInfoP.do?admRulSeq=2000000018010
2025-08-24 01:02:43,367 - INFO - [scripts.adrule.logic.scraper] - 페이지로 이동 중: https://www.law.go.kr/admRulInfoP.do?admRulSeq=2000000018010
2025-08-24 01:02:44,015 - INFO - [scripts.adrule.logic.scraper] - 로딩 마스크가 나타나기를 기다리는 중...
2025-08-24 01:02:44,037 - INFO - [scripts.adrule.logic.scraper] - 로딩 마스크가 사라지기를 기다리는 중...
2025-08-24 01:02:44,219 - INFO - [scripts.adrule.logic.scraper] - 페이지 최종 렌더링을 잠시 대기합니다...
2025-08-24 01:02:45,222 - INFO - [scripts.adrule.logic.scraper] - 페이지 HTML 컨텐츠를 가져오는 중...
2025-08-24 01:02:45,232 - INFO - [scripts.adrule.logic.scraper] - 데이터 파싱 중...
2025-08-24 01:02:45,259 - INFO - [scripts.adrule.logic.scraper] - 유형 2: 텍스트 기반 비정형 구조 감지
2025-08-24 01:02:45,267 - INFO - [scripts.adrule.logic.scraper] - 데이터 1건을 '/Users/woong/Roeum/roeum-crawler/data/raw/adrule/1492000/고령자고용연장지원금액 등_document.jsonl' 파일로 성공적으로 저장했습니다.
2025-08-24 01:02:45,268 - INFO - [scripts.adrule.logic.scraper] - 데이터 1건을 '/Users/woong/Roeum/roeum-crawler/data/raw/adrule/1492000/고령자고용연장지원금액 등_chunks.jsonl' 파일로 성공적으로 저장했습니다.
2025-08-24 01:02:45,292 - INFO - [__main__] - 상세 페이지 스크레이퍼 완료: 고령자고용연장지원금액 등
2025-08-24 01:02:46,781 - INFO - [__main__] - 상세 페이지 스크레이퍼 실행: https://www.law.go.kr/admRulInfoP.do?admRulSeq=2100000216935
2025-08-24 01:02:47,180 - INFO - [scripts.adrule.logic.scraper] - 페이지로 이동 중: https://www.law.go.kr/admRulInfoP.do?admRulSeq=2100000216935
2025-08-24 01:02:47,775 - INFO - [scripts.adrule.logic.scraper] - 로딩 마스크가 나타나기를 기다리는 중...
2025-08-24 01:02:47,802 - INFO - [scripts.adrule.logic.scraper] - 로딩 마스크가 사라지기를 기다리는 중...
2025-08-24 01:02:48,096 - INFO - [scripts.adrule.logic.scraper] - 페이지 최종 렌더링을 잠시 대기합니다...
2025-08-24 01:02:49,099 - INFO - [scripts.adrule.logic.scraper] - 페이지 HTML 컨텐츠를 가져오는 중...
2025-08-24 01:02:49,125 - INFO - [scripts.adrule.logic.scraper] - 데이터 파싱 중...
2025-08-24 01:02:49,189 - INFO - [scripts.adrule.logic.scraper] - 유형 1: 정형화된 법령 구조 감지
2025-08-24 01:02:49,244 - INFO - [scripts.adrule.logic.scraper] - 데이터 1건을 '/Users/woong/Roeum/roeum-crawler/data/raw/adrule/1492000/고령자인재은행 및 중견전문인력 고용지원센터 운영규정_document.jsonl' 파일로 성공적으로 저장했습니다.
2025-08-24 01:02:49,244 - INFO - [scripts.adrule.logic.scraper] - 데이터 27건을 '/Users/woong/Roeum/roeum-crawler/data/raw/adrule/1492000/고령자인재은행 및 중견전문인력 고용지원센터 운영규정_chunks.jsonl' 파일로 성공적으로 저장했습니다.
2025-08-24 01:02:49,278 - INFO - [__main__] - 상세 페이지 스크레이퍼 완료: 고령자인재은행 및 중견전문인력 고용지원센터 운영규정
2025-08-24 01:02:50,816 - INFO - [__main__] - 상세 페이지 스크레이퍼 실행: https://www.law.go.kr/admRulInfoP.do?admRulSeq=2100000261300
2025-08-24 01:02:51,272 - INFO - [scripts.adrule.logic.scraper] - 페이지로 이동 중: https://www.law.go.kr/admRulInfoP.do?admRulSeq=2100000261300
2025-08-24 01:02:51,903 - INFO - [scripts.adrule.logic.scraper] - 로딩 마스크가 나타나기를 기다리는 중...
2025-08-24 01:02:51,927 - INFO - [scripts.adrule.logic.scraper] - 로딩 마스크가 사라지기를 기다리는 중...
2025-08-24 01:02:52,730 - INFO - [scripts.adrule.logic.scraper] - 페이지 최종 렌더링을 잠시 대기합니다...
2025-08-24 01:02:53,736 - INFO - [scripts.adrule.logic.scraper] - 페이지 HTML 컨텐츠를 가져오는 중...
2025-08-24 01:02:53,763 - INFO - [scripts.adrule.logic.scraper] - 데이터 파싱 중...
2025-08-24 01:02:53,835 - INFO - [scripts.adrule.logic.scraper] - 유형 1: 정형화된 법령 구조 감지
2025-08-24 01:02:53,895 - INFO - [scripts.adrule.logic.scraper] - 데이터 1건을 '/Users/woong/Roeum/roeum-crawler/data/raw/adrule/1492000/고용노동관계법 위반자에 대한 과태료 부과·징수 업무에 관한 예규_document.jsonl' 파일로 성공적으로 저장했습니다.
2025-08-24 01:02:53,896 - INFO - [scripts.adrule.logic.scraper] - 데이터 21건을 '/Users/woong/Roeum/roeum-crawler/data/raw/adrule/1492000/고용노동관계법 위반자에 대한 과태료 부과·징수 업무에 관한 예규_chunks.jsonl' 파일로 성공적으로 저장했습니다.
2025-08-24 01:02:53,919 - INFO - [__main__] - 상세 페이지 스크레이퍼 완료: 고용노동관계법 위반자에 대한 과태료 부과·징수 업무에 관한 예규
2025-08-24 01:02:55,398 - INFO - [__main__] - 상세 페이지 스크레이퍼 실행: https://www.law.go.kr/admRulInfoP.do?admRulSeq=2000000017617
2025-08-24 01:02:55,765 - INFO - [scripts.adrule.logic.scraper] - 페이지로 이동 중: https://www.law.go.kr/admRulInfoP.do?admRulSeq=2000000017617
2025-08-24 01:02:56,426 - INFO - [scripts.adrule.logic.scraper] - 로딩 마스크가 나타나기를 기다리는 중...
2025-08-24 01:02:56,446 - INFO - [scripts.adrule.logic.scraper] - 로딩 마스크가 사라지기를 기다리는 중...
2025-08-24 01:02:56,533 - INFO - [scripts.adrule.logic.scraper] - 페이지 최종 렌더링을 잠시 대기합니다...
2025-08-24 01:02:57,536 - INFO - [scripts.adrule.logic.scraper] - 페이지 HTML 컨텐츠를 가져오는 중...
2025-08-24 01:02:57,554 - INFO - [scripts.adrule.logic.scraper] - 데이터 파싱 중...
2025-08-24 01:02:57,613 - INFO - [scripts.adrule.logic.scraper] - 유형 1: 정형화된 법령 구조 감지
2025-08-24 01:02:57,628 - INFO - [scripts.adrule.logic.scraper] - 데이터 1건을 '/Users/woong/Roeum/roeum-crawler/data/raw/adrule/1492000/고용노동관 업무처리지침_document.jsonl' 파일로 성공적으로 저장했습니다.
2025-08-24 01:02:57,629 - INFO - [scripts.adrule.logic.scraper] - 데이터 22건을 '/Users/woong/Roeum/roeum-crawler/data/raw/adrule/1492000/고용노동관 업무처리지침_chunks.jsonl' 파일로 성공적으로 저장했습니다.
2025-08-24 01:02:57,652 - INFO - [__main__] - 상세 페이지 스크레이퍼 완료: 고용노동관 업무처리지침
2025-08-24 01:02:59,268 - INFO - [__main__] - 상세 페이지 스크레이퍼 실행: https://www.law.go.kr/admRulInfoP.do?admRulSeq=2100000215557
2025-08-24 01:02:59,715 - INFO - [scripts.adrule.logic.scraper] - 페이지로 이동 중: https://www.law.go.kr/admRulInfoP.do?admRulSeq=2100000215557
2025-08-24 01:03:00,415 - INFO - [scripts.adrule.logic.scraper] - 로딩 마스크가 나타나기를 기다리는 중...
2025-08-24 01:03:00,437 - INFO - [scripts.adrule.logic.scraper] - 로딩 마스크가 사라지기를 기다리는 중...
2025-08-24 01:03:00,621 - INFO - [scripts.adrule.logic.scraper] - 페이지 최종 렌더링을 잠시 대기합니다...
2025-08-24 01:03:01,625 - INFO - [scripts.adrule.logic.scraper] - 페이지 HTML 컨텐츠를 가져오는 중...
2025-08-24 01:03:01,656 - INFO - [scripts.adrule.logic.scraper] - 데이터 파싱 중...
2025-08-24 01:03:01,722 - INFO - [scripts.adrule.logic.scraper] - 유형 1: 정형화된 법령 구조 감지
2025-08-24 01:03:01,733 - INFO - [scripts.adrule.logic.scraper] - 데이터 1건을 '/Users/woong/Roeum/roeum-crawler/data/raw/adrule/1492000/고용노동부 2030 자문단 설치 및 운영에 관한 규정_document.jsonl' 파일로 성공적으로 저장했습니다.
2025-08-24 01:03:01,733 - INFO - [scripts.adrule.logic.scraper] - 데이터 12건을 '/Users/woong/Roeum/roeum-crawler/data/raw/adrule/1492000/고용노동부 2030 자문단 설치 및 운영에 관한 규정_chunks.jsonl' 파일로 성공적으로 저장했습니다.
2025-08-24 01:03:01,778 - INFO - [__main__] - 상세 페이지 스크레이퍼 완료: 고용노동부 2030 자문단 설치 및 운영에 관한 규정
2025-08-24 01:03:03,555 - INFO - [__main__] - 상세 페이지 스크레이퍼 실행: https://www.law.go.kr/admRulInfoP.do?admRulSeq=2100000182989
2025-08-24 01:03:03,961 - INFO - [scripts.adrule.logic.scraper] - 페이지로 이동 중: https://www.law.go.kr/admRulInfoP.do?admRulSeq=2100000182989
2025-08-24 01:03:04,592 - INFO - [scripts.adrule.logic.scraper] - 로딩 마스크가 나타나기를 기다리는 중...
2025-08-24 01:03:04,612 - INFO - [scripts.adrule.logic.scraper] - 로딩 마스크가 사라지기를 기다리는 중...
2025-08-24 01:03:04,795 - INFO - [scripts.adrule.logic.scraper] - 페이지 최종 렌더링을 잠시 대기합니다...
2025-08-24 01:03:05,799 - INFO - [scripts.adrule.logic.scraper] - 페이지 HTML 컨텐츠를 가져오는 중...
2025-08-24 01:03:05,813 - INFO - [scripts.adrule.logic.scraper] - 데이터 파싱 중...
2025-08-24 01:03:05,876 - INFO - [scripts.adrule.logic.scraper] - 유형 1: 정형화된 법령 구조 감지
2025-08-24 01:03:05,893 - INFO - [scripts.adrule.logic.scraper] - 데이터 1건을 '/Users/woong/Roeum/roeum-crawler/data/raw/adrule/1492000/고용노동부 갈등관리 운영규정_document.jsonl' 파일로 성공적으로 저장했습니다.
2025-08-24 01:03:05,893 - INFO - [scripts.adrule.logic.scraper] - 데이터 16건을 '/Users/woong/Roeum/roeum-crawler/data/raw/adrule/1492000/고용노동부 갈등관리 운영규정_chunks.jsonl' 파일로 성공적으로 저장했습니다.
2025-08-24 01:03:05,918 - INFO - [__main__] - 상세 페이지 스크레이퍼 완료: 고용노동부 갈등관리 운영규정
2025-08-24 01:03:07,437 - INFO - [__main__] - 상세 페이지 스크레이퍼 실행: https://www.law.go.kr/admRulInfoP.do?admRulSeq=2100000252674
2025-08-24 01:03:07,997 - INFO - [scripts.adrule.logic.scraper] - 페이지로 이동 중: https://www.law.go.kr/admRulInfoP.do?admRulSeq=2100000252674
2025-08-24 01:03:08,685 - INFO - [scripts.adrule.logic.scraper] - 로딩 마스크가 나타나기를 기다리는 중...
2025-08-24 01:03:08,711 - INFO - [scripts.adrule.logic.scraper] - 로딩 마스크가 사라지기를 기다리는 중...
2025-08-24 01:03:08,905 - INFO - [scripts.adrule.logic.scraper] - 페이지 최종 렌더링을 잠시 대기합니다...
2025-08-24 01:03:09,912 - INFO - [scripts.adrule.logic.scraper] - 페이지 HTML 컨텐츠를 가져오는 중...
2025-08-24 01:03:09,993 - INFO - [scripts.adrule.logic.scraper] - 데이터 파싱 중...
2025-08-24 01:03:10,096 - INFO - [scripts.adrule.logic.scraper] - 유형 1: 정형화된 법령 구조 감지
2025-08-24 01:03:10,142 - INFO - [scripts.adrule.logic.scraper] - 데이터 1건을 '/Users/woong/Roeum/roeum-crawler/data/raw/adrule/1492000/고용노동부 감사규정_document.jsonl' 파일로 성공적으로 저장했습니다.
2025-08-24 01:03:10,143 - INFO - [scripts.adrule.logic.scraper] - 데이터 49건을 '/Users/woong/Roeum/roeum-crawler/data/raw/adrule/1492000/고용노동부 감사규정_chunks.jsonl' 파일로 성공적으로 저장했습니다.
2025-08-24 01:03:10,176 - INFO - [__main__] - 상세 페이지 스크레이퍼 완료: 고용노동부 감사규정
2025-08-24 01:03:11,705 - INFO - [__main__] - 상세 페이지 스크레이퍼 실행: https://www.law.go.kr/admRulInfoP.do?admRulSeq=2100000239678
2025-08-24 01:03:12,158 - INFO - [scripts.adrule.logic.scraper] - 페이지로 이동 중: https://www.law.go.kr/admRulInfoP.do?admRulSeq=2100000239678
2025-08-24 01:03:12,758 - INFO - [scripts.adrule.logic.scraper] - 로딩 마스크가 나타나기를 기다리는 중...
2025-08-24 01:03:12,781 - INFO - [scripts.adrule.logic.scraper] - 로딩 마스크가 사라지기를 기다리는 중...
2025-08-24 01:03:13,012 - INFO - [scripts.adrule.logic.scraper] - 페이지 최종 렌더링을 잠시 대기합니다...
2025-08-24 01:03:14,014 - INFO - [scripts.adrule.logic.scraper] - 페이지 HTML 컨텐츠를 가져오는 중...
2025-08-24 01:03:14,043 - INFO - [scripts.adrule.logic.scraper] - 데이터 파싱 중...
2025-08-24 01:03:14,145 - INFO - [scripts.adrule.logic.scraper] - 유형 1: 정형화된 법령 구조 감지
2025-08-24 01:03:14,197 - INFO - [scripts.adrule.logic.scraper] - 데이터 1건을 '/Users/woong/Roeum/roeum-crawler/data/raw/adrule/1492000/고용노동부 개인정보 보호지침_document.jsonl' 파일로 성공적으로 저장했습니다.
2025-08-24 01:03:14,201 - INFO - [scripts.adrule.logic.scraper] - 데이터 69건을 '/Users/woong/Roeum/roeum-crawler/data/raw/adrule/1492000/고용노동부 개인정보 보호지침_chunks.jsonl' 파일로 성공적으로 저장했습니다.
2025-08-24 01:03:14,227 - INFO - [__main__] - 상세 페이지 스크레이퍼 완료: 고용노동부 개인정보 보호지침
2025-08-24 01:03:15,742 - INFO - [__main__] - 상세 페이지 스크레이퍼 실행: https://www.law.go.kr/admRulInfoP.do?admRulSeq=2100000250460
2025-08-24 01:03:16,129 - INFO - [scripts.adrule.logic.scraper] - 페이지로 이동 중: https://www.law.go.kr/admRulInfoP.do?admRulSeq=2100000250460
2025-08-24 01:03:17,223 - INFO - [scripts.adrule.logic.scraper] - 로딩 마스크가 나타나기를 기다리는 중...
2025-08-24 01:03:17,259 - INFO - [scripts.adrule.logic.scraper] - 로딩 마스크가 사라지기를 기다리는 중...
2025-08-24 01:03:17,445 - INFO - [scripts.adrule.logic.scraper] - 페이지 최종 렌더링을 잠시 대기합니다...
2025-08-24 01:03:18,448 - INFO - [scripts.adrule.logic.scraper] - 페이지 HTML 컨텐츠를 가져오는 중...
2025-08-24 01:03:18,622 - INFO - [scripts.adrule.logic.scraper] - 데이터 파싱 중...
2025-08-24 01:03:18,763 - INFO - [scripts.adrule.logic.scraper] - 유형 1: 정형화된 법령 구조 감지
2025-08-24 01:03:18,885 - INFO - [scripts.adrule.logic.scraper] - 데이터 1건을 '/Users/woong/Roeum/roeum-crawler/data/raw/adrule/1492000/고용노동부고객상담센터 기본운영규정_document.jsonl' 파일로 성공적으로 저장했습니다.
2025-08-24 01:03:18,887 - INFO - [scripts.adrule.logic.scraper] - 데이터 57건을 '/Users/woong/Roeum/roeum-crawler/data/raw/adrule/1492000/고용노동부고객상담센터 기본운영규정_chunks.jsonl' 파일로 성공적으로 저장했습니다.
2025-08-24 01:03:18,944 - INFO - [__main__] - 상세 페이지 스크레이퍼 완료: 고용노동부고객상담센터 기본운영규정
2025-08-24 01:03:20,551 - INFO - [__main__] - 상세 페이지 스크레이퍼 실행: https://www.law.go.kr/admRulInfoP.do?admRulSeq=2100000210067
2025-08-24 01:03:20,936 - INFO - [scripts.adrule.logic.scraper] - 페이지로 이동 중: https://www.law.go.kr/admRulInfoP.do?admRulSeq=2100000210067
2025-08-24 01:03:21,502 - INFO - [scripts.adrule.logic.scraper] - 로딩 마스크가 나타나기를 기다리는 중...
2025-08-24 01:03:21,524 - INFO - [scripts.adrule.logic.scraper] - 로딩 마스크가 사라지기를 기다리는 중...
2025-08-24 01:03:21,705 - INFO - [scripts.adrule.logic.scraper] - 페이지 최종 렌더링을 잠시 대기합니다...
2025-08-24 01:03:22,714 - INFO - [scripts.adrule.logic.scraper] - 페이지 HTML 컨텐츠를 가져오는 중...
2025-08-24 01:03:22,729 - INFO - [scripts.adrule.logic.scraper] - 데이터 파싱 중...
2025-08-24 01:03:22,781 - INFO - [scripts.adrule.logic.scraper] - 유형 1: 정형화된 법령 구조 감지
2025-08-24 01:03:22,793 - INFO - [scripts.adrule.logic.scraper] - 데이터 1건을 '/Users/woong/Roeum/roeum-crawler/data/raw/adrule/1492000/고용노동부고객상담센터 위임전결규정_document.jsonl' 파일로 성공적으로 저장했습니다.
2025-08-24 01:03:22,794 - INFO - [scripts.adrule.logic.scraper] - 데이터 10건을 '/Users/woong/Roeum/roeum-crawler/data/raw/adrule/1492000/고용노동부고객상담센터 위임전결규정_chunks.jsonl' 파일로 성공적으로 저장했습니다.
2025-08-24 01:03:22,818 - INFO - [__main__] - 상세 페이지 스크레이퍼 완료: 고용노동부고객상담센터 위임전결규정
2025-08-24 01:03:24,288 - INFO - [__main__] - 상세 페이지 스크레이퍼 실행: https://www.law.go.kr/admRulInfoP.do?admRulSeq=2100000222744
2025-08-24 01:03:24,643 - INFO - [scripts.adrule.logic.scraper] - 페이지로 이동 중: https://www.law.go.kr/admRulInfoP.do?admRulSeq=2100000222744
2025-08-24 01:03:25,226 - INFO - [scripts.adrule.logic.scraper] - 로딩 마스크가 나타나기를 기다리는 중...
2025-08-24 01:03:25,247 - INFO - [scripts.adrule.logic.scraper] - 로딩 마스크가 사라지기를 기다리는 중...
2025-08-24 01:03:25,431 - INFO - [scripts.adrule.logic.scraper] - 페이지 최종 렌더링을 잠시 대기합니다...
2025-08-24 01:03:26,434 - INFO - [scripts.adrule.logic.scraper] - 페이지 HTML 컨텐츠를 가져오는 중...
2025-08-24 01:03:26,453 - INFO - [scripts.adrule.logic.scraper] - 데이터 파싱 중...
2025-08-24 01:03:26,509 - INFO - [scripts.adrule.logic.scraper] - 유형 1: 정형화된 법령 구조 감지
2025-08-24 01:03:26,524 - INFO - [scripts.adrule.logic.scraper] - 데이터 1건을 '/Users/woong/Roeum/roeum-crawler/data/raw/adrule/1492000/고용노동부 고객지원실 운영규정_document.jsonl' 파일로 성공적으로 저장했습니다.
2025-08-24 01:03:26,525 - INFO - [scripts.adrule.logic.scraper] - 데이터 18건을 '/Users/woong/Roeum/roeum-crawler/data/raw/adrule/1492000/고용노동부 고객지원실 운영규정_chunks.jsonl' 파일로 성공적으로 저장했습니다.
2025-08-24 01:03:26,549 - INFO - [__main__] - 상세 페이지 스크레이퍼 완료: 고용노동부 고객지원실 운영규정
2025-08-24 01:03:28,023 - INFO - [__main__] - 상세 페이지 스크레이퍼 실행: https://www.law.go.kr/admRulInfoP.do?admRulSeq=2100000211064
2025-08-24 01:03:28,391 - INFO - [scripts.adrule.logic.scraper] - 페이지로 이동 중: https://www.law.go.kr/admRulInfoP.do?admRulSeq=2100000211064
2025-08-24 01:03:28,957 - INFO - [scripts.adrule.logic.scraper] - 로딩 마스크가 나타나기를 기다리는 중...
2025-08-24 01:03:28,980 - INFO - [scripts.adrule.logic.scraper] - 로딩 마스크가 사라지기를 기다리는 중...
2025-08-24 01:03:29,059 - INFO - [scripts.adrule.logic.scraper] - 페이지 최종 렌더링을 잠시 대기합니다...
2025-08-24 01:03:30,064 - INFO - [scripts.adrule.logic.scraper] - 페이지 HTML 컨텐츠를 가져오는 중...
2025-08-24 01:03:30,079 - INFO - [scripts.adrule.logic.scraper] - 데이터 파싱 중...
2025-08-24 01:03:30,133 - INFO - [scripts.adrule.logic.scraper] - 유형 1: 정형화된 법령 구조 감지
2025-08-24 01:03:30,146 - INFO - [scripts.adrule.logic.scraper] - 데이터 1건을 '/Users/woong/Roeum/roeum-crawler/data/raw/adrule/1492000/고용노동부 고용장려금 운영에 관한 규정_document.jsonl' 파일로 성공적으로 저장했습니다.
2025-08-24 01:03:30,147 - INFO - [scripts.adrule.logic.scraper] - 데이터 16건을 '/Users/woong/Roeum/roeum-crawler/data/raw/adrule/1492000/고용노동부 고용장려금 운영에 관한 규정_chunks.jsonl' 파일로 성공적으로 저장했습니다.
2025-08-24 01:03:30,168 - INFO - [__main__] - 상세 페이지 스크레이퍼 완료: 고용노동부 고용장려금 운영에 관한 규정
2025-08-24 01:03:31,650 - INFO - [__main__] - 상세 페이지 스크레이퍼 실행: https://www.law.go.kr/admRulInfoP.do?admRulSeq=2000000017616
2025-08-24 01:03:32,007 - INFO - [scripts.adrule.logic.scraper] - 페이지로 이동 중: https://www.law.go.kr/admRulInfoP.do?admRulSeq=2000000017616
2025-08-24 01:03:32,708 - INFO - [scripts.adrule.logic.scraper] - 로딩 마스크가 나타나기를 기다리는 중...
2025-08-24 01:03:32,731 - INFO - [scripts.adrule.logic.scraper] - 로딩 마스크가 사라지기를 기다리는 중...
2025-08-24 01:03:32,815 - INFO - [scripts.adrule.logic.scraper] - 페이지 최종 렌더링을 잠시 대기합니다...
2025-08-24 01:03:33,818 - INFO - [scripts.adrule.logic.scraper] - 페이지 HTML 컨텐츠를 가져오는 중...
2025-08-24 01:03:33,834 - INFO - [scripts.adrule.logic.scraper] - 데이터 파싱 중...
2025-08-24 01:03:33,883 - INFO - [scripts.adrule.logic.scraper] - 유형 1: 정형화된 법령 구조 감지
2025-08-24 01:03:33,890 - INFO - [scripts.adrule.logic.scraper] - 데이터 1건을 '/Users/woong/Roeum/roeum-crawler/data/raw/adrule/1492000/고용노동부 공무원의 국제기구 파견에 관한 지침_document.jsonl' 파일로 성공적으로 저장했습니다.
2025-08-24 01:03:33,890 - INFO - [scripts.adrule.logic.scraper] - 데이터 5건을 '/Users/woong/Roeum/roeum-crawler/data/raw/adrule/1492000/고용노동부 공무원의 국제기구 파견에 관한 지침_chunks.jsonl' 파일로 성공적으로 저장했습니다.
2025-08-24 01:03:33,912 - INFO - [__main__] - 상세 페이지 스크레이퍼 완료: 고용노동부 공무원의 국제기구 파견에 관한 지침
2025-08-24 01:03:35,394 - INFO - [__main__] - 상세 페이지 스크레이퍼 실행: https://www.law.go.kr/admRulInfoP.do?admRulSeq=2100000259170
2025-08-24 01:03:35,752 - INFO - [scripts.adrule.logic.scraper] - 페이지로 이동 중: https://www.law.go.kr/admRulInfoP.do?admRulSeq=2100000259170
2025-08-24 01:03:36,417 - INFO - [scripts.adrule.logic.scraper] - 로딩 마스크가 나타나기를 기다리는 중...
2025-08-24 01:03:36,460 - INFO - [scripts.adrule.logic.scraper] - 로딩 마스크가 사라지기를 기다리는 중...
2025-08-24 01:03:36,646 - INFO - [scripts.adrule.logic.scraper] - 페이지 최종 렌더링을 잠시 대기합니다...
2025-08-24 01:03:37,647 - INFO - [scripts.adrule.logic.scraper] - 페이지 HTML 컨텐츠를 가져오는 중...
2025-08-24 01:03:37,656 - INFO - [scripts.adrule.logic.scraper] - 데이터 파싱 중...
2025-08-24 01:03:37,709 - INFO - [scripts.adrule.logic.scraper] - 유형 1: 정형화된 법령 구조 감지
2025-08-24 01:03:37,753 - INFO - [scripts.adrule.logic.scraper] - 데이터 1건을 '/Users/woong/Roeum/roeum-crawler/data/raw/adrule/1492000/고용노동부 공무원 정원배정표_document.jsonl' 파일로 성공적으로 저장했습니다.
2025-08-24 01:03:37,753 - INFO - [scripts.adrule.logic.scraper] - 데이터 6건을 '/Users/woong/Roeum/roeum-crawler/data/raw/adrule/1492000/고용노동부 공무원 정원배정표_chunks.jsonl' 파일로 성공적으로 저장했습니다.
2025-08-24 01:03:37,776 - INFO - [__main__] - 상세 페이지 스크레이퍼 완료: 고용노동부 공무원 정원배정표
2025-08-24 01:03:39,244 - INFO - [__main__] - 상세 페이지 스크레이퍼 실행: https://www.law.go.kr/admRulInfoP.do?admRulSeq=2100000237204
2025-08-24 01:03:39,605 - INFO - [scripts.adrule.logic.scraper] - 페이지로 이동 중: https://www.law.go.kr/admRulInfoP.do?admRulSeq=2100000237204
2025-08-24 01:03:40,173 - INFO - [scripts.adrule.logic.scraper] - 로딩 마스크가 나타나기를 기다리는 중...
2025-08-24 01:03:40,193 - INFO - [scripts.adrule.logic.scraper] - 로딩 마스크가 사라지기를 기다리는 중...
2025-08-24 01:03:40,395 - INFO - [scripts.adrule.logic.scraper] - 페이지 최종 렌더링을 잠시 대기합니다...
2025-08-24 01:03:41,398 - INFO - [scripts.adrule.logic.scraper] - 페이지 HTML 컨텐츠를 가져오는 중...
2025-08-24 01:03:41,426 - INFO - [scripts.adrule.logic.scraper] - 데이터 파싱 중...
2025-08-24 01:03:41,554 - INFO - [scripts.adrule.logic.scraper] - 유형 1: 정형화된 법령 구조 감지
2025-08-24 01:03:41,608 - INFO - [scripts.adrule.logic.scraper] - 데이터 1건을 '/Users/woong/Roeum/roeum-crawler/data/raw/adrule/1492000/고용노동부 공무원 행동강령_document.jsonl' 파일로 성공적으로 저장했습니다.
2025-08-24 01:03:41,608 - INFO - [scripts.adrule.logic.scraper] - 데이터 41건을 '/Users/woong/Roeum/roeum-crawler/data/raw/adrule/1492000/고용노동부 공무원 행동강령_chunks.jsonl' 파일로 성공적으로 저장했습니다.
2025-08-24 01:03:41,651 - INFO - [__main__] - 상세 페이지 스크레이퍼 완료: 고용노동부 공무원 행동강령
2025-08-24 01:03:43,185 - INFO - [__main__] - 상세 페이지 스크레이퍼 실행: https://www.law.go.kr/admRulInfoP.do?admRulSeq=2100000217135
2025-08-24 01:03:43,550 - INFO - [scripts.adrule.logic.scraper] - 페이지로 이동 중: https://www.law.go.kr/admRulInfoP.do?admRulSeq=2100000217135
2025-08-24 01:03:44,128 - INFO - [scripts.adrule.logic.scraper] - 로딩 마스크가 나타나기를 기다리는 중...
2025-08-24 01:03:44,149 - INFO - [scripts.adrule.logic.scraper] - 로딩 마스크가 사라지기를 기다리는 중...
2025-08-24 01:03:44,534 - INFO - [scripts.adrule.logic.scraper] - 페이지 최종 렌더링을 잠시 대기합니다...
2025-08-24 01:03:45,540 - INFO - [scripts.adrule.logic.scraper] - 페이지 HTML 컨텐츠를 가져오는 중...
2025-08-24 01:03:45,581 - INFO - [scripts.adrule.logic.scraper] - 데이터 파싱 중...
2025-08-24 01:03:45,696 - INFO - [scripts.adrule.logic.scraper] - 유형 1: 정형화된 법령 구조 감지
2025-08-24 01:03:45,752 - INFO - [scripts.adrule.logic.scraper] - 데이터 1건을 '/Users/woong/Roeum/roeum-crawler/data/raw/adrule/1492000/고용노동부 공무직근로자 운영규정_document.jsonl' 파일로 성공적으로 저장했습니다.
2025-08-24 01:03:45,753 - INFO - [scripts.adrule.logic.scraper] - 데이터 92건을 '/Users/woong/Roeum/roeum-crawler/data/raw/adrule/1492000/고용노동부 공무직근로자 운영규정_chunks.jsonl' 파일로 성공적으로 저장했습니다.
2025-08-24 01:03:45,777 - INFO - [__main__] - 상세 페이지 스크레이퍼 완료: 고용노동부 공무직근로자 운영규정
2025-08-24 01:03:47,249 - INFO - [__main__] - 상세 페이지 스크레이퍼 실행: https://www.law.go.kr/admRulInfoP.do?admRulSeq=2100000234738
2025-08-24 01:03:47,620 - INFO - [scripts.adrule.logic.scraper] - 페이지로 이동 중: https://www.law.go.kr/admRulInfoP.do?admRulSeq=2100000234738
2025-08-24 01:03:48,158 - INFO - [scripts.adrule.logic.scraper] - 로딩 마스크가 나타나기를 기다리는 중...
2025-08-24 01:03:48,178 - INFO - [scripts.adrule.logic.scraper] - 로딩 마스크가 사라지기를 기다리는 중...
2025-08-24 01:03:48,359 - INFO - [scripts.adrule.logic.scraper] - 페이지 최종 렌더링을 잠시 대기합니다...
2025-08-24 01:03:49,363 - INFO - [scripts.adrule.logic.scraper] - 페이지 HTML 컨텐츠를 가져오는 중...
2025-08-24 01:03:49,384 - INFO - [scripts.adrule.logic.scraper] - 데이터 파싱 중...
2025-08-24 01:03:49,544 - INFO - [scripts.adrule.logic.scraper] - 유형 1: 정형화된 법령 구조 감지
2025-08-24 01:03:49,631 - INFO - [scripts.adrule.logic.scraper] - 데이터 1건을 '/Users/woong/Roeum/roeum-crawler/data/raw/adrule/1492000/고용노동부 공사감독 업무규정_document.jsonl' 파일로 성공적으로 저장했습니다.
2025-08-24 01:03:49,632 - INFO - [scripts.adrule.logic.scraper] - 데이터 19건을 '/Users/woong/Roeum/roeum-crawler/data/raw/adrule/1492000/고용노동부 공사감독 업무규정_chunks.jsonl' 파일로 성공적으로 저장했습니다.
2025-08-24 01:03:49,702 - INFO - [__main__] - 상세 페이지 스크레이퍼 완료: 고용노동부 공사감독 업무규정
2025-08-24 01:03:51,318 - INFO - [__main__] - 상세 페이지 스크레이퍼 실행: https://www.law.go.kr/admRulInfoP.do?admRulSeq=2100000211590
2025-08-24 01:03:51,710 - INFO - [scripts.adrule.logic.scraper] - 페이지로 이동 중: https://www.law.go.kr/admRulInfoP.do?admRulSeq=2100000211590
2025-08-24 01:03:52,291 - INFO - [scripts.adrule.logic.scraper] - 로딩 마스크가 나타나기를 기다리는 중...
2025-08-24 01:03:52,313 - INFO - [scripts.adrule.logic.scraper] - 로딩 마스크가 사라지기를 기다리는 중...
2025-08-24 01:03:52,646 - INFO - [scripts.adrule.logic.scraper] - 페이지 최종 렌더링을 잠시 대기합니다...
2025-08-24 01:03:53,649 - INFO - [scripts.adrule.logic.scraper] - 페이지 HTML 컨텐츠를 가져오는 중...
2025-08-24 01:03:53,664 - INFO - [scripts.adrule.logic.scraper] - 데이터 파싱 중...
2025-08-24 01:03:53,716 - INFO - [scripts.adrule.logic.scraper] - 유형 1: 정형화된 법령 구조 감지
2025-08-24 01:03:53,738 - INFO - [scripts.adrule.logic.scraper] - 데이터 1건을 '/Users/woong/Roeum/roeum-crawler/data/raw/adrule/1492000/고용노동부 공직자의 이해충돌 방지제도 운영지침_document.jsonl' 파일로 성공적으로 저장했습니다.
2025-08-24 01:03:53,739 - INFO - [scripts.adrule.logic.scraper] - 데이터 19건을 '/Users/woong/Roeum/roeum-crawler/data/raw/adrule/1492000/고용노동부 공직자의 이해충돌 방지제도 운영지침_chunks.jsonl' 파일로 성공적으로 저장했습니다.
2025-08-24 01:03:53,761 - INFO - [__main__] - 상세 페이지 스크레이퍼 완료: 고용노동부 공직자의 이해충돌 방지제도 운영지침
2025-08-24 01:03:55,241 - INFO - [__main__] - 상세 페이지 스크레이퍼 실행: https://www.law.go.kr/admRulInfoP.do?admRulSeq=2100000234750
2025-08-24 01:03:55,608 - INFO - [scripts.adrule.logic.scraper] - 페이지로 이동 중: https://www.law.go.kr/admRulInfoP.do?admRulSeq=2100000234750
2025-08-24 01:03:56,157 - INFO - [scripts.adrule.logic.scraper] - 로딩 마스크가 나타나기를 기다리는 중...
2025-08-24 01:03:56,179 - INFO - [scripts.adrule.logic.scraper] - 로딩 마스크가 사라지기를 기다리는 중...
2025-08-24 01:03:56,281 - INFO - [scripts.adrule.logic.scraper] - 페이지 최종 렌더링을 잠시 대기합니다...
2025-08-24 01:03:57,283 - INFO - [scripts.adrule.logic.scraper] - 페이지 HTML 컨텐츠를 가져오는 중...
2025-08-24 01:03:57,296 - INFO - [scripts.adrule.logic.scraper] - 데이터 파싱 중...
2025-08-24 01:03:57,343 - INFO - [scripts.adrule.logic.scraper] - 유형 1: 정형화된 법령 구조 감지
2025-08-24 01:03:57,361 - INFO - [scripts.adrule.logic.scraper] - 데이터 1건을 '/Users/woong/Roeum/roeum-crawler/data/raw/adrule/1492000/고용노동부 관사의 운영 및 관리규정_document.jsonl' 파일로 성공적으로 저장했습니다.
2025-08-24 01:03:57,361 - INFO - [scripts.adrule.logic.scraper] - 데이터 20건을 '/Users/woong/Roeum/roeum-crawler/data/raw/adrule/1492000/고용노동부 관사의 운영 및 관리규정_chunks.jsonl' 파일로 성공적으로 저장했습니다.
2025-08-24 01:03:57,386 - INFO - [__main__] - 상세 페이지 스크레이퍼 완료: 고용노동부 관사의 운영 및 관리규정
2025-08-24 01:03:58,885 - INFO - [__main__] - 상세 페이지 스크레이퍼 실행: https://www.law.go.kr/admRulInfoP.do?admRulSeq=2100000217173
2025-08-24 01:03:59,298 - INFO - [scripts.adrule.logic.scraper] - 페이지로 이동 중: https://www.law.go.kr/admRulInfoP.do?admRulSeq=2100000217173
2025-08-24 01:03:59,890 - INFO - [scripts.adrule.logic.scraper] - 로딩 마스크가 나타나기를 기다리는 중...
2025-08-24 01:03:59,913 - INFO - [scripts.adrule.logic.scraper] - 로딩 마스크가 사라지기를 기다리는 중...
2025-08-24 01:04:00,095 - INFO - [scripts.adrule.logic.scraper] - 페이지 최종 렌더링을 잠시 대기합니다...
2025-08-24 01:04:01,099 - INFO - [scripts.adrule.logic.scraper] - 페이지 HTML 컨텐츠를 가져오는 중...
2025-08-24 01:04:01,119 - INFO - [scripts.adrule.logic.scraper] - 데이터 파싱 중...
2025-08-24 01:04:01,178 - INFO - [scripts.adrule.logic.scraper] - 유형 1: 정형화된 법령 구조 감지
2025-08-24 01:04:01,194 - INFO - [scripts.adrule.logic.scraper] - 데이터 1건을 '/Users/woong/Roeum/roeum-crawler/data/raw/adrule/1492000/고용노동부 국가정보자료관리세부시행규칙_document.jsonl' 파일로 성공적으로 저장했습니다.
2025-08-24 01:04:01,194 - INFO - [scripts.adrule.logic.scraper] - 데이터 16건을 '/Users/woong/Roeum/roeum-crawler/data/raw/adrule/1492000/고용노동부 국가정보자료관리세부시행규칙_chunks.jsonl' 파일로 성공적으로 저장했습니다.
2025-08-24 01:04:01,215 - INFO - [__main__] - 상세 페이지 스크레이퍼 완료: 고용노동부 국가정보자료관리세부시행규칙
2025-08-24 01:04:02,686 - INFO - [__main__] - 상세 페이지 스크레이퍼 실행: https://www.law.go.kr/admRulInfoP.do?admRulSeq=2100000227252
2025-08-24 01:04:03,053 - INFO - [scripts.adrule.logic.scraper] - 페이지로 이동 중: https://www.law.go.kr/admRulInfoP.do?admRulSeq=2100000227252
2025-08-24 01:04:03,586 - INFO - [scripts.adrule.logic.scraper] - 로딩 마스크가 나타나기를 기다리는 중...
2025-08-24 01:04:03,606 - INFO - [scripts.adrule.logic.scraper] - 로딩 마스크가 사라지기를 기다리는 중...
2025-08-24 01:04:03,687 - INFO - [scripts.adrule.logic.scraper] - 페이지 최종 렌더링을 잠시 대기합니다...
2025-08-24 01:04:04,690 - INFO - [scripts.adrule.logic.scraper] - 페이지 HTML 컨텐츠를 가져오는 중...
2025-08-24 01:04:04,707 - INFO - [scripts.adrule.logic.scraper] - 데이터 파싱 중...
2025-08-24 01:04:04,757 - INFO - [scripts.adrule.logic.scraper] - 유형 1: 정형화된 법령 구조 감지
2025-08-24 01:04:04,769 - INFO - [scripts.adrule.logic.scraper] - 데이터 1건을 '/Users/woong/Roeum/roeum-crawler/data/raw/adrule/1492000/고용노동부 국제고용노동정책에 관한 규정_document.jsonl' 파일로 성공적으로 저장했습니다.
2025-08-24 01:04:04,769 - INFO - [scripts.adrule.logic.scraper] - 데이터 8건을 '/Users/woong/Roeum/roeum-crawler/data/raw/adrule/1492000/고용노동부 국제고용노동정책에 관한 규정_chunks.jsonl' 파일로 성공적으로 저장했습니다.
2025-08-24 01:04:04,790 - INFO - [__main__] - 상세 페이지 스크레이퍼 완료: 고용노동부 국제고용노동정책에 관한 규정
2025-08-24 01:04:06,280 - INFO - [__main__] - 상세 페이지 스크레이퍼 실행: https://www.law.go.kr/admRulInfoP.do?admRulSeq=2100000241896
2025-08-24 01:04:06,640 - INFO - [scripts.adrule.logic.scraper] - 페이지로 이동 중: https://www.law.go.kr/admRulInfoP.do?admRulSeq=2100000241896
2025-08-24 01:04:07,270 - INFO - [scripts.adrule.logic.scraper] - 로딩 마스크가 나타나기를 기다리는 중...
2025-08-24 01:04:07,314 - INFO - [scripts.adrule.logic.scraper] - 로딩 마스크가 사라지기를 기다리는 중...
2025-08-24 01:04:07,400 - INFO - [scripts.adrule.logic.scraper] - 페이지 최종 렌더링을 잠시 대기합니다...
2025-08-24 01:04:08,405 - INFO - [scripts.adrule.logic.scraper] - 페이지 HTML 컨텐츠를 가져오는 중...
2025-08-24 01:04:08,413 - INFO - [scripts.adrule.logic.scraper] - 데이터 파싱 중...
2025-08-24 01:04:08,447 - INFO - [scripts.adrule.logic.scraper] - 유형 1: 정형화된 법령 구조 감지
2025-08-24 01:04:08,459 - INFO - [scripts.adrule.logic.scraper] - 데이터 1건을 '/Users/woong/Roeum/roeum-crawler/data/raw/adrule/1492000/고용노동부 규제심사위원회 운영규정_document.jsonl' 파일로 성공적으로 저장했습니다.
2025-08-24 01:04:08,460 - INFO - [scripts.adrule.logic.scraper] - 데이터 9건을 '/Users/woong/Roeum/roeum-crawler/data/raw/adrule/1492000/고용노동부 규제심사위원회 운영규정_chunks.jsonl' 파일로 성공적으로 저장했습니다.
2025-08-24 01:04:08,507 - INFO - [__main__] - 상세 페이지 스크레이퍼 완료: 고용노동부 규제심사위원회 운영규정
2025-08-24 01:04:10,029 - INFO - [__main__] - 상세 페이지 스크레이퍼 실행: https://www.law.go.kr/admRulInfoP.do?admRulSeq=2100000196292
2025-08-24 01:04:10,409 - INFO - [scripts.adrule.logic.scraper] - 페이지로 이동 중: https://www.law.go.kr/admRulInfoP.do?admRulSeq=2100000196292
2025-08-24 01:04:10,978 - INFO - [scripts.adrule.logic.scraper] - 로딩 마스크가 나타나기를 기다리는 중...
2025-08-24 01:04:11,001 - INFO - [scripts.adrule.logic.scraper] - 로딩 마스크가 사라지기를 기다리는 중...
2025-08-24 01:04:11,184 - INFO - [scripts.adrule.logic.scraper] - 페이지 최종 렌더링을 잠시 대기합니다...
2025-08-24 01:04:12,188 - INFO - [scripts.adrule.logic.scraper] - 페이지 HTML 컨텐츠를 가져오는 중...
2025-08-24 01:04:12,213 - INFO - [scripts.adrule.logic.scraper] - 데이터 파싱 중...
2025-08-24 01:04:12,281 - INFO - [scripts.adrule.logic.scraper] - 유형 1: 정형화된 법령 구조 감지
2025-08-24 01:04:12,330 - INFO - [scripts.adrule.logic.scraper] - 데이터 1건을 '/Users/woong/Roeum/roeum-crawler/data/raw/adrule/1492000/고용노동부 기간제근로자 운영규정_document.jsonl' 파일로 성공적으로 저장했습니다.
2025-08-24 01:04:12,331 - INFO - [scripts.adrule.logic.scraper] - 데이터 38건을 '/Users/woong/Roeum/roeum-crawler/data/raw/adrule/1492000/고용노동부 기간제근로자 운영규정_chunks.jsonl' 파일로 성공적으로 저장했습니다.
2025-08-24 01:04:12,352 - INFO - [__main__] - 상세 페이지 스크레이퍼 완료: 고용노동부 기간제근로자 운영규정
